[2.620s] Invoking command in '/home/vboxuser/hw3_ws/build/q2': PYTHONPATH=/home/vboxuser/hw3_ws/build/q2/prefix_override:/home/vboxuser/hw3_ws/install/q2/lib/python3.10/site-packages:${PYTHONPATH} /usr/bin/python3 setup.py develop --uninstall --editable --build-directory /home/vboxuser/hw3_ws/build/q2/build
[3.045s] running develop
[3.299s] Removing /home/vboxuser/hw3_ws/install/q2/lib/python3.10/site-packages/q2.egg-link (link to .)
[3.374s] Invoked command in '/home/vboxuser/hw3_ws/build/q2' returned '0': PYTHONPATH=/home/vboxuser/hw3_ws/build/q2/prefix_override:/home/vboxuser/hw3_ws/install/q2/lib/python3.10/site-packages:${PYTHONPATH} /usr/bin/python3 setup.py develop --uninstall --editable --build-directory /home/vboxuser/hw3_ws/build/q2/build
[3.376s] Invoking command in '/home/vboxuser/hw3_ws/src/q2': PYTHONPATH=/home/vboxuser/hw3_ws/build/q2/prefix_override:/home/vboxuser/hw3_ws/install/q2/lib/python3.10/site-packages:${PYTHONPATH} /usr/bin/python3 setup.py egg_info --egg-base ../../build/q2 build --build-base /home/vboxuser/hw3_ws/build/q2/build install --record /home/vboxuser/hw3_ws/build/q2/install.log --single-version-externally-managed
[3.769s] running egg_info
[3.769s] writing ../../build/q2/q2.egg-info/PKG-INFO
[3.769s] writing dependency_links to ../../build/q2/q2.egg-info/dependency_links.txt
[3.769s] writing entry points to ../../build/q2/q2.egg-info/entry_points.txt
[3.769s] writing requirements to ../../build/q2/q2.egg-info/requires.txt
[3.769s] writing top-level names to ../../build/q2/q2.egg-info/top_level.txt
[3.769s] reading manifest file '../../build/q2/q2.egg-info/SOURCES.txt'
[3.769s] adding license file 'LICENSE'
[3.769s] writing manifest file '../../build/q2/q2.egg-info/SOURCES.txt'
[3.770s] running build
[3.770s] running build_py
[3.770s] running install
[3.770s] running install_lib
[3.770s] creating /home/vboxuser/hw3_ws/install/q2/lib/python3.10/site-packages/q2
[3.770s] copying /home/vboxuser/hw3_ws/build/q2/build/lib/q2/node_link2.py -> /home/vboxuser/hw3_ws/install/q2/lib/python3.10/site-packages/q2
[3.770s] copying /home/vboxuser/hw3_ws/build/q2/build/lib/q2/__init__.py -> /home/vboxuser/hw3_ws/install/q2/lib/python3.10/site-packages/q2
[3.770s] copying /home/vboxuser/hw3_ws/build/q2/build/lib/q2/node_link.py -> /home/vboxuser/hw3_ws/install/q2/lib/python3.10/site-packages/q2
[3.770s] byte-compiling /home/vboxuser/hw3_ws/install/q2/lib/python3.10/site-packages/q2/node_link2.py to node_link2.cpython-310.pyc
[3.771s] byte-compiling /home/vboxuser/hw3_ws/install/q2/lib/python3.10/site-packages/q2/__init__.py to __init__.cpython-310.pyc
[3.771s] byte-compiling /home/vboxuser/hw3_ws/install/q2/lib/python3.10/site-packages/q2/node_link.py to node_link.cpython-310.pyc
[3.771s] running install_data
[3.771s] running install_egg_info
[3.773s] Copying ../../build/q2/q2.egg-info to /home/vboxuser/hw3_ws/install/q2/lib/python3.10/site-packages/q2-0.0.0-py3.10.egg-info
[3.773s] running install_scripts
[3.803s] Installing node_link script to /home/vboxuser/hw3_ws/install/q2/lib/q2
[3.804s] Installing node_link2 script to /home/vboxuser/hw3_ws/install/q2/lib/q2
[3.804s] writing list of installed files to '/home/vboxuser/hw3_ws/build/q2/install.log'
[3.887s] Invoked command in '/home/vboxuser/hw3_ws/src/q2' returned '0': PYTHONPATH=/home/vboxuser/hw3_ws/build/q2/prefix_override:/home/vboxuser/hw3_ws/install/q2/lib/python3.10/site-packages:${PYTHONPATH} /usr/bin/python3 setup.py egg_info --egg-base ../../build/q2 build --build-base /home/vboxuser/hw3_ws/build/q2/build install --record /home/vboxuser/hw3_ws/build/q2/install.log --single-version-externally-managed
