[1.695s] Invoking command in '/home/vboxuser/HW3_ws/build/py_pubsub': PYTHONPATH=/home/vboxuser/HW3_ws/build/py_pubsub/prefix_override:/home/vboxuser/HW3_ws/install/py_pubsub/lib/python3.10/site-packages:${PYTHONPATH} /usr/bin/python3 setup.py develop --uninstall --editable --build-directory /home/vboxuser/HW3_ws/build/py_pubsub/build
[2.091s] running develop
[2.375s] Removing /home/vboxuser/HW3_ws/install/py_pubsub/lib/python3.10/site-packages/py-pubsub.egg-link (link to .)
[2.412s] Invoked command in '/home/vboxuser/HW3_ws/build/py_pubsub' returned '0': PYTHONPATH=/home/vboxuser/HW3_ws/build/py_pubsub/prefix_override:/home/vboxuser/HW3_ws/install/py_pubsub/lib/python3.10/site-packages:${PYTHONPATH} /usr/bin/python3 setup.py develop --uninstall --editable --build-directory /home/vboxuser/HW3_ws/build/py_pubsub/build
[2.414s] Invoking command in '/home/vboxuser/HW3_ws/src/py_pubsub': PYTHONPATH=/home/vboxuser/HW3_ws/build/py_pubsub/prefix_override:/home/vboxuser/HW3_ws/install/py_pubsub/lib/python3.10/site-packages:${PYTHONPATH} /usr/bin/python3 setup.py egg_info --egg-base ../../build/py_pubsub build --build-base /home/vboxuser/HW3_ws/build/py_pubsub/build install --record /home/vboxuser/HW3_ws/build/py_pubsub/install.log --single-version-externally-managed
[2.786s] running egg_info
[2.786s] writing ../../build/py_pubsub/py_pubsub.egg-info/PKG-INFO
[2.787s] writing dependency_links to ../../build/py_pubsub/py_pubsub.egg-info/dependency_links.txt
[2.787s] writing entry points to ../../build/py_pubsub/py_pubsub.egg-info/entry_points.txt
[2.787s] writing requirements to ../../build/py_pubsub/py_pubsub.egg-info/requires.txt
[2.787s] writing top-level names to ../../build/py_pubsub/py_pubsub.egg-info/top_level.txt
[2.790s] reading manifest file '../../build/py_pubsub/py_pubsub.egg-info/SOURCES.txt'
[2.790s] adding license file 'LICENSE'
[2.791s] writing manifest file '../../build/py_pubsub/py_pubsub.egg-info/SOURCES.txt'
[2.791s] running build
[2.791s] running build_py
[2.792s] creating /home/vboxuser/HW3_ws/build/py_pubsub/build
[2.792s] creating /home/vboxuser/HW3_ws/build/py_pubsub/build/lib
[2.792s] creating /home/vboxuser/HW3_ws/build/py_pubsub/build/lib/py_pubsub
[2.792s] copying py_pubsub/subscriber_member_function.py -> /home/vboxuser/HW3_ws/build/py_pubsub/build/lib/py_pubsub
[2.792s] copying py_pubsub/__init__.py -> /home/vboxuser/HW3_ws/build/py_pubsub/build/lib/py_pubsub
[2.792s] copying py_pubsub/publisher_member_function.py -> /home/vboxuser/HW3_ws/build/py_pubsub/build/lib/py_pubsub
[2.792s] running install
[2.793s] running install_lib
[2.793s] creating /home/vboxuser/HW3_ws/install/py_pubsub/lib/python3.10/site-packages/py_pubsub
[2.794s] copying /home/vboxuser/HW3_ws/build/py_pubsub/build/lib/py_pubsub/subscriber_member_function.py -> /home/vboxuser/HW3_ws/install/py_pubsub/lib/python3.10/site-packages/py_pubsub
[2.794s] copying /home/vboxuser/HW3_ws/build/py_pubsub/build/lib/py_pubsub/__init__.py -> /home/vboxuser/HW3_ws/install/py_pubsub/lib/python3.10/site-packages/py_pubsub
[2.794s] copying /home/vboxuser/HW3_ws/build/py_pubsub/build/lib/py_pubsub/publisher_member_function.py -> /home/vboxuser/HW3_ws/install/py_pubsub/lib/python3.10/site-packages/py_pubsub
[2.796s] byte-compiling /home/vboxuser/HW3_ws/install/py_pubsub/lib/python3.10/site-packages/py_pubsub/subscriber_member_function.py to subscriber_member_function.cpython-310.pyc
[2.796s] byte-compiling /home/vboxuser/HW3_ws/install/py_pubsub/lib/python3.10/site-packages/py_pubsub/__init__.py to __init__.cpython-310.pyc
[2.796s] byte-compiling /home/vboxuser/HW3_ws/install/py_pubsub/lib/python3.10/site-packages/py_pubsub/publisher_member_function.py to publisher_member_function.cpython-310.pyc
[2.797s] running install_data
[2.797s] running install_egg_info
[2.799s] Copying ../../build/py_pubsub/py_pubsub.egg-info to /home/vboxuser/HW3_ws/install/py_pubsub/lib/python3.10/site-packages/py_pubsub-0.0.0-py3.10.egg-info
[2.800s] running install_scripts
[2.827s] Installing listener script to /home/vboxuser/HW3_ws/install/py_pubsub/lib/py_pubsub
[2.828s] Installing talker script to /home/vboxuser/HW3_ws/install/py_pubsub/lib/py_pubsub
[2.828s] writing list of installed files to '/home/vboxuser/HW3_ws/build/py_pubsub/install.log'
[2.862s] Invoked command in '/home/vboxuser/HW3_ws/src/py_pubsub' returned '0': PYTHONPATH=/home/vboxuser/HW3_ws/build/py_pubsub/prefix_override:/home/vboxuser/HW3_ws/install/py_pubsub/lib/python3.10/site-packages:${PYTHONPATH} /usr/bin/python3 setup.py egg_info --egg-base ../../build/py_pubsub build --build-base /home/vboxuser/HW3_ws/build/py_pubsub/build install --record /home/vboxuser/HW3_ws/build/py_pubsub/install.log --single-version-externally-managed
