[1.279s] Invoking command in '/home/vboxuser/hw4_ws/src/py_srvcli': PYTHONPATH=/home/vboxuser/hw4_ws/build/py_srvcli/prefix_override:/home/vboxuser/hw4_ws/install/py_srvcli/lib/python3.10/site-packages:${PYTHONPATH} /usr/bin/python3 setup.py egg_info --egg-base ../../build/py_srvcli build --build-base /home/vboxuser/hw4_ws/build/py_srvcli/build install --record /home/vboxuser/hw4_ws/build/py_srvcli/install.log --single-version-externally-managed
[1.688s] running egg_info
[1.689s] creating ../../build/py_srvcli/py_srvcli.egg-info
[1.689s] writing ../../build/py_srvcli/py_srvcli.egg-info/PKG-INFO
[1.689s] writing dependency_links to ../../build/py_srvcli/py_srvcli.egg-info/dependency_links.txt
[1.689s] writing entry points to ../../build/py_srvcli/py_srvcli.egg-info/entry_points.txt
[1.690s] writing requirements to ../../build/py_srvcli/py_srvcli.egg-info/requires.txt
[1.690s] writing top-level names to ../../build/py_srvcli/py_srvcli.egg-info/top_level.txt
[1.690s] writing manifest file '../../build/py_srvcli/py_srvcli.egg-info/SOURCES.txt'
[1.692s] reading manifest file '../../build/py_srvcli/py_srvcli.egg-info/SOURCES.txt'
[1.692s] adding license file 'LICENSE'
[1.693s] writing manifest file '../../build/py_srvcli/py_srvcli.egg-info/SOURCES.txt'
[1.693s] running build
[1.693s] running build_py
[1.693s] creating /home/vboxuser/hw4_ws/build/py_srvcli/build
[1.693s] creating /home/vboxuser/hw4_ws/build/py_srvcli/build/lib
[1.693s] creating /home/vboxuser/hw4_ws/build/py_srvcli/build/lib/py_srvcli
[1.694s] copying py_srvcli/service_member_function.py -> /home/vboxuser/hw4_ws/build/py_srvcli/build/lib/py_srvcli
[1.694s] copying py_srvcli/__init__.py -> /home/vboxuser/hw4_ws/build/py_srvcli/build/lib/py_srvcli
[1.694s] copying py_srvcli/client_member_function.py -> /home/vboxuser/hw4_ws/build/py_srvcli/build/lib/py_srvcli
[1.694s] running install
[1.694s] running install_lib
[1.695s] creating /home/vboxuser/hw4_ws/install/py_srvcli/lib/python3.10/site-packages/py_srvcli
[1.695s] copying /home/vboxuser/hw4_ws/build/py_srvcli/build/lib/py_srvcli/service_member_function.py -> /home/vboxuser/hw4_ws/install/py_srvcli/lib/python3.10/site-packages/py_srvcli
[1.695s] copying /home/vboxuser/hw4_ws/build/py_srvcli/build/lib/py_srvcli/__init__.py -> /home/vboxuser/hw4_ws/install/py_srvcli/lib/python3.10/site-packages/py_srvcli
[1.695s] copying /home/vboxuser/hw4_ws/build/py_srvcli/build/lib/py_srvcli/client_member_function.py -> /home/vboxuser/hw4_ws/install/py_srvcli/lib/python3.10/site-packages/py_srvcli
[1.696s] byte-compiling /home/vboxuser/hw4_ws/install/py_srvcli/lib/python3.10/site-packages/py_srvcli/service_member_function.py to service_member_function.cpython-310.pyc
[1.696s] byte-compiling /home/vboxuser/hw4_ws/install/py_srvcli/lib/python3.10/site-packages/py_srvcli/__init__.py to __init__.cpython-310.pyc
[1.696s] byte-compiling /home/vboxuser/hw4_ws/install/py_srvcli/lib/python3.10/site-packages/py_srvcli/client_member_function.py to client_member_function.cpython-310.pyc
[1.697s] running install_data
[1.697s] creating /home/vboxuser/hw4_ws/install/py_srvcli/share/ament_index
[1.698s] creating /home/vboxuser/hw4_ws/install/py_srvcli/share/ament_index/resource_index
[1.698s] creating /home/vboxuser/hw4_ws/install/py_srvcli/share/ament_index/resource_index/packages
[1.698s] copying resource/py_srvcli -> /home/vboxuser/hw4_ws/install/py_srvcli/share/ament_index/resource_index/packages
[1.698s] copying package.xml -> /home/vboxuser/hw4_ws/install/py_srvcli/share/py_srvcli
[1.698s] running install_egg_info
[1.700s] Copying ../../build/py_srvcli/py_srvcli.egg-info to /home/vboxuser/hw4_ws/install/py_srvcli/lib/python3.10/site-packages/py_srvcli-0.0.0-py3.10.egg-info
[1.701s] running install_scripts
[1.729s] Installing client script to /home/vboxuser/hw4_ws/install/py_srvcli/lib/py_srvcli
[1.729s] Installing service script to /home/vboxuser/hw4_ws/install/py_srvcli/lib/py_srvcli
[1.729s] writing list of installed files to '/home/vboxuser/hw4_ws/build/py_srvcli/install.log'
[1.756s] Invoked command in '/home/vboxuser/hw4_ws/src/py_srvcli' returned '0': PYTHONPATH=/home/vboxuser/hw4_ws/build/py_srvcli/prefix_override:/home/vboxuser/hw4_ws/install/py_srvcli/lib/python3.10/site-packages:${PYTHONPATH} /usr/bin/python3 setup.py egg_info --egg-base ../../build/py_srvcli build --build-base /home/vboxuser/hw4_ws/build/py_srvcli/build install --record /home/vboxuser/hw4_ws/build/py_srvcli/install.log --single-version-externally-managed
