[1.955s] Invoking command in '/home/vboxuser/ros2_ws/build/examples_rclpy_pointcloud_publisher': PYTHONPATH=/home/vboxuser/ros2_ws/build/examples_rclpy_pointcloud_publisher/prefix_override:/home/vboxuser/ros2_ws/install/examples_rclpy_pointcloud_publisher/lib/python3.10/site-packages:${PYTHONPATH} /usr/bin/python3 setup.py develop --editable --build-directory /home/vboxuser/ros2_ws/build/examples_rclpy_pointcloud_publisher/build --no-deps install_data
[2.372s] running develop
[2.373s] /usr/lib/python3/dist-packages/setuptools/command/easy_install.py:158: EasyInstallDeprecationWarning: easy_install command is deprecated. Use build and pip and other standards-based tools.
[2.373s]   warnings.warn(
[2.375s] /usr/lib/python3/dist-packages/setuptools/command/install.py:34: SetuptoolsDeprecationWarning: setup.py install is deprecated. Use build and pip and other standards-based tools.
[2.375s]   warnings.warn(
[2.646s] running egg_info
[2.647s] creating examples_rclpy_pointcloud_publisher.egg-info
[2.647s] writing examples_rclpy_pointcloud_publisher.egg-info/PKG-INFO
[2.647s] writing dependency_links to examples_rclpy_pointcloud_publisher.egg-info/dependency_links.txt
[2.647s] writing entry points to examples_rclpy_pointcloud_publisher.egg-info/entry_points.txt
[2.648s] writing requirements to examples_rclpy_pointcloud_publisher.egg-info/requires.txt
[2.648s] writing top-level names to examples_rclpy_pointcloud_publisher.egg-info/top_level.txt
[2.649s] writing manifest file 'examples_rclpy_pointcloud_publisher.egg-info/SOURCES.txt'
[2.664s] reading manifest file 'examples_rclpy_pointcloud_publisher.egg-info/SOURCES.txt'
[2.664s] writing manifest file 'examples_rclpy_pointcloud_publisher.egg-info/SOURCES.txt'
[2.664s] running build_ext
[2.664s] Creating /home/vboxuser/ros2_ws/install/examples_rclpy_pointcloud_publisher/lib/python3.10/site-packages/examples-rclpy-pointcloud-publisher.egg-link (link to .)
[2.665s] Installing pointcloud_publisher script to /home/vboxuser/ros2_ws/install/examples_rclpy_pointcloud_publisher/lib/examples_rclpy_pointcloud_publisher
[2.665s] 
[2.665s] Installed /home/vboxuser/ros2_ws/build/examples_rclpy_pointcloud_publisher
[2.665s] running install_data
[2.665s] creating /home/vboxuser/ros2_ws/install/examples_rclpy_pointcloud_publisher/share/ament_index
[2.665s] creating /home/vboxuser/ros2_ws/install/examples_rclpy_pointcloud_publisher/share/ament_index/resource_index
[2.665s] creating /home/vboxuser/ros2_ws/install/examples_rclpy_pointcloud_publisher/share/ament_index/resource_index/packages
[2.665s] copying resource/examples_rclpy_pointcloud_publisher -> /home/vboxuser/ros2_ws/install/examples_rclpy_pointcloud_publisher/share/ament_index/resource_index/packages
[2.665s] copying package.xml -> /home/vboxuser/ros2_ws/install/examples_rclpy_pointcloud_publisher/share/examples_rclpy_pointcloud_publisher
[2.818s] Invoked command in '/home/vboxuser/ros2_ws/build/examples_rclpy_pointcloud_publisher' returned '0': PYTHONPATH=/home/vboxuser/ros2_ws/build/examples_rclpy_pointcloud_publisher/prefix_override:/home/vboxuser/ros2_ws/install/examples_rclpy_pointcloud_publisher/lib/python3.10/site-packages:${PYTHONPATH} /usr/bin/python3 setup.py develop --editable --build-directory /home/vboxuser/ros2_ws/build/examples_rclpy_pointcloud_publisher/build --no-deps install_data
