[1.551s] DEBUG:colcon:Command line arguments: ['/usr/bin/colcon', 'build']
[1.552s] DEBUG:colcon:Parsed command line arguments: Namespace(log_base=None, log_level=None, verb_name='build', build_base='build', install_base='install', merge_install=False, symlink_install=False, test_result_base=None, continue_on_error=False, executor='parallel', parallel_workers=6, event_handlers=None, ignore_user_meta=False, metas=['./colcon.meta'], base_paths=['.'], packages_ignore=None, packages_ignore_regex=None, paths=None, packages_up_to=None, packages_up_to_regex=None, packages_above=None, packages_above_and_dependencies=None, packages_above_depth=None, packages_select_by_dep=None, packages_skip_by_dep=None, packages_skip_up_to=None, packages_select_build_failed=False, packages_skip_build_finished=False, packages_select_test_failures=False, packages_skip_test_passed=False, packages_select=None, packages_skip=None, packages_select_regex=None, packages_skip_regex=None, packages_start=None, packages_end=None, allow_overriding=[], cmake_args=None, cmake_target=None, cmake_target_skip_unavailable=False, cmake_clean_cache=False, cmake_clean_first=False, cmake_force_configure=False, ament_cmake_args=None, catkin_cmake_args=None, catkin_skip_building_tests=False, verb_parser=<colcon_defaults.argument_parser.defaults.DefaultArgumentsDecorator object at 0x7f647fe2f0a0>, verb_extension=<colcon_core.verb.build.BuildVerb object at 0x7f647fe2d990>, main=<bound method BuildVerb.main of <colcon_core.verb.build.BuildVerb object at 0x7f647fe2d990>>)
[1.615s] Level 1:colcon.colcon_core.package_discovery:discover_packages(colcon_meta) check parameters
[1.615s] Level 1:colcon.colcon_core.package_discovery:discover_packages(recursive) check parameters
[1.615s] Level 1:colcon.colcon_core.package_discovery:discover_packages(ignore) check parameters
[1.615s] Level 1:colcon.colcon_core.package_discovery:discover_packages(path) check parameters
[1.615s] Level 1:colcon.colcon_core.package_discovery:discover_packages(colcon_meta) discover
[1.615s] Level 1:colcon.colcon_core.package_discovery:discover_packages(recursive) discover
[1.615s] INFO:colcon.colcon_core.package_discovery:Crawling recursively for packages in '/home/vboxuser/hw4_ws'
[1.615s] Level 1:colcon.colcon_core.package_identification:_identify(.) by extensions ['ignore', 'ignore_ament_install']
[1.615s] Level 1:colcon.colcon_core.package_identification:_identify(.) by extension 'ignore'
[1.615s] Level 1:colcon.colcon_core.package_identification:_identify(.) by extension 'ignore_ament_install'
[1.615s] Level 1:colcon.colcon_core.package_identification:_identify(.) by extensions ['colcon_pkg']
[1.615s] Level 1:colcon.colcon_core.package_identification:_identify(.) by extension 'colcon_pkg'
[1.615s] Level 1:colcon.colcon_core.package_identification:_identify(.) by extensions ['colcon_meta']
[1.615s] Level 1:colcon.colcon_core.package_identification:_identify(.) by extension 'colcon_meta'
[1.615s] Level 1:colcon.colcon_core.package_identification:_identify(.) by extensions ['ros']
[1.616s] Level 1:colcon.colcon_core.package_identification:_identify(.) by extension 'ros'
[1.631s] Level 1:colcon.colcon_core.package_identification:_identify(.) by extensions ['cmake', 'python']
[1.631s] Level 1:colcon.colcon_core.package_identification:_identify(.) by extension 'cmake'
[1.631s] Level 1:colcon.colcon_core.package_identification:_identify(.) by extension 'python'
[1.631s] Level 1:colcon.colcon_core.package_identification:_identify(.) by extensions ['python_setup_py']
[1.631s] Level 1:colcon.colcon_core.package_identification:_identify(.) by extension 'python_setup_py'
[1.631s] Level 1:colcon.colcon_core.package_identification:_identify(build) by extensions ['ignore', 'ignore_ament_install']
[1.631s] Level 1:colcon.colcon_core.package_identification:_identify(build) by extension 'ignore'
[1.631s] Level 1:colcon.colcon_core.package_identification:_identify(build) ignored
[1.632s] Level 1:colcon.colcon_core.package_identification:_identify(install) by extensions ['ignore', 'ignore_ament_install']
[1.632s] Level 1:colcon.colcon_core.package_identification:_identify(install) by extension 'ignore'
[1.632s] Level 1:colcon.colcon_core.package_identification:_identify(install) ignored
[1.632s] Level 1:colcon.colcon_core.package_identification:_identify(log) by extensions ['ignore', 'ignore_ament_install']
[1.632s] Level 1:colcon.colcon_core.package_identification:_identify(log) by extension 'ignore'
[1.632s] Level 1:colcon.colcon_core.package_identification:_identify(log) ignored
[1.632s] Level 1:colcon.colcon_core.package_identification:_identify(src) by extensions ['ignore', 'ignore_ament_install']
[1.632s] Level 1:colcon.colcon_core.package_identification:_identify(src) by extension 'ignore'
[1.632s] Level 1:colcon.colcon_core.package_identification:_identify(src) by extension 'ignore_ament_install'
[1.633s] Level 1:colcon.colcon_core.package_identification:_identify(src) by extensions ['colcon_pkg']
[1.633s] Level 1:colcon.colcon_core.package_identification:_identify(src) by extension 'colcon_pkg'
[1.633s] Level 1:colcon.colcon_core.package_identification:_identify(src) by extensions ['colcon_meta']
[1.633s] Level 1:colcon.colcon_core.package_identification:_identify(src) by extension 'colcon_meta'
[1.633s] Level 1:colcon.colcon_core.package_identification:_identify(src) by extensions ['ros']
[1.633s] Level 1:colcon.colcon_core.package_identification:_identify(src) by extension 'ros'
[1.633s] Level 1:colcon.colcon_core.package_identification:_identify(src) by extensions ['cmake', 'python']
[1.633s] Level 1:colcon.colcon_core.package_identification:_identify(src) by extension 'cmake'
[1.633s] Level 1:colcon.colcon_core.package_identification:_identify(src) by extension 'python'
[1.633s] Level 1:colcon.colcon_core.package_identification:_identify(src) by extensions ['python_setup_py']
[1.633s] Level 1:colcon.colcon_core.package_identification:_identify(src) by extension 'python_setup_py'
[1.633s] Level 1:colcon.colcon_core.package_identification:_identify(src/build) by extensions ['ignore', 'ignore_ament_install']
[1.633s] Level 1:colcon.colcon_core.package_identification:_identify(src/build) by extension 'ignore'
[1.633s] Level 1:colcon.colcon_core.package_identification:_identify(src/build) ignored
[1.634s] Level 1:colcon.colcon_core.package_identification:_identify(src/calculator) by extensions ['ignore', 'ignore_ament_install']
[1.634s] Level 1:colcon.colcon_core.package_identification:_identify(src/calculator) by extension 'ignore'
[1.634s] Level 1:colcon.colcon_core.package_identification:_identify(src/calculator) by extension 'ignore_ament_install'
[1.634s] Level 1:colcon.colcon_core.package_identification:_identify(src/calculator) by extensions ['colcon_pkg']
[1.634s] Level 1:colcon.colcon_core.package_identification:_identify(src/calculator) by extension 'colcon_pkg'
[1.634s] Level 1:colcon.colcon_core.package_identification:_identify(src/calculator) by extensions ['colcon_meta']
[1.634s] Level 1:colcon.colcon_core.package_identification:_identify(src/calculator) by extension 'colcon_meta'
[1.634s] Level 1:colcon.colcon_core.package_identification:_identify(src/calculator) by extensions ['ros']
[1.634s] Level 1:colcon.colcon_core.package_identification:_identify(src/calculator) by extension 'ros'
[1.638s] DEBUG:colcon.colcon_core.package_identification:Package 'src/calculator' with type 'ros.ament_python' and name 'calculator'
[1.638s] Level 1:colcon.colcon_core.package_identification:_identify(src/custom_interfaces) by extensions ['ignore', 'ignore_ament_install']
[1.639s] Level 1:colcon.colcon_core.package_identification:_identify(src/custom_interfaces) by extension 'ignore'
[1.639s] Level 1:colcon.colcon_core.package_identification:_identify(src/custom_interfaces) by extension 'ignore_ament_install'
[1.639s] Level 1:colcon.colcon_core.package_identification:_identify(src/custom_interfaces) by extensions ['colcon_pkg']
[1.639s] Level 1:colcon.colcon_core.package_identification:_identify(src/custom_interfaces) by extension 'colcon_pkg'
[1.639s] Level 1:colcon.colcon_core.package_identification:_identify(src/custom_interfaces) by extensions ['colcon_meta']
[1.639s] Level 1:colcon.colcon_core.package_identification:_identify(src/custom_interfaces) by extension 'colcon_meta'
[1.639s] Level 1:colcon.colcon_core.package_identification:_identify(src/custom_interfaces) by extensions ['ros']
[1.639s] Level 1:colcon.colcon_core.package_identification:_identify(src/custom_interfaces) by extension 'ros'
[1.640s] DEBUG:colcon.colcon_core.package_identification:Package 'src/custom_interfaces' with type 'ros.ament_cmake' and name 'custom_interfaces'
[1.640s] Level 1:colcon.colcon_core.package_identification:_identify(src/custom_messages) by extensions ['ignore', 'ignore_ament_install']
[1.640s] Level 1:colcon.colcon_core.package_identification:_identify(src/custom_messages) by extension 'ignore'
[1.640s] Level 1:colcon.colcon_core.package_identification:_identify(src/custom_messages) ignored
[1.640s] Level 1:colcon.colcon_core.package_identification:_identify(src/install) by extensions ['ignore', 'ignore_ament_install']
[1.640s] Level 1:colcon.colcon_core.package_identification:_identify(src/install) by extension 'ignore'
[1.640s] Level 1:colcon.colcon_core.package_identification:_identify(src/install) ignored
[1.640s] Level 1:colcon.colcon_core.package_identification:_identify(src/log) by extensions ['ignore', 'ignore_ament_install']
[1.641s] Level 1:colcon.colcon_core.package_identification:_identify(src/log) by extension 'ignore'
[1.641s] Level 1:colcon.colcon_core.package_identification:_identify(src/log) ignored
[1.641s] Level 1:colcon.colcon_core.package_identification:_identify(src/py_srvcli) by extensions ['ignore', 'ignore_ament_install']
[1.641s] Level 1:colcon.colcon_core.package_identification:_identify(src/py_srvcli) by extension 'ignore'
[1.641s] Level 1:colcon.colcon_core.package_identification:_identify(src/py_srvcli) by extension 'ignore_ament_install'
[1.641s] Level 1:colcon.colcon_core.package_identification:_identify(src/py_srvcli) by extensions ['colcon_pkg']
[1.641s] Level 1:colcon.colcon_core.package_identification:_identify(src/py_srvcli) by extension 'colcon_pkg'
[1.641s] Level 1:colcon.colcon_core.package_identification:_identify(src/py_srvcli) by extensions ['colcon_meta']
[1.641s] Level 1:colcon.colcon_core.package_identification:_identify(src/py_srvcli) by extension 'colcon_meta'
[1.641s] Level 1:colcon.colcon_core.package_identification:_identify(src/py_srvcli) by extensions ['ros']
[1.641s] Level 1:colcon.colcon_core.package_identification:_identify(src/py_srvcli) by extension 'ros'
[1.642s] DEBUG:colcon.colcon_core.package_identification:Package 'src/py_srvcli' with type 'ros.ament_python' and name 'py_srvcli'
[1.642s] Level 1:colcon.colcon_core.package_identification:_identify(src/tutorial_interfaces) by extensions ['ignore', 'ignore_ament_install']
[1.642s] Level 1:colcon.colcon_core.package_identification:_identify(src/tutorial_interfaces) by extension 'ignore'
[1.642s] Level 1:colcon.colcon_core.package_identification:_identify(src/tutorial_interfaces) by extension 'ignore_ament_install'
[1.643s] Level 1:colcon.colcon_core.package_identification:_identify(src/tutorial_interfaces) by extensions ['colcon_pkg']
[1.643s] Level 1:colcon.colcon_core.package_identification:_identify(src/tutorial_interfaces) by extension 'colcon_pkg'
[1.643s] Level 1:colcon.colcon_core.package_identification:_identify(src/tutorial_interfaces) by extensions ['colcon_meta']
[1.643s] Level 1:colcon.colcon_core.package_identification:_identify(src/tutorial_interfaces) by extension 'colcon_meta'
[1.643s] Level 1:colcon.colcon_core.package_identification:_identify(src/tutorial_interfaces) by extensions ['ros']
[1.643s] Level 1:colcon.colcon_core.package_identification:_identify(src/tutorial_interfaces) by extension 'ros'
[1.643s] DEBUG:colcon.colcon_core.package_identification:Package 'src/tutorial_interfaces' with type 'ros.ament_cmake' and name 'tutorial_interfaces'
[1.644s] Level 1:colcon.colcon_core.package_discovery:discover_packages(recursive) using defaults
[1.644s] Level 1:colcon.colcon_core.package_discovery:discover_packages(ignore) discover
[1.644s] Level 1:colcon.colcon_core.package_discovery:discover_packages(ignore) using defaults
[1.644s] Level 1:colcon.colcon_core.package_discovery:discover_packages(path) discover
[1.644s] Level 1:colcon.colcon_core.package_discovery:discover_packages(path) using defaults
[1.780s] Level 1:colcon.colcon_core.package_discovery:discover_packages(prefix_path) check parameters
[1.780s] Level 1:colcon.colcon_core.package_discovery:discover_packages(prefix_path) discover
[1.823s] DEBUG:colcon.colcon_installed_package_information.package_discovery:Found 4 installed packages in /home/vboxuser/hw4_ws/install
[1.845s] DEBUG:colcon.colcon_installed_package_information.package_discovery:Found 284 installed packages in /opt/ros/humble
[1.847s] Level 1:colcon.colcon_core.package_discovery:discover_packages(prefix_path) using defaults
[2.020s] Level 5:colcon.colcon_core.verb:set package 'custom_interfaces' build argument 'cmake_args' from command line to 'None'
[2.020s] Level 5:colcon.colcon_core.verb:set package 'custom_interfaces' build argument 'cmake_target' from command line to 'None'
[2.020s] Level 5:colcon.colcon_core.verb:set package 'custom_interfaces' build argument 'cmake_target_skip_unavailable' from command line to 'False'
[2.020s] Level 5:colcon.colcon_core.verb:set package 'custom_interfaces' build argument 'cmake_clean_cache' from command line to 'False'
[2.020s] Level 5:colcon.colcon_core.verb:set package 'custom_interfaces' build argument 'cmake_clean_first' from command line to 'False'
[2.021s] Level 5:colcon.colcon_core.verb:set package 'custom_interfaces' build argument 'cmake_force_configure' from command line to 'False'
[2.021s] Level 5:colcon.colcon_core.verb:set package 'custom_interfaces' build argument 'ament_cmake_args' from command line to 'None'
[2.021s] Level 5:colcon.colcon_core.verb:set package 'custom_interfaces' build argument 'catkin_cmake_args' from command line to 'None'
[2.021s] Level 5:colcon.colcon_core.verb:set package 'custom_interfaces' build argument 'catkin_skip_building_tests' from command line to 'False'
[2.021s] DEBUG:colcon.colcon_core.verb:Building package 'custom_interfaces' with the following arguments: {'ament_cmake_args': None, 'build_base': '/home/vboxuser/hw4_ws/build/custom_interfaces', 'catkin_cmake_args': None, 'catkin_skip_building_tests': False, 'cmake_args': None, 'cmake_clean_cache': False, 'cmake_clean_first': False, 'cmake_force_configure': False, 'cmake_target': None, 'cmake_target_skip_unavailable': False, 'install_base': '/home/vboxuser/hw4_ws/install/custom_interfaces', 'merge_install': False, 'path': '/home/vboxuser/hw4_ws/src/custom_interfaces', 'symlink_install': False, 'test_result_base': None}
[2.042s] Level 5:colcon.colcon_core.verb:set package 'tutorial_interfaces' build argument 'cmake_args' from command line to 'None'
[2.042s] Level 5:colcon.colcon_core.verb:set package 'tutorial_interfaces' build argument 'cmake_target' from command line to 'None'
[2.042s] Level 5:colcon.colcon_core.verb:set package 'tutorial_interfaces' build argument 'cmake_target_skip_unavailable' from command line to 'False'
[2.042s] Level 5:colcon.colcon_core.verb:set package 'tutorial_interfaces' build argument 'cmake_clean_cache' from command line to 'False'
[2.042s] Level 5:colcon.colcon_core.verb:set package 'tutorial_interfaces' build argument 'cmake_clean_first' from command line to 'False'
[2.042s] Level 5:colcon.colcon_core.verb:set package 'tutorial_interfaces' build argument 'cmake_force_configure' from command line to 'False'
[2.042s] Level 5:colcon.colcon_core.verb:set package 'tutorial_interfaces' build argument 'ament_cmake_args' from command line to 'None'
[2.042s] Level 5:colcon.colcon_core.verb:set package 'tutorial_interfaces' build argument 'catkin_cmake_args' from command line to 'None'
[2.042s] Level 5:colcon.colcon_core.verb:set package 'tutorial_interfaces' build argument 'catkin_skip_building_tests' from command line to 'False'
[2.042s] DEBUG:colcon.colcon_core.verb:Building package 'tutorial_interfaces' with the following arguments: {'ament_cmake_args': None, 'build_base': '/home/vboxuser/hw4_ws/build/tutorial_interfaces', 'catkin_cmake_args': None, 'catkin_skip_building_tests': False, 'cmake_args': None, 'cmake_clean_cache': False, 'cmake_clean_first': False, 'cmake_force_configure': False, 'cmake_target': None, 'cmake_target_skip_unavailable': False, 'install_base': '/home/vboxuser/hw4_ws/install/tutorial_interfaces', 'merge_install': False, 'path': '/home/vboxuser/hw4_ws/src/tutorial_interfaces', 'symlink_install': False, 'test_result_base': None}
[2.063s] Level 5:colcon.colcon_core.verb:set package 'calculator' build argument 'cmake_args' from command line to 'None'
[2.063s] Level 5:colcon.colcon_core.verb:set package 'calculator' build argument 'cmake_target' from command line to 'None'
[2.063s] Level 5:colcon.colcon_core.verb:set package 'calculator' build argument 'cmake_target_skip_unavailable' from command line to 'False'
[2.063s] Level 5:colcon.colcon_core.verb:set package 'calculator' build argument 'cmake_clean_cache' from command line to 'False'
[2.063s] Level 5:colcon.colcon_core.verb:set package 'calculator' build argument 'cmake_clean_first' from command line to 'False'
[2.063s] Level 5:colcon.colcon_core.verb:set package 'calculator' build argument 'cmake_force_configure' from command line to 'False'
[2.064s] Level 5:colcon.colcon_core.verb:set package 'calculator' build argument 'ament_cmake_args' from command line to 'None'
[2.064s] Level 5:colcon.colcon_core.verb:set package 'calculator' build argument 'catkin_cmake_args' from command line to 'None'
[2.064s] Level 5:colcon.colcon_core.verb:set package 'calculator' build argument 'catkin_skip_building_tests' from command line to 'False'
[2.064s] DEBUG:colcon.colcon_core.verb:Building package 'calculator' with the following arguments: {'ament_cmake_args': None, 'build_base': '/home/vboxuser/hw4_ws/build/calculator', 'catkin_cmake_args': None, 'catkin_skip_building_tests': False, 'cmake_args': None, 'cmake_clean_cache': False, 'cmake_clean_first': False, 'cmake_force_configure': False, 'cmake_target': None, 'cmake_target_skip_unavailable': False, 'install_base': '/home/vboxuser/hw4_ws/install/calculator', 'merge_install': False, 'path': '/home/vboxuser/hw4_ws/src/calculator', 'symlink_install': False, 'test_result_base': None}
[2.086s] Level 5:colcon.colcon_core.verb:set package 'py_srvcli' build argument 'cmake_args' from command line to 'None'
[2.086s] Level 5:colcon.colcon_core.verb:set package 'py_srvcli' build argument 'cmake_target' from command line to 'None'
[2.086s] Level 5:colcon.colcon_core.verb:set package 'py_srvcli' build argument 'cmake_target_skip_unavailable' from command line to 'False'
[2.086s] Level 5:colcon.colcon_core.verb:set package 'py_srvcli' build argument 'cmake_clean_cache' from command line to 'False'
[2.086s] Level 5:colcon.colcon_core.verb:set package 'py_srvcli' build argument 'cmake_clean_first' from command line to 'False'
[2.086s] Level 5:colcon.colcon_core.verb:set package 'py_srvcli' build argument 'cmake_force_configure' from command line to 'False'
[2.086s] Level 5:colcon.colcon_core.verb:set package 'py_srvcli' build argument 'ament_cmake_args' from command line to 'None'
[2.086s] Level 5:colcon.colcon_core.verb:set package 'py_srvcli' build argument 'catkin_cmake_args' from command line to 'None'
[2.086s] Level 5:colcon.colcon_core.verb:set package 'py_srvcli' build argument 'catkin_skip_building_tests' from command line to 'False'
[2.086s] DEBUG:colcon.colcon_core.verb:Building package 'py_srvcli' with the following arguments: {'ament_cmake_args': None, 'build_base': '/home/vboxuser/hw4_ws/build/py_srvcli', 'catkin_cmake_args': None, 'catkin_skip_building_tests': False, 'cmake_args': None, 'cmake_clean_cache': False, 'cmake_clean_first': False, 'cmake_force_configure': False, 'cmake_target': None, 'cmake_target_skip_unavailable': False, 'install_base': '/home/vboxuser/hw4_ws/install/py_srvcli', 'merge_install': False, 'path': '/home/vboxuser/hw4_ws/src/py_srvcli', 'symlink_install': False, 'test_result_base': None}
[2.107s] INFO:colcon.colcon_core.executor:Executing jobs using 'parallel' executor
[2.128s] DEBUG:colcon.colcon_parallel_executor.executor.parallel:run_until_complete
[2.128s] INFO:colcon.colcon_ros.task.ament_cmake.build:Building ROS package in '/home/vboxuser/hw4_ws/src/tutorial_interfaces' with build type 'ament_cmake'
[2.128s] INFO:colcon.colcon_cmake.task.cmake.build:Building CMake package in '/home/vboxuser/hw4_ws/src/tutorial_interfaces'
[2.152s] INFO:colcon.colcon_core.plugin_system:Skipping extension 'colcon_core.shell.bat': Not used on non-Windows systems
[2.152s] INFO:colcon.colcon_core.shell:Skip shell extension 'powershell' for command environment: Not usable outside of PowerShell
[2.152s] DEBUG:colcon.colcon_core.shell:Skip shell extension 'dsv' for command environment
[2.220s] INFO:colcon.colcon_ros.task.ament_cmake.build:Building ROS package in '/home/vboxuser/hw4_ws/src/custom_interfaces' with build type 'ament_cmake'
[2.221s] INFO:colcon.colcon_cmake.task.cmake.build:Building CMake package in '/home/vboxuser/hw4_ws/src/custom_interfaces'
[2.240s] INFO:colcon.colcon_core.shell:Skip shell extension 'powershell' for command environment: Not usable outside of PowerShell
[2.241s] DEBUG:colcon.colcon_core.shell:Skip shell extension 'dsv' for command environment
[2.315s] DEBUG:colcon.colcon_core.event_handler.log_command:Invoking command in '/home/vboxuser/hw4_ws/build/tutorial_interfaces': CMAKE_PREFIX_PATH=${CMAKE_PREFIX_PATH}:/home/vboxuser/hw4_ws/install/py_srvcli:/home/vboxuser/hw4_ws/install/calculator:/opt/ros/humble /usr/bin/cmake --build /home/vboxuser/hw4_ws/build/tutorial_interfaces -- -j6 -l6
[2.320s] DEBUG:colcon.colcon_core.event_handler.log_command:Invoking command in '/home/vboxuser/hw4_ws/build/custom_interfaces': CMAKE_PREFIX_PATH=${CMAKE_PREFIX_PATH}:/home/vboxuser/hw4_ws/install/py_srvcli:/home/vboxuser/hw4_ws/install/calculator:/opt/ros/humble /usr/bin/cmake /home/vboxuser/hw4_ws/src/custom_interfaces -DCMAKE_INSTALL_PREFIX=/home/vboxuser/hw4_ws/install/custom_interfaces
[2.892s] DEBUG:colcon.colcon_core.event_handler.log_command:Invoked command in '/home/vboxuser/hw4_ws/build/tutorial_interfaces' returned '0': CMAKE_PREFIX_PATH=${CMAKE_PREFIX_PATH}:/home/vboxuser/hw4_ws/install/py_srvcli:/home/vboxuser/hw4_ws/install/calculator:/opt/ros/humble /usr/bin/cmake --build /home/vboxuser/hw4_ws/build/tutorial_interfaces -- -j6 -l6
[2.995s] DEBUG:colcon.colcon_core.event_handler.log_command:Invoking command in '/home/vboxuser/hw4_ws/build/tutorial_interfaces': CMAKE_PREFIX_PATH=${CMAKE_PREFIX_PATH}:/home/vboxuser/hw4_ws/install/py_srvcli:/home/vboxuser/hw4_ws/install/calculator:/opt/ros/humble /usr/bin/cmake --install /home/vboxuser/hw4_ws/build/tutorial_interfaces
[3.078s] Level 1:colcon.colcon_core.environment:create_environment_scripts_only(tutorial_interfaces)
[3.079s] DEBUG:colcon.colcon_core.event_handler.log_command:Invoked command in '/home/vboxuser/hw4_ws/build/tutorial_interfaces' returned '0': CMAKE_PREFIX_PATH=${CMAKE_PREFIX_PATH}:/home/vboxuser/hw4_ws/install/py_srvcli:/home/vboxuser/hw4_ws/install/calculator:/opt/ros/humble /usr/bin/cmake --install /home/vboxuser/hw4_ws/build/tutorial_interfaces
[3.104s] Level 1:colcon.colcon_core.environment:checking '/home/vboxuser/hw4_ws/install/tutorial_interfaces' for CMake module files
[3.105s] Level 1:colcon.colcon_core.environment:checking '/home/vboxuser/hw4_ws/install/tutorial_interfaces' for CMake config files
[3.105s] Level 1:colcon.colcon_core.shell:create_environment_hook('tutorial_interfaces', 'cmake_prefix_path')
[3.126s] INFO:colcon.colcon_core.shell:Creating environment hook '/home/vboxuser/hw4_ws/install/tutorial_interfaces/share/tutorial_interfaces/hook/cmake_prefix_path.ps1'
[3.127s] INFO:colcon.colcon_core.shell:Creating environment descriptor '/home/vboxuser/hw4_ws/install/tutorial_interfaces/share/tutorial_interfaces/hook/cmake_prefix_path.dsv'
[3.127s] INFO:colcon.colcon_core.shell:Creating environment hook '/home/vboxuser/hw4_ws/install/tutorial_interfaces/share/tutorial_interfaces/hook/cmake_prefix_path.sh'
[3.128s] Level 1:colcon.colcon_core.environment:checking '/home/vboxuser/hw4_ws/install/tutorial_interfaces/lib'
[3.128s] Level 1:colcon.colcon_core.shell:create_environment_hook('tutorial_interfaces', 'ld_library_path_lib')
[3.150s] INFO:colcon.colcon_core.shell:Creating environment hook '/home/vboxuser/hw4_ws/install/tutorial_interfaces/share/tutorial_interfaces/hook/ld_library_path_lib.ps1'
[3.150s] INFO:colcon.colcon_core.shell:Creating environment descriptor '/home/vboxuser/hw4_ws/install/tutorial_interfaces/share/tutorial_interfaces/hook/ld_library_path_lib.dsv'
[3.151s] INFO:colcon.colcon_core.shell:Creating environment hook '/home/vboxuser/hw4_ws/install/tutorial_interfaces/share/tutorial_interfaces/hook/ld_library_path_lib.sh'
[3.151s] Level 1:colcon.colcon_core.environment:checking '/home/vboxuser/hw4_ws/install/tutorial_interfaces/bin'
[3.152s] Level 1:colcon.colcon_core.environment:checking '/home/vboxuser/hw4_ws/install/tutorial_interfaces/lib/pkgconfig/tutorial_interfaces.pc'
[3.152s] Level 1:colcon.colcon_core.environment:checking '/home/vboxuser/hw4_ws/install/tutorial_interfaces/lib/python3.10/site-packages'
[3.152s] Level 1:colcon.colcon_core.environment:checking '/home/vboxuser/hw4_ws/install/tutorial_interfaces/bin'
[3.182s] INFO:colcon.colcon_core.shell:Creating package script '/home/vboxuser/hw4_ws/install/tutorial_interfaces/share/tutorial_interfaces/package.ps1'
[3.185s] INFO:colcon.colcon_core.shell:Creating package descriptor '/home/vboxuser/hw4_ws/install/tutorial_interfaces/share/tutorial_interfaces/package.dsv'
[3.186s] INFO:colcon.colcon_core.shell:Creating package script '/home/vboxuser/hw4_ws/install/tutorial_interfaces/share/tutorial_interfaces/package.sh'
[3.187s] INFO:colcon.colcon_core.shell:Creating package script '/home/vboxuser/hw4_ws/install/tutorial_interfaces/share/tutorial_interfaces/package.bash'
[3.188s] INFO:colcon.colcon_core.shell:Creating package script '/home/vboxuser/hw4_ws/install/tutorial_interfaces/share/tutorial_interfaces/package.zsh'
[3.189s] Level 1:colcon.colcon_core.environment:create_file_with_runtime_dependencies(/home/vboxuser/hw4_ws/install/tutorial_interfaces/share/colcon-core/packages/tutorial_interfaces)
[3.280s] Level 1:colcon.colcon_core.environment:create_environment_scripts_only(tutorial_interfaces)
[3.303s] Level 1:colcon.colcon_core.environment:checking '/home/vboxuser/hw4_ws/install/tutorial_interfaces' for CMake module files
[3.304s] Level 1:colcon.colcon_core.environment:checking '/home/vboxuser/hw4_ws/install/tutorial_interfaces' for CMake config files
[3.304s] Level 1:colcon.colcon_core.shell:create_environment_hook('tutorial_interfaces', 'cmake_prefix_path')
[3.326s] INFO:colcon.colcon_core.shell:Creating environment hook '/home/vboxuser/hw4_ws/install/tutorial_interfaces/share/tutorial_interfaces/hook/cmake_prefix_path.ps1'
[3.327s] INFO:colcon.colcon_core.shell:Creating environment descriptor '/home/vboxuser/hw4_ws/install/tutorial_interfaces/share/tutorial_interfaces/hook/cmake_prefix_path.dsv'
[3.327s] INFO:colcon.colcon_core.shell:Creating environment hook '/home/vboxuser/hw4_ws/install/tutorial_interfaces/share/tutorial_interfaces/hook/cmake_prefix_path.sh'
[3.328s] Level 1:colcon.colcon_core.environment:checking '/home/vboxuser/hw4_ws/install/tutorial_interfaces/lib'
[3.328s] Level 1:colcon.colcon_core.shell:create_environment_hook('tutorial_interfaces', 'ld_library_path_lib')
[3.349s] INFO:colcon.colcon_core.shell:Creating environment hook '/home/vboxuser/hw4_ws/install/tutorial_interfaces/share/tutorial_interfaces/hook/ld_library_path_lib.ps1'
[3.350s] INFO:colcon.colcon_core.shell:Creating environment descriptor '/home/vboxuser/hw4_ws/install/tutorial_interfaces/share/tutorial_interfaces/hook/ld_library_path_lib.dsv'
[3.350s] INFO:colcon.colcon_core.shell:Creating environment hook '/home/vboxuser/hw4_ws/install/tutorial_interfaces/share/tutorial_interfaces/hook/ld_library_path_lib.sh'
[3.351s] Level 1:colcon.colcon_core.environment:checking '/home/vboxuser/hw4_ws/install/tutorial_interfaces/bin'
[3.351s] Level 1:colcon.colcon_core.environment:checking '/home/vboxuser/hw4_ws/install/tutorial_interfaces/lib/pkgconfig/tutorial_interfaces.pc'
[3.351s] Level 1:colcon.colcon_core.environment:checking '/home/vboxuser/hw4_ws/install/tutorial_interfaces/lib/python3.10/site-packages'
[3.352s] Level 1:colcon.colcon_core.environment:checking '/home/vboxuser/hw4_ws/install/tutorial_interfaces/bin'
[3.380s] INFO:colcon.colcon_core.shell:Creating package script '/home/vboxuser/hw4_ws/install/tutorial_interfaces/share/tutorial_interfaces/package.ps1'
[3.381s] INFO:colcon.colcon_core.shell:Creating package descriptor '/home/vboxuser/hw4_ws/install/tutorial_interfaces/share/tutorial_interfaces/package.dsv'
[3.382s] INFO:colcon.colcon_core.shell:Creating package script '/home/vboxuser/hw4_ws/install/tutorial_interfaces/share/tutorial_interfaces/package.sh'
[3.382s] INFO:colcon.colcon_core.shell:Creating package script '/home/vboxuser/hw4_ws/install/tutorial_interfaces/share/tutorial_interfaces/package.bash'
[3.383s] INFO:colcon.colcon_core.shell:Creating package script '/home/vboxuser/hw4_ws/install/tutorial_interfaces/share/tutorial_interfaces/package.zsh'
[3.383s] Level 1:colcon.colcon_core.environment:create_file_with_runtime_dependencies(/home/vboxuser/hw4_ws/install/tutorial_interfaces/share/colcon-core/packages/tutorial_interfaces)
[3.384s] INFO:colcon.colcon_ros.task.ament_python.build:Building ROS package in '/home/vboxuser/hw4_ws/src/calculator' with build type 'ament_python'
[3.384s] Level 1:colcon.colcon_core.shell:create_environment_hook('calculator', 'ament_prefix_path')
[3.407s] INFO:colcon.colcon_core.shell:Creating environment hook '/home/vboxuser/hw4_ws/install/calculator/share/calculator/hook/ament_prefix_path.ps1'
[3.408s] INFO:colcon.colcon_core.shell:Creating environment descriptor '/home/vboxuser/hw4_ws/install/calculator/share/calculator/hook/ament_prefix_path.dsv'
[3.408s] INFO:colcon.colcon_core.shell:Creating environment hook '/home/vboxuser/hw4_ws/install/calculator/share/calculator/hook/ament_prefix_path.sh'
[3.431s] INFO:colcon.colcon_core.shell:Skip shell extension 'powershell' for command environment: Not usable outside of PowerShell
[3.431s] DEBUG:colcon.colcon_core.shell:Skip shell extension 'dsv' for command environment
[3.502s] INFO:colcon.colcon_ros.task.ament_python.build:Building ROS package in '/home/vboxuser/hw4_ws/src/py_srvcli' with build type 'ament_python'
[3.502s] Level 1:colcon.colcon_core.shell:create_environment_hook('py_srvcli', 'ament_prefix_path')
[3.525s] INFO:colcon.colcon_core.shell:Creating environment hook '/home/vboxuser/hw4_ws/install/py_srvcli/share/py_srvcli/hook/ament_prefix_path.ps1'
[3.526s] INFO:colcon.colcon_core.shell:Creating environment descriptor '/home/vboxuser/hw4_ws/install/py_srvcli/share/py_srvcli/hook/ament_prefix_path.dsv'
[3.526s] INFO:colcon.colcon_core.shell:Creating environment hook '/home/vboxuser/hw4_ws/install/py_srvcli/share/py_srvcli/hook/ament_prefix_path.sh'
[3.549s] INFO:colcon.colcon_core.shell:Skip shell extension 'powershell' for command environment: Not usable outside of PowerShell
[3.549s] DEBUG:colcon.colcon_core.shell:Skip shell extension 'dsv' for command environment
[4.046s] INFO:colcon.colcon_core.task.python.build:Building Python package in '/home/vboxuser/hw4_ws/src/calculator'
[4.069s] INFO:colcon.colcon_core.shell:Skip shell extension 'powershell' for command environment: Not usable outside of PowerShell
[4.069s] DEBUG:colcon.colcon_core.shell:Skip shell extension 'dsv' for command environment
[4.564s] INFO:colcon.colcon_core.task.python.build:Building Python package in '/home/vboxuser/hw4_ws/src/py_srvcli'
[4.586s] INFO:colcon.colcon_core.shell:Skip shell extension 'powershell' for command environment: Not usable outside of PowerShell
[4.586s] DEBUG:colcon.colcon_core.shell:Skip shell extension 'dsv' for command environment
[4.662s] DEBUG:colcon.colcon_core.event_handler.log_command:Invoked command in '/home/vboxuser/hw4_ws/build/custom_interfaces' returned '0': CMAKE_PREFIX_PATH=${CMAKE_PREFIX_PATH}:/home/vboxuser/hw4_ws/install/py_srvcli:/home/vboxuser/hw4_ws/install/calculator:/opt/ros/humble /usr/bin/cmake /home/vboxuser/hw4_ws/src/custom_interfaces -DCMAKE_INSTALL_PREFIX=/home/vboxuser/hw4_ws/install/custom_interfaces
[4.662s] DEBUG:colcon.colcon_core.event_handler.log_command:Invoking command in '/home/vboxuser/hw4_ws/build/custom_interfaces': CMAKE_PREFIX_PATH=${CMAKE_PREFIX_PATH}:/home/vboxuser/hw4_ws/install/py_srvcli:/home/vboxuser/hw4_ws/install/calculator:/opt/ros/humble /usr/bin/cmake --build /home/vboxuser/hw4_ws/build/custom_interfaces -- -j6 -l6
[4.720s] DEBUG:colcon.colcon_core.event_handler.log_command:Invoked command in '/home/vboxuser/hw4_ws/build/custom_interfaces' returned '0': CMAKE_PREFIX_PATH=${CMAKE_PREFIX_PATH}:/home/vboxuser/hw4_ws/install/py_srvcli:/home/vboxuser/hw4_ws/install/calculator:/opt/ros/humble /usr/bin/cmake --build /home/vboxuser/hw4_ws/build/custom_interfaces -- -j6 -l6
[4.750s] DEBUG:colcon.colcon_core.event_handler.log_command:Invoking command in '/home/vboxuser/hw4_ws/build/custom_interfaces': CMAKE_PREFIX_PATH=${CMAKE_PREFIX_PATH}:/home/vboxuser/hw4_ws/install/py_srvcli:/home/vboxuser/hw4_ws/install/calculator:/opt/ros/humble /usr/bin/cmake --install /home/vboxuser/hw4_ws/build/custom_interfaces
[4.763s] Level 1:colcon.colcon_core.environment:create_environment_scripts_only(custom_interfaces)
[4.764s] DEBUG:colcon.colcon_core.event_handler.log_command:Invoked command in '/home/vboxuser/hw4_ws/build/custom_interfaces' returned '0': CMAKE_PREFIX_PATH=${CMAKE_PREFIX_PATH}:/home/vboxuser/hw4_ws/install/py_srvcli:/home/vboxuser/hw4_ws/install/calculator:/opt/ros/humble /usr/bin/cmake --install /home/vboxuser/hw4_ws/build/custom_interfaces
[4.789s] Level 1:colcon.colcon_core.environment:checking '/home/vboxuser/hw4_ws/install/custom_interfaces' for CMake module files
[4.790s] Level 1:colcon.colcon_core.environment:checking '/home/vboxuser/hw4_ws/install/custom_interfaces' for CMake config files
[4.790s] Level 1:colcon.colcon_core.shell:create_environment_hook('custom_interfaces', 'cmake_prefix_path')
[4.814s] INFO:colcon.colcon_core.shell:Creating environment hook '/home/vboxuser/hw4_ws/install/custom_interfaces/share/custom_interfaces/hook/cmake_prefix_path.ps1'
[4.814s] INFO:colcon.colcon_core.shell:Creating environment descriptor '/home/vboxuser/hw4_ws/install/custom_interfaces/share/custom_interfaces/hook/cmake_prefix_path.dsv'
[4.815s] INFO:colcon.colcon_core.shell:Creating environment hook '/home/vboxuser/hw4_ws/install/custom_interfaces/share/custom_interfaces/hook/cmake_prefix_path.sh'
[4.815s] Level 1:colcon.colcon_core.environment:checking '/home/vboxuser/hw4_ws/install/custom_interfaces/bin'
[4.815s] Level 1:colcon.colcon_core.environment:checking '/home/vboxuser/hw4_ws/install/custom_interfaces/lib/pkgconfig/custom_interfaces.pc'
[4.816s] Level 1:colcon.colcon_core.environment:checking '/home/vboxuser/hw4_ws/install/custom_interfaces/lib/python3.10/site-packages'
[4.816s] Level 1:colcon.colcon_core.environment:checking '/home/vboxuser/hw4_ws/install/custom_interfaces/bin'
[4.838s] INFO:colcon.colcon_core.shell:Creating package script '/home/vboxuser/hw4_ws/install/custom_interfaces/share/custom_interfaces/package.ps1'
[4.839s] INFO:colcon.colcon_core.shell:Creating package descriptor '/home/vboxuser/hw4_ws/install/custom_interfaces/share/custom_interfaces/package.dsv'
[4.840s] INFO:colcon.colcon_core.shell:Creating package script '/home/vboxuser/hw4_ws/install/custom_interfaces/share/custom_interfaces/package.sh'
[4.840s] INFO:colcon.colcon_core.shell:Creating package script '/home/vboxuser/hw4_ws/install/custom_interfaces/share/custom_interfaces/package.bash'
[4.841s] INFO:colcon.colcon_core.shell:Creating package script '/home/vboxuser/hw4_ws/install/custom_interfaces/share/custom_interfaces/package.zsh'
[4.841s] Level 1:colcon.colcon_core.environment:create_file_with_runtime_dependencies(/home/vboxuser/hw4_ws/install/custom_interfaces/share/colcon-core/packages/custom_interfaces)
[4.890s] Level 1:colcon.colcon_core.environment:create_environment_scripts_only(custom_interfaces)
[4.919s] Level 1:colcon.colcon_core.environment:checking '/home/vboxuser/hw4_ws/install/custom_interfaces' for CMake module files
[4.920s] Level 1:colcon.colcon_core.environment:checking '/home/vboxuser/hw4_ws/install/custom_interfaces' for CMake config files
[4.920s] Level 1:colcon.colcon_core.shell:create_environment_hook('custom_interfaces', 'cmake_prefix_path')
[4.940s] INFO:colcon.colcon_core.shell:Creating environment hook '/home/vboxuser/hw4_ws/install/custom_interfaces/share/custom_interfaces/hook/cmake_prefix_path.ps1'
[4.941s] INFO:colcon.colcon_core.shell:Creating environment descriptor '/home/vboxuser/hw4_ws/install/custom_interfaces/share/custom_interfaces/hook/cmake_prefix_path.dsv'
[4.942s] INFO:colcon.colcon_core.shell:Creating environment hook '/home/vboxuser/hw4_ws/install/custom_interfaces/share/custom_interfaces/hook/cmake_prefix_path.sh'
[4.942s] Level 1:colcon.colcon_core.environment:checking '/home/vboxuser/hw4_ws/install/custom_interfaces/bin'
[4.942s] Level 1:colcon.colcon_core.environment:checking '/home/vboxuser/hw4_ws/install/custom_interfaces/lib/pkgconfig/custom_interfaces.pc'
[4.943s] Level 1:colcon.colcon_core.environment:checking '/home/vboxuser/hw4_ws/install/custom_interfaces/lib/python3.10/site-packages'
[4.943s] Level 1:colcon.colcon_core.environment:checking '/home/vboxuser/hw4_ws/install/custom_interfaces/bin'
[4.965s] INFO:colcon.colcon_core.shell:Creating package script '/home/vboxuser/hw4_ws/install/custom_interfaces/share/custom_interfaces/package.ps1'
[4.966s] INFO:colcon.colcon_core.shell:Creating package descriptor '/home/vboxuser/hw4_ws/install/custom_interfaces/share/custom_interfaces/package.dsv'
[4.966s] INFO:colcon.colcon_core.shell:Creating package script '/home/vboxuser/hw4_ws/install/custom_interfaces/share/custom_interfaces/package.sh'
[4.967s] INFO:colcon.colcon_core.shell:Creating package script '/home/vboxuser/hw4_ws/install/custom_interfaces/share/custom_interfaces/package.bash'
[4.967s] INFO:colcon.colcon_core.shell:Creating package script '/home/vboxuser/hw4_ws/install/custom_interfaces/share/custom_interfaces/package.zsh'
[4.968s] Level 1:colcon.colcon_core.environment:create_file_with_runtime_dependencies(/home/vboxuser/hw4_ws/install/custom_interfaces/share/colcon-core/packages/custom_interfaces)
[5.220s] DEBUG:colcon.colcon_core.event_handler.log_command:Invoking command in '/home/vboxuser/hw4_ws/src/py_srvcli': PYTHONPATH=/home/vboxuser/hw4_ws/build/py_srvcli/prefix_override:/home/vboxuser/hw4_ws/install/py_srvcli/lib/python3.10/site-packages:${PYTHONPATH} /usr/bin/python3 setup.py egg_info --egg-base ../../build/py_srvcli build --build-base /home/vboxuser/hw4_ws/build/py_srvcli/build install --record /home/vboxuser/hw4_ws/build/py_srvcli/install.log --single-version-externally-managed
[5.234s] DEBUG:colcon.colcon_core.event_handler.log_command:Invoking command in '/home/vboxuser/hw4_ws/src/calculator': PYTHONPATH=/home/vboxuser/hw4_ws/build/calculator/prefix_override:/home/vboxuser/hw4_ws/install/calculator/lib/python3.10/site-packages:${PYTHONPATH} /usr/bin/python3 setup.py egg_info --egg-base ../../build/calculator build --build-base /home/vboxuser/hw4_ws/build/calculator/build install --record /home/vboxuser/hw4_ws/build/calculator/install.log --single-version-externally-managed
[5.709s] DEBUG:colcon.colcon_core.event_handler.log_command:Invoked command in '/home/vboxuser/hw4_ws/src/calculator' returned '0': PYTHONPATH=/home/vboxuser/hw4_ws/build/calculator/prefix_override:/home/vboxuser/hw4_ws/install/calculator/lib/python3.10/site-packages:${PYTHONPATH} /usr/bin/python3 setup.py egg_info --egg-base ../../build/calculator build --build-base /home/vboxuser/hw4_ws/build/calculator/build install --record /home/vboxuser/hw4_ws/build/calculator/install.log --single-version-externally-managed
[5.743s] Level 1:colcon.colcon_core.environment:checking '/home/vboxuser/hw4_ws/install/calculator' for CMake module files
[5.744s] Level 1:colcon.colcon_core.environment:checking '/home/vboxuser/hw4_ws/install/calculator' for CMake config files
[5.744s] Level 1:colcon.colcon_core.environment:checking '/home/vboxuser/hw4_ws/install/calculator/lib'
[5.744s] Level 1:colcon.colcon_core.environment:checking '/home/vboxuser/hw4_ws/install/calculator/bin'
[5.744s] Level 1:colcon.colcon_core.environment:checking '/home/vboxuser/hw4_ws/install/calculator/lib/pkgconfig/calculator.pc'
[5.745s] Level 1:colcon.colcon_core.environment:checking '/home/vboxuser/hw4_ws/install/calculator/lib/python3.10/site-packages'
[5.745s] Level 1:colcon.colcon_core.shell:create_environment_hook('calculator', 'pythonpath')
[5.766s] INFO:colcon.colcon_core.shell:Creating environment hook '/home/vboxuser/hw4_ws/install/calculator/share/calculator/hook/pythonpath.ps1'
[5.766s] INFO:colcon.colcon_core.shell:Creating environment descriptor '/home/vboxuser/hw4_ws/install/calculator/share/calculator/hook/pythonpath.dsv'
[5.766s] INFO:colcon.colcon_core.shell:Creating environment hook '/home/vboxuser/hw4_ws/install/calculator/share/calculator/hook/pythonpath.sh'
[5.767s] Level 1:colcon.colcon_core.environment:checking '/home/vboxuser/hw4_ws/install/calculator/bin'
[5.767s] Level 1:colcon.colcon_core.environment:create_environment_scripts_only(calculator)
[5.790s] INFO:colcon.colcon_core.shell:Creating package script '/home/vboxuser/hw4_ws/install/calculator/share/calculator/package.ps1'
[5.790s] INFO:colcon.colcon_core.shell:Creating package descriptor '/home/vboxuser/hw4_ws/install/calculator/share/calculator/package.dsv'
[5.791s] INFO:colcon.colcon_core.shell:Creating package script '/home/vboxuser/hw4_ws/install/calculator/share/calculator/package.sh'
[5.791s] INFO:colcon.colcon_core.shell:Creating package script '/home/vboxuser/hw4_ws/install/calculator/share/calculator/package.bash'
[5.792s] INFO:colcon.colcon_core.shell:Creating package script '/home/vboxuser/hw4_ws/install/calculator/share/calculator/package.zsh'
[5.792s] Level 1:colcon.colcon_core.environment:create_file_with_runtime_dependencies(/home/vboxuser/hw4_ws/install/calculator/share/colcon-core/packages/calculator)
[5.795s] DEBUG:colcon.colcon_core.event_handler.log_command:Invoked command in '/home/vboxuser/hw4_ws/src/py_srvcli' returned '0': PYTHONPATH=/home/vboxuser/hw4_ws/build/py_srvcli/prefix_override:/home/vboxuser/hw4_ws/install/py_srvcli/lib/python3.10/site-packages:${PYTHONPATH} /usr/bin/python3 setup.py egg_info --egg-base ../../build/py_srvcli build --build-base /home/vboxuser/hw4_ws/build/py_srvcli/build install --record /home/vboxuser/hw4_ws/build/py_srvcli/install.log --single-version-externally-managed
[5.828s] Level 1:colcon.colcon_core.environment:checking '/home/vboxuser/hw4_ws/install/py_srvcli' for CMake module files
[5.829s] Level 1:colcon.colcon_core.environment:checking '/home/vboxuser/hw4_ws/install/py_srvcli' for CMake config files
[5.830s] Level 1:colcon.colcon_core.environment:checking '/home/vboxuser/hw4_ws/install/py_srvcli/lib'
[5.830s] Level 1:colcon.colcon_core.environment:checking '/home/vboxuser/hw4_ws/install/py_srvcli/bin'
[5.830s] Level 1:colcon.colcon_core.environment:checking '/home/vboxuser/hw4_ws/install/py_srvcli/lib/pkgconfig/py_srvcli.pc'
[5.830s] Level 1:colcon.colcon_core.environment:checking '/home/vboxuser/hw4_ws/install/py_srvcli/lib/python3.10/site-packages'
[5.830s] Level 1:colcon.colcon_core.shell:create_environment_hook('py_srvcli', 'pythonpath')
[5.853s] INFO:colcon.colcon_core.shell:Creating environment hook '/home/vboxuser/hw4_ws/install/py_srvcli/share/py_srvcli/hook/pythonpath.ps1'
[5.854s] INFO:colcon.colcon_core.shell:Creating environment descriptor '/home/vboxuser/hw4_ws/install/py_srvcli/share/py_srvcli/hook/pythonpath.dsv'
[5.854s] INFO:colcon.colcon_core.shell:Creating environment hook '/home/vboxuser/hw4_ws/install/py_srvcli/share/py_srvcli/hook/pythonpath.sh'
[5.855s] Level 1:colcon.colcon_core.environment:checking '/home/vboxuser/hw4_ws/install/py_srvcli/bin'
[5.855s] Level 1:colcon.colcon_core.environment:create_environment_scripts_only(py_srvcli)
[5.878s] INFO:colcon.colcon_core.shell:Creating package script '/home/vboxuser/hw4_ws/install/py_srvcli/share/py_srvcli/package.ps1'
[5.878s] INFO:colcon.colcon_core.shell:Creating package descriptor '/home/vboxuser/hw4_ws/install/py_srvcli/share/py_srvcli/package.dsv'
[5.879s] INFO:colcon.colcon_core.shell:Creating package script '/home/vboxuser/hw4_ws/install/py_srvcli/share/py_srvcli/package.sh'
[5.879s] INFO:colcon.colcon_core.shell:Creating package script '/home/vboxuser/hw4_ws/install/py_srvcli/share/py_srvcli/package.bash'
[5.880s] INFO:colcon.colcon_core.shell:Creating package script '/home/vboxuser/hw4_ws/install/py_srvcli/share/py_srvcli/package.zsh'
[5.880s] Level 1:colcon.colcon_core.environment:create_file_with_runtime_dependencies(/home/vboxuser/hw4_ws/install/py_srvcli/share/colcon-core/packages/py_srvcli)
[5.880s] DEBUG:colcon.colcon_parallel_executor.executor.parallel:closing loop
[5.881s] DEBUG:colcon.colcon_parallel_executor.executor.parallel:loop closed
[5.881s] DEBUG:colcon.colcon_parallel_executor.executor.parallel:run_until_complete finished with '0'
[5.881s] DEBUG:colcon.colcon_core.event_reactor:joining thread
[5.910s] INFO:colcon.colcon_core.plugin_system:Skipping extension 'colcon_notification.desktop_notification.terminal_notifier': Not used on non-Darwin systems
[5.911s] INFO:colcon.colcon_core.plugin_system:Skipping extension 'colcon_notification.desktop_notification.win32': Not used on non-Windows systems
[5.911s] INFO:colcon.colcon_notification.desktop_notification:Sending desktop notification using 'notify2'
[5.927s] DEBUG:colcon.colcon_core.event_reactor:joined thread
[5.965s] INFO:colcon.colcon_core.shell:Creating prefix script '/home/vboxuser/hw4_ws/install/local_setup.ps1'
[5.967s] INFO:colcon.colcon_core.shell:Creating prefix util module '/home/vboxuser/hw4_ws/install/_local_setup_util_ps1.py'
[5.969s] INFO:colcon.colcon_core.shell:Creating prefix chain script '/home/vboxuser/hw4_ws/install/setup.ps1'
[5.996s] INFO:colcon.colcon_core.shell:Creating prefix script '/home/vboxuser/hw4_ws/install/local_setup.sh'
[5.997s] INFO:colcon.colcon_core.shell:Creating prefix util module '/home/vboxuser/hw4_ws/install/_local_setup_util_sh.py'
[5.998s] INFO:colcon.colcon_core.shell:Creating prefix chain script '/home/vboxuser/hw4_ws/install/setup.sh'
[6.022s] INFO:colcon.colcon_core.shell:Creating prefix script '/home/vboxuser/hw4_ws/install/local_setup.bash'
[6.023s] INFO:colcon.colcon_core.shell:Creating prefix chain script '/home/vboxuser/hw4_ws/install/setup.bash'
[6.046s] INFO:colcon.colcon_core.shell:Creating prefix script '/home/vboxuser/hw4_ws/install/local_setup.zsh'
[6.047s] INFO:colcon.colcon_core.shell:Creating prefix chain script '/home/vboxuser/hw4_ws/install/setup.zsh'
