[3.139s] Invoking command in '/home/vboxuser/ros2_ws/src/examples/rclpy/services/minimal_service': PYTHONPATH=/home/vboxuser/ros2_ws/src/build/examples_rclpy_minimal_service/prefix_override:/home/vboxuser/ros2_ws/src/install/examples_rclpy_minimal_service/lib/python3.10/site-packages:${PYTHONPATH} /usr/bin/python3 setup.py egg_info --egg-base ../../../../build/examples_rclpy_minimal_service build --build-base /home/vboxuser/ros2_ws/src/build/examples_rclpy_minimal_service/build install --record /home/vboxuser/ros2_ws/src/build/examples_rclpy_minimal_service/install.log --single-version-externally-managed
[3.797s] running egg_info
[3.797s] creating ../../../../build/examples_rclpy_minimal_service/examples_rclpy_minimal_service.egg-info
[3.797s] writing ../../../../build/examples_rclpy_minimal_service/examples_rclpy_minimal_service.egg-info/PKG-INFO
[3.801s] writing dependency_links to ../../../../build/examples_rclpy_minimal_service/examples_rclpy_minimal_service.egg-info/dependency_links.txt
[3.808s] writing entry points to ../../../../build/examples_rclpy_minimal_service/examples_rclpy_minimal_service.egg-info/entry_points.txt
[3.809s] writing requirements to ../../../../build/examples_rclpy_minimal_service/examples_rclpy_minimal_service.egg-info/requires.txt
[3.809s] writing top-level names to ../../../../build/examples_rclpy_minimal_service/examples_rclpy_minimal_service.egg-info/top_level.txt
[3.809s] writing manifest file '../../../../build/examples_rclpy_minimal_service/examples_rclpy_minimal_service.egg-info/SOURCES.txt'
[3.809s] reading manifest file '../../../../build/examples_rclpy_minimal_service/examples_rclpy_minimal_service.egg-info/SOURCES.txt'
[3.809s] writing manifest file '../../../../build/examples_rclpy_minimal_service/examples_rclpy_minimal_service.egg-info/SOURCES.txt'
[3.809s] running build
[3.809s] running build_py
[3.809s] creating /home/vboxuser/ros2_ws/src/build/examples_rclpy_minimal_service/build
[3.809s] creating /home/vboxuser/ros2_ws/src/build/examples_rclpy_minimal_service/build/lib
[3.810s] creating /home/vboxuser/ros2_ws/src/build/examples_rclpy_minimal_service/build/lib/examples_rclpy_minimal_service
[3.810s] copying examples_rclpy_minimal_service/service_member_function.py -> /home/vboxuser/ros2_ws/src/build/examples_rclpy_minimal_service/build/lib/examples_rclpy_minimal_service
[3.810s] copying examples_rclpy_minimal_service/__init__.py -> /home/vboxuser/ros2_ws/src/build/examples_rclpy_minimal_service/build/lib/examples_rclpy_minimal_service
[3.810s] copying examples_rclpy_minimal_service/service.py -> /home/vboxuser/ros2_ws/src/build/examples_rclpy_minimal_service/build/lib/examples_rclpy_minimal_service
[3.810s] running install
[3.810s] running install_lib
[3.810s] creating /home/vboxuser/ros2_ws/src/install/examples_rclpy_minimal_service/lib/python3.10/site-packages/examples_rclpy_minimal_service
[3.810s] copying /home/vboxuser/ros2_ws/src/build/examples_rclpy_minimal_service/build/lib/examples_rclpy_minimal_service/service_member_function.py -> /home/vboxuser/ros2_ws/src/install/examples_rclpy_minimal_service/lib/python3.10/site-packages/examples_rclpy_minimal_service
[3.810s] copying /home/vboxuser/ros2_ws/src/build/examples_rclpy_minimal_service/build/lib/examples_rclpy_minimal_service/__init__.py -> /home/vboxuser/ros2_ws/src/install/examples_rclpy_minimal_service/lib/python3.10/site-packages/examples_rclpy_minimal_service
[3.810s] copying /home/vboxuser/ros2_ws/src/build/examples_rclpy_minimal_service/build/lib/examples_rclpy_minimal_service/service.py -> /home/vboxuser/ros2_ws/src/install/examples_rclpy_minimal_service/lib/python3.10/site-packages/examples_rclpy_minimal_service
[3.810s] byte-compiling /home/vboxuser/ros2_ws/src/install/examples_rclpy_minimal_service/lib/python3.10/site-packages/examples_rclpy_minimal_service/service_member_function.py to service_member_function.cpython-310.pyc
[3.810s] byte-compiling /home/vboxuser/ros2_ws/src/install/examples_rclpy_minimal_service/lib/python3.10/site-packages/examples_rclpy_minimal_service/__init__.py to __init__.cpython-310.pyc
[3.811s] byte-compiling /home/vboxuser/ros2_ws/src/install/examples_rclpy_minimal_service/lib/python3.10/site-packages/examples_rclpy_minimal_service/service.py to service.cpython-310.pyc
[3.811s] running install_data
[3.811s] creating /home/vboxuser/ros2_ws/src/install/examples_rclpy_minimal_service/share/ament_index
[3.811s] creating /home/vboxuser/ros2_ws/src/install/examples_rclpy_minimal_service/share/ament_index/resource_index
[3.811s] creating /home/vboxuser/ros2_ws/src/install/examples_rclpy_minimal_service/share/ament_index/resource_index/packages
[3.811s] copying resource/examples_rclpy_minimal_service -> /home/vboxuser/ros2_ws/src/install/examples_rclpy_minimal_service/share/ament_index/resource_index/packages
[3.811s] copying package.xml -> /home/vboxuser/ros2_ws/src/install/examples_rclpy_minimal_service/share/examples_rclpy_minimal_service
[3.814s] running install_egg_info
[3.820s] Copying ../../../../build/examples_rclpy_minimal_service/examples_rclpy_minimal_service.egg-info to /home/vboxuser/ros2_ws/src/install/examples_rclpy_minimal_service/lib/python3.10/site-packages/examples_rclpy_minimal_service-0.15.1-py3.10.egg-info
[3.846s] running install_scripts
[3.896s] Installing service script to /home/vboxuser/ros2_ws/src/install/examples_rclpy_minimal_service/lib/examples_rclpy_minimal_service
[3.897s] Installing service_member_function script to /home/vboxuser/ros2_ws/src/install/examples_rclpy_minimal_service/lib/examples_rclpy_minimal_service
[3.897s] writing list of installed files to '/home/vboxuser/ros2_ws/src/build/examples_rclpy_minimal_service/install.log'
[3.969s] Invoked command in '/home/vboxuser/ros2_ws/src/examples/rclpy/services/minimal_service' returned '0': PYTHONPATH=/home/vboxuser/ros2_ws/src/build/examples_rclpy_minimal_service/prefix_override:/home/vboxuser/ros2_ws/src/install/examples_rclpy_minimal_service/lib/python3.10/site-packages:${PYTHONPATH} /usr/bin/python3 setup.py egg_info --egg-base ../../../../build/examples_rclpy_minimal_service build --build-base /home/vboxuser/ros2_ws/src/build/examples_rclpy_minimal_service/build install --record /home/vboxuser/ros2_ws/src/build/examples_rclpy_minimal_service/install.log --single-version-externally-managed
