[0.161s] Invoking command in '/home/vboxuser/ros2_ws/build/examples_rclcpp_minimal_publisher': CMAKE_PREFIX_PATH=/opt/ros/humble /usr/bin/cmake /home/vboxuser/ros2_ws/src/examples/rclcpp/topics/minimal_publisher -DAMENT_CMAKE_SYMLINK_INSTALL=1 -DCMAKE_INSTALL_PREFIX=/home/vboxuser/ros2_ws/install/examples_rclcpp_minimal_publisher
[0.456s] -- The C compiler identification is GNU 11.4.0
[0.694s] -- The CXX compiler identification is GNU 11.4.0
[0.713s] -- Detecting C compiler ABI info
[0.984s] -- Detecting C compiler ABI info - done
[1.040s] -- Check for working C compiler: /usr/bin/cc - skipped
[1.041s] -- Detecting C compile features
[1.041s] -- Detecting C compile features - done
[1.046s] -- Detecting CXX compiler ABI info
[1.232s] -- Detecting CXX compiler ABI info - done
[1.265s] -- Check for working CXX compiler: /usr/bin/c++ - skipped
[1.265s] -- Detecting CXX compile features
[1.265s] -- Detecting CXX compile features - done
[1.266s] -- Found ament_cmake: 1.3.6 (/opt/ros/humble/share/ament_cmake/cmake)
[1.611s] -- Found Python3: /usr/bin/python3.10 (found version "3.10.12") found components: Interpreter 
[1.744s] -- Override CMake install command with custom implementation using symlinks instead of copying resources
[1.811s] -- Found rclcpp: 16.0.7 (/opt/ros/humble/share/rclcpp/cmake)
[1.883s] -- Found rosidl_generator_c: 3.1.5 (/opt/ros/humble/share/rosidl_generator_c/cmake)
[1.888s] -- Found rosidl_adapter: 3.1.5 (/opt/ros/humble/share/rosidl_adapter/cmake)
[1.901s] -- Found rosidl_generator_cpp: 3.1.5 (/opt/ros/humble/share/rosidl_generator_cpp/cmake)
[1.972s] -- Using all available rosidl_typesupport_c: rosidl_typesupport_fastrtps_c;rosidl_typesupport_introspection_c
[2.044s] -- Using all available rosidl_typesupport_cpp: rosidl_typesupport_fastrtps_cpp;rosidl_typesupport_introspection_cpp
[2.313s] -- Found rmw_implementation_cmake: 6.1.1 (/opt/ros/humble/share/rmw_implementation_cmake/cmake)
[2.318s] -- Found rmw_fastrtps_cpp: 6.2.5 (/opt/ros/humble/share/rmw_fastrtps_cpp/cmake)
[2.794s] -- Found OpenSSL: /usr/lib/x86_64-linux-gnu/libcrypto.so (found version "3.0.2")  
[2.866s] -- Found FastRTPS: /opt/ros/humble/include  
[2.995s] -- Using RMW implementation 'rmw_fastrtps_cpp' as default
[3.025s] -- Looking for pthread.h
[3.406s] -- Looking for pthread.h - found
[3.407s] -- Performing Test CMAKE_HAVE_LIBC_PTHREAD
[3.714s] -- Performing Test CMAKE_HAVE_LIBC_PTHREAD - Success
[3.716s] -- Found Threads: TRUE  
[4.494s] -- Found ament_lint_auto: 0.12.9 (/opt/ros/humble/share/ament_lint_auto/cmake)
[4.879s] -- Added test 'copyright' to check source files copyright and LICENSE
[4.880s] -- Added test 'cppcheck' to perform static code analysis on C / C++ code
[4.880s] -- Configured cppcheck include dirs: 
[4.880s] -- Configured cppcheck exclude dirs and/or files: 
[4.882s] -- Added test 'cpplint' to check C / C++ code against the Google style
[4.882s] -- Configured cpplint exclude dirs and/or files: 
[4.883s] -- Added test 'lint_cmake' to check CMake code style
[4.884s] -- Added test 'uncrustify' to check C / C++ code style
[4.884s] -- Configured uncrustify additional arguments: 
[4.884s] -- Added test 'xmllint' to check XML markup files
[4.886s] -- Configuring done
[4.946s] -- Generating done
[4.950s] -- Build files have been written to: /home/vboxuser/ros2_ws/build/examples_rclcpp_minimal_publisher
[5.000s] Invoked command in '/home/vboxuser/ros2_ws/build/examples_rclcpp_minimal_publisher' returned '0': CMAKE_PREFIX_PATH=/opt/ros/humble /usr/bin/cmake /home/vboxuser/ros2_ws/src/examples/rclcpp/topics/minimal_publisher -DAMENT_CMAKE_SYMLINK_INSTALL=1 -DCMAKE_INSTALL_PREFIX=/home/vboxuser/ros2_ws/install/examples_rclcpp_minimal_publisher
[5.001s] Invoking command in '/home/vboxuser/ros2_ws/build/examples_rclcpp_minimal_publisher': CMAKE_PREFIX_PATH=/opt/ros/humble /usr/bin/cmake --build /home/vboxuser/ros2_ws/build/examples_rclcpp_minimal_publisher -- -j6 -l6
[6.453s] [  8%] [32mBuilding CXX object CMakeFiles/publisher_lambda.dir/lambda.cpp.o[0m
[13.753s] [ 16%] [32m[1mLinking CXX executable publisher_lambda[0m
[14.070s] [ 16%] Built target publisher_lambda
[14.098s] [ 25%] [32mBuilding CXX object CMakeFiles/publisher_not_composable.dir/not_composable.cpp.o[0m
[20.448s] [ 33%] [32m[1mLinking CXX executable publisher_not_composable[0m
[20.754s] [ 33%] Built target publisher_not_composable
[20.778s] [ 41%] [32mBuilding CXX object CMakeFiles/publisher_wait_for_all_acked.dir/member_function_with_wait_for_all_acked.cpp.o[0m
[27.398s] [ 50%] [32m[1mLinking CXX executable publisher_wait_for_all_acked[0m
[27.708s] [ 50%] Built target publisher_wait_for_all_acked
[27.733s] [ 58%] [32mBuilding CXX object CMakeFiles/publisher_member_function_with_unique_network_flow_endpoints.dir/member_function_with_unique_network_flow_endpoints.cpp.o[0m
[34.514s] [ 66%] [32m[1mLinking CXX executable publisher_member_function_with_unique_network_flow_endpoints[0m
[34.811s] [ 66%] Built target publisher_member_function_with_unique_network_flow_endpoints
[34.834s] [ 75%] [32mBuilding CXX object CMakeFiles/publisher_member_function_with_type_adapter.dir/member_function_with_type_adapter.cpp.o[0m
[41.295s] [ 83%] [32m[1mLinking CXX executable publisher_member_function_with_type_adapter[0m
[41.557s] [ 83%] Built target publisher_member_function_with_type_adapter
[41.585s] [ 91%] [32mBuilding CXX object CMakeFiles/publisher_member_function.dir/member_function.cpp.o[0m
[47.893s] [100%] [32m[1mLinking CXX executable publisher_member_function[0m
[48.185s] [100%] Built target publisher_member_function
[48.199s] Invoked command in '/home/vboxuser/ros2_ws/build/examples_rclcpp_minimal_publisher' returned '0': CMAKE_PREFIX_PATH=/opt/ros/humble /usr/bin/cmake --build /home/vboxuser/ros2_ws/build/examples_rclcpp_minimal_publisher -- -j6 -l6
[48.261s] Invoking command in '/home/vboxuser/ros2_ws/build/examples_rclcpp_minimal_publisher': CMAKE_PREFIX_PATH=/opt/ros/humble /usr/bin/cmake --install /home/vboxuser/ros2_ws/build/examples_rclcpp_minimal_publisher
[48.270s] -- Install configuration: ""
[48.271s] -- Execute custom install script
[48.272s] -- Symlinking: /home/vboxuser/ros2_ws/install/examples_rclcpp_minimal_publisher/lib/examples_rclcpp_minimal_publisher/publisher_lambda
[48.283s] -- Symlinking: /home/vboxuser/ros2_ws/install/examples_rclcpp_minimal_publisher/lib/examples_rclcpp_minimal_publisher/publisher_member_function
[48.294s] -- Symlinking: /home/vboxuser/ros2_ws/install/examples_rclcpp_minimal_publisher/lib/examples_rclcpp_minimal_publisher/publisher_member_function_with_type_adapter
[48.304s] -- Symlinking: /home/vboxuser/ros2_ws/install/examples_rclcpp_minimal_publisher/lib/examples_rclcpp_minimal_publisher/publisher_member_function_with_unique_network_flow_endpoints
[48.316s] -- Symlinking: /home/vboxuser/ros2_ws/install/examples_rclcpp_minimal_publisher/lib/examples_rclcpp_minimal_publisher/publisher_wait_for_all_acked
[48.327s] -- Symlinking: /home/vboxuser/ros2_ws/install/examples_rclcpp_minimal_publisher/lib/examples_rclcpp_minimal_publisher/publisher_not_composable
[48.339s] -- Symlinking: /home/vboxuser/ros2_ws/install/examples_rclcpp_minimal_publisher/share/ament_index/resource_index/package_run_dependencies/examples_rclcpp_minimal_publisher
[48.356s] -- Symlinking: /home/vboxuser/ros2_ws/install/examples_rclcpp_minimal_publisher/share/ament_index/resource_index/parent_prefix_path/examples_rclcpp_minimal_publisher
[48.368s] -- Symlinking: /home/vboxuser/ros2_ws/install/examples_rclcpp_minimal_publisher/share/examples_rclcpp_minimal_publisher/environment/ament_prefix_path.sh
[48.378s] -- Symlinking: /home/vboxuser/ros2_ws/install/examples_rclcpp_minimal_publisher/share/examples_rclcpp_minimal_publisher/environment/ament_prefix_path.dsv
[48.395s] -- Symlinking: /home/vboxuser/ros2_ws/install/examples_rclcpp_minimal_publisher/share/examples_rclcpp_minimal_publisher/environment/path.sh
[48.405s] -- Symlinking: /home/vboxuser/ros2_ws/install/examples_rclcpp_minimal_publisher/share/examples_rclcpp_minimal_publisher/environment/path.dsv
[48.417s] -- Symlinking: /home/vboxuser/ros2_ws/install/examples_rclcpp_minimal_publisher/share/examples_rclcpp_minimal_publisher/local_setup.bash
[48.427s] -- Symlinking: /home/vboxuser/ros2_ws/install/examples_rclcpp_minimal_publisher/share/examples_rclcpp_minimal_publisher/local_setup.sh
[48.441s] -- Symlinking: /home/vboxuser/ros2_ws/install/examples_rclcpp_minimal_publisher/share/examples_rclcpp_minimal_publisher/local_setup.zsh
[48.455s] -- Symlinking: /home/vboxuser/ros2_ws/install/examples_rclcpp_minimal_publisher/share/examples_rclcpp_minimal_publisher/local_setup.dsv
[48.467s] -- Symlinking: /home/vboxuser/ros2_ws/install/examples_rclcpp_minimal_publisher/share/examples_rclcpp_minimal_publisher/package.dsv
[48.478s] -- Symlinking: /home/vboxuser/ros2_ws/install/examples_rclcpp_minimal_publisher/share/ament_index/resource_index/packages/examples_rclcpp_minimal_publisher
[48.489s] -- Symlinking: /home/vboxuser/ros2_ws/install/examples_rclcpp_minimal_publisher/share/examples_rclcpp_minimal_publisher/cmake/examples_rclcpp_minimal_publisherConfig.cmake
[48.500s] -- Symlinking: /home/vboxuser/ros2_ws/install/examples_rclcpp_minimal_publisher/share/examples_rclcpp_minimal_publisher/cmake/examples_rclcpp_minimal_publisherConfig-version.cmake
[48.509s] -- Symlinking: /home/vboxuser/ros2_ws/install/examples_rclcpp_minimal_publisher/share/examples_rclcpp_minimal_publisher/package.xml
[48.522s] Invoked command in '/home/vboxuser/ros2_ws/build/examples_rclcpp_minimal_publisher' returned '0': CMAKE_PREFIX_PATH=/opt/ros/humble /usr/bin/cmake --install /home/vboxuser/ros2_ws/build/examples_rclcpp_minimal_publisher
