[2.392s] Invoking command in '/home/vboxuser/hw3_ws/src/q3': PYTHONPATH=/home/vboxuser/hw3_ws/build/q3/prefix_override:/home/vboxuser/hw3_ws/install/q3/lib/python3.10/site-packages:${PYTHONPATH} /usr/bin/python3 setup.py egg_info --egg-base ../../build/q3 build --build-base /home/vboxuser/hw3_ws/build/q3/build install --record /home/vboxuser/hw3_ws/build/q3/install.log --single-version-externally-managed
[2.753s] running egg_info
[2.753s] writing ../../build/q3/q3.egg-info/PKG-INFO
[2.754s] writing dependency_links to ../../build/q3/q3.egg-info/dependency_links.txt
[2.754s] writing entry points to ../../build/q3/q3.egg-info/entry_points.txt
[2.754s] writing requirements to ../../build/q3/q3.egg-info/requires.txt
[2.754s] writing top-level names to ../../build/q3/q3.egg-info/top_level.txt
[2.756s] reading manifest file '../../build/q3/q3.egg-info/SOURCES.txt'
[2.758s] writing manifest file '../../build/q3/q3.egg-info/SOURCES.txt'
[2.758s] running build
[2.758s] running build_py
[2.758s] copying q3/node_link.py -> /home/vboxuser/hw3_ws/build/q3/build/lib/q3
[2.758s] running install
[2.759s] running install_lib
[2.759s] copying /home/vboxuser/hw3_ws/build/q3/build/lib/q3/node_link.py -> /home/vboxuser/hw3_ws/install/q3/lib/python3.10/site-packages/q3
[2.760s] byte-compiling /home/vboxuser/hw3_ws/install/q3/lib/python3.10/site-packages/q3/node_link.py to node_link.cpython-310.pyc
[2.761s] running install_data
[2.762s] running install_egg_info
[2.764s] removing '/home/vboxuser/hw3_ws/install/q3/lib/python3.10/site-packages/q3-0.0.0-py3.10.egg-info' (and everything under it)
[2.764s] Copying ../../build/q3/q3.egg-info to /home/vboxuser/hw3_ws/install/q3/lib/python3.10/site-packages/q3-0.0.0-py3.10.egg-info
[2.765s] running install_scripts
[2.791s] Installing node_link script to /home/vboxuser/hw3_ws/install/q3/lib/q3
[2.792s] writing list of installed files to '/home/vboxuser/hw3_ws/build/q3/install.log'
[2.839s] Invoked command in '/home/vboxuser/hw3_ws/src/q3' returned '0': PYTHONPATH=/home/vboxuser/hw3_ws/build/q3/prefix_override:/home/vboxuser/hw3_ws/install/q3/lib/python3.10/site-packages:${PYTHONPATH} /usr/bin/python3 setup.py egg_info --egg-base ../../build/q3 build --build-base /home/vboxuser/hw3_ws/build/q3/build install --record /home/vboxuser/hw3_ws/build/q3/install.log --single-version-externally-managed
