[3.011s] Invoking command in '/home/vboxuser/ros2_ws/build/examples_rclpy_minimal_client': PYTHONPATH=/home/vboxuser/ros2_ws/build/examples_rclpy_minimal_client/prefix_override:/home/vboxuser/ros2_ws/install/examples_rclpy_minimal_client/lib/python3.10/site-packages:${PYTHONPATH} /usr/bin/python3 setup.py develop --editable --build-directory /home/vboxuser/ros2_ws/build/examples_rclpy_minimal_client/build --no-deps install_data
[3.487s] running develop
[3.760s] running egg_info
[3.760s] writing examples_rclpy_minimal_client.egg-info/PKG-INFO
[3.760s] writing dependency_links to examples_rclpy_minimal_client.egg-info/dependency_links.txt
[3.760s] writing entry points to examples_rclpy_minimal_client.egg-info/entry_points.txt
[3.760s] writing requirements to examples_rclpy_minimal_client.egg-info/requires.txt
[3.761s] writing top-level names to examples_rclpy_minimal_client.egg-info/top_level.txt
[3.763s] reading manifest file 'examples_rclpy_minimal_client.egg-info/SOURCES.txt'
[3.764s] writing manifest file 'examples_rclpy_minimal_client.egg-info/SOURCES.txt'
[3.766s] running build_ext
[3.767s] Creating /home/vboxuser/ros2_ws/install/examples_rclpy_minimal_client/lib/python3.10/site-packages/examples-rclpy-minimal-client.egg-link (link to .)
[3.768s] Installing client script to /home/vboxuser/ros2_ws/install/examples_rclpy_minimal_client/lib/examples_rclpy_minimal_client
[3.768s] Installing client_async script to /home/vboxuser/ros2_ws/install/examples_rclpy_minimal_client/lib/examples_rclpy_minimal_client
[3.768s] Installing client_async_callback script to /home/vboxuser/ros2_ws/install/examples_rclpy_minimal_client/lib/examples_rclpy_minimal_client
[3.768s] Installing client_async_member_function script to /home/vboxuser/ros2_ws/install/examples_rclpy_minimal_client/lib/examples_rclpy_minimal_client
[3.768s] 
[3.768s] Installed /home/vboxuser/ros2_ws/build/examples_rclpy_minimal_client
[3.769s] running install_data
[4.803s] Invoked command in '/home/vboxuser/ros2_ws/build/examples_rclpy_minimal_client' returned '0': PYTHONPATH=/home/vboxuser/ros2_ws/build/examples_rclpy_minimal_client/prefix_override:/home/vboxuser/ros2_ws/install/examples_rclpy_minimal_client/lib/python3.10/site-packages:${PYTHONPATH} /usr/bin/python3 setup.py develop --editable --build-directory /home/vboxuser/ros2_ws/build/examples_rclpy_minimal_client/build --no-deps install_data
