[2.874s] Invoking command in '/home/vboxuser/hw3_ws/src/q2': PYTHONPATH=/home/vboxuser/hw3_ws/build/q2/prefix_override:/home/vboxuser/hw3_ws/install/q2/lib/python3.10/site-packages:${PYTHONPATH} /usr/bin/python3 setup.py egg_info --egg-base ../../build/q2 build --build-base /home/vboxuser/hw3_ws/build/q2/build install --record /home/vboxuser/hw3_ws/build/q2/install.log --single-version-externally-managed
[3.269s] running egg_info
[3.269s] writing ../../build/q2/q2.egg-info/PKG-INFO
[3.269s] writing dependency_links to ../../build/q2/q2.egg-info/dependency_links.txt
[3.269s] writing entry points to ../../build/q2/q2.egg-info/entry_points.txt
[3.269s] writing requirements to ../../build/q2/q2.egg-info/requires.txt
[3.269s] writing top-level names to ../../build/q2/q2.egg-info/top_level.txt
[3.272s] reading manifest file '../../build/q2/q2.egg-info/SOURCES.txt'
[3.273s] adding license file 'LICENSE'
[3.276s] writing manifest file '../../build/q2/q2.egg-info/SOURCES.txt'
[3.276s] running build
[3.276s] running build_py
[3.276s] running install
[3.276s] running install_lib
[3.277s] running install_data
[3.277s] running install_egg_info
[3.277s] removing '/home/vboxuser/hw3_ws/install/q2/lib/python3.10/site-packages/q2-0.0.0-py3.10.egg-info' (and everything under it)
[3.277s] Copying ../../build/q2/q2.egg-info to /home/vboxuser/hw3_ws/install/q2/lib/python3.10/site-packages/q2-0.0.0-py3.10.egg-info
[3.283s] running install_scripts
[3.308s] Installing node_link script to /home/vboxuser/hw3_ws/install/q2/lib/q2
[3.309s] Installing node_link2 script to /home/vboxuser/hw3_ws/install/q2/lib/q2
[3.309s] writing list of installed files to '/home/vboxuser/hw3_ws/build/q2/install.log'
[3.371s] Invoked command in '/home/vboxuser/hw3_ws/src/q2' returned '0': PYTHONPATH=/home/vboxuser/hw3_ws/build/q2/prefix_override:/home/vboxuser/hw3_ws/install/q2/lib/python3.10/site-packages:${PYTHONPATH} /usr/bin/python3 setup.py egg_info --egg-base ../../build/q2 build --build-base /home/vboxuser/hw3_ws/build/q2/build install --record /home/vboxuser/hw3_ws/build/q2/install.log --single-version-externally-managed
