[1.006s] Invoking command in '/home/vboxuser/hw4_ws/src/calculator': PYTHONPATH=/home/vboxuser/hw4_ws/build/calculator/prefix_override:/home/vboxuser/hw4_ws/install/calculator/lib/python3.10/site-packages:${PYTHONPATH} /usr/bin/python3 setup.py egg_info --egg-base ../../build/calculator build --build-base /home/vboxuser/hw4_ws/build/calculator/build install --record /home/vboxuser/hw4_ws/build/calculator/install.log --single-version-externally-managed
[1.367s] running egg_info
[1.368s] creating ../../build/calculator/calculator.egg-info
[1.368s] writing ../../build/calculator/calculator.egg-info/PKG-INFO
[1.369s] writing dependency_links to ../../build/calculator/calculator.egg-info/dependency_links.txt
[1.369s] writing entry points to ../../build/calculator/calculator.egg-info/entry_points.txt
[1.369s] writing requirements to ../../build/calculator/calculator.egg-info/requires.txt
[1.369s] writing top-level names to ../../build/calculator/calculator.egg-info/top_level.txt
[1.369s] writing manifest file '../../build/calculator/calculator.egg-info/SOURCES.txt'
[1.371s] reading manifest file '../../build/calculator/calculator.egg-info/SOURCES.txt'
[1.371s] adding license file 'LICENSE'
[1.372s] writing manifest file '../../build/calculator/calculator.egg-info/SOURCES.txt'
[1.372s] running build
[1.373s] running build_py
[1.373s] creating /home/vboxuser/hw4_ws/build/calculator/build
[1.373s] creating /home/vboxuser/hw4_ws/build/calculator/build/lib
[1.373s] creating /home/vboxuser/hw4_ws/build/calculator/build/lib/calculator
[1.373s] copying calculator/calc_node.py -> /home/vboxuser/hw4_ws/build/calculator/build/lib/calculator
[1.373s] copying calculator/__init__.py -> /home/vboxuser/hw4_ws/build/calculator/build/lib/calculator
[1.373s] running install
[1.374s] running install_lib
[1.374s] creating /home/vboxuser/hw4_ws/install/calculator/lib/python3.10/site-packages/calculator
[1.374s] copying /home/vboxuser/hw4_ws/build/calculator/build/lib/calculator/calc_node.py -> /home/vboxuser/hw4_ws/install/calculator/lib/python3.10/site-packages/calculator
[1.374s] copying /home/vboxuser/hw4_ws/build/calculator/build/lib/calculator/__init__.py -> /home/vboxuser/hw4_ws/install/calculator/lib/python3.10/site-packages/calculator
[1.375s] byte-compiling /home/vboxuser/hw4_ws/install/calculator/lib/python3.10/site-packages/calculator/calc_node.py to calc_node.cpython-310.pyc
[1.375s] byte-compiling /home/vboxuser/hw4_ws/install/calculator/lib/python3.10/site-packages/calculator/__init__.py to __init__.cpython-310.pyc
[1.375s] running install_data
[1.376s] creating /home/vboxuser/hw4_ws/install/calculator/share/ament_index
[1.376s] creating /home/vboxuser/hw4_ws/install/calculator/share/ament_index/resource_index
[1.376s] creating /home/vboxuser/hw4_ws/install/calculator/share/ament_index/resource_index/packages
[1.376s] copying resource/calculator -> /home/vboxuser/hw4_ws/install/calculator/share/ament_index/resource_index/packages
[1.376s] copying package.xml -> /home/vboxuser/hw4_ws/install/calculator/share/calculator
[1.376s] running install_egg_info
[1.381s] Copying ../../build/calculator/calculator.egg-info to /home/vboxuser/hw4_ws/install/calculator/lib/python3.10/site-packages/calculator-0.0.0-py3.10.egg-info
[1.381s] running install_scripts
[1.406s] Installing calc_node script to /home/vboxuser/hw4_ws/install/calculator/lib/calculator
[1.407s] writing list of installed files to '/home/vboxuser/hw4_ws/build/calculator/install.log'
[1.436s] Invoked command in '/home/vboxuser/hw4_ws/src/calculator' returned '0': PYTHONPATH=/home/vboxuser/hw4_ws/build/calculator/prefix_override:/home/vboxuser/hw4_ws/install/calculator/lib/python3.10/site-packages:${PYTHONPATH} /usr/bin/python3 setup.py egg_info --egg-base ../../build/calculator build --build-base /home/vboxuser/hw4_ws/build/calculator/build install --record /home/vboxuser/hw4_ws/build/calculator/install.log --single-version-externally-managed
