[1.557s] DEBUG:colcon:Command line arguments: ['/usr/bin/colcon', 'build']
[1.557s] DEBUG:colcon:Parsed command line arguments: Namespace(log_base=None, log_level=None, verb_name='build', build_base='build', install_base='install', merge_install=False, symlink_install=False, test_result_base=None, continue_on_error=False, executor='parallel', parallel_workers=6, event_handlers=None, ignore_user_meta=False, metas=['./colcon.meta'], base_paths=['.'], packages_ignore=None, packages_ignore_regex=None, paths=None, packages_up_to=None, packages_up_to_regex=None, packages_above=None, packages_above_and_dependencies=None, packages_above_depth=None, packages_select_by_dep=None, packages_skip_by_dep=None, packages_skip_up_to=None, packages_select_build_failed=False, packages_skip_build_finished=False, packages_select_test_failures=False, packages_skip_test_passed=False, packages_select=None, packages_skip=None, packages_select_regex=None, packages_skip_regex=None, packages_start=None, packages_end=None, allow_overriding=[], cmake_args=None, cmake_target=None, cmake_target_skip_unavailable=False, cmake_clean_cache=False, cmake_clean_first=False, cmake_force_configure=False, ament_cmake_args=None, catkin_cmake_args=None, catkin_skip_building_tests=False, verb_parser=<colcon_defaults.argument_parser.defaults.DefaultArgumentsDecorator object at 0x7f45c2d7c1f0>, verb_extension=<colcon_core.verb.build.BuildVerb object at 0x7f45c2d7fca0>, main=<bound method BuildVerb.main of <colcon_core.verb.build.BuildVerb object at 0x7f45c2d7fca0>>)
[1.621s] Level 1:colcon.colcon_core.package_discovery:discover_packages(colcon_meta) check parameters
[1.621s] Level 1:colcon.colcon_core.package_discovery:discover_packages(recursive) check parameters
[1.621s] Level 1:colcon.colcon_core.package_discovery:discover_packages(ignore) check parameters
[1.621s] Level 1:colcon.colcon_core.package_discovery:discover_packages(path) check parameters
[1.621s] Level 1:colcon.colcon_core.package_discovery:discover_packages(colcon_meta) discover
[1.621s] Level 1:colcon.colcon_core.package_discovery:discover_packages(recursive) discover
[1.621s] INFO:colcon.colcon_core.package_discovery:Crawling recursively for packages in '/home/vboxuser/hw5_ws'
[1.622s] Level 1:colcon.colcon_core.package_identification:_identify(.) by extensions ['ignore', 'ignore_ament_install']
[1.622s] Level 1:colcon.colcon_core.package_identification:_identify(.) by extension 'ignore'
[1.622s] Level 1:colcon.colcon_core.package_identification:_identify(.) by extension 'ignore_ament_install'
[1.622s] Level 1:colcon.colcon_core.package_identification:_identify(.) by extensions ['colcon_pkg']
[1.622s] Level 1:colcon.colcon_core.package_identification:_identify(.) by extension 'colcon_pkg'
[1.622s] Level 1:colcon.colcon_core.package_identification:_identify(.) by extensions ['colcon_meta']
[1.622s] Level 1:colcon.colcon_core.package_identification:_identify(.) by extension 'colcon_meta'
[1.622s] Level 1:colcon.colcon_core.package_identification:_identify(.) by extensions ['ros']
[1.622s] Level 1:colcon.colcon_core.package_identification:_identify(.) by extension 'ros'
[1.637s] Level 1:colcon.colcon_core.package_identification:_identify(.) by extensions ['cmake', 'python']
[1.638s] Level 1:colcon.colcon_core.package_identification:_identify(.) by extension 'cmake'
[1.638s] Level 1:colcon.colcon_core.package_identification:_identify(.) by extension 'python'
[1.638s] Level 1:colcon.colcon_core.package_identification:_identify(.) by extensions ['python_setup_py']
[1.638s] Level 1:colcon.colcon_core.package_identification:_identify(.) by extension 'python_setup_py'
[1.638s] Level 1:colcon.colcon_core.package_identification:_identify(build) by extensions ['ignore', 'ignore_ament_install']
[1.638s] Level 1:colcon.colcon_core.package_identification:_identify(build) by extension 'ignore'
[1.638s] Level 1:colcon.colcon_core.package_identification:_identify(build) ignored
[1.638s] Level 1:colcon.colcon_core.package_identification:_identify(install) by extensions ['ignore', 'ignore_ament_install']
[1.638s] Level 1:colcon.colcon_core.package_identification:_identify(install) by extension 'ignore'
[1.638s] Level 1:colcon.colcon_core.package_identification:_identify(install) ignored
[1.639s] Level 1:colcon.colcon_core.package_identification:_identify(log) by extensions ['ignore', 'ignore_ament_install']
[1.639s] Level 1:colcon.colcon_core.package_identification:_identify(log) by extension 'ignore'
[1.639s] Level 1:colcon.colcon_core.package_identification:_identify(log) ignored
[1.639s] Level 1:colcon.colcon_core.package_identification:_identify(src) by extensions ['ignore', 'ignore_ament_install']
[1.639s] Level 1:colcon.colcon_core.package_identification:_identify(src) by extension 'ignore'
[1.639s] Level 1:colcon.colcon_core.package_identification:_identify(src) by extension 'ignore_ament_install'
[1.639s] Level 1:colcon.colcon_core.package_identification:_identify(src) by extensions ['colcon_pkg']
[1.639s] Level 1:colcon.colcon_core.package_identification:_identify(src) by extension 'colcon_pkg'
[1.639s] Level 1:colcon.colcon_core.package_identification:_identify(src) by extensions ['colcon_meta']
[1.639s] Level 1:colcon.colcon_core.package_identification:_identify(src) by extension 'colcon_meta'
[1.639s] Level 1:colcon.colcon_core.package_identification:_identify(src) by extensions ['ros']
[1.639s] Level 1:colcon.colcon_core.package_identification:_identify(src) by extension 'ros'
[1.639s] Level 1:colcon.colcon_core.package_identification:_identify(src) by extensions ['cmake', 'python']
[1.639s] Level 1:colcon.colcon_core.package_identification:_identify(src) by extension 'cmake'
[1.639s] Level 1:colcon.colcon_core.package_identification:_identify(src) by extension 'python'
[1.640s] Level 1:colcon.colcon_core.package_identification:_identify(src) by extensions ['python_setup_py']
[1.640s] Level 1:colcon.colcon_core.package_identification:_identify(src) by extension 'python_setup_py'
[1.640s] Level 1:colcon.colcon_core.package_identification:_identify(src/actions_py) by extensions ['ignore', 'ignore_ament_install']
[1.640s] Level 1:colcon.colcon_core.package_identification:_identify(src/actions_py) by extension 'ignore'
[1.640s] Level 1:colcon.colcon_core.package_identification:_identify(src/actions_py) by extension 'ignore_ament_install'
[1.640s] Level 1:colcon.colcon_core.package_identification:_identify(src/actions_py) by extensions ['colcon_pkg']
[1.640s] Level 1:colcon.colcon_core.package_identification:_identify(src/actions_py) by extension 'colcon_pkg'
[1.640s] Level 1:colcon.colcon_core.package_identification:_identify(src/actions_py) by extensions ['colcon_meta']
[1.640s] Level 1:colcon.colcon_core.package_identification:_identify(src/actions_py) by extension 'colcon_meta'
[1.640s] Level 1:colcon.colcon_core.package_identification:_identify(src/actions_py) by extensions ['ros']
[1.640s] Level 1:colcon.colcon_core.package_identification:_identify(src/actions_py) by extension 'ros'
[1.643s] DEBUG:colcon.colcon_core.package_identification:Package 'src/actions_py' with type 'ros.ament_python' and name 'actions_py'
[1.644s] Level 1:colcon.colcon_core.package_identification:_identify(src/build) by extensions ['ignore', 'ignore_ament_install']
[1.644s] Level 1:colcon.colcon_core.package_identification:_identify(src/build) by extension 'ignore'
[1.644s] Level 1:colcon.colcon_core.package_identification:_identify(src/build) ignored
[1.644s] Level 1:colcon.colcon_core.package_identification:_identify(src/install) by extensions ['ignore', 'ignore_ament_install']
[1.644s] Level 1:colcon.colcon_core.package_identification:_identify(src/install) by extension 'ignore'
[1.644s] Level 1:colcon.colcon_core.package_identification:_identify(src/install) ignored
[1.644s] Level 1:colcon.colcon_core.package_identification:_identify(src/log) by extensions ['ignore', 'ignore_ament_install']
[1.644s] Level 1:colcon.colcon_core.package_identification:_identify(src/log) by extension 'ignore'
[1.644s] Level 1:colcon.colcon_core.package_identification:_identify(src/log) ignored
[1.644s] Level 1:colcon.colcon_core.package_identification:_identify(src/my_interfaces) by extensions ['ignore', 'ignore_ament_install']
[1.645s] Level 1:colcon.colcon_core.package_identification:_identify(src/my_interfaces) by extension 'ignore'
[1.645s] Level 1:colcon.colcon_core.package_identification:_identify(src/my_interfaces) by extension 'ignore_ament_install'
[1.645s] Level 1:colcon.colcon_core.package_identification:_identify(src/my_interfaces) by extensions ['colcon_pkg']
[1.645s] Level 1:colcon.colcon_core.package_identification:_identify(src/my_interfaces) by extension 'colcon_pkg'
[1.645s] Level 1:colcon.colcon_core.package_identification:_identify(src/my_interfaces) by extensions ['colcon_meta']
[1.645s] Level 1:colcon.colcon_core.package_identification:_identify(src/my_interfaces) by extension 'colcon_meta'
[1.645s] Level 1:colcon.colcon_core.package_identification:_identify(src/my_interfaces) by extensions ['ros']
[1.645s] Level 1:colcon.colcon_core.package_identification:_identify(src/my_interfaces) by extension 'ros'
[1.646s] DEBUG:colcon.colcon_core.package_identification:Package 'src/my_interfaces' with type 'ros.ament_cmake' and name 'my_interfaces'
[1.646s] Level 1:colcon.colcon_core.package_identification:_identify(src/my_robot_intrfaces) by extensions ['ignore', 'ignore_ament_install']
[1.646s] Level 1:colcon.colcon_core.package_identification:_identify(src/my_robot_intrfaces) by extension 'ignore'
[1.646s] Level 1:colcon.colcon_core.package_identification:_identify(src/my_robot_intrfaces) ignored
[1.647s] Level 1:colcon.colcon_core.package_identification:_identify(src/turtle_joy) by extensions ['ignore', 'ignore_ament_install']
[1.647s] Level 1:colcon.colcon_core.package_identification:_identify(src/turtle_joy) by extension 'ignore'
[1.647s] Level 1:colcon.colcon_core.package_identification:_identify(src/turtle_joy) by extension 'ignore_ament_install'
[1.647s] Level 1:colcon.colcon_core.package_identification:_identify(src/turtle_joy) by extensions ['colcon_pkg']
[1.647s] Level 1:colcon.colcon_core.package_identification:_identify(src/turtle_joy) by extension 'colcon_pkg'
[1.647s] Level 1:colcon.colcon_core.package_identification:_identify(src/turtle_joy) by extensions ['colcon_meta']
[1.647s] Level 1:colcon.colcon_core.package_identification:_identify(src/turtle_joy) by extension 'colcon_meta'
[1.647s] Level 1:colcon.colcon_core.package_identification:_identify(src/turtle_joy) by extensions ['ros']
[1.647s] Level 1:colcon.colcon_core.package_identification:_identify(src/turtle_joy) by extension 'ros'
[1.648s] DEBUG:colcon.colcon_core.package_identification:Package 'src/turtle_joy' with type 'ros.ament_python' and name 'turtle_joy'
[1.649s] Level 1:colcon.colcon_core.package_identification:_identify(src/turtle_mover) by extensions ['ignore', 'ignore_ament_install']
[1.649s] Level 1:colcon.colcon_core.package_identification:_identify(src/turtle_mover) by extension 'ignore'
[1.649s] Level 1:colcon.colcon_core.package_identification:_identify(src/turtle_mover) by extension 'ignore_ament_install'
[1.649s] Level 1:colcon.colcon_core.package_identification:_identify(src/turtle_mover) by extensions ['colcon_pkg']
[1.649s] Level 1:colcon.colcon_core.package_identification:_identify(src/turtle_mover) by extension 'colcon_pkg'
[1.649s] Level 1:colcon.colcon_core.package_identification:_identify(src/turtle_mover) by extensions ['colcon_meta']
[1.649s] Level 1:colcon.colcon_core.package_identification:_identify(src/turtle_mover) by extension 'colcon_meta'
[1.649s] Level 1:colcon.colcon_core.package_identification:_identify(src/turtle_mover) by extensions ['ros']
[1.649s] Level 1:colcon.colcon_core.package_identification:_identify(src/turtle_mover) by extension 'ros'
[1.650s] DEBUG:colcon.colcon_core.package_identification:Package 'src/turtle_mover' with type 'ros.ament_python' and name 'turtle_mover'
[1.650s] Level 1:colcon.colcon_core.package_identification:_identify(src/turtle_run) by extensions ['ignore', 'ignore_ament_install']
[1.650s] Level 1:colcon.colcon_core.package_identification:_identify(src/turtle_run) by extension 'ignore'
[1.650s] Level 1:colcon.colcon_core.package_identification:_identify(src/turtle_run) by extension 'ignore_ament_install'
[1.650s] Level 1:colcon.colcon_core.package_identification:_identify(src/turtle_run) by extensions ['colcon_pkg']
[1.650s] Level 1:colcon.colcon_core.package_identification:_identify(src/turtle_run) by extension 'colcon_pkg'
[1.650s] Level 1:colcon.colcon_core.package_identification:_identify(src/turtle_run) by extensions ['colcon_meta']
[1.650s] Level 1:colcon.colcon_core.package_identification:_identify(src/turtle_run) by extension 'colcon_meta'
[1.650s] Level 1:colcon.colcon_core.package_identification:_identify(src/turtle_run) by extensions ['ros']
[1.651s] Level 1:colcon.colcon_core.package_identification:_identify(src/turtle_run) by extension 'ros'
[1.652s] DEBUG:colcon.colcon_core.package_identification:Package 'src/turtle_run' with type 'ros.ament_python' and name 'turtle_run'
[1.652s] Level 1:colcon.colcon_core.package_discovery:discover_packages(recursive) using defaults
[1.652s] Level 1:colcon.colcon_core.package_discovery:discover_packages(ignore) discover
[1.652s] Level 1:colcon.colcon_core.package_discovery:discover_packages(ignore) using defaults
[1.652s] Level 1:colcon.colcon_core.package_discovery:discover_packages(path) discover
[1.652s] Level 1:colcon.colcon_core.package_discovery:discover_packages(path) using defaults
[1.800s] Level 1:colcon.colcon_core.package_discovery:discover_packages(prefix_path) check parameters
[1.800s] Level 1:colcon.colcon_core.package_discovery:discover_packages(prefix_path) discover
[1.843s] DEBUG:colcon.colcon_installed_package_information.package_discovery:Found 6 installed packages in /home/vboxuser/hw5_ws/install
[1.867s] DEBUG:colcon.colcon_installed_package_information.package_discovery:Found 284 installed packages in /opt/ros/humble
[1.869s] Level 1:colcon.colcon_core.package_discovery:discover_packages(prefix_path) using defaults
[2.034s] Level 5:colcon.colcon_core.verb:set package 'actions_py' build argument 'cmake_args' from command line to 'None'
[2.034s] Level 5:colcon.colcon_core.verb:set package 'actions_py' build argument 'cmake_target' from command line to 'None'
[2.034s] Level 5:colcon.colcon_core.verb:set package 'actions_py' build argument 'cmake_target_skip_unavailable' from command line to 'False'
[2.034s] Level 5:colcon.colcon_core.verb:set package 'actions_py' build argument 'cmake_clean_cache' from command line to 'False'
[2.034s] Level 5:colcon.colcon_core.verb:set package 'actions_py' build argument 'cmake_clean_first' from command line to 'False'
[2.034s] Level 5:colcon.colcon_core.verb:set package 'actions_py' build argument 'cmake_force_configure' from command line to 'False'
[2.034s] Level 5:colcon.colcon_core.verb:set package 'actions_py' build argument 'ament_cmake_args' from command line to 'None'
[2.034s] Level 5:colcon.colcon_core.verb:set package 'actions_py' build argument 'catkin_cmake_args' from command line to 'None'
[2.034s] Level 5:colcon.colcon_core.verb:set package 'actions_py' build argument 'catkin_skip_building_tests' from command line to 'False'
[2.034s] DEBUG:colcon.colcon_core.verb:Building package 'actions_py' with the following arguments: {'ament_cmake_args': None, 'build_base': '/home/vboxuser/hw5_ws/build/actions_py', 'catkin_cmake_args': None, 'catkin_skip_building_tests': False, 'cmake_args': None, 'cmake_clean_cache': False, 'cmake_clean_first': False, 'cmake_force_configure': False, 'cmake_target': None, 'cmake_target_skip_unavailable': False, 'install_base': '/home/vboxuser/hw5_ws/install/actions_py', 'merge_install': False, 'path': '/home/vboxuser/hw5_ws/src/actions_py', 'symlink_install': False, 'test_result_base': None}
[2.056s] Level 5:colcon.colcon_core.verb:set package 'my_interfaces' build argument 'cmake_args' from command line to 'None'
[2.056s] Level 5:colcon.colcon_core.verb:set package 'my_interfaces' build argument 'cmake_target' from command line to 'None'
[2.056s] Level 5:colcon.colcon_core.verb:set package 'my_interfaces' build argument 'cmake_target_skip_unavailable' from command line to 'False'
[2.056s] Level 5:colcon.colcon_core.verb:set package 'my_interfaces' build argument 'cmake_clean_cache' from command line to 'False'
[2.057s] Level 5:colcon.colcon_core.verb:set package 'my_interfaces' build argument 'cmake_clean_first' from command line to 'False'
[2.057s] Level 5:colcon.colcon_core.verb:set package 'my_interfaces' build argument 'cmake_force_configure' from command line to 'False'
[2.057s] Level 5:colcon.colcon_core.verb:set package 'my_interfaces' build argument 'ament_cmake_args' from command line to 'None'
[2.057s] Level 5:colcon.colcon_core.verb:set package 'my_interfaces' build argument 'catkin_cmake_args' from command line to 'None'
[2.057s] Level 5:colcon.colcon_core.verb:set package 'my_interfaces' build argument 'catkin_skip_building_tests' from command line to 'False'
[2.057s] DEBUG:colcon.colcon_core.verb:Building package 'my_interfaces' with the following arguments: {'ament_cmake_args': None, 'build_base': '/home/vboxuser/hw5_ws/build/my_interfaces', 'catkin_cmake_args': None, 'catkin_skip_building_tests': False, 'cmake_args': None, 'cmake_clean_cache': False, 'cmake_clean_first': False, 'cmake_force_configure': False, 'cmake_target': None, 'cmake_target_skip_unavailable': False, 'install_base': '/home/vboxuser/hw5_ws/install/my_interfaces', 'merge_install': False, 'path': '/home/vboxuser/hw5_ws/src/my_interfaces', 'symlink_install': False, 'test_result_base': None}
[2.079s] Level 5:colcon.colcon_core.verb:set package 'turtle_joy' build argument 'cmake_args' from command line to 'None'
[2.079s] Level 5:colcon.colcon_core.verb:set package 'turtle_joy' build argument 'cmake_target' from command line to 'None'
[2.079s] Level 5:colcon.colcon_core.verb:set package 'turtle_joy' build argument 'cmake_target_skip_unavailable' from command line to 'False'
[2.079s] Level 5:colcon.colcon_core.verb:set package 'turtle_joy' build argument 'cmake_clean_cache' from command line to 'False'
[2.079s] Level 5:colcon.colcon_core.verb:set package 'turtle_joy' build argument 'cmake_clean_first' from command line to 'False'
[2.079s] Level 5:colcon.colcon_core.verb:set package 'turtle_joy' build argument 'cmake_force_configure' from command line to 'False'
[2.079s] Level 5:colcon.colcon_core.verb:set package 'turtle_joy' build argument 'ament_cmake_args' from command line to 'None'
[2.079s] Level 5:colcon.colcon_core.verb:set package 'turtle_joy' build argument 'catkin_cmake_args' from command line to 'None'
[2.079s] Level 5:colcon.colcon_core.verb:set package 'turtle_joy' build argument 'catkin_skip_building_tests' from command line to 'False'
[2.079s] DEBUG:colcon.colcon_core.verb:Building package 'turtle_joy' with the following arguments: {'ament_cmake_args': None, 'build_base': '/home/vboxuser/hw5_ws/build/turtle_joy', 'catkin_cmake_args': None, 'catkin_skip_building_tests': False, 'cmake_args': None, 'cmake_clean_cache': False, 'cmake_clean_first': False, 'cmake_force_configure': False, 'cmake_target': None, 'cmake_target_skip_unavailable': False, 'install_base': '/home/vboxuser/hw5_ws/install/turtle_joy', 'merge_install': False, 'path': '/home/vboxuser/hw5_ws/src/turtle_joy', 'symlink_install': False, 'test_result_base': None}
[2.102s] Level 5:colcon.colcon_core.verb:set package 'turtle_mover' build argument 'cmake_args' from command line to 'None'
[2.102s] Level 5:colcon.colcon_core.verb:set package 'turtle_mover' build argument 'cmake_target' from command line to 'None'
[2.102s] Level 5:colcon.colcon_core.verb:set package 'turtle_mover' build argument 'cmake_target_skip_unavailable' from command line to 'False'
[2.102s] Level 5:colcon.colcon_core.verb:set package 'turtle_mover' build argument 'cmake_clean_cache' from command line to 'False'
[2.102s] Level 5:colcon.colcon_core.verb:set package 'turtle_mover' build argument 'cmake_clean_first' from command line to 'False'
[2.102s] Level 5:colcon.colcon_core.verb:set package 'turtle_mover' build argument 'cmake_force_configure' from command line to 'False'
[2.102s] Level 5:colcon.colcon_core.verb:set package 'turtle_mover' build argument 'ament_cmake_args' from command line to 'None'
[2.102s] Level 5:colcon.colcon_core.verb:set package 'turtle_mover' build argument 'catkin_cmake_args' from command line to 'None'
[2.102s] Level 5:colcon.colcon_core.verb:set package 'turtle_mover' build argument 'catkin_skip_building_tests' from command line to 'False'
[2.102s] DEBUG:colcon.colcon_core.verb:Building package 'turtle_mover' with the following arguments: {'ament_cmake_args': None, 'build_base': '/home/vboxuser/hw5_ws/build/turtle_mover', 'catkin_cmake_args': None, 'catkin_skip_building_tests': False, 'cmake_args': None, 'cmake_clean_cache': False, 'cmake_clean_first': False, 'cmake_force_configure': False, 'cmake_target': None, 'cmake_target_skip_unavailable': False, 'install_base': '/home/vboxuser/hw5_ws/install/turtle_mover', 'merge_install': False, 'path': '/home/vboxuser/hw5_ws/src/turtle_mover', 'symlink_install': False, 'test_result_base': None}
[2.124s] Level 5:colcon.colcon_core.verb:set package 'turtle_run' build argument 'cmake_args' from command line to 'None'
[2.124s] Level 5:colcon.colcon_core.verb:set package 'turtle_run' build argument 'cmake_target' from command line to 'None'
[2.124s] Level 5:colcon.colcon_core.verb:set package 'turtle_run' build argument 'cmake_target_skip_unavailable' from command line to 'False'
[2.124s] Level 5:colcon.colcon_core.verb:set package 'turtle_run' build argument 'cmake_clean_cache' from command line to 'False'
[2.125s] Level 5:colcon.colcon_core.verb:set package 'turtle_run' build argument 'cmake_clean_first' from command line to 'False'
[2.125s] Level 5:colcon.colcon_core.verb:set package 'turtle_run' build argument 'cmake_force_configure' from command line to 'False'
[2.125s] Level 5:colcon.colcon_core.verb:set package 'turtle_run' build argument 'ament_cmake_args' from command line to 'None'
[2.125s] Level 5:colcon.colcon_core.verb:set package 'turtle_run' build argument 'catkin_cmake_args' from command line to 'None'
[2.125s] Level 5:colcon.colcon_core.verb:set package 'turtle_run' build argument 'catkin_skip_building_tests' from command line to 'False'
[2.125s] DEBUG:colcon.colcon_core.verb:Building package 'turtle_run' with the following arguments: {'ament_cmake_args': None, 'build_base': '/home/vboxuser/hw5_ws/build/turtle_run', 'catkin_cmake_args': None, 'catkin_skip_building_tests': False, 'cmake_args': None, 'cmake_clean_cache': False, 'cmake_clean_first': False, 'cmake_force_configure': False, 'cmake_target': None, 'cmake_target_skip_unavailable': False, 'install_base': '/home/vboxuser/hw5_ws/install/turtle_run', 'merge_install': False, 'path': '/home/vboxuser/hw5_ws/src/turtle_run', 'symlink_install': False, 'test_result_base': None}
[2.146s] INFO:colcon.colcon_core.executor:Executing jobs using 'parallel' executor
[2.168s] DEBUG:colcon.colcon_parallel_executor.executor.parallel:run_until_complete
[2.168s] INFO:colcon.colcon_ros.task.ament_cmake.build:Building ROS package in '/home/vboxuser/hw5_ws/src/my_interfaces' with build type 'ament_cmake'
[2.168s] INFO:colcon.colcon_cmake.task.cmake.build:Building CMake package in '/home/vboxuser/hw5_ws/src/my_interfaces'
[2.191s] INFO:colcon.colcon_core.plugin_system:Skipping extension 'colcon_core.shell.bat': Not used on non-Windows systems
[2.191s] INFO:colcon.colcon_core.shell:Skip shell extension 'powershell' for command environment: Not usable outside of PowerShell
[2.191s] DEBUG:colcon.colcon_core.shell:Skip shell extension 'dsv' for command environment
[2.263s] INFO:colcon.colcon_ros.task.ament_python.build:Building ROS package in '/home/vboxuser/hw5_ws/src/actions_py' with build type 'ament_python'
[2.263s] Level 1:colcon.colcon_core.shell:create_environment_hook('actions_py', 'ament_prefix_path')
[2.295s] INFO:colcon.colcon_core.shell:Creating environment hook '/home/vboxuser/hw5_ws/install/actions_py/share/actions_py/hook/ament_prefix_path.ps1'
[2.296s] INFO:colcon.colcon_core.shell:Creating environment descriptor '/home/vboxuser/hw5_ws/install/actions_py/share/actions_py/hook/ament_prefix_path.dsv'
[2.297s] INFO:colcon.colcon_core.shell:Creating environment hook '/home/vboxuser/hw5_ws/install/actions_py/share/actions_py/hook/ament_prefix_path.sh'
[2.324s] INFO:colcon.colcon_core.shell:Skip shell extension 'powershell' for command environment: Not usable outside of PowerShell
[2.324s] DEBUG:colcon.colcon_core.shell:Skip shell extension 'dsv' for command environment
[2.408s] INFO:colcon.colcon_ros.task.ament_python.build:Building ROS package in '/home/vboxuser/hw5_ws/src/turtle_joy' with build type 'ament_python'
[2.408s] Level 1:colcon.colcon_core.shell:create_environment_hook('turtle_joy', 'ament_prefix_path')
[2.431s] INFO:colcon.colcon_core.shell:Creating environment hook '/home/vboxuser/hw5_ws/install/turtle_joy/share/turtle_joy/hook/ament_prefix_path.ps1'
[2.432s] INFO:colcon.colcon_core.shell:Creating environment descriptor '/home/vboxuser/hw5_ws/install/turtle_joy/share/turtle_joy/hook/ament_prefix_path.dsv'
[2.433s] INFO:colcon.colcon_core.shell:Creating environment hook '/home/vboxuser/hw5_ws/install/turtle_joy/share/turtle_joy/hook/ament_prefix_path.sh'
[2.458s] INFO:colcon.colcon_core.shell:Skip shell extension 'powershell' for command environment: Not usable outside of PowerShell
[2.458s] DEBUG:colcon.colcon_core.shell:Skip shell extension 'dsv' for command environment
[2.533s] INFO:colcon.colcon_ros.task.ament_python.build:Building ROS package in '/home/vboxuser/hw5_ws/src/turtle_mover' with build type 'ament_python'
[2.533s] Level 1:colcon.colcon_core.shell:create_environment_hook('turtle_mover', 'ament_prefix_path')
[2.558s] INFO:colcon.colcon_core.shell:Creating environment hook '/home/vboxuser/hw5_ws/install/turtle_mover/share/turtle_mover/hook/ament_prefix_path.ps1'
[2.559s] INFO:colcon.colcon_core.shell:Creating environment descriptor '/home/vboxuser/hw5_ws/install/turtle_mover/share/turtle_mover/hook/ament_prefix_path.dsv'
[2.560s] INFO:colcon.colcon_core.shell:Creating environment hook '/home/vboxuser/hw5_ws/install/turtle_mover/share/turtle_mover/hook/ament_prefix_path.sh'
[2.584s] INFO:colcon.colcon_core.shell:Skip shell extension 'powershell' for command environment: Not usable outside of PowerShell
[2.584s] DEBUG:colcon.colcon_core.shell:Skip shell extension 'dsv' for command environment
[2.677s] DEBUG:colcon.colcon_core.event_handler.log_command:Invoking command in '/home/vboxuser/hw5_ws/build/my_interfaces': CMAKE_PREFIX_PATH=${CMAKE_PREFIX_PATH}:/home/vboxuser/hw5_ws/install/turtle_run:/home/vboxuser/hw5_ws/install/turtle_mover:/home/vboxuser/hw5_ws/install/turtle_joy:/home/vboxuser/hw5_ws/install/actions_py:/opt/ros/humble /usr/bin/cmake --build /home/vboxuser/hw5_ws/build/my_interfaces -- -j6 -l6
[3.112s] INFO:colcon.colcon_core.task.python.build:Building Python package in '/home/vboxuser/hw5_ws/src/actions_py'
[3.135s] INFO:colcon.colcon_core.shell:Skip shell extension 'powershell' for command environment: Not usable outside of PowerShell
[3.135s] DEBUG:colcon.colcon_core.shell:Skip shell extension 'dsv' for command environment
[3.638s] INFO:colcon.colcon_core.task.python.build:Building Python package in '/home/vboxuser/hw5_ws/src/turtle_joy'
[3.659s] INFO:colcon.colcon_core.shell:Skip shell extension 'powershell' for command environment: Not usable outside of PowerShell
[3.659s] DEBUG:colcon.colcon_core.shell:Skip shell extension 'dsv' for command environment
[4.148s] INFO:colcon.colcon_core.task.python.build:Building Python package in '/home/vboxuser/hw5_ws/src/turtle_mover'
[4.171s] INFO:colcon.colcon_core.shell:Skip shell extension 'powershell' for command environment: Not usable outside of PowerShell
[4.171s] DEBUG:colcon.colcon_core.shell:Skip shell extension 'dsv' for command environment
[4.832s] DEBUG:colcon.colcon_core.event_handler.log_command:Invoking command in '/home/vboxuser/hw5_ws/src/turtle_joy': PYTHONPATH=/home/vboxuser/hw5_ws/build/turtle_joy/prefix_override:/home/vboxuser/hw5_ws/install/turtle_joy/lib/python3.10/site-packages:${PYTHONPATH} /usr/bin/python3 setup.py egg_info --egg-base ../../build/turtle_joy build --build-base /home/vboxuser/hw5_ws/build/turtle_joy/build install --record /home/vboxuser/hw5_ws/build/turtle_joy/install.log --single-version-externally-managed
[4.893s] DEBUG:colcon.colcon_core.event_handler.log_command:Invoking command in '/home/vboxuser/hw5_ws/src/turtle_mover': PYTHONPATH=/home/vboxuser/hw5_ws/build/turtle_mover/prefix_override:/home/vboxuser/hw5_ws/install/turtle_mover/lib/python3.10/site-packages:${PYTHONPATH} /usr/bin/python3 setup.py egg_info --egg-base ../../build/turtle_mover build --build-base /home/vboxuser/hw5_ws/build/turtle_mover/build install --record /home/vboxuser/hw5_ws/build/turtle_mover/install.log --single-version-externally-managed
[4.929s] DEBUG:colcon.colcon_core.event_handler.log_command:Invoking command in '/home/vboxuser/hw5_ws/src/actions_py': PYTHONPATH=/home/vboxuser/hw5_ws/build/actions_py/prefix_override:/home/vboxuser/hw5_ws/install/actions_py/lib/python3.10/site-packages:${PYTHONPATH} /usr/bin/python3 setup.py egg_info --egg-base ../../build/actions_py build --build-base /home/vboxuser/hw5_ws/build/actions_py/build install --record /home/vboxuser/hw5_ws/build/actions_py/install.log --single-version-externally-managed
[5.420s] DEBUG:colcon.colcon_core.event_handler.log_command:Invoked command in '/home/vboxuser/hw5_ws/src/turtle_joy' returned '0': PYTHONPATH=/home/vboxuser/hw5_ws/build/turtle_joy/prefix_override:/home/vboxuser/hw5_ws/install/turtle_joy/lib/python3.10/site-packages:${PYTHONPATH} /usr/bin/python3 setup.py egg_info --egg-base ../../build/turtle_joy build --build-base /home/vboxuser/hw5_ws/build/turtle_joy/build install --record /home/vboxuser/hw5_ws/build/turtle_joy/install.log --single-version-externally-managed
[5.452s] Level 1:colcon.colcon_core.environment:checking '/home/vboxuser/hw5_ws/install/turtle_joy' for CMake module files
[5.454s] Level 1:colcon.colcon_core.environment:checking '/home/vboxuser/hw5_ws/install/turtle_joy' for CMake config files
[5.456s] Level 1:colcon.colcon_core.environment:checking '/home/vboxuser/hw5_ws/install/turtle_joy/lib'
[5.456s] Level 1:colcon.colcon_core.environment:checking '/home/vboxuser/hw5_ws/install/turtle_joy/bin'
[5.456s] Level 1:colcon.colcon_core.environment:checking '/home/vboxuser/hw5_ws/install/turtle_joy/lib/pkgconfig/turtle_joy.pc'
[5.456s] Level 1:colcon.colcon_core.environment:checking '/home/vboxuser/hw5_ws/install/turtle_joy/lib/python3.10/site-packages'
[5.456s] Level 1:colcon.colcon_core.shell:create_environment_hook('turtle_joy', 'pythonpath')
[5.518s] INFO:colcon.colcon_core.shell:Creating environment hook '/home/vboxuser/hw5_ws/install/turtle_joy/share/turtle_joy/hook/pythonpath.ps1'
[5.519s] INFO:colcon.colcon_core.shell:Creating environment descriptor '/home/vboxuser/hw5_ws/install/turtle_joy/share/turtle_joy/hook/pythonpath.dsv'
[5.519s] INFO:colcon.colcon_core.shell:Creating environment hook '/home/vboxuser/hw5_ws/install/turtle_joy/share/turtle_joy/hook/pythonpath.sh'
[5.520s] Level 1:colcon.colcon_core.environment:checking '/home/vboxuser/hw5_ws/install/turtle_joy/bin'
[5.520s] Level 1:colcon.colcon_core.environment:create_environment_scripts_only(turtle_joy)
[5.544s] INFO:colcon.colcon_core.shell:Creating package script '/home/vboxuser/hw5_ws/install/turtle_joy/share/turtle_joy/package.ps1'
[5.546s] INFO:colcon.colcon_core.shell:Creating package descriptor '/home/vboxuser/hw5_ws/install/turtle_joy/share/turtle_joy/package.dsv'
[5.547s] INFO:colcon.colcon_core.shell:Creating package script '/home/vboxuser/hw5_ws/install/turtle_joy/share/turtle_joy/package.sh'
[5.548s] INFO:colcon.colcon_core.shell:Creating package script '/home/vboxuser/hw5_ws/install/turtle_joy/share/turtle_joy/package.bash'
[5.550s] INFO:colcon.colcon_core.shell:Creating package script '/home/vboxuser/hw5_ws/install/turtle_joy/share/turtle_joy/package.zsh'
[5.551s] Level 1:colcon.colcon_core.environment:create_file_with_runtime_dependencies(/home/vboxuser/hw5_ws/install/turtle_joy/share/colcon-core/packages/turtle_joy)
[5.553s] DEBUG:colcon.colcon_core.event_handler.log_command:Invoked command in '/home/vboxuser/hw5_ws/src/turtle_mover' returned '0': PYTHONPATH=/home/vboxuser/hw5_ws/build/turtle_mover/prefix_override:/home/vboxuser/hw5_ws/install/turtle_mover/lib/python3.10/site-packages:${PYTHONPATH} /usr/bin/python3 setup.py egg_info --egg-base ../../build/turtle_mover build --build-base /home/vboxuser/hw5_ws/build/turtle_mover/build install --record /home/vboxuser/hw5_ws/build/turtle_mover/install.log --single-version-externally-managed
[5.576s] Level 1:colcon.colcon_core.environment:checking '/home/vboxuser/hw5_ws/install/turtle_mover' for CMake module files
[5.577s] Level 1:colcon.colcon_core.environment:checking '/home/vboxuser/hw5_ws/install/turtle_mover' for CMake config files
[5.577s] Level 1:colcon.colcon_core.environment:checking '/home/vboxuser/hw5_ws/install/turtle_mover/lib'
[5.577s] Level 1:colcon.colcon_core.environment:checking '/home/vboxuser/hw5_ws/install/turtle_mover/bin'
[5.578s] Level 1:colcon.colcon_core.environment:checking '/home/vboxuser/hw5_ws/install/turtle_mover/lib/pkgconfig/turtle_mover.pc'
[5.578s] Level 1:colcon.colcon_core.environment:checking '/home/vboxuser/hw5_ws/install/turtle_mover/lib/python3.10/site-packages'
[5.578s] Level 1:colcon.colcon_core.shell:create_environment_hook('turtle_mover', 'pythonpath')
[5.604s] INFO:colcon.colcon_core.shell:Creating environment hook '/home/vboxuser/hw5_ws/install/turtle_mover/share/turtle_mover/hook/pythonpath.ps1'
[5.605s] INFO:colcon.colcon_core.shell:Creating environment descriptor '/home/vboxuser/hw5_ws/install/turtle_mover/share/turtle_mover/hook/pythonpath.dsv'
[5.605s] INFO:colcon.colcon_core.shell:Creating environment hook '/home/vboxuser/hw5_ws/install/turtle_mover/share/turtle_mover/hook/pythonpath.sh'
[5.606s] Level 1:colcon.colcon_core.environment:checking '/home/vboxuser/hw5_ws/install/turtle_mover/bin'
[5.606s] Level 1:colcon.colcon_core.environment:create_environment_scripts_only(turtle_mover)
[5.628s] INFO:colcon.colcon_core.shell:Creating package script '/home/vboxuser/hw5_ws/install/turtle_mover/share/turtle_mover/package.ps1'
[5.629s] INFO:colcon.colcon_core.shell:Creating package descriptor '/home/vboxuser/hw5_ws/install/turtle_mover/share/turtle_mover/package.dsv'
[5.629s] INFO:colcon.colcon_core.shell:Creating package script '/home/vboxuser/hw5_ws/install/turtle_mover/share/turtle_mover/package.sh'
[5.630s] INFO:colcon.colcon_core.shell:Creating package script '/home/vboxuser/hw5_ws/install/turtle_mover/share/turtle_mover/package.bash'
[5.630s] INFO:colcon.colcon_core.shell:Creating package script '/home/vboxuser/hw5_ws/install/turtle_mover/share/turtle_mover/package.zsh'
[5.631s] Level 1:colcon.colcon_core.environment:create_file_with_runtime_dependencies(/home/vboxuser/hw5_ws/install/turtle_mover/share/colcon-core/packages/turtle_mover)
[5.654s] Level 1:colcon.colcon_core.environment:checking '/home/vboxuser/hw5_ws/install/actions_py' for CMake module files
[5.655s] DEBUG:colcon.colcon_core.event_handler.log_command:Invoked command in '/home/vboxuser/hw5_ws/src/actions_py' returned '0': PYTHONPATH=/home/vboxuser/hw5_ws/build/actions_py/prefix_override:/home/vboxuser/hw5_ws/install/actions_py/lib/python3.10/site-packages:${PYTHONPATH} /usr/bin/python3 setup.py egg_info --egg-base ../../build/actions_py build --build-base /home/vboxuser/hw5_ws/build/actions_py/build install --record /home/vboxuser/hw5_ws/build/actions_py/install.log --single-version-externally-managed
[5.656s] Level 1:colcon.colcon_core.environment:checking '/home/vboxuser/hw5_ws/install/actions_py' for CMake config files
[5.657s] Level 1:colcon.colcon_core.environment:checking '/home/vboxuser/hw5_ws/install/actions_py/lib'
[5.657s] Level 1:colcon.colcon_core.environment:checking '/home/vboxuser/hw5_ws/install/actions_py/bin'
[5.657s] Level 1:colcon.colcon_core.environment:checking '/home/vboxuser/hw5_ws/install/actions_py/lib/pkgconfig/actions_py.pc'
[5.657s] Level 1:colcon.colcon_core.environment:checking '/home/vboxuser/hw5_ws/install/actions_py/lib/python3.10/site-packages'
[5.657s] Level 1:colcon.colcon_core.shell:create_environment_hook('actions_py', 'pythonpath')
[5.689s] INFO:colcon.colcon_core.shell:Creating environment hook '/home/vboxuser/hw5_ws/install/actions_py/share/actions_py/hook/pythonpath.ps1'
[5.690s] INFO:colcon.colcon_core.shell:Creating environment descriptor '/home/vboxuser/hw5_ws/install/actions_py/share/actions_py/hook/pythonpath.dsv'
[5.690s] INFO:colcon.colcon_core.shell:Creating environment hook '/home/vboxuser/hw5_ws/install/actions_py/share/actions_py/hook/pythonpath.sh'
[5.691s] Level 1:colcon.colcon_core.environment:checking '/home/vboxuser/hw5_ws/install/actions_py/bin'
[5.691s] Level 1:colcon.colcon_core.environment:create_environment_scripts_only(actions_py)
[5.714s] INFO:colcon.colcon_core.shell:Creating package script '/home/vboxuser/hw5_ws/install/actions_py/share/actions_py/package.ps1'
[5.716s] INFO:colcon.colcon_core.shell:Creating package descriptor '/home/vboxuser/hw5_ws/install/actions_py/share/actions_py/package.dsv'
[5.727s] INFO:colcon.colcon_core.shell:Creating package script '/home/vboxuser/hw5_ws/install/actions_py/share/actions_py/package.sh'
[5.770s] INFO:colcon.colcon_core.shell:Creating package script '/home/vboxuser/hw5_ws/install/actions_py/share/actions_py/package.bash'
[5.772s] INFO:colcon.colcon_core.shell:Creating package script '/home/vboxuser/hw5_ws/install/actions_py/share/actions_py/package.zsh'
[5.774s] Level 1:colcon.colcon_core.environment:create_file_with_runtime_dependencies(/home/vboxuser/hw5_ws/install/actions_py/share/colcon-core/packages/actions_py)
[13.074s] DEBUG:colcon.colcon_core.event_handler.log_command:Invoked command in '/home/vboxuser/hw5_ws/build/my_interfaces' returned '0': CMAKE_PREFIX_PATH=${CMAKE_PREFIX_PATH}:/home/vboxuser/hw5_ws/install/turtle_run:/home/vboxuser/hw5_ws/install/turtle_mover:/home/vboxuser/hw5_ws/install/turtle_joy:/home/vboxuser/hw5_ws/install/actions_py:/opt/ros/humble /usr/bin/cmake --build /home/vboxuser/hw5_ws/build/my_interfaces -- -j6 -l6
[13.173s] DEBUG:colcon.colcon_core.event_handler.log_command:Invoking command in '/home/vboxuser/hw5_ws/build/my_interfaces': CMAKE_PREFIX_PATH=${CMAKE_PREFIX_PATH}:/home/vboxuser/hw5_ws/install/turtle_run:/home/vboxuser/hw5_ws/install/turtle_mover:/home/vboxuser/hw5_ws/install/turtle_joy:/home/vboxuser/hw5_ws/install/actions_py:/opt/ros/humble /usr/bin/cmake --install /home/vboxuser/hw5_ws/build/my_interfaces
[13.279s] Level 1:colcon.colcon_core.environment:create_environment_scripts_only(my_interfaces)
[13.279s] DEBUG:colcon.colcon_core.event_handler.log_command:Invoked command in '/home/vboxuser/hw5_ws/build/my_interfaces' returned '0': CMAKE_PREFIX_PATH=${CMAKE_PREFIX_PATH}:/home/vboxuser/hw5_ws/install/turtle_run:/home/vboxuser/hw5_ws/install/turtle_mover:/home/vboxuser/hw5_ws/install/turtle_joy:/home/vboxuser/hw5_ws/install/actions_py:/opt/ros/humble /usr/bin/cmake --install /home/vboxuser/hw5_ws/build/my_interfaces
[13.299s] Level 1:colcon.colcon_core.environment:checking '/home/vboxuser/hw5_ws/install/my_interfaces' for CMake module files
[13.299s] Level 1:colcon.colcon_core.environment:checking '/home/vboxuser/hw5_ws/install/my_interfaces' for CMake config files
[13.300s] Level 1:colcon.colcon_core.shell:create_environment_hook('my_interfaces', 'cmake_prefix_path')
[13.321s] INFO:colcon.colcon_core.shell:Creating environment hook '/home/vboxuser/hw5_ws/install/my_interfaces/share/my_interfaces/hook/cmake_prefix_path.ps1'
[13.321s] INFO:colcon.colcon_core.shell:Creating environment descriptor '/home/vboxuser/hw5_ws/install/my_interfaces/share/my_interfaces/hook/cmake_prefix_path.dsv'
[13.322s] INFO:colcon.colcon_core.shell:Creating environment hook '/home/vboxuser/hw5_ws/install/my_interfaces/share/my_interfaces/hook/cmake_prefix_path.sh'
[13.322s] Level 1:colcon.colcon_core.environment:checking '/home/vboxuser/hw5_ws/install/my_interfaces/lib'
[13.323s] Level 1:colcon.colcon_core.shell:create_environment_hook('my_interfaces', 'ld_library_path_lib')
[13.343s] INFO:colcon.colcon_core.shell:Creating environment hook '/home/vboxuser/hw5_ws/install/my_interfaces/share/my_interfaces/hook/ld_library_path_lib.ps1'
[13.344s] INFO:colcon.colcon_core.shell:Creating environment descriptor '/home/vboxuser/hw5_ws/install/my_interfaces/share/my_interfaces/hook/ld_library_path_lib.dsv'
[13.344s] INFO:colcon.colcon_core.shell:Creating environment hook '/home/vboxuser/hw5_ws/install/my_interfaces/share/my_interfaces/hook/ld_library_path_lib.sh'
[13.345s] Level 1:colcon.colcon_core.environment:checking '/home/vboxuser/hw5_ws/install/my_interfaces/bin'
[13.345s] Level 1:colcon.colcon_core.environment:checking '/home/vboxuser/hw5_ws/install/my_interfaces/lib/pkgconfig/my_interfaces.pc'
[13.345s] Level 1:colcon.colcon_core.environment:checking '/home/vboxuser/hw5_ws/install/my_interfaces/lib/python3.10/site-packages'
[13.345s] Level 1:colcon.colcon_core.environment:checking '/home/vboxuser/hw5_ws/install/my_interfaces/bin'
[13.367s] INFO:colcon.colcon_core.shell:Creating package script '/home/vboxuser/hw5_ws/install/my_interfaces/share/my_interfaces/package.ps1'
[13.368s] INFO:colcon.colcon_core.shell:Creating package descriptor '/home/vboxuser/hw5_ws/install/my_interfaces/share/my_interfaces/package.dsv'
[13.368s] INFO:colcon.colcon_core.shell:Creating package script '/home/vboxuser/hw5_ws/install/my_interfaces/share/my_interfaces/package.sh'
[13.369s] INFO:colcon.colcon_core.shell:Creating package script '/home/vboxuser/hw5_ws/install/my_interfaces/share/my_interfaces/package.bash'
[13.369s] INFO:colcon.colcon_core.shell:Creating package script '/home/vboxuser/hw5_ws/install/my_interfaces/share/my_interfaces/package.zsh'
[13.369s] Level 1:colcon.colcon_core.environment:create_file_with_runtime_dependencies(/home/vboxuser/hw5_ws/install/my_interfaces/share/colcon-core/packages/my_interfaces)
[13.482s] Level 1:colcon.colcon_core.environment:create_environment_scripts_only(my_interfaces)
[13.505s] Level 1:colcon.colcon_core.environment:checking '/home/vboxuser/hw5_ws/install/my_interfaces' for CMake module files
[13.506s] Level 1:colcon.colcon_core.environment:checking '/home/vboxuser/hw5_ws/install/my_interfaces' for CMake config files
[13.506s] Level 1:colcon.colcon_core.shell:create_environment_hook('my_interfaces', 'cmake_prefix_path')
[13.540s] INFO:colcon.colcon_core.shell:Creating environment hook '/home/vboxuser/hw5_ws/install/my_interfaces/share/my_interfaces/hook/cmake_prefix_path.ps1'
[13.541s] INFO:colcon.colcon_core.shell:Creating environment descriptor '/home/vboxuser/hw5_ws/install/my_interfaces/share/my_interfaces/hook/cmake_prefix_path.dsv'
[13.541s] INFO:colcon.colcon_core.shell:Creating environment hook '/home/vboxuser/hw5_ws/install/my_interfaces/share/my_interfaces/hook/cmake_prefix_path.sh'
[13.542s] Level 1:colcon.colcon_core.environment:checking '/home/vboxuser/hw5_ws/install/my_interfaces/lib'
[13.542s] Level 1:colcon.colcon_core.shell:create_environment_hook('my_interfaces', 'ld_library_path_lib')
[13.563s] INFO:colcon.colcon_core.shell:Creating environment hook '/home/vboxuser/hw5_ws/install/my_interfaces/share/my_interfaces/hook/ld_library_path_lib.ps1'
[13.563s] INFO:colcon.colcon_core.shell:Creating environment descriptor '/home/vboxuser/hw5_ws/install/my_interfaces/share/my_interfaces/hook/ld_library_path_lib.dsv'
[13.564s] INFO:colcon.colcon_core.shell:Creating environment hook '/home/vboxuser/hw5_ws/install/my_interfaces/share/my_interfaces/hook/ld_library_path_lib.sh'
[13.564s] Level 1:colcon.colcon_core.environment:checking '/home/vboxuser/hw5_ws/install/my_interfaces/bin'
[13.564s] Level 1:colcon.colcon_core.environment:checking '/home/vboxuser/hw5_ws/install/my_interfaces/lib/pkgconfig/my_interfaces.pc'
[13.565s] Level 1:colcon.colcon_core.environment:checking '/home/vboxuser/hw5_ws/install/my_interfaces/lib/python3.10/site-packages'
[13.565s] Level 1:colcon.colcon_core.environment:checking '/home/vboxuser/hw5_ws/install/my_interfaces/bin'
[13.588s] INFO:colcon.colcon_core.shell:Creating package script '/home/vboxuser/hw5_ws/install/my_interfaces/share/my_interfaces/package.ps1'
[13.588s] INFO:colcon.colcon_core.shell:Creating package descriptor '/home/vboxuser/hw5_ws/install/my_interfaces/share/my_interfaces/package.dsv'
[13.589s] INFO:colcon.colcon_core.shell:Creating package script '/home/vboxuser/hw5_ws/install/my_interfaces/share/my_interfaces/package.sh'
[13.589s] INFO:colcon.colcon_core.shell:Creating package script '/home/vboxuser/hw5_ws/install/my_interfaces/share/my_interfaces/package.bash'
[13.590s] INFO:colcon.colcon_core.shell:Creating package script '/home/vboxuser/hw5_ws/install/my_interfaces/share/my_interfaces/package.zsh'
[13.590s] Level 1:colcon.colcon_core.environment:create_file_with_runtime_dependencies(/home/vboxuser/hw5_ws/install/my_interfaces/share/colcon-core/packages/my_interfaces)
[13.591s] INFO:colcon.colcon_ros.task.ament_python.build:Building ROS package in '/home/vboxuser/hw5_ws/src/turtle_run' with build type 'ament_python'
[13.591s] Level 1:colcon.colcon_core.shell:create_environment_hook('turtle_run', 'ament_prefix_path')
[13.613s] INFO:colcon.colcon_core.shell:Creating environment hook '/home/vboxuser/hw5_ws/install/turtle_run/share/turtle_run/hook/ament_prefix_path.ps1'
[13.614s] INFO:colcon.colcon_core.shell:Creating environment descriptor '/home/vboxuser/hw5_ws/install/turtle_run/share/turtle_run/hook/ament_prefix_path.dsv'
[13.614s] INFO:colcon.colcon_core.shell:Creating environment hook '/home/vboxuser/hw5_ws/install/turtle_run/share/turtle_run/hook/ament_prefix_path.sh'
[13.638s] INFO:colcon.colcon_core.shell:Skip shell extension 'powershell' for command environment: Not usable outside of PowerShell
[13.638s] DEBUG:colcon.colcon_core.shell:Skip shell extension 'dsv' for command environment
[14.155s] INFO:colcon.colcon_core.task.python.build:Building Python package in '/home/vboxuser/hw5_ws/src/turtle_run'
[14.178s] INFO:colcon.colcon_core.shell:Skip shell extension 'powershell' for command environment: Not usable outside of PowerShell
[14.179s] DEBUG:colcon.colcon_core.shell:Skip shell extension 'dsv' for command environment
[14.810s] DEBUG:colcon.colcon_core.event_handler.log_command:Invoking command in '/home/vboxuser/hw5_ws/src/turtle_run': CMAKE_PREFIX_PATH=/home/vboxuser/hw5_ws/install/my_interfaces:/home/vboxuser/hw5_ws/install/my_robot_intrfaces LD_LIBRARY_PATH=/home/vboxuser/hw5_ws/install/my_interfaces/lib:/home/vboxuser/hw5_ws/install/my_robot_intrfaces/lib:/opt/ros/humble/opt/rviz_ogre_vendor/lib:/opt/ros/humble/lib/x86_64-linux-gnu:/opt/ros/humble/lib PYTHONPATH=/home/vboxuser/hw5_ws/build/turtle_run/prefix_override:/home/vboxuser/hw5_ws/install/turtle_run/lib/python3.10/site-packages:${PYTHONPATH} /usr/bin/python3 setup.py egg_info --egg-base ../../build/turtle_run build --build-base /home/vboxuser/hw5_ws/build/turtle_run/build install --record /home/vboxuser/hw5_ws/build/turtle_run/install.log --single-version-externally-managed
[15.302s] DEBUG:colcon.colcon_core.event_handler.log_command:Invoked command in '/home/vboxuser/hw5_ws/src/turtle_run' returned '0': CMAKE_PREFIX_PATH=/home/vboxuser/hw5_ws/install/my_interfaces:/home/vboxuser/hw5_ws/install/my_robot_intrfaces LD_LIBRARY_PATH=/home/vboxuser/hw5_ws/install/my_interfaces/lib:/home/vboxuser/hw5_ws/install/my_robot_intrfaces/lib:/opt/ros/humble/opt/rviz_ogre_vendor/lib:/opt/ros/humble/lib/x86_64-linux-gnu:/opt/ros/humble/lib PYTHONPATH=/home/vboxuser/hw5_ws/build/turtle_run/prefix_override:/home/vboxuser/hw5_ws/install/turtle_run/lib/python3.10/site-packages:${PYTHONPATH} /usr/bin/python3 setup.py egg_info --egg-base ../../build/turtle_run build --build-base /home/vboxuser/hw5_ws/build/turtle_run/build install --record /home/vboxuser/hw5_ws/build/turtle_run/install.log --single-version-externally-managed
[15.324s] Level 1:colcon.colcon_core.environment:checking '/home/vboxuser/hw5_ws/install/turtle_run' for CMake module files
[15.325s] Level 1:colcon.colcon_core.environment:checking '/home/vboxuser/hw5_ws/install/turtle_run' for CMake config files
[15.326s] Level 1:colcon.colcon_core.environment:checking '/home/vboxuser/hw5_ws/install/turtle_run/lib'
[15.326s] Level 1:colcon.colcon_core.environment:checking '/home/vboxuser/hw5_ws/install/turtle_run/bin'
[15.326s] Level 1:colcon.colcon_core.environment:checking '/home/vboxuser/hw5_ws/install/turtle_run/lib/pkgconfig/turtle_run.pc'
[15.326s] Level 1:colcon.colcon_core.environment:checking '/home/vboxuser/hw5_ws/install/turtle_run/lib/python3.10/site-packages'
[15.326s] Level 1:colcon.colcon_core.shell:create_environment_hook('turtle_run', 'pythonpath')
[15.347s] INFO:colcon.colcon_core.shell:Creating environment hook '/home/vboxuser/hw5_ws/install/turtle_run/share/turtle_run/hook/pythonpath.ps1'
[15.348s] INFO:colcon.colcon_core.shell:Creating environment descriptor '/home/vboxuser/hw5_ws/install/turtle_run/share/turtle_run/hook/pythonpath.dsv'
[15.348s] INFO:colcon.colcon_core.shell:Creating environment hook '/home/vboxuser/hw5_ws/install/turtle_run/share/turtle_run/hook/pythonpath.sh'
[15.349s] Level 1:colcon.colcon_core.environment:checking '/home/vboxuser/hw5_ws/install/turtle_run/bin'
[15.349s] Level 1:colcon.colcon_core.environment:create_environment_scripts_only(turtle_run)
[15.373s] INFO:colcon.colcon_core.shell:Creating package script '/home/vboxuser/hw5_ws/install/turtle_run/share/turtle_run/package.ps1'
[15.373s] INFO:colcon.colcon_core.shell:Creating package descriptor '/home/vboxuser/hw5_ws/install/turtle_run/share/turtle_run/package.dsv'
[15.374s] INFO:colcon.colcon_core.shell:Creating package script '/home/vboxuser/hw5_ws/install/turtle_run/share/turtle_run/package.sh'
[15.374s] INFO:colcon.colcon_core.shell:Creating package script '/home/vboxuser/hw5_ws/install/turtle_run/share/turtle_run/package.bash'
[15.375s] INFO:colcon.colcon_core.shell:Creating package script '/home/vboxuser/hw5_ws/install/turtle_run/share/turtle_run/package.zsh'
[15.375s] Level 1:colcon.colcon_core.environment:create_file_with_runtime_dependencies(/home/vboxuser/hw5_ws/install/turtle_run/share/colcon-core/packages/turtle_run)
[15.375s] DEBUG:colcon.colcon_parallel_executor.executor.parallel:closing loop
[15.376s] DEBUG:colcon.colcon_parallel_executor.executor.parallel:loop closed
[15.376s] DEBUG:colcon.colcon_parallel_executor.executor.parallel:run_until_complete finished with '0'
[15.376s] DEBUG:colcon.colcon_core.event_reactor:joining thread
[15.411s] INFO:colcon.colcon_core.plugin_system:Skipping extension 'colcon_notification.desktop_notification.terminal_notifier': Not used on non-Darwin systems
[15.411s] INFO:colcon.colcon_core.plugin_system:Skipping extension 'colcon_notification.desktop_notification.win32': Not used on non-Windows systems
[15.411s] INFO:colcon.colcon_notification.desktop_notification:Sending desktop notification using 'notify2'
[15.427s] DEBUG:colcon.colcon_core.event_reactor:joined thread
[15.456s] INFO:colcon.colcon_core.shell:Creating prefix script '/home/vboxuser/hw5_ws/install/local_setup.ps1'
[15.457s] INFO:colcon.colcon_core.shell:Creating prefix util module '/home/vboxuser/hw5_ws/install/_local_setup_util_ps1.py'
[15.460s] INFO:colcon.colcon_core.shell:Creating prefix chain script '/home/vboxuser/hw5_ws/install/setup.ps1'
[15.485s] INFO:colcon.colcon_core.shell:Creating prefix script '/home/vboxuser/hw5_ws/install/local_setup.sh'
[15.486s] INFO:colcon.colcon_core.shell:Creating prefix util module '/home/vboxuser/hw5_ws/install/_local_setup_util_sh.py'
[15.487s] INFO:colcon.colcon_core.shell:Creating prefix chain script '/home/vboxuser/hw5_ws/install/setup.sh'
[15.532s] INFO:colcon.colcon_core.shell:Creating prefix script '/home/vboxuser/hw5_ws/install/local_setup.bash'
[15.533s] INFO:colcon.colcon_core.shell:Creating prefix chain script '/home/vboxuser/hw5_ws/install/setup.bash'
[15.575s] INFO:colcon.colcon_core.shell:Creating prefix script '/home/vboxuser/hw5_ws/install/local_setup.zsh'
[15.576s] INFO:colcon.colcon_core.shell:Creating prefix chain script '/home/vboxuser/hw5_ws/install/setup.zsh'
