[1.323s] Invoking command in '/home/vboxuser/hw5_ws/src/turtle_joy': PYTHONPATH=/home/vboxuser/hw5_ws/build/turtle_joy/prefix_override:/home/vboxuser/hw5_ws/install/turtle_joy/lib/python3.10/site-packages:${PYTHONPATH} /usr/bin/python3 setup.py egg_info --egg-base ../../build/turtle_joy build --build-base /home/vboxuser/hw5_ws/build/turtle_joy/build install --record /home/vboxuser/hw5_ws/build/turtle_joy/install.log --single-version-externally-managed
[1.706s] running egg_info
[1.707s] creating ../../build/turtle_joy/turtle_joy.egg-info
[1.707s] writing ../../build/turtle_joy/turtle_joy.egg-info/PKG-INFO
[1.708s] writing dependency_links to ../../build/turtle_joy/turtle_joy.egg-info/dependency_links.txt
[1.708s] writing entry points to ../../build/turtle_joy/turtle_joy.egg-info/entry_points.txt
[1.708s] writing requirements to ../../build/turtle_joy/turtle_joy.egg-info/requires.txt
[1.708s] writing top-level names to ../../build/turtle_joy/turtle_joy.egg-info/top_level.txt
[1.708s] writing manifest file '../../build/turtle_joy/turtle_joy.egg-info/SOURCES.txt'
[1.711s] reading manifest file '../../build/turtle_joy/turtle_joy.egg-info/SOURCES.txt'
[1.712s] writing manifest file '../../build/turtle_joy/turtle_joy.egg-info/SOURCES.txt'
[1.712s] running build
[1.712s] running build_py
[1.712s] creating /home/vboxuser/hw5_ws/build/turtle_joy/build
[1.712s] creating /home/vboxuser/hw5_ws/build/turtle_joy/build/lib
[1.712s] creating /home/vboxuser/hw5_ws/build/turtle_joy/build/lib/turtle_joy
[1.713s] copying turtle_joy/__init__.py -> /home/vboxuser/hw5_ws/build/turtle_joy/build/lib/turtle_joy
[1.713s] copying turtle_joy/turtle_joy.py -> /home/vboxuser/hw5_ws/build/turtle_joy/build/lib/turtle_joy
[1.713s] running install
[1.713s] running install_lib
[1.714s] creating /home/vboxuser/hw5_ws/install/turtle_joy/lib/python3.10/site-packages/turtle_joy
[1.714s] copying /home/vboxuser/hw5_ws/build/turtle_joy/build/lib/turtle_joy/__init__.py -> /home/vboxuser/hw5_ws/install/turtle_joy/lib/python3.10/site-packages/turtle_joy
[1.714s] copying /home/vboxuser/hw5_ws/build/turtle_joy/build/lib/turtle_joy/turtle_joy.py -> /home/vboxuser/hw5_ws/install/turtle_joy/lib/python3.10/site-packages/turtle_joy
[1.715s] byte-compiling /home/vboxuser/hw5_ws/install/turtle_joy/lib/python3.10/site-packages/turtle_joy/__init__.py to __init__.cpython-310.pyc
[1.715s] byte-compiling /home/vboxuser/hw5_ws/install/turtle_joy/lib/python3.10/site-packages/turtle_joy/turtle_joy.py to turtle_joy.cpython-310.pyc
[1.715s] running install_data
[1.716s] creating /home/vboxuser/hw5_ws/install/turtle_joy/share/ament_index
[1.716s] creating /home/vboxuser/hw5_ws/install/turtle_joy/share/ament_index/resource_index
[1.716s] creating /home/vboxuser/hw5_ws/install/turtle_joy/share/ament_index/resource_index/packages
[1.716s] copying resource/turtle_joy -> /home/vboxuser/hw5_ws/install/turtle_joy/share/ament_index/resource_index/packages
[1.716s] copying package.xml -> /home/vboxuser/hw5_ws/install/turtle_joy/share/turtle_joy
[1.716s] running install_egg_info
[1.718s] Copying ../../build/turtle_joy/turtle_joy.egg-info to /home/vboxuser/hw5_ws/install/turtle_joy/lib/python3.10/site-packages/turtle_joy-0.0.0-py3.10.egg-info
[1.719s] running install_scripts
[1.746s] Installing turtle_joy script to /home/vboxuser/hw5_ws/install/turtle_joy/lib/turtle_joy
[1.746s] writing list of installed files to '/home/vboxuser/hw5_ws/build/turtle_joy/install.log'
[1.784s] Invoked command in '/home/vboxuser/hw5_ws/src/turtle_joy' returned '0': PYTHONPATH=/home/vboxuser/hw5_ws/build/turtle_joy/prefix_override:/home/vboxuser/hw5_ws/install/turtle_joy/lib/python3.10/site-packages:${PYTHONPATH} /usr/bin/python3 setup.py egg_info --egg-base ../../build/turtle_joy build --build-base /home/vboxuser/hw5_ws/build/turtle_joy/build install --record /home/vboxuser/hw5_ws/build/turtle_joy/install.log --single-version-externally-managed
