[1.217s] Invoking command in '/home/vboxuser/ros2_ws/build/my_py_pkg': PYTHONPATH=/home/vboxuser/ros2_ws/build/my_py_pkg/prefix_override:/home/vboxuser/ros2_ws/install/my_py_pkg/lib/python3.10/site-packages:${PYTHONPATH} /usr/bin/python3 setup.py develop --editable --build-directory /home/vboxuser/ros2_ws/build/my_py_pkg/build --no-deps install_data
[1.623s] running develop
[1.902s] running egg_info
[1.902s] writing my_py_pkg.egg-info/PKG-INFO
[1.903s] writing dependency_links to my_py_pkg.egg-info/dependency_links.txt
[1.903s] writing entry points to my_py_pkg.egg-info/entry_points.txt
[1.903s] writing requirements to my_py_pkg.egg-info/requires.txt
[1.903s] writing top-level names to my_py_pkg.egg-info/top_level.txt
[1.906s] reading manifest file 'my_py_pkg.egg-info/SOURCES.txt'
[1.907s] writing manifest file 'my_py_pkg.egg-info/SOURCES.txt'
[1.909s] running build_ext
[1.909s] Creating /home/vboxuser/ros2_ws/install/my_py_pkg/lib/python3.10/site-packages/my-py-pkg.egg-link (link to .)
[1.910s] Installing add_two_ints_client_no_oop script to /home/vboxuser/ros2_ws/install/my_py_pkg/lib/my_py_pkg
[1.910s] Installing add_two_ints_server script to /home/vboxuser/ros2_ws/install/my_py_pkg/lib/my_py_pkg
[1.910s] Installing my_first_node script to /home/vboxuser/ros2_ws/install/my_py_pkg/lib/my_py_pkg
[1.910s] Installing robot_news_station script to /home/vboxuser/ros2_ws/install/my_py_pkg/lib/my_py_pkg
[1.910s] Installing smart_phone script to /home/vboxuser/ros2_ws/install/my_py_pkg/lib/my_py_pkg
[1.911s] 
[1.911s] Installed /home/vboxuser/ros2_ws/build/my_py_pkg
[1.911s] running install_data
[1.941s] Invoked command in '/home/vboxuser/ros2_ws/build/my_py_pkg' returned '0': PYTHONPATH=/home/vboxuser/ros2_ws/build/my_py_pkg/prefix_override:/home/vboxuser/ros2_ws/install/my_py_pkg/lib/python3.10/site-packages:${PYTHONPATH} /usr/bin/python3 setup.py develop --editable --build-directory /home/vboxuser/ros2_ws/build/my_py_pkg/build --no-deps install_data
