[0.097s] Invoking command in '/home/vboxuser/hw4_ws/build/tutorial_interfaces': CMAKE_PREFIX_PATH=${CMAKE_PREFIX_PATH}:/home/vboxuser/hw4_ws/install/py_srvcli:/home/vboxuser/hw4_ws/install/calculator:/opt/ros/humble /usr/bin/cmake --build /home/vboxuser/hw4_ws/build/tutorial_interfaces -- -j6 -l6
[0.160s] [  3%] Built target tutorial_interfaces__cpp
[0.169s] [ 12%] Built target tutorial_interfaces__rosidl_generator_c
[0.174s] [ 12%] Built target ament_cmake_python_copy_tutorial_interfaces
[0.182s] [ 22%] Built target tutorial_interfaces__rosidl_typesupport_cpp
[0.184s] [ 32%] Built target tutorial_interfaces__rosidl_typesupport_fastrtps_cpp
[0.187s] [ 41%] Built target tutorial_interfaces__rosidl_typesupport_introspection_cpp
[0.195s] [ 58%] Built target tutorial_interfaces__rosidl_typesupport_c
[0.195s] [ 64%] Built target tutorial_interfaces__rosidl_typesupport_introspection_c
[0.195s] [ 70%] Built target tutorial_interfaces__rosidl_typesupport_fastrtps_c
[0.215s] [ 70%] Built target tutorial_interfaces
[0.246s] [ 74%] Built target tutorial_interfaces__py
[0.270s] [ 80%] Built target tutorial_interfaces__rosidl_generator_py
[0.307s] [100%] Built target tutorial_interfaces__rosidl_typesupport_fastrtps_c__pyext
[0.307s] [100%] Built target tutorial_interfaces__rosidl_typesupport_introspection_c__pyext
[0.307s] [100%] Built target tutorial_interfaces__rosidl_typesupport_c__pyext
[0.572s] running egg_info
[0.572s] writing tutorial_interfaces.egg-info/PKG-INFO
[0.572s] writing dependency_links to tutorial_interfaces.egg-info/dependency_links.txt
[0.573s] writing top-level names to tutorial_interfaces.egg-info/top_level.txt
[0.575s] reading manifest file 'tutorial_interfaces.egg-info/SOURCES.txt'
[0.576s] writing manifest file 'tutorial_interfaces.egg-info/SOURCES.txt'
[0.604s] [100%] Built target ament_cmake_python_build_tutorial_interfaces_egg
[0.621s] Invoked command in '/home/vboxuser/hw4_ws/build/tutorial_interfaces' returned '0': CMAKE_PREFIX_PATH=${CMAKE_PREFIX_PATH}:/home/vboxuser/hw4_ws/install/py_srvcli:/home/vboxuser/hw4_ws/install/calculator:/opt/ros/humble /usr/bin/cmake --build /home/vboxuser/hw4_ws/build/tutorial_interfaces -- -j6 -l6
[0.700s] Invoking command in '/home/vboxuser/hw4_ws/build/tutorial_interfaces': CMAKE_PREFIX_PATH=${CMAKE_PREFIX_PATH}:/home/vboxuser/hw4_ws/install/py_srvcli:/home/vboxuser/hw4_ws/install/calculator:/opt/ros/humble /usr/bin/cmake --install /home/vboxuser/hw4_ws/build/tutorial_interfaces
[0.708s] -- Install configuration: ""
[0.708s] -- Up-to-date: /home/vboxuser/hw4_ws/install/tutorial_interfaces/share/ament_index/resource_index/rosidl_interfaces/tutorial_interfaces
[0.708s] -- Up-to-date: /home/vboxuser/hw4_ws/install/tutorial_interfaces/include/tutorial_interfaces/tutorial_interfaces
[0.708s] -- Up-to-date: /home/vboxuser/hw4_ws/install/tutorial_interfaces/include/tutorial_interfaces/tutorial_interfaces/msg
[0.708s] -- Up-to-date: /home/vboxuser/hw4_ws/install/tutorial_interfaces/include/tutorial_interfaces/tutorial_interfaces/msg/rosidl_generator_c__visibility_control.h
[0.708s] -- Up-to-date: /home/vboxuser/hw4_ws/install/tutorial_interfaces/include/tutorial_interfaces/tutorial_interfaces/srv
[0.708s] -- Up-to-date: /home/vboxuser/hw4_ws/install/tutorial_interfaces/include/tutorial_interfaces/tutorial_interfaces/srv/detail
[0.708s] -- Up-to-date: /home/vboxuser/hw4_ws/install/tutorial_interfaces/include/tutorial_interfaces/tutorial_interfaces/srv/detail/two_ints__type_support.h
[0.709s] -- Up-to-date: /home/vboxuser/hw4_ws/install/tutorial_interfaces/include/tutorial_interfaces/tutorial_interfaces/srv/detail/two_ints__struct.h
[0.709s] -- Up-to-date: /home/vboxuser/hw4_ws/install/tutorial_interfaces/include/tutorial_interfaces/tutorial_interfaces/srv/detail/two_ints__functions.c
[0.709s] -- Up-to-date: /home/vboxuser/hw4_ws/install/tutorial_interfaces/include/tutorial_interfaces/tutorial_interfaces/srv/detail/two_ints__functions.h
[0.709s] -- Up-to-date: /home/vboxuser/hw4_ws/install/tutorial_interfaces/include/tutorial_interfaces/tutorial_interfaces/srv/two_ints.h
[0.709s] -- Up-to-date: /home/vboxuser/hw4_ws/install/tutorial_interfaces/share/tutorial_interfaces/environment/library_path.sh
[0.709s] -- Up-to-date: /home/vboxuser/hw4_ws/install/tutorial_interfaces/share/tutorial_interfaces/environment/library_path.dsv
[0.709s] -- Up-to-date: /home/vboxuser/hw4_ws/install/tutorial_interfaces/lib/libtutorial_interfaces__rosidl_generator_c.so
[0.710s] -- Up-to-date: /home/vboxuser/hw4_ws/install/tutorial_interfaces/include/tutorial_interfaces/tutorial_interfaces
[0.710s] -- Up-to-date: /home/vboxuser/hw4_ws/install/tutorial_interfaces/include/tutorial_interfaces/tutorial_interfaces/msg
[0.710s] -- Up-to-date: /home/vboxuser/hw4_ws/install/tutorial_interfaces/include/tutorial_interfaces/tutorial_interfaces/msg/rosidl_typesupport_fastrtps_c__visibility_control.h
[0.710s] -- Up-to-date: /home/vboxuser/hw4_ws/install/tutorial_interfaces/include/tutorial_interfaces/tutorial_interfaces/srv
[0.710s] -- Up-to-date: /home/vboxuser/hw4_ws/install/tutorial_interfaces/include/tutorial_interfaces/tutorial_interfaces/srv/detail
[0.710s] -- Up-to-date: /home/vboxuser/hw4_ws/install/tutorial_interfaces/include/tutorial_interfaces/tutorial_interfaces/srv/detail/two_ints__rosidl_typesupport_fastrtps_c.h
[0.710s] -- Up-to-date: /home/vboxuser/hw4_ws/install/tutorial_interfaces/lib/libtutorial_interfaces__rosidl_typesupport_fastrtps_c.so
[0.710s] -- Up-to-date: /home/vboxuser/hw4_ws/install/tutorial_interfaces/include/tutorial_interfaces/tutorial_interfaces
[0.710s] -- Up-to-date: /home/vboxuser/hw4_ws/install/tutorial_interfaces/include/tutorial_interfaces/tutorial_interfaces/msg
[0.711s] -- Up-to-date: /home/vboxuser/hw4_ws/install/tutorial_interfaces/include/tutorial_interfaces/tutorial_interfaces/msg/rosidl_typesupport_introspection_c__visibility_control.h
[0.711s] -- Up-to-date: /home/vboxuser/hw4_ws/install/tutorial_interfaces/include/tutorial_interfaces/tutorial_interfaces/srv
[0.711s] -- Up-to-date: /home/vboxuser/hw4_ws/install/tutorial_interfaces/include/tutorial_interfaces/tutorial_interfaces/srv/detail
[0.711s] -- Up-to-date: /home/vboxuser/hw4_ws/install/tutorial_interfaces/include/tutorial_interfaces/tutorial_interfaces/srv/detail/two_ints__rosidl_typesupport_introspection_c.h
[0.711s] -- Up-to-date: /home/vboxuser/hw4_ws/install/tutorial_interfaces/include/tutorial_interfaces/tutorial_interfaces/srv/detail/two_ints__type_support.c
[0.711s] -- Up-to-date: /home/vboxuser/hw4_ws/install/tutorial_interfaces/lib/libtutorial_interfaces__rosidl_typesupport_introspection_c.so
[0.711s] -- Up-to-date: /home/vboxuser/hw4_ws/install/tutorial_interfaces/lib/libtutorial_interfaces__rosidl_typesupport_c.so
[0.711s] -- Up-to-date: /home/vboxuser/hw4_ws/install/tutorial_interfaces/include/tutorial_interfaces/tutorial_interfaces
[0.712s] -- Up-to-date: /home/vboxuser/hw4_ws/install/tutorial_interfaces/include/tutorial_interfaces/tutorial_interfaces/srv
[0.712s] -- Up-to-date: /home/vboxuser/hw4_ws/install/tutorial_interfaces/include/tutorial_interfaces/tutorial_interfaces/srv/two_ints.hpp
[0.712s] -- Up-to-date: /home/vboxuser/hw4_ws/install/tutorial_interfaces/include/tutorial_interfaces/tutorial_interfaces/srv/detail
[0.712s] -- Up-to-date: /home/vboxuser/hw4_ws/install/tutorial_interfaces/include/tutorial_interfaces/tutorial_interfaces/srv/detail/two_ints__traits.hpp
[0.712s] -- Up-to-date: /home/vboxuser/hw4_ws/install/tutorial_interfaces/include/tutorial_interfaces/tutorial_interfaces/srv/detail/two_ints__struct.hpp
[0.712s] -- Up-to-date: /home/vboxuser/hw4_ws/install/tutorial_interfaces/include/tutorial_interfaces/tutorial_interfaces/srv/detail/two_ints__builder.hpp
[0.712s] -- Up-to-date: /home/vboxuser/hw4_ws/install/tutorial_interfaces/include/tutorial_interfaces/tutorial_interfaces
[0.713s] -- Up-to-date: /home/vboxuser/hw4_ws/install/tutorial_interfaces/include/tutorial_interfaces/tutorial_interfaces/msg
[0.713s] -- Up-to-date: /home/vboxuser/hw4_ws/install/tutorial_interfaces/include/tutorial_interfaces/tutorial_interfaces/msg/rosidl_typesupport_fastrtps_cpp__visibility_control.h
[0.713s] -- Up-to-date: /home/vboxuser/hw4_ws/install/tutorial_interfaces/include/tutorial_interfaces/tutorial_interfaces/srv
[0.713s] -- Up-to-date: /home/vboxuser/hw4_ws/install/tutorial_interfaces/include/tutorial_interfaces/tutorial_interfaces/srv/detail
[0.713s] -- Up-to-date: /home/vboxuser/hw4_ws/install/tutorial_interfaces/include/tutorial_interfaces/tutorial_interfaces/srv/detail/two_ints__rosidl_typesupport_fastrtps_cpp.hpp
[0.713s] -- Up-to-date: /home/vboxuser/hw4_ws/install/tutorial_interfaces/include/tutorial_interfaces/tutorial_interfaces/srv/detail/dds_fastrtps
[0.713s] -- Up-to-date: /home/vboxuser/hw4_ws/install/tutorial_interfaces/lib/libtutorial_interfaces__rosidl_typesupport_fastrtps_cpp.so
[0.713s] -- Up-to-date: /home/vboxuser/hw4_ws/install/tutorial_interfaces/include/tutorial_interfaces/tutorial_interfaces
[0.713s] -- Up-to-date: /home/vboxuser/hw4_ws/install/tutorial_interfaces/include/tutorial_interfaces/tutorial_interfaces/srv
[0.713s] -- Up-to-date: /home/vboxuser/hw4_ws/install/tutorial_interfaces/include/tutorial_interfaces/tutorial_interfaces/srv/detail
[0.713s] -- Up-to-date: /home/vboxuser/hw4_ws/install/tutorial_interfaces/include/tutorial_interfaces/tutorial_interfaces/srv/detail/two_ints__rosidl_typesupport_introspection_cpp.hpp
[0.714s] -- Up-to-date: /home/vboxuser/hw4_ws/install/tutorial_interfaces/include/tutorial_interfaces/tutorial_interfaces/srv/detail/two_ints__type_support.cpp
[0.714s] -- Up-to-date: /home/vboxuser/hw4_ws/install/tutorial_interfaces/lib/libtutorial_interfaces__rosidl_typesupport_introspection_cpp.so
[0.714s] -- Up-to-date: /home/vboxuser/hw4_ws/install/tutorial_interfaces/lib/libtutorial_interfaces__rosidl_typesupport_cpp.so
[0.714s] -- Up-to-date: /home/vboxuser/hw4_ws/install/tutorial_interfaces/share/tutorial_interfaces/environment/pythonpath.sh
[0.714s] -- Up-to-date: /home/vboxuser/hw4_ws/install/tutorial_interfaces/share/tutorial_interfaces/environment/pythonpath.dsv
[0.714s] -- Up-to-date: /home/vboxuser/hw4_ws/install/tutorial_interfaces/local/lib/python3.10/dist-packages/tutorial_interfaces-0.0.0-py3.10.egg-info
[0.714s] -- Installing: /home/vboxuser/hw4_ws/install/tutorial_interfaces/local/lib/python3.10/dist-packages/tutorial_interfaces-0.0.0-py3.10.egg-info/top_level.txt
[0.714s] -- Installing: /home/vboxuser/hw4_ws/install/tutorial_interfaces/local/lib/python3.10/dist-packages/tutorial_interfaces-0.0.0-py3.10.egg-info/dependency_links.txt
[0.714s] -- Installing: /home/vboxuser/hw4_ws/install/tutorial_interfaces/local/lib/python3.10/dist-packages/tutorial_interfaces-0.0.0-py3.10.egg-info/SOURCES.txt
[0.715s] -- Installing: /home/vboxuser/hw4_ws/install/tutorial_interfaces/local/lib/python3.10/dist-packages/tutorial_interfaces-0.0.0-py3.10.egg-info/PKG-INFO
[0.715s] -- Up-to-date: /home/vboxuser/hw4_ws/install/tutorial_interfaces/local/lib/python3.10/dist-packages/tutorial_interfaces
[0.715s] -- Up-to-date: /home/vboxuser/hw4_ws/install/tutorial_interfaces/local/lib/python3.10/dist-packages/tutorial_interfaces/_tutorial_interfaces_s.ep.rosidl_typesupport_c.c
[0.715s] -- Up-to-date: /home/vboxuser/hw4_ws/install/tutorial_interfaces/local/lib/python3.10/dist-packages/tutorial_interfaces/tutorial_interfaces_s__rosidl_typesupport_c.cpython-310-x86_64-linux-gnu.so
[0.715s] -- Up-to-date: /home/vboxuser/hw4_ws/install/tutorial_interfaces/local/lib/python3.10/dist-packages/tutorial_interfaces/tutorial_interfaces_s__rosidl_typesupport_fastrtps_c.cpython-310-x86_64-linux-gnu.so
[0.715s] -- Up-to-date: /home/vboxuser/hw4_ws/install/tutorial_interfaces/local/lib/python3.10/dist-packages/tutorial_interfaces/__init__.py
[0.715s] -- Up-to-date: /home/vboxuser/hw4_ws/install/tutorial_interfaces/local/lib/python3.10/dist-packages/tutorial_interfaces/_tutorial_interfaces_s.ep.rosidl_typesupport_fastrtps_c.c
[0.715s] -- Up-to-date: /home/vboxuser/hw4_ws/install/tutorial_interfaces/local/lib/python3.10/dist-packages/tutorial_interfaces/_tutorial_interfaces_s.ep.rosidl_typesupport_introspection_c.c
[0.716s] -- Up-to-date: /home/vboxuser/hw4_ws/install/tutorial_interfaces/local/lib/python3.10/dist-packages/tutorial_interfaces/srv
[0.716s] -- Up-to-date: /home/vboxuser/hw4_ws/install/tutorial_interfaces/local/lib/python3.10/dist-packages/tutorial_interfaces/srv/_two_ints.py
[0.716s] -- Up-to-date: /home/vboxuser/hw4_ws/install/tutorial_interfaces/local/lib/python3.10/dist-packages/tutorial_interfaces/srv/__init__.py
[0.716s] -- Up-to-date: /home/vboxuser/hw4_ws/install/tutorial_interfaces/local/lib/python3.10/dist-packages/tutorial_interfaces/srv/_two_ints_s.c
[0.716s] -- Up-to-date: /home/vboxuser/hw4_ws/install/tutorial_interfaces/local/lib/python3.10/dist-packages/tutorial_interfaces/libtutorial_interfaces__rosidl_generator_py.so
[0.716s] -- Up-to-date: /home/vboxuser/hw4_ws/install/tutorial_interfaces/local/lib/python3.10/dist-packages/tutorial_interfaces/tutorial_interfaces_s__rosidl_typesupport_introspection_c.cpython-310-x86_64-linux-gnu.so
[0.759s] Listing '/home/vboxuser/hw4_ws/install/tutorial_interfaces/local/lib/python3.10/dist-packages/tutorial_interfaces'...
[0.759s] Listing '/home/vboxuser/hw4_ws/install/tutorial_interfaces/local/lib/python3.10/dist-packages/tutorial_interfaces/srv'...
[0.765s] -- Up-to-date: /home/vboxuser/hw4_ws/install/tutorial_interfaces/local/lib/python3.10/dist-packages/tutorial_interfaces/tutorial_interfaces_s__rosidl_typesupport_fastrtps_c.cpython-310-x86_64-linux-gnu.so
[0.765s] -- Up-to-date: /home/vboxuser/hw4_ws/install/tutorial_interfaces/local/lib/python3.10/dist-packages/tutorial_interfaces/tutorial_interfaces_s__rosidl_typesupport_introspection_c.cpython-310-x86_64-linux-gnu.so
[0.765s] -- Up-to-date: /home/vboxuser/hw4_ws/install/tutorial_interfaces/local/lib/python3.10/dist-packages/tutorial_interfaces/tutorial_interfaces_s__rosidl_typesupport_c.cpython-310-x86_64-linux-gnu.so
[0.766s] -- Up-to-date: /home/vboxuser/hw4_ws/install/tutorial_interfaces/lib/libtutorial_interfaces__rosidl_generator_py.so
[0.766s] -- Up-to-date: /home/vboxuser/hw4_ws/install/tutorial_interfaces/share/tutorial_interfaces/srv/TwoInts.idl
[0.766s] -- Up-to-date: /home/vboxuser/hw4_ws/install/tutorial_interfaces/share/tutorial_interfaces/srv/TwoInts.srv
[0.766s] -- Up-to-date: /home/vboxuser/hw4_ws/install/tutorial_interfaces/share/tutorial_interfaces/srv/TwoInts_Request.msg
[0.766s] -- Up-to-date: /home/vboxuser/hw4_ws/install/tutorial_interfaces/share/tutorial_interfaces/srv/TwoInts_Response.msg
[0.766s] -- Up-to-date: /home/vboxuser/hw4_ws/install/tutorial_interfaces/share/ament_index/resource_index/package_run_dependencies/tutorial_interfaces
[0.767s] -- Up-to-date: /home/vboxuser/hw4_ws/install/tutorial_interfaces/share/ament_index/resource_index/parent_prefix_path/tutorial_interfaces
[0.767s] -- Up-to-date: /home/vboxuser/hw4_ws/install/tutorial_interfaces/share/tutorial_interfaces/environment/ament_prefix_path.sh
[0.767s] -- Up-to-date: /home/vboxuser/hw4_ws/install/tutorial_interfaces/share/tutorial_interfaces/environment/ament_prefix_path.dsv
[0.767s] -- Up-to-date: /home/vboxuser/hw4_ws/install/tutorial_interfaces/share/tutorial_interfaces/environment/path.sh
[0.767s] -- Up-to-date: /home/vboxuser/hw4_ws/install/tutorial_interfaces/share/tutorial_interfaces/environment/path.dsv
[0.767s] -- Up-to-date: /home/vboxuser/hw4_ws/install/tutorial_interfaces/share/tutorial_interfaces/local_setup.bash
[0.767s] -- Up-to-date: /home/vboxuser/hw4_ws/install/tutorial_interfaces/share/tutorial_interfaces/local_setup.sh
[0.768s] -- Up-to-date: /home/vboxuser/hw4_ws/install/tutorial_interfaces/share/tutorial_interfaces/local_setup.zsh
[0.768s] -- Up-to-date: /home/vboxuser/hw4_ws/install/tutorial_interfaces/share/tutorial_interfaces/local_setup.dsv
[0.768s] -- Installing: /home/vboxuser/hw4_ws/install/tutorial_interfaces/share/tutorial_interfaces/package.dsv
[0.768s] -- Up-to-date: /home/vboxuser/hw4_ws/install/tutorial_interfaces/share/ament_index/resource_index/packages/tutorial_interfaces
[0.768s] -- Up-to-date: /home/vboxuser/hw4_ws/install/tutorial_interfaces/share/tutorial_interfaces/cmake/export_tutorial_interfaces__rosidl_generator_cExport.cmake
[0.768s] -- Up-to-date: /home/vboxuser/hw4_ws/install/tutorial_interfaces/share/tutorial_interfaces/cmake/export_tutorial_interfaces__rosidl_generator_cExport-noconfig.cmake
[0.768s] -- Up-to-date: /home/vboxuser/hw4_ws/install/tutorial_interfaces/share/tutorial_interfaces/cmake/export_tutorial_interfaces__rosidl_typesupport_fastrtps_cExport.cmake
[0.768s] -- Up-to-date: /home/vboxuser/hw4_ws/install/tutorial_interfaces/share/tutorial_interfaces/cmake/export_tutorial_interfaces__rosidl_typesupport_fastrtps_cExport-noconfig.cmake
[0.768s] -- Up-to-date: /home/vboxuser/hw4_ws/install/tutorial_interfaces/share/tutorial_interfaces/cmake/tutorial_interfaces__rosidl_typesupport_introspection_cExport.cmake
[0.769s] -- Up-to-date: /home/vboxuser/hw4_ws/install/tutorial_interfaces/share/tutorial_interfaces/cmake/tutorial_interfaces__rosidl_typesupport_introspection_cExport-noconfig.cmake
[0.769s] -- Up-to-date: /home/vboxuser/hw4_ws/install/tutorial_interfaces/share/tutorial_interfaces/cmake/tutorial_interfaces__rosidl_typesupport_cExport.cmake
[0.769s] -- Up-to-date: /home/vboxuser/hw4_ws/install/tutorial_interfaces/share/tutorial_interfaces/cmake/tutorial_interfaces__rosidl_typesupport_cExport-noconfig.cmake
[0.769s] -- Up-to-date: /home/vboxuser/hw4_ws/install/tutorial_interfaces/share/tutorial_interfaces/cmake/export_tutorial_interfaces__rosidl_generator_cppExport.cmake
[0.769s] -- Up-to-date: /home/vboxuser/hw4_ws/install/tutorial_interfaces/share/tutorial_interfaces/cmake/export_tutorial_interfaces__rosidl_typesupport_fastrtps_cppExport.cmake
[0.769s] -- Up-to-date: /home/vboxuser/hw4_ws/install/tutorial_interfaces/share/tutorial_interfaces/cmake/export_tutorial_interfaces__rosidl_typesupport_fastrtps_cppExport-noconfig.cmake
[0.769s] -- Up-to-date: /home/vboxuser/hw4_ws/install/tutorial_interfaces/share/tutorial_interfaces/cmake/tutorial_interfaces__rosidl_typesupport_introspection_cppExport.cmake
[0.769s] -- Up-to-date: /home/vboxuser/hw4_ws/install/tutorial_interfaces/share/tutorial_interfaces/cmake/tutorial_interfaces__rosidl_typesupport_introspection_cppExport-noconfig.cmake
[0.769s] -- Up-to-date: /home/vboxuser/hw4_ws/install/tutorial_interfaces/share/tutorial_interfaces/cmake/tutorial_interfaces__rosidl_typesupport_cppExport.cmake
[0.769s] -- Up-to-date: /home/vboxuser/hw4_ws/install/tutorial_interfaces/share/tutorial_interfaces/cmake/tutorial_interfaces__rosidl_typesupport_cppExport-noconfig.cmake
[0.769s] -- Up-to-date: /home/vboxuser/hw4_ws/install/tutorial_interfaces/share/tutorial_interfaces/cmake/export_tutorial_interfaces__rosidl_generator_pyExport.cmake
[0.769s] -- Up-to-date: /home/vboxuser/hw4_ws/install/tutorial_interfaces/share/tutorial_interfaces/cmake/export_tutorial_interfaces__rosidl_generator_pyExport-noconfig.cmake
[0.769s] -- Up-to-date: /home/vboxuser/hw4_ws/install/tutorial_interfaces/share/tutorial_interfaces/cmake/rosidl_cmake-extras.cmake
[0.769s] -- Up-to-date: /home/vboxuser/hw4_ws/install/tutorial_interfaces/share/tutorial_interfaces/cmake/ament_cmake_export_include_directories-extras.cmake
[0.769s] -- Up-to-date: /home/vboxuser/hw4_ws/install/tutorial_interfaces/share/tutorial_interfaces/cmake/ament_cmake_export_libraries-extras.cmake
[0.769s] -- Up-to-date: /home/vboxuser/hw4_ws/install/tutorial_interfaces/share/tutorial_interfaces/cmake/ament_cmake_export_targets-extras.cmake
[0.769s] -- Up-to-date: /home/vboxuser/hw4_ws/install/tutorial_interfaces/share/tutorial_interfaces/cmake/rosidl_cmake_export_typesupport_targets-extras.cmake
[0.770s] -- Up-to-date: /home/vboxuser/hw4_ws/install/tutorial_interfaces/share/tutorial_interfaces/cmake/ament_cmake_export_dependencies-extras.cmake
[0.770s] -- Up-to-date: /home/vboxuser/hw4_ws/install/tutorial_interfaces/share/tutorial_interfaces/cmake/rosidl_cmake_export_typesupport_libraries-extras.cmake
[0.770s] -- Up-to-date: /home/vboxuser/hw4_ws/install/tutorial_interfaces/share/tutorial_interfaces/cmake/tutorial_interfacesConfig.cmake
[0.770s] -- Up-to-date: /home/vboxuser/hw4_ws/install/tutorial_interfaces/share/tutorial_interfaces/cmake/tutorial_interfacesConfig-version.cmake
[0.770s] -- Up-to-date: /home/vboxuser/hw4_ws/install/tutorial_interfaces/share/tutorial_interfaces/package.xml
[0.771s] Invoked command in '/home/vboxuser/hw4_ws/build/tutorial_interfaces' returned '0': CMAKE_PREFIX_PATH=${CMAKE_PREFIX_PATH}:/home/vboxuser/hw4_ws/install/py_srvcli:/home/vboxuser/hw4_ws/install/calculator:/opt/ros/humble /usr/bin/cmake --install /home/vboxuser/hw4_ws/build/tutorial_interfaces
