running egg_info
creating ../../build/q2/q2.egg-info
writing ../../build/q2/q2.egg-info/PKG-INFO
writing dependency_links to ../../build/q2/q2.egg-info/dependency_links.txt
writing entry points to ../../build/q2/q2.egg-info/entry_points.txt
writing requirements to ../../build/q2/q2.egg-info/requires.txt
writing top-level names to ../../build/q2/q2.egg-info/top_level.txt
writing manifest file '../../build/q2/q2.egg-info/SOURCES.txt'
reading manifest file '../../build/q2/q2.egg-info/SOURCES.txt'
adding license file 'LICENSE'
writing manifest file '../../build/q2/q2.egg-info/SOURCES.txt'
running build
running build_py
creating /home/vboxuser/hw3_ws/build/q2/build
creating /home/vboxuser/hw3_ws/build/q2/build/lib
creating /home/vboxuser/hw3_ws/build/q2/build/lib/q2
copying q2/__init__.py -> /home/vboxuser/hw3_ws/build/q2/build/lib/q2
copying q2/node_link.py -> /home/vboxuser/hw3_ws/build/q2/build/lib/q2
running install
running install_lib
creating /home/vboxuser/hw3_ws/install/q2/lib/python3.10/site-packages/q2
copying /home/vboxuser/hw3_ws/build/q2/build/lib/q2/__init__.py -> /home/vboxuser/hw3_ws/install/q2/lib/python3.10/site-packages/q2
copying /home/vboxuser/hw3_ws/build/q2/build/lib/q2/node_link.py -> /home/vboxuser/hw3_ws/install/q2/lib/python3.10/site-packages/q2
byte-compiling /home/vboxuser/hw3_ws/install/q2/lib/python3.10/site-packages/q2/__init__.py to __init__.cpython-310.pyc
byte-compiling /home/vboxuser/hw3_ws/install/q2/lib/python3.10/site-packages/q2/node_link.py to node_link.cpython-310.pyc
running install_data
creating /home/vboxuser/hw3_ws/install/q2/share/ament_index
creating /home/vboxuser/hw3_ws/install/q2/share/ament_index/resource_index
creating /home/vboxuser/hw3_ws/install/q2/share/ament_index/resource_index/packages
copying resource/q2 -> /home/vboxuser/hw3_ws/install/q2/share/ament_index/resource_index/packages
copying package.xml -> /home/vboxuser/hw3_ws/install/q2/share/q2
running install_egg_info
Copying ../../build/q2/q2.egg-info to /home/vboxuser/hw3_ws/install/q2/lib/python3.10/site-packages/q2-0.0.0-py3.10.egg-info
running install_scripts
Installing node_link script to /home/vboxuser/hw3_ws/install/q2/lib/q2
writing list of installed files to '/home/vboxuser/hw3_ws/build/q2/install.log'
