[2.104s] Invoking command in '/home/vboxuser/hw3_ws/src/q2': PYTHONPATH=/home/vboxuser/hw3_ws/build/q2/prefix_override:/home/vboxuser/hw3_ws/install/q2/lib/python3.10/site-packages:${PYTHONPATH} /usr/bin/python3 setup.py egg_info --egg-base ../../build/q2 build --build-base /home/vboxuser/hw3_ws/build/q2/build install --record /home/vboxuser/hw3_ws/build/q2/install.log --single-version-externally-managed
[2.494s] running egg_info
[2.495s] creating ../../build/q2/q2.egg-info
[2.495s] writing ../../build/q2/q2.egg-info/PKG-INFO
[2.496s] writing dependency_links to ../../build/q2/q2.egg-info/dependency_links.txt
[2.496s] writing entry points to ../../build/q2/q2.egg-info/entry_points.txt
[2.496s] writing requirements to ../../build/q2/q2.egg-info/requires.txt
[2.496s] writing top-level names to ../../build/q2/q2.egg-info/top_level.txt
[2.496s] writing manifest file '../../build/q2/q2.egg-info/SOURCES.txt'
[2.501s] reading manifest file '../../build/q2/q2.egg-info/SOURCES.txt'
[2.502s] adding license file 'LICENSE'
[2.502s] writing manifest file '../../build/q2/q2.egg-info/SOURCES.txt'
[2.502s] running build
[2.505s] running build_py
[2.505s] creating /home/vboxuser/hw3_ws/build/q2/build
[2.506s] creating /home/vboxuser/hw3_ws/build/q2/build/lib
[2.506s] creating /home/vboxuser/hw3_ws/build/q2/build/lib/q2
[2.506s] copying q2/__init__.py -> /home/vboxuser/hw3_ws/build/q2/build/lib/q2
[2.506s] copying q2/node_link.py -> /home/vboxuser/hw3_ws/build/q2/build/lib/q2
[2.506s] running install
[2.506s] running install_lib
[2.506s] creating /home/vboxuser/hw3_ws/install/q2/lib/python3.10/site-packages/q2
[2.506s] copying /home/vboxuser/hw3_ws/build/q2/build/lib/q2/__init__.py -> /home/vboxuser/hw3_ws/install/q2/lib/python3.10/site-packages/q2
[2.506s] copying /home/vboxuser/hw3_ws/build/q2/build/lib/q2/node_link.py -> /home/vboxuser/hw3_ws/install/q2/lib/python3.10/site-packages/q2
[2.506s] byte-compiling /home/vboxuser/hw3_ws/install/q2/lib/python3.10/site-packages/q2/__init__.py to __init__.cpython-310.pyc
[2.506s] byte-compiling /home/vboxuser/hw3_ws/install/q2/lib/python3.10/site-packages/q2/node_link.py to node_link.cpython-310.pyc
[2.507s] running install_data
[2.507s] creating /home/vboxuser/hw3_ws/install/q2/share/ament_index
[2.507s] creating /home/vboxuser/hw3_ws/install/q2/share/ament_index/resource_index
[2.507s] creating /home/vboxuser/hw3_ws/install/q2/share/ament_index/resource_index/packages
[2.507s] copying resource/q2 -> /home/vboxuser/hw3_ws/install/q2/share/ament_index/resource_index/packages
[2.508s] copying package.xml -> /home/vboxuser/hw3_ws/install/q2/share/q2
[2.511s] running install_egg_info
[2.512s] Copying ../../build/q2/q2.egg-info to /home/vboxuser/hw3_ws/install/q2/lib/python3.10/site-packages/q2-0.0.0-py3.10.egg-info
[2.512s] running install_scripts
[2.537s] Installing node_link script to /home/vboxuser/hw3_ws/install/q2/lib/q2
[2.537s] writing list of installed files to '/home/vboxuser/hw3_ws/build/q2/install.log'
[2.640s] Invoked command in '/home/vboxuser/hw3_ws/src/q2' returned '0': PYTHONPATH=/home/vboxuser/hw3_ws/build/q2/prefix_override:/home/vboxuser/hw3_ws/install/q2/lib/python3.10/site-packages:${PYTHONPATH} /usr/bin/python3 setup.py egg_info --egg-base ../../build/q2 build --build-base /home/vboxuser/hw3_ws/build/q2/build install --record /home/vboxuser/hw3_ws/build/q2/install.log --single-version-externally-managed
