[0.505s] Invoking command in '/home/vboxuser/hw5_ws/src/build/my_interfaces': CMAKE_PREFIX_PATH=${CMAKE_PREFIX_PATH}:/home/vboxuser/hw5_ws/install/turtle_run:/home/vboxuser/hw5_ws/install/turtle_mover:/home/vboxuser/hw5_ws/install/turtle_joy:/home/vboxuser/hw5_ws/install/actions_py:/opt/ros/humble /usr/bin/cmake --build /home/vboxuser/hw5_ws/src/build/my_interfaces -- -j6 -l6
[1.604s] [35m[1mConsolidate compiler generated dependencies of target my_interfaces__rosidl_generator_c[0m
[1.605s] [  9%] Built target my_interfaces__rosidl_generator_c
[1.605s] [ 12%] Built target my_interfaces__cpp
[1.606s] [35m[1mConsolidate compiler generated dependencies of target my_interfaces__rosidl_typesupport_introspection_c[0m
[1.606s] [35m[1mConsolidate compiler generated dependencies of target my_interfaces__rosidl_typesupport_fastrtps_c[0m
[1.606s] [35m[1mConsolidate compiler generated dependencies of target my_interfaces__rosidl_typesupport_c[0m
[1.606s] [35m[1mConsolidate compiler generated dependencies of target my_interfaces__rosidl_typesupport_cpp[0m
[1.606s] [35m[1mConsolidate compiler generated dependencies of target my_interfaces__rosidl_typesupport_fastrtps_cpp[0m
[1.606s] [ 12%] Built target ament_cmake_python_copy_my_interfaces
[1.607s] [ 22%] Built target my_interfaces__rosidl_typesupport_fastrtps_c
[1.607s] [ 41%] Built target my_interfaces__rosidl_typesupport_introspection_c
[1.607s] [ 41%] Built target my_interfaces__rosidl_typesupport_c
[1.607s] [ 51%] Built target my_interfaces__rosidl_typesupport_fastrtps_cpp
[1.607s] [35m[1mConsolidate compiler generated dependencies of target my_interfaces__rosidl_typesupport_introspection_cpp[0m
[1.607s] [ 61%] Built target my_interfaces__rosidl_typesupport_cpp
[1.607s] [ 70%] Built target my_interfaces__rosidl_typesupport_introspection_cpp
[1.607s] [ 70%] Built target my_interfaces
[1.607s] [ 74%] Built target my_interfaces__py
[1.607s] [35m[1mConsolidate compiler generated dependencies of target my_interfaces__rosidl_generator_py[0m
[1.608s] [ 80%] Built target my_interfaces__rosidl_generator_py
[1.608s] [35m[1mConsolidate compiler generated dependencies of target my_interfaces__rosidl_typesupport_introspection_c__pyext[0m
[1.608s] [35m[1mConsolidate compiler generated dependencies of target my_interfaces__rosidl_typesupport_c__pyext[0m
[1.608s] [35m[1mConsolidate compiler generated dependencies of target my_interfaces__rosidl_typesupport_fastrtps_c__pyext[0m
[1.608s] [ 87%] Built target my_interfaces__rosidl_typesupport_c__pyext
[1.608s] [ 96%] Built target my_interfaces__rosidl_typesupport_fastrtps_c__pyext
[1.608s] [100%] Built target my_interfaces__rosidl_typesupport_introspection_c__pyext
[1.609s] running egg_info
[1.609s] writing my_interfaces.egg-info/PKG-INFO
[1.609s] writing dependency_links to my_interfaces.egg-info/dependency_links.txt
[1.609s] writing top-level names to my_interfaces.egg-info/top_level.txt
[1.609s] reading manifest file 'my_interfaces.egg-info/SOURCES.txt'
[1.610s] writing manifest file 'my_interfaces.egg-info/SOURCES.txt'
[1.610s] [100%] Built target ament_cmake_python_build_my_interfaces_egg
[2.145s] Invoked command in '/home/vboxuser/hw5_ws/src/build/my_interfaces' returned '0': CMAKE_PREFIX_PATH=${CMAKE_PREFIX_PATH}:/home/vboxuser/hw5_ws/install/turtle_run:/home/vboxuser/hw5_ws/install/turtle_mover:/home/vboxuser/hw5_ws/install/turtle_joy:/home/vboxuser/hw5_ws/install/actions_py:/opt/ros/humble /usr/bin/cmake --build /home/vboxuser/hw5_ws/src/build/my_interfaces -- -j6 -l6
[2.246s] Invoking command in '/home/vboxuser/hw5_ws/src/build/my_interfaces': CMAKE_PREFIX_PATH=${CMAKE_PREFIX_PATH}:/home/vboxuser/hw5_ws/install/turtle_run:/home/vboxuser/hw5_ws/install/turtle_mover:/home/vboxuser/hw5_ws/install/turtle_joy:/home/vboxuser/hw5_ws/install/actions_py:/opt/ros/humble /usr/bin/cmake --install /home/vboxuser/hw5_ws/src/build/my_interfaces
[2.258s] -- Install configuration: ""
[2.258s] -- Up-to-date: /home/vboxuser/hw5_ws/src/install/my_interfaces/share/ament_index/resource_index/rosidl_interfaces/my_interfaces
[2.258s] -- Up-to-date: /home/vboxuser/hw5_ws/src/install/my_interfaces/include/my_interfaces/my_interfaces
[2.259s] -- Up-to-date: /home/vboxuser/hw5_ws/src/install/my_interfaces/include/my_interfaces/my_interfaces/msg
[2.259s] -- Up-to-date: /home/vboxuser/hw5_ws/src/install/my_interfaces/include/my_interfaces/my_interfaces/msg/rosidl_generator_c__visibility_control.h
[2.259s] -- Up-to-date: /home/vboxuser/hw5_ws/src/install/my_interfaces/include/my_interfaces/my_interfaces/action
[2.259s] -- Up-to-date: /home/vboxuser/hw5_ws/src/install/my_interfaces/include/my_interfaces/my_interfaces/action/detail
[2.259s] -- Up-to-date: /home/vboxuser/hw5_ws/src/install/my_interfaces/include/my_interfaces/my_interfaces/action/detail/count_until__functions.h
[2.260s] -- Up-to-date: /home/vboxuser/hw5_ws/src/install/my_interfaces/include/my_interfaces/my_interfaces/action/detail/count_until__type_support.h
[2.260s] -- Up-to-date: /home/vboxuser/hw5_ws/src/install/my_interfaces/include/my_interfaces/my_interfaces/action/detail/count_until__struct.h
[2.260s] -- Up-to-date: /home/vboxuser/hw5_ws/src/install/my_interfaces/include/my_interfaces/my_interfaces/action/detail/count_until__functions.c
[2.260s] -- Up-to-date: /home/vboxuser/hw5_ws/src/install/my_interfaces/include/my_interfaces/my_interfaces/action/count_until.h
[2.265s] -- Up-to-date: /home/vboxuser/hw5_ws/src/install/my_interfaces/share/my_interfaces/environment/library_path.sh
[2.266s] -- Up-to-date: /home/vboxuser/hw5_ws/src/install/my_interfaces/share/my_interfaces/environment/library_path.dsv
[2.266s] -- Up-to-date: /home/vboxuser/hw5_ws/src/install/my_interfaces/lib/libmy_interfaces__rosidl_generator_c.so
[2.267s] -- Up-to-date: /home/vboxuser/hw5_ws/src/install/my_interfaces/include/my_interfaces/my_interfaces
[2.267s] -- Up-to-date: /home/vboxuser/hw5_ws/src/install/my_interfaces/include/my_interfaces/my_interfaces/msg
[2.268s] -- Up-to-date: /home/vboxuser/hw5_ws/src/install/my_interfaces/include/my_interfaces/my_interfaces/msg/rosidl_typesupport_fastrtps_c__visibility_control.h
[2.268s] -- Up-to-date: /home/vboxuser/hw5_ws/src/install/my_interfaces/include/my_interfaces/my_interfaces/action
[2.268s] -- Up-to-date: /home/vboxuser/hw5_ws/src/install/my_interfaces/include/my_interfaces/my_interfaces/action/detail
[2.268s] -- Up-to-date: /home/vboxuser/hw5_ws/src/install/my_interfaces/include/my_interfaces/my_interfaces/action/detail/count_until__rosidl_typesupport_fastrtps_c.h
[2.279s] -- Up-to-date: /home/vboxuser/hw5_ws/src/install/my_interfaces/lib/libmy_interfaces__rosidl_typesupport_fastrtps_c.so
[2.280s] -- Up-to-date: /home/vboxuser/hw5_ws/src/install/my_interfaces/include/my_interfaces/my_interfaces
[2.280s] -- Up-to-date: /home/vboxuser/hw5_ws/src/install/my_interfaces/include/my_interfaces/my_interfaces/msg
[2.280s] -- Up-to-date: /home/vboxuser/hw5_ws/src/install/my_interfaces/include/my_interfaces/my_interfaces/msg/rosidl_typesupport_introspection_c__visibility_control.h
[2.280s] -- Up-to-date: /home/vboxuser/hw5_ws/src/install/my_interfaces/include/my_interfaces/my_interfaces/action
[2.280s] -- Up-to-date: /home/vboxuser/hw5_ws/src/install/my_interfaces/include/my_interfaces/my_interfaces/action/detail
[2.280s] -- Up-to-date: /home/vboxuser/hw5_ws/src/install/my_interfaces/include/my_interfaces/my_interfaces/action/detail/count_until__type_support.c
[2.280s] -- Up-to-date: /home/vboxuser/hw5_ws/src/install/my_interfaces/include/my_interfaces/my_interfaces/action/detail/count_until__rosidl_typesupport_introspection_c.h
[2.280s] -- Up-to-date: /home/vboxuser/hw5_ws/src/install/my_interfaces/lib/libmy_interfaces__rosidl_typesupport_introspection_c.so
[2.280s] -- Up-to-date: /home/vboxuser/hw5_ws/src/install/my_interfaces/lib/libmy_interfaces__rosidl_typesupport_c.so
[2.281s] -- Up-to-date: /home/vboxuser/hw5_ws/src/install/my_interfaces/include/my_interfaces/my_interfaces
[2.281s] -- Up-to-date: /home/vboxuser/hw5_ws/src/install/my_interfaces/include/my_interfaces/my_interfaces/action
[2.281s] -- Up-to-date: /home/vboxuser/hw5_ws/src/install/my_interfaces/include/my_interfaces/my_interfaces/action/detail
[2.281s] -- Up-to-date: /home/vboxuser/hw5_ws/src/install/my_interfaces/include/my_interfaces/my_interfaces/action/detail/count_until__struct.hpp
[2.281s] -- Up-to-date: /home/vboxuser/hw5_ws/src/install/my_interfaces/include/my_interfaces/my_interfaces/action/detail/count_until__traits.hpp
[2.281s] -- Up-to-date: /home/vboxuser/hw5_ws/src/install/my_interfaces/include/my_interfaces/my_interfaces/action/detail/count_until__builder.hpp
[2.281s] -- Up-to-date: /home/vboxuser/hw5_ws/src/install/my_interfaces/include/my_interfaces/my_interfaces/action/count_until.hpp
[2.281s] -- Up-to-date: /home/vboxuser/hw5_ws/src/install/my_interfaces/include/my_interfaces/my_interfaces
[2.281s] -- Up-to-date: /home/vboxuser/hw5_ws/src/install/my_interfaces/include/my_interfaces/my_interfaces/msg
[2.282s] -- Up-to-date: /home/vboxuser/hw5_ws/src/install/my_interfaces/include/my_interfaces/my_interfaces/msg/rosidl_typesupport_fastrtps_cpp__visibility_control.h
[2.282s] -- Up-to-date: /home/vboxuser/hw5_ws/src/install/my_interfaces/include/my_interfaces/my_interfaces/action
[2.282s] -- Up-to-date: /home/vboxuser/hw5_ws/src/install/my_interfaces/include/my_interfaces/my_interfaces/action/detail
[2.282s] -- Up-to-date: /home/vboxuser/hw5_ws/src/install/my_interfaces/include/my_interfaces/my_interfaces/action/detail/count_until__rosidl_typesupport_fastrtps_cpp.hpp
[2.282s] -- Up-to-date: /home/vboxuser/hw5_ws/src/install/my_interfaces/include/my_interfaces/my_interfaces/action/detail/dds_fastrtps
[2.282s] -- Up-to-date: /home/vboxuser/hw5_ws/src/install/my_interfaces/lib/libmy_interfaces__rosidl_typesupport_fastrtps_cpp.so
[2.282s] -- Up-to-date: /home/vboxuser/hw5_ws/src/install/my_interfaces/include/my_interfaces/my_interfaces
[2.282s] -- Up-to-date: /home/vboxuser/hw5_ws/src/install/my_interfaces/include/my_interfaces/my_interfaces/action
[2.282s] -- Up-to-date: /home/vboxuser/hw5_ws/src/install/my_interfaces/include/my_interfaces/my_interfaces/action/detail
[2.282s] -- Up-to-date: /home/vboxuser/hw5_ws/src/install/my_interfaces/include/my_interfaces/my_interfaces/action/detail/count_until__type_support.cpp
[2.283s] -- Up-to-date: /home/vboxuser/hw5_ws/src/install/my_interfaces/include/my_interfaces/my_interfaces/action/detail/count_until__rosidl_typesupport_introspection_cpp.hpp
[2.283s] -- Up-to-date: /home/vboxuser/hw5_ws/src/install/my_interfaces/lib/libmy_interfaces__rosidl_typesupport_introspection_cpp.so
[2.283s] -- Up-to-date: /home/vboxuser/hw5_ws/src/install/my_interfaces/lib/libmy_interfaces__rosidl_typesupport_cpp.so
[2.283s] -- Up-to-date: /home/vboxuser/hw5_ws/src/install/my_interfaces/share/my_interfaces/environment/pythonpath.sh
[2.284s] -- Up-to-date: /home/vboxuser/hw5_ws/src/install/my_interfaces/share/my_interfaces/environment/pythonpath.dsv
[2.284s] -- Up-to-date: /home/vboxuser/hw5_ws/src/install/my_interfaces/local/lib/python3.10/dist-packages/my_interfaces-0.0.0-py3.10.egg-info
[2.284s] -- Installing: /home/vboxuser/hw5_ws/src/install/my_interfaces/local/lib/python3.10/dist-packages/my_interfaces-0.0.0-py3.10.egg-info/top_level.txt
[2.284s] -- Installing: /home/vboxuser/hw5_ws/src/install/my_interfaces/local/lib/python3.10/dist-packages/my_interfaces-0.0.0-py3.10.egg-info/dependency_links.txt
[2.284s] -- Installing: /home/vboxuser/hw5_ws/src/install/my_interfaces/local/lib/python3.10/dist-packages/my_interfaces-0.0.0-py3.10.egg-info/SOURCES.txt
[2.284s] -- Installing: /home/vboxuser/hw5_ws/src/install/my_interfaces/local/lib/python3.10/dist-packages/my_interfaces-0.0.0-py3.10.egg-info/PKG-INFO
[2.284s] -- Up-to-date: /home/vboxuser/hw5_ws/src/install/my_interfaces/local/lib/python3.10/dist-packages/my_interfaces
[2.284s] -- Up-to-date: /home/vboxuser/hw5_ws/src/install/my_interfaces/local/lib/python3.10/dist-packages/my_interfaces/_my_interfaces_s.ep.rosidl_typesupport_fastrtps_c.c
[2.285s] -- Up-to-date: /home/vboxuser/hw5_ws/src/install/my_interfaces/local/lib/python3.10/dist-packages/my_interfaces/my_interfaces_s__rosidl_typesupport_fastrtps_c.cpython-310-x86_64-linux-gnu.so
[2.285s] -- Up-to-date: /home/vboxuser/hw5_ws/src/install/my_interfaces/local/lib/python3.10/dist-packages/my_interfaces/libmy_interfaces__rosidl_generator_py.so
[2.285s] -- Up-to-date: /home/vboxuser/hw5_ws/src/install/my_interfaces/local/lib/python3.10/dist-packages/my_interfaces/__init__.py
[2.285s] -- Up-to-date: /home/vboxuser/hw5_ws/src/install/my_interfaces/local/lib/python3.10/dist-packages/my_interfaces/my_interfaces_s__rosidl_typesupport_introspection_c.cpython-310-x86_64-linux-gnu.so
[2.285s] -- Up-to-date: /home/vboxuser/hw5_ws/src/install/my_interfaces/local/lib/python3.10/dist-packages/my_interfaces/action
[2.285s] -- Up-to-date: /home/vboxuser/hw5_ws/src/install/my_interfaces/local/lib/python3.10/dist-packages/my_interfaces/action/_count_until.py
[2.285s] -- Up-to-date: /home/vboxuser/hw5_ws/src/install/my_interfaces/local/lib/python3.10/dist-packages/my_interfaces/action/__init__.py
[2.285s] -- Up-to-date: /home/vboxuser/hw5_ws/src/install/my_interfaces/local/lib/python3.10/dist-packages/my_interfaces/action/_count_until_s.c
[2.285s] -- Up-to-date: /home/vboxuser/hw5_ws/src/install/my_interfaces/local/lib/python3.10/dist-packages/my_interfaces/_my_interfaces_s.ep.rosidl_typesupport_c.c
[2.285s] -- Up-to-date: /home/vboxuser/hw5_ws/src/install/my_interfaces/local/lib/python3.10/dist-packages/my_interfaces/_my_interfaces_s.ep.rosidl_typesupport_introspection_c.c
[2.286s] -- Up-to-date: /home/vboxuser/hw5_ws/src/install/my_interfaces/local/lib/python3.10/dist-packages/my_interfaces/my_interfaces_s__rosidl_typesupport_c.cpython-310-x86_64-linux-gnu.so
[2.325s] Listing '/home/vboxuser/hw5_ws/src/install/my_interfaces/local/lib/python3.10/dist-packages/my_interfaces'...
[2.326s] Listing '/home/vboxuser/hw5_ws/src/install/my_interfaces/local/lib/python3.10/dist-packages/my_interfaces/action'...
[2.333s] -- Up-to-date: /home/vboxuser/hw5_ws/src/install/my_interfaces/local/lib/python3.10/dist-packages/my_interfaces/my_interfaces_s__rosidl_typesupport_fastrtps_c.cpython-310-x86_64-linux-gnu.so
[2.334s] -- Up-to-date: /home/vboxuser/hw5_ws/src/install/my_interfaces/local/lib/python3.10/dist-packages/my_interfaces/my_interfaces_s__rosidl_typesupport_introspection_c.cpython-310-x86_64-linux-gnu.so
[2.334s] -- Up-to-date: /home/vboxuser/hw5_ws/src/install/my_interfaces/local/lib/python3.10/dist-packages/my_interfaces/my_interfaces_s__rosidl_typesupport_c.cpython-310-x86_64-linux-gnu.so
[2.334s] -- Up-to-date: /home/vboxuser/hw5_ws/src/install/my_interfaces/lib/libmy_interfaces__rosidl_generator_py.so
[2.334s] -- Up-to-date: /home/vboxuser/hw5_ws/src/install/my_interfaces/share/my_interfaces/action/CountUntil.idl
[2.335s] -- Up-to-date: /home/vboxuser/hw5_ws/src/install/my_interfaces/share/my_interfaces/action/CountUntil.action
[2.335s] -- Up-to-date: /home/vboxuser/hw5_ws/src/install/my_interfaces/share/ament_index/resource_index/package_run_dependencies/my_interfaces
[2.335s] -- Up-to-date: /home/vboxuser/hw5_ws/src/install/my_interfaces/share/ament_index/resource_index/parent_prefix_path/my_interfaces
[2.335s] -- Up-to-date: /home/vboxuser/hw5_ws/src/install/my_interfaces/share/my_interfaces/environment/ament_prefix_path.sh
[2.335s] -- Up-to-date: /home/vboxuser/hw5_ws/src/install/my_interfaces/share/my_interfaces/environment/ament_prefix_path.dsv
[2.335s] -- Up-to-date: /home/vboxuser/hw5_ws/src/install/my_interfaces/share/my_interfaces/environment/path.sh
[2.336s] -- Up-to-date: /home/vboxuser/hw5_ws/src/install/my_interfaces/share/my_interfaces/environment/path.dsv
[2.336s] -- Up-to-date: /home/vboxuser/hw5_ws/src/install/my_interfaces/share/my_interfaces/local_setup.bash
[2.336s] -- Up-to-date: /home/vboxuser/hw5_ws/src/install/my_interfaces/share/my_interfaces/local_setup.sh
[2.336s] -- Up-to-date: /home/vboxuser/hw5_ws/src/install/my_interfaces/share/my_interfaces/local_setup.zsh
[2.336s] -- Up-to-date: /home/vboxuser/hw5_ws/src/install/my_interfaces/share/my_interfaces/local_setup.dsv
[2.337s] -- Installing: /home/vboxuser/hw5_ws/src/install/my_interfaces/share/my_interfaces/package.dsv
[2.337s] -- Up-to-date: /home/vboxuser/hw5_ws/src/install/my_interfaces/share/ament_index/resource_index/packages/my_interfaces
[2.337s] -- Up-to-date: /home/vboxuser/hw5_ws/src/install/my_interfaces/share/my_interfaces/cmake/export_my_interfaces__rosidl_generator_cExport.cmake
[2.337s] -- Up-to-date: /home/vboxuser/hw5_ws/src/install/my_interfaces/share/my_interfaces/cmake/export_my_interfaces__rosidl_generator_cExport-noconfig.cmake
[2.338s] -- Up-to-date: /home/vboxuser/hw5_ws/src/install/my_interfaces/share/my_interfaces/cmake/export_my_interfaces__rosidl_typesupport_fastrtps_cExport.cmake
[2.338s] -- Up-to-date: /home/vboxuser/hw5_ws/src/install/my_interfaces/share/my_interfaces/cmake/export_my_interfaces__rosidl_typesupport_fastrtps_cExport-noconfig.cmake
[2.338s] -- Up-to-date: /home/vboxuser/hw5_ws/src/install/my_interfaces/share/my_interfaces/cmake/my_interfaces__rosidl_typesupport_introspection_cExport.cmake
[2.338s] -- Up-to-date: /home/vboxuser/hw5_ws/src/install/my_interfaces/share/my_interfaces/cmake/my_interfaces__rosidl_typesupport_introspection_cExport-noconfig.cmake
[2.339s] -- Up-to-date: /home/vboxuser/hw5_ws/src/install/my_interfaces/share/my_interfaces/cmake/my_interfaces__rosidl_typesupport_cExport.cmake
[2.339s] -- Up-to-date: /home/vboxuser/hw5_ws/src/install/my_interfaces/share/my_interfaces/cmake/my_interfaces__rosidl_typesupport_cExport-noconfig.cmake
[2.339s] -- Up-to-date: /home/vboxuser/hw5_ws/src/install/my_interfaces/share/my_interfaces/cmake/export_my_interfaces__rosidl_generator_cppExport.cmake
[2.340s] -- Up-to-date: /home/vboxuser/hw5_ws/src/install/my_interfaces/share/my_interfaces/cmake/export_my_interfaces__rosidl_typesupport_fastrtps_cppExport.cmake
[2.340s] -- Up-to-date: /home/vboxuser/hw5_ws/src/install/my_interfaces/share/my_interfaces/cmake/export_my_interfaces__rosidl_typesupport_fastrtps_cppExport-noconfig.cmake
[2.340s] -- Up-to-date: /home/vboxuser/hw5_ws/src/install/my_interfaces/share/my_interfaces/cmake/my_interfaces__rosidl_typesupport_introspection_cppExport.cmake
[2.340s] -- Up-to-date: /home/vboxuser/hw5_ws/src/install/my_interfaces/share/my_interfaces/cmake/my_interfaces__rosidl_typesupport_introspection_cppExport-noconfig.cmake
[2.341s] -- Up-to-date: /home/vboxuser/hw5_ws/src/install/my_interfaces/share/my_interfaces/cmake/my_interfaces__rosidl_typesupport_cppExport.cmake
[2.341s] -- Up-to-date: /home/vboxuser/hw5_ws/src/install/my_interfaces/share/my_interfaces/cmake/my_interfaces__rosidl_typesupport_cppExport-noconfig.cmake
[2.341s] -- Up-to-date: /home/vboxuser/hw5_ws/src/install/my_interfaces/share/my_interfaces/cmake/export_my_interfaces__rosidl_generator_pyExport.cmake
[2.341s] -- Up-to-date: /home/vboxuser/hw5_ws/src/install/my_interfaces/share/my_interfaces/cmake/export_my_interfaces__rosidl_generator_pyExport-noconfig.cmake
[2.342s] -- Up-to-date: /home/vboxuser/hw5_ws/src/install/my_interfaces/share/my_interfaces/cmake/rosidl_cmake-extras.cmake
[2.342s] -- Up-to-date: /home/vboxuser/hw5_ws/src/install/my_interfaces/share/my_interfaces/cmake/ament_cmake_export_dependencies-extras.cmake
[2.342s] -- Up-to-date: /home/vboxuser/hw5_ws/src/install/my_interfaces/share/my_interfaces/cmake/ament_cmake_export_include_directories-extras.cmake
[2.342s] -- Up-to-date: /home/vboxuser/hw5_ws/src/install/my_interfaces/share/my_interfaces/cmake/ament_cmake_export_libraries-extras.cmake
[2.342s] -- Up-to-date: /home/vboxuser/hw5_ws/src/install/my_interfaces/share/my_interfaces/cmake/ament_cmake_export_targets-extras.cmake
[2.343s] -- Up-to-date: /home/vboxuser/hw5_ws/src/install/my_interfaces/share/my_interfaces/cmake/rosidl_cmake_export_typesupport_targets-extras.cmake
[2.343s] -- Up-to-date: /home/vboxuser/hw5_ws/src/install/my_interfaces/share/my_interfaces/cmake/rosidl_cmake_export_typesupport_libraries-extras.cmake
[2.343s] -- Up-to-date: /home/vboxuser/hw5_ws/src/install/my_interfaces/share/my_interfaces/cmake/my_interfacesConfig.cmake
[2.343s] -- Up-to-date: /home/vboxuser/hw5_ws/src/install/my_interfaces/share/my_interfaces/cmake/my_interfacesConfig-version.cmake
[2.343s] -- Up-to-date: /home/vboxuser/hw5_ws/src/install/my_interfaces/share/my_interfaces/package.xml
[2.347s] Invoked command in '/home/vboxuser/hw5_ws/src/build/my_interfaces' returned '0': CMAKE_PREFIX_PATH=${CMAKE_PREFIX_PATH}:/home/vboxuser/hw5_ws/install/turtle_run:/home/vboxuser/hw5_ws/install/turtle_mover:/home/vboxuser/hw5_ws/install/turtle_joy:/home/vboxuser/hw5_ws/install/actions_py:/opt/ros/humble /usr/bin/cmake --install /home/vboxuser/hw5_ws/src/build/my_interfaces
