[0.625s] Invoking command in '/home/vboxuser/hw5_ws/build/my_interfaces': CMAKE_PREFIX_PATH=${CMAKE_PREFIX_PATH}:/home/vboxuser/hw5_ws/src/install/turtle_run:/home/vboxuser/hw5_ws/src/install/turtle_mover:/home/vboxuser/hw5_ws/src/install/turtle_joy:/home/vboxuser/hw5_ws/src/install/actions_py:/home/vboxuser/hw5_ws/install/turtle_run:/home/vboxuser/hw5_ws/install/turtle_mover:/home/vboxuser/hw5_ws/install/turtle_joy:/home/vboxuser/hw5_ws/install/actions_py:/opt/ros/humble /usr/bin/cmake --build /home/vboxuser/hw5_ws/build/my_interfaces -- -j6 -l6
[1.863s] [  2%] Built target my_interfaces__cpp
[1.863s] [ 12%] Built target my_interfaces__rosidl_generator_c
[1.863s] [ 12%] Built target ament_cmake_python_copy_my_interfaces
[1.863s] [ 23%] Built target my_interfaces__rosidl_typesupport_cpp
[1.863s] [ 33%] Built target my_interfaces__rosidl_typesupport_fastrtps_cpp
[1.864s] [ 43%] Built target my_interfaces__rosidl_typesupport_fastrtps_c
[1.881s] [ 53%] Built target my_interfaces__rosidl_typesupport_introspection_c
[1.881s] [ 66%] Built target my_interfaces__rosidl_typesupport_introspection_cpp
[1.881s] [ 74%] Built target my_interfaces__rosidl_typesupport_c
[1.881s] [ 74%] Built target my_interfaces
[1.881s] [ 76%] Built target my_interfaces__py
[1.882s] [ 84%] Built target my_interfaces__rosidl_generator_py
[1.882s] [ 89%] Built target my_interfaces__rosidl_typesupport_fastrtps_c__pyext
[1.882s] [ 97%] Built target my_interfaces__rosidl_typesupport_introspection_c__pyext
[1.882s] [100%] Built target my_interfaces__rosidl_typesupport_c__pyext
[1.882s] running egg_info
[1.882s] writing my_interfaces.egg-info/PKG-INFO
[1.883s] writing dependency_links to my_interfaces.egg-info/dependency_links.txt
[1.883s] writing top-level names to my_interfaces.egg-info/top_level.txt
[1.883s] reading manifest file 'my_interfaces.egg-info/SOURCES.txt'
[1.883s] writing manifest file 'my_interfaces.egg-info/SOURCES.txt'
[1.883s] [100%] Built target ament_cmake_python_build_my_interfaces_egg
[2.447s] Invoked command in '/home/vboxuser/hw5_ws/build/my_interfaces' returned '0': CMAKE_PREFIX_PATH=${CMAKE_PREFIX_PATH}:/home/vboxuser/hw5_ws/src/install/turtle_run:/home/vboxuser/hw5_ws/src/install/turtle_mover:/home/vboxuser/hw5_ws/src/install/turtle_joy:/home/vboxuser/hw5_ws/src/install/actions_py:/home/vboxuser/hw5_ws/install/turtle_run:/home/vboxuser/hw5_ws/install/turtle_mover:/home/vboxuser/hw5_ws/install/turtle_joy:/home/vboxuser/hw5_ws/install/actions_py:/opt/ros/humble /usr/bin/cmake --build /home/vboxuser/hw5_ws/build/my_interfaces -- -j6 -l6
[2.608s] Invoking command in '/home/vboxuser/hw5_ws/build/my_interfaces': CMAKE_PREFIX_PATH=${CMAKE_PREFIX_PATH}:/home/vboxuser/hw5_ws/src/install/turtle_run:/home/vboxuser/hw5_ws/src/install/turtle_mover:/home/vboxuser/hw5_ws/src/install/turtle_joy:/home/vboxuser/hw5_ws/src/install/actions_py:/home/vboxuser/hw5_ws/install/turtle_run:/home/vboxuser/hw5_ws/install/turtle_mover:/home/vboxuser/hw5_ws/install/turtle_joy:/home/vboxuser/hw5_ws/install/actions_py:/opt/ros/humble /usr/bin/cmake --install /home/vboxuser/hw5_ws/build/my_interfaces
[2.618s] -- Install configuration: ""
[2.618s] -- Up-to-date: /home/vboxuser/hw5_ws/install/my_interfaces/share/ament_index/resource_index/rosidl_interfaces/my_interfaces
[2.618s] -- Up-to-date: /home/vboxuser/hw5_ws/install/my_interfaces/include/my_interfaces/my_interfaces
[2.619s] -- Up-to-date: /home/vboxuser/hw5_ws/install/my_interfaces/include/my_interfaces/my_interfaces/msg
[2.619s] -- Up-to-date: /home/vboxuser/hw5_ws/install/my_interfaces/include/my_interfaces/my_interfaces/msg/rosidl_generator_c__visibility_control.h
[2.619s] -- Up-to-date: /home/vboxuser/hw5_ws/install/my_interfaces/include/my_interfaces/my_interfaces/action
[2.619s] -- Up-to-date: /home/vboxuser/hw5_ws/install/my_interfaces/include/my_interfaces/my_interfaces/action/detail
[2.619s] -- Up-to-date: /home/vboxuser/hw5_ws/install/my_interfaces/include/my_interfaces/my_interfaces/action/detail/turtle_run__struct.h
[2.619s] -- Up-to-date: /home/vboxuser/hw5_ws/install/my_interfaces/include/my_interfaces/my_interfaces/action/detail/turtle_run__functions.c
[2.620s] -- Up-to-date: /home/vboxuser/hw5_ws/install/my_interfaces/include/my_interfaces/my_interfaces/action/detail/turtle_run__functions.h
[2.620s] -- Up-to-date: /home/vboxuser/hw5_ws/install/my_interfaces/include/my_interfaces/my_interfaces/action/detail/count_until__functions.h
[2.620s] -- Up-to-date: /home/vboxuser/hw5_ws/install/my_interfaces/include/my_interfaces/my_interfaces/action/detail/count_until__type_support.h
[2.620s] -- Up-to-date: /home/vboxuser/hw5_ws/install/my_interfaces/include/my_interfaces/my_interfaces/action/detail/count_until__struct.h
[2.620s] -- Up-to-date: /home/vboxuser/hw5_ws/install/my_interfaces/include/my_interfaces/my_interfaces/action/detail/count_until__functions.c
[2.620s] -- Up-to-date: /home/vboxuser/hw5_ws/install/my_interfaces/include/my_interfaces/my_interfaces/action/detail/turtle_run__type_support.h
[2.621s] -- Up-to-date: /home/vboxuser/hw5_ws/install/my_interfaces/include/my_interfaces/my_interfaces/action/count_until.h
[2.621s] -- Up-to-date: /home/vboxuser/hw5_ws/install/my_interfaces/include/my_interfaces/my_interfaces/action/turtle_run.h
[2.621s] -- Up-to-date: /home/vboxuser/hw5_ws/install/my_interfaces/share/my_interfaces/environment/library_path.sh
[2.621s] -- Up-to-date: /home/vboxuser/hw5_ws/install/my_interfaces/share/my_interfaces/environment/library_path.dsv
[2.622s] -- Up-to-date: /home/vboxuser/hw5_ws/install/my_interfaces/lib/libmy_interfaces__rosidl_generator_c.so
[2.622s] -- Up-to-date: /home/vboxuser/hw5_ws/install/my_interfaces/include/my_interfaces/my_interfaces
[2.622s] -- Up-to-date: /home/vboxuser/hw5_ws/install/my_interfaces/include/my_interfaces/my_interfaces/msg
[2.622s] -- Up-to-date: /home/vboxuser/hw5_ws/install/my_interfaces/include/my_interfaces/my_interfaces/msg/rosidl_typesupport_fastrtps_c__visibility_control.h
[2.622s] -- Up-to-date: /home/vboxuser/hw5_ws/install/my_interfaces/include/my_interfaces/my_interfaces/action
[2.623s] -- Up-to-date: /home/vboxuser/hw5_ws/install/my_interfaces/include/my_interfaces/my_interfaces/action/detail
[2.623s] -- Up-to-date: /home/vboxuser/hw5_ws/install/my_interfaces/include/my_interfaces/my_interfaces/action/detail/turtle_run__rosidl_typesupport_fastrtps_c.h
[2.623s] -- Up-to-date: /home/vboxuser/hw5_ws/install/my_interfaces/include/my_interfaces/my_interfaces/action/detail/count_until__rosidl_typesupport_fastrtps_c.h
[2.623s] -- Up-to-date: /home/vboxuser/hw5_ws/install/my_interfaces/lib/libmy_interfaces__rosidl_typesupport_fastrtps_c.so
[2.624s] -- Up-to-date: /home/vboxuser/hw5_ws/install/my_interfaces/include/my_interfaces/my_interfaces
[2.624s] -- Up-to-date: /home/vboxuser/hw5_ws/install/my_interfaces/include/my_interfaces/my_interfaces/msg
[2.624s] -- Up-to-date: /home/vboxuser/hw5_ws/install/my_interfaces/include/my_interfaces/my_interfaces/msg/rosidl_typesupport_introspection_c__visibility_control.h
[2.624s] -- Up-to-date: /home/vboxuser/hw5_ws/install/my_interfaces/include/my_interfaces/my_interfaces/action
[2.624s] -- Up-to-date: /home/vboxuser/hw5_ws/install/my_interfaces/include/my_interfaces/my_interfaces/action/detail
[2.625s] -- Up-to-date: /home/vboxuser/hw5_ws/install/my_interfaces/include/my_interfaces/my_interfaces/action/detail/count_until__type_support.c
[2.625s] -- Up-to-date: /home/vboxuser/hw5_ws/install/my_interfaces/include/my_interfaces/my_interfaces/action/detail/turtle_run__type_support.c
[2.625s] -- Up-to-date: /home/vboxuser/hw5_ws/install/my_interfaces/include/my_interfaces/my_interfaces/action/detail/count_until__rosidl_typesupport_introspection_c.h
[2.625s] -- Up-to-date: /home/vboxuser/hw5_ws/install/my_interfaces/include/my_interfaces/my_interfaces/action/detail/turtle_run__rosidl_typesupport_introspection_c.h
[2.626s] -- Up-to-date: /home/vboxuser/hw5_ws/install/my_interfaces/lib/libmy_interfaces__rosidl_typesupport_introspection_c.so
[2.626s] -- Up-to-date: /home/vboxuser/hw5_ws/install/my_interfaces/lib/libmy_interfaces__rosidl_typesupport_c.so
[2.626s] -- Up-to-date: /home/vboxuser/hw5_ws/install/my_interfaces/include/my_interfaces/my_interfaces
[2.627s] -- Up-to-date: /home/vboxuser/hw5_ws/install/my_interfaces/include/my_interfaces/my_interfaces/action
[2.627s] -- Up-to-date: /home/vboxuser/hw5_ws/install/my_interfaces/include/my_interfaces/my_interfaces/action/detail
[2.627s] -- Up-to-date: /home/vboxuser/hw5_ws/install/my_interfaces/include/my_interfaces/my_interfaces/action/detail/count_until__struct.hpp
[2.627s] -- Up-to-date: /home/vboxuser/hw5_ws/install/my_interfaces/include/my_interfaces/my_interfaces/action/detail/count_until__traits.hpp
[2.627s] -- Up-to-date: /home/vboxuser/hw5_ws/install/my_interfaces/include/my_interfaces/my_interfaces/action/detail/turtle_run__builder.hpp
[2.627s] -- Up-to-date: /home/vboxuser/hw5_ws/install/my_interfaces/include/my_interfaces/my_interfaces/action/detail/count_until__builder.hpp
[2.627s] -- Up-to-date: /home/vboxuser/hw5_ws/install/my_interfaces/include/my_interfaces/my_interfaces/action/detail/turtle_run__struct.hpp
[2.628s] -- Up-to-date: /home/vboxuser/hw5_ws/install/my_interfaces/include/my_interfaces/my_interfaces/action/detail/turtle_run__traits.hpp
[2.628s] -- Up-to-date: /home/vboxuser/hw5_ws/install/my_interfaces/include/my_interfaces/my_interfaces/action/count_until.hpp
[2.628s] -- Up-to-date: /home/vboxuser/hw5_ws/install/my_interfaces/include/my_interfaces/my_interfaces/action/turtle_run.hpp
[2.628s] -- Up-to-date: /home/vboxuser/hw5_ws/install/my_interfaces/include/my_interfaces/my_interfaces
[2.629s] -- Up-to-date: /home/vboxuser/hw5_ws/install/my_interfaces/include/my_interfaces/my_interfaces/msg
[2.629s] -- Up-to-date: /home/vboxuser/hw5_ws/install/my_interfaces/include/my_interfaces/my_interfaces/msg/rosidl_typesupport_fastrtps_cpp__visibility_control.h
[2.629s] -- Up-to-date: /home/vboxuser/hw5_ws/install/my_interfaces/include/my_interfaces/my_interfaces/action
[2.629s] -- Up-to-date: /home/vboxuser/hw5_ws/install/my_interfaces/include/my_interfaces/my_interfaces/action/detail
[2.629s] -- Up-to-date: /home/vboxuser/hw5_ws/install/my_interfaces/include/my_interfaces/my_interfaces/action/detail/count_until__rosidl_typesupport_fastrtps_cpp.hpp
[2.630s] -- Up-to-date: /home/vboxuser/hw5_ws/install/my_interfaces/include/my_interfaces/my_interfaces/action/detail/turtle_run__rosidl_typesupport_fastrtps_cpp.hpp
[2.630s] -- Up-to-date: /home/vboxuser/hw5_ws/install/my_interfaces/include/my_interfaces/my_interfaces/action/detail/dds_fastrtps
[2.630s] -- Up-to-date: /home/vboxuser/hw5_ws/install/my_interfaces/lib/libmy_interfaces__rosidl_typesupport_fastrtps_cpp.so
[2.631s] -- Up-to-date: /home/vboxuser/hw5_ws/install/my_interfaces/include/my_interfaces/my_interfaces
[2.631s] -- Up-to-date: /home/vboxuser/hw5_ws/install/my_interfaces/include/my_interfaces/my_interfaces/action
[2.631s] -- Up-to-date: /home/vboxuser/hw5_ws/install/my_interfaces/include/my_interfaces/my_interfaces/action/detail
[2.631s] -- Up-to-date: /home/vboxuser/hw5_ws/install/my_interfaces/include/my_interfaces/my_interfaces/action/detail/count_until__type_support.cpp
[2.631s] -- Up-to-date: /home/vboxuser/hw5_ws/install/my_interfaces/include/my_interfaces/my_interfaces/action/detail/count_until__rosidl_typesupport_introspection_cpp.hpp
[2.632s] -- Up-to-date: /home/vboxuser/hw5_ws/install/my_interfaces/include/my_interfaces/my_interfaces/action/detail/turtle_run__type_support.cpp
[2.632s] -- Up-to-date: /home/vboxuser/hw5_ws/install/my_interfaces/include/my_interfaces/my_interfaces/action/detail/turtle_run__rosidl_typesupport_introspection_cpp.hpp
[2.632s] -- Up-to-date: /home/vboxuser/hw5_ws/install/my_interfaces/lib/libmy_interfaces__rosidl_typesupport_introspection_cpp.so
[2.633s] -- Up-to-date: /home/vboxuser/hw5_ws/install/my_interfaces/lib/libmy_interfaces__rosidl_typesupport_cpp.so
[2.633s] -- Up-to-date: /home/vboxuser/hw5_ws/install/my_interfaces/share/my_interfaces/environment/pythonpath.sh
[2.634s] -- Up-to-date: /home/vboxuser/hw5_ws/install/my_interfaces/share/my_interfaces/environment/pythonpath.dsv
[2.634s] -- Up-to-date: /home/vboxuser/hw5_ws/install/my_interfaces/local/lib/python3.10/dist-packages/my_interfaces-0.0.0-py3.10.egg-info
[2.634s] -- Installing: /home/vboxuser/hw5_ws/install/my_interfaces/local/lib/python3.10/dist-packages/my_interfaces-0.0.0-py3.10.egg-info/top_level.txt
[2.634s] -- Installing: /home/vboxuser/hw5_ws/install/my_interfaces/local/lib/python3.10/dist-packages/my_interfaces-0.0.0-py3.10.egg-info/dependency_links.txt
[2.635s] -- Installing: /home/vboxuser/hw5_ws/install/my_interfaces/local/lib/python3.10/dist-packages/my_interfaces-0.0.0-py3.10.egg-info/SOURCES.txt
[2.635s] -- Installing: /home/vboxuser/hw5_ws/install/my_interfaces/local/lib/python3.10/dist-packages/my_interfaces-0.0.0-py3.10.egg-info/PKG-INFO
[2.635s] -- Up-to-date: /home/vboxuser/hw5_ws/install/my_interfaces/local/lib/python3.10/dist-packages/my_interfaces
[2.635s] -- Up-to-date: /home/vboxuser/hw5_ws/install/my_interfaces/local/lib/python3.10/dist-packages/my_interfaces/_my_interfaces_s.ep.rosidl_typesupport_fastrtps_c.c
[2.636s] -- Up-to-date: /home/vboxuser/hw5_ws/install/my_interfaces/local/lib/python3.10/dist-packages/my_interfaces/my_interfaces_s__rosidl_typesupport_fastrtps_c.cpython-310-x86_64-linux-gnu.so
[2.636s] -- Up-to-date: /home/vboxuser/hw5_ws/install/my_interfaces/local/lib/python3.10/dist-packages/my_interfaces/libmy_interfaces__rosidl_generator_py.so
[2.636s] -- Up-to-date: /home/vboxuser/hw5_ws/install/my_interfaces/local/lib/python3.10/dist-packages/my_interfaces/__init__.py
[2.636s] -- Up-to-date: /home/vboxuser/hw5_ws/install/my_interfaces/local/lib/python3.10/dist-packages/my_interfaces/my_interfaces_s__rosidl_typesupport_introspection_c.cpython-310-x86_64-linux-gnu.so
[2.636s] -- Up-to-date: /home/vboxuser/hw5_ws/install/my_interfaces/local/lib/python3.10/dist-packages/my_interfaces/action
[2.636s] -- Up-to-date: /home/vboxuser/hw5_ws/install/my_interfaces/local/lib/python3.10/dist-packages/my_interfaces/action/_count_until.py
[2.637s] -- Up-to-date: /home/vboxuser/hw5_ws/install/my_interfaces/local/lib/python3.10/dist-packages/my_interfaces/action/_turtle_run.py
[2.637s] -- Up-to-date: /home/vboxuser/hw5_ws/install/my_interfaces/local/lib/python3.10/dist-packages/my_interfaces/action/__init__.py
[2.637s] -- Up-to-date: /home/vboxuser/hw5_ws/install/my_interfaces/local/lib/python3.10/dist-packages/my_interfaces/action/_turtle_run_s.c
[2.637s] -- Up-to-date: /home/vboxuser/hw5_ws/install/my_interfaces/local/lib/python3.10/dist-packages/my_interfaces/action/_count_until_s.c
[2.637s] -- Up-to-date: /home/vboxuser/hw5_ws/install/my_interfaces/local/lib/python3.10/dist-packages/my_interfaces/_my_interfaces_s.ep.rosidl_typesupport_c.c
[2.637s] -- Up-to-date: /home/vboxuser/hw5_ws/install/my_interfaces/local/lib/python3.10/dist-packages/my_interfaces/_my_interfaces_s.ep.rosidl_typesupport_introspection_c.c
[2.638s] -- Up-to-date: /home/vboxuser/hw5_ws/install/my_interfaces/local/lib/python3.10/dist-packages/my_interfaces/my_interfaces_s__rosidl_typesupport_c.cpython-310-x86_64-linux-gnu.so
[2.702s] Listing '/home/vboxuser/hw5_ws/install/my_interfaces/local/lib/python3.10/dist-packages/my_interfaces'...
[2.702s] Listing '/home/vboxuser/hw5_ws/install/my_interfaces/local/lib/python3.10/dist-packages/my_interfaces/action'...
[2.709s] -- Up-to-date: /home/vboxuser/hw5_ws/install/my_interfaces/local/lib/python3.10/dist-packages/my_interfaces/my_interfaces_s__rosidl_typesupport_fastrtps_c.cpython-310-x86_64-linux-gnu.so
[2.710s] -- Up-to-date: /home/vboxuser/hw5_ws/install/my_interfaces/local/lib/python3.10/dist-packages/my_interfaces/my_interfaces_s__rosidl_typesupport_introspection_c.cpython-310-x86_64-linux-gnu.so
[2.710s] -- Up-to-date: /home/vboxuser/hw5_ws/install/my_interfaces/local/lib/python3.10/dist-packages/my_interfaces/my_interfaces_s__rosidl_typesupport_c.cpython-310-x86_64-linux-gnu.so
[2.711s] -- Up-to-date: /home/vboxuser/hw5_ws/install/my_interfaces/lib/libmy_interfaces__rosidl_generator_py.so
[2.711s] -- Up-to-date: /home/vboxuser/hw5_ws/install/my_interfaces/share/my_interfaces/action/CountUntil.idl
[2.718s] -- Up-to-date: /home/vboxuser/hw5_ws/install/my_interfaces/share/my_interfaces/action/TurtleRun.idl
[2.718s] -- Up-to-date: /home/vboxuser/hw5_ws/install/my_interfaces/share/my_interfaces/action/CountUntil.action
[2.718s] -- Up-to-date: /home/vboxuser/hw5_ws/install/my_interfaces/share/my_interfaces/action/TurtleRun.action
[2.718s] -- Up-to-date: /home/vboxuser/hw5_ws/install/my_interfaces/share/ament_index/resource_index/package_run_dependencies/my_interfaces
[2.719s] -- Up-to-date: /home/vboxuser/hw5_ws/install/my_interfaces/share/ament_index/resource_index/parent_prefix_path/my_interfaces
[2.719s] -- Up-to-date: /home/vboxuser/hw5_ws/install/my_interfaces/share/my_interfaces/environment/ament_prefix_path.sh
[2.719s] -- Up-to-date: /home/vboxuser/hw5_ws/install/my_interfaces/share/my_interfaces/environment/ament_prefix_path.dsv
[2.719s] -- Up-to-date: /home/vboxuser/hw5_ws/install/my_interfaces/share/my_interfaces/environment/path.sh
[2.719s] -- Up-to-date: /home/vboxuser/hw5_ws/install/my_interfaces/share/my_interfaces/environment/path.dsv
[2.719s] -- Up-to-date: /home/vboxuser/hw5_ws/install/my_interfaces/share/my_interfaces/local_setup.bash
[2.719s] -- Up-to-date: /home/vboxuser/hw5_ws/install/my_interfaces/share/my_interfaces/local_setup.sh
[2.720s] -- Up-to-date: /home/vboxuser/hw5_ws/install/my_interfaces/share/my_interfaces/local_setup.zsh
[2.720s] -- Up-to-date: /home/vboxuser/hw5_ws/install/my_interfaces/share/my_interfaces/local_setup.dsv
[2.720s] -- Installing: /home/vboxuser/hw5_ws/install/my_interfaces/share/my_interfaces/package.dsv
[2.720s] -- Up-to-date: /home/vboxuser/hw5_ws/install/my_interfaces/share/ament_index/resource_index/packages/my_interfaces
[2.720s] -- Up-to-date: /home/vboxuser/hw5_ws/install/my_interfaces/share/my_interfaces/cmake/export_my_interfaces__rosidl_generator_cExport.cmake
[2.720s] -- Up-to-date: /home/vboxuser/hw5_ws/install/my_interfaces/share/my_interfaces/cmake/export_my_interfaces__rosidl_generator_cExport-noconfig.cmake
[2.720s] -- Up-to-date: /home/vboxuser/hw5_ws/install/my_interfaces/share/my_interfaces/cmake/export_my_interfaces__rosidl_typesupport_fastrtps_cExport.cmake
[2.721s] -- Up-to-date: /home/vboxuser/hw5_ws/install/my_interfaces/share/my_interfaces/cmake/export_my_interfaces__rosidl_typesupport_fastrtps_cExport-noconfig.cmake
[2.721s] -- Up-to-date: /home/vboxuser/hw5_ws/install/my_interfaces/share/my_interfaces/cmake/my_interfaces__rosidl_typesupport_introspection_cExport.cmake
[2.721s] -- Up-to-date: /home/vboxuser/hw5_ws/install/my_interfaces/share/my_interfaces/cmake/my_interfaces__rosidl_typesupport_introspection_cExport-noconfig.cmake
[2.721s] -- Up-to-date: /home/vboxuser/hw5_ws/install/my_interfaces/share/my_interfaces/cmake/my_interfaces__rosidl_typesupport_cExport.cmake
[2.721s] -- Up-to-date: /home/vboxuser/hw5_ws/install/my_interfaces/share/my_interfaces/cmake/my_interfaces__rosidl_typesupport_cExport-noconfig.cmake
[2.721s] -- Up-to-date: /home/vboxuser/hw5_ws/install/my_interfaces/share/my_interfaces/cmake/export_my_interfaces__rosidl_generator_cppExport.cmake
[2.721s] -- Up-to-date: /home/vboxuser/hw5_ws/install/my_interfaces/share/my_interfaces/cmake/export_my_interfaces__rosidl_typesupport_fastrtps_cppExport.cmake
[2.721s] -- Up-to-date: /home/vboxuser/hw5_ws/install/my_interfaces/share/my_interfaces/cmake/export_my_interfaces__rosidl_typesupport_fastrtps_cppExport-noconfig.cmake
[2.721s] -- Up-to-date: /home/vboxuser/hw5_ws/install/my_interfaces/share/my_interfaces/cmake/my_interfaces__rosidl_typesupport_introspection_cppExport.cmake
[2.721s] -- Up-to-date: /home/vboxuser/hw5_ws/install/my_interfaces/share/my_interfaces/cmake/my_interfaces__rosidl_typesupport_introspection_cppExport-noconfig.cmake
[2.721s] -- Up-to-date: /home/vboxuser/hw5_ws/install/my_interfaces/share/my_interfaces/cmake/my_interfaces__rosidl_typesupport_cppExport.cmake
[2.722s] -- Up-to-date: /home/vboxuser/hw5_ws/install/my_interfaces/share/my_interfaces/cmake/my_interfaces__rosidl_typesupport_cppExport-noconfig.cmake
[2.722s] -- Up-to-date: /home/vboxuser/hw5_ws/install/my_interfaces/share/my_interfaces/cmake/export_my_interfaces__rosidl_generator_pyExport.cmake
[2.722s] -- Up-to-date: /home/vboxuser/hw5_ws/install/my_interfaces/share/my_interfaces/cmake/export_my_interfaces__rosidl_generator_pyExport-noconfig.cmake
[2.722s] -- Up-to-date: /home/vboxuser/hw5_ws/install/my_interfaces/share/my_interfaces/cmake/rosidl_cmake-extras.cmake
[2.722s] -- Up-to-date: /home/vboxuser/hw5_ws/install/my_interfaces/share/my_interfaces/cmake/ament_cmake_export_dependencies-extras.cmake
[2.722s] -- Up-to-date: /home/vboxuser/hw5_ws/install/my_interfaces/share/my_interfaces/cmake/ament_cmake_export_include_directories-extras.cmake
[2.722s] -- Up-to-date: /home/vboxuser/hw5_ws/install/my_interfaces/share/my_interfaces/cmake/ament_cmake_export_libraries-extras.cmake
[2.722s] -- Up-to-date: /home/vboxuser/hw5_ws/install/my_interfaces/share/my_interfaces/cmake/ament_cmake_export_targets-extras.cmake
[2.722s] -- Up-to-date: /home/vboxuser/hw5_ws/install/my_interfaces/share/my_interfaces/cmake/rosidl_cmake_export_typesupport_targets-extras.cmake
[2.722s] -- Up-to-date: /home/vboxuser/hw5_ws/install/my_interfaces/share/my_interfaces/cmake/rosidl_cmake_export_typesupport_libraries-extras.cmake
[2.722s] -- Up-to-date: /home/vboxuser/hw5_ws/install/my_interfaces/share/my_interfaces/cmake/my_interfacesConfig.cmake
[2.722s] -- Up-to-date: /home/vboxuser/hw5_ws/install/my_interfaces/share/my_interfaces/cmake/my_interfacesConfig-version.cmake
[2.722s] -- Up-to-date: /home/vboxuser/hw5_ws/install/my_interfaces/share/my_interfaces/package.xml
[2.722s] Invoked command in '/home/vboxuser/hw5_ws/build/my_interfaces' returned '0': CMAKE_PREFIX_PATH=${CMAKE_PREFIX_PATH}:/home/vboxuser/hw5_ws/src/install/turtle_run:/home/vboxuser/hw5_ws/src/install/turtle_mover:/home/vboxuser/hw5_ws/src/install/turtle_joy:/home/vboxuser/hw5_ws/src/install/actions_py:/home/vboxuser/hw5_ws/install/turtle_run:/home/vboxuser/hw5_ws/install/turtle_mover:/home/vboxuser/hw5_ws/install/turtle_joy:/home/vboxuser/hw5_ws/install/actions_py:/opt/ros/humble /usr/bin/cmake --install /home/vboxuser/hw5_ws/build/my_interfaces
