[1.172s] Invoking command in '/home/vboxuser/ros2_ws/build/my_py_pkg': AMENT_PREFIX_PATH=/home/vboxuser/ros2_ws/install/my_robot_interfaces:${AMENT_PREFIX_PATH} CMAKE_PREFIX_PATH=/home/vboxuser/ros2_ws/install/my_robot_interfaces LD_LIBRARY_PATH=/home/vboxuser/ros2_ws/install/my_robot_interfaces/lib:${LD_LIBRARY_PATH} PYTHONPATH=/home/vboxuser/ros2_ws/build/my_py_pkg/prefix_override:/home/vboxuser/ros2_ws/install/my_py_pkg/lib/python3.10/site-packages:/home/vboxuser/ros2_ws/install/my_robot_interfaces/local/lib/python3.10/dist-packages:${PYTHONPATH} /usr/bin/python3 setup.py develop --editable --build-directory /home/vboxuser/ros2_ws/build/my_py_pkg/build --no-deps install_data
[1.618s] running develop
[1.897s] running egg_info
[1.897s] writing my_py_pkg.egg-info/PKG-INFO
[1.897s] writing dependency_links to my_py_pkg.egg-info/dependency_links.txt
[1.897s] writing entry points to my_py_pkg.egg-info/entry_points.txt
[1.898s] writing requirements to my_py_pkg.egg-info/requires.txt
[1.898s] writing top-level names to my_py_pkg.egg-info/top_level.txt
[1.902s] reading manifest file 'my_py_pkg.egg-info/SOURCES.txt'
[1.902s] writing manifest file 'my_py_pkg.egg-info/SOURCES.txt'
[1.902s] running build_ext
[1.903s] Creating /home/vboxuser/ros2_ws/install/my_py_pkg/lib/python3.10/site-packages/my-py-pkg.egg-link (link to .)
[1.904s] Installing add_two_ints_client script to /home/vboxuser/ros2_ws/install/my_py_pkg/lib/my_py_pkg
[1.904s] Installing add_two_ints_client_no_oop script to /home/vboxuser/ros2_ws/install/my_py_pkg/lib/my_py_pkg
[1.904s] Installing add_two_ints_server script to /home/vboxuser/ros2_ws/install/my_py_pkg/lib/my_py_pkg
[1.904s] Installing my_first_node script to /home/vboxuser/ros2_ws/install/my_py_pkg/lib/my_py_pkg
[1.904s] Installing robot_news_station script to /home/vboxuser/ros2_ws/install/my_py_pkg/lib/my_py_pkg
[1.904s] Installing smart_phone script to /home/vboxuser/ros2_ws/install/my_py_pkg/lib/my_py_pkg
[1.905s] 
[1.909s] Installed /home/vboxuser/ros2_ws/build/my_py_pkg
[1.910s] running install_data
[1.910s] copying package.xml -> /home/vboxuser/ros2_ws/install/my_py_pkg/share/my_py_pkg
[1.945s] Invoked command in '/home/vboxuser/ros2_ws/build/my_py_pkg' returned '0': AMENT_PREFIX_PATH=/home/vboxuser/ros2_ws/install/my_robot_interfaces:${AMENT_PREFIX_PATH} CMAKE_PREFIX_PATH=/home/vboxuser/ros2_ws/install/my_robot_interfaces LD_LIBRARY_PATH=/home/vboxuser/ros2_ws/install/my_robot_interfaces/lib:${LD_LIBRARY_PATH} PYTHONPATH=/home/vboxuser/ros2_ws/build/my_py_pkg/prefix_override:/home/vboxuser/ros2_ws/install/my_py_pkg/lib/python3.10/site-packages:/home/vboxuser/ros2_ws/install/my_robot_interfaces/local/lib/python3.10/dist-packages:${PYTHONPATH} /usr/bin/python3 setup.py develop --editable --build-directory /home/vboxuser/ros2_ws/build/my_py_pkg/build --no-deps install_data
