[1.654s] Invoking command in '/home/vboxuser/hw5_ws/src/turtle_run': CMAKE_PREFIX_PATH=/home/vboxuser/hw5_ws/install/my_interfaces:/home/vboxuser/hw5_ws/install/my_robot_intrfaces:/home/vboxuser/hw5_ws/src/install/my_interfaces LD_LIBRARY_PATH=/home/vboxuser/hw5_ws/install/my_interfaces/lib:/home/vboxuser/hw5_ws/install/my_robot_intrfaces/lib:/home/vboxuser/hw5_ws/src/install/my_interfaces/lib:/opt/ros/humble/opt/rviz_ogre_vendor/lib:/opt/ros/humble/lib/x86_64-linux-gnu:/opt/ros/humble/lib PYTHONPATH=/home/vboxuser/hw5_ws/build/turtle_run/prefix_override:/home/vboxuser/hw5_ws/install/turtle_run/lib/python3.10/site-packages:${PYTHONPATH} /usr/bin/python3 setup.py egg_info --egg-base ../../build/turtle_run build --build-base /home/vboxuser/hw5_ws/build/turtle_run/build install --record /home/vboxuser/hw5_ws/build/turtle_run/install.log --single-version-externally-managed
[2.094s] running egg_info
[2.095s] writing ../../build/turtle_run/turtle_run.egg-info/PKG-INFO
[2.096s] writing dependency_links to ../../build/turtle_run/turtle_run.egg-info/dependency_links.txt
[2.096s] writing entry points to ../../build/turtle_run/turtle_run.egg-info/entry_points.txt
[2.096s] writing requirements to ../../build/turtle_run/turtle_run.egg-info/requires.txt
[2.096s] writing top-level names to ../../build/turtle_run/turtle_run.egg-info/top_level.txt
[2.099s] reading manifest file '../../build/turtle_run/turtle_run.egg-info/SOURCES.txt'
[2.100s] writing manifest file '../../build/turtle_run/turtle_run.egg-info/SOURCES.txt'
[2.100s] running build
[2.100s] running build_py
[2.101s] copying turtle_run/turtle_run_server.py -> /home/vboxuser/hw5_ws/build/turtle_run/build/lib/turtle_run
[2.101s] copying turtle_run/turtle_run_client.py -> /home/vboxuser/hw5_ws/build/turtle_run/build/lib/turtle_run
[2.101s] running install
[2.102s] running install_lib
[2.103s] copying /home/vboxuser/hw5_ws/build/turtle_run/build/lib/turtle_run/turtle_run_server.py -> /home/vboxuser/hw5_ws/install/turtle_run/lib/python3.10/site-packages/turtle_run
[2.103s] copying /home/vboxuser/hw5_ws/build/turtle_run/build/lib/turtle_run/turtle_run_client.py -> /home/vboxuser/hw5_ws/install/turtle_run/lib/python3.10/site-packages/turtle_run
[2.104s] byte-compiling /home/vboxuser/hw5_ws/install/turtle_run/lib/python3.10/site-packages/turtle_run/turtle_run_server.py to turtle_run_server.cpython-310.pyc
[2.106s] byte-compiling /home/vboxuser/hw5_ws/install/turtle_run/lib/python3.10/site-packages/turtle_run/turtle_run_client.py to turtle_run_client.cpython-310.pyc
[2.107s] running install_data
[2.108s] running install_egg_info
[2.111s] removing '/home/vboxuser/hw5_ws/install/turtle_run/lib/python3.10/site-packages/turtle_run-0.0.0-py3.10.egg-info' (and everything under it)
[2.112s] Copying ../../build/turtle_run/turtle_run.egg-info to /home/vboxuser/hw5_ws/install/turtle_run/lib/python3.10/site-packages/turtle_run-0.0.0-py3.10.egg-info
[2.113s] running install_scripts
[2.145s] Installing say_hello script to /home/vboxuser/hw5_ws/install/turtle_run/lib/turtle_run
[2.145s] Installing turtle_run_client script to /home/vboxuser/hw5_ws/install/turtle_run/lib/turtle_run
[2.146s] Installing turtle_run_server script to /home/vboxuser/hw5_ws/install/turtle_run/lib/turtle_run
[2.146s] writing list of installed files to '/home/vboxuser/hw5_ws/build/turtle_run/install.log'
[2.192s] Invoked command in '/home/vboxuser/hw5_ws/src/turtle_run' returned '0': CMAKE_PREFIX_PATH=/home/vboxuser/hw5_ws/install/my_interfaces:/home/vboxuser/hw5_ws/install/my_robot_intrfaces:/home/vboxuser/hw5_ws/src/install/my_interfaces LD_LIBRARY_PATH=/home/vboxuser/hw5_ws/install/my_interfaces/lib:/home/vboxuser/hw5_ws/install/my_robot_intrfaces/lib:/home/vboxuser/hw5_ws/src/install/my_interfaces/lib:/opt/ros/humble/opt/rviz_ogre_vendor/lib:/opt/ros/humble/lib/x86_64-linux-gnu:/opt/ros/humble/lib PYTHONPATH=/home/vboxuser/hw5_ws/build/turtle_run/prefix_override:/home/vboxuser/hw5_ws/install/turtle_run/lib/python3.10/site-packages:${PYTHONPATH} /usr/bin/python3 setup.py egg_info --egg-base ../../build/turtle_run build --build-base /home/vboxuser/hw5_ws/build/turtle_run/build install --record /home/vboxuser/hw5_ws/build/turtle_run/install.log --single-version-externally-managed
