-- Found ament_cmake: 1.3.6 (/opt/ros/humble/share/ament_cmake/cmake)
-- Found rosidl_default_generators: 1.2.0 (/opt/ros/humble/share/rosidl_default_generators/cmake)
-- Using all available rosidl_typesupport_c: rosidl_typesupport_fastrtps_c;rosidl_typesupport_introspection_c
-- Found rosidl_adapter: 3.1.5 (/opt/ros/humble/share/rosidl_adapter/cmake)
-- Using all available rosidl_typesupport_cpp: rosidl_typesupport_fastrtps_cpp;rosidl_typesupport_introspection_cpp
-- Found ament_cmake_ros: 0.10.0 (/opt/ros/humble/share/ament_cmake_ros/cmake)
-- Using all available rosidl_typesupport_c: rosidl_typesupport_fastrtps_c;rosidl_typesupport_introspection_c
-- Using all available rosidl_typesupport_cpp: rosidl_typesupport_fastrtps_cpp;rosidl_typesupport_introspection_cpp
-- Found PythonInterp: /usr/bin/python3 (found suitable version "3.10.12", minimum required is "3.6") 
-- Found python_cmake_module: 0.10.0 (/opt/ros/humble/share/python_cmake_module/cmake)
-- Found PythonLibs: /usr/lib/x86_64-linux-gnu/libpython3.10.so (found suitable version "3.10.12", minimum required is "3.5") 
-- Using PYTHON_EXECUTABLE: /usr/bin/python3
-- Using PYTHON_INCLUDE_DIRS: /usr/include/python3.10
-- Using PYTHON_LIBRARIES: /usr/lib/x86_64-linux-gnu/libpython3.10.so
-- Found PythonExtra: .so  
-- Configuring done
-- Generating done
-- Build files have been written to: /home/vboxuser/hw5_ws/build/my_robot_intrfaces
[  3%] [34m[1mGenerating C code for ROS interfaces[0m
[  6%] [34m[1mGenerating C++ code for ROS interfaces[0m
[  6%] Built target ament_cmake_python_copy_my_robot_intrfaces
running egg_info
creating my_robot_intrfaces.egg-info
writing my_robot_intrfaces.egg-info/PKG-INFO
writing dependency_links to my_robot_intrfaces.egg-info/dependency_links.txt
writing top-level names to my_robot_intrfaces.egg-info/top_level.txt
writing manifest file 'my_robot_intrfaces.egg-info/SOURCES.txt'
reading manifest file 'my_robot_intrfaces.egg-info/SOURCES.txt'
writing manifest file 'my_robot_intrfaces.egg-info/SOURCES.txt'
[  6%] Built target ament_cmake_python_build_my_robot_intrfaces_egg
[  6%] Built target my_robot_intrfaces__cpp
[  9%] [32mBuilding C object CMakeFiles/my_robot_intrfaces__rosidl_generator_c.dir/rosidl_generator_c/my_robot_intrfaces/action/detail/count_until__functions.c.o[0m
[ 12%] [34m[1mGenerating C++ type support dispatch for ROS interfaces[0m
[ 16%] [34m[1mGenerating C++ introspection for ROS interfaces[0m
[ 19%] [34m[1mGenerating C++ type support for eProsima Fast-RTPS[0m
[ 22%] [32m[1mLinking C shared library libmy_robot_intrfaces__rosidl_generator_c.so[0m
[ 22%] Built target my_robot_intrfaces__rosidl_generator_c
[ 29%] [34m[1mGenerating C introspection for ROS interfaces[0m
[ 29%] [34m[1mGenerating C type support for eProsima Fast-RTPS[0m
[ 32%] [34m[1mGenerating C type support dispatch for ROS interfaces[0m
[ 35%] [32mBuilding CXX object CMakeFiles/my_robot_intrfaces__rosidl_typesupport_cpp.dir/rosidl_typesupport_cpp/my_robot_intrfaces/action/count_until__type_support.cpp.o[0m
[ 38%] [32mBuilding CXX object CMakeFiles/my_robot_intrfaces__rosidl_typesupport_introspection_cpp.dir/rosidl_typesupport_introspection_cpp/my_robot_intrfaces/action/detail/count_until__type_support.cpp.o[0m
[ 41%] [32mBuilding CXX object CMakeFiles/my_robot_intrfaces__rosidl_typesupport_fastrtps_cpp.dir/rosidl_typesupport_fastrtps_cpp/my_robot_intrfaces/action/detail/dds_fastrtps/count_until__type_support.cpp.o[0m
[ 45%] [32mBuilding CXX object CMakeFiles/my_robot_intrfaces__rosidl_typesupport_c.dir/rosidl_typesupport_c/my_robot_intrfaces/action/count_until__type_support.cpp.o[0m
[ 48%] [32m[1mLinking CXX shared library libmy_robot_intrfaces__rosidl_typesupport_c.so[0m
[ 48%] Built target my_robot_intrfaces__rosidl_typesupport_c
[ 51%] [32mBuilding C object CMakeFiles/my_robot_intrfaces__rosidl_typesupport_introspection_c.dir/rosidl_typesupport_introspection_c/my_robot_intrfaces/action/detail/count_until__type_support.c.o[0m
[ 54%] [32mBuilding CXX object CMakeFiles/my_robot_intrfaces__rosidl_typesupport_fastrtps_c.dir/rosidl_typesupport_fastrtps_c/my_robot_intrfaces/action/detail/count_until__type_support_c.cpp.o[0m
[ 58%] [32m[1mLinking C shared library libmy_robot_intrfaces__rosidl_typesupport_introspection_c.so[0m
[ 58%] Built target my_robot_intrfaces__rosidl_typesupport_introspection_c
[ 61%] [32m[1mLinking CXX shared library libmy_robot_intrfaces__rosidl_typesupport_cpp.so[0m
[ 61%] Built target my_robot_intrfaces__rosidl_typesupport_cpp
[ 64%] [32m[1mLinking CXX shared library libmy_robot_intrfaces__rosidl_typesupport_introspection_cpp.so[0m
[ 67%] [32m[1mLinking CXX shared library libmy_robot_intrfaces__rosidl_typesupport_fastrtps_cpp.so[0m
[ 67%] Built target my_robot_intrfaces__rosidl_typesupport_introspection_cpp
[ 67%] Built target my_robot_intrfaces__rosidl_typesupport_fastrtps_cpp
[ 70%] [32m[1mLinking CXX shared library libmy_robot_intrfaces__rosidl_typesupport_fastrtps_c.so[0m
[ 70%] Built target my_robot_intrfaces__rosidl_typesupport_fastrtps_c
[ 70%] Built target my_robot_intrfaces
[ 74%] [34m[1mGenerating Python code for ROS interfaces[0m
[ 74%] Built target my_robot_intrfaces__py
[ 77%] [32mBuilding C object CMakeFiles/my_robot_intrfaces__rosidl_generator_py.dir/rosidl_generator_py/my_robot_intrfaces/action/_count_until_s.c.o[0m
[ 80%] [32m[1mLinking C shared library rosidl_generator_py/my_robot_intrfaces/libmy_robot_intrfaces__rosidl_generator_py.so[0m
[ 80%] Built target my_robot_intrfaces__rosidl_generator_py
[ 87%] [32mBuilding C object CMakeFiles/my_robot_intrfaces__rosidl_typesupport_c__pyext.dir/rosidl_generator_py/my_robot_intrfaces/_my_robot_intrfaces_s.ep.rosidl_typesupport_c.c.o[0m
[ 87%] [32mBuilding C object CMakeFiles/my_robot_intrfaces__rosidl_typesupport_fastrtps_c__pyext.dir/rosidl_generator_py/my_robot_intrfaces/_my_robot_intrfaces_s.ep.rosidl_typesupport_fastrtps_c.c.o[0m
[ 90%] [32mBuilding C object CMakeFiles/my_robot_intrfaces__rosidl_typesupport_introspection_c__pyext.dir/rosidl_generator_py/my_robot_intrfaces/_my_robot_intrfaces_s.ep.rosidl_typesupport_introspection_c.c.o[0m
[ 93%] [32m[1mLinking C shared library rosidl_generator_py/my_robot_intrfaces/my_robot_intrfaces_s__rosidl_typesupport_introspection_c.cpython-310-x86_64-linux-gnu.so[0m
[ 96%] [32m[1mLinking C shared library rosidl_generator_py/my_robot_intrfaces/my_robot_intrfaces_s__rosidl_typesupport_fastrtps_c.cpython-310-x86_64-linux-gnu.so[0m
[100%] [32m[1mLinking C shared library rosidl_generator_py/my_robot_intrfaces/my_robot_intrfaces_s__rosidl_typesupport_c.cpython-310-x86_64-linux-gnu.so[0m
[100%] Built target my_robot_intrfaces__rosidl_typesupport_introspection_c__pyext
[100%] Built target my_robot_intrfaces__rosidl_typesupport_fastrtps_c__pyext
[100%] Built target my_robot_intrfaces__rosidl_typesupport_c__pyext
-- Install configuration: ""
-- Installing: /home/vboxuser/hw5_ws/install/my_robot_intrfaces/share/ament_index/resource_index/rosidl_interfaces/my_robot_intrfaces
-- Installing: /home/vboxuser/hw5_ws/install/my_robot_intrfaces/include/my_robot_intrfaces/my_robot_intrfaces
-- Installing: /home/vboxuser/hw5_ws/install/my_robot_intrfaces/include/my_robot_intrfaces/my_robot_intrfaces/msg
-- Installing: /home/vboxuser/hw5_ws/install/my_robot_intrfaces/include/my_robot_intrfaces/my_robot_intrfaces/msg/rosidl_generator_c__visibility_control.h
-- Installing: /home/vboxuser/hw5_ws/install/my_robot_intrfaces/include/my_robot_intrfaces/my_robot_intrfaces/action
-- Installing: /home/vboxuser/hw5_ws/install/my_robot_intrfaces/include/my_robot_intrfaces/my_robot_intrfaces/action/detail
-- Installing: /home/vboxuser/hw5_ws/install/my_robot_intrfaces/include/my_robot_intrfaces/my_robot_intrfaces/action/detail/count_until__functions.h
-- Installing: /home/vboxuser/hw5_ws/install/my_robot_intrfaces/include/my_robot_intrfaces/my_robot_intrfaces/action/detail/count_until__type_support.h
-- Installing: /home/vboxuser/hw5_ws/install/my_robot_intrfaces/include/my_robot_intrfaces/my_robot_intrfaces/action/detail/count_until__struct.h
-- Installing: /home/vboxuser/hw5_ws/install/my_robot_intrfaces/include/my_robot_intrfaces/my_robot_intrfaces/action/detail/count_until__functions.c
-- Installing: /home/vboxuser/hw5_ws/install/my_robot_intrfaces/include/my_robot_intrfaces/my_robot_intrfaces/action/count_until.h
-- Installing: /home/vboxuser/hw5_ws/install/my_robot_intrfaces/share/my_robot_intrfaces/environment/library_path.sh
-- Installing: /home/vboxuser/hw5_ws/install/my_robot_intrfaces/share/my_robot_intrfaces/environment/library_path.dsv
-- Installing: /home/vboxuser/hw5_ws/install/my_robot_intrfaces/lib/libmy_robot_intrfaces__rosidl_generator_c.so
-- Set runtime path of "/home/vboxuser/hw5_ws/install/my_robot_intrfaces/lib/libmy_robot_intrfaces__rosidl_generator_c.so" to ""
-- Up-to-date: /home/vboxuser/hw5_ws/install/my_robot_intrfaces/include/my_robot_intrfaces/my_robot_intrfaces
-- Up-to-date: /home/vboxuser/hw5_ws/install/my_robot_intrfaces/include/my_robot_intrfaces/my_robot_intrfaces/msg
-- Installing: /home/vboxuser/hw5_ws/install/my_robot_intrfaces/include/my_robot_intrfaces/my_robot_intrfaces/msg/rosidl_typesupport_fastrtps_c__visibility_control.h
-- Up-to-date: /home/vboxuser/hw5_ws/install/my_robot_intrfaces/include/my_robot_intrfaces/my_robot_intrfaces/action
-- Up-to-date: /home/vboxuser/hw5_ws/install/my_robot_intrfaces/include/my_robot_intrfaces/my_robot_intrfaces/action/detail
-- Installing: /home/vboxuser/hw5_ws/install/my_robot_intrfaces/include/my_robot_intrfaces/my_robot_intrfaces/action/detail/count_until__rosidl_typesupport_fastrtps_c.h
-- Installing: /home/vboxuser/hw5_ws/install/my_robot_intrfaces/lib/libmy_robot_intrfaces__rosidl_typesupport_fastrtps_c.so
-- Set runtime path of "/home/vboxuser/hw5_ws/install/my_robot_intrfaces/lib/libmy_robot_intrfaces__rosidl_typesupport_fastrtps_c.so" to ""
-- Up-to-date: /home/vboxuser/hw5_ws/install/my_robot_intrfaces/include/my_robot_intrfaces/my_robot_intrfaces
-- Up-to-date: /home/vboxuser/hw5_ws/install/my_robot_intrfaces/include/my_robot_intrfaces/my_robot_intrfaces/msg
-- Installing: /home/vboxuser/hw5_ws/install/my_robot_intrfaces/include/my_robot_intrfaces/my_robot_intrfaces/msg/rosidl_typesupport_introspection_c__visibility_control.h
-- Up-to-date: /home/vboxuser/hw5_ws/install/my_robot_intrfaces/include/my_robot_intrfaces/my_robot_intrfaces/action
-- Up-to-date: /home/vboxuser/hw5_ws/install/my_robot_intrfaces/include/my_robot_intrfaces/my_robot_intrfaces/action/detail
-- Installing: /home/vboxuser/hw5_ws/install/my_robot_intrfaces/include/my_robot_intrfaces/my_robot_intrfaces/action/detail/count_until__type_support.c
-- Installing: /home/vboxuser/hw5_ws/install/my_robot_intrfaces/include/my_robot_intrfaces/my_robot_intrfaces/action/detail/count_until__rosidl_typesupport_introspection_c.h
-- Installing: /home/vboxuser/hw5_ws/install/my_robot_intrfaces/lib/libmy_robot_intrfaces__rosidl_typesupport_introspection_c.so
-- Set runtime path of "/home/vboxuser/hw5_ws/install/my_robot_intrfaces/lib/libmy_robot_intrfaces__rosidl_typesupport_introspection_c.so" to ""
-- Installing: /home/vboxuser/hw5_ws/install/my_robot_intrfaces/lib/libmy_robot_intrfaces__rosidl_typesupport_c.so
-- Set runtime path of "/home/vboxuser/hw5_ws/install/my_robot_intrfaces/lib/libmy_robot_intrfaces__rosidl_typesupport_c.so" to ""
-- Up-to-date: /home/vboxuser/hw5_ws/install/my_robot_intrfaces/include/my_robot_intrfaces/my_robot_intrfaces
-- Up-to-date: /home/vboxuser/hw5_ws/install/my_robot_intrfaces/include/my_robot_intrfaces/my_robot_intrfaces/action
-- Up-to-date: /home/vboxuser/hw5_ws/install/my_robot_intrfaces/include/my_robot_intrfaces/my_robot_intrfaces/action/detail
-- Installing: /home/vboxuser/hw5_ws/install/my_robot_intrfaces/include/my_robot_intrfaces/my_robot_intrfaces/action/detail/count_until__struct.hpp
-- Installing: /home/vboxuser/hw5_ws/install/my_robot_intrfaces/include/my_robot_intrfaces/my_robot_intrfaces/action/detail/count_until__traits.hpp
-- Installing: /home/vboxuser/hw5_ws/install/my_robot_intrfaces/include/my_robot_intrfaces/my_robot_intrfaces/action/detail/count_until__builder.hpp
-- Installing: /home/vboxuser/hw5_ws/install/my_robot_intrfaces/include/my_robot_intrfaces/my_robot_intrfaces/action/count_until.hpp
-- Up-to-date: /home/vboxuser/hw5_ws/install/my_robot_intrfaces/include/my_robot_intrfaces/my_robot_intrfaces
-- Up-to-date: /home/vboxuser/hw5_ws/install/my_robot_intrfaces/include/my_robot_intrfaces/my_robot_intrfaces/msg
-- Installing: /home/vboxuser/hw5_ws/install/my_robot_intrfaces/include/my_robot_intrfaces/my_robot_intrfaces/msg/rosidl_typesupport_fastrtps_cpp__visibility_control.h
-- Up-to-date: /home/vboxuser/hw5_ws/install/my_robot_intrfaces/include/my_robot_intrfaces/my_robot_intrfaces/action
-- Up-to-date: /home/vboxuser/hw5_ws/install/my_robot_intrfaces/include/my_robot_intrfaces/my_robot_intrfaces/action/detail
-- Installing: /home/vboxuser/hw5_ws/install/my_robot_intrfaces/include/my_robot_intrfaces/my_robot_intrfaces/action/detail/count_until__rosidl_typesupport_fastrtps_cpp.hpp
-- Installing: /home/vboxuser/hw5_ws/install/my_robot_intrfaces/include/my_robot_intrfaces/my_robot_intrfaces/action/detail/dds_fastrtps
-- Installing: /home/vboxuser/hw5_ws/install/my_robot_intrfaces/lib/libmy_robot_intrfaces__rosidl_typesupport_fastrtps_cpp.so
-- Set runtime path of "/home/vboxuser/hw5_ws/install/my_robot_intrfaces/lib/libmy_robot_intrfaces__rosidl_typesupport_fastrtps_cpp.so" to ""
-- Up-to-date: /home/vboxuser/hw5_ws/install/my_robot_intrfaces/include/my_robot_intrfaces/my_robot_intrfaces
-- Up-to-date: /home/vboxuser/hw5_ws/install/my_robot_intrfaces/include/my_robot_intrfaces/my_robot_intrfaces/action
-- Up-to-date: /home/vboxuser/hw5_ws/install/my_robot_intrfaces/include/my_robot_intrfaces/my_robot_intrfaces/action/detail
-- Installing: /home/vboxuser/hw5_ws/install/my_robot_intrfaces/include/my_robot_intrfaces/my_robot_intrfaces/action/detail/count_until__type_support.cpp
-- Installing: /home/vboxuser/hw5_ws/install/my_robot_intrfaces/include/my_robot_intrfaces/my_robot_intrfaces/action/detail/count_until__rosidl_typesupport_introspection_cpp.hpp
-- Installing: /home/vboxuser/hw5_ws/install/my_robot_intrfaces/lib/libmy_robot_intrfaces__rosidl_typesupport_introspection_cpp.so
-- Set runtime path of "/home/vboxuser/hw5_ws/install/my_robot_intrfaces/lib/libmy_robot_intrfaces__rosidl_typesupport_introspection_cpp.so" to ""
-- Installing: /home/vboxuser/hw5_ws/install/my_robot_intrfaces/lib/libmy_robot_intrfaces__rosidl_typesupport_cpp.so
-- Set runtime path of "/home/vboxuser/hw5_ws/install/my_robot_intrfaces/lib/libmy_robot_intrfaces__rosidl_typesupport_cpp.so" to ""
-- Installing: /home/vboxuser/hw5_ws/install/my_robot_intrfaces/share/my_robot_intrfaces/environment/pythonpath.sh
-- Installing: /home/vboxuser/hw5_ws/install/my_robot_intrfaces/share/my_robot_intrfaces/environment/pythonpath.dsv
-- Installing: /home/vboxuser/hw5_ws/install/my_robot_intrfaces/local/lib/python3.10/dist-packages/my_robot_intrfaces-0.0.0-py3.10.egg-info
-- Installing: /home/vboxuser/hw5_ws/install/my_robot_intrfaces/local/lib/python3.10/dist-packages/my_robot_intrfaces-0.0.0-py3.10.egg-info/top_level.txt
-- Installing: /home/vboxuser/hw5_ws/install/my_robot_intrfaces/local/lib/python3.10/dist-packages/my_robot_intrfaces-0.0.0-py3.10.egg-info/dependency_links.txt
-- Installing: /home/vboxuser/hw5_ws/install/my_robot_intrfaces/local/lib/python3.10/dist-packages/my_robot_intrfaces-0.0.0-py3.10.egg-info/SOURCES.txt
-- Installing: /home/vboxuser/hw5_ws/install/my_robot_intrfaces/local/lib/python3.10/dist-packages/my_robot_intrfaces-0.0.0-py3.10.egg-info/PKG-INFO
-- Installing: /home/vboxuser/hw5_ws/install/my_robot_intrfaces/local/lib/python3.10/dist-packages/my_robot_intrfaces
-- Installing: /home/vboxuser/hw5_ws/install/my_robot_intrfaces/local/lib/python3.10/dist-packages/my_robot_intrfaces/libmy_robot_intrfaces__rosidl_generator_py.so
-- Installing: /home/vboxuser/hw5_ws/install/my_robot_intrfaces/local/lib/python3.10/dist-packages/my_robot_intrfaces/_my_robot_intrfaces_s.ep.rosidl_typesupport_fastrtps_c.c
-- Installing: /home/vboxuser/hw5_ws/install/my_robot_intrfaces/local/lib/python3.10/dist-packages/my_robot_intrfaces/my_robot_intrfaces_s__rosidl_typesupport_c.cpython-310-x86_64-linux-gnu.so
-- Installing: /home/vboxuser/hw5_ws/install/my_robot_intrfaces/local/lib/python3.10/dist-packages/my_robot_intrfaces/_my_robot_intrfaces_s.ep.rosidl_typesupport_c.c
-- Installing: /home/vboxuser/hw5_ws/install/my_robot_intrfaces/local/lib/python3.10/dist-packages/my_robot_intrfaces/__init__.py
-- Installing: /home/vboxuser/hw5_ws/install/my_robot_intrfaces/local/lib/python3.10/dist-packages/my_robot_intrfaces/_my_robot_intrfaces_s.ep.rosidl_typesupport_introspection_c.c
-- Installing: /home/vboxuser/hw5_ws/install/my_robot_intrfaces/local/lib/python3.10/dist-packages/my_robot_intrfaces/my_robot_intrfaces_s__rosidl_typesupport_introspection_c.cpython-310-x86_64-linux-gnu.so
-- Installing: /home/vboxuser/hw5_ws/install/my_robot_intrfaces/local/lib/python3.10/dist-packages/my_robot_intrfaces/action
-- Installing: /home/vboxuser/hw5_ws/install/my_robot_intrfaces/local/lib/python3.10/dist-packages/my_robot_intrfaces/action/_count_until.py
-- Installing: /home/vboxuser/hw5_ws/install/my_robot_intrfaces/local/lib/python3.10/dist-packages/my_robot_intrfaces/action/__init__.py
-- Installing: /home/vboxuser/hw5_ws/install/my_robot_intrfaces/local/lib/python3.10/dist-packages/my_robot_intrfaces/action/_count_until_s.c
-- Installing: /home/vboxuser/hw5_ws/install/my_robot_intrfaces/local/lib/python3.10/dist-packages/my_robot_intrfaces/my_robot_intrfaces_s__rosidl_typesupport_fastrtps_c.cpython-310-x86_64-linux-gnu.so
Listing '/home/vboxuser/hw5_ws/install/my_robot_intrfaces/local/lib/python3.10/dist-packages/my_robot_intrfaces'...
Compiling '/home/vboxuser/hw5_ws/install/my_robot_intrfaces/local/lib/python3.10/dist-packages/my_robot_intrfaces/__init__.py'...
Listing '/home/vboxuser/hw5_ws/install/my_robot_intrfaces/local/lib/python3.10/dist-packages/my_robot_intrfaces/action'...
Compiling '/home/vboxuser/hw5_ws/install/my_robot_intrfaces/local/lib/python3.10/dist-packages/my_robot_intrfaces/action/__init__.py'...
Compiling '/home/vboxuser/hw5_ws/install/my_robot_intrfaces/local/lib/python3.10/dist-packages/my_robot_intrfaces/action/_count_until.py'...
-- Installing: /home/vboxuser/hw5_ws/install/my_robot_intrfaces/local/lib/python3.10/dist-packages/my_robot_intrfaces/my_robot_intrfaces_s__rosidl_typesupport_fastrtps_c.cpython-310-x86_64-linux-gnu.so
-- Set runtime path of "/home/vboxuser/hw5_ws/install/my_robot_intrfaces/local/lib/python3.10/dist-packages/my_robot_intrfaces/my_robot_intrfaces_s__rosidl_typesupport_fastrtps_c.cpython-310-x86_64-linux-gnu.so" to ""
-- Installing: /home/vboxuser/hw5_ws/install/my_robot_intrfaces/local/lib/python3.10/dist-packages/my_robot_intrfaces/my_robot_intrfaces_s__rosidl_typesupport_introspection_c.cpython-310-x86_64-linux-gnu.so
-- Set runtime path of "/home/vboxuser/hw5_ws/install/my_robot_intrfaces/local/lib/python3.10/dist-packages/my_robot_intrfaces/my_robot_intrfaces_s__rosidl_typesupport_introspection_c.cpython-310-x86_64-linux-gnu.so" to ""
-- Installing: /home/vboxuser/hw5_ws/install/my_robot_intrfaces/local/lib/python3.10/dist-packages/my_robot_intrfaces/my_robot_intrfaces_s__rosidl_typesupport_c.cpython-310-x86_64-linux-gnu.so
-- Set runtime path of "/home/vboxuser/hw5_ws/install/my_robot_intrfaces/local/lib/python3.10/dist-packages/my_robot_intrfaces/my_robot_intrfaces_s__rosidl_typesupport_c.cpython-310-x86_64-linux-gnu.so" to ""
-- Installing: /home/vboxuser/hw5_ws/install/my_robot_intrfaces/lib/libmy_robot_intrfaces__rosidl_generator_py.so
-- Set runtime path of "/home/vboxuser/hw5_ws/install/my_robot_intrfaces/lib/libmy_robot_intrfaces__rosidl_generator_py.so" to ""
-- Installing: /home/vboxuser/hw5_ws/install/my_robot_intrfaces/share/my_robot_intrfaces/action/CountUntil.idl
-- Installing: /home/vboxuser/hw5_ws/install/my_robot_intrfaces/share/my_robot_intrfaces/action/CountUntil.action
-- Installing: /home/vboxuser/hw5_ws/install/my_robot_intrfaces/share/ament_index/resource_index/package_run_dependencies/my_robot_intrfaces
-- Installing: /home/vboxuser/hw5_ws/install/my_robot_intrfaces/share/ament_index/resource_index/parent_prefix_path/my_robot_intrfaces
-- Installing: /home/vboxuser/hw5_ws/install/my_robot_intrfaces/share/my_robot_intrfaces/environment/ament_prefix_path.sh
-- Installing: /home/vboxuser/hw5_ws/install/my_robot_intrfaces/share/my_robot_intrfaces/environment/ament_prefix_path.dsv
-- Installing: /home/vboxuser/hw5_ws/install/my_robot_intrfaces/share/my_robot_intrfaces/environment/path.sh
-- Installing: /home/vboxuser/hw5_ws/install/my_robot_intrfaces/share/my_robot_intrfaces/environment/path.dsv
-- Installing: /home/vboxuser/hw5_ws/install/my_robot_intrfaces/share/my_robot_intrfaces/local_setup.bash
-- Installing: /home/vboxuser/hw5_ws/install/my_robot_intrfaces/share/my_robot_intrfaces/local_setup.sh
-- Installing: /home/vboxuser/hw5_ws/install/my_robot_intrfaces/share/my_robot_intrfaces/local_setup.zsh
-- Installing: /home/vboxuser/hw5_ws/install/my_robot_intrfaces/share/my_robot_intrfaces/local_setup.dsv
-- Installing: /home/vboxuser/hw5_ws/install/my_robot_intrfaces/share/my_robot_intrfaces/package.dsv
-- Installing: /home/vboxuser/hw5_ws/install/my_robot_intrfaces/share/ament_index/resource_index/packages/my_robot_intrfaces
-- Installing: /home/vboxuser/hw5_ws/install/my_robot_intrfaces/share/my_robot_intrfaces/cmake/export_my_robot_intrfaces__rosidl_generator_cExport.cmake
-- Installing: /home/vboxuser/hw5_ws/install/my_robot_intrfaces/share/my_robot_intrfaces/cmake/export_my_robot_intrfaces__rosidl_generator_cExport-noconfig.cmake
-- Installing: /home/vboxuser/hw5_ws/install/my_robot_intrfaces/share/my_robot_intrfaces/cmake/export_my_robot_intrfaces__rosidl_typesupport_fastrtps_cExport.cmake
-- Installing: /home/vboxuser/hw5_ws/install/my_robot_intrfaces/share/my_robot_intrfaces/cmake/export_my_robot_intrfaces__rosidl_typesupport_fastrtps_cExport-noconfig.cmake
-- Installing: /home/vboxuser/hw5_ws/install/my_robot_intrfaces/share/my_robot_intrfaces/cmake/my_robot_intrfaces__rosidl_typesupport_introspection_cExport.cmake
-- Installing: /home/vboxuser/hw5_ws/install/my_robot_intrfaces/share/my_robot_intrfaces/cmake/my_robot_intrfaces__rosidl_typesupport_introspection_cExport-noconfig.cmake
-- Installing: /home/vboxuser/hw5_ws/install/my_robot_intrfaces/share/my_robot_intrfaces/cmake/my_robot_intrfaces__rosidl_typesupport_cExport.cmake
-- Installing: /home/vboxuser/hw5_ws/install/my_robot_intrfaces/share/my_robot_intrfaces/cmake/my_robot_intrfaces__rosidl_typesupport_cExport-noconfig.cmake
-- Installing: /home/vboxuser/hw5_ws/install/my_robot_intrfaces/share/my_robot_intrfaces/cmake/export_my_robot_intrfaces__rosidl_generator_cppExport.cmake
-- Installing: /home/vboxuser/hw5_ws/install/my_robot_intrfaces/share/my_robot_intrfaces/cmake/export_my_robot_intrfaces__rosidl_typesupport_fastrtps_cppExport.cmake
-- Installing: /home/vboxuser/hw5_ws/install/my_robot_intrfaces/share/my_robot_intrfaces/cmake/export_my_robot_intrfaces__rosidl_typesupport_fastrtps_cppExport-noconfig.cmake
-- Installing: /home/vboxuser/hw5_ws/install/my_robot_intrfaces/share/my_robot_intrfaces/cmake/my_robot_intrfaces__rosidl_typesupport_introspection_cppExport.cmake
-- Installing: /home/vboxuser/hw5_ws/install/my_robot_intrfaces/share/my_robot_intrfaces/cmake/my_robot_intrfaces__rosidl_typesupport_introspection_cppExport-noconfig.cmake
-- Installing: /home/vboxuser/hw5_ws/install/my_robot_intrfaces/share/my_robot_intrfaces/cmake/my_robot_intrfaces__rosidl_typesupport_cppExport.cmake
-- Installing: /home/vboxuser/hw5_ws/install/my_robot_intrfaces/share/my_robot_intrfaces/cmake/my_robot_intrfaces__rosidl_typesupport_cppExport-noconfig.cmake
-- Installing: /home/vboxuser/hw5_ws/install/my_robot_intrfaces/share/my_robot_intrfaces/cmake/export_my_robot_intrfaces__rosidl_generator_pyExport.cmake
-- Installing: /home/vboxuser/hw5_ws/install/my_robot_intrfaces/share/my_robot_intrfaces/cmake/export_my_robot_intrfaces__rosidl_generator_pyExport-noconfig.cmake
-- Installing: /home/vboxuser/hw5_ws/install/my_robot_intrfaces/share/my_robot_intrfaces/cmake/rosidl_cmake-extras.cmake
-- Installing: /home/vboxuser/hw5_ws/install/my_robot_intrfaces/share/my_robot_intrfaces/cmake/ament_cmake_export_dependencies-extras.cmake
-- Installing: /home/vboxuser/hw5_ws/install/my_robot_intrfaces/share/my_robot_intrfaces/cmake/ament_cmake_export_include_directories-extras.cmake
-- Installing: /home/vboxuser/hw5_ws/install/my_robot_intrfaces/share/my_robot_intrfaces/cmake/ament_cmake_export_libraries-extras.cmake
-- Installing: /home/vboxuser/hw5_ws/install/my_robot_intrfaces/share/my_robot_intrfaces/cmake/ament_cmake_export_targets-extras.cmake
-- Installing: /home/vboxuser/hw5_ws/install/my_robot_intrfaces/share/my_robot_intrfaces/cmake/rosidl_cmake_export_typesupport_targets-extras.cmake
-- Installing: /home/vboxuser/hw5_ws/install/my_robot_intrfaces/share/my_robot_intrfaces/cmake/rosidl_cmake_export_typesupport_libraries-extras.cmake
-- Installing: /home/vboxuser/hw5_ws/install/my_robot_intrfaces/share/my_robot_intrfaces/cmake/my_robot_intrfacesConfig.cmake
-- Installing: /home/vboxuser/hw5_ws/install/my_robot_intrfaces/share/my_robot_intrfaces/cmake/my_robot_intrfacesConfig-version.cmake
-- Installing: /home/vboxuser/hw5_ws/install/my_robot_intrfaces/share/my_robot_intrfaces/package.xml
