[1.792s] Invoking command in '/home/vboxuser/hw5_ws/src/turtle_joy': PYTHONPATH=/home/vboxuser/hw5_ws/build/turtle_joy/prefix_override:/home/vboxuser/hw5_ws/install/turtle_joy/lib/python3.10/site-packages:${PYTHONPATH} /usr/bin/python3 setup.py egg_info --egg-base ../../build/turtle_joy build --build-base /home/vboxuser/hw5_ws/build/turtle_joy/build install --record /home/vboxuser/hw5_ws/build/turtle_joy/install.log --single-version-externally-managed
[2.219s] running egg_info
[2.221s] writing ../../build/turtle_joy/turtle_joy.egg-info/PKG-INFO
[2.221s] writing dependency_links to ../../build/turtle_joy/turtle_joy.egg-info/dependency_links.txt
[2.221s] writing entry points to ../../build/turtle_joy/turtle_joy.egg-info/entry_points.txt
[2.221s] writing requirements to ../../build/turtle_joy/turtle_joy.egg-info/requires.txt
[2.222s] writing top-level names to ../../build/turtle_joy/turtle_joy.egg-info/top_level.txt
[2.228s] reading manifest file '../../build/turtle_joy/turtle_joy.egg-info/SOURCES.txt'
[2.230s] writing manifest file '../../build/turtle_joy/turtle_joy.egg-info/SOURCES.txt'
[2.231s] running build
[2.231s] running build_py
[2.234s] running install
[2.235s] running install_lib
[2.237s] running install_data
[2.237s] running install_egg_info
[2.240s] removing '/home/vboxuser/hw5_ws/install/turtle_joy/lib/python3.10/site-packages/turtle_joy-0.0.0-py3.10.egg-info' (and everything under it)
[2.245s] Copying ../../build/turtle_joy/turtle_joy.egg-info to /home/vboxuser/hw5_ws/install/turtle_joy/lib/python3.10/site-packages/turtle_joy-0.0.0-py3.10.egg-info
[2.245s] running install_scripts
[2.274s] Installing turtle_joy script to /home/vboxuser/hw5_ws/install/turtle_joy/lib/turtle_joy
[2.276s] writing list of installed files to '/home/vboxuser/hw5_ws/build/turtle_joy/install.log'
[2.359s] Invoked command in '/home/vboxuser/hw5_ws/src/turtle_joy' returned '0': PYTHONPATH=/home/vboxuser/hw5_ws/build/turtle_joy/prefix_override:/home/vboxuser/hw5_ws/install/turtle_joy/lib/python3.10/site-packages:${PYTHONPATH} /usr/bin/python3 setup.py egg_info --egg-base ../../build/turtle_joy build --build-base /home/vboxuser/hw5_ws/build/turtle_joy/build install --record /home/vboxuser/hw5_ws/build/turtle_joy/install.log --single-version-externally-managed
