[5.993s] DEBUG:colcon:Command line arguments: ['/usr/bin/colcon', 'build']
[5.993s] DEBUG:colcon:Parsed command line arguments: Namespace(log_base=None, log_level=None, verb_name='build', build_base='build', install_base='install', merge_install=False, symlink_install=False, test_result_base=None, continue_on_error=False, executor='parallel', parallel_workers=6, event_handlers=None, ignore_user_meta=False, metas=['./colcon.meta'], base_paths=['.'], packages_ignore=None, packages_ignore_regex=None, paths=None, packages_up_to=None, packages_up_to_regex=None, packages_above=None, packages_above_and_dependencies=None, packages_above_depth=None, packages_select_by_dep=None, packages_skip_by_dep=None, packages_skip_up_to=None, packages_select_build_failed=False, packages_skip_build_finished=False, packages_select_test_failures=False, packages_skip_test_passed=False, packages_select=None, packages_skip=None, packages_select_regex=None, packages_skip_regex=None, packages_start=None, packages_end=None, allow_overriding=[], cmake_args=None, cmake_target=None, cmake_target_skip_unavailable=False, cmake_clean_cache=False, cmake_clean_first=False, cmake_force_configure=False, ament_cmake_args=None, catkin_cmake_args=None, catkin_skip_building_tests=False, verb_parser=<colcon_defaults.argument_parser.defaults.DefaultArgumentsDecorator object at 0x7fceae932890>, verb_extension=<colcon_core.verb.build.BuildVerb object at 0x7fceae933d90>, main=<bound method BuildVerb.main of <colcon_core.verb.build.BuildVerb object at 0x7fceae933d90>>)
[6.334s] Level 1:colcon.colcon_core.package_discovery:discover_packages(colcon_meta) check parameters
[6.335s] Level 1:colcon.colcon_core.package_discovery:discover_packages(recursive) check parameters
[6.335s] Level 1:colcon.colcon_core.package_discovery:discover_packages(ignore) check parameters
[6.335s] Level 1:colcon.colcon_core.package_discovery:discover_packages(path) check parameters
[6.335s] Level 1:colcon.colcon_core.package_discovery:discover_packages(colcon_meta) discover
[6.335s] Level 1:colcon.colcon_core.package_discovery:discover_packages(recursive) discover
[6.335s] INFO:colcon.colcon_core.package_discovery:Crawling recursively for packages in '/home/vboxuser/hw6_ws'
[6.335s] Level 1:colcon.colcon_core.package_identification:_identify(.) by extensions ['ignore', 'ignore_ament_install']
[6.335s] Level 1:colcon.colcon_core.package_identification:_identify(.) by extension 'ignore'
[6.335s] Level 1:colcon.colcon_core.package_identification:_identify(.) by extension 'ignore_ament_install'
[6.335s] Level 1:colcon.colcon_core.package_identification:_identify(.) by extensions ['colcon_pkg']
[6.335s] Level 1:colcon.colcon_core.package_identification:_identify(.) by extension 'colcon_pkg'
[6.335s] Level 1:colcon.colcon_core.package_identification:_identify(.) by extensions ['colcon_meta']
[6.335s] Level 1:colcon.colcon_core.package_identification:_identify(.) by extension 'colcon_meta'
[6.336s] Level 1:colcon.colcon_core.package_identification:_identify(.) by extensions ['ros']
[6.336s] Level 1:colcon.colcon_core.package_identification:_identify(.) by extension 'ros'
[6.352s] Level 1:colcon.colcon_core.package_identification:_identify(.) by extensions ['cmake', 'python']
[6.352s] Level 1:colcon.colcon_core.package_identification:_identify(.) by extension 'cmake'
[6.352s] Level 1:colcon.colcon_core.package_identification:_identify(.) by extension 'python'
[6.352s] Level 1:colcon.colcon_core.package_identification:_identify(.) by extensions ['python_setup_py']
[6.352s] Level 1:colcon.colcon_core.package_identification:_identify(.) by extension 'python_setup_py'
[6.353s] Level 1:colcon.colcon_core.package_identification:_identify(build) by extensions ['ignore', 'ignore_ament_install']
[6.353s] Level 1:colcon.colcon_core.package_identification:_identify(build) by extension 'ignore'
[6.353s] Level 1:colcon.colcon_core.package_identification:_identify(build) ignored
[6.353s] Level 1:colcon.colcon_core.package_identification:_identify(install) by extensions ['ignore', 'ignore_ament_install']
[6.353s] Level 1:colcon.colcon_core.package_identification:_identify(install) by extension 'ignore'
[6.353s] Level 1:colcon.colcon_core.package_identification:_identify(install) ignored
[6.353s] Level 1:colcon.colcon_core.package_identification:_identify(log) by extensions ['ignore', 'ignore_ament_install']
[6.353s] Level 1:colcon.colcon_core.package_identification:_identify(log) by extension 'ignore'
[6.353s] Level 1:colcon.colcon_core.package_identification:_identify(log) ignored
[6.353s] Level 1:colcon.colcon_core.package_identification:_identify(src) by extensions ['ignore', 'ignore_ament_install']
[6.353s] Level 1:colcon.colcon_core.package_identification:_identify(src) by extension 'ignore'
[6.354s] Level 1:colcon.colcon_core.package_identification:_identify(src) by extension 'ignore_ament_install'
[6.354s] Level 1:colcon.colcon_core.package_identification:_identify(src) by extensions ['colcon_pkg']
[6.354s] Level 1:colcon.colcon_core.package_identification:_identify(src) by extension 'colcon_pkg'
[6.354s] Level 1:colcon.colcon_core.package_identification:_identify(src) by extensions ['colcon_meta']
[6.354s] Level 1:colcon.colcon_core.package_identification:_identify(src) by extension 'colcon_meta'
[6.354s] Level 1:colcon.colcon_core.package_identification:_identify(src) by extensions ['ros']
[6.354s] Level 1:colcon.colcon_core.package_identification:_identify(src) by extension 'ros'
[6.354s] Level 1:colcon.colcon_core.package_identification:_identify(src) by extensions ['cmake', 'python']
[6.354s] Level 1:colcon.colcon_core.package_identification:_identify(src) by extension 'cmake'
[6.354s] Level 1:colcon.colcon_core.package_identification:_identify(src) by extension 'python'
[6.354s] Level 1:colcon.colcon_core.package_identification:_identify(src) by extensions ['python_setup_py']
[6.354s] Level 1:colcon.colcon_core.package_identification:_identify(src) by extension 'python_setup_py'
[6.354s] Level 1:colcon.colcon_core.package_discovery:discover_packages(recursive) using defaults
[6.354s] Level 1:colcon.colcon_core.package_discovery:discover_packages(ignore) discover
[6.354s] Level 1:colcon.colcon_core.package_discovery:discover_packages(ignore) using defaults
[6.354s] Level 1:colcon.colcon_core.package_discovery:discover_packages(path) discover
[6.354s] Level 1:colcon.colcon_core.package_discovery:discover_packages(path) using defaults
[6.589s] Level 1:colcon.colcon_core.package_discovery:discover_packages(prefix_path) check parameters
[6.590s] Level 1:colcon.colcon_core.package_discovery:discover_packages(prefix_path) discover
[6.674s] DEBUG:colcon.colcon_installed_package_information.package_discovery:Found 284 installed packages in /opt/ros/humble
[6.679s] Level 1:colcon.colcon_core.package_discovery:discover_packages(prefix_path) using defaults
[6.875s] INFO:colcon.colcon_core.executor:Executing jobs using 'parallel' executor
[6.896s] DEBUG:colcon.colcon_parallel_executor.executor.parallel:run_until_complete
[6.896s] DEBUG:colcon.colcon_parallel_executor.executor.parallel:closing loop
[6.896s] DEBUG:colcon.colcon_parallel_executor.executor.parallel:loop closed
[6.896s] DEBUG:colcon.colcon_parallel_executor.executor.parallel:run_until_complete finished with '0'
[6.896s] DEBUG:colcon.colcon_core.event_reactor:joining thread
[6.945s] INFO:colcon.colcon_core.plugin_system:Skipping extension 'colcon_notification.desktop_notification.terminal_notifier': Not used on non-Darwin systems
[6.945s] INFO:colcon.colcon_core.plugin_system:Skipping extension 'colcon_notification.desktop_notification.win32': Not used on non-Windows systems
[6.945s] INFO:colcon.colcon_notification.desktop_notification:Sending desktop notification using 'notify2'
[6.961s] DEBUG:colcon.colcon_core.event_reactor:joined thread
[7.059s] INFO:colcon.colcon_core.plugin_system:Skipping extension 'colcon_core.shell.bat': Not used on non-Windows systems
[7.059s] INFO:colcon.colcon_core.shell:Creating prefix script '/home/vboxuser/hw6_ws/install/local_setup.ps1'
[7.063s] INFO:colcon.colcon_core.shell:Creating prefix util module '/home/vboxuser/hw6_ws/install/_local_setup_util_ps1.py'
[7.074s] INFO:colcon.colcon_core.shell:Creating prefix chain script '/home/vboxuser/hw6_ws/install/setup.ps1'
[7.096s] INFO:colcon.colcon_core.shell:Creating prefix script '/home/vboxuser/hw6_ws/install/local_setup.sh'
[7.099s] INFO:colcon.colcon_core.shell:Creating prefix util module '/home/vboxuser/hw6_ws/install/_local_setup_util_sh.py'
[7.100s] INFO:colcon.colcon_core.shell:Creating prefix chain script '/home/vboxuser/hw6_ws/install/setup.sh'
[7.131s] INFO:colcon.colcon_core.shell:Creating prefix script '/home/vboxuser/hw6_ws/install/local_setup.bash'
[7.134s] INFO:colcon.colcon_core.shell:Creating prefix chain script '/home/vboxuser/hw6_ws/install/setup.bash'
[7.154s] INFO:colcon.colcon_core.shell:Creating prefix script '/home/vboxuser/hw6_ws/install/local_setup.zsh'
[7.162s] INFO:colcon.colcon_core.shell:Creating prefix chain script '/home/vboxuser/hw6_ws/install/setup.zsh'
