[0.104s] Invoking command in '/home/vboxuser/hw4_ws/build/custom_messages': CMAKE_PREFIX_PATH=/home/vboxuser/hw4_ws/install/calculator:/opt/ros/humble /usr/bin/cmake /home/vboxuser/hw4_ws/src/custom_messages -DCMAKE_INSTALL_PREFIX=/home/vboxuser/hw4_ws/install/custom_messages
[0.171s] -- The C compiler identification is GNU 11.4.0
[0.254s] -- The CXX compiler identification is GNU 11.4.0
[0.264s] -- Detecting C compiler ABI info
[0.343s] -- Detecting C compiler ABI info - done
[0.360s] -- Check for working C compiler: /usr/bin/cc - skipped
[0.360s] -- Detecting C compile features
[0.361s] -- Detecting C compile features - done
[0.366s] -- Detecting CXX compiler ABI info
[0.465s] -- Detecting CXX compiler ABI info - done
[0.481s] -- Check for working CXX compiler: /usr/bin/c++ - skipped
[0.482s] -- Detecting CXX compile features
[0.484s] -- Detecting CXX compile features - done
[0.486s] -- Found ament_cmake: 1.3.6 (/opt/ros/humble/share/ament_cmake/cmake)
[0.713s] -- Found Python3: /usr/bin/python3.10 (found version "3.10.12") found components: Interpreter 
[0.822s] -- Found rosidl_default_generators: 1.2.0 (/opt/ros/humble/share/rosidl_default_generators/cmake)
[0.830s] -- Using all available rosidl_typesupport_c: rosidl_typesupport_fastrtps_c;rosidl_typesupport_introspection_c
[0.838s] -- Found rosidl_adapter: 3.1.5 (/opt/ros/humble/share/rosidl_adapter/cmake)
[0.896s] -- Using all available rosidl_typesupport_cpp: rosidl_typesupport_fastrtps_cpp;rosidl_typesupport_introspection_cpp
[0.977s] -- Found ament_lint_auto: 0.12.9 (/opt/ros/humble/share/ament_lint_auto/cmake)
[1.120s] -- Added test 'lint_cmake' to check CMake code style
[1.123s] -- Added test 'xmllint' to check XML markup files
[1.123s] -- Configuring done
[1.127s] -- Generating done
[1.129s] -- Build files have been written to: /home/vboxuser/hw4_ws/build/custom_messages
[1.135s] Invoked command in '/home/vboxuser/hw4_ws/build/custom_messages' returned '0': CMAKE_PREFIX_PATH=/home/vboxuser/hw4_ws/install/calculator:/opt/ros/humble /usr/bin/cmake /home/vboxuser/hw4_ws/src/custom_messages -DCMAKE_INSTALL_PREFIX=/home/vboxuser/hw4_ws/install/custom_messages
[1.138s] Invoking command in '/home/vboxuser/hw4_ws/build/custom_messages': CMAKE_PREFIX_PATH=/home/vboxuser/hw4_ws/install/calculator:/opt/ros/humble /usr/bin/cmake --build /home/vboxuser/hw4_ws/build/custom_messages -- -j6 -l6
[1.185s] Invoked command in '/home/vboxuser/hw4_ws/build/custom_messages' returned '0': CMAKE_PREFIX_PATH=/home/vboxuser/hw4_ws/install/calculator:/opt/ros/humble /usr/bin/cmake --build /home/vboxuser/hw4_ws/build/custom_messages -- -j6 -l6
[1.213s] Invoking command in '/home/vboxuser/hw4_ws/build/custom_messages': CMAKE_PREFIX_PATH=/home/vboxuser/hw4_ws/install/calculator:/opt/ros/humble /usr/bin/cmake --install /home/vboxuser/hw4_ws/build/custom_messages
[1.220s] -- Install configuration: ""
[1.220s] -- Installing: /home/vboxuser/hw4_ws/install/custom_messages/share/ament_index/resource_index/package_run_dependencies/custom_messages
[1.221s] -- Installing: /home/vboxuser/hw4_ws/install/custom_messages/share/ament_index/resource_index/parent_prefix_path/custom_messages
[1.221s] -- Installing: /home/vboxuser/hw4_ws/install/custom_messages/share/custom_messages/environment/ament_prefix_path.sh
[1.221s] -- Installing: /home/vboxuser/hw4_ws/install/custom_messages/share/custom_messages/environment/ament_prefix_path.dsv
[1.221s] -- Installing: /home/vboxuser/hw4_ws/install/custom_messages/share/custom_messages/environment/path.sh
[1.221s] -- Installing: /home/vboxuser/hw4_ws/install/custom_messages/share/custom_messages/environment/path.dsv
[1.221s] -- Installing: /home/vboxuser/hw4_ws/install/custom_messages/share/custom_messages/local_setup.bash
[1.222s] -- Installing: /home/vboxuser/hw4_ws/install/custom_messages/share/custom_messages/local_setup.sh
[1.222s] -- Installing: /home/vboxuser/hw4_ws/install/custom_messages/share/custom_messages/local_setup.zsh
[1.222s] -- Installing: /home/vboxuser/hw4_ws/install/custom_messages/share/custom_messages/local_setup.dsv
[1.222s] -- Installing: /home/vboxuser/hw4_ws/install/custom_messages/share/custom_messages/package.dsv
[1.222s] -- Installing: /home/vboxuser/hw4_ws/install/custom_messages/share/ament_index/resource_index/packages/custom_messages
[1.222s] -- Installing: /home/vboxuser/hw4_ws/install/custom_messages/share/custom_messages/cmake/custom_messagesConfig.cmake
[1.223s] -- Installing: /home/vboxuser/hw4_ws/install/custom_messages/share/custom_messages/cmake/custom_messagesConfig-version.cmake
[1.223s] -- Installing: /home/vboxuser/hw4_ws/install/custom_messages/share/custom_messages/package.xml
[1.227s] Invoked command in '/home/vboxuser/hw4_ws/build/custom_messages' returned '0': CMAKE_PREFIX_PATH=/home/vboxuser/hw4_ws/install/calculator:/opt/ros/humble /usr/bin/cmake --install /home/vboxuser/hw4_ws/build/custom_messages
