[3.152s] Invoking command in '/home/vboxuser/hw3_ws/src/q1': PYTHONPATH=/home/vboxuser/hw3_ws/build/q1/prefix_override:/home/vboxuser/hw3_ws/install/q1/lib/python3.10/site-packages:${PYTHONPATH} /usr/bin/python3 setup.py egg_info --egg-base ../../build/q1 build --build-base /home/vboxuser/hw3_ws/build/q1/build install --record /home/vboxuser/hw3_ws/build/q1/install.log --single-version-externally-managed
[3.574s] running egg_info
[3.575s] writing ../../build/q1/q1.egg-info/PKG-INFO
[3.576s] writing dependency_links to ../../build/q1/q1.egg-info/dependency_links.txt
[3.576s] writing entry points to ../../build/q1/q1.egg-info/entry_points.txt
[3.576s] writing requirements to ../../build/q1/q1.egg-info/requires.txt
[3.577s] writing top-level names to ../../build/q1/q1.egg-info/top_level.txt
[3.579s] reading manifest file '../../build/q1/q1.egg-info/SOURCES.txt'
[3.580s] adding license file 'LICENSE'
[3.581s] writing manifest file '../../build/q1/q1.egg-info/SOURCES.txt'
[3.581s] running build
[3.581s] running build_py
[3.581s] running install
[3.584s] running install_lib
[3.584s] running install_data
[3.584s] running install_egg_info
[3.587s] removing '/home/vboxuser/hw3_ws/install/q1/lib/python3.10/site-packages/q1-0.0.0-py3.10.egg-info' (and everything under it)
[3.587s] Copying ../../build/q1/q1.egg-info to /home/vboxuser/hw3_ws/install/q1/lib/python3.10/site-packages/q1-0.0.0-py3.10.egg-info
[3.588s] running install_scripts
[3.619s] Installing my_pub script to /home/vboxuser/hw3_ws/install/q1/lib/q1
[3.619s] writing list of installed files to '/home/vboxuser/hw3_ws/build/q1/install.log'
[3.925s] Invoked command in '/home/vboxuser/hw3_ws/src/q1' returned '0': PYTHONPATH=/home/vboxuser/hw3_ws/build/q1/prefix_override:/home/vboxuser/hw3_ws/install/q1/lib/python3.10/site-packages:${PYTHONPATH} /usr/bin/python3 setup.py egg_info --egg-base ../../build/q1 build --build-base /home/vboxuser/hw3_ws/build/q1/build install --record /home/vboxuser/hw3_ws/build/q1/install.log --single-version-externally-managed
