[1.736s] DEBUG:colcon:Command line arguments: ['/usr/bin/colcon', 'build']
[1.737s] DEBUG:colcon:Parsed command line arguments: Namespace(log_base=None, log_level=None, verb_name='build', build_base='build', install_base='install', merge_install=False, symlink_install=False, test_result_base=None, continue_on_error=False, executor='parallel', parallel_workers=6, event_handlers=None, ignore_user_meta=False, metas=['./colcon.meta'], base_paths=['.'], packages_ignore=None, packages_ignore_regex=None, paths=None, packages_up_to=None, packages_up_to_regex=None, packages_above=None, packages_above_and_dependencies=None, packages_above_depth=None, packages_select_by_dep=None, packages_skip_by_dep=None, packages_skip_up_to=None, packages_select_build_failed=False, packages_skip_build_finished=False, packages_select_test_failures=False, packages_skip_test_passed=False, packages_select=None, packages_skip=None, packages_select_regex=None, packages_skip_regex=None, packages_start=None, packages_end=None, allow_overriding=[], cmake_args=None, cmake_target=None, cmake_target_skip_unavailable=False, cmake_clean_cache=False, cmake_clean_first=False, cmake_force_configure=False, ament_cmake_args=None, catkin_cmake_args=None, catkin_skip_building_tests=False, verb_parser=<colcon_defaults.argument_parser.defaults.DefaultArgumentsDecorator object at 0x7fd9420287f0>, verb_extension=<colcon_core.verb.build.BuildVerb object at 0x7fd94202b1f0>, main=<bound method BuildVerb.main of <colcon_core.verb.build.BuildVerb object at 0x7fd94202b1f0>>)
[1.811s] Level 1:colcon.colcon_core.package_discovery:discover_packages(colcon_meta) check parameters
[1.811s] Level 1:colcon.colcon_core.package_discovery:discover_packages(recursive) check parameters
[1.811s] Level 1:colcon.colcon_core.package_discovery:discover_packages(ignore) check parameters
[1.811s] Level 1:colcon.colcon_core.package_discovery:discover_packages(path) check parameters
[1.811s] Level 1:colcon.colcon_core.package_discovery:discover_packages(colcon_meta) discover
[1.811s] Level 1:colcon.colcon_core.package_discovery:discover_packages(recursive) discover
[1.811s] INFO:colcon.colcon_core.package_discovery:Crawling recursively for packages in '/home/vboxuser/hw5_ws'
[1.811s] Level 1:colcon.colcon_core.package_identification:_identify(.) by extensions ['ignore', 'ignore_ament_install']
[1.811s] Level 1:colcon.colcon_core.package_identification:_identify(.) by extension 'ignore'
[1.811s] Level 1:colcon.colcon_core.package_identification:_identify(.) by extension 'ignore_ament_install'
[1.812s] Level 1:colcon.colcon_core.package_identification:_identify(.) by extensions ['colcon_pkg']
[1.812s] Level 1:colcon.colcon_core.package_identification:_identify(.) by extension 'colcon_pkg'
[1.812s] Level 1:colcon.colcon_core.package_identification:_identify(.) by extensions ['colcon_meta']
[1.812s] Level 1:colcon.colcon_core.package_identification:_identify(.) by extension 'colcon_meta'
[1.812s] Level 1:colcon.colcon_core.package_identification:_identify(.) by extensions ['ros']
[1.812s] Level 1:colcon.colcon_core.package_identification:_identify(.) by extension 'ros'
[1.830s] Level 1:colcon.colcon_core.package_identification:_identify(.) by extensions ['cmake', 'python']
[1.830s] Level 1:colcon.colcon_core.package_identification:_identify(.) by extension 'cmake'
[1.830s] Level 1:colcon.colcon_core.package_identification:_identify(.) by extension 'python'
[1.830s] Level 1:colcon.colcon_core.package_identification:_identify(.) by extensions ['python_setup_py']
[1.830s] Level 1:colcon.colcon_core.package_identification:_identify(.) by extension 'python_setup_py'
[1.830s] Level 1:colcon.colcon_core.package_identification:_identify(build) by extensions ['ignore', 'ignore_ament_install']
[1.830s] Level 1:colcon.colcon_core.package_identification:_identify(build) by extension 'ignore'
[1.830s] Level 1:colcon.colcon_core.package_identification:_identify(build) ignored
[1.831s] Level 1:colcon.colcon_core.package_identification:_identify(install) by extensions ['ignore', 'ignore_ament_install']
[1.831s] Level 1:colcon.colcon_core.package_identification:_identify(install) by extension 'ignore'
[1.831s] Level 1:colcon.colcon_core.package_identification:_identify(install) ignored
[1.831s] Level 1:colcon.colcon_core.package_identification:_identify(log) by extensions ['ignore', 'ignore_ament_install']
[1.831s] Level 1:colcon.colcon_core.package_identification:_identify(log) by extension 'ignore'
[1.831s] Level 1:colcon.colcon_core.package_identification:_identify(log) ignored
[1.831s] Level 1:colcon.colcon_core.package_identification:_identify(src) by extensions ['ignore', 'ignore_ament_install']
[1.831s] Level 1:colcon.colcon_core.package_identification:_identify(src) by extension 'ignore'
[1.831s] Level 1:colcon.colcon_core.package_identification:_identify(src) by extension 'ignore_ament_install'
[1.832s] Level 1:colcon.colcon_core.package_identification:_identify(src) by extensions ['colcon_pkg']
[1.832s] Level 1:colcon.colcon_core.package_identification:_identify(src) by extension 'colcon_pkg'
[1.832s] Level 1:colcon.colcon_core.package_identification:_identify(src) by extensions ['colcon_meta']
[1.832s] Level 1:colcon.colcon_core.package_identification:_identify(src) by extension 'colcon_meta'
[1.832s] Level 1:colcon.colcon_core.package_identification:_identify(src) by extensions ['ros']
[1.832s] Level 1:colcon.colcon_core.package_identification:_identify(src) by extension 'ros'
[1.832s] Level 1:colcon.colcon_core.package_identification:_identify(src) by extensions ['cmake', 'python']
[1.832s] Level 1:colcon.colcon_core.package_identification:_identify(src) by extension 'cmake'
[1.832s] Level 1:colcon.colcon_core.package_identification:_identify(src) by extension 'python'
[1.832s] Level 1:colcon.colcon_core.package_identification:_identify(src) by extensions ['python_setup_py']
[1.832s] Level 1:colcon.colcon_core.package_identification:_identify(src) by extension 'python_setup_py'
[1.832s] Level 1:colcon.colcon_core.package_identification:_identify(src/actions_py) by extensions ['ignore', 'ignore_ament_install']
[1.832s] Level 1:colcon.colcon_core.package_identification:_identify(src/actions_py) by extension 'ignore'
[1.832s] Level 1:colcon.colcon_core.package_identification:_identify(src/actions_py) by extension 'ignore_ament_install'
[1.832s] Level 1:colcon.colcon_core.package_identification:_identify(src/actions_py) by extensions ['colcon_pkg']
[1.833s] Level 1:colcon.colcon_core.package_identification:_identify(src/actions_py) by extension 'colcon_pkg'
[1.833s] Level 1:colcon.colcon_core.package_identification:_identify(src/actions_py) by extensions ['colcon_meta']
[1.833s] Level 1:colcon.colcon_core.package_identification:_identify(src/actions_py) by extension 'colcon_meta'
[1.833s] Level 1:colcon.colcon_core.package_identification:_identify(src/actions_py) by extensions ['ros']
[1.833s] Level 1:colcon.colcon_core.package_identification:_identify(src/actions_py) by extension 'ros'
[1.836s] DEBUG:colcon.colcon_core.package_identification:Package 'src/actions_py' with type 'ros.ament_python' and name 'actions_py'
[1.837s] Level 1:colcon.colcon_core.package_identification:_identify(src/build) by extensions ['ignore', 'ignore_ament_install']
[1.837s] Level 1:colcon.colcon_core.package_identification:_identify(src/build) by extension 'ignore'
[1.837s] Level 1:colcon.colcon_core.package_identification:_identify(src/build) ignored
[1.837s] Level 1:colcon.colcon_core.package_identification:_identify(src/install) by extensions ['ignore', 'ignore_ament_install']
[1.837s] Level 1:colcon.colcon_core.package_identification:_identify(src/install) by extension 'ignore'
[1.837s] Level 1:colcon.colcon_core.package_identification:_identify(src/install) ignored
[1.837s] Level 1:colcon.colcon_core.package_identification:_identify(src/log) by extensions ['ignore', 'ignore_ament_install']
[1.837s] Level 1:colcon.colcon_core.package_identification:_identify(src/log) by extension 'ignore'
[1.837s] Level 1:colcon.colcon_core.package_identification:_identify(src/log) ignored
[1.838s] Level 1:colcon.colcon_core.package_identification:_identify(src/my_interfaces) by extensions ['ignore', 'ignore_ament_install']
[1.838s] Level 1:colcon.colcon_core.package_identification:_identify(src/my_interfaces) by extension 'ignore'
[1.838s] Level 1:colcon.colcon_core.package_identification:_identify(src/my_interfaces) by extension 'ignore_ament_install'
[1.838s] Level 1:colcon.colcon_core.package_identification:_identify(src/my_interfaces) by extensions ['colcon_pkg']
[1.838s] Level 1:colcon.colcon_core.package_identification:_identify(src/my_interfaces) by extension 'colcon_pkg'
[1.838s] Level 1:colcon.colcon_core.package_identification:_identify(src/my_interfaces) by extensions ['colcon_meta']
[1.838s] Level 1:colcon.colcon_core.package_identification:_identify(src/my_interfaces) by extension 'colcon_meta'
[1.838s] Level 1:colcon.colcon_core.package_identification:_identify(src/my_interfaces) by extensions ['ros']
[1.838s] Level 1:colcon.colcon_core.package_identification:_identify(src/my_interfaces) by extension 'ros'
[1.839s] DEBUG:colcon.colcon_core.package_identification:Package 'src/my_interfaces' with type 'ros.ament_cmake' and name 'my_interfaces'
[1.839s] Level 1:colcon.colcon_core.package_identification:_identify(src/my_robot_intrfaces) by extensions ['ignore', 'ignore_ament_install']
[1.840s] Level 1:colcon.colcon_core.package_identification:_identify(src/my_robot_intrfaces) by extension 'ignore'
[1.840s] Level 1:colcon.colcon_core.package_identification:_identify(src/my_robot_intrfaces) ignored
[1.840s] Level 1:colcon.colcon_core.package_identification:_identify(src/turtle_joy) by extensions ['ignore', 'ignore_ament_install']
[1.840s] Level 1:colcon.colcon_core.package_identification:_identify(src/turtle_joy) by extension 'ignore'
[1.840s] Level 1:colcon.colcon_core.package_identification:_identify(src/turtle_joy) by extension 'ignore_ament_install'
[1.840s] Level 1:colcon.colcon_core.package_identification:_identify(src/turtle_joy) by extensions ['colcon_pkg']
[1.840s] Level 1:colcon.colcon_core.package_identification:_identify(src/turtle_joy) by extension 'colcon_pkg'
[1.840s] Level 1:colcon.colcon_core.package_identification:_identify(src/turtle_joy) by extensions ['colcon_meta']
[1.840s] Level 1:colcon.colcon_core.package_identification:_identify(src/turtle_joy) by extension 'colcon_meta'
[1.840s] Level 1:colcon.colcon_core.package_identification:_identify(src/turtle_joy) by extensions ['ros']
[1.840s] Level 1:colcon.colcon_core.package_identification:_identify(src/turtle_joy) by extension 'ros'
[1.842s] DEBUG:colcon.colcon_core.package_identification:Package 'src/turtle_joy' with type 'ros.ament_python' and name 'turtle_joy'
[1.842s] Level 1:colcon.colcon_core.package_identification:_identify(src/turtle_mover) by extensions ['ignore', 'ignore_ament_install']
[1.842s] Level 1:colcon.colcon_core.package_identification:_identify(src/turtle_mover) by extension 'ignore'
[1.842s] Level 1:colcon.colcon_core.package_identification:_identify(src/turtle_mover) by extension 'ignore_ament_install'
[1.842s] Level 1:colcon.colcon_core.package_identification:_identify(src/turtle_mover) by extensions ['colcon_pkg']
[1.842s] Level 1:colcon.colcon_core.package_identification:_identify(src/turtle_mover) by extension 'colcon_pkg'
[1.842s] Level 1:colcon.colcon_core.package_identification:_identify(src/turtle_mover) by extensions ['colcon_meta']
[1.842s] Level 1:colcon.colcon_core.package_identification:_identify(src/turtle_mover) by extension 'colcon_meta'
[1.842s] Level 1:colcon.colcon_core.package_identification:_identify(src/turtle_mover) by extensions ['ros']
[1.842s] Level 1:colcon.colcon_core.package_identification:_identify(src/turtle_mover) by extension 'ros'
[1.843s] DEBUG:colcon.colcon_core.package_identification:Package 'src/turtle_mover' with type 'ros.ament_python' and name 'turtle_mover'
[1.844s] Level 1:colcon.colcon_core.package_identification:_identify(src/turtle_run) by extensions ['ignore', 'ignore_ament_install']
[1.844s] Level 1:colcon.colcon_core.package_identification:_identify(src/turtle_run) by extension 'ignore'
[1.844s] Level 1:colcon.colcon_core.package_identification:_identify(src/turtle_run) by extension 'ignore_ament_install'
[1.844s] Level 1:colcon.colcon_core.package_identification:_identify(src/turtle_run) by extensions ['colcon_pkg']
[1.844s] Level 1:colcon.colcon_core.package_identification:_identify(src/turtle_run) by extension 'colcon_pkg'
[1.844s] Level 1:colcon.colcon_core.package_identification:_identify(src/turtle_run) by extensions ['colcon_meta']
[1.844s] Level 1:colcon.colcon_core.package_identification:_identify(src/turtle_run) by extension 'colcon_meta'
[1.844s] Level 1:colcon.colcon_core.package_identification:_identify(src/turtle_run) by extensions ['ros']
[1.844s] Level 1:colcon.colcon_core.package_identification:_identify(src/turtle_run) by extension 'ros'
[1.846s] DEBUG:colcon.colcon_core.package_identification:Package 'src/turtle_run' with type 'ros.ament_python' and name 'turtle_run'
[1.846s] Level 1:colcon.colcon_core.package_discovery:discover_packages(recursive) using defaults
[1.846s] Level 1:colcon.colcon_core.package_discovery:discover_packages(ignore) discover
[1.846s] Level 1:colcon.colcon_core.package_discovery:discover_packages(ignore) using defaults
[1.846s] Level 1:colcon.colcon_core.package_discovery:discover_packages(path) discover
[1.846s] Level 1:colcon.colcon_core.package_discovery:discover_packages(path) using defaults
[2.002s] Level 1:colcon.colcon_core.package_discovery:discover_packages(prefix_path) check parameters
[2.002s] Level 1:colcon.colcon_core.package_discovery:discover_packages(prefix_path) discover
[2.050s] DEBUG:colcon.colcon_installed_package_information.package_discovery:Found 6 installed packages in /home/vboxuser/hw5_ws/install
[2.074s] DEBUG:colcon.colcon_installed_package_information.package_discovery:Found 5 installed packages in /home/vboxuser/hw5_ws/src/install
[2.109s] DEBUG:colcon.colcon_installed_package_information.package_discovery:Found 284 installed packages in /opt/ros/humble
[2.132s] Level 1:colcon.colcon_core.package_discovery:discover_packages(prefix_path) using defaults
[2.298s] Level 5:colcon.colcon_core.verb:set package 'actions_py' build argument 'cmake_args' from command line to 'None'
[2.298s] Level 5:colcon.colcon_core.verb:set package 'actions_py' build argument 'cmake_target' from command line to 'None'
[2.299s] Level 5:colcon.colcon_core.verb:set package 'actions_py' build argument 'cmake_target_skip_unavailable' from command line to 'False'
[2.299s] Level 5:colcon.colcon_core.verb:set package 'actions_py' build argument 'cmake_clean_cache' from command line to 'False'
[2.299s] Level 5:colcon.colcon_core.verb:set package 'actions_py' build argument 'cmake_clean_first' from command line to 'False'
[2.299s] Level 5:colcon.colcon_core.verb:set package 'actions_py' build argument 'cmake_force_configure' from command line to 'False'
[2.299s] Level 5:colcon.colcon_core.verb:set package 'actions_py' build argument 'ament_cmake_args' from command line to 'None'
[2.299s] Level 5:colcon.colcon_core.verb:set package 'actions_py' build argument 'catkin_cmake_args' from command line to 'None'
[2.299s] Level 5:colcon.colcon_core.verb:set package 'actions_py' build argument 'catkin_skip_building_tests' from command line to 'False'
[2.299s] DEBUG:colcon.colcon_core.verb:Building package 'actions_py' with the following arguments: {'ament_cmake_args': None, 'build_base': '/home/vboxuser/hw5_ws/build/actions_py', 'catkin_cmake_args': None, 'catkin_skip_building_tests': False, 'cmake_args': None, 'cmake_clean_cache': False, 'cmake_clean_first': False, 'cmake_force_configure': False, 'cmake_target': None, 'cmake_target_skip_unavailable': False, 'install_base': '/home/vboxuser/hw5_ws/install/actions_py', 'merge_install': False, 'path': '/home/vboxuser/hw5_ws/src/actions_py', 'symlink_install': False, 'test_result_base': None}
[2.321s] Level 5:colcon.colcon_core.verb:set package 'my_interfaces' build argument 'cmake_args' from command line to 'None'
[2.321s] Level 5:colcon.colcon_core.verb:set package 'my_interfaces' build argument 'cmake_target' from command line to 'None'
[2.321s] Level 5:colcon.colcon_core.verb:set package 'my_interfaces' build argument 'cmake_target_skip_unavailable' from command line to 'False'
[2.321s] Level 5:colcon.colcon_core.verb:set package 'my_interfaces' build argument 'cmake_clean_cache' from command line to 'False'
[2.321s] Level 5:colcon.colcon_core.verb:set package 'my_interfaces' build argument 'cmake_clean_first' from command line to 'False'
[2.321s] Level 5:colcon.colcon_core.verb:set package 'my_interfaces' build argument 'cmake_force_configure' from command line to 'False'
[2.321s] Level 5:colcon.colcon_core.verb:set package 'my_interfaces' build argument 'ament_cmake_args' from command line to 'None'
[2.321s] Level 5:colcon.colcon_core.verb:set package 'my_interfaces' build argument 'catkin_cmake_args' from command line to 'None'
[2.321s] Level 5:colcon.colcon_core.verb:set package 'my_interfaces' build argument 'catkin_skip_building_tests' from command line to 'False'
[2.321s] DEBUG:colcon.colcon_core.verb:Building package 'my_interfaces' with the following arguments: {'ament_cmake_args': None, 'build_base': '/home/vboxuser/hw5_ws/build/my_interfaces', 'catkin_cmake_args': None, 'catkin_skip_building_tests': False, 'cmake_args': None, 'cmake_clean_cache': False, 'cmake_clean_first': False, 'cmake_force_configure': False, 'cmake_target': None, 'cmake_target_skip_unavailable': False, 'install_base': '/home/vboxuser/hw5_ws/install/my_interfaces', 'merge_install': False, 'path': '/home/vboxuser/hw5_ws/src/my_interfaces', 'symlink_install': False, 'test_result_base': None}
[2.345s] Level 5:colcon.colcon_core.verb:set package 'turtle_joy' build argument 'cmake_args' from command line to 'None'
[2.345s] Level 5:colcon.colcon_core.verb:set package 'turtle_joy' build argument 'cmake_target' from command line to 'None'
[2.345s] Level 5:colcon.colcon_core.verb:set package 'turtle_joy' build argument 'cmake_target_skip_unavailable' from command line to 'False'
[2.345s] Level 5:colcon.colcon_core.verb:set package 'turtle_joy' build argument 'cmake_clean_cache' from command line to 'False'
[2.345s] Level 5:colcon.colcon_core.verb:set package 'turtle_joy' build argument 'cmake_clean_first' from command line to 'False'
[2.345s] Level 5:colcon.colcon_core.verb:set package 'turtle_joy' build argument 'cmake_force_configure' from command line to 'False'
[2.345s] Level 5:colcon.colcon_core.verb:set package 'turtle_joy' build argument 'ament_cmake_args' from command line to 'None'
[2.345s] Level 5:colcon.colcon_core.verb:set package 'turtle_joy' build argument 'catkin_cmake_args' from command line to 'None'
[2.345s] Level 5:colcon.colcon_core.verb:set package 'turtle_joy' build argument 'catkin_skip_building_tests' from command line to 'False'
[2.345s] DEBUG:colcon.colcon_core.verb:Building package 'turtle_joy' with the following arguments: {'ament_cmake_args': None, 'build_base': '/home/vboxuser/hw5_ws/build/turtle_joy', 'catkin_cmake_args': None, 'catkin_skip_building_tests': False, 'cmake_args': None, 'cmake_clean_cache': False, 'cmake_clean_first': False, 'cmake_force_configure': False, 'cmake_target': None, 'cmake_target_skip_unavailable': False, 'install_base': '/home/vboxuser/hw5_ws/install/turtle_joy', 'merge_install': False, 'path': '/home/vboxuser/hw5_ws/src/turtle_joy', 'symlink_install': False, 'test_result_base': None}
[2.368s] Level 5:colcon.colcon_core.verb:set package 'turtle_mover' build argument 'cmake_args' from command line to 'None'
[2.369s] Level 5:colcon.colcon_core.verb:set package 'turtle_mover' build argument 'cmake_target' from command line to 'None'
[2.369s] Level 5:colcon.colcon_core.verb:set package 'turtle_mover' build argument 'cmake_target_skip_unavailable' from command line to 'False'
[2.369s] Level 5:colcon.colcon_core.verb:set package 'turtle_mover' build argument 'cmake_clean_cache' from command line to 'False'
[2.369s] Level 5:colcon.colcon_core.verb:set package 'turtle_mover' build argument 'cmake_clean_first' from command line to 'False'
[2.369s] Level 5:colcon.colcon_core.verb:set package 'turtle_mover' build argument 'cmake_force_configure' from command line to 'False'
[2.369s] Level 5:colcon.colcon_core.verb:set package 'turtle_mover' build argument 'ament_cmake_args' from command line to 'None'
[2.369s] Level 5:colcon.colcon_core.verb:set package 'turtle_mover' build argument 'catkin_cmake_args' from command line to 'None'
[2.369s] Level 5:colcon.colcon_core.verb:set package 'turtle_mover' build argument 'catkin_skip_building_tests' from command line to 'False'
[2.369s] DEBUG:colcon.colcon_core.verb:Building package 'turtle_mover' with the following arguments: {'ament_cmake_args': None, 'build_base': '/home/vboxuser/hw5_ws/build/turtle_mover', 'catkin_cmake_args': None, 'catkin_skip_building_tests': False, 'cmake_args': None, 'cmake_clean_cache': False, 'cmake_clean_first': False, 'cmake_force_configure': False, 'cmake_target': None, 'cmake_target_skip_unavailable': False, 'install_base': '/home/vboxuser/hw5_ws/install/turtle_mover', 'merge_install': False, 'path': '/home/vboxuser/hw5_ws/src/turtle_mover', 'symlink_install': False, 'test_result_base': None}
[2.393s] Level 5:colcon.colcon_core.verb:set package 'turtle_run' build argument 'cmake_args' from command line to 'None'
[2.393s] Level 5:colcon.colcon_core.verb:set package 'turtle_run' build argument 'cmake_target' from command line to 'None'
[2.393s] Level 5:colcon.colcon_core.verb:set package 'turtle_run' build argument 'cmake_target_skip_unavailable' from command line to 'False'
[2.393s] Level 5:colcon.colcon_core.verb:set package 'turtle_run' build argument 'cmake_clean_cache' from command line to 'False'
[2.393s] Level 5:colcon.colcon_core.verb:set package 'turtle_run' build argument 'cmake_clean_first' from command line to 'False'
[2.393s] Level 5:colcon.colcon_core.verb:set package 'turtle_run' build argument 'cmake_force_configure' from command line to 'False'
[2.393s] Level 5:colcon.colcon_core.verb:set package 'turtle_run' build argument 'ament_cmake_args' from command line to 'None'
[2.393s] Level 5:colcon.colcon_core.verb:set package 'turtle_run' build argument 'catkin_cmake_args' from command line to 'None'
[2.393s] Level 5:colcon.colcon_core.verb:set package 'turtle_run' build argument 'catkin_skip_building_tests' from command line to 'False'
[2.393s] DEBUG:colcon.colcon_core.verb:Building package 'turtle_run' with the following arguments: {'ament_cmake_args': None, 'build_base': '/home/vboxuser/hw5_ws/build/turtle_run', 'catkin_cmake_args': None, 'catkin_skip_building_tests': False, 'cmake_args': None, 'cmake_clean_cache': False, 'cmake_clean_first': False, 'cmake_force_configure': False, 'cmake_target': None, 'cmake_target_skip_unavailable': False, 'install_base': '/home/vboxuser/hw5_ws/install/turtle_run', 'merge_install': False, 'path': '/home/vboxuser/hw5_ws/src/turtle_run', 'symlink_install': False, 'test_result_base': None}
[2.415s] INFO:colcon.colcon_core.executor:Executing jobs using 'parallel' executor
[2.439s] DEBUG:colcon.colcon_parallel_executor.executor.parallel:run_until_complete
[2.439s] INFO:colcon.colcon_ros.task.ament_cmake.build:Building ROS package in '/home/vboxuser/hw5_ws/src/my_interfaces' with build type 'ament_cmake'
[2.439s] INFO:colcon.colcon_cmake.task.cmake.build:Building CMake package in '/home/vboxuser/hw5_ws/src/my_interfaces'
[2.466s] INFO:colcon.colcon_core.plugin_system:Skipping extension 'colcon_core.shell.bat': Not used on non-Windows systems
[2.467s] INFO:colcon.colcon_core.shell:Skip shell extension 'powershell' for command environment: Not usable outside of PowerShell
[2.467s] DEBUG:colcon.colcon_core.shell:Skip shell extension 'dsv' for command environment
[2.568s] INFO:colcon.colcon_ros.task.ament_python.build:Building ROS package in '/home/vboxuser/hw5_ws/src/actions_py' with build type 'ament_python'
[2.568s] Level 1:colcon.colcon_core.shell:create_environment_hook('actions_py', 'ament_prefix_path')
[2.591s] INFO:colcon.colcon_core.shell:Creating environment hook '/home/vboxuser/hw5_ws/install/actions_py/share/actions_py/hook/ament_prefix_path.ps1'
[2.592s] INFO:colcon.colcon_core.shell:Creating environment descriptor '/home/vboxuser/hw5_ws/install/actions_py/share/actions_py/hook/ament_prefix_path.dsv'
[2.592s] INFO:colcon.colcon_core.shell:Creating environment hook '/home/vboxuser/hw5_ws/install/actions_py/share/actions_py/hook/ament_prefix_path.sh'
[2.617s] INFO:colcon.colcon_core.shell:Skip shell extension 'powershell' for command environment: Not usable outside of PowerShell
[2.617s] DEBUG:colcon.colcon_core.shell:Skip shell extension 'dsv' for command environment
[2.730s] INFO:colcon.colcon_ros.task.ament_python.build:Building ROS package in '/home/vboxuser/hw5_ws/src/turtle_joy' with build type 'ament_python'
[2.731s] Level 1:colcon.colcon_core.shell:create_environment_hook('turtle_joy', 'ament_prefix_path')
[2.760s] INFO:colcon.colcon_core.shell:Creating environment hook '/home/vboxuser/hw5_ws/install/turtle_joy/share/turtle_joy/hook/ament_prefix_path.ps1'
[2.761s] INFO:colcon.colcon_core.shell:Creating environment descriptor '/home/vboxuser/hw5_ws/install/turtle_joy/share/turtle_joy/hook/ament_prefix_path.dsv'
[2.762s] INFO:colcon.colcon_core.shell:Creating environment hook '/home/vboxuser/hw5_ws/install/turtle_joy/share/turtle_joy/hook/ament_prefix_path.sh'
[2.787s] INFO:colcon.colcon_core.shell:Skip shell extension 'powershell' for command environment: Not usable outside of PowerShell
[2.788s] DEBUG:colcon.colcon_core.shell:Skip shell extension 'dsv' for command environment
[2.916s] INFO:colcon.colcon_ros.task.ament_python.build:Building ROS package in '/home/vboxuser/hw5_ws/src/turtle_mover' with build type 'ament_python'
[2.917s] Level 1:colcon.colcon_core.shell:create_environment_hook('turtle_mover', 'ament_prefix_path')
[2.945s] INFO:colcon.colcon_core.shell:Creating environment hook '/home/vboxuser/hw5_ws/install/turtle_mover/share/turtle_mover/hook/ament_prefix_path.ps1'
[2.945s] INFO:colcon.colcon_core.shell:Creating environment descriptor '/home/vboxuser/hw5_ws/install/turtle_mover/share/turtle_mover/hook/ament_prefix_path.dsv'
[2.945s] INFO:colcon.colcon_core.shell:Creating environment hook '/home/vboxuser/hw5_ws/install/turtle_mover/share/turtle_mover/hook/ament_prefix_path.sh'
[2.971s] INFO:colcon.colcon_core.shell:Skip shell extension 'powershell' for command environment: Not usable outside of PowerShell
[2.971s] DEBUG:colcon.colcon_core.shell:Skip shell extension 'dsv' for command environment
[3.096s] DEBUG:colcon.colcon_core.event_handler.log_command:Invoking command in '/home/vboxuser/hw5_ws/build/my_interfaces': CMAKE_PREFIX_PATH=${CMAKE_PREFIX_PATH}:/home/vboxuser/hw5_ws/install/turtle_run:/home/vboxuser/hw5_ws/install/turtle_mover:/home/vboxuser/hw5_ws/install/turtle_joy:/home/vboxuser/hw5_ws/install/actions_py:/home/vboxuser/hw5_ws/src/install/turtle_run:/home/vboxuser/hw5_ws/src/install/turtle_mover:/home/vboxuser/hw5_ws/src/install/turtle_joy:/home/vboxuser/hw5_ws/src/install/actions_py:/opt/ros/humble /usr/bin/cmake --build /home/vboxuser/hw5_ws/build/my_interfaces -- -j6 -l6
[3.891s] INFO:colcon.colcon_core.task.python.build:Building Python package in '/home/vboxuser/hw5_ws/src/actions_py'
[3.934s] INFO:colcon.colcon_core.shell:Skip shell extension 'powershell' for command environment: Not usable outside of PowerShell
[3.934s] DEBUG:colcon.colcon_core.shell:Skip shell extension 'dsv' for command environment
[4.584s] INFO:colcon.colcon_core.task.python.build:Building Python package in '/home/vboxuser/hw5_ws/src/turtle_joy'
[4.607s] INFO:colcon.colcon_core.shell:Skip shell extension 'powershell' for command environment: Not usable outside of PowerShell
[4.607s] DEBUG:colcon.colcon_core.shell:Skip shell extension 'dsv' for command environment
[5.258s] INFO:colcon.colcon_core.task.python.build:Building Python package in '/home/vboxuser/hw5_ws/src/turtle_mover'
[5.284s] INFO:colcon.colcon_core.shell:Skip shell extension 'powershell' for command environment: Not usable outside of PowerShell
[5.284s] DEBUG:colcon.colcon_core.shell:Skip shell extension 'dsv' for command environment
[5.405s] DEBUG:colcon.colcon_core.event_handler.log_command:Invoked command in '/home/vboxuser/hw5_ws/build/my_interfaces' returned '0': CMAKE_PREFIX_PATH=${CMAKE_PREFIX_PATH}:/home/vboxuser/hw5_ws/install/turtle_run:/home/vboxuser/hw5_ws/install/turtle_mover:/home/vboxuser/hw5_ws/install/turtle_joy:/home/vboxuser/hw5_ws/install/actions_py:/home/vboxuser/hw5_ws/src/install/turtle_run:/home/vboxuser/hw5_ws/src/install/turtle_mover:/home/vboxuser/hw5_ws/src/install/turtle_joy:/home/vboxuser/hw5_ws/src/install/actions_py:/opt/ros/humble /usr/bin/cmake --build /home/vboxuser/hw5_ws/build/my_interfaces -- -j6 -l6
[5.983s] DEBUG:colcon.colcon_core.event_handler.log_command:Invoking command in '/home/vboxuser/hw5_ws/build/my_interfaces': CMAKE_PREFIX_PATH=${CMAKE_PREFIX_PATH}:/home/vboxuser/hw5_ws/install/turtle_run:/home/vboxuser/hw5_ws/install/turtle_mover:/home/vboxuser/hw5_ws/install/turtle_joy:/home/vboxuser/hw5_ws/install/actions_py:/home/vboxuser/hw5_ws/src/install/turtle_run:/home/vboxuser/hw5_ws/src/install/turtle_mover:/home/vboxuser/hw5_ws/src/install/turtle_joy:/home/vboxuser/hw5_ws/src/install/actions_py:/opt/ros/humble /usr/bin/cmake --install /home/vboxuser/hw5_ws/build/my_interfaces
[6.215s] Level 1:colcon.colcon_core.environment:create_environment_scripts_only(my_interfaces)
[6.215s] DEBUG:colcon.colcon_core.event_handler.log_command:Invoking command in '/home/vboxuser/hw5_ws/src/actions_py': PYTHONPATH=/home/vboxuser/hw5_ws/build/actions_py/prefix_override:/home/vboxuser/hw5_ws/install/actions_py/lib/python3.10/site-packages:${PYTHONPATH} /usr/bin/python3 setup.py egg_info --egg-base ../../build/actions_py build --build-base /home/vboxuser/hw5_ws/build/actions_py/build install --record /home/vboxuser/hw5_ws/build/actions_py/install.log --single-version-externally-managed
[6.218s] DEBUG:colcon.colcon_core.event_handler.log_command:Invoked command in '/home/vboxuser/hw5_ws/build/my_interfaces' returned '0': CMAKE_PREFIX_PATH=${CMAKE_PREFIX_PATH}:/home/vboxuser/hw5_ws/install/turtle_run:/home/vboxuser/hw5_ws/install/turtle_mover:/home/vboxuser/hw5_ws/install/turtle_joy:/home/vboxuser/hw5_ws/install/actions_py:/home/vboxuser/hw5_ws/src/install/turtle_run:/home/vboxuser/hw5_ws/src/install/turtle_mover:/home/vboxuser/hw5_ws/src/install/turtle_joy:/home/vboxuser/hw5_ws/src/install/actions_py:/opt/ros/humble /usr/bin/cmake --install /home/vboxuser/hw5_ws/build/my_interfaces
[6.279s] Level 1:colcon.colcon_core.environment:checking '/home/vboxuser/hw5_ws/install/my_interfaces' for CMake module files
[6.280s] Level 1:colcon.colcon_core.environment:checking '/home/vboxuser/hw5_ws/install/my_interfaces' for CMake config files
[6.281s] Level 1:colcon.colcon_core.shell:create_environment_hook('my_interfaces', 'cmake_prefix_path')
[6.320s] INFO:colcon.colcon_core.shell:Creating environment hook '/home/vboxuser/hw5_ws/install/my_interfaces/share/my_interfaces/hook/cmake_prefix_path.ps1'
[6.321s] INFO:colcon.colcon_core.shell:Creating environment descriptor '/home/vboxuser/hw5_ws/install/my_interfaces/share/my_interfaces/hook/cmake_prefix_path.dsv'
[6.326s] INFO:colcon.colcon_core.shell:Creating environment hook '/home/vboxuser/hw5_ws/install/my_interfaces/share/my_interfaces/hook/cmake_prefix_path.sh'
[6.328s] Level 1:colcon.colcon_core.environment:checking '/home/vboxuser/hw5_ws/install/my_interfaces/lib'
[6.328s] Level 1:colcon.colcon_core.shell:create_environment_hook('my_interfaces', 'ld_library_path_lib')
[6.357s] INFO:colcon.colcon_core.shell:Creating environment hook '/home/vboxuser/hw5_ws/install/my_interfaces/share/my_interfaces/hook/ld_library_path_lib.ps1'
[6.373s] INFO:colcon.colcon_core.shell:Creating environment descriptor '/home/vboxuser/hw5_ws/install/my_interfaces/share/my_interfaces/hook/ld_library_path_lib.dsv'
[6.375s] INFO:colcon.colcon_core.shell:Creating environment hook '/home/vboxuser/hw5_ws/install/my_interfaces/share/my_interfaces/hook/ld_library_path_lib.sh'
[6.376s] Level 1:colcon.colcon_core.environment:checking '/home/vboxuser/hw5_ws/install/my_interfaces/bin'
[6.376s] Level 1:colcon.colcon_core.environment:checking '/home/vboxuser/hw5_ws/install/my_interfaces/lib/pkgconfig/my_interfaces.pc'
[6.376s] Level 1:colcon.colcon_core.environment:checking '/home/vboxuser/hw5_ws/install/my_interfaces/lib/python3.10/site-packages'
[6.376s] Level 1:colcon.colcon_core.environment:checking '/home/vboxuser/hw5_ws/install/my_interfaces/bin'
[6.407s] INFO:colcon.colcon_core.shell:Creating package script '/home/vboxuser/hw5_ws/install/my_interfaces/share/my_interfaces/package.ps1'
[6.408s] INFO:colcon.colcon_core.shell:Creating package descriptor '/home/vboxuser/hw5_ws/install/my_interfaces/share/my_interfaces/package.dsv'
[6.409s] INFO:colcon.colcon_core.shell:Creating package script '/home/vboxuser/hw5_ws/install/my_interfaces/share/my_interfaces/package.sh'
[6.410s] INFO:colcon.colcon_core.shell:Creating package script '/home/vboxuser/hw5_ws/install/my_interfaces/share/my_interfaces/package.bash'
[6.414s] INFO:colcon.colcon_core.shell:Creating package script '/home/vboxuser/hw5_ws/install/my_interfaces/share/my_interfaces/package.zsh'
[6.417s] Level 1:colcon.colcon_core.environment:create_file_with_runtime_dependencies(/home/vboxuser/hw5_ws/install/my_interfaces/share/colcon-core/packages/my_interfaces)
[6.435s] DEBUG:colcon.colcon_core.event_handler.log_command:Invoking command in '/home/vboxuser/hw5_ws/src/turtle_joy': PYTHONPATH=/home/vboxuser/hw5_ws/build/turtle_joy/prefix_override:/home/vboxuser/hw5_ws/install/turtle_joy/lib/python3.10/site-packages:${PYTHONPATH} /usr/bin/python3 setup.py egg_info --egg-base ../../build/turtle_joy build --build-base /home/vboxuser/hw5_ws/build/turtle_joy/build install --record /home/vboxuser/hw5_ws/build/turtle_joy/install.log --single-version-externally-managed
[6.445s] DEBUG:colcon.colcon_core.event_handler.log_command:Invoking command in '/home/vboxuser/hw5_ws/src/turtle_mover': PYTHONPATH=/home/vboxuser/hw5_ws/build/turtle_mover/prefix_override:/home/vboxuser/hw5_ws/install/turtle_mover/lib/python3.10/site-packages:${PYTHONPATH} /usr/bin/python3 setup.py egg_info --egg-base ../../build/turtle_mover build --build-base /home/vboxuser/hw5_ws/build/turtle_mover/build install --record /home/vboxuser/hw5_ws/build/turtle_mover/install.log --single-version-externally-managed
[7.215s] Level 1:colcon.colcon_core.environment:create_environment_scripts_only(my_interfaces)
[7.253s] Level 1:colcon.colcon_core.environment:checking '/home/vboxuser/hw5_ws/install/my_interfaces' for CMake module files
[7.254s] Level 1:colcon.colcon_core.environment:checking '/home/vboxuser/hw5_ws/install/my_interfaces' for CMake config files
[7.254s] Level 1:colcon.colcon_core.shell:create_environment_hook('my_interfaces', 'cmake_prefix_path')
[7.308s] INFO:colcon.colcon_core.shell:Creating environment hook '/home/vboxuser/hw5_ws/install/my_interfaces/share/my_interfaces/hook/cmake_prefix_path.ps1'
[7.312s] INFO:colcon.colcon_core.shell:Creating environment descriptor '/home/vboxuser/hw5_ws/install/my_interfaces/share/my_interfaces/hook/cmake_prefix_path.dsv'
[7.314s] INFO:colcon.colcon_core.shell:Creating environment hook '/home/vboxuser/hw5_ws/install/my_interfaces/share/my_interfaces/hook/cmake_prefix_path.sh'
[7.315s] Level 1:colcon.colcon_core.environment:checking '/home/vboxuser/hw5_ws/install/my_interfaces/lib'
[7.315s] Level 1:colcon.colcon_core.shell:create_environment_hook('my_interfaces', 'ld_library_path_lib')
[7.346s] INFO:colcon.colcon_core.shell:Creating environment hook '/home/vboxuser/hw5_ws/install/my_interfaces/share/my_interfaces/hook/ld_library_path_lib.ps1'
[7.354s] INFO:colcon.colcon_core.shell:Creating environment descriptor '/home/vboxuser/hw5_ws/install/my_interfaces/share/my_interfaces/hook/ld_library_path_lib.dsv'
[7.362s] INFO:colcon.colcon_core.shell:Creating environment hook '/home/vboxuser/hw5_ws/install/my_interfaces/share/my_interfaces/hook/ld_library_path_lib.sh'
[7.372s] Level 1:colcon.colcon_core.environment:checking '/home/vboxuser/hw5_ws/install/my_interfaces/bin'
[7.372s] Level 1:colcon.colcon_core.environment:checking '/home/vboxuser/hw5_ws/install/my_interfaces/lib/pkgconfig/my_interfaces.pc'
[7.373s] Level 1:colcon.colcon_core.environment:checking '/home/vboxuser/hw5_ws/install/my_interfaces/lib/python3.10/site-packages'
[7.374s] Level 1:colcon.colcon_core.environment:checking '/home/vboxuser/hw5_ws/install/my_interfaces/bin'
[7.405s] INFO:colcon.colcon_core.shell:Creating package script '/home/vboxuser/hw5_ws/install/my_interfaces/share/my_interfaces/package.ps1'
[7.406s] INFO:colcon.colcon_core.shell:Creating package descriptor '/home/vboxuser/hw5_ws/install/my_interfaces/share/my_interfaces/package.dsv'
[7.406s] INFO:colcon.colcon_core.shell:Creating package script '/home/vboxuser/hw5_ws/install/my_interfaces/share/my_interfaces/package.sh'
[7.407s] INFO:colcon.colcon_core.shell:Creating package script '/home/vboxuser/hw5_ws/install/my_interfaces/share/my_interfaces/package.bash'
[7.407s] INFO:colcon.colcon_core.shell:Creating package script '/home/vboxuser/hw5_ws/install/my_interfaces/share/my_interfaces/package.zsh'
[7.408s] Level 1:colcon.colcon_core.environment:create_file_with_runtime_dependencies(/home/vboxuser/hw5_ws/install/my_interfaces/share/colcon-core/packages/my_interfaces)
[7.409s] INFO:colcon.colcon_ros.task.ament_python.build:Building ROS package in '/home/vboxuser/hw5_ws/src/turtle_run' with build type 'ament_python'
[7.410s] Level 1:colcon.colcon_core.shell:create_environment_hook('turtle_run', 'ament_prefix_path')
[7.450s] INFO:colcon.colcon_core.shell:Creating environment hook '/home/vboxuser/hw5_ws/install/turtle_run/share/turtle_run/hook/ament_prefix_path.ps1'
[7.450s] INFO:colcon.colcon_core.shell:Creating environment descriptor '/home/vboxuser/hw5_ws/install/turtle_run/share/turtle_run/hook/ament_prefix_path.dsv'
[7.453s] INFO:colcon.colcon_core.shell:Creating environment hook '/home/vboxuser/hw5_ws/install/turtle_run/share/turtle_run/hook/ament_prefix_path.sh'
[7.480s] INFO:colcon.colcon_core.shell:Skip shell extension 'powershell' for command environment: Not usable outside of PowerShell
[7.480s] DEBUG:colcon.colcon_core.shell:Skip shell extension 'dsv' for command environment
[7.608s] DEBUG:colcon.colcon_core.event_handler.log_command:Invoked command in '/home/vboxuser/hw5_ws/src/turtle_mover' returned '0': PYTHONPATH=/home/vboxuser/hw5_ws/build/turtle_mover/prefix_override:/home/vboxuser/hw5_ws/install/turtle_mover/lib/python3.10/site-packages:${PYTHONPATH} /usr/bin/python3 setup.py egg_info --egg-base ../../build/turtle_mover build --build-base /home/vboxuser/hw5_ws/build/turtle_mover/build install --record /home/vboxuser/hw5_ws/build/turtle_mover/install.log --single-version-externally-managed
[7.650s] Level 1:colcon.colcon_core.environment:checking '/home/vboxuser/hw5_ws/install/turtle_mover' for CMake module files
[7.651s] Level 1:colcon.colcon_core.environment:checking '/home/vboxuser/hw5_ws/install/turtle_mover' for CMake config files
[7.652s] Level 1:colcon.colcon_core.environment:checking '/home/vboxuser/hw5_ws/install/turtle_mover/lib'
[7.652s] Level 1:colcon.colcon_core.environment:checking '/home/vboxuser/hw5_ws/install/turtle_mover/bin'
[7.652s] Level 1:colcon.colcon_core.environment:checking '/home/vboxuser/hw5_ws/install/turtle_mover/lib/pkgconfig/turtle_mover.pc'
[7.653s] Level 1:colcon.colcon_core.environment:checking '/home/vboxuser/hw5_ws/install/turtle_mover/lib/python3.10/site-packages'
[7.653s] Level 1:colcon.colcon_core.shell:create_environment_hook('turtle_mover', 'pythonpath')
[7.684s] INFO:colcon.colcon_core.shell:Creating environment hook '/home/vboxuser/hw5_ws/install/turtle_mover/share/turtle_mover/hook/pythonpath.ps1'
[7.685s] INFO:colcon.colcon_core.shell:Creating environment descriptor '/home/vboxuser/hw5_ws/install/turtle_mover/share/turtle_mover/hook/pythonpath.dsv'
[7.685s] INFO:colcon.colcon_core.shell:Creating environment hook '/home/vboxuser/hw5_ws/install/turtle_mover/share/turtle_mover/hook/pythonpath.sh'
[7.697s] Level 1:colcon.colcon_core.environment:checking '/home/vboxuser/hw5_ws/install/turtle_mover/bin'
[7.697s] Level 1:colcon.colcon_core.environment:create_environment_scripts_only(turtle_mover)
[7.727s] INFO:colcon.colcon_core.shell:Creating package script '/home/vboxuser/hw5_ws/install/turtle_mover/share/turtle_mover/package.ps1'
[7.727s] INFO:colcon.colcon_core.shell:Creating package descriptor '/home/vboxuser/hw5_ws/install/turtle_mover/share/turtle_mover/package.dsv'
[7.728s] INFO:colcon.colcon_core.shell:Creating package script '/home/vboxuser/hw5_ws/install/turtle_mover/share/turtle_mover/package.sh'
[7.729s] INFO:colcon.colcon_core.shell:Creating package script '/home/vboxuser/hw5_ws/install/turtle_mover/share/turtle_mover/package.bash'
[7.729s] INFO:colcon.colcon_core.shell:Creating package script '/home/vboxuser/hw5_ws/install/turtle_mover/share/turtle_mover/package.zsh'
[7.730s] Level 1:colcon.colcon_core.environment:create_file_with_runtime_dependencies(/home/vboxuser/hw5_ws/install/turtle_mover/share/colcon-core/packages/turtle_mover)
[7.734s] DEBUG:colcon.colcon_core.event_handler.log_command:Invoked command in '/home/vboxuser/hw5_ws/src/actions_py' returned '0': PYTHONPATH=/home/vboxuser/hw5_ws/build/actions_py/prefix_override:/home/vboxuser/hw5_ws/install/actions_py/lib/python3.10/site-packages:${PYTHONPATH} /usr/bin/python3 setup.py egg_info --egg-base ../../build/actions_py build --build-base /home/vboxuser/hw5_ws/build/actions_py/build install --record /home/vboxuser/hw5_ws/build/actions_py/install.log --single-version-externally-managed
[7.756s] Level 1:colcon.colcon_core.environment:checking '/home/vboxuser/hw5_ws/install/actions_py' for CMake module files
[7.756s] Level 1:colcon.colcon_core.environment:checking '/home/vboxuser/hw5_ws/install/actions_py' for CMake config files
[7.757s] Level 1:colcon.colcon_core.environment:checking '/home/vboxuser/hw5_ws/install/actions_py/lib'
[7.757s] Level 1:colcon.colcon_core.environment:checking '/home/vboxuser/hw5_ws/install/actions_py/bin'
[7.757s] Level 1:colcon.colcon_core.environment:checking '/home/vboxuser/hw5_ws/install/actions_py/lib/pkgconfig/actions_py.pc'
[7.758s] Level 1:colcon.colcon_core.environment:checking '/home/vboxuser/hw5_ws/install/actions_py/lib/python3.10/site-packages'
[7.758s] Level 1:colcon.colcon_core.shell:create_environment_hook('actions_py', 'pythonpath')
[7.781s] INFO:colcon.colcon_core.shell:Creating environment hook '/home/vboxuser/hw5_ws/install/actions_py/share/actions_py/hook/pythonpath.ps1'
[7.781s] INFO:colcon.colcon_core.shell:Creating environment descriptor '/home/vboxuser/hw5_ws/install/actions_py/share/actions_py/hook/pythonpath.dsv'
[7.782s] INFO:colcon.colcon_core.shell:Creating environment hook '/home/vboxuser/hw5_ws/install/actions_py/share/actions_py/hook/pythonpath.sh'
[7.782s] Level 1:colcon.colcon_core.environment:checking '/home/vboxuser/hw5_ws/install/actions_py/bin'
[7.782s] Level 1:colcon.colcon_core.environment:create_environment_scripts_only(actions_py)
[7.806s] INFO:colcon.colcon_core.shell:Creating package script '/home/vboxuser/hw5_ws/install/actions_py/share/actions_py/package.ps1'
[7.807s] INFO:colcon.colcon_core.shell:Creating package descriptor '/home/vboxuser/hw5_ws/install/actions_py/share/actions_py/package.dsv'
[7.808s] INFO:colcon.colcon_core.shell:Creating package script '/home/vboxuser/hw5_ws/install/actions_py/share/actions_py/package.sh'
[7.808s] INFO:colcon.colcon_core.shell:Creating package script '/home/vboxuser/hw5_ws/install/actions_py/share/actions_py/package.bash'
[7.809s] INFO:colcon.colcon_core.shell:Creating package script '/home/vboxuser/hw5_ws/install/actions_py/share/actions_py/package.zsh'
[7.809s] Level 1:colcon.colcon_core.environment:create_file_with_runtime_dependencies(/home/vboxuser/hw5_ws/install/actions_py/share/colcon-core/packages/actions_py)
[7.813s] DEBUG:colcon.colcon_core.event_handler.log_command:Invoked command in '/home/vboxuser/hw5_ws/src/turtle_joy' returned '0': PYTHONPATH=/home/vboxuser/hw5_ws/build/turtle_joy/prefix_override:/home/vboxuser/hw5_ws/install/turtle_joy/lib/python3.10/site-packages:${PYTHONPATH} /usr/bin/python3 setup.py egg_info --egg-base ../../build/turtle_joy build --build-base /home/vboxuser/hw5_ws/build/turtle_joy/build install --record /home/vboxuser/hw5_ws/build/turtle_joy/install.log --single-version-externally-managed
[7.833s] Level 1:colcon.colcon_core.environment:checking '/home/vboxuser/hw5_ws/install/turtle_joy' for CMake module files
[7.834s] Level 1:colcon.colcon_core.environment:checking '/home/vboxuser/hw5_ws/install/turtle_joy' for CMake config files
[7.834s] Level 1:colcon.colcon_core.environment:checking '/home/vboxuser/hw5_ws/install/turtle_joy/lib'
[7.835s] Level 1:colcon.colcon_core.environment:checking '/home/vboxuser/hw5_ws/install/turtle_joy/bin'
[7.835s] Level 1:colcon.colcon_core.environment:checking '/home/vboxuser/hw5_ws/install/turtle_joy/lib/pkgconfig/turtle_joy.pc'
[7.835s] Level 1:colcon.colcon_core.environment:checking '/home/vboxuser/hw5_ws/install/turtle_joy/lib/python3.10/site-packages'
[7.835s] Level 1:colcon.colcon_core.shell:create_environment_hook('turtle_joy', 'pythonpath')
[7.857s] INFO:colcon.colcon_core.shell:Creating environment hook '/home/vboxuser/hw5_ws/install/turtle_joy/share/turtle_joy/hook/pythonpath.ps1'
[7.857s] INFO:colcon.colcon_core.shell:Creating environment descriptor '/home/vboxuser/hw5_ws/install/turtle_joy/share/turtle_joy/hook/pythonpath.dsv'
[7.858s] INFO:colcon.colcon_core.shell:Creating environment hook '/home/vboxuser/hw5_ws/install/turtle_joy/share/turtle_joy/hook/pythonpath.sh'
[7.858s] Level 1:colcon.colcon_core.environment:checking '/home/vboxuser/hw5_ws/install/turtle_joy/bin'
[7.859s] Level 1:colcon.colcon_core.environment:create_environment_scripts_only(turtle_joy)
[7.882s] INFO:colcon.colcon_core.shell:Creating package script '/home/vboxuser/hw5_ws/install/turtle_joy/share/turtle_joy/package.ps1'
[7.883s] INFO:colcon.colcon_core.shell:Creating package descriptor '/home/vboxuser/hw5_ws/install/turtle_joy/share/turtle_joy/package.dsv'
[7.883s] INFO:colcon.colcon_core.shell:Creating package script '/home/vboxuser/hw5_ws/install/turtle_joy/share/turtle_joy/package.sh'
[7.884s] INFO:colcon.colcon_core.shell:Creating package script '/home/vboxuser/hw5_ws/install/turtle_joy/share/turtle_joy/package.bash'
[7.884s] INFO:colcon.colcon_core.shell:Creating package script '/home/vboxuser/hw5_ws/install/turtle_joy/share/turtle_joy/package.zsh'
[7.885s] Level 1:colcon.colcon_core.environment:create_file_with_runtime_dependencies(/home/vboxuser/hw5_ws/install/turtle_joy/share/colcon-core/packages/turtle_joy)
[8.409s] INFO:colcon.colcon_core.task.python.build:Building Python package in '/home/vboxuser/hw5_ws/src/turtle_run'
[8.434s] INFO:colcon.colcon_core.shell:Skip shell extension 'powershell' for command environment: Not usable outside of PowerShell
[8.434s] DEBUG:colcon.colcon_core.shell:Skip shell extension 'dsv' for command environment
[9.139s] DEBUG:colcon.colcon_core.event_handler.log_command:Invoking command in '/home/vboxuser/hw5_ws/src/turtle_run': CMAKE_PREFIX_PATH=/home/vboxuser/hw5_ws/install/my_interfaces:/home/vboxuser/hw5_ws/install/my_robot_intrfaces:/home/vboxuser/hw5_ws/src/install/my_interfaces LD_LIBRARY_PATH=/home/vboxuser/hw5_ws/install/my_interfaces/lib:/home/vboxuser/hw5_ws/install/my_robot_intrfaces/lib:/home/vboxuser/hw5_ws/src/install/my_interfaces/lib:/opt/ros/humble/opt/rviz_ogre_vendor/lib:/opt/ros/humble/lib/x86_64-linux-gnu:/opt/ros/humble/lib PYTHONPATH=/home/vboxuser/hw5_ws/build/turtle_run/prefix_override:/home/vboxuser/hw5_ws/install/turtle_run/lib/python3.10/site-packages:${PYTHONPATH} /usr/bin/python3 setup.py egg_info --egg-base ../../build/turtle_run build --build-base /home/vboxuser/hw5_ws/build/turtle_run/build install --record /home/vboxuser/hw5_ws/build/turtle_run/install.log --single-version-externally-managed
[9.688s] DEBUG:colcon.colcon_core.event_handler.log_command:Invoked command in '/home/vboxuser/hw5_ws/src/turtle_run' returned '0': CMAKE_PREFIX_PATH=/home/vboxuser/hw5_ws/install/my_interfaces:/home/vboxuser/hw5_ws/install/my_robot_intrfaces:/home/vboxuser/hw5_ws/src/install/my_interfaces LD_LIBRARY_PATH=/home/vboxuser/hw5_ws/install/my_interfaces/lib:/home/vboxuser/hw5_ws/install/my_robot_intrfaces/lib:/home/vboxuser/hw5_ws/src/install/my_interfaces/lib:/opt/ros/humble/opt/rviz_ogre_vendor/lib:/opt/ros/humble/lib/x86_64-linux-gnu:/opt/ros/humble/lib PYTHONPATH=/home/vboxuser/hw5_ws/build/turtle_run/prefix_override:/home/vboxuser/hw5_ws/install/turtle_run/lib/python3.10/site-packages:${PYTHONPATH} /usr/bin/python3 setup.py egg_info --egg-base ../../build/turtle_run build --build-base /home/vboxuser/hw5_ws/build/turtle_run/build install --record /home/vboxuser/hw5_ws/build/turtle_run/install.log --single-version-externally-managed
[9.714s] Level 1:colcon.colcon_core.environment:checking '/home/vboxuser/hw5_ws/install/turtle_run' for CMake module files
[9.715s] Level 1:colcon.colcon_core.environment:checking '/home/vboxuser/hw5_ws/install/turtle_run' for CMake config files
[9.716s] Level 1:colcon.colcon_core.environment:checking '/home/vboxuser/hw5_ws/install/turtle_run/lib'
[9.716s] Level 1:colcon.colcon_core.environment:checking '/home/vboxuser/hw5_ws/install/turtle_run/bin'
[9.716s] Level 1:colcon.colcon_core.environment:checking '/home/vboxuser/hw5_ws/install/turtle_run/lib/pkgconfig/turtle_run.pc'
[9.717s] Level 1:colcon.colcon_core.environment:checking '/home/vboxuser/hw5_ws/install/turtle_run/lib/python3.10/site-packages'
[9.717s] Level 1:colcon.colcon_core.shell:create_environment_hook('turtle_run', 'pythonpath')
[9.740s] INFO:colcon.colcon_core.shell:Creating environment hook '/home/vboxuser/hw5_ws/install/turtle_run/share/turtle_run/hook/pythonpath.ps1'
[9.741s] INFO:colcon.colcon_core.shell:Creating environment descriptor '/home/vboxuser/hw5_ws/install/turtle_run/share/turtle_run/hook/pythonpath.dsv'
[9.742s] INFO:colcon.colcon_core.shell:Creating environment hook '/home/vboxuser/hw5_ws/install/turtle_run/share/turtle_run/hook/pythonpath.sh'
[9.743s] Level 1:colcon.colcon_core.environment:checking '/home/vboxuser/hw5_ws/install/turtle_run/bin'
[9.743s] Level 1:colcon.colcon_core.environment:create_environment_scripts_only(turtle_run)
[9.766s] INFO:colcon.colcon_core.shell:Creating package script '/home/vboxuser/hw5_ws/install/turtle_run/share/turtle_run/package.ps1'
[9.767s] INFO:colcon.colcon_core.shell:Creating package descriptor '/home/vboxuser/hw5_ws/install/turtle_run/share/turtle_run/package.dsv'
[9.768s] INFO:colcon.colcon_core.shell:Creating package script '/home/vboxuser/hw5_ws/install/turtle_run/share/turtle_run/package.sh'
[9.769s] INFO:colcon.colcon_core.shell:Creating package script '/home/vboxuser/hw5_ws/install/turtle_run/share/turtle_run/package.bash'
[9.770s] INFO:colcon.colcon_core.shell:Creating package script '/home/vboxuser/hw5_ws/install/turtle_run/share/turtle_run/package.zsh'
[9.770s] Level 1:colcon.colcon_core.environment:create_file_with_runtime_dependencies(/home/vboxuser/hw5_ws/install/turtle_run/share/colcon-core/packages/turtle_run)
[9.771s] DEBUG:colcon.colcon_parallel_executor.executor.parallel:closing loop
[9.772s] DEBUG:colcon.colcon_parallel_executor.executor.parallel:loop closed
[9.772s] DEBUG:colcon.colcon_parallel_executor.executor.parallel:run_until_complete finished with '0'
[9.772s] DEBUG:colcon.colcon_core.event_reactor:joining thread
[9.811s] INFO:colcon.colcon_core.plugin_system:Skipping extension 'colcon_notification.desktop_notification.terminal_notifier': Not used on non-Darwin systems
[9.811s] INFO:colcon.colcon_core.plugin_system:Skipping extension 'colcon_notification.desktop_notification.win32': Not used on non-Windows systems
[9.812s] INFO:colcon.colcon_notification.desktop_notification:Sending desktop notification using 'notify2'
[9.828s] DEBUG:colcon.colcon_core.event_reactor:joined thread
[9.851s] INFO:colcon.colcon_core.shell:Creating prefix script '/home/vboxuser/hw5_ws/install/local_setup.ps1'
[9.853s] INFO:colcon.colcon_core.shell:Creating prefix util module '/home/vboxuser/hw5_ws/install/_local_setup_util_ps1.py'
[9.856s] INFO:colcon.colcon_core.shell:Creating prefix chain script '/home/vboxuser/hw5_ws/install/setup.ps1'
[9.881s] INFO:colcon.colcon_core.shell:Creating prefix script '/home/vboxuser/hw5_ws/install/local_setup.sh'
[9.882s] INFO:colcon.colcon_core.shell:Creating prefix util module '/home/vboxuser/hw5_ws/install/_local_setup_util_sh.py'
[9.883s] INFO:colcon.colcon_core.shell:Creating prefix chain script '/home/vboxuser/hw5_ws/install/setup.sh'
[9.916s] INFO:colcon.colcon_core.shell:Creating prefix script '/home/vboxuser/hw5_ws/install/local_setup.bash'
[9.916s] INFO:colcon.colcon_core.shell:Creating prefix chain script '/home/vboxuser/hw5_ws/install/setup.bash'
[9.941s] INFO:colcon.colcon_core.shell:Creating prefix script '/home/vboxuser/hw5_ws/install/local_setup.zsh'
[9.942s] INFO:colcon.colcon_core.shell:Creating prefix chain script '/home/vboxuser/hw5_ws/install/setup.zsh'
