[0.094s] Invoking command in '/home/vboxuser/ros2_ws/build/my_robot_interfaces': CMAKE_PREFIX_PATH=/opt/ros/humble /usr/bin/cmake --build /home/vboxuser/ros2_ws/build/my_robot_interfaces -- -j6 -l6
[0.128s] -- Found ament_cmake: 1.3.6 (/opt/ros/humble/share/ament_cmake/cmake)
[0.373s] -- Found rosidl_default_generators: 1.2.0 (/opt/ros/humble/share/rosidl_default_generators/cmake)
[0.376s] -- Using all available rosidl_typesupport_c: rosidl_typesupport_fastrtps_c;rosidl_typesupport_introspection_c
[0.380s] -- Found rosidl_adapter: 3.1.5 (/opt/ros/humble/share/rosidl_adapter/cmake)
[0.432s] -- Using all available rosidl_typesupport_cpp: rosidl_typesupport_fastrtps_cpp;rosidl_typesupport_introspection_cpp
[0.764s] [31mCMake Error at /opt/ros/humble/share/rosidl_adapter/cmake/rosidl_adapt_interfaces.cmake:59 (message):
[0.765s]   execute_process(/usr/bin/python3.10 -m rosidl_adapter --package-name
[0.765s]   my_robot_interfaces --arguments-file
[0.765s]   /home/vboxuser/ros2_ws/build/my_robot_interfaces/rosidl_adapter__arguments__my_robot_interfaces.json
[0.765s]   --output-dir
[0.765s]   /home/vboxuser/ros2_ws/build/my_robot_interfaces/rosidl_adapter/my_robot_interfaces
[0.765s]   --output-file
[0.765s]   /home/vboxuser/ros2_ws/build/my_robot_interfaces/rosidl_adapter/my_robot_interfaces.idls)
[0.765s]   returned error code 1:
[0.765s] 
[0.765s]   Error processing 'int a' of 'my_robot_interfaces/Calculator': ''int' is an
[0.765s]   invalid message name.  It should have the pattern '^[A-Z][A-Za-z0-9]*$''
[0.766s] 
[0.766s]   Traceback (most recent call last):
[0.766s] 
[0.766s]     File "/usr/lib/python3.10/runpy.py", line 196, in _run_module_as_main
[0.766s]       return _run_code(code, main_globals, None,
[0.767s]     File "/usr/lib/python3.10/runpy.py", line 86, in _run_code
[0.767s]       exec(code, run_globals)
[0.767s]     File "/opt/ros/humble/local/lib/python3.10/dist-packages/rosidl_adapter/__main__.py", line 19, in <module>
[0.767s]       sys.exit(main())
[0.767s]     File "/opt/ros/humble/local/lib/python3.10/dist-packages/rosidl_adapter/main.py", line 53, in main
[0.767s]       abs_idl_file = convert_to_idl(
[0.767s]     File "/opt/ros/humble/local/lib/python3.10/dist-packages/rosidl_adapter/__init__.py", line 19, in convert_to_idl
[0.767s]       return convert_msg_to_idl(
[0.767s]     File "/opt/ros/humble/local/lib/python3.10/dist-packages/rosidl_adapter/msg/__init__.py", line 28, in convert_msg_to_idl
[0.767s]       msg = parse_message_string(package_name, input_file.stem, content)
[0.767s]     File "/opt/ros/humble/local/lib/python3.10/dist-packages/rosidl_adapter/parser.py", line 520, in parse_message_string
[0.767s]       Type(type_string, context_package_name=pkg_name),
[0.768s]     File "/opt/ros/humble/local/lib/python3.10/dist-packages/rosidl_adapter/parser.py", line 277, in __init__
[0.768s]       super(Type, self).__init__(
[0.768s]     File "/opt/ros/humble/local/lib/python3.10/dist-packages/rosidl_adapter/parser.py", line 205, in __init__
[0.768s]       raise InvalidResourceName(
[0.768s] 
[0.768s]   rosidl_adapter.parser.InvalidResourceName: 'int' is an invalid message
[0.768s]   name.  It should have the pattern '^[A-Z][A-Za-z0-9]*$'
[0.768s] 
[0.768s] Call Stack (most recent call first):
[0.768s]   /opt/ros/humble/share/rosidl_cmake/cmake/rosidl_generate_interfaces.cmake:130 (rosidl_adapt_interfaces)
[0.769s]   CMakeLists.txt:14 (rosidl_generate_interfaces)
[0.769s] 
[0.769s] [0m
[0.769s] -- Configuring incomplete, errors occurred!
[0.769s] See also "/home/vboxuser/ros2_ws/build/my_robot_interfaces/CMakeFiles/CMakeOutput.log".
[0.774s] gmake: *** [Makefile:747: cmake_check_build_system] Error 1
[0.776s] Invoked command in '/home/vboxuser/ros2_ws/build/my_robot_interfaces' returned '2': CMAKE_PREFIX_PATH=/opt/ros/humble /usr/bin/cmake --build /home/vboxuser/ros2_ws/build/my_robot_interfaces -- -j6 -l6
