[0.479s] Invoking command in '/home/vboxuser/hw5_ws/src/build/my_interfaces': CMAKE_PREFIX_PATH=${CMAKE_PREFIX_PATH}:/home/vboxuser/hw5_ws/install/turtle_run:/home/vboxuser/hw5_ws/install/turtle_mover:/home/vboxuser/hw5_ws/install/turtle_joy:/home/vboxuser/hw5_ws/install/actions_py:/opt/ros/humble /usr/bin/cmake --build /home/vboxuser/hw5_ws/src/build/my_interfaces -- -j6 -l6
[1.529s] -- Found ament_cmake: 1.3.6 (/opt/ros/humble/share/ament_cmake/cmake)
[1.529s] -- Found rosidl_default_generators: 1.2.0 (/opt/ros/humble/share/rosidl_default_generators/cmake)
[1.530s] -- Using all available rosidl_typesupport_c: rosidl_typesupport_fastrtps_c;rosidl_typesupport_introspection_c
[1.530s] -- Found rosidl_adapter: 3.1.5 (/opt/ros/humble/share/rosidl_adapter/cmake)
[1.530s] -- Using all available rosidl_typesupport_cpp: rosidl_typesupport_fastrtps_cpp;rosidl_typesupport_introspection_cpp
[1.530s] -- Configuring incomplete, errors occurred!
[1.530s] See also "/home/vboxuser/hw5_ws/src/build/my_interfaces/CMakeFiles/CMakeOutput.log".
[1.531s] [33mCMake Warning (dev) at CMakeLists.txt:14:
[1.531s]   Syntax Warning in cmake code at column 29
[1.531s] 
[1.532s]   Argument not separated from preceding token by whitespace.
[1.532s] This warning is for project developers.  Use -Wno-dev to suppress it.
[1.532s] [0m
[1.532s] [31mCMake Error at /opt/ros/humble/share/rosidl_cmake/cmake/rosidl_generate_interfaces.cmake:93 (message):
[1.532s]   rosidl_generate_interfaces() the passed file ',' doesn't exist relative to
[1.532s]   the CMAKE_CURRENT_SOURCE_DIR '/home/vboxuser/hw5_ws/src/my_interfaces'
[1.532s] Call Stack (most recent call first):
[1.532s]   CMakeLists.txt:13 (rosidl_generate_interfaces)
[1.532s] 
[1.532s] [0m
[1.532s] gmake: *** [Makefile:747: cmake_check_build_system] Error 1
[2.058s] Invoked command in '/home/vboxuser/hw5_ws/src/build/my_interfaces' returned '2': CMAKE_PREFIX_PATH=${CMAKE_PREFIX_PATH}:/home/vboxuser/hw5_ws/install/turtle_run:/home/vboxuser/hw5_ws/install/turtle_mover:/home/vboxuser/hw5_ws/install/turtle_joy:/home/vboxuser/hw5_ws/install/actions_py:/opt/ros/humble /usr/bin/cmake --build /home/vboxuser/hw5_ws/src/build/my_interfaces -- -j6 -l6
