[1.631s] Invoking command in '/home/vboxuser/hw5_ws/src/turtle_joy': PYTHONPATH=/home/vboxuser/hw5_ws/build/turtle_joy/prefix_override:/home/vboxuser/hw5_ws/install/turtle_joy/lib/python3.10/site-packages:${PYTHONPATH} /usr/bin/python3 setup.py egg_info --egg-base ../../build/turtle_joy build --build-base /home/vboxuser/hw5_ws/build/turtle_joy/build install --record /home/vboxuser/hw5_ws/build/turtle_joy/install.log --single-version-externally-managed
[2.106s] running egg_info
[2.108s] writing ../../build/turtle_joy/turtle_joy.egg-info/PKG-INFO
[2.108s] writing dependency_links to ../../build/turtle_joy/turtle_joy.egg-info/dependency_links.txt
[2.109s] writing entry points to ../../build/turtle_joy/turtle_joy.egg-info/entry_points.txt
[2.109s] writing requirements to ../../build/turtle_joy/turtle_joy.egg-info/requires.txt
[2.109s] writing top-level names to ../../build/turtle_joy/turtle_joy.egg-info/top_level.txt
[2.111s] reading manifest file '../../build/turtle_joy/turtle_joy.egg-info/SOURCES.txt'
[2.119s] writing manifest file '../../build/turtle_joy/turtle_joy.egg-info/SOURCES.txt'
[2.119s] running build
[2.119s] running build_py
[2.125s] copying turtle_joy/turtle_mover.py -> /home/vboxuser/hw5_ws/build/turtle_joy/build/lib/turtle_joy
[2.125s] running install
[2.125s] running install_lib
[2.127s] copying /home/vboxuser/hw5_ws/build/turtle_joy/build/lib/turtle_joy/turtle_mover.py -> /home/vboxuser/hw5_ws/install/turtle_joy/lib/python3.10/site-packages/turtle_joy
[2.128s] byte-compiling /home/vboxuser/hw5_ws/install/turtle_joy/lib/python3.10/site-packages/turtle_joy/turtle_mover.py to turtle_mover.cpython-310.pyc
[2.128s] running install_data
[2.129s] running install_egg_info
[2.131s] removing '/home/vboxuser/hw5_ws/install/turtle_joy/lib/python3.10/site-packages/turtle_joy-0.0.0-py3.10.egg-info' (and everything under it)
[2.131s] Copying ../../build/turtle_joy/turtle_joy.egg-info to /home/vboxuser/hw5_ws/install/turtle_joy/lib/python3.10/site-packages/turtle_joy-0.0.0-py3.10.egg-info
[2.133s] running install_scripts
[2.166s] Installing turtle_joy script to /home/vboxuser/hw5_ws/install/turtle_joy/lib/turtle_joy
[2.167s] writing list of installed files to '/home/vboxuser/hw5_ws/build/turtle_joy/install.log'
[2.206s] Invoked command in '/home/vboxuser/hw5_ws/src/turtle_joy' returned '0': PYTHONPATH=/home/vboxuser/hw5_ws/build/turtle_joy/prefix_override:/home/vboxuser/hw5_ws/install/turtle_joy/lib/python3.10/site-packages:${PYTHONPATH} /usr/bin/python3 setup.py egg_info --egg-base ../../build/turtle_joy build --build-base /home/vboxuser/hw5_ws/build/turtle_joy/build install --record /home/vboxuser/hw5_ws/build/turtle_joy/install.log --single-version-externally-managed
