[1.233s] Invoking command in '/home/vboxuser/ros2_ws/src/py_pubsub': PYTHONPATH=/home/vboxuser/ros2_ws/build/py_pubsub/prefix_override:/home/vboxuser/ros2_ws/install/py_pubsub/lib/python3.10/site-packages:${PYTHONPATH} /usr/bin/python3 setup.py egg_info --egg-base ../../build/py_pubsub build --build-base /home/vboxuser/ros2_ws/build/py_pubsub/build install --record /home/vboxuser/ros2_ws/build/py_pubsub/install.log --single-version-externally-managed
[1.639s] running egg_info
[1.640s] writing ../../build/py_pubsub/py_pubsub.egg-info/PKG-INFO
[1.641s] writing dependency_links to ../../build/py_pubsub/py_pubsub.egg-info/dependency_links.txt
[1.641s] writing entry points to ../../build/py_pubsub/py_pubsub.egg-info/entry_points.txt
[1.641s] writing requirements to ../../build/py_pubsub/py_pubsub.egg-info/requires.txt
[1.641s] writing top-level names to ../../build/py_pubsub/py_pubsub.egg-info/top_level.txt
[1.644s] reading manifest file '../../build/py_pubsub/py_pubsub.egg-info/SOURCES.txt'
[1.644s] adding license file 'LICENSE'
[1.645s] writing manifest file '../../build/py_pubsub/py_pubsub.egg-info/SOURCES.txt'
[1.645s] running build
[1.645s] running build_py
[1.646s] running install
[1.646s] running install_lib
[1.648s] running install_data
[1.649s] running install_egg_info
[1.653s] removing '/home/vboxuser/ros2_ws/install/py_pubsub/lib/python3.10/site-packages/py_pubsub-0.0.0-py3.10.egg-info' (and everything under it)
[1.653s] Copying ../../build/py_pubsub/py_pubsub.egg-info to /home/vboxuser/ros2_ws/install/py_pubsub/lib/python3.10/site-packages/py_pubsub-0.0.0-py3.10.egg-info
[1.654s] running install_scripts
[1.704s] Installing talker = py_pubsub.publisher_member_function:mainlistener script to /home/vboxuser/ros2_ws/install/py_pubsub/lib/py_pubsub
[1.705s] writing list of installed files to '/home/vboxuser/ros2_ws/build/py_pubsub/install.log'
[1.734s] Invoked command in '/home/vboxuser/ros2_ws/src/py_pubsub' returned '0': PYTHONPATH=/home/vboxuser/ros2_ws/build/py_pubsub/prefix_override:/home/vboxuser/ros2_ws/install/py_pubsub/lib/python3.10/site-packages:${PYTHONPATH} /usr/bin/python3 setup.py egg_info --egg-base ../../build/py_pubsub build --build-base /home/vboxuser/ros2_ws/build/py_pubsub/build install --record /home/vboxuser/ros2_ws/build/py_pubsub/install.log --single-version-externally-managed
