[3.118s] Invoking command in '/home/vboxuser/hw5_ws/src/turtle_mover': PYTHONPATH=/home/vboxuser/hw5_ws/build/turtle_mover/prefix_override:/home/vboxuser/hw5_ws/install/turtle_mover/lib/python3.10/site-packages:${PYTHONPATH} /usr/bin/python3 setup.py egg_info --egg-base ../../build/turtle_mover build --build-base /home/vboxuser/hw5_ws/build/turtle_mover/build install --record /home/vboxuser/hw5_ws/build/turtle_mover/install.log --single-version-externally-managed
[3.719s] running egg_info
[3.721s] writing ../../build/turtle_mover/turtle_mover.egg-info/PKG-INFO
[3.756s] writing dependency_links to ../../build/turtle_mover/turtle_mover.egg-info/dependency_links.txt
[3.756s] writing entry points to ../../build/turtle_mover/turtle_mover.egg-info/entry_points.txt
[3.756s] writing requirements to ../../build/turtle_mover/turtle_mover.egg-info/requires.txt
[3.756s] writing top-level names to ../../build/turtle_mover/turtle_mover.egg-info/top_level.txt
[3.794s] reading manifest file '../../build/turtle_mover/turtle_mover.egg-info/SOURCES.txt'
[3.794s] writing manifest file '../../build/turtle_mover/turtle_mover.egg-info/SOURCES.txt'
[3.795s] running build
[3.795s] running build_py
[3.796s] running install
[3.796s] running install_lib
[3.811s] running install_data
[3.812s] running install_egg_info
[3.812s] removing '/home/vboxuser/hw5_ws/install/turtle_mover/lib/python3.10/site-packages/turtle_mover-0.0.0-py3.10.egg-info' (and everything under it)
[3.813s] Copying ../../build/turtle_mover/turtle_mover.egg-info to /home/vboxuser/hw5_ws/install/turtle_mover/lib/python3.10/site-packages/turtle_mover-0.0.0-py3.10.egg-info
[3.813s] running install_scripts
[3.867s] Installing turtle_mover script to /home/vboxuser/hw5_ws/install/turtle_mover/lib/turtle_mover
[3.869s] writing list of installed files to '/home/vboxuser/hw5_ws/build/turtle_mover/install.log'
[4.204s] Invoked command in '/home/vboxuser/hw5_ws/src/turtle_mover' returned '0': PYTHONPATH=/home/vboxuser/hw5_ws/build/turtle_mover/prefix_override:/home/vboxuser/hw5_ws/install/turtle_mover/lib/python3.10/site-packages:${PYTHONPATH} /usr/bin/python3 setup.py egg_info --egg-base ../../build/turtle_mover build --build-base /home/vboxuser/hw5_ws/build/turtle_mover/build install --record /home/vboxuser/hw5_ws/build/turtle_mover/install.log --single-version-externally-managed
