[1.415s] Invoking command in '/home/vboxuser/hw5_ws/src/turtle_run': CMAKE_PREFIX_PATH=/home/vboxuser/hw5_ws/install/my_interfaces:/home/vboxuser/hw5_ws/install/my_robot_intrfaces:/home/vboxuser/hw5_ws/src/install/my_interfaces LD_LIBRARY_PATH=/home/vboxuser/hw5_ws/install/my_interfaces/lib:/home/vboxuser/hw5_ws/install/my_robot_intrfaces/lib:/home/vboxuser/hw5_ws/src/install/my_interfaces/lib:/opt/ros/humble/opt/rviz_ogre_vendor/lib:/opt/ros/humble/lib/x86_64-linux-gnu:/opt/ros/humble/lib PYTHONPATH=/home/vboxuser/hw5_ws/build/turtle_run/prefix_override:/home/vboxuser/hw5_ws/install/turtle_run/lib/python3.10/site-packages:${PYTHONPATH} /usr/bin/python3 setup.py egg_info --egg-base ../../build/turtle_run build --build-base /home/vboxuser/hw5_ws/build/turtle_run/build install --record /home/vboxuser/hw5_ws/build/turtle_run/install.log --single-version-externally-managed
[1.889s] running egg_info
[1.890s] writing ../../build/turtle_run/turtle_run.egg-info/PKG-INFO
[1.891s] writing dependency_links to ../../build/turtle_run/turtle_run.egg-info/dependency_links.txt
[1.894s] writing entry points to ../../build/turtle_run/turtle_run.egg-info/entry_points.txt
[1.894s] writing requirements to ../../build/turtle_run/turtle_run.egg-info/requires.txt
[1.894s] writing top-level names to ../../build/turtle_run/turtle_run.egg-info/top_level.txt
[1.894s] reading manifest file '../../build/turtle_run/turtle_run.egg-info/SOURCES.txt'
[1.896s] writing manifest file '../../build/turtle_run/turtle_run.egg-info/SOURCES.txt'
[1.896s] running build
[1.896s] running build_py
[1.896s] copying turtle_run/turtle_run_client.py -> /home/vboxuser/hw5_ws/build/turtle_run/build/lib/turtle_run
[1.897s] running install
[1.897s] running install_lib
[1.898s] copying /home/vboxuser/hw5_ws/build/turtle_run/build/lib/turtle_run/turtle_run_client.py -> /home/vboxuser/hw5_ws/install/turtle_run/lib/python3.10/site-packages/turtle_run
[1.899s] byte-compiling /home/vboxuser/hw5_ws/install/turtle_run/lib/python3.10/site-packages/turtle_run/turtle_run_client.py to turtle_run_client.cpython-310.pyc
[1.902s] running install_data
[1.902s] running install_egg_info
[1.904s] removing '/home/vboxuser/hw5_ws/install/turtle_run/lib/python3.10/site-packages/turtle_run-0.0.0-py3.10.egg-info' (and everything under it)
[1.905s] Copying ../../build/turtle_run/turtle_run.egg-info to /home/vboxuser/hw5_ws/install/turtle_run/lib/python3.10/site-packages/turtle_run-0.0.0-py3.10.egg-info
[1.906s] running install_scripts
[1.940s] Installing say_hello script to /home/vboxuser/hw5_ws/install/turtle_run/lib/turtle_run
[1.940s] Installing turtle_run_client script to /home/vboxuser/hw5_ws/install/turtle_run/lib/turtle_run
[1.940s] Installing turtle_run_server script to /home/vboxuser/hw5_ws/install/turtle_run/lib/turtle_run
[1.941s] writing list of installed files to '/home/vboxuser/hw5_ws/build/turtle_run/install.log'
[1.998s] Invoked command in '/home/vboxuser/hw5_ws/src/turtle_run' returned '0': CMAKE_PREFIX_PATH=/home/vboxuser/hw5_ws/install/my_interfaces:/home/vboxuser/hw5_ws/install/my_robot_intrfaces:/home/vboxuser/hw5_ws/src/install/my_interfaces LD_LIBRARY_PATH=/home/vboxuser/hw5_ws/install/my_interfaces/lib:/home/vboxuser/hw5_ws/install/my_robot_intrfaces/lib:/home/vboxuser/hw5_ws/src/install/my_interfaces/lib:/opt/ros/humble/opt/rviz_ogre_vendor/lib:/opt/ros/humble/lib/x86_64-linux-gnu:/opt/ros/humble/lib PYTHONPATH=/home/vboxuser/hw5_ws/build/turtle_run/prefix_override:/home/vboxuser/hw5_ws/install/turtle_run/lib/python3.10/site-packages:${PYTHONPATH} /usr/bin/python3 setup.py egg_info --egg-base ../../build/turtle_run build --build-base /home/vboxuser/hw5_ws/build/turtle_run/build install --record /home/vboxuser/hw5_ws/build/turtle_run/install.log --single-version-externally-managed
