[0.194s] Invoking command in '/home/vboxuser/ros2_ws/build/examples_rclcpp_minimal_action_client': CMAKE_PREFIX_PATH=/opt/ros/humble /usr/bin/cmake /home/vboxuser/ros2_ws/src/examples/rclcpp/actions/minimal_action_client -DAMENT_CMAKE_SYMLINK_INSTALL=1 -DCMAKE_INSTALL_PREFIX=/home/vboxuser/ros2_ws/install/examples_rclcpp_minimal_action_client
[1.070s] -- The C compiler identification is GNU 11.4.0
[1.474s] -- The CXX compiler identification is GNU 11.4.0
[1.504s] -- Detecting C compiler ABI info
[1.694s] -- Detecting C compiler ABI info - done
[1.710s] -- Check for working C compiler: /usr/bin/cc - skipped
[1.711s] -- Detecting C compile features
[1.712s] -- Detecting C compile features - done
[1.716s] -- Detecting CXX compiler ABI info
[1.851s] -- Detecting CXX compiler ABI info - done
[1.852s] -- Check for working CXX compiler: /usr/bin/c++ - skipped
[1.852s] -- Detecting CXX compile features
[1.853s] -- Detecting CXX compile features - done
[1.885s] -- Found ament_cmake: 1.3.6 (/opt/ros/humble/share/ament_cmake/cmake)
[2.195s] -- Found Python3: /usr/bin/python3.10 (found version "3.10.12") found components: Interpreter 
[2.349s] -- Override CMake install command with custom implementation using symlinks instead of copying resources
[2.457s] -- Found example_interfaces: 0.9.3 (/opt/ros/humble/share/example_interfaces/cmake)
[2.679s] -- Found rosidl_generator_c: 3.1.5 (/opt/ros/humble/share/rosidl_generator_c/cmake)
[2.688s] -- Found rosidl_adapter: 3.1.5 (/opt/ros/humble/share/rosidl_adapter/cmake)
[2.707s] -- Found rosidl_generator_cpp: 3.1.5 (/opt/ros/humble/share/rosidl_generator_cpp/cmake)
[2.748s] -- Using all available rosidl_typesupport_c: rosidl_typesupport_fastrtps_c;rosidl_typesupport_introspection_c
[2.790s] -- Using all available rosidl_typesupport_cpp: rosidl_typesupport_fastrtps_cpp;rosidl_typesupport_introspection_cpp
[3.148s] -- Found rclcpp: 16.0.7 (/opt/ros/humble/share/rclcpp/cmake)
[3.244s] -- Found rmw_implementation_cmake: 6.1.1 (/opt/ros/humble/share/rmw_implementation_cmake/cmake)
[3.247s] -- Found rmw_fastrtps_cpp: 6.2.5 (/opt/ros/humble/share/rmw_fastrtps_cpp/cmake)
[3.455s] -- Found OpenSSL: /usr/lib/x86_64-linux-gnu/libcrypto.so (found version "3.0.2")  
[3.504s] -- Found FastRTPS: /opt/ros/humble/include  
[3.581s] -- Using RMW implementation 'rmw_fastrtps_cpp' as default
[3.633s] -- Looking for pthread.h
[3.830s] -- Looking for pthread.h - found
[3.832s] -- Performing Test CMAKE_HAVE_LIBC_PTHREAD
[3.953s] -- Performing Test CMAKE_HAVE_LIBC_PTHREAD - Success
[3.954s] -- Found Threads: TRUE  
[4.320s] -- Found rclcpp_action: 16.0.7 (/opt/ros/humble/share/rclcpp_action/cmake)
[4.406s] -- Found ament_lint_auto: 0.12.9 (/opt/ros/humble/share/ament_lint_auto/cmake)
[4.513s] -- Added test 'copyright' to check source files copyright and LICENSE
[4.515s] -- Added test 'cppcheck' to perform static code analysis on C / C++ code
[4.515s] -- Configured cppcheck include dirs: 
[4.515s] -- Configured cppcheck exclude dirs and/or files: 
[4.534s] -- Added test 'cpplint' to check C / C++ code against the Google style
[4.534s] -- Configured cpplint exclude dirs and/or files: 
[4.536s] -- Added test 'lint_cmake' to check CMake code style
[4.537s] -- Added test 'uncrustify' to check C / C++ code style
[4.538s] -- Configured uncrustify additional arguments: 
[4.538s] -- Added test 'xmllint' to check XML markup files
[4.540s] -- Configuring done
[4.587s] -- Generating done
[4.588s] -- Build files have been written to: /home/vboxuser/ros2_ws/build/examples_rclcpp_minimal_action_client
[4.604s] Invoked command in '/home/vboxuser/ros2_ws/build/examples_rclcpp_minimal_action_client' returned '0': CMAKE_PREFIX_PATH=/opt/ros/humble /usr/bin/cmake /home/vboxuser/ros2_ws/src/examples/rclcpp/actions/minimal_action_client -DAMENT_CMAKE_SYMLINK_INSTALL=1 -DCMAKE_INSTALL_PREFIX=/home/vboxuser/ros2_ws/install/examples_rclcpp_minimal_action_client
[4.606s] Invoking command in '/home/vboxuser/ros2_ws/build/examples_rclcpp_minimal_action_client': CMAKE_PREFIX_PATH=/opt/ros/humble /usr/bin/cmake --build /home/vboxuser/ros2_ws/build/examples_rclcpp_minimal_action_client -- -j4 -l4
[4.670s] [ 12%] [32mBuilding CXX object CMakeFiles/action_client_member_functions.dir/member_functions.cpp.o[0m
[4.682s] [ 25%] [32mBuilding CXX object CMakeFiles/action_client_not_composable.dir/not_composable.cpp.o[0m
[4.695s] [ 37%] [32mBuilding CXX object CMakeFiles/action_client_not_composable_with_cancel.dir/not_composable_with_cancel.cpp.o[0m
[4.708s] [ 50%] [32mBuilding CXX object CMakeFiles/action_client_not_composable_with_feedback.dir/not_composable_with_feedback.cpp.o[0m
