[2.730s] Invoking command in '/home/vboxuser/hw5_ws/src/turtle_mover': PYTHONPATH=/home/vboxuser/hw5_ws/build/turtle_mover/prefix_override:/home/vboxuser/hw5_ws/install/turtle_mover/lib/python3.10/site-packages:${PYTHONPATH} /usr/bin/python3 setup.py egg_info --egg-base ../../build/turtle_mover build --build-base /home/vboxuser/hw5_ws/build/turtle_mover/build install --record /home/vboxuser/hw5_ws/build/turtle_mover/install.log --single-version-externally-managed
[3.157s] running egg_info
[3.158s] writing ../../build/turtle_mover/turtle_mover.egg-info/PKG-INFO
[3.159s] writing dependency_links to ../../build/turtle_mover/turtle_mover.egg-info/dependency_links.txt
[3.159s] writing entry points to ../../build/turtle_mover/turtle_mover.egg-info/entry_points.txt
[3.159s] writing requirements to ../../build/turtle_mover/turtle_mover.egg-info/requires.txt
[3.159s] writing top-level names to ../../build/turtle_mover/turtle_mover.egg-info/top_level.txt
[3.161s] reading manifest file '../../build/turtle_mover/turtle_mover.egg-info/SOURCES.txt'
[3.163s] writing manifest file '../../build/turtle_mover/turtle_mover.egg-info/SOURCES.txt'
[3.163s] running build
[3.163s] running build_py
[3.164s] running install
[3.164s] running install_lib
[3.166s] running install_data
[3.166s] running install_egg_info
[3.169s] removing '/home/vboxuser/hw5_ws/install/turtle_mover/lib/python3.10/site-packages/turtle_mover-0.0.0-py3.10.egg-info' (and everything under it)
[3.170s] Copying ../../build/turtle_mover/turtle_mover.egg-info to /home/vboxuser/hw5_ws/install/turtle_mover/lib/python3.10/site-packages/turtle_mover-0.0.0-py3.10.egg-info
[3.171s] running install_scripts
[3.201s] Installing turtle_mover script to /home/vboxuser/hw5_ws/install/turtle_mover/lib/turtle_mover
[3.202s] writing list of installed files to '/home/vboxuser/hw5_ws/build/turtle_mover/install.log'
