[2.196s] Invoking command in '/home/vboxuser/hw5_ws/src/turtle_mover': PYTHONPATH=/home/vboxuser/hw5_ws/build/turtle_mover/prefix_override:/home/vboxuser/hw5_ws/install/turtle_mover/lib/python3.10/site-packages:${PYTHONPATH} /usr/bin/python3 setup.py egg_info --egg-base ../../build/turtle_mover build --build-base /home/vboxuser/hw5_ws/build/turtle_mover/build install --record /home/vboxuser/hw5_ws/build/turtle_mover/install.log --single-version-externally-managed
[2.595s] running egg_info
[2.596s] writing ../../build/turtle_mover/turtle_mover.egg-info/PKG-INFO
[2.597s] writing dependency_links to ../../build/turtle_mover/turtle_mover.egg-info/dependency_links.txt
[2.597s] writing entry points to ../../build/turtle_mover/turtle_mover.egg-info/entry_points.txt
[2.597s] writing requirements to ../../build/turtle_mover/turtle_mover.egg-info/requires.txt
[2.598s] writing top-level names to ../../build/turtle_mover/turtle_mover.egg-info/top_level.txt
[2.601s] reading manifest file '../../build/turtle_mover/turtle_mover.egg-info/SOURCES.txt'
[2.606s] writing manifest file '../../build/turtle_mover/turtle_mover.egg-info/SOURCES.txt'
[2.606s] running build
[2.606s] running build_py
[2.606s] copying turtle_mover/draw_board_1.py -> /home/vboxuser/hw5_ws/build/turtle_mover/build/lib/turtle_mover
[2.607s] copying turtle_mover/turtle_mover.py -> /home/vboxuser/hw5_ws/build/turtle_mover/build/lib/turtle_mover
[2.607s] copying turtle_mover/turtle_mover backup.py -> /home/vboxuser/hw5_ws/build/turtle_mover/build/lib/turtle_mover
[2.607s] running install
[2.607s] running install_lib
[2.607s] copying /home/vboxuser/hw5_ws/build/turtle_mover/build/lib/turtle_mover/draw_board_1.py -> /home/vboxuser/hw5_ws/install/turtle_mover/lib/python3.10/site-packages/turtle_mover
[2.607s] copying /home/vboxuser/hw5_ws/build/turtle_mover/build/lib/turtle_mover/turtle_mover.py -> /home/vboxuser/hw5_ws/install/turtle_mover/lib/python3.10/site-packages/turtle_mover
[2.607s] copying /home/vboxuser/hw5_ws/build/turtle_mover/build/lib/turtle_mover/turtle_mover backup.py -> /home/vboxuser/hw5_ws/install/turtle_mover/lib/python3.10/site-packages/turtle_mover
[2.607s] byte-compiling /home/vboxuser/hw5_ws/install/turtle_mover/lib/python3.10/site-packages/turtle_mover/draw_board_1.py to draw_board_1.cpython-310.pyc
[2.608s] byte-compiling /home/vboxuser/hw5_ws/install/turtle_mover/lib/python3.10/site-packages/turtle_mover/turtle_mover.py to turtle_mover.cpython-310.pyc
[2.608s] byte-compiling /home/vboxuser/hw5_ws/install/turtle_mover/lib/python3.10/site-packages/turtle_mover/turtle_mover backup.py to turtle_mover backup.cpython-310.pyc
[2.609s] running install_data
[2.610s] running install_egg_info
[2.612s] removing '/home/vboxuser/hw5_ws/install/turtle_mover/lib/python3.10/site-packages/turtle_mover-0.0.0-py3.10.egg-info' (and everything under it)
[2.613s] Copying ../../build/turtle_mover/turtle_mover.egg-info to /home/vboxuser/hw5_ws/install/turtle_mover/lib/python3.10/site-packages/turtle_mover-0.0.0-py3.10.egg-info
[2.614s] running install_scripts
[2.641s] Installing turtle_mover script to /home/vboxuser/hw5_ws/install/turtle_mover/lib/turtle_mover
[2.642s] writing list of installed files to '/home/vboxuser/hw5_ws/build/turtle_mover/install.log'
[2.886s] Invoked command in '/home/vboxuser/hw5_ws/src/turtle_mover' returned '0': PYTHONPATH=/home/vboxuser/hw5_ws/build/turtle_mover/prefix_override:/home/vboxuser/hw5_ws/install/turtle_mover/lib/python3.10/site-packages:${PYTHONPATH} /usr/bin/python3 setup.py egg_info --egg-base ../../build/turtle_mover build --build-base /home/vboxuser/hw5_ws/build/turtle_mover/build install --record /home/vboxuser/hw5_ws/build/turtle_mover/install.log --single-version-externally-managed
