[1.557s] Invoking command in '/home/vboxuser/hw3_ws/build/turtlesim': CMAKE_PREFIX_PATH=${CMAKE_PREFIX_PATH}:/home/vboxuser/hw3_ws/install/q2:/home/vboxuser/hw3_ws/install/q1:/home/vboxuser/hw3_ws/install/py_pubsub:/opt/ros/humble /usr/bin/cmake --build /home/vboxuser/hw3_ws/build/turtlesim -- -j6 -l6
[1.620s] [  1%] Built target turtlesim__cpp
[1.636s] [ 11%] Built target turtlesim__rosidl_generator_c
[1.656s] [ 11%] Built target ament_cmake_python_copy_turtlesim
[1.683s] [ 21%] Built target turtlesim__rosidl_typesupport_fastrtps_cpp
[1.684s] [ 31%] Built target turtlesim__rosidl_typesupport_cpp
[1.694s] [ 41%] Built target turtlesim__rosidl_typesupport_introspection_cpp
[1.695s] [ 51%] Built target turtlesim__rosidl_typesupport_fastrtps_c
[1.708s] [ 61%] Built target turtlesim__rosidl_typesupport_introspection_c
[1.722s] [ 71%] Built target turtlesim__rosidl_typesupport_c
[1.762s] [ 73%] Built target turtle_teleop_key
[1.771s] [ 75%] Built target draw_square
[1.784s] [ 81%] Built target turtlesim_node
[1.784s] [ 81%] Built target turtlesim
[1.793s] [ 83%] Built target mimic
[1.816s] [ 84%] Built target turtlesim__py
[1.857s] [ 93%] Built target turtlesim__rosidl_generator_py
[1.895s] [ 95%] Built target turtlesim__rosidl_typesupport_introspection_c__pyext
[1.896s] [ 97%] Built target turtlesim__rosidl_typesupport_fastrtps_c__pyext
[1.904s] [100%] Built target turtlesim__rosidl_typesupport_c__pyext
[2.133s] running egg_info
[2.134s] writing turtlesim.egg-info/PKG-INFO
[2.134s] writing dependency_links to turtlesim.egg-info/dependency_links.txt
[2.134s] writing top-level names to turtlesim.egg-info/top_level.txt
[2.137s] reading manifest file 'turtlesim.egg-info/SOURCES.txt'
[2.139s] writing manifest file 'turtlesim.egg-info/SOURCES.txt'
[2.177s] [100%] Built target ament_cmake_python_build_turtlesim_egg
[2.191s] Invoked command in '/home/vboxuser/hw3_ws/build/turtlesim' returned '0': CMAKE_PREFIX_PATH=${CMAKE_PREFIX_PATH}:/home/vboxuser/hw3_ws/install/q2:/home/vboxuser/hw3_ws/install/q1:/home/vboxuser/hw3_ws/install/py_pubsub:/opt/ros/humble /usr/bin/cmake --build /home/vboxuser/hw3_ws/build/turtlesim -- -j6 -l6
[2.447s] Invoking command in '/home/vboxuser/hw3_ws/build/turtlesim': CMAKE_PREFIX_PATH=${CMAKE_PREFIX_PATH}:/home/vboxuser/hw3_ws/install/q2:/home/vboxuser/hw3_ws/install/q1:/home/vboxuser/hw3_ws/install/py_pubsub:/opt/ros/humble /usr/bin/cmake --install /home/vboxuser/hw3_ws/build/turtlesim
[2.458s] -- Install configuration: ""
[2.459s] -- Up-to-date: /home/vboxuser/hw3_ws/install/turtlesim/share/ament_index/resource_index/rosidl_interfaces/turtlesim
[2.459s] -- Up-to-date: /home/vboxuser/hw3_ws/install/turtlesim/include/turtlesim/turtlesim
[2.459s] -- Up-to-date: /home/vboxuser/hw3_ws/install/turtlesim/include/turtlesim/turtlesim/msg
[2.459s] -- Up-to-date: /home/vboxuser/hw3_ws/install/turtlesim/include/turtlesim/turtlesim/msg/rosidl_generator_c__visibility_control.h
[2.459s] -- Up-to-date: /home/vboxuser/hw3_ws/install/turtlesim/include/turtlesim/turtlesim/msg/detail
[2.460s] -- Up-to-date: /home/vboxuser/hw3_ws/install/turtlesim/include/turtlesim/turtlesim/msg/detail/pose__struct.h
[2.460s] -- Up-to-date: /home/vboxuser/hw3_ws/install/turtlesim/include/turtlesim/turtlesim/msg/detail/color__struct.h
[2.460s] -- Up-to-date: /home/vboxuser/hw3_ws/install/turtlesim/include/turtlesim/turtlesim/msg/detail/color__functions.c
[2.460s] -- Up-to-date: /home/vboxuser/hw3_ws/install/turtlesim/include/turtlesim/turtlesim/msg/detail/pose__functions.h
[2.460s] -- Up-to-date: /home/vboxuser/hw3_ws/install/turtlesim/include/turtlesim/turtlesim/msg/detail/pose__type_support.h
[2.460s] -- Up-to-date: /home/vboxuser/hw3_ws/install/turtlesim/include/turtlesim/turtlesim/msg/detail/color__functions.h
[2.461s] -- Up-to-date: /home/vboxuser/hw3_ws/install/turtlesim/include/turtlesim/turtlesim/msg/detail/color__type_support.h
[2.461s] -- Up-to-date: /home/vboxuser/hw3_ws/install/turtlesim/include/turtlesim/turtlesim/msg/detail/pose__functions.c
[2.461s] -- Up-to-date: /home/vboxuser/hw3_ws/install/turtlesim/include/turtlesim/turtlesim/msg/color.h
[2.461s] -- Up-to-date: /home/vboxuser/hw3_ws/install/turtlesim/include/turtlesim/turtlesim/msg/pose.h
[2.461s] -- Up-to-date: /home/vboxuser/hw3_ws/install/turtlesim/include/turtlesim/turtlesim/srv
[2.461s] -- Up-to-date: /home/vboxuser/hw3_ws/install/turtlesim/include/turtlesim/turtlesim/srv/kill.h
[2.462s] -- Up-to-date: /home/vboxuser/hw3_ws/install/turtlesim/include/turtlesim/turtlesim/srv/set_pen.h
[2.462s] -- Up-to-date: /home/vboxuser/hw3_ws/install/turtlesim/include/turtlesim/turtlesim/srv/spawn.h
[2.462s] -- Up-to-date: /home/vboxuser/hw3_ws/install/turtlesim/include/turtlesim/turtlesim/srv/detail
[2.462s] -- Up-to-date: /home/vboxuser/hw3_ws/install/turtlesim/include/turtlesim/turtlesim/srv/detail/set_pen__type_support.h
[2.462s] -- Up-to-date: /home/vboxuser/hw3_ws/install/turtlesim/include/turtlesim/turtlesim/srv/detail/teleport_relative__type_support.h
[2.462s] -- Up-to-date: /home/vboxuser/hw3_ws/install/turtlesim/include/turtlesim/turtlesim/srv/detail/teleport_relative__struct.h
[2.462s] -- Up-to-date: /home/vboxuser/hw3_ws/install/turtlesim/include/turtlesim/turtlesim/srv/detail/kill__functions.h
[2.463s] -- Up-to-date: /home/vboxuser/hw3_ws/install/turtlesim/include/turtlesim/turtlesim/srv/detail/set_pen__functions.c
[2.463s] -- Up-to-date: /home/vboxuser/hw3_ws/install/turtlesim/include/turtlesim/turtlesim/srv/detail/spawn__functions.c
[2.463s] -- Up-to-date: /home/vboxuser/hw3_ws/install/turtlesim/include/turtlesim/turtlesim/srv/detail/kill__type_support.h
[2.463s] -- Up-to-date: /home/vboxuser/hw3_ws/install/turtlesim/include/turtlesim/turtlesim/srv/detail/teleport_absolute__struct.h
[2.463s] -- Up-to-date: /home/vboxuser/hw3_ws/install/turtlesim/include/turtlesim/turtlesim/srv/detail/teleport_relative__functions.c
[2.463s] -- Up-to-date: /home/vboxuser/hw3_ws/install/turtlesim/include/turtlesim/turtlesim/srv/detail/spawn__struct.h
[2.464s] -- Up-to-date: /home/vboxuser/hw3_ws/install/turtlesim/include/turtlesim/turtlesim/srv/detail/teleport_absolute__type_support.h
[2.464s] -- Up-to-date: /home/vboxuser/hw3_ws/install/turtlesim/include/turtlesim/turtlesim/srv/detail/teleport_absolute__functions.h
[2.464s] -- Up-to-date: /home/vboxuser/hw3_ws/install/turtlesim/include/turtlesim/turtlesim/srv/detail/set_pen__struct.h
[2.464s] -- Up-to-date: /home/vboxuser/hw3_ws/install/turtlesim/include/turtlesim/turtlesim/srv/detail/kill__struct.h
[2.464s] -- Up-to-date: /home/vboxuser/hw3_ws/install/turtlesim/include/turtlesim/turtlesim/srv/detail/teleport_absolute__functions.c
[2.465s] -- Up-to-date: /home/vboxuser/hw3_ws/install/turtlesim/include/turtlesim/turtlesim/srv/detail/kill__functions.c
[2.465s] -- Up-to-date: /home/vboxuser/hw3_ws/install/turtlesim/include/turtlesim/turtlesim/srv/detail/spawn__type_support.h
[2.465s] -- Up-to-date: /home/vboxuser/hw3_ws/install/turtlesim/include/turtlesim/turtlesim/srv/detail/set_pen__functions.h
[2.465s] -- Up-to-date: /home/vboxuser/hw3_ws/install/turtlesim/include/turtlesim/turtlesim/srv/detail/teleport_relative__functions.h
[2.465s] -- Up-to-date: /home/vboxuser/hw3_ws/install/turtlesim/include/turtlesim/turtlesim/srv/detail/spawn__functions.h
[2.465s] -- Up-to-date: /home/vboxuser/hw3_ws/install/turtlesim/include/turtlesim/turtlesim/srv/teleport_absolute.h
[2.465s] -- Up-to-date: /home/vboxuser/hw3_ws/install/turtlesim/include/turtlesim/turtlesim/srv/teleport_relative.h
[2.465s] -- Up-to-date: /home/vboxuser/hw3_ws/install/turtlesim/include/turtlesim/turtlesim/action
[2.466s] -- Up-to-date: /home/vboxuser/hw3_ws/install/turtlesim/include/turtlesim/turtlesim/action/detail
[2.466s] -- Up-to-date: /home/vboxuser/hw3_ws/install/turtlesim/include/turtlesim/turtlesim/action/detail/rotate_absolute__struct.h
[2.466s] -- Up-to-date: /home/vboxuser/hw3_ws/install/turtlesim/include/turtlesim/turtlesim/action/detail/rotate_absolute__functions.c
[2.466s] -- Up-to-date: /home/vboxuser/hw3_ws/install/turtlesim/include/turtlesim/turtlesim/action/detail/rotate_absolute__functions.h
[2.466s] -- Up-to-date: /home/vboxuser/hw3_ws/install/turtlesim/include/turtlesim/turtlesim/action/detail/rotate_absolute__type_support.h
[2.466s] -- Up-to-date: /home/vboxuser/hw3_ws/install/turtlesim/include/turtlesim/turtlesim/action/rotate_absolute.h
[2.467s] -- Up-to-date: /home/vboxuser/hw3_ws/install/turtlesim/share/turtlesim/environment/library_path.sh
[2.467s] -- Up-to-date: /home/vboxuser/hw3_ws/install/turtlesim/share/turtlesim/environment/library_path.dsv
[2.468s] -- Up-to-date: /home/vboxuser/hw3_ws/install/turtlesim/lib/libturtlesim__rosidl_generator_c.so
[2.468s] -- Up-to-date: /home/vboxuser/hw3_ws/install/turtlesim/include/turtlesim/turtlesim
[2.468s] -- Up-to-date: /home/vboxuser/hw3_ws/install/turtlesim/include/turtlesim/turtlesim/msg
[2.469s] -- Up-to-date: /home/vboxuser/hw3_ws/install/turtlesim/include/turtlesim/turtlesim/msg/detail
[2.469s] -- Up-to-date: /home/vboxuser/hw3_ws/install/turtlesim/include/turtlesim/turtlesim/msg/detail/pose__rosidl_typesupport_fastrtps_c.h
[2.469s] -- Up-to-date: /home/vboxuser/hw3_ws/install/turtlesim/include/turtlesim/turtlesim/msg/detail/color__rosidl_typesupport_fastrtps_c.h
[2.469s] -- Up-to-date: /home/vboxuser/hw3_ws/install/turtlesim/include/turtlesim/turtlesim/msg/rosidl_typesupport_fastrtps_c__visibility_control.h
[2.469s] -- Up-to-date: /home/vboxuser/hw3_ws/install/turtlesim/include/turtlesim/turtlesim/srv
[2.469s] -- Up-to-date: /home/vboxuser/hw3_ws/install/turtlesim/include/turtlesim/turtlesim/srv/detail
[2.470s] -- Up-to-date: /home/vboxuser/hw3_ws/install/turtlesim/include/turtlesim/turtlesim/srv/detail/teleport_absolute__rosidl_typesupport_fastrtps_c.h
[2.470s] -- Up-to-date: /home/vboxuser/hw3_ws/install/turtlesim/include/turtlesim/turtlesim/srv/detail/kill__rosidl_typesupport_fastrtps_c.h
[2.470s] -- Up-to-date: /home/vboxuser/hw3_ws/install/turtlesim/include/turtlesim/turtlesim/srv/detail/teleport_relative__rosidl_typesupport_fastrtps_c.h
[2.470s] -- Up-to-date: /home/vboxuser/hw3_ws/install/turtlesim/include/turtlesim/turtlesim/srv/detail/set_pen__rosidl_typesupport_fastrtps_c.h
[2.470s] -- Up-to-date: /home/vboxuser/hw3_ws/install/turtlesim/include/turtlesim/turtlesim/srv/detail/spawn__rosidl_typesupport_fastrtps_c.h
[2.470s] -- Up-to-date: /home/vboxuser/hw3_ws/install/turtlesim/include/turtlesim/turtlesim/action
[2.470s] -- Up-to-date: /home/vboxuser/hw3_ws/install/turtlesim/include/turtlesim/turtlesim/action/detail
[2.471s] -- Up-to-date: /home/vboxuser/hw3_ws/install/turtlesim/include/turtlesim/turtlesim/action/detail/rotate_absolute__rosidl_typesupport_fastrtps_c.h
[2.471s] -- Up-to-date: /home/vboxuser/hw3_ws/install/turtlesim/lib/libturtlesim__rosidl_typesupport_fastrtps_c.so
[2.472s] -- Up-to-date: /home/vboxuser/hw3_ws/install/turtlesim/include/turtlesim/turtlesim
[2.472s] -- Up-to-date: /home/vboxuser/hw3_ws/install/turtlesim/include/turtlesim/turtlesim/msg
[2.472s] -- Up-to-date: /home/vboxuser/hw3_ws/install/turtlesim/include/turtlesim/turtlesim/msg/detail
[2.472s] -- Up-to-date: /home/vboxuser/hw3_ws/install/turtlesim/include/turtlesim/turtlesim/msg/detail/pose__traits.hpp
[2.472s] -- Up-to-date: /home/vboxuser/hw3_ws/install/turtlesim/include/turtlesim/turtlesim/msg/detail/pose__builder.hpp
[2.472s] -- Up-to-date: /home/vboxuser/hw3_ws/install/turtlesim/include/turtlesim/turtlesim/msg/detail/pose__struct.hpp
[2.473s] -- Up-to-date: /home/vboxuser/hw3_ws/install/turtlesim/include/turtlesim/turtlesim/msg/detail/color__builder.hpp
[2.473s] -- Up-to-date: /home/vboxuser/hw3_ws/install/turtlesim/include/turtlesim/turtlesim/msg/detail/color__struct.hpp
[2.473s] -- Up-to-date: /home/vboxuser/hw3_ws/install/turtlesim/include/turtlesim/turtlesim/msg/detail/color__traits.hpp
[2.473s] -- Up-to-date: /home/vboxuser/hw3_ws/install/turtlesim/include/turtlesim/turtlesim/msg/color.hpp
[2.473s] -- Up-to-date: /home/vboxuser/hw3_ws/install/turtlesim/include/turtlesim/turtlesim/msg/pose.hpp
[2.473s] -- Up-to-date: /home/vboxuser/hw3_ws/install/turtlesim/include/turtlesim/turtlesim/srv
[2.474s] -- Up-to-date: /home/vboxuser/hw3_ws/install/turtlesim/include/turtlesim/turtlesim/srv/detail
[2.474s] -- Up-to-date: /home/vboxuser/hw3_ws/install/turtlesim/include/turtlesim/turtlesim/srv/detail/teleport_relative__struct.hpp
[2.474s] -- Up-to-date: /home/vboxuser/hw3_ws/install/turtlesim/include/turtlesim/turtlesim/srv/detail/teleport_absolute__builder.hpp
[2.474s] -- Up-to-date: /home/vboxuser/hw3_ws/install/turtlesim/include/turtlesim/turtlesim/srv/detail/teleport_relative__traits.hpp
[2.474s] -- Up-to-date: /home/vboxuser/hw3_ws/install/turtlesim/include/turtlesim/turtlesim/srv/detail/kill__struct.hpp
[2.474s] -- Up-to-date: /home/vboxuser/hw3_ws/install/turtlesim/include/turtlesim/turtlesim/srv/detail/kill__traits.hpp
[2.475s] -- Up-to-date: /home/vboxuser/hw3_ws/install/turtlesim/include/turtlesim/turtlesim/srv/detail/kill__builder.hpp
[2.475s] -- Up-to-date: /home/vboxuser/hw3_ws/install/turtlesim/include/turtlesim/turtlesim/srv/detail/spawn__traits.hpp
[2.475s] -- Up-to-date: /home/vboxuser/hw3_ws/install/turtlesim/include/turtlesim/turtlesim/srv/detail/spawn__builder.hpp
[2.475s] -- Up-to-date: /home/vboxuser/hw3_ws/install/turtlesim/include/turtlesim/turtlesim/srv/detail/set_pen__builder.hpp
[2.475s] -- Up-to-date: /home/vboxuser/hw3_ws/install/turtlesim/include/turtlesim/turtlesim/srv/detail/teleport_relative__builder.hpp
[2.476s] -- Up-to-date: /home/vboxuser/hw3_ws/install/turtlesim/include/turtlesim/turtlesim/srv/detail/spawn__struct.hpp
[2.476s] -- Up-to-date: /home/vboxuser/hw3_ws/install/turtlesim/include/turtlesim/turtlesim/srv/detail/teleport_absolute__traits.hpp
[2.476s] -- Up-to-date: /home/vboxuser/hw3_ws/install/turtlesim/include/turtlesim/turtlesim/srv/detail/set_pen__traits.hpp
[2.476s] -- Up-to-date: /home/vboxuser/hw3_ws/install/turtlesim/include/turtlesim/turtlesim/srv/detail/teleport_absolute__struct.hpp
[2.476s] -- Up-to-date: /home/vboxuser/hw3_ws/install/turtlesim/include/turtlesim/turtlesim/srv/detail/set_pen__struct.hpp
[2.476s] -- Up-to-date: /home/vboxuser/hw3_ws/install/turtlesim/include/turtlesim/turtlesim/srv/kill.hpp
[2.476s] -- Up-to-date: /home/vboxuser/hw3_ws/install/turtlesim/include/turtlesim/turtlesim/srv/teleport_relative.hpp
[2.477s] -- Up-to-date: /home/vboxuser/hw3_ws/install/turtlesim/include/turtlesim/turtlesim/srv/teleport_absolute.hpp
[2.477s] -- Up-to-date: /home/vboxuser/hw3_ws/install/turtlesim/include/turtlesim/turtlesim/srv/set_pen.hpp
[2.477s] -- Up-to-date: /home/vboxuser/hw3_ws/install/turtlesim/include/turtlesim/turtlesim/srv/spawn.hpp
[2.483s] -- Up-to-date: /home/vboxuser/hw3_ws/install/turtlesim/include/turtlesim/turtlesim/action
[2.483s] -- Up-to-date: /home/vboxuser/hw3_ws/install/turtlesim/include/turtlesim/turtlesim/action/detail
[2.484s] -- Up-to-date: /home/vboxuser/hw3_ws/install/turtlesim/include/turtlesim/turtlesim/action/detail/rotate_absolute__builder.hpp
[2.484s] -- Up-to-date: /home/vboxuser/hw3_ws/install/turtlesim/include/turtlesim/turtlesim/action/detail/rotate_absolute__struct.hpp
[2.484s] -- Up-to-date: /home/vboxuser/hw3_ws/install/turtlesim/include/turtlesim/turtlesim/action/detail/rotate_absolute__traits.hpp
[2.484s] -- Up-to-date: /home/vboxuser/hw3_ws/install/turtlesim/include/turtlesim/turtlesim/action/rotate_absolute.hpp
[2.484s] -- Up-to-date: /home/vboxuser/hw3_ws/install/turtlesim/include/turtlesim/turtlesim
[2.484s] -- Up-to-date: /home/vboxuser/hw3_ws/install/turtlesim/include/turtlesim/turtlesim/msg
[2.484s] -- Up-to-date: /home/vboxuser/hw3_ws/install/turtlesim/include/turtlesim/turtlesim/msg/detail
[2.484s] -- Up-to-date: /home/vboxuser/hw3_ws/install/turtlesim/include/turtlesim/turtlesim/msg/detail/pose__rosidl_typesupport_fastrtps_cpp.hpp
[2.484s] -- Up-to-date: /home/vboxuser/hw3_ws/install/turtlesim/include/turtlesim/turtlesim/msg/detail/dds_fastrtps
[2.484s] -- Up-to-date: /home/vboxuser/hw3_ws/install/turtlesim/include/turtlesim/turtlesim/msg/detail/color__rosidl_typesupport_fastrtps_cpp.hpp
[2.484s] -- Up-to-date: /home/vboxuser/hw3_ws/install/turtlesim/include/turtlesim/turtlesim/msg/rosidl_typesupport_fastrtps_cpp__visibility_control.h
[2.485s] -- Up-to-date: /home/vboxuser/hw3_ws/install/turtlesim/include/turtlesim/turtlesim/srv
[2.485s] -- Up-to-date: /home/vboxuser/hw3_ws/install/turtlesim/include/turtlesim/turtlesim/srv/detail
[2.485s] -- Up-to-date: /home/vboxuser/hw3_ws/install/turtlesim/include/turtlesim/turtlesim/srv/detail/teleport_relative__rosidl_typesupport_fastrtps_cpp.hpp
[2.485s] -- Up-to-date: /home/vboxuser/hw3_ws/install/turtlesim/include/turtlesim/turtlesim/srv/detail/teleport_absolute__rosidl_typesupport_fastrtps_cpp.hpp
[2.485s] -- Up-to-date: /home/vboxuser/hw3_ws/install/turtlesim/include/turtlesim/turtlesim/srv/detail/set_pen__rosidl_typesupport_fastrtps_cpp.hpp
[2.485s] -- Up-to-date: /home/vboxuser/hw3_ws/install/turtlesim/include/turtlesim/turtlesim/srv/detail/kill__rosidl_typesupport_fastrtps_cpp.hpp
[2.485s] -- Up-to-date: /home/vboxuser/hw3_ws/install/turtlesim/include/turtlesim/turtlesim/srv/detail/dds_fastrtps
[2.485s] -- Up-to-date: /home/vboxuser/hw3_ws/install/turtlesim/include/turtlesim/turtlesim/srv/detail/spawn__rosidl_typesupport_fastrtps_cpp.hpp
[2.485s] -- Up-to-date: /home/vboxuser/hw3_ws/install/turtlesim/include/turtlesim/turtlesim/action
[2.485s] -- Up-to-date: /home/vboxuser/hw3_ws/install/turtlesim/include/turtlesim/turtlesim/action/detail
[2.485s] -- Up-to-date: /home/vboxuser/hw3_ws/install/turtlesim/include/turtlesim/turtlesim/action/detail/rotate_absolute__rosidl_typesupport_fastrtps_cpp.hpp
[2.485s] -- Up-to-date: /home/vboxuser/hw3_ws/install/turtlesim/include/turtlesim/turtlesim/action/detail/dds_fastrtps
[2.486s] -- Up-to-date: /home/vboxuser/hw3_ws/install/turtlesim/lib/libturtlesim__rosidl_typesupport_fastrtps_cpp.so
[2.486s] -- Up-to-date: /home/vboxuser/hw3_ws/install/turtlesim/include/turtlesim/turtlesim
[2.486s] -- Up-to-date: /home/vboxuser/hw3_ws/install/turtlesim/include/turtlesim/turtlesim/msg
[2.486s] -- Up-to-date: /home/vboxuser/hw3_ws/install/turtlesim/include/turtlesim/turtlesim/msg/detail
[2.486s] -- Up-to-date: /home/vboxuser/hw3_ws/install/turtlesim/include/turtlesim/turtlesim/msg/detail/pose__rosidl_typesupport_introspection_c.h
[2.486s] -- Up-to-date: /home/vboxuser/hw3_ws/install/turtlesim/include/turtlesim/turtlesim/msg/detail/pose__type_support.c
[2.486s] -- Up-to-date: /home/vboxuser/hw3_ws/install/turtlesim/include/turtlesim/turtlesim/msg/detail/color__type_support.c
[2.486s] -- Up-to-date: /home/vboxuser/hw3_ws/install/turtlesim/include/turtlesim/turtlesim/msg/detail/color__rosidl_typesupport_introspection_c.h
[2.486s] -- Up-to-date: /home/vboxuser/hw3_ws/install/turtlesim/include/turtlesim/turtlesim/msg/rosidl_typesupport_introspection_c__visibility_control.h
[2.486s] -- Up-to-date: /home/vboxuser/hw3_ws/install/turtlesim/include/turtlesim/turtlesim/srv
[2.486s] -- Up-to-date: /home/vboxuser/hw3_ws/install/turtlesim/include/turtlesim/turtlesim/srv/detail
[2.487s] -- Up-to-date: /home/vboxuser/hw3_ws/install/turtlesim/include/turtlesim/turtlesim/srv/detail/teleport_absolute__rosidl_typesupport_introspection_c.h
[2.487s] -- Up-to-date: /home/vboxuser/hw3_ws/install/turtlesim/include/turtlesim/turtlesim/srv/detail/teleport_relative__rosidl_typesupport_introspection_c.h
[2.487s] -- Up-to-date: /home/vboxuser/hw3_ws/install/turtlesim/include/turtlesim/turtlesim/srv/detail/spawn__type_support.c
[2.487s] -- Up-to-date: /home/vboxuser/hw3_ws/install/turtlesim/include/turtlesim/turtlesim/srv/detail/set_pen__type_support.c
[2.487s] -- Up-to-date: /home/vboxuser/hw3_ws/install/turtlesim/include/turtlesim/turtlesim/srv/detail/kill__type_support.c
[2.487s] -- Up-to-date: /home/vboxuser/hw3_ws/install/turtlesim/include/turtlesim/turtlesim/srv/detail/set_pen__rosidl_typesupport_introspection_c.h
[2.487s] -- Up-to-date: /home/vboxuser/hw3_ws/install/turtlesim/include/turtlesim/turtlesim/srv/detail/teleport_absolute__type_support.c
[2.487s] -- Up-to-date: /home/vboxuser/hw3_ws/install/turtlesim/include/turtlesim/turtlesim/srv/detail/spawn__rosidl_typesupport_introspection_c.h
[2.487s] -- Up-to-date: /home/vboxuser/hw3_ws/install/turtlesim/include/turtlesim/turtlesim/srv/detail/kill__rosidl_typesupport_introspection_c.h
[2.487s] -- Up-to-date: /home/vboxuser/hw3_ws/install/turtlesim/include/turtlesim/turtlesim/srv/detail/teleport_relative__type_support.c
[2.487s] -- Up-to-date: /home/vboxuser/hw3_ws/install/turtlesim/include/turtlesim/turtlesim/action
[2.488s] -- Up-to-date: /home/vboxuser/hw3_ws/install/turtlesim/include/turtlesim/turtlesim/action/detail
[2.488s] -- Up-to-date: /home/vboxuser/hw3_ws/install/turtlesim/include/turtlesim/turtlesim/action/detail/rotate_absolute__rosidl_typesupport_introspection_c.h
[2.488s] -- Up-to-date: /home/vboxuser/hw3_ws/install/turtlesim/include/turtlesim/turtlesim/action/detail/rotate_absolute__type_support.c
[2.488s] -- Up-to-date: /home/vboxuser/hw3_ws/install/turtlesim/lib/libturtlesim__rosidl_typesupport_introspection_c.so
[2.488s] -- Up-to-date: /home/vboxuser/hw3_ws/install/turtlesim/lib/libturtlesim__rosidl_typesupport_c.so
[2.488s] -- Up-to-date: /home/vboxuser/hw3_ws/install/turtlesim/include/turtlesim/turtlesim
[2.488s] -- Up-to-date: /home/vboxuser/hw3_ws/install/turtlesim/include/turtlesim/turtlesim/msg
[2.488s] -- Up-to-date: /home/vboxuser/hw3_ws/install/turtlesim/include/turtlesim/turtlesim/msg/detail
[2.488s] -- Up-to-date: /home/vboxuser/hw3_ws/install/turtlesim/include/turtlesim/turtlesim/msg/detail/color__rosidl_typesupport_introspection_cpp.hpp
[2.488s] -- Up-to-date: /home/vboxuser/hw3_ws/install/turtlesim/include/turtlesim/turtlesim/msg/detail/pose__rosidl_typesupport_introspection_cpp.hpp
[2.488s] -- Up-to-date: /home/vboxuser/hw3_ws/install/turtlesim/include/turtlesim/turtlesim/msg/detail/color__type_support.cpp
[2.489s] -- Up-to-date: /home/vboxuser/hw3_ws/install/turtlesim/include/turtlesim/turtlesim/msg/detail/pose__type_support.cpp
[2.489s] -- Up-to-date: /home/vboxuser/hw3_ws/install/turtlesim/include/turtlesim/turtlesim/srv
[2.489s] -- Up-to-date: /home/vboxuser/hw3_ws/install/turtlesim/include/turtlesim/turtlesim/srv/detail
[2.489s] -- Up-to-date: /home/vboxuser/hw3_ws/install/turtlesim/include/turtlesim/turtlesim/srv/detail/set_pen__type_support.cpp
[2.489s] -- Up-to-date: /home/vboxuser/hw3_ws/install/turtlesim/include/turtlesim/turtlesim/srv/detail/spawn__rosidl_typesupport_introspection_cpp.hpp
[2.489s] -- Up-to-date: /home/vboxuser/hw3_ws/install/turtlesim/include/turtlesim/turtlesim/srv/detail/teleport_relative__type_support.cpp
[2.489s] -- Up-to-date: /home/vboxuser/hw3_ws/install/turtlesim/include/turtlesim/turtlesim/srv/detail/kill__rosidl_typesupport_introspection_cpp.hpp
[2.489s] -- Up-to-date: /home/vboxuser/hw3_ws/install/turtlesim/include/turtlesim/turtlesim/srv/detail/teleport_relative__rosidl_typesupport_introspection_cpp.hpp
[2.489s] -- Up-to-date: /home/vboxuser/hw3_ws/install/turtlesim/include/turtlesim/turtlesim/srv/detail/set_pen__rosidl_typesupport_introspection_cpp.hpp
[2.489s] -- Up-to-date: /home/vboxuser/hw3_ws/install/turtlesim/include/turtlesim/turtlesim/srv/detail/teleport_absolute__type_support.cpp
[2.489s] -- Up-to-date: /home/vboxuser/hw3_ws/install/turtlesim/include/turtlesim/turtlesim/srv/detail/spawn__type_support.cpp
[2.489s] -- Up-to-date: /home/vboxuser/hw3_ws/install/turtlesim/include/turtlesim/turtlesim/srv/detail/kill__type_support.cpp
[2.490s] -- Up-to-date: /home/vboxuser/hw3_ws/install/turtlesim/include/turtlesim/turtlesim/srv/detail/teleport_absolute__rosidl_typesupport_introspection_cpp.hpp
[2.490s] -- Up-to-date: /home/vboxuser/hw3_ws/install/turtlesim/include/turtlesim/turtlesim/action
[2.490s] -- Up-to-date: /home/vboxuser/hw3_ws/install/turtlesim/include/turtlesim/turtlesim/action/detail
[2.490s] -- Up-to-date: /home/vboxuser/hw3_ws/install/turtlesim/include/turtlesim/turtlesim/action/detail/rotate_absolute__rosidl_typesupport_introspection_cpp.hpp
[2.490s] -- Up-to-date: /home/vboxuser/hw3_ws/install/turtlesim/include/turtlesim/turtlesim/action/detail/rotate_absolute__type_support.cpp
[2.490s] -- Up-to-date: /home/vboxuser/hw3_ws/install/turtlesim/lib/libturtlesim__rosidl_typesupport_introspection_cpp.so
[2.490s] -- Up-to-date: /home/vboxuser/hw3_ws/install/turtlesim/lib/libturtlesim__rosidl_typesupport_cpp.so
[2.490s] -- Up-to-date: /home/vboxuser/hw3_ws/install/turtlesim/share/turtlesim/environment/pythonpath.sh
[2.490s] -- Up-to-date: /home/vboxuser/hw3_ws/install/turtlesim/share/turtlesim/environment/pythonpath.dsv
[2.490s] -- Up-to-date: /home/vboxuser/hw3_ws/install/turtlesim/local/lib/python3.10/dist-packages/turtlesim-1.4.2-py3.10.egg-info
[2.491s] -- Installing: /home/vboxuser/hw3_ws/install/turtlesim/local/lib/python3.10/dist-packages/turtlesim-1.4.2-py3.10.egg-info/top_level.txt
[2.491s] -- Installing: /home/vboxuser/hw3_ws/install/turtlesim/local/lib/python3.10/dist-packages/turtlesim-1.4.2-py3.10.egg-info/dependency_links.txt
[2.491s] -- Installing: /home/vboxuser/hw3_ws/install/turtlesim/local/lib/python3.10/dist-packages/turtlesim-1.4.2-py3.10.egg-info/SOURCES.txt
[2.491s] -- Installing: /home/vboxuser/hw3_ws/install/turtlesim/local/lib/python3.10/dist-packages/turtlesim-1.4.2-py3.10.egg-info/PKG-INFO
[2.491s] -- Up-to-date: /home/vboxuser/hw3_ws/install/turtlesim/local/lib/python3.10/dist-packages/turtlesim
[2.491s] -- Up-to-date: /home/vboxuser/hw3_ws/install/turtlesim/local/lib/python3.10/dist-packages/turtlesim/turtlesim_s__rosidl_typesupport_fastrtps_c.cpython-310-x86_64-linux-gnu.so
[2.491s] -- Up-to-date: /home/vboxuser/hw3_ws/install/turtlesim/local/lib/python3.10/dist-packages/turtlesim/_turtlesim_s.ep.rosidl_typesupport_introspection_c.c
[2.491s] -- Up-to-date: /home/vboxuser/hw3_ws/install/turtlesim/local/lib/python3.10/dist-packages/turtlesim/_turtlesim_s.ep.rosidl_typesupport_fastrtps_c.c
[2.492s] -- Up-to-date: /home/vboxuser/hw3_ws/install/turtlesim/local/lib/python3.10/dist-packages/turtlesim/__init__.py
[2.492s] -- Up-to-date: /home/vboxuser/hw3_ws/install/turtlesim/local/lib/python3.10/dist-packages/turtlesim/_turtlesim_s.ep.rosidl_typesupport_c.c
[2.492s] -- Up-to-date: /home/vboxuser/hw3_ws/install/turtlesim/local/lib/python3.10/dist-packages/turtlesim/msg
[2.492s] -- Up-to-date: /home/vboxuser/hw3_ws/install/turtlesim/local/lib/python3.10/dist-packages/turtlesim/msg/_color.py
[2.492s] -- Up-to-date: /home/vboxuser/hw3_ws/install/turtlesim/local/lib/python3.10/dist-packages/turtlesim/msg/__init__.py
[2.492s] -- Up-to-date: /home/vboxuser/hw3_ws/install/turtlesim/local/lib/python3.10/dist-packages/turtlesim/msg/_pose.py
[2.492s] -- Up-to-date: /home/vboxuser/hw3_ws/install/turtlesim/local/lib/python3.10/dist-packages/turtlesim/msg/_color_s.c
[2.492s] -- Up-to-date: /home/vboxuser/hw3_ws/install/turtlesim/local/lib/python3.10/dist-packages/turtlesim/msg/_pose_s.c
[2.492s] -- Up-to-date: /home/vboxuser/hw3_ws/install/turtlesim/local/lib/python3.10/dist-packages/turtlesim/turtlesim_s__rosidl_typesupport_introspection_c.cpython-310-x86_64-linux-gnu.so
[2.492s] -- Up-to-date: /home/vboxuser/hw3_ws/install/turtlesim/local/lib/python3.10/dist-packages/turtlesim/libturtlesim__rosidl_generator_py.so
[2.492s] -- Up-to-date: /home/vboxuser/hw3_ws/install/turtlesim/local/lib/python3.10/dist-packages/turtlesim/srv
[2.493s] -- Up-to-date: /home/vboxuser/hw3_ws/install/turtlesim/local/lib/python3.10/dist-packages/turtlesim/srv/_teleport_relative_s.c
[2.493s] -- Up-to-date: /home/vboxuser/hw3_ws/install/turtlesim/local/lib/python3.10/dist-packages/turtlesim/srv/_set_pen.py
[2.493s] -- Up-to-date: /home/vboxuser/hw3_ws/install/turtlesim/local/lib/python3.10/dist-packages/turtlesim/srv/_kill_s.c
[2.493s] -- Up-to-date: /home/vboxuser/hw3_ws/install/turtlesim/local/lib/python3.10/dist-packages/turtlesim/srv/_teleport_relative.py
[2.493s] -- Up-to-date: /home/vboxuser/hw3_ws/install/turtlesim/local/lib/python3.10/dist-packages/turtlesim/srv/__init__.py
[2.493s] -- Up-to-date: /home/vboxuser/hw3_ws/install/turtlesim/local/lib/python3.10/dist-packages/turtlesim/srv/_teleport_absolute.py
[2.493s] -- Up-to-date: /home/vboxuser/hw3_ws/install/turtlesim/local/lib/python3.10/dist-packages/turtlesim/srv/_set_pen_s.c
[2.493s] -- Up-to-date: /home/vboxuser/hw3_ws/install/turtlesim/local/lib/python3.10/dist-packages/turtlesim/srv/_kill.py
[2.493s] -- Up-to-date: /home/vboxuser/hw3_ws/install/turtlesim/local/lib/python3.10/dist-packages/turtlesim/srv/_spawn_s.c
[2.493s] -- Up-to-date: /home/vboxuser/hw3_ws/install/turtlesim/local/lib/python3.10/dist-packages/turtlesim/srv/_teleport_absolute_s.c
[2.493s] -- Up-to-date: /home/vboxuser/hw3_ws/install/turtlesim/local/lib/python3.10/dist-packages/turtlesim/srv/_spawn.py
[2.494s] -- Up-to-date: /home/vboxuser/hw3_ws/install/turtlesim/local/lib/python3.10/dist-packages/turtlesim/action
[2.494s] -- Up-to-date: /home/vboxuser/hw3_ws/install/turtlesim/local/lib/python3.10/dist-packages/turtlesim/action/_rotate_absolute.py
[2.494s] -- Up-to-date: /home/vboxuser/hw3_ws/install/turtlesim/local/lib/python3.10/dist-packages/turtlesim/action/__init__.py
[2.494s] -- Up-to-date: /home/vboxuser/hw3_ws/install/turtlesim/local/lib/python3.10/dist-packages/turtlesim/action/_rotate_absolute_s.c
[2.494s] -- Up-to-date: /home/vboxuser/hw3_ws/install/turtlesim/local/lib/python3.10/dist-packages/turtlesim/turtlesim_s__rosidl_typesupport_c.cpython-310-x86_64-linux-gnu.so
[2.526s] Listing '/home/vboxuser/hw3_ws/install/turtlesim/local/lib/python3.10/dist-packages/turtlesim'...
[2.526s] Listing '/home/vboxuser/hw3_ws/install/turtlesim/local/lib/python3.10/dist-packages/turtlesim/action'...
[2.526s] Listing '/home/vboxuser/hw3_ws/install/turtlesim/local/lib/python3.10/dist-packages/turtlesim/msg'...
[2.526s] Listing '/home/vboxuser/hw3_ws/install/turtlesim/local/lib/python3.10/dist-packages/turtlesim/srv'...
[2.539s] -- Up-to-date: /home/vboxuser/hw3_ws/install/turtlesim/local/lib/python3.10/dist-packages/turtlesim/turtlesim_s__rosidl_typesupport_fastrtps_c.cpython-310-x86_64-linux-gnu.so
[2.539s] -- Up-to-date: /home/vboxuser/hw3_ws/install/turtlesim/local/lib/python3.10/dist-packages/turtlesim/turtlesim_s__rosidl_typesupport_introspection_c.cpython-310-x86_64-linux-gnu.so
[2.539s] -- Up-to-date: /home/vboxuser/hw3_ws/install/turtlesim/local/lib/python3.10/dist-packages/turtlesim/turtlesim_s__rosidl_typesupport_c.cpython-310-x86_64-linux-gnu.so
[2.539s] -- Up-to-date: /home/vboxuser/hw3_ws/install/turtlesim/lib/libturtlesim__rosidl_generator_py.so
[2.540s] -- Up-to-date: /home/vboxuser/hw3_ws/install/turtlesim/share/turtlesim/action/RotateAbsolute.idl
[2.540s] -- Up-to-date: /home/vboxuser/hw3_ws/install/turtlesim/share/turtlesim/msg/Color.idl
[2.540s] -- Up-to-date: /home/vboxuser/hw3_ws/install/turtlesim/share/turtlesim/msg/Pose.idl
[2.540s] -- Up-to-date: /home/vboxuser/hw3_ws/install/turtlesim/share/turtlesim/srv/Kill.idl
[2.540s] -- Up-to-date: /home/vboxuser/hw3_ws/install/turtlesim/share/turtlesim/srv/SetPen.idl
[2.541s] -- Up-to-date: /home/vboxuser/hw3_ws/install/turtlesim/share/turtlesim/srv/Spawn.idl
[2.541s] -- Up-to-date: /home/vboxuser/hw3_ws/install/turtlesim/share/turtlesim/srv/TeleportAbsolute.idl
[2.541s] -- Up-to-date: /home/vboxuser/hw3_ws/install/turtlesim/share/turtlesim/srv/TeleportRelative.idl
[2.541s] -- Up-to-date: /home/vboxuser/hw3_ws/install/turtlesim/share/turtlesim/action/RotateAbsolute.action
[2.541s] -- Up-to-date: /home/vboxuser/hw3_ws/install/turtlesim/share/turtlesim/msg/Color.msg
[2.541s] -- Up-to-date: /home/vboxuser/hw3_ws/install/turtlesim/share/turtlesim/msg/Pose.msg
[2.541s] -- Up-to-date: /home/vboxuser/hw3_ws/install/turtlesim/share/turtlesim/srv/Kill.srv
[2.541s] -- Up-to-date: /home/vboxuser/hw3_ws/install/turtlesim/share/turtlesim/srv/Kill_Request.msg
[2.542s] -- Up-to-date: /home/vboxuser/hw3_ws/install/turtlesim/share/turtlesim/srv/Kill_Response.msg
[2.542s] -- Up-to-date: /home/vboxuser/hw3_ws/install/turtlesim/share/turtlesim/srv/SetPen.srv
[2.542s] -- Up-to-date: /home/vboxuser/hw3_ws/install/turtlesim/share/turtlesim/srv/SetPen_Request.msg
[2.542s] -- Up-to-date: /home/vboxuser/hw3_ws/install/turtlesim/share/turtlesim/srv/SetPen_Response.msg
[2.542s] -- Up-to-date: /home/vboxuser/hw3_ws/install/turtlesim/share/turtlesim/srv/Spawn.srv
[2.542s] -- Up-to-date: /home/vboxuser/hw3_ws/install/turtlesim/share/turtlesim/srv/Spawn_Request.msg
[2.542s] -- Up-to-date: /home/vboxuser/hw3_ws/install/turtlesim/share/turtlesim/srv/Spawn_Response.msg
[2.542s] -- Up-to-date: /home/vboxuser/hw3_ws/install/turtlesim/share/turtlesim/srv/TeleportAbsolute.srv
[2.542s] -- Up-to-date: /home/vboxuser/hw3_ws/install/turtlesim/share/turtlesim/srv/TeleportAbsolute_Request.msg
[2.542s] -- Up-to-date: /home/vboxuser/hw3_ws/install/turtlesim/share/turtlesim/srv/TeleportAbsolute_Response.msg
[2.542s] -- Up-to-date: /home/vboxuser/hw3_ws/install/turtlesim/share/turtlesim/srv/TeleportRelative.srv
[2.542s] -- Up-to-date: /home/vboxuser/hw3_ws/install/turtlesim/share/turtlesim/srv/TeleportRelative_Request.msg
[2.542s] -- Up-to-date: /home/vboxuser/hw3_ws/install/turtlesim/share/turtlesim/srv/TeleportRelative_Response.msg
[2.542s] -- Up-to-date: /home/vboxuser/hw3_ws/install/turtlesim/lib/turtlesim/turtlesim_node
[2.542s] -- Up-to-date: /home/vboxuser/hw3_ws/install/turtlesim/lib/turtlesim/turtle_teleop_key
[2.543s] -- Up-to-date: /home/vboxuser/hw3_ws/install/turtlesim/lib/turtlesim/draw_square
[2.543s] -- Up-to-date: /home/vboxuser/hw3_ws/install/turtlesim/lib/turtlesim/mimic
[2.543s] -- Up-to-date: /home/vboxuser/hw3_ws/install/turtlesim/share/turtlesim/images
[2.543s] -- Up-to-date: /home/vboxuser/hw3_ws/install/turtlesim/share/turtlesim/images/foxy.png
[2.543s] -- Up-to-date: /home/vboxuser/hw3_ws/install/turtlesim/share/turtlesim/images/dashing.png
[2.543s] -- Up-to-date: /home/vboxuser/hw3_ws/install/turtlesim/share/turtlesim/images/bouncy.png
[2.543s] -- Up-to-date: /home/vboxuser/hw3_ws/install/turtlesim/share/turtlesim/images/ardent.png
[2.543s] -- Up-to-date: /home/vboxuser/hw3_ws/install/turtlesim/share/turtlesim/images/eloquent.png
[2.543s] -- Up-to-date: /home/vboxuser/hw3_ws/install/turtlesim/share/turtlesim/images/rolling.png
[2.544s] -- Up-to-date: /home/vboxuser/hw3_ws/install/turtlesim/share/turtlesim/images/humble.png
[2.544s] -- Up-to-date: /home/vboxuser/hw3_ws/install/turtlesim/share/turtlesim/images/crystal.png
[2.544s] -- Up-to-date: /home/vboxuser/hw3_ws/install/turtlesim/share/turtlesim/images/galactic.png
[2.544s] -- Up-to-date: /home/vboxuser/hw3_ws/install/turtlesim/share/turtlesim/launch
[2.544s] -- Up-to-date: /home/vboxuser/hw3_ws/install/turtlesim/share/turtlesim/launch/multisim.launch.py
[2.544s] -- Up-to-date: /home/vboxuser/hw3_ws/install/turtlesim/share/ament_index/resource_index/package_run_dependencies/turtlesim
[2.544s] -- Up-to-date: /home/vboxuser/hw3_ws/install/turtlesim/share/ament_index/resource_index/parent_prefix_path/turtlesim
[2.545s] -- Up-to-date: /home/vboxuser/hw3_ws/install/turtlesim/share/turtlesim/environment/ament_prefix_path.sh
[2.545s] -- Up-to-date: /home/vboxuser/hw3_ws/install/turtlesim/share/turtlesim/environment/ament_prefix_path.dsv
[2.545s] -- Up-to-date: /home/vboxuser/hw3_ws/install/turtlesim/share/turtlesim/environment/path.sh
[2.545s] -- Up-to-date: /home/vboxuser/hw3_ws/install/turtlesim/share/turtlesim/environment/path.dsv
[2.545s] -- Up-to-date: /home/vboxuser/hw3_ws/install/turtlesim/share/turtlesim/local_setup.bash
[2.545s] -- Up-to-date: /home/vboxuser/hw3_ws/install/turtlesim/share/turtlesim/local_setup.sh
[2.545s] -- Up-to-date: /home/vboxuser/hw3_ws/install/turtlesim/share/turtlesim/local_setup.zsh
[2.545s] -- Up-to-date: /home/vboxuser/hw3_ws/install/turtlesim/share/turtlesim/local_setup.dsv
[2.545s] -- Installing: /home/vboxuser/hw3_ws/install/turtlesim/share/turtlesim/package.dsv
[2.546s] -- Up-to-date: /home/vboxuser/hw3_ws/install/turtlesim/share/ament_index/resource_index/packages/turtlesim
[2.546s] -- Up-to-date: /home/vboxuser/hw3_ws/install/turtlesim/share/turtlesim/cmake/export_turtlesim__rosidl_generator_cExport.cmake
[2.546s] -- Up-to-date: /home/vboxuser/hw3_ws/install/turtlesim/share/turtlesim/cmake/export_turtlesim__rosidl_generator_cExport-noconfig.cmake
[2.546s] -- Up-to-date: /home/vboxuser/hw3_ws/install/turtlesim/share/turtlesim/cmake/export_turtlesim__rosidl_typesupport_fastrtps_cExport.cmake
[2.546s] -- Up-to-date: /home/vboxuser/hw3_ws/install/turtlesim/share/turtlesim/cmake/export_turtlesim__rosidl_typesupport_fastrtps_cExport-noconfig.cmake
[2.546s] -- Up-to-date: /home/vboxuser/hw3_ws/install/turtlesim/share/turtlesim/cmake/export_turtlesim__rosidl_generator_cppExport.cmake
[2.546s] -- Up-to-date: /home/vboxuser/hw3_ws/install/turtlesim/share/turtlesim/cmake/export_turtlesim__rosidl_typesupport_fastrtps_cppExport.cmake
[2.547s] -- Up-to-date: /home/vboxuser/hw3_ws/install/turtlesim/share/turtlesim/cmake/export_turtlesim__rosidl_typesupport_fastrtps_cppExport-noconfig.cmake
[2.547s] -- Up-to-date: /home/vboxuser/hw3_ws/install/turtlesim/share/turtlesim/cmake/turtlesim__rosidl_typesupport_introspection_cExport.cmake
[2.547s] -- Up-to-date: /home/vboxuser/hw3_ws/install/turtlesim/share/turtlesim/cmake/turtlesim__rosidl_typesupport_introspection_cExport-noconfig.cmake
[2.548s] -- Up-to-date: /home/vboxuser/hw3_ws/install/turtlesim/share/turtlesim/cmake/turtlesim__rosidl_typesupport_cExport.cmake
[2.548s] -- Up-to-date: /home/vboxuser/hw3_ws/install/turtlesim/share/turtlesim/cmake/turtlesim__rosidl_typesupport_cExport-noconfig.cmake
[2.548s] -- Up-to-date: /home/vboxuser/hw3_ws/install/turtlesim/share/turtlesim/cmake/turtlesim__rosidl_typesupport_introspection_cppExport.cmake
[2.548s] -- Up-to-date: /home/vboxuser/hw3_ws/install/turtlesim/share/turtlesim/cmake/turtlesim__rosidl_typesupport_introspection_cppExport-noconfig.cmake
[2.548s] -- Up-to-date: /home/vboxuser/hw3_ws/install/turtlesim/share/turtlesim/cmake/turtlesim__rosidl_typesupport_cppExport.cmake
[2.548s] -- Up-to-date: /home/vboxuser/hw3_ws/install/turtlesim/share/turtlesim/cmake/turtlesim__rosidl_typesupport_cppExport-noconfig.cmake
[2.549s] -- Up-to-date: /home/vboxuser/hw3_ws/install/turtlesim/share/turtlesim/cmake/export_turtlesim__rosidl_generator_pyExport.cmake
[2.549s] -- Up-to-date: /home/vboxuser/hw3_ws/install/turtlesim/share/turtlesim/cmake/export_turtlesim__rosidl_generator_pyExport-noconfig.cmake
[2.549s] -- Up-to-date: /home/vboxuser/hw3_ws/install/turtlesim/share/turtlesim/cmake/rosidl_cmake-extras.cmake
[2.549s] -- Up-to-date: /home/vboxuser/hw3_ws/install/turtlesim/share/turtlesim/cmake/ament_cmake_export_dependencies-extras.cmake
[2.549s] -- Up-to-date: /home/vboxuser/hw3_ws/install/turtlesim/share/turtlesim/cmake/ament_cmake_export_include_directories-extras.cmake
[2.549s] -- Up-to-date: /home/vboxuser/hw3_ws/install/turtlesim/share/turtlesim/cmake/ament_cmake_export_libraries-extras.cmake
[2.549s] -- Up-to-date: /home/vboxuser/hw3_ws/install/turtlesim/share/turtlesim/cmake/ament_cmake_export_targets-extras.cmake
[2.549s] -- Up-to-date: /home/vboxuser/hw3_ws/install/turtlesim/share/turtlesim/cmake/rosidl_cmake_export_typesupport_targets-extras.cmake
[2.550s] -- Up-to-date: /home/vboxuser/hw3_ws/install/turtlesim/share/turtlesim/cmake/rosidl_cmake_export_typesupport_libraries-extras.cmake
[2.550s] -- Up-to-date: /home/vboxuser/hw3_ws/install/turtlesim/share/turtlesim/cmake/turtlesimConfig.cmake
[2.550s] -- Up-to-date: /home/vboxuser/hw3_ws/install/turtlesim/share/turtlesim/cmake/turtlesimConfig-version.cmake
[2.550s] -- Up-to-date: /home/vboxuser/hw3_ws/install/turtlesim/share/turtlesim/package.xml
[2.551s] Invoked command in '/home/vboxuser/hw3_ws/build/turtlesim' returned '0': CMAKE_PREFIX_PATH=${CMAKE_PREFIX_PATH}:/home/vboxuser/hw3_ws/install/q2:/home/vboxuser/hw3_ws/install/q1:/home/vboxuser/hw3_ws/install/py_pubsub:/opt/ros/humble /usr/bin/cmake --install /home/vboxuser/hw3_ws/build/turtlesim
