[3.856s] Invoking command in '/home/vboxuser/hw5_ws/src/turtle_mover': PYTHONPATH=/home/vboxuser/hw5_ws/build/turtle_mover/prefix_override:/home/vboxuser/hw5_ws/install/turtle_mover/lib/python3.10/site-packages:${PYTHONPATH} /usr/bin/python3 setup.py egg_info --egg-base ../../build/turtle_mover build --build-base /home/vboxuser/hw5_ws/build/turtle_mover/build install --record /home/vboxuser/hw5_ws/build/turtle_mover/install.log --single-version-externally-managed
[4.697s] running egg_info
[4.700s] writing ../../build/turtle_mover/turtle_mover.egg-info/PKG-INFO
[4.703s] writing dependency_links to ../../build/turtle_mover/turtle_mover.egg-info/dependency_links.txt
[4.703s] writing entry points to ../../build/turtle_mover/turtle_mover.egg-info/entry_points.txt
[4.703s] writing requirements to ../../build/turtle_mover/turtle_mover.egg-info/requires.txt
[4.703s] writing top-level names to ../../build/turtle_mover/turtle_mover.egg-info/top_level.txt
[4.703s] reading manifest file '../../build/turtle_mover/turtle_mover.egg-info/SOURCES.txt'
[4.705s] writing manifest file '../../build/turtle_mover/turtle_mover.egg-info/SOURCES.txt'
[4.706s] running build
[4.706s] running build_py
[4.706s] running install
[4.707s] running install_lib
[4.714s] running install_data
[4.714s] running install_egg_info
[4.717s] removing '/home/vboxuser/hw5_ws/install/turtle_mover/lib/python3.10/site-packages/turtle_mover-0.0.0-py3.10.egg-info' (and everything under it)
[4.717s] Copying ../../build/turtle_mover/turtle_mover.egg-info to /home/vboxuser/hw5_ws/install/turtle_mover/lib/python3.10/site-packages/turtle_mover-0.0.0-py3.10.egg-info
[4.718s] running install_scripts
[4.785s] Installing turtle_mover script to /home/vboxuser/hw5_ws/install/turtle_mover/lib/turtle_mover
[4.785s] writing list of installed files to '/home/vboxuser/hw5_ws/build/turtle_mover/install.log'
[5.691s] Invoked command in '/home/vboxuser/hw5_ws/src/turtle_mover' returned '0': PYTHONPATH=/home/vboxuser/hw5_ws/build/turtle_mover/prefix_override:/home/vboxuser/hw5_ws/install/turtle_mover/lib/python3.10/site-packages:${PYTHONPATH} /usr/bin/python3 setup.py egg_info --egg-base ../../build/turtle_mover build --build-base /home/vboxuser/hw5_ws/build/turtle_mover/build install --record /home/vboxuser/hw5_ws/build/turtle_mover/install.log --single-version-externally-managed
