[1.461s] DEBUG:colcon:Command line arguments: ['/usr/bin/colcon', 'build']
[1.461s] DEBUG:colcon:Parsed command line arguments: Namespace(log_base=None, log_level=None, verb_name='build', build_base='build', install_base='install', merge_install=False, symlink_install=False, test_result_base=None, continue_on_error=False, executor='parallel', parallel_workers=6, event_handlers=None, ignore_user_meta=False, metas=['./colcon.meta'], base_paths=['.'], packages_ignore=None, packages_ignore_regex=None, paths=None, packages_up_to=None, packages_up_to_regex=None, packages_above=None, packages_above_and_dependencies=None, packages_above_depth=None, packages_select_by_dep=None, packages_skip_by_dep=None, packages_skip_up_to=None, packages_select_build_failed=False, packages_skip_build_finished=False, packages_select_test_failures=False, packages_skip_test_passed=False, packages_select=None, packages_skip=None, packages_select_regex=None, packages_skip_regex=None, packages_start=None, packages_end=None, allow_overriding=[], cmake_args=None, cmake_target=None, cmake_target_skip_unavailable=False, cmake_clean_cache=False, cmake_clean_first=False, cmake_force_configure=False, ament_cmake_args=None, catkin_cmake_args=None, catkin_skip_building_tests=False, verb_parser=<colcon_defaults.argument_parser.defaults.DefaultArgumentsDecorator object at 0x7f3a1f4399f0>, verb_extension=<colcon_core.verb.build.BuildVerb object at 0x7f3a1f4397e0>, main=<bound method BuildVerb.main of <colcon_core.verb.build.BuildVerb object at 0x7f3a1f4397e0>>)
[1.521s] Level 1:colcon.colcon_core.package_discovery:discover_packages(colcon_meta) check parameters
[1.521s] Level 1:colcon.colcon_core.package_discovery:discover_packages(recursive) check parameters
[1.521s] Level 1:colcon.colcon_core.package_discovery:discover_packages(ignore) check parameters
[1.522s] Level 1:colcon.colcon_core.package_discovery:discover_packages(path) check parameters
[1.522s] Level 1:colcon.colcon_core.package_discovery:discover_packages(colcon_meta) discover
[1.522s] Level 1:colcon.colcon_core.package_discovery:discover_packages(recursive) discover
[1.522s] INFO:colcon.colcon_core.package_discovery:Crawling recursively for packages in '/home/vboxuser/hw3_ws'
[1.522s] Level 1:colcon.colcon_core.package_identification:_identify(.) by extensions ['ignore', 'ignore_ament_install']
[1.522s] Level 1:colcon.colcon_core.package_identification:_identify(.) by extension 'ignore'
[1.522s] Level 1:colcon.colcon_core.package_identification:_identify(.) by extension 'ignore_ament_install'
[1.522s] Level 1:colcon.colcon_core.package_identification:_identify(.) by extensions ['colcon_pkg']
[1.522s] Level 1:colcon.colcon_core.package_identification:_identify(.) by extension 'colcon_pkg'
[1.522s] Level 1:colcon.colcon_core.package_identification:_identify(.) by extensions ['colcon_meta']
[1.522s] Level 1:colcon.colcon_core.package_identification:_identify(.) by extension 'colcon_meta'
[1.522s] Level 1:colcon.colcon_core.package_identification:_identify(.) by extensions ['ros']
[1.522s] Level 1:colcon.colcon_core.package_identification:_identify(.) by extension 'ros'
[1.537s] Level 1:colcon.colcon_core.package_identification:_identify(.) by extensions ['cmake', 'python']
[1.537s] Level 1:colcon.colcon_core.package_identification:_identify(.) by extension 'cmake'
[1.537s] Level 1:colcon.colcon_core.package_identification:_identify(.) by extension 'python'
[1.538s] Level 1:colcon.colcon_core.package_identification:_identify(.) by extensions ['python_setup_py']
[1.538s] Level 1:colcon.colcon_core.package_identification:_identify(.) by extension 'python_setup_py'
[1.538s] Level 1:colcon.colcon_core.package_identification:_identify(build) by extensions ['ignore', 'ignore_ament_install']
[1.538s] Level 1:colcon.colcon_core.package_identification:_identify(build) by extension 'ignore'
[1.538s] Level 1:colcon.colcon_core.package_identification:_identify(build) ignored
[1.538s] Level 1:colcon.colcon_core.package_identification:_identify(install) by extensions ['ignore', 'ignore_ament_install']
[1.538s] Level 1:colcon.colcon_core.package_identification:_identify(install) by extension 'ignore'
[1.538s] Level 1:colcon.colcon_core.package_identification:_identify(install) ignored
[1.538s] Level 1:colcon.colcon_core.package_identification:_identify(log) by extensions ['ignore', 'ignore_ament_install']
[1.538s] Level 1:colcon.colcon_core.package_identification:_identify(log) by extension 'ignore'
[1.539s] Level 1:colcon.colcon_core.package_identification:_identify(log) ignored
[1.539s] Level 1:colcon.colcon_core.package_identification:_identify(src) by extensions ['ignore', 'ignore_ament_install']
[1.539s] Level 1:colcon.colcon_core.package_identification:_identify(src) by extension 'ignore'
[1.539s] Level 1:colcon.colcon_core.package_identification:_identify(src) by extension 'ignore_ament_install'
[1.539s] Level 1:colcon.colcon_core.package_identification:_identify(src) by extensions ['colcon_pkg']
[1.539s] Level 1:colcon.colcon_core.package_identification:_identify(src) by extension 'colcon_pkg'
[1.539s] Level 1:colcon.colcon_core.package_identification:_identify(src) by extensions ['colcon_meta']
[1.539s] Level 1:colcon.colcon_core.package_identification:_identify(src) by extension 'colcon_meta'
[1.539s] Level 1:colcon.colcon_core.package_identification:_identify(src) by extensions ['ros']
[1.539s] Level 1:colcon.colcon_core.package_identification:_identify(src) by extension 'ros'
[1.539s] Level 1:colcon.colcon_core.package_identification:_identify(src) by extensions ['cmake', 'python']
[1.539s] Level 1:colcon.colcon_core.package_identification:_identify(src) by extension 'cmake'
[1.539s] Level 1:colcon.colcon_core.package_identification:_identify(src) by extension 'python'
[1.539s] Level 1:colcon.colcon_core.package_identification:_identify(src) by extensions ['python_setup_py']
[1.539s] Level 1:colcon.colcon_core.package_identification:_identify(src) by extension 'python_setup_py'
[1.540s] Level 1:colcon.colcon_core.package_identification:_identify(src/py_pubsub) by extensions ['ignore', 'ignore_ament_install']
[1.540s] Level 1:colcon.colcon_core.package_identification:_identify(src/py_pubsub) by extension 'ignore'
[1.540s] Level 1:colcon.colcon_core.package_identification:_identify(src/py_pubsub) by extension 'ignore_ament_install'
[1.540s] Level 1:colcon.colcon_core.package_identification:_identify(src/py_pubsub) by extensions ['colcon_pkg']
[1.540s] Level 1:colcon.colcon_core.package_identification:_identify(src/py_pubsub) by extension 'colcon_pkg'
[1.540s] Level 1:colcon.colcon_core.package_identification:_identify(src/py_pubsub) by extensions ['colcon_meta']
[1.540s] Level 1:colcon.colcon_core.package_identification:_identify(src/py_pubsub) by extension 'colcon_meta'
[1.540s] Level 1:colcon.colcon_core.package_identification:_identify(src/py_pubsub) by extensions ['ros']
[1.540s] Level 1:colcon.colcon_core.package_identification:_identify(src/py_pubsub) by extension 'ros'
[1.543s] DEBUG:colcon.colcon_core.package_identification:Package 'src/py_pubsub' with type 'ros.ament_python' and name 'py_pubsub'
[1.543s] Level 1:colcon.colcon_core.package_identification:_identify(src/q1) by extensions ['ignore', 'ignore_ament_install']
[1.543s] Level 1:colcon.colcon_core.package_identification:_identify(src/q1) by extension 'ignore'
[1.543s] Level 1:colcon.colcon_core.package_identification:_identify(src/q1) by extension 'ignore_ament_install'
[1.544s] Level 1:colcon.colcon_core.package_identification:_identify(src/q1) by extensions ['colcon_pkg']
[1.544s] Level 1:colcon.colcon_core.package_identification:_identify(src/q1) by extension 'colcon_pkg'
[1.544s] Level 1:colcon.colcon_core.package_identification:_identify(src/q1) by extensions ['colcon_meta']
[1.544s] Level 1:colcon.colcon_core.package_identification:_identify(src/q1) by extension 'colcon_meta'
[1.544s] Level 1:colcon.colcon_core.package_identification:_identify(src/q1) by extensions ['ros']
[1.544s] Level 1:colcon.colcon_core.package_identification:_identify(src/q1) by extension 'ros'
[1.544s] DEBUG:colcon.colcon_core.package_identification:Package 'src/q1' with type 'ros.ament_python' and name 'q1'
[1.544s] Level 1:colcon.colcon_core.package_identification:_identify(src/q2) by extensions ['ignore', 'ignore_ament_install']
[1.545s] Level 1:colcon.colcon_core.package_identification:_identify(src/q2) by extension 'ignore'
[1.545s] Level 1:colcon.colcon_core.package_identification:_identify(src/q2) by extension 'ignore_ament_install'
[1.545s] Level 1:colcon.colcon_core.package_identification:_identify(src/q2) by extensions ['colcon_pkg']
[1.545s] Level 1:colcon.colcon_core.package_identification:_identify(src/q2) by extension 'colcon_pkg'
[1.545s] Level 1:colcon.colcon_core.package_identification:_identify(src/q2) by extensions ['colcon_meta']
[1.545s] Level 1:colcon.colcon_core.package_identification:_identify(src/q2) by extension 'colcon_meta'
[1.545s] Level 1:colcon.colcon_core.package_identification:_identify(src/q2) by extensions ['ros']
[1.545s] Level 1:colcon.colcon_core.package_identification:_identify(src/q2) by extension 'ros'
[1.546s] DEBUG:colcon.colcon_core.package_identification:Package 'src/q2' with type 'ros.ament_python' and name 'q2'
[1.546s] Level 1:colcon.colcon_core.package_identification:_identify(src/q3) by extensions ['ignore', 'ignore_ament_install']
[1.546s] Level 1:colcon.colcon_core.package_identification:_identify(src/q3) by extension 'ignore'
[1.546s] Level 1:colcon.colcon_core.package_identification:_identify(src/q3) by extension 'ignore_ament_install'
[1.546s] Level 1:colcon.colcon_core.package_identification:_identify(src/q3) by extensions ['colcon_pkg']
[1.546s] Level 1:colcon.colcon_core.package_identification:_identify(src/q3) by extension 'colcon_pkg'
[1.546s] Level 1:colcon.colcon_core.package_identification:_identify(src/q3) by extensions ['colcon_meta']
[1.546s] Level 1:colcon.colcon_core.package_identification:_identify(src/q3) by extension 'colcon_meta'
[1.546s] Level 1:colcon.colcon_core.package_identification:_identify(src/q3) by extensions ['ros']
[1.546s] Level 1:colcon.colcon_core.package_identification:_identify(src/q3) by extension 'ros'
[1.547s] DEBUG:colcon.colcon_core.package_identification:Package 'src/q3' with type 'ros.ament_python' and name 'q3'
[1.547s] Level 1:colcon.colcon_core.package_identification:_identify(src/ros_tutorials) by extensions ['ignore', 'ignore_ament_install']
[1.547s] Level 1:colcon.colcon_core.package_identification:_identify(src/ros_tutorials) by extension 'ignore'
[1.547s] Level 1:colcon.colcon_core.package_identification:_identify(src/ros_tutorials) by extension 'ignore_ament_install'
[1.547s] Level 1:colcon.colcon_core.package_identification:_identify(src/ros_tutorials) by extensions ['colcon_pkg']
[1.548s] Level 1:colcon.colcon_core.package_identification:_identify(src/ros_tutorials) by extension 'colcon_pkg'
[1.548s] Level 1:colcon.colcon_core.package_identification:_identify(src/ros_tutorials) by extensions ['colcon_meta']
[1.548s] Level 1:colcon.colcon_core.package_identification:_identify(src/ros_tutorials) by extension 'colcon_meta'
[1.548s] Level 1:colcon.colcon_core.package_identification:_identify(src/ros_tutorials) by extensions ['ros']
[1.548s] Level 1:colcon.colcon_core.package_identification:_identify(src/ros_tutorials) by extension 'ros'
[1.548s] Level 1:colcon.colcon_core.package_identification:_identify(src/ros_tutorials) ignored
[1.548s] Level 1:colcon.colcon_core.package_identification:_identify(src/turtorial_interfaces) by extensions ['ignore', 'ignore_ament_install']
[1.548s] Level 1:colcon.colcon_core.package_identification:_identify(src/turtorial_interfaces) by extension 'ignore'
[1.548s] Level 1:colcon.colcon_core.package_identification:_identify(src/turtorial_interfaces) by extension 'ignore_ament_install'
[1.548s] Level 1:colcon.colcon_core.package_identification:_identify(src/turtorial_interfaces) by extensions ['colcon_pkg']
[1.548s] Level 1:colcon.colcon_core.package_identification:_identify(src/turtorial_interfaces) by extension 'colcon_pkg'
[1.548s] Level 1:colcon.colcon_core.package_identification:_identify(src/turtorial_interfaces) by extensions ['colcon_meta']
[1.548s] Level 1:colcon.colcon_core.package_identification:_identify(src/turtorial_interfaces) by extension 'colcon_meta'
[1.548s] Level 1:colcon.colcon_core.package_identification:_identify(src/turtorial_interfaces) by extensions ['ros']
[1.548s] Level 1:colcon.colcon_core.package_identification:_identify(src/turtorial_interfaces) by extension 'ros'
[1.548s] Level 1:colcon.colcon_core.package_identification:_identify(src/turtorial_interfaces) ignored
[1.548s] Level 1:colcon.colcon_core.package_discovery:discover_packages(recursive) using defaults
[1.549s] Level 1:colcon.colcon_core.package_discovery:discover_packages(ignore) discover
[1.549s] Level 1:colcon.colcon_core.package_discovery:discover_packages(ignore) using defaults
[1.549s] Level 1:colcon.colcon_core.package_discovery:discover_packages(path) discover
[1.549s] Level 1:colcon.colcon_core.package_discovery:discover_packages(path) using defaults
[1.674s] Level 1:colcon.colcon_core.package_discovery:discover_packages(prefix_path) check parameters
[1.674s] Level 1:colcon.colcon_core.package_discovery:discover_packages(prefix_path) discover
[1.719s] DEBUG:colcon.colcon_installed_package_information.package_discovery:Found 284 installed packages in /opt/ros/humble
[1.721s] Level 1:colcon.colcon_core.package_discovery:discover_packages(prefix_path) using defaults
[1.880s] Level 5:colcon.colcon_core.verb:set package 'py_pubsub' build argument 'cmake_args' from command line to 'None'
[1.880s] Level 5:colcon.colcon_core.verb:set package 'py_pubsub' build argument 'cmake_target' from command line to 'None'
[1.880s] Level 5:colcon.colcon_core.verb:set package 'py_pubsub' build argument 'cmake_target_skip_unavailable' from command line to 'False'
[1.880s] Level 5:colcon.colcon_core.verb:set package 'py_pubsub' build argument 'cmake_clean_cache' from command line to 'False'
[1.880s] Level 5:colcon.colcon_core.verb:set package 'py_pubsub' build argument 'cmake_clean_first' from command line to 'False'
[1.880s] Level 5:colcon.colcon_core.verb:set package 'py_pubsub' build argument 'cmake_force_configure' from command line to 'False'
[1.880s] Level 5:colcon.colcon_core.verb:set package 'py_pubsub' build argument 'ament_cmake_args' from command line to 'None'
[1.880s] Level 5:colcon.colcon_core.verb:set package 'py_pubsub' build argument 'catkin_cmake_args' from command line to 'None'
[1.880s] Level 5:colcon.colcon_core.verb:set package 'py_pubsub' build argument 'catkin_skip_building_tests' from command line to 'False'
[1.880s] DEBUG:colcon.colcon_core.verb:Building package 'py_pubsub' with the following arguments: {'ament_cmake_args': None, 'build_base': '/home/vboxuser/hw3_ws/build/py_pubsub', 'catkin_cmake_args': None, 'catkin_skip_building_tests': False, 'cmake_args': None, 'cmake_clean_cache': False, 'cmake_clean_first': False, 'cmake_force_configure': False, 'cmake_target': None, 'cmake_target_skip_unavailable': False, 'install_base': '/home/vboxuser/hw3_ws/install/py_pubsub', 'merge_install': False, 'path': '/home/vboxuser/hw3_ws/src/py_pubsub', 'symlink_install': False, 'test_result_base': None}
[1.900s] Level 5:colcon.colcon_core.verb:set package 'q1' build argument 'cmake_args' from command line to 'None'
[1.900s] Level 5:colcon.colcon_core.verb:set package 'q1' build argument 'cmake_target' from command line to 'None'
[1.900s] Level 5:colcon.colcon_core.verb:set package 'q1' build argument 'cmake_target_skip_unavailable' from command line to 'False'
[1.900s] Level 5:colcon.colcon_core.verb:set package 'q1' build argument 'cmake_clean_cache' from command line to 'False'
[1.900s] Level 5:colcon.colcon_core.verb:set package 'q1' build argument 'cmake_clean_first' from command line to 'False'
[1.900s] Level 5:colcon.colcon_core.verb:set package 'q1' build argument 'cmake_force_configure' from command line to 'False'
[1.900s] Level 5:colcon.colcon_core.verb:set package 'q1' build argument 'ament_cmake_args' from command line to 'None'
[1.900s] Level 5:colcon.colcon_core.verb:set package 'q1' build argument 'catkin_cmake_args' from command line to 'None'
[1.900s] Level 5:colcon.colcon_core.verb:set package 'q1' build argument 'catkin_skip_building_tests' from command line to 'False'
[1.900s] DEBUG:colcon.colcon_core.verb:Building package 'q1' with the following arguments: {'ament_cmake_args': None, 'build_base': '/home/vboxuser/hw3_ws/build/q1', 'catkin_cmake_args': None, 'catkin_skip_building_tests': False, 'cmake_args': None, 'cmake_clean_cache': False, 'cmake_clean_first': False, 'cmake_force_configure': False, 'cmake_target': None, 'cmake_target_skip_unavailable': False, 'install_base': '/home/vboxuser/hw3_ws/install/q1', 'merge_install': False, 'path': '/home/vboxuser/hw3_ws/src/q1', 'symlink_install': False, 'test_result_base': None}
[1.920s] Level 5:colcon.colcon_core.verb:set package 'q2' build argument 'cmake_args' from command line to 'None'
[1.920s] Level 5:colcon.colcon_core.verb:set package 'q2' build argument 'cmake_target' from command line to 'None'
[1.920s] Level 5:colcon.colcon_core.verb:set package 'q2' build argument 'cmake_target_skip_unavailable' from command line to 'False'
[1.920s] Level 5:colcon.colcon_core.verb:set package 'q2' build argument 'cmake_clean_cache' from command line to 'False'
[1.920s] Level 5:colcon.colcon_core.verb:set package 'q2' build argument 'cmake_clean_first' from command line to 'False'
[1.920s] Level 5:colcon.colcon_core.verb:set package 'q2' build argument 'cmake_force_configure' from command line to 'False'
[1.920s] Level 5:colcon.colcon_core.verb:set package 'q2' build argument 'ament_cmake_args' from command line to 'None'
[1.920s] Level 5:colcon.colcon_core.verb:set package 'q2' build argument 'catkin_cmake_args' from command line to 'None'
[1.920s] Level 5:colcon.colcon_core.verb:set package 'q2' build argument 'catkin_skip_building_tests' from command line to 'False'
[1.920s] DEBUG:colcon.colcon_core.verb:Building package 'q2' with the following arguments: {'ament_cmake_args': None, 'build_base': '/home/vboxuser/hw3_ws/build/q2', 'catkin_cmake_args': None, 'catkin_skip_building_tests': False, 'cmake_args': None, 'cmake_clean_cache': False, 'cmake_clean_first': False, 'cmake_force_configure': False, 'cmake_target': None, 'cmake_target_skip_unavailable': False, 'install_base': '/home/vboxuser/hw3_ws/install/q2', 'merge_install': False, 'path': '/home/vboxuser/hw3_ws/src/q2', 'symlink_install': False, 'test_result_base': None}
[1.940s] Level 5:colcon.colcon_core.verb:set package 'q3' build argument 'cmake_args' from command line to 'None'
[1.940s] Level 5:colcon.colcon_core.verb:set package 'q3' build argument 'cmake_target' from command line to 'None'
[1.940s] Level 5:colcon.colcon_core.verb:set package 'q3' build argument 'cmake_target_skip_unavailable' from command line to 'False'
[1.940s] Level 5:colcon.colcon_core.verb:set package 'q3' build argument 'cmake_clean_cache' from command line to 'False'
[1.941s] Level 5:colcon.colcon_core.verb:set package 'q3' build argument 'cmake_clean_first' from command line to 'False'
[1.941s] Level 5:colcon.colcon_core.verb:set package 'q3' build argument 'cmake_force_configure' from command line to 'False'
[1.941s] Level 5:colcon.colcon_core.verb:set package 'q3' build argument 'ament_cmake_args' from command line to 'None'
[1.941s] Level 5:colcon.colcon_core.verb:set package 'q3' build argument 'catkin_cmake_args' from command line to 'None'
[1.941s] Level 5:colcon.colcon_core.verb:set package 'q3' build argument 'catkin_skip_building_tests' from command line to 'False'
[1.941s] DEBUG:colcon.colcon_core.verb:Building package 'q3' with the following arguments: {'ament_cmake_args': None, 'build_base': '/home/vboxuser/hw3_ws/build/q3', 'catkin_cmake_args': None, 'catkin_skip_building_tests': False, 'cmake_args': None, 'cmake_clean_cache': False, 'cmake_clean_first': False, 'cmake_force_configure': False, 'cmake_target': None, 'cmake_target_skip_unavailable': False, 'install_base': '/home/vboxuser/hw3_ws/install/q3', 'merge_install': False, 'path': '/home/vboxuser/hw3_ws/src/q3', 'symlink_install': False, 'test_result_base': None}
[1.960s] INFO:colcon.colcon_core.executor:Executing jobs using 'parallel' executor
[1.982s] DEBUG:colcon.colcon_parallel_executor.executor.parallel:run_until_complete
[1.983s] INFO:colcon.colcon_ros.task.ament_python.build:Building ROS package in '/home/vboxuser/hw3_ws/src/py_pubsub' with build type 'ament_python'
[1.983s] Level 1:colcon.colcon_core.shell:create_environment_hook('py_pubsub', 'ament_prefix_path')
[2.005s] INFO:colcon.colcon_core.plugin_system:Skipping extension 'colcon_core.shell.bat': Not used on non-Windows systems
[2.005s] INFO:colcon.colcon_core.shell:Creating environment hook '/home/vboxuser/hw3_ws/install/py_pubsub/share/py_pubsub/hook/ament_prefix_path.ps1'
[2.006s] INFO:colcon.colcon_core.shell:Creating environment descriptor '/home/vboxuser/hw3_ws/install/py_pubsub/share/py_pubsub/hook/ament_prefix_path.dsv'
[2.006s] INFO:colcon.colcon_core.shell:Creating environment hook '/home/vboxuser/hw3_ws/install/py_pubsub/share/py_pubsub/hook/ament_prefix_path.sh'
[2.028s] INFO:colcon.colcon_core.shell:Skip shell extension 'powershell' for command environment: Not usable outside of PowerShell
[2.028s] DEBUG:colcon.colcon_core.shell:Skip shell extension 'dsv' for command environment
[2.071s] INFO:colcon.colcon_ros.task.ament_python.build:Building ROS package in '/home/vboxuser/hw3_ws/src/q1' with build type 'ament_python'
[2.071s] Level 1:colcon.colcon_core.shell:create_environment_hook('q1', 'ament_prefix_path')
[2.092s] INFO:colcon.colcon_core.shell:Creating environment hook '/home/vboxuser/hw3_ws/install/q1/share/q1/hook/ament_prefix_path.ps1'
[2.093s] INFO:colcon.colcon_core.shell:Creating environment descriptor '/home/vboxuser/hw3_ws/install/q1/share/q1/hook/ament_prefix_path.dsv'
[2.094s] INFO:colcon.colcon_core.shell:Creating environment hook '/home/vboxuser/hw3_ws/install/q1/share/q1/hook/ament_prefix_path.sh'
[2.115s] INFO:colcon.colcon_core.shell:Skip shell extension 'powershell' for command environment: Not usable outside of PowerShell
[2.115s] DEBUG:colcon.colcon_core.shell:Skip shell extension 'dsv' for command environment
[2.158s] INFO:colcon.colcon_ros.task.ament_python.build:Building ROS package in '/home/vboxuser/hw3_ws/src/q2' with build type 'ament_python'
[2.158s] Level 1:colcon.colcon_core.shell:create_environment_hook('q2', 'ament_prefix_path')
[2.177s] INFO:colcon.colcon_core.shell:Creating environment hook '/home/vboxuser/hw3_ws/install/q2/share/q2/hook/ament_prefix_path.ps1'
[2.177s] INFO:colcon.colcon_core.shell:Creating environment descriptor '/home/vboxuser/hw3_ws/install/q2/share/q2/hook/ament_prefix_path.dsv'
[2.178s] INFO:colcon.colcon_core.shell:Creating environment hook '/home/vboxuser/hw3_ws/install/q2/share/q2/hook/ament_prefix_path.sh'
[2.208s] INFO:colcon.colcon_core.shell:Skip shell extension 'powershell' for command environment: Not usable outside of PowerShell
[2.208s] DEBUG:colcon.colcon_core.shell:Skip shell extension 'dsv' for command environment
[2.251s] INFO:colcon.colcon_ros.task.ament_python.build:Building ROS package in '/home/vboxuser/hw3_ws/src/q3' with build type 'ament_python'
[2.251s] Level 1:colcon.colcon_core.shell:create_environment_hook('q3', 'ament_prefix_path')
[2.272s] INFO:colcon.colcon_core.shell:Creating environment hook '/home/vboxuser/hw3_ws/install/q3/share/q3/hook/ament_prefix_path.ps1'
[2.272s] INFO:colcon.colcon_core.shell:Creating environment descriptor '/home/vboxuser/hw3_ws/install/q3/share/q3/hook/ament_prefix_path.dsv'
[2.273s] INFO:colcon.colcon_core.shell:Creating environment hook '/home/vboxuser/hw3_ws/install/q3/share/q3/hook/ament_prefix_path.sh'
[2.294s] INFO:colcon.colcon_core.shell:Skip shell extension 'powershell' for command environment: Not usable outside of PowerShell
[2.294s] DEBUG:colcon.colcon_core.shell:Skip shell extension 'dsv' for command environment
[2.736s] INFO:colcon.colcon_core.task.python.build:Building Python package in '/home/vboxuser/hw3_ws/src/py_pubsub'
[2.756s] INFO:colcon.colcon_core.shell:Skip shell extension 'powershell' for command environment: Not usable outside of PowerShell
[2.756s] DEBUG:colcon.colcon_core.shell:Skip shell extension 'dsv' for command environment
[3.173s] INFO:colcon.colcon_core.task.python.build:Building Python package in '/home/vboxuser/hw3_ws/src/q1'
[3.194s] INFO:colcon.colcon_core.shell:Skip shell extension 'powershell' for command environment: Not usable outside of PowerShell
[3.194s] DEBUG:colcon.colcon_core.shell:Skip shell extension 'dsv' for command environment
[3.617s] INFO:colcon.colcon_core.task.python.build:Building Python package in '/home/vboxuser/hw3_ws/src/q2'
[3.638s] INFO:colcon.colcon_core.shell:Skip shell extension 'powershell' for command environment: Not usable outside of PowerShell
[3.638s] DEBUG:colcon.colcon_core.shell:Skip shell extension 'dsv' for command environment
[4.053s] INFO:colcon.colcon_core.task.python.build:Building Python package in '/home/vboxuser/hw3_ws/src/q3'
[4.073s] INFO:colcon.colcon_core.shell:Skip shell extension 'powershell' for command environment: Not usable outside of PowerShell
[4.073s] DEBUG:colcon.colcon_core.shell:Skip shell extension 'dsv' for command environment
[4.606s] DEBUG:colcon.colcon_core.event_handler.log_command:Invoking command in '/home/vboxuser/hw3_ws/src/py_pubsub': PYTHONPATH=/home/vboxuser/hw3_ws/build/py_pubsub/prefix_override:/home/vboxuser/hw3_ws/install/py_pubsub/lib/python3.10/site-packages:${PYTHONPATH} /usr/bin/python3 setup.py egg_info --egg-base ../../build/py_pubsub build --build-base /home/vboxuser/hw3_ws/build/py_pubsub/build install --record /home/vboxuser/hw3_ws/build/py_pubsub/install.log --single-version-externally-managed
[4.610s] DEBUG:colcon.colcon_core.event_handler.log_command:Invoking command in '/home/vboxuser/hw3_ws/src/q2': PYTHONPATH=/home/vboxuser/hw3_ws/build/q2/prefix_override:/home/vboxuser/hw3_ws/install/q2/lib/python3.10/site-packages:${PYTHONPATH} /usr/bin/python3 setup.py egg_info --egg-base ../../build/q2 build --build-base /home/vboxuser/hw3_ws/build/q2/build install --record /home/vboxuser/hw3_ws/build/q2/install.log --single-version-externally-managed
[4.632s] DEBUG:colcon.colcon_core.event_handler.log_command:Invoking command in '/home/vboxuser/hw3_ws/src/q1': PYTHONPATH=/home/vboxuser/hw3_ws/build/q1/prefix_override:/home/vboxuser/hw3_ws/install/q1/lib/python3.10/site-packages:${PYTHONPATH} /usr/bin/python3 setup.py egg_info --egg-base ../../build/q1 build --build-base /home/vboxuser/hw3_ws/build/q1/build install --record /home/vboxuser/hw3_ws/build/q1/install.log --single-version-externally-managed
[4.633s] DEBUG:colcon.colcon_core.event_handler.log_command:Invoking command in '/home/vboxuser/hw3_ws/src/q3': PYTHONPATH=/home/vboxuser/hw3_ws/build/q3/prefix_override:/home/vboxuser/hw3_ws/install/q3/lib/python3.10/site-packages:${PYTHONPATH} /usr/bin/python3 setup.py egg_info --egg-base ../../build/q3 build --build-base /home/vboxuser/hw3_ws/build/q3/build install --record /home/vboxuser/hw3_ws/build/q3/install.log --single-version-externally-managed
[5.051s] DEBUG:colcon.colcon_core.event_handler.log_command:Invoked command in '/home/vboxuser/hw3_ws/src/py_pubsub' returned '0': PYTHONPATH=/home/vboxuser/hw3_ws/build/py_pubsub/prefix_override:/home/vboxuser/hw3_ws/install/py_pubsub/lib/python3.10/site-packages:${PYTHONPATH} /usr/bin/python3 setup.py egg_info --egg-base ../../build/py_pubsub build --build-base /home/vboxuser/hw3_ws/build/py_pubsub/build install --record /home/vboxuser/hw3_ws/build/py_pubsub/install.log --single-version-externally-managed
[5.082s] Level 1:colcon.colcon_core.environment:checking '/home/vboxuser/hw3_ws/install/py_pubsub' for CMake module files
[5.083s] Level 1:colcon.colcon_core.environment:checking '/home/vboxuser/hw3_ws/install/py_pubsub' for CMake config files
[5.084s] Level 1:colcon.colcon_core.environment:checking '/home/vboxuser/hw3_ws/install/py_pubsub/lib'
[5.084s] Level 1:colcon.colcon_core.environment:checking '/home/vboxuser/hw3_ws/install/py_pubsub/bin'
[5.084s] Level 1:colcon.colcon_core.environment:checking '/home/vboxuser/hw3_ws/install/py_pubsub/lib/pkgconfig/py_pubsub.pc'
[5.084s] Level 1:colcon.colcon_core.environment:checking '/home/vboxuser/hw3_ws/install/py_pubsub/lib/python3.10/site-packages'
[5.084s] Level 1:colcon.colcon_core.shell:create_environment_hook('py_pubsub', 'pythonpath')
[5.106s] INFO:colcon.colcon_core.shell:Creating environment hook '/home/vboxuser/hw3_ws/install/py_pubsub/share/py_pubsub/hook/pythonpath.ps1'
[5.106s] INFO:colcon.colcon_core.shell:Creating environment descriptor '/home/vboxuser/hw3_ws/install/py_pubsub/share/py_pubsub/hook/pythonpath.dsv'
[5.107s] INFO:colcon.colcon_core.shell:Creating environment hook '/home/vboxuser/hw3_ws/install/py_pubsub/share/py_pubsub/hook/pythonpath.sh'
[5.107s] Level 1:colcon.colcon_core.environment:checking '/home/vboxuser/hw3_ws/install/py_pubsub/bin'
[5.107s] Level 1:colcon.colcon_core.environment:create_environment_scripts_only(py_pubsub)
[5.127s] INFO:colcon.colcon_core.shell:Creating package script '/home/vboxuser/hw3_ws/install/py_pubsub/share/py_pubsub/package.ps1'
[5.128s] INFO:colcon.colcon_core.shell:Creating package descriptor '/home/vboxuser/hw3_ws/install/py_pubsub/share/py_pubsub/package.dsv'
[5.129s] INFO:colcon.colcon_core.shell:Creating package script '/home/vboxuser/hw3_ws/install/py_pubsub/share/py_pubsub/package.sh'
[5.130s] INFO:colcon.colcon_core.shell:Creating package script '/home/vboxuser/hw3_ws/install/py_pubsub/share/py_pubsub/package.bash'
[5.131s] INFO:colcon.colcon_core.shell:Creating package script '/home/vboxuser/hw3_ws/install/py_pubsub/share/py_pubsub/package.zsh'
[5.132s] Level 1:colcon.colcon_core.environment:create_file_with_runtime_dependencies(/home/vboxuser/hw3_ws/install/py_pubsub/share/colcon-core/packages/py_pubsub)
[5.136s] DEBUG:colcon.colcon_core.event_handler.log_command:Invoked command in '/home/vboxuser/hw3_ws/src/q2' returned '0': PYTHONPATH=/home/vboxuser/hw3_ws/build/q2/prefix_override:/home/vboxuser/hw3_ws/install/q2/lib/python3.10/site-packages:${PYTHONPATH} /usr/bin/python3 setup.py egg_info --egg-base ../../build/q2 build --build-base /home/vboxuser/hw3_ws/build/q2/build install --record /home/vboxuser/hw3_ws/build/q2/install.log --single-version-externally-managed
[5.155s] Level 1:colcon.colcon_core.environment:checking '/home/vboxuser/hw3_ws/install/q2' for CMake module files
[5.156s] Level 1:colcon.colcon_core.environment:checking '/home/vboxuser/hw3_ws/install/q2' for CMake config files
[5.156s] Level 1:colcon.colcon_core.environment:checking '/home/vboxuser/hw3_ws/install/q2/lib'
[5.156s] Level 1:colcon.colcon_core.environment:checking '/home/vboxuser/hw3_ws/install/q2/bin'
[5.156s] Level 1:colcon.colcon_core.environment:checking '/home/vboxuser/hw3_ws/install/q2/lib/pkgconfig/q2.pc'
[5.157s] Level 1:colcon.colcon_core.environment:checking '/home/vboxuser/hw3_ws/install/q2/lib/python3.10/site-packages'
[5.157s] Level 1:colcon.colcon_core.shell:create_environment_hook('q2', 'pythonpath')
[5.185s] INFO:colcon.colcon_core.shell:Creating environment hook '/home/vboxuser/hw3_ws/install/q2/share/q2/hook/pythonpath.ps1'
[5.186s] INFO:colcon.colcon_core.shell:Creating environment descriptor '/home/vboxuser/hw3_ws/install/q2/share/q2/hook/pythonpath.dsv'
[5.187s] INFO:colcon.colcon_core.shell:Creating environment hook '/home/vboxuser/hw3_ws/install/q2/share/q2/hook/pythonpath.sh'
[5.188s] Level 1:colcon.colcon_core.environment:checking '/home/vboxuser/hw3_ws/install/q2/bin'
[5.188s] Level 1:colcon.colcon_core.environment:create_environment_scripts_only(q2)
[5.209s] INFO:colcon.colcon_core.shell:Creating package script '/home/vboxuser/hw3_ws/install/q2/share/q2/package.ps1'
[5.210s] INFO:colcon.colcon_core.shell:Creating package descriptor '/home/vboxuser/hw3_ws/install/q2/share/q2/package.dsv'
[5.211s] INFO:colcon.colcon_core.shell:Creating package script '/home/vboxuser/hw3_ws/install/q2/share/q2/package.sh'
[5.211s] INFO:colcon.colcon_core.shell:Creating package script '/home/vboxuser/hw3_ws/install/q2/share/q2/package.bash'
[5.211s] INFO:colcon.colcon_core.shell:Creating package script '/home/vboxuser/hw3_ws/install/q2/share/q2/package.zsh'
[5.212s] Level 1:colcon.colcon_core.environment:create_file_with_runtime_dependencies(/home/vboxuser/hw3_ws/install/q2/share/colcon-core/packages/q2)
[5.214s] DEBUG:colcon.colcon_core.event_handler.log_command:Invoked command in '/home/vboxuser/hw3_ws/src/q1' returned '0': PYTHONPATH=/home/vboxuser/hw3_ws/build/q1/prefix_override:/home/vboxuser/hw3_ws/install/q1/lib/python3.10/site-packages:${PYTHONPATH} /usr/bin/python3 setup.py egg_info --egg-base ../../build/q1 build --build-base /home/vboxuser/hw3_ws/build/q1/build install --record /home/vboxuser/hw3_ws/build/q1/install.log --single-version-externally-managed
[5.227s] Level 1:colcon.colcon_core.environment:checking '/home/vboxuser/hw3_ws/install/q1' for CMake module files
[5.227s] Level 1:colcon.colcon_core.environment:checking '/home/vboxuser/hw3_ws/install/q1' for CMake config files
[5.228s] Level 1:colcon.colcon_core.environment:checking '/home/vboxuser/hw3_ws/install/q1/lib'
[5.228s] Level 1:colcon.colcon_core.environment:checking '/home/vboxuser/hw3_ws/install/q1/bin'
[5.228s] Level 1:colcon.colcon_core.environment:checking '/home/vboxuser/hw3_ws/install/q1/lib/pkgconfig/q1.pc'
[5.228s] Level 1:colcon.colcon_core.environment:checking '/home/vboxuser/hw3_ws/install/q1/lib/python3.10/site-packages'
[5.228s] Level 1:colcon.colcon_core.shell:create_environment_hook('q1', 'pythonpath')
[5.250s] INFO:colcon.colcon_core.shell:Creating environment hook '/home/vboxuser/hw3_ws/install/q1/share/q1/hook/pythonpath.ps1'
[5.251s] INFO:colcon.colcon_core.shell:Creating environment descriptor '/home/vboxuser/hw3_ws/install/q1/share/q1/hook/pythonpath.dsv'
[5.251s] INFO:colcon.colcon_core.shell:Creating environment hook '/home/vboxuser/hw3_ws/install/q1/share/q1/hook/pythonpath.sh'
[5.252s] Level 1:colcon.colcon_core.environment:checking '/home/vboxuser/hw3_ws/install/q1/bin'
[5.252s] Level 1:colcon.colcon_core.environment:create_environment_scripts_only(q1)
[5.272s] INFO:colcon.colcon_core.shell:Creating package script '/home/vboxuser/hw3_ws/install/q1/share/q1/package.ps1'
[5.273s] INFO:colcon.colcon_core.shell:Creating package descriptor '/home/vboxuser/hw3_ws/install/q1/share/q1/package.dsv'
[5.274s] INFO:colcon.colcon_core.shell:Creating package script '/home/vboxuser/hw3_ws/install/q1/share/q1/package.sh'
[5.274s] INFO:colcon.colcon_core.shell:Creating package script '/home/vboxuser/hw3_ws/install/q1/share/q1/package.bash'
[5.275s] INFO:colcon.colcon_core.shell:Creating package script '/home/vboxuser/hw3_ws/install/q1/share/q1/package.zsh'
[5.275s] Level 1:colcon.colcon_core.environment:create_file_with_runtime_dependencies(/home/vboxuser/hw3_ws/install/q1/share/colcon-core/packages/q1)
[5.277s] DEBUG:colcon.colcon_core.event_handler.log_command:Invoked command in '/home/vboxuser/hw3_ws/src/q3' returned '0': PYTHONPATH=/home/vboxuser/hw3_ws/build/q3/prefix_override:/home/vboxuser/hw3_ws/install/q3/lib/python3.10/site-packages:${PYTHONPATH} /usr/bin/python3 setup.py egg_info --egg-base ../../build/q3 build --build-base /home/vboxuser/hw3_ws/build/q3/build install --record /home/vboxuser/hw3_ws/build/q3/install.log --single-version-externally-managed
[5.296s] Level 1:colcon.colcon_core.environment:checking '/home/vboxuser/hw3_ws/install/q3' for CMake module files
[5.297s] Level 1:colcon.colcon_core.environment:checking '/home/vboxuser/hw3_ws/install/q3' for CMake config files
[5.297s] Level 1:colcon.colcon_core.environment:checking '/home/vboxuser/hw3_ws/install/q3/lib'
[5.298s] Level 1:colcon.colcon_core.environment:checking '/home/vboxuser/hw3_ws/install/q3/bin'
[5.298s] Level 1:colcon.colcon_core.environment:checking '/home/vboxuser/hw3_ws/install/q3/lib/pkgconfig/q3.pc'
[5.298s] Level 1:colcon.colcon_core.environment:checking '/home/vboxuser/hw3_ws/install/q3/lib/python3.10/site-packages'
[5.298s] Level 1:colcon.colcon_core.shell:create_environment_hook('q3', 'pythonpath')
[5.320s] INFO:colcon.colcon_core.shell:Creating environment hook '/home/vboxuser/hw3_ws/install/q3/share/q3/hook/pythonpath.ps1'
[5.320s] INFO:colcon.colcon_core.shell:Creating environment descriptor '/home/vboxuser/hw3_ws/install/q3/share/q3/hook/pythonpath.dsv'
[5.321s] INFO:colcon.colcon_core.shell:Creating environment hook '/home/vboxuser/hw3_ws/install/q3/share/q3/hook/pythonpath.sh'
[5.322s] Level 1:colcon.colcon_core.environment:checking '/home/vboxuser/hw3_ws/install/q3/bin'
[5.322s] Level 1:colcon.colcon_core.environment:create_environment_scripts_only(q3)
[5.342s] INFO:colcon.colcon_core.shell:Creating package script '/home/vboxuser/hw3_ws/install/q3/share/q3/package.ps1'
[5.343s] INFO:colcon.colcon_core.shell:Creating package descriptor '/home/vboxuser/hw3_ws/install/q3/share/q3/package.dsv'
[5.343s] INFO:colcon.colcon_core.shell:Creating package script '/home/vboxuser/hw3_ws/install/q3/share/q3/package.sh'
[5.344s] INFO:colcon.colcon_core.shell:Creating package script '/home/vboxuser/hw3_ws/install/q3/share/q3/package.bash'
[5.344s] INFO:colcon.colcon_core.shell:Creating package script '/home/vboxuser/hw3_ws/install/q3/share/q3/package.zsh'
[5.344s] Level 1:colcon.colcon_core.environment:create_file_with_runtime_dependencies(/home/vboxuser/hw3_ws/install/q3/share/colcon-core/packages/q3)
[5.345s] DEBUG:colcon.colcon_parallel_executor.executor.parallel:closing loop
[5.345s] DEBUG:colcon.colcon_parallel_executor.executor.parallel:loop closed
[5.345s] DEBUG:colcon.colcon_parallel_executor.executor.parallel:run_until_complete finished with '0'
[5.345s] DEBUG:colcon.colcon_core.event_reactor:joining thread
[5.371s] INFO:colcon.colcon_core.plugin_system:Skipping extension 'colcon_notification.desktop_notification.terminal_notifier': Not used on non-Darwin systems
[5.371s] INFO:colcon.colcon_core.plugin_system:Skipping extension 'colcon_notification.desktop_notification.win32': Not used on non-Windows systems
[5.371s] INFO:colcon.colcon_notification.desktop_notification:Sending desktop notification using 'notify2'
[5.384s] DEBUG:colcon.colcon_core.event_reactor:joined thread
[5.405s] INFO:colcon.colcon_core.shell:Creating prefix script '/home/vboxuser/hw3_ws/install/local_setup.ps1'
[5.407s] INFO:colcon.colcon_core.shell:Creating prefix util module '/home/vboxuser/hw3_ws/install/_local_setup_util_ps1.py'
[5.409s] INFO:colcon.colcon_core.shell:Creating prefix chain script '/home/vboxuser/hw3_ws/install/setup.ps1'
[5.430s] INFO:colcon.colcon_core.shell:Creating prefix script '/home/vboxuser/hw3_ws/install/local_setup.sh'
[5.431s] INFO:colcon.colcon_core.shell:Creating prefix util module '/home/vboxuser/hw3_ws/install/_local_setup_util_sh.py'
[5.432s] INFO:colcon.colcon_core.shell:Creating prefix chain script '/home/vboxuser/hw3_ws/install/setup.sh'
[5.452s] INFO:colcon.colcon_core.shell:Creating prefix script '/home/vboxuser/hw3_ws/install/local_setup.bash'
[5.453s] INFO:colcon.colcon_core.shell:Creating prefix chain script '/home/vboxuser/hw3_ws/install/setup.bash'
[5.472s] INFO:colcon.colcon_core.shell:Creating prefix script '/home/vboxuser/hw3_ws/install/local_setup.zsh'
[5.473s] INFO:colcon.colcon_core.shell:Creating prefix chain script '/home/vboxuser/hw3_ws/install/setup.zsh'
