running egg_info
writing ../../build/q2/q2.egg-info/PKG-INFO
writing dependency_links to ../../build/q2/q2.egg-info/dependency_links.txt
writing entry points to ../../build/q2/q2.egg-info/entry_points.txt
writing requirements to ../../build/q2/q2.egg-info/requires.txt
writing top-level names to ../../build/q2/q2.egg-info/top_level.txt
reading manifest file '../../build/q2/q2.egg-info/SOURCES.txt'
adding license file 'LICENSE'
writing manifest file '../../build/q2/q2.egg-info/SOURCES.txt'
running build
running build_py
copying q2/node_link.py -> /home/vboxuser/hw3_ws/build/q2/build/lib/q2
running install
running install_lib
copying /home/vboxuser/hw3_ws/build/q2/build/lib/q2/node_link.py -> /home/vboxuser/hw3_ws/install/q2/lib/python3.10/site-packages/q2
byte-compiling /home/vboxuser/hw3_ws/install/q2/lib/python3.10/site-packages/q2/node_link.py to node_link.cpython-310.pyc
running install_data
running install_egg_info
removing '/home/vboxuser/hw3_ws/install/q2/lib/python3.10/site-packages/q2-0.0.0-py3.10.egg-info' (and everything under it)
Copying ../../build/q2/q2.egg-info to /home/vboxuser/hw3_ws/install/q2/lib/python3.10/site-packages/q2-0.0.0-py3.10.egg-info
running install_scripts
Installing node_link script to /home/vboxuser/hw3_ws/install/q2/lib/q2
Installing node_link2 script to /home/vboxuser/hw3_ws/install/q2/lib/q2
writing list of installed files to '/home/vboxuser/hw3_ws/build/q2/install.log'
