[1.109s] Invoking command in '/home/vboxuser/hw5_ws/src/turtle_joy': PYTHONPATH=/home/vboxuser/hw5_ws/build/turtle_joy/prefix_override:/home/vboxuser/hw5_ws/install/turtle_joy/lib/python3.10/site-packages:${PYTHONPATH} /usr/bin/python3 setup.py egg_info --egg-base ../../build/turtle_joy build --build-base /home/vboxuser/hw5_ws/build/turtle_joy/build install --record /home/vboxuser/hw5_ws/build/turtle_joy/install.log --single-version-externally-managed
[1.491s] running egg_info
[1.492s] writing ../../build/turtle_joy/turtle_joy.egg-info/PKG-INFO
[1.492s] writing dependency_links to ../../build/turtle_joy/turtle_joy.egg-info/dependency_links.txt
[1.492s] writing entry points to ../../build/turtle_joy/turtle_joy.egg-info/entry_points.txt
[1.493s] writing requirements to ../../build/turtle_joy/turtle_joy.egg-info/requires.txt
[1.493s] writing top-level names to ../../build/turtle_joy/turtle_joy.egg-info/top_level.txt
[1.495s] reading manifest file '../../build/turtle_joy/turtle_joy.egg-info/SOURCES.txt'
[1.497s] writing manifest file '../../build/turtle_joy/turtle_joy.egg-info/SOURCES.txt'
[1.497s] running build
[1.497s] running build_py
[1.497s] running install
[1.498s] running install_lib
[1.503s] running install_data
[1.503s] running install_egg_info
[1.503s] removing '/home/vboxuser/hw5_ws/install/turtle_joy/lib/python3.10/site-packages/turtle_joy-0.0.0-py3.10.egg-info' (and everything under it)
[1.503s] Copying ../../build/turtle_joy/turtle_joy.egg-info to /home/vboxuser/hw5_ws/install/turtle_joy/lib/python3.10/site-packages/turtle_joy-0.0.0-py3.10.egg-info
[1.504s] running install_scripts
[1.537s] Installing turtle_joy script to /home/vboxuser/hw5_ws/install/turtle_joy/lib/turtle_joy
[1.537s] writing list of installed files to '/home/vboxuser/hw5_ws/build/turtle_joy/install.log'
[1.569s] Invoked command in '/home/vboxuser/hw5_ws/src/turtle_joy' returned '0': PYTHONPATH=/home/vboxuser/hw5_ws/build/turtle_joy/prefix_override:/home/vboxuser/hw5_ws/install/turtle_joy/lib/python3.10/site-packages:${PYTHONPATH} /usr/bin/python3 setup.py egg_info --egg-base ../../build/turtle_joy build --build-base /home/vboxuser/hw5_ws/build/turtle_joy/build install --record /home/vboxuser/hw5_ws/build/turtle_joy/install.log --single-version-externally-managed
