[2.814s] Invoking command in '/home/vboxuser/hw3_ws/src/q3': PYTHONPATH=/home/vboxuser/hw3_ws/build/q3/prefix_override:/home/vboxuser/hw3_ws/install/q3/lib/python3.10/site-packages:${PYTHONPATH} /usr/bin/python3 setup.py egg_info --egg-base ../../build/q3 build --build-base /home/vboxuser/hw3_ws/build/q3/build install --record /home/vboxuser/hw3_ws/build/q3/install.log --single-version-externally-managed
[3.217s] running egg_info
[3.218s] writing ../../build/q3/q3.egg-info/PKG-INFO
[3.218s] writing dependency_links to ../../build/q3/q3.egg-info/dependency_links.txt
[3.219s] writing entry points to ../../build/q3/q3.egg-info/entry_points.txt
[3.219s] writing requirements to ../../build/q3/q3.egg-info/requires.txt
[3.219s] writing top-level names to ../../build/q3/q3.egg-info/top_level.txt
[3.222s] reading manifest file '../../build/q3/q3.egg-info/SOURCES.txt'
[3.224s] writing manifest file '../../build/q3/q3.egg-info/SOURCES.txt'
[3.224s] running build
[3.224s] running build_py
[3.224s] running install
[3.225s] running install_lib
[3.228s] running install_data
[3.228s] running install_egg_info
[3.230s] removing '/home/vboxuser/hw3_ws/install/q3/lib/python3.10/site-packages/q3-0.0.0-py3.10.egg-info' (and everything under it)
[3.231s] Copying ../../build/q3/q3.egg-info to /home/vboxuser/hw3_ws/install/q3/lib/python3.10/site-packages/q3-0.0.0-py3.10.egg-info
[3.232s] running install_scripts
[3.271s] Installing node_link script to /home/vboxuser/hw3_ws/install/q3/lib/q3
[3.271s] writing list of installed files to '/home/vboxuser/hw3_ws/build/q3/install.log'
[3.631s] Invoked command in '/home/vboxuser/hw3_ws/src/q3' returned '0': PYTHONPATH=/home/vboxuser/hw3_ws/build/q3/prefix_override:/home/vboxuser/hw3_ws/install/q3/lib/python3.10/site-packages:${PYTHONPATH} /usr/bin/python3 setup.py egg_info --egg-base ../../build/q3 build --build-base /home/vboxuser/hw3_ws/build/q3/build install --record /home/vboxuser/hw3_ws/build/q3/install.log --single-version-externally-managed
