[1.627s] DEBUG:colcon:Command line arguments: ['/usr/bin/colcon', 'build']
[1.627s] DEBUG:colcon:Parsed command line arguments: Namespace(log_base=None, log_level=None, verb_name='build', build_base='build', install_base='install', merge_install=False, symlink_install=False, test_result_base=None, continue_on_error=False, executor='parallel', parallel_workers=6, event_handlers=None, ignore_user_meta=False, metas=['./colcon.meta'], base_paths=['.'], packages_ignore=None, packages_ignore_regex=None, paths=None, packages_up_to=None, packages_up_to_regex=None, packages_above=None, packages_above_and_dependencies=None, packages_above_depth=None, packages_select_by_dep=None, packages_skip_by_dep=None, packages_skip_up_to=None, packages_select_build_failed=False, packages_skip_build_finished=False, packages_select_test_failures=False, packages_skip_test_passed=False, packages_select=None, packages_skip=None, packages_select_regex=None, packages_skip_regex=None, packages_start=None, packages_end=None, allow_overriding=[], cmake_args=None, cmake_target=None, cmake_target_skip_unavailable=False, cmake_clean_cache=False, cmake_clean_first=False, cmake_force_configure=False, ament_cmake_args=None, catkin_cmake_args=None, catkin_skip_building_tests=False, verb_parser=<colcon_defaults.argument_parser.defaults.DefaultArgumentsDecorator object at 0x7ff690abad40>, verb_extension=<colcon_core.verb.build.BuildVerb object at 0x7ff690abace0>, main=<bound method BuildVerb.main of <colcon_core.verb.build.BuildVerb object at 0x7ff690abace0>>)
[1.695s] Level 1:colcon.colcon_core.package_discovery:discover_packages(colcon_meta) check parameters
[1.696s] Level 1:colcon.colcon_core.package_discovery:discover_packages(recursive) check parameters
[1.696s] Level 1:colcon.colcon_core.package_discovery:discover_packages(ignore) check parameters
[1.696s] Level 1:colcon.colcon_core.package_discovery:discover_packages(path) check parameters
[1.696s] Level 1:colcon.colcon_core.package_discovery:discover_packages(colcon_meta) discover
[1.696s] Level 1:colcon.colcon_core.package_discovery:discover_packages(recursive) discover
[1.696s] INFO:colcon.colcon_core.package_discovery:Crawling recursively for packages in '/home/vboxuser/hw5_ws'
[1.696s] Level 1:colcon.colcon_core.package_identification:_identify(.) by extensions ['ignore', 'ignore_ament_install']
[1.696s] Level 1:colcon.colcon_core.package_identification:_identify(.) by extension 'ignore'
[1.696s] Level 1:colcon.colcon_core.package_identification:_identify(.) by extension 'ignore_ament_install'
[1.696s] Level 1:colcon.colcon_core.package_identification:_identify(.) by extensions ['colcon_pkg']
[1.696s] Level 1:colcon.colcon_core.package_identification:_identify(.) by extension 'colcon_pkg'
[1.696s] Level 1:colcon.colcon_core.package_identification:_identify(.) by extensions ['colcon_meta']
[1.696s] Level 1:colcon.colcon_core.package_identification:_identify(.) by extension 'colcon_meta'
[1.696s] Level 1:colcon.colcon_core.package_identification:_identify(.) by extensions ['ros']
[1.696s] Level 1:colcon.colcon_core.package_identification:_identify(.) by extension 'ros'
[1.712s] Level 1:colcon.colcon_core.package_identification:_identify(.) by extensions ['cmake', 'python']
[1.712s] Level 1:colcon.colcon_core.package_identification:_identify(.) by extension 'cmake'
[1.712s] Level 1:colcon.colcon_core.package_identification:_identify(.) by extension 'python'
[1.712s] Level 1:colcon.colcon_core.package_identification:_identify(.) by extensions ['python_setup_py']
[1.712s] Level 1:colcon.colcon_core.package_identification:_identify(.) by extension 'python_setup_py'
[1.712s] Level 1:colcon.colcon_core.package_identification:_identify(build) by extensions ['ignore', 'ignore_ament_install']
[1.713s] Level 1:colcon.colcon_core.package_identification:_identify(build) by extension 'ignore'
[1.713s] Level 1:colcon.colcon_core.package_identification:_identify(build) ignored
[1.713s] Level 1:colcon.colcon_core.package_identification:_identify(install) by extensions ['ignore', 'ignore_ament_install']
[1.713s] Level 1:colcon.colcon_core.package_identification:_identify(install) by extension 'ignore'
[1.713s] Level 1:colcon.colcon_core.package_identification:_identify(install) ignored
[1.713s] Level 1:colcon.colcon_core.package_identification:_identify(log) by extensions ['ignore', 'ignore_ament_install']
[1.713s] Level 1:colcon.colcon_core.package_identification:_identify(log) by extension 'ignore'
[1.713s] Level 1:colcon.colcon_core.package_identification:_identify(log) ignored
[1.713s] Level 1:colcon.colcon_core.package_identification:_identify(src) by extensions ['ignore', 'ignore_ament_install']
[1.714s] Level 1:colcon.colcon_core.package_identification:_identify(src) by extension 'ignore'
[1.714s] Level 1:colcon.colcon_core.package_identification:_identify(src) by extension 'ignore_ament_install'
[1.714s] Level 1:colcon.colcon_core.package_identification:_identify(src) by extensions ['colcon_pkg']
[1.714s] Level 1:colcon.colcon_core.package_identification:_identify(src) by extension 'colcon_pkg'
[1.714s] Level 1:colcon.colcon_core.package_identification:_identify(src) by extensions ['colcon_meta']
[1.714s] Level 1:colcon.colcon_core.package_identification:_identify(src) by extension 'colcon_meta'
[1.714s] Level 1:colcon.colcon_core.package_identification:_identify(src) by extensions ['ros']
[1.714s] Level 1:colcon.colcon_core.package_identification:_identify(src) by extension 'ros'
[1.714s] Level 1:colcon.colcon_core.package_identification:_identify(src) by extensions ['cmake', 'python']
[1.714s] Level 1:colcon.colcon_core.package_identification:_identify(src) by extension 'cmake'
[1.714s] Level 1:colcon.colcon_core.package_identification:_identify(src) by extension 'python'
[1.714s] Level 1:colcon.colcon_core.package_identification:_identify(src) by extensions ['python_setup_py']
[1.714s] Level 1:colcon.colcon_core.package_identification:_identify(src) by extension 'python_setup_py'
[1.714s] Level 1:colcon.colcon_core.package_identification:_identify(src/actions_py) by extensions ['ignore', 'ignore_ament_install']
[1.714s] Level 1:colcon.colcon_core.package_identification:_identify(src/actions_py) by extension 'ignore'
[1.714s] Level 1:colcon.colcon_core.package_identification:_identify(src/actions_py) by extension 'ignore_ament_install'
[1.714s] Level 1:colcon.colcon_core.package_identification:_identify(src/actions_py) by extensions ['colcon_pkg']
[1.715s] Level 1:colcon.colcon_core.package_identification:_identify(src/actions_py) by extension 'colcon_pkg'
[1.715s] Level 1:colcon.colcon_core.package_identification:_identify(src/actions_py) by extensions ['colcon_meta']
[1.715s] Level 1:colcon.colcon_core.package_identification:_identify(src/actions_py) by extension 'colcon_meta'
[1.715s] Level 1:colcon.colcon_core.package_identification:_identify(src/actions_py) by extensions ['ros']
[1.715s] Level 1:colcon.colcon_core.package_identification:_identify(src/actions_py) by extension 'ros'
[1.718s] DEBUG:colcon.colcon_core.package_identification:Package 'src/actions_py' with type 'ros.ament_python' and name 'actions_py'
[1.718s] Level 1:colcon.colcon_core.package_identification:_identify(src/build) by extensions ['ignore', 'ignore_ament_install']
[1.719s] Level 1:colcon.colcon_core.package_identification:_identify(src/build) by extension 'ignore'
[1.719s] Level 1:colcon.colcon_core.package_identification:_identify(src/build) ignored
[1.719s] Level 1:colcon.colcon_core.package_identification:_identify(src/install) by extensions ['ignore', 'ignore_ament_install']
[1.719s] Level 1:colcon.colcon_core.package_identification:_identify(src/install) by extension 'ignore'
[1.719s] Level 1:colcon.colcon_core.package_identification:_identify(src/install) ignored
[1.719s] Level 1:colcon.colcon_core.package_identification:_identify(src/log) by extensions ['ignore', 'ignore_ament_install']
[1.719s] Level 1:colcon.colcon_core.package_identification:_identify(src/log) by extension 'ignore'
[1.719s] Level 1:colcon.colcon_core.package_identification:_identify(src/log) ignored
[1.719s] Level 1:colcon.colcon_core.package_identification:_identify(src/my_interfaces) by extensions ['ignore', 'ignore_ament_install']
[1.719s] Level 1:colcon.colcon_core.package_identification:_identify(src/my_interfaces) by extension 'ignore'
[1.719s] Level 1:colcon.colcon_core.package_identification:_identify(src/my_interfaces) by extension 'ignore_ament_install'
[1.720s] Level 1:colcon.colcon_core.package_identification:_identify(src/my_interfaces) by extensions ['colcon_pkg']
[1.720s] Level 1:colcon.colcon_core.package_identification:_identify(src/my_interfaces) by extension 'colcon_pkg'
[1.720s] Level 1:colcon.colcon_core.package_identification:_identify(src/my_interfaces) by extensions ['colcon_meta']
[1.720s] Level 1:colcon.colcon_core.package_identification:_identify(src/my_interfaces) by extension 'colcon_meta'
[1.720s] Level 1:colcon.colcon_core.package_identification:_identify(src/my_interfaces) by extensions ['ros']
[1.720s] Level 1:colcon.colcon_core.package_identification:_identify(src/my_interfaces) by extension 'ros'
[1.721s] DEBUG:colcon.colcon_core.package_identification:Package 'src/my_interfaces' with type 'ros.ament_cmake' and name 'my_interfaces'
[1.721s] Level 1:colcon.colcon_core.package_identification:_identify(src/my_robot_intrfaces) by extensions ['ignore', 'ignore_ament_install']
[1.721s] Level 1:colcon.colcon_core.package_identification:_identify(src/my_robot_intrfaces) by extension 'ignore'
[1.721s] Level 1:colcon.colcon_core.package_identification:_identify(src/my_robot_intrfaces) ignored
[1.722s] Level 1:colcon.colcon_core.package_identification:_identify(src/turtle_joy) by extensions ['ignore', 'ignore_ament_install']
[1.722s] Level 1:colcon.colcon_core.package_identification:_identify(src/turtle_joy) by extension 'ignore'
[1.722s] Level 1:colcon.colcon_core.package_identification:_identify(src/turtle_joy) by extension 'ignore_ament_install'
[1.722s] Level 1:colcon.colcon_core.package_identification:_identify(src/turtle_joy) by extensions ['colcon_pkg']
[1.722s] Level 1:colcon.colcon_core.package_identification:_identify(src/turtle_joy) by extension 'colcon_pkg'
[1.722s] Level 1:colcon.colcon_core.package_identification:_identify(src/turtle_joy) by extensions ['colcon_meta']
[1.722s] Level 1:colcon.colcon_core.package_identification:_identify(src/turtle_joy) by extension 'colcon_meta'
[1.722s] Level 1:colcon.colcon_core.package_identification:_identify(src/turtle_joy) by extensions ['ros']
[1.722s] Level 1:colcon.colcon_core.package_identification:_identify(src/turtle_joy) by extension 'ros'
[1.723s] DEBUG:colcon.colcon_core.package_identification:Package 'src/turtle_joy' with type 'ros.ament_python' and name 'turtle_joy'
[1.723s] Level 1:colcon.colcon_core.package_identification:_identify(src/turtle_mover) by extensions ['ignore', 'ignore_ament_install']
[1.723s] Level 1:colcon.colcon_core.package_identification:_identify(src/turtle_mover) by extension 'ignore'
[1.723s] Level 1:colcon.colcon_core.package_identification:_identify(src/turtle_mover) by extension 'ignore_ament_install'
[1.724s] Level 1:colcon.colcon_core.package_identification:_identify(src/turtle_mover) by extensions ['colcon_pkg']
[1.724s] Level 1:colcon.colcon_core.package_identification:_identify(src/turtle_mover) by extension 'colcon_pkg'
[1.724s] Level 1:colcon.colcon_core.package_identification:_identify(src/turtle_mover) by extensions ['colcon_meta']
[1.724s] Level 1:colcon.colcon_core.package_identification:_identify(src/turtle_mover) by extension 'colcon_meta'
[1.724s] Level 1:colcon.colcon_core.package_identification:_identify(src/turtle_mover) by extensions ['ros']
[1.724s] Level 1:colcon.colcon_core.package_identification:_identify(src/turtle_mover) by extension 'ros'
[1.725s] DEBUG:colcon.colcon_core.package_identification:Package 'src/turtle_mover' with type 'ros.ament_python' and name 'turtle_mover'
[1.725s] Level 1:colcon.colcon_core.package_identification:_identify(src/turtle_run) by extensions ['ignore', 'ignore_ament_install']
[1.725s] Level 1:colcon.colcon_core.package_identification:_identify(src/turtle_run) by extension 'ignore'
[1.725s] Level 1:colcon.colcon_core.package_identification:_identify(src/turtle_run) by extension 'ignore_ament_install'
[1.725s] Level 1:colcon.colcon_core.package_identification:_identify(src/turtle_run) by extensions ['colcon_pkg']
[1.725s] Level 1:colcon.colcon_core.package_identification:_identify(src/turtle_run) by extension 'colcon_pkg'
[1.725s] Level 1:colcon.colcon_core.package_identification:_identify(src/turtle_run) by extensions ['colcon_meta']
[1.725s] Level 1:colcon.colcon_core.package_identification:_identify(src/turtle_run) by extension 'colcon_meta'
[1.725s] Level 1:colcon.colcon_core.package_identification:_identify(src/turtle_run) by extensions ['ros']
[1.725s] Level 1:colcon.colcon_core.package_identification:_identify(src/turtle_run) by extension 'ros'
[1.727s] DEBUG:colcon.colcon_core.package_identification:Package 'src/turtle_run' with type 'ros.ament_python' and name 'turtle_run'
[1.727s] Level 1:colcon.colcon_core.package_discovery:discover_packages(recursive) using defaults
[1.727s] Level 1:colcon.colcon_core.package_discovery:discover_packages(ignore) discover
[1.727s] Level 1:colcon.colcon_core.package_discovery:discover_packages(ignore) using defaults
[1.727s] Level 1:colcon.colcon_core.package_discovery:discover_packages(path) discover
[1.727s] Level 1:colcon.colcon_core.package_discovery:discover_packages(path) using defaults
[1.867s] Level 1:colcon.colcon_core.package_discovery:discover_packages(prefix_path) check parameters
[1.867s] Level 1:colcon.colcon_core.package_discovery:discover_packages(prefix_path) discover
[1.918s] DEBUG:colcon.colcon_installed_package_information.package_discovery:Found 6 installed packages in /home/vboxuser/hw5_ws/install
[1.941s] DEBUG:colcon.colcon_installed_package_information.package_discovery:Found 5 installed packages in /home/vboxuser/hw5_ws/src/install
[1.966s] DEBUG:colcon.colcon_installed_package_information.package_discovery:Found 284 installed packages in /opt/ros/humble
[1.981s] Level 1:colcon.colcon_core.package_discovery:discover_packages(prefix_path) using defaults
[2.140s] Level 5:colcon.colcon_core.verb:set package 'actions_py' build argument 'cmake_args' from command line to 'None'
[2.140s] Level 5:colcon.colcon_core.verb:set package 'actions_py' build argument 'cmake_target' from command line to 'None'
[2.140s] Level 5:colcon.colcon_core.verb:set package 'actions_py' build argument 'cmake_target_skip_unavailable' from command line to 'False'
[2.140s] Level 5:colcon.colcon_core.verb:set package 'actions_py' build argument 'cmake_clean_cache' from command line to 'False'
[2.140s] Level 5:colcon.colcon_core.verb:set package 'actions_py' build argument 'cmake_clean_first' from command line to 'False'
[2.140s] Level 5:colcon.colcon_core.verb:set package 'actions_py' build argument 'cmake_force_configure' from command line to 'False'
[2.141s] Level 5:colcon.colcon_core.verb:set package 'actions_py' build argument 'ament_cmake_args' from command line to 'None'
[2.141s] Level 5:colcon.colcon_core.verb:set package 'actions_py' build argument 'catkin_cmake_args' from command line to 'None'
[2.141s] Level 5:colcon.colcon_core.verb:set package 'actions_py' build argument 'catkin_skip_building_tests' from command line to 'False'
[2.141s] DEBUG:colcon.colcon_core.verb:Building package 'actions_py' with the following arguments: {'ament_cmake_args': None, 'build_base': '/home/vboxuser/hw5_ws/build/actions_py', 'catkin_cmake_args': None, 'catkin_skip_building_tests': False, 'cmake_args': None, 'cmake_clean_cache': False, 'cmake_clean_first': False, 'cmake_force_configure': False, 'cmake_target': None, 'cmake_target_skip_unavailable': False, 'install_base': '/home/vboxuser/hw5_ws/install/actions_py', 'merge_install': False, 'path': '/home/vboxuser/hw5_ws/src/actions_py', 'symlink_install': False, 'test_result_base': None}
[2.164s] Level 5:colcon.colcon_core.verb:set package 'my_interfaces' build argument 'cmake_args' from command line to 'None'
[2.164s] Level 5:colcon.colcon_core.verb:set package 'my_interfaces' build argument 'cmake_target' from command line to 'None'
[2.164s] Level 5:colcon.colcon_core.verb:set package 'my_interfaces' build argument 'cmake_target_skip_unavailable' from command line to 'False'
[2.164s] Level 5:colcon.colcon_core.verb:set package 'my_interfaces' build argument 'cmake_clean_cache' from command line to 'False'
[2.164s] Level 5:colcon.colcon_core.verb:set package 'my_interfaces' build argument 'cmake_clean_first' from command line to 'False'
[2.164s] Level 5:colcon.colcon_core.verb:set package 'my_interfaces' build argument 'cmake_force_configure' from command line to 'False'
[2.164s] Level 5:colcon.colcon_core.verb:set package 'my_interfaces' build argument 'ament_cmake_args' from command line to 'None'
[2.164s] Level 5:colcon.colcon_core.verb:set package 'my_interfaces' build argument 'catkin_cmake_args' from command line to 'None'
[2.164s] Level 5:colcon.colcon_core.verb:set package 'my_interfaces' build argument 'catkin_skip_building_tests' from command line to 'False'
[2.164s] DEBUG:colcon.colcon_core.verb:Building package 'my_interfaces' with the following arguments: {'ament_cmake_args': None, 'build_base': '/home/vboxuser/hw5_ws/build/my_interfaces', 'catkin_cmake_args': None, 'catkin_skip_building_tests': False, 'cmake_args': None, 'cmake_clean_cache': False, 'cmake_clean_first': False, 'cmake_force_configure': False, 'cmake_target': None, 'cmake_target_skip_unavailable': False, 'install_base': '/home/vboxuser/hw5_ws/install/my_interfaces', 'merge_install': False, 'path': '/home/vboxuser/hw5_ws/src/my_interfaces', 'symlink_install': False, 'test_result_base': None}
[2.186s] Level 5:colcon.colcon_core.verb:set package 'turtle_joy' build argument 'cmake_args' from command line to 'None'
[2.186s] Level 5:colcon.colcon_core.verb:set package 'turtle_joy' build argument 'cmake_target' from command line to 'None'
[2.186s] Level 5:colcon.colcon_core.verb:set package 'turtle_joy' build argument 'cmake_target_skip_unavailable' from command line to 'False'
[2.186s] Level 5:colcon.colcon_core.verb:set package 'turtle_joy' build argument 'cmake_clean_cache' from command line to 'False'
[2.186s] Level 5:colcon.colcon_core.verb:set package 'turtle_joy' build argument 'cmake_clean_first' from command line to 'False'
[2.186s] Level 5:colcon.colcon_core.verb:set package 'turtle_joy' build argument 'cmake_force_configure' from command line to 'False'
[2.187s] Level 5:colcon.colcon_core.verb:set package 'turtle_joy' build argument 'ament_cmake_args' from command line to 'None'
[2.187s] Level 5:colcon.colcon_core.verb:set package 'turtle_joy' build argument 'catkin_cmake_args' from command line to 'None'
[2.187s] Level 5:colcon.colcon_core.verb:set package 'turtle_joy' build argument 'catkin_skip_building_tests' from command line to 'False'
[2.187s] DEBUG:colcon.colcon_core.verb:Building package 'turtle_joy' with the following arguments: {'ament_cmake_args': None, 'build_base': '/home/vboxuser/hw5_ws/build/turtle_joy', 'catkin_cmake_args': None, 'catkin_skip_building_tests': False, 'cmake_args': None, 'cmake_clean_cache': False, 'cmake_clean_first': False, 'cmake_force_configure': False, 'cmake_target': None, 'cmake_target_skip_unavailable': False, 'install_base': '/home/vboxuser/hw5_ws/install/turtle_joy', 'merge_install': False, 'path': '/home/vboxuser/hw5_ws/src/turtle_joy', 'symlink_install': False, 'test_result_base': None}
[2.209s] Level 5:colcon.colcon_core.verb:set package 'turtle_mover' build argument 'cmake_args' from command line to 'None'
[2.209s] Level 5:colcon.colcon_core.verb:set package 'turtle_mover' build argument 'cmake_target' from command line to 'None'
[2.209s] Level 5:colcon.colcon_core.verb:set package 'turtle_mover' build argument 'cmake_target_skip_unavailable' from command line to 'False'
[2.209s] Level 5:colcon.colcon_core.verb:set package 'turtle_mover' build argument 'cmake_clean_cache' from command line to 'False'
[2.209s] Level 5:colcon.colcon_core.verb:set package 'turtle_mover' build argument 'cmake_clean_first' from command line to 'False'
[2.209s] Level 5:colcon.colcon_core.verb:set package 'turtle_mover' build argument 'cmake_force_configure' from command line to 'False'
[2.209s] Level 5:colcon.colcon_core.verb:set package 'turtle_mover' build argument 'ament_cmake_args' from command line to 'None'
[2.209s] Level 5:colcon.colcon_core.verb:set package 'turtle_mover' build argument 'catkin_cmake_args' from command line to 'None'
[2.209s] Level 5:colcon.colcon_core.verb:set package 'turtle_mover' build argument 'catkin_skip_building_tests' from command line to 'False'
[2.209s] DEBUG:colcon.colcon_core.verb:Building package 'turtle_mover' with the following arguments: {'ament_cmake_args': None, 'build_base': '/home/vboxuser/hw5_ws/build/turtle_mover', 'catkin_cmake_args': None, 'catkin_skip_building_tests': False, 'cmake_args': None, 'cmake_clean_cache': False, 'cmake_clean_first': False, 'cmake_force_configure': False, 'cmake_target': None, 'cmake_target_skip_unavailable': False, 'install_base': '/home/vboxuser/hw5_ws/install/turtle_mover', 'merge_install': False, 'path': '/home/vboxuser/hw5_ws/src/turtle_mover', 'symlink_install': False, 'test_result_base': None}
[2.231s] Level 5:colcon.colcon_core.verb:set package 'turtle_run' build argument 'cmake_args' from command line to 'None'
[2.232s] Level 5:colcon.colcon_core.verb:set package 'turtle_run' build argument 'cmake_target' from command line to 'None'
[2.232s] Level 5:colcon.colcon_core.verb:set package 'turtle_run' build argument 'cmake_target_skip_unavailable' from command line to 'False'
[2.232s] Level 5:colcon.colcon_core.verb:set package 'turtle_run' build argument 'cmake_clean_cache' from command line to 'False'
[2.232s] Level 5:colcon.colcon_core.verb:set package 'turtle_run' build argument 'cmake_clean_first' from command line to 'False'
[2.232s] Level 5:colcon.colcon_core.verb:set package 'turtle_run' build argument 'cmake_force_configure' from command line to 'False'
[2.232s] Level 5:colcon.colcon_core.verb:set package 'turtle_run' build argument 'ament_cmake_args' from command line to 'None'
[2.232s] Level 5:colcon.colcon_core.verb:set package 'turtle_run' build argument 'catkin_cmake_args' from command line to 'None'
[2.232s] Level 5:colcon.colcon_core.verb:set package 'turtle_run' build argument 'catkin_skip_building_tests' from command line to 'False'
[2.232s] DEBUG:colcon.colcon_core.verb:Building package 'turtle_run' with the following arguments: {'ament_cmake_args': None, 'build_base': '/home/vboxuser/hw5_ws/build/turtle_run', 'catkin_cmake_args': None, 'catkin_skip_building_tests': False, 'cmake_args': None, 'cmake_clean_cache': False, 'cmake_clean_first': False, 'cmake_force_configure': False, 'cmake_target': None, 'cmake_target_skip_unavailable': False, 'install_base': '/home/vboxuser/hw5_ws/install/turtle_run', 'merge_install': False, 'path': '/home/vboxuser/hw5_ws/src/turtle_run', 'symlink_install': False, 'test_result_base': None}
[2.254s] INFO:colcon.colcon_core.executor:Executing jobs using 'parallel' executor
[2.277s] DEBUG:colcon.colcon_parallel_executor.executor.parallel:run_until_complete
[2.277s] INFO:colcon.colcon_ros.task.ament_cmake.build:Building ROS package in '/home/vboxuser/hw5_ws/src/my_interfaces' with build type 'ament_cmake'
[2.278s] INFO:colcon.colcon_cmake.task.cmake.build:Building CMake package in '/home/vboxuser/hw5_ws/src/my_interfaces'
[2.303s] INFO:colcon.colcon_core.plugin_system:Skipping extension 'colcon_core.shell.bat': Not used on non-Windows systems
[2.303s] INFO:colcon.colcon_core.shell:Skip shell extension 'powershell' for command environment: Not usable outside of PowerShell
[2.303s] DEBUG:colcon.colcon_core.shell:Skip shell extension 'dsv' for command environment
[2.404s] INFO:colcon.colcon_ros.task.ament_python.build:Building ROS package in '/home/vboxuser/hw5_ws/src/actions_py' with build type 'ament_python'
[2.404s] Level 1:colcon.colcon_core.shell:create_environment_hook('actions_py', 'ament_prefix_path')
[2.427s] INFO:colcon.colcon_core.shell:Creating environment hook '/home/vboxuser/hw5_ws/install/actions_py/share/actions_py/hook/ament_prefix_path.ps1'
[2.428s] INFO:colcon.colcon_core.shell:Creating environment descriptor '/home/vboxuser/hw5_ws/install/actions_py/share/actions_py/hook/ament_prefix_path.dsv'
[2.428s] INFO:colcon.colcon_core.shell:Creating environment hook '/home/vboxuser/hw5_ws/install/actions_py/share/actions_py/hook/ament_prefix_path.sh'
[2.451s] INFO:colcon.colcon_core.shell:Skip shell extension 'powershell' for command environment: Not usable outside of PowerShell
[2.452s] DEBUG:colcon.colcon_core.shell:Skip shell extension 'dsv' for command environment
[2.564s] INFO:colcon.colcon_ros.task.ament_python.build:Building ROS package in '/home/vboxuser/hw5_ws/src/turtle_joy' with build type 'ament_python'
[2.564s] Level 1:colcon.colcon_core.shell:create_environment_hook('turtle_joy', 'ament_prefix_path')
[2.599s] INFO:colcon.colcon_core.shell:Creating environment hook '/home/vboxuser/hw5_ws/install/turtle_joy/share/turtle_joy/hook/ament_prefix_path.ps1'
[2.600s] INFO:colcon.colcon_core.shell:Creating environment descriptor '/home/vboxuser/hw5_ws/install/turtle_joy/share/turtle_joy/hook/ament_prefix_path.dsv'
[2.600s] INFO:colcon.colcon_core.shell:Creating environment hook '/home/vboxuser/hw5_ws/install/turtle_joy/share/turtle_joy/hook/ament_prefix_path.sh'
[2.627s] INFO:colcon.colcon_core.shell:Skip shell extension 'powershell' for command environment: Not usable outside of PowerShell
[2.627s] DEBUG:colcon.colcon_core.shell:Skip shell extension 'dsv' for command environment
[2.749s] INFO:colcon.colcon_ros.task.ament_python.build:Building ROS package in '/home/vboxuser/hw5_ws/src/turtle_mover' with build type 'ament_python'
[2.750s] Level 1:colcon.colcon_core.shell:create_environment_hook('turtle_mover', 'ament_prefix_path')
[2.777s] INFO:colcon.colcon_core.shell:Creating environment hook '/home/vboxuser/hw5_ws/install/turtle_mover/share/turtle_mover/hook/ament_prefix_path.ps1'
[2.777s] INFO:colcon.colcon_core.shell:Creating environment descriptor '/home/vboxuser/hw5_ws/install/turtle_mover/share/turtle_mover/hook/ament_prefix_path.dsv'
[2.778s] INFO:colcon.colcon_core.shell:Creating environment hook '/home/vboxuser/hw5_ws/install/turtle_mover/share/turtle_mover/hook/ament_prefix_path.sh'
[2.805s] INFO:colcon.colcon_core.shell:Skip shell extension 'powershell' for command environment: Not usable outside of PowerShell
[2.806s] DEBUG:colcon.colcon_core.shell:Skip shell extension 'dsv' for command environment
[2.931s] DEBUG:colcon.colcon_core.event_handler.log_command:Invoking command in '/home/vboxuser/hw5_ws/build/my_interfaces': CMAKE_PREFIX_PATH=${CMAKE_PREFIX_PATH}:/home/vboxuser/hw5_ws/install/turtle_run:/home/vboxuser/hw5_ws/install/turtle_mover:/home/vboxuser/hw5_ws/install/turtle_joy:/home/vboxuser/hw5_ws/install/actions_py:/home/vboxuser/hw5_ws/src/install/turtle_run:/home/vboxuser/hw5_ws/src/install/turtle_mover:/home/vboxuser/hw5_ws/src/install/turtle_joy:/home/vboxuser/hw5_ws/src/install/actions_py:/opt/ros/humble /usr/bin/cmake --build /home/vboxuser/hw5_ws/build/my_interfaces -- -j6 -l6
[3.547s] INFO:colcon.colcon_core.task.python.build:Building Python package in '/home/vboxuser/hw5_ws/src/actions_py'
[3.581s] INFO:colcon.colcon_core.shell:Skip shell extension 'powershell' for command environment: Not usable outside of PowerShell
[3.581s] DEBUG:colcon.colcon_core.shell:Skip shell extension 'dsv' for command environment
[4.195s] INFO:colcon.colcon_core.task.python.build:Building Python package in '/home/vboxuser/hw5_ws/src/turtle_joy'
[4.233s] INFO:colcon.colcon_core.shell:Skip shell extension 'powershell' for command environment: Not usable outside of PowerShell
[4.233s] DEBUG:colcon.colcon_core.shell:Skip shell extension 'dsv' for command environment
[4.849s] INFO:colcon.colcon_core.task.python.build:Building Python package in '/home/vboxuser/hw5_ws/src/turtle_mover'
[4.873s] INFO:colcon.colcon_core.shell:Skip shell extension 'powershell' for command environment: Not usable outside of PowerShell
[4.873s] DEBUG:colcon.colcon_core.shell:Skip shell extension 'dsv' for command environment
[4.992s] DEBUG:colcon.colcon_core.event_handler.log_command:Invoked command in '/home/vboxuser/hw5_ws/build/my_interfaces' returned '0': CMAKE_PREFIX_PATH=${CMAKE_PREFIX_PATH}:/home/vboxuser/hw5_ws/install/turtle_run:/home/vboxuser/hw5_ws/install/turtle_mover:/home/vboxuser/hw5_ws/install/turtle_joy:/home/vboxuser/hw5_ws/install/actions_py:/home/vboxuser/hw5_ws/src/install/turtle_run:/home/vboxuser/hw5_ws/src/install/turtle_mover:/home/vboxuser/hw5_ws/src/install/turtle_joy:/home/vboxuser/hw5_ws/src/install/actions_py:/opt/ros/humble /usr/bin/cmake --build /home/vboxuser/hw5_ws/build/my_interfaces -- -j6 -l6
[5.213s] DEBUG:colcon.colcon_core.event_handler.log_command:Invoking command in '/home/vboxuser/hw5_ws/build/my_interfaces': CMAKE_PREFIX_PATH=${CMAKE_PREFIX_PATH}:/home/vboxuser/hw5_ws/install/turtle_run:/home/vboxuser/hw5_ws/install/turtle_mover:/home/vboxuser/hw5_ws/install/turtle_joy:/home/vboxuser/hw5_ws/install/actions_py:/home/vboxuser/hw5_ws/src/install/turtle_run:/home/vboxuser/hw5_ws/src/install/turtle_mover:/home/vboxuser/hw5_ws/src/install/turtle_joy:/home/vboxuser/hw5_ws/src/install/actions_py:/opt/ros/humble /usr/bin/cmake --install /home/vboxuser/hw5_ws/build/my_interfaces
[5.372s] Level 1:colcon.colcon_core.environment:create_environment_scripts_only(my_interfaces)
[5.374s] DEBUG:colcon.colcon_core.event_handler.log_command:Invoked command in '/home/vboxuser/hw5_ws/build/my_interfaces' returned '0': CMAKE_PREFIX_PATH=${CMAKE_PREFIX_PATH}:/home/vboxuser/hw5_ws/install/turtle_run:/home/vboxuser/hw5_ws/install/turtle_mover:/home/vboxuser/hw5_ws/install/turtle_joy:/home/vboxuser/hw5_ws/install/actions_py:/home/vboxuser/hw5_ws/src/install/turtle_run:/home/vboxuser/hw5_ws/src/install/turtle_mover:/home/vboxuser/hw5_ws/src/install/turtle_joy:/home/vboxuser/hw5_ws/src/install/actions_py:/opt/ros/humble /usr/bin/cmake --install /home/vboxuser/hw5_ws/build/my_interfaces
[5.423s] Level 1:colcon.colcon_core.environment:checking '/home/vboxuser/hw5_ws/install/my_interfaces' for CMake module files
[5.426s] Level 1:colcon.colcon_core.environment:checking '/home/vboxuser/hw5_ws/install/my_interfaces' for CMake config files
[5.426s] Level 1:colcon.colcon_core.shell:create_environment_hook('my_interfaces', 'cmake_prefix_path')
[5.460s] INFO:colcon.colcon_core.shell:Creating environment hook '/home/vboxuser/hw5_ws/install/my_interfaces/share/my_interfaces/hook/cmake_prefix_path.ps1'
[5.461s] INFO:colcon.colcon_core.shell:Creating environment descriptor '/home/vboxuser/hw5_ws/install/my_interfaces/share/my_interfaces/hook/cmake_prefix_path.dsv'
[5.461s] INFO:colcon.colcon_core.shell:Creating environment hook '/home/vboxuser/hw5_ws/install/my_interfaces/share/my_interfaces/hook/cmake_prefix_path.sh'
[5.462s] Level 1:colcon.colcon_core.environment:checking '/home/vboxuser/hw5_ws/install/my_interfaces/lib'
[5.462s] Level 1:colcon.colcon_core.shell:create_environment_hook('my_interfaces', 'ld_library_path_lib')
[5.492s] INFO:colcon.colcon_core.shell:Creating environment hook '/home/vboxuser/hw5_ws/install/my_interfaces/share/my_interfaces/hook/ld_library_path_lib.ps1'
[5.493s] INFO:colcon.colcon_core.shell:Creating environment descriptor '/home/vboxuser/hw5_ws/install/my_interfaces/share/my_interfaces/hook/ld_library_path_lib.dsv'
[5.493s] INFO:colcon.colcon_core.shell:Creating environment hook '/home/vboxuser/hw5_ws/install/my_interfaces/share/my_interfaces/hook/ld_library_path_lib.sh'
[5.494s] Level 1:colcon.colcon_core.environment:checking '/home/vboxuser/hw5_ws/install/my_interfaces/bin'
[5.494s] Level 1:colcon.colcon_core.environment:checking '/home/vboxuser/hw5_ws/install/my_interfaces/lib/pkgconfig/my_interfaces.pc'
[5.494s] Level 1:colcon.colcon_core.environment:checking '/home/vboxuser/hw5_ws/install/my_interfaces/lib/python3.10/site-packages'
[5.495s] Level 1:colcon.colcon_core.environment:checking '/home/vboxuser/hw5_ws/install/my_interfaces/bin'
[5.522s] INFO:colcon.colcon_core.shell:Creating package script '/home/vboxuser/hw5_ws/install/my_interfaces/share/my_interfaces/package.ps1'
[5.532s] INFO:colcon.colcon_core.shell:Creating package descriptor '/home/vboxuser/hw5_ws/install/my_interfaces/share/my_interfaces/package.dsv'
[5.533s] INFO:colcon.colcon_core.shell:Creating package script '/home/vboxuser/hw5_ws/install/my_interfaces/share/my_interfaces/package.sh'
[5.534s] INFO:colcon.colcon_core.shell:Creating package script '/home/vboxuser/hw5_ws/install/my_interfaces/share/my_interfaces/package.bash'
[5.535s] INFO:colcon.colcon_core.shell:Creating package script '/home/vboxuser/hw5_ws/install/my_interfaces/share/my_interfaces/package.zsh'
[5.537s] Level 1:colcon.colcon_core.environment:create_file_with_runtime_dependencies(/home/vboxuser/hw5_ws/install/my_interfaces/share/colcon-core/packages/my_interfaces)
[5.761s] DEBUG:colcon.colcon_core.event_handler.log_command:Invoking command in '/home/vboxuser/hw5_ws/src/actions_py': PYTHONPATH=/home/vboxuser/hw5_ws/build/actions_py/prefix_override:/home/vboxuser/hw5_ws/install/actions_py/lib/python3.10/site-packages:${PYTHONPATH} /usr/bin/python3 setup.py egg_info --egg-base ../../build/actions_py build --build-base /home/vboxuser/hw5_ws/build/actions_py/build install --record /home/vboxuser/hw5_ws/build/actions_py/install.log --single-version-externally-managed
[5.820s] DEBUG:colcon.colcon_core.event_handler.log_command:Invoking command in '/home/vboxuser/hw5_ws/src/turtle_mover': PYTHONPATH=/home/vboxuser/hw5_ws/build/turtle_mover/prefix_override:/home/vboxuser/hw5_ws/install/turtle_mover/lib/python3.10/site-packages:${PYTHONPATH} /usr/bin/python3 setup.py egg_info --egg-base ../../build/turtle_mover build --build-base /home/vboxuser/hw5_ws/build/turtle_mover/build install --record /home/vboxuser/hw5_ws/build/turtle_mover/install.log --single-version-externally-managed
[5.876s] DEBUG:colcon.colcon_core.event_handler.log_command:Invoking command in '/home/vboxuser/hw5_ws/src/turtle_joy': PYTHONPATH=/home/vboxuser/hw5_ws/build/turtle_joy/prefix_override:/home/vboxuser/hw5_ws/install/turtle_joy/lib/python3.10/site-packages:${PYTHONPATH} /usr/bin/python3 setup.py egg_info --egg-base ../../build/turtle_joy build --build-base /home/vboxuser/hw5_ws/build/turtle_joy/build install --record /home/vboxuser/hw5_ws/build/turtle_joy/install.log --single-version-externally-managed
[5.985s] Level 1:colcon.colcon_core.environment:create_environment_scripts_only(my_interfaces)
[6.012s] Level 1:colcon.colcon_core.environment:checking '/home/vboxuser/hw5_ws/install/my_interfaces' for CMake module files
[6.013s] Level 1:colcon.colcon_core.environment:checking '/home/vboxuser/hw5_ws/install/my_interfaces' for CMake config files
[6.013s] Level 1:colcon.colcon_core.shell:create_environment_hook('my_interfaces', 'cmake_prefix_path')
[6.092s] INFO:colcon.colcon_core.shell:Creating environment hook '/home/vboxuser/hw5_ws/install/my_interfaces/share/my_interfaces/hook/cmake_prefix_path.ps1'
[6.095s] INFO:colcon.colcon_core.shell:Creating environment descriptor '/home/vboxuser/hw5_ws/install/my_interfaces/share/my_interfaces/hook/cmake_prefix_path.dsv'
[6.095s] INFO:colcon.colcon_core.shell:Creating environment hook '/home/vboxuser/hw5_ws/install/my_interfaces/share/my_interfaces/hook/cmake_prefix_path.sh'
[6.096s] Level 1:colcon.colcon_core.environment:checking '/home/vboxuser/hw5_ws/install/my_interfaces/lib'
[6.097s] Level 1:colcon.colcon_core.shell:create_environment_hook('my_interfaces', 'ld_library_path_lib')
[6.121s] INFO:colcon.colcon_core.shell:Creating environment hook '/home/vboxuser/hw5_ws/install/my_interfaces/share/my_interfaces/hook/ld_library_path_lib.ps1'
[6.122s] INFO:colcon.colcon_core.shell:Creating environment descriptor '/home/vboxuser/hw5_ws/install/my_interfaces/share/my_interfaces/hook/ld_library_path_lib.dsv'
[6.122s] INFO:colcon.colcon_core.shell:Creating environment hook '/home/vboxuser/hw5_ws/install/my_interfaces/share/my_interfaces/hook/ld_library_path_lib.sh'
[6.123s] Level 1:colcon.colcon_core.environment:checking '/home/vboxuser/hw5_ws/install/my_interfaces/bin'
[6.123s] Level 1:colcon.colcon_core.environment:checking '/home/vboxuser/hw5_ws/install/my_interfaces/lib/pkgconfig/my_interfaces.pc'
[6.129s] Level 1:colcon.colcon_core.environment:checking '/home/vboxuser/hw5_ws/install/my_interfaces/lib/python3.10/site-packages'
[6.130s] Level 1:colcon.colcon_core.environment:checking '/home/vboxuser/hw5_ws/install/my_interfaces/bin'
[6.172s] INFO:colcon.colcon_core.shell:Creating package script '/home/vboxuser/hw5_ws/install/my_interfaces/share/my_interfaces/package.ps1'
[6.176s] INFO:colcon.colcon_core.shell:Creating package descriptor '/home/vboxuser/hw5_ws/install/my_interfaces/share/my_interfaces/package.dsv'
[6.178s] INFO:colcon.colcon_core.shell:Creating package script '/home/vboxuser/hw5_ws/install/my_interfaces/share/my_interfaces/package.sh'
[6.179s] INFO:colcon.colcon_core.shell:Creating package script '/home/vboxuser/hw5_ws/install/my_interfaces/share/my_interfaces/package.bash'
[6.180s] INFO:colcon.colcon_core.shell:Creating package script '/home/vboxuser/hw5_ws/install/my_interfaces/share/my_interfaces/package.zsh'
[6.180s] Level 1:colcon.colcon_core.environment:create_file_with_runtime_dependencies(/home/vboxuser/hw5_ws/install/my_interfaces/share/colcon-core/packages/my_interfaces)
[6.182s] INFO:colcon.colcon_ros.task.ament_python.build:Building ROS package in '/home/vboxuser/hw5_ws/src/turtle_run' with build type 'ament_python'
[6.182s] Level 1:colcon.colcon_core.shell:create_environment_hook('turtle_run', 'ament_prefix_path')
[6.215s] INFO:colcon.colcon_core.shell:Creating environment hook '/home/vboxuser/hw5_ws/install/turtle_run/share/turtle_run/hook/ament_prefix_path.ps1'
[6.215s] INFO:colcon.colcon_core.shell:Creating environment descriptor '/home/vboxuser/hw5_ws/install/turtle_run/share/turtle_run/hook/ament_prefix_path.dsv'
[6.216s] INFO:colcon.colcon_core.shell:Creating environment hook '/home/vboxuser/hw5_ws/install/turtle_run/share/turtle_run/hook/ament_prefix_path.sh'
[6.261s] INFO:colcon.colcon_core.shell:Skip shell extension 'powershell' for command environment: Not usable outside of PowerShell
[6.261s] DEBUG:colcon.colcon_core.shell:Skip shell extension 'dsv' for command environment
[7.026s] INFO:colcon.colcon_core.task.python.build:Building Python package in '/home/vboxuser/hw5_ws/src/turtle_run'
[7.055s] INFO:colcon.colcon_core.shell:Skip shell extension 'powershell' for command environment: Not usable outside of PowerShell
[7.055s] DEBUG:colcon.colcon_core.shell:Skip shell extension 'dsv' for command environment
[7.198s] DEBUG:colcon.colcon_core.event_handler.log_command:Invoked command in '/home/vboxuser/hw5_ws/src/actions_py' returned '0': PYTHONPATH=/home/vboxuser/hw5_ws/build/actions_py/prefix_override:/home/vboxuser/hw5_ws/install/actions_py/lib/python3.10/site-packages:${PYTHONPATH} /usr/bin/python3 setup.py egg_info --egg-base ../../build/actions_py build --build-base /home/vboxuser/hw5_ws/build/actions_py/build install --record /home/vboxuser/hw5_ws/build/actions_py/install.log --single-version-externally-managed
[7.211s] Level 1:colcon.colcon_core.environment:checking '/home/vboxuser/hw5_ws/install/actions_py' for CMake module files
[7.212s] Level 1:colcon.colcon_core.environment:checking '/home/vboxuser/hw5_ws/install/actions_py' for CMake config files
[7.213s] Level 1:colcon.colcon_core.environment:checking '/home/vboxuser/hw5_ws/install/actions_py/lib'
[7.213s] Level 1:colcon.colcon_core.environment:checking '/home/vboxuser/hw5_ws/install/actions_py/bin'
[7.213s] Level 1:colcon.colcon_core.environment:checking '/home/vboxuser/hw5_ws/install/actions_py/lib/pkgconfig/actions_py.pc'
[7.214s] Level 1:colcon.colcon_core.environment:checking '/home/vboxuser/hw5_ws/install/actions_py/lib/python3.10/site-packages'
[7.214s] Level 1:colcon.colcon_core.shell:create_environment_hook('actions_py', 'pythonpath')
[7.249s] INFO:colcon.colcon_core.shell:Creating environment hook '/home/vboxuser/hw5_ws/install/actions_py/share/actions_py/hook/pythonpath.ps1'
[7.250s] INFO:colcon.colcon_core.shell:Creating environment descriptor '/home/vboxuser/hw5_ws/install/actions_py/share/actions_py/hook/pythonpath.dsv'
[7.250s] INFO:colcon.colcon_core.shell:Creating environment hook '/home/vboxuser/hw5_ws/install/actions_py/share/actions_py/hook/pythonpath.sh'
[7.251s] Level 1:colcon.colcon_core.environment:checking '/home/vboxuser/hw5_ws/install/actions_py/bin'
[7.252s] Level 1:colcon.colcon_core.environment:create_environment_scripts_only(actions_py)
[7.277s] INFO:colcon.colcon_core.shell:Creating package script '/home/vboxuser/hw5_ws/install/actions_py/share/actions_py/package.ps1'
[7.278s] INFO:colcon.colcon_core.shell:Creating package descriptor '/home/vboxuser/hw5_ws/install/actions_py/share/actions_py/package.dsv'
[7.278s] INFO:colcon.colcon_core.shell:Creating package script '/home/vboxuser/hw5_ws/install/actions_py/share/actions_py/package.sh'
[7.279s] INFO:colcon.colcon_core.shell:Creating package script '/home/vboxuser/hw5_ws/install/actions_py/share/actions_py/package.bash'
[7.279s] INFO:colcon.colcon_core.shell:Creating package script '/home/vboxuser/hw5_ws/install/actions_py/share/actions_py/package.zsh'
[7.279s] Level 1:colcon.colcon_core.environment:create_file_with_runtime_dependencies(/home/vboxuser/hw5_ws/install/actions_py/share/colcon-core/packages/actions_py)
[7.281s] DEBUG:colcon.colcon_core.event_handler.log_command:Invoked command in '/home/vboxuser/hw5_ws/src/turtle_mover' returned '0': PYTHONPATH=/home/vboxuser/hw5_ws/build/turtle_mover/prefix_override:/home/vboxuser/hw5_ws/install/turtle_mover/lib/python3.10/site-packages:${PYTHONPATH} /usr/bin/python3 setup.py egg_info --egg-base ../../build/turtle_mover build --build-base /home/vboxuser/hw5_ws/build/turtle_mover/build install --record /home/vboxuser/hw5_ws/build/turtle_mover/install.log --single-version-externally-managed
[7.309s] Level 1:colcon.colcon_core.environment:checking '/home/vboxuser/hw5_ws/install/turtle_mover' for CMake module files
[7.310s] Level 1:colcon.colcon_core.environment:checking '/home/vboxuser/hw5_ws/install/turtle_mover' for CMake config files
[7.311s] Level 1:colcon.colcon_core.environment:checking '/home/vboxuser/hw5_ws/install/turtle_mover/lib'
[7.311s] Level 1:colcon.colcon_core.environment:checking '/home/vboxuser/hw5_ws/install/turtle_mover/bin'
[7.311s] Level 1:colcon.colcon_core.environment:checking '/home/vboxuser/hw5_ws/install/turtle_mover/lib/pkgconfig/turtle_mover.pc'
[7.311s] Level 1:colcon.colcon_core.environment:checking '/home/vboxuser/hw5_ws/install/turtle_mover/lib/python3.10/site-packages'
[7.311s] Level 1:colcon.colcon_core.shell:create_environment_hook('turtle_mover', 'pythonpath')
[7.343s] INFO:colcon.colcon_core.shell:Creating environment hook '/home/vboxuser/hw5_ws/install/turtle_mover/share/turtle_mover/hook/pythonpath.ps1'
[7.343s] INFO:colcon.colcon_core.shell:Creating environment descriptor '/home/vboxuser/hw5_ws/install/turtle_mover/share/turtle_mover/hook/pythonpath.dsv'
[7.344s] INFO:colcon.colcon_core.shell:Creating environment hook '/home/vboxuser/hw5_ws/install/turtle_mover/share/turtle_mover/hook/pythonpath.sh'
[7.345s] Level 1:colcon.colcon_core.environment:checking '/home/vboxuser/hw5_ws/install/turtle_mover/bin'
[7.345s] Level 1:colcon.colcon_core.environment:create_environment_scripts_only(turtle_mover)
[7.369s] INFO:colcon.colcon_core.shell:Creating package script '/home/vboxuser/hw5_ws/install/turtle_mover/share/turtle_mover/package.ps1'
[7.370s] INFO:colcon.colcon_core.shell:Creating package descriptor '/home/vboxuser/hw5_ws/install/turtle_mover/share/turtle_mover/package.dsv'
[7.370s] INFO:colcon.colcon_core.shell:Creating package script '/home/vboxuser/hw5_ws/install/turtle_mover/share/turtle_mover/package.sh'
[7.371s] INFO:colcon.colcon_core.shell:Creating package script '/home/vboxuser/hw5_ws/install/turtle_mover/share/turtle_mover/package.bash'
[7.373s] INFO:colcon.colcon_core.shell:Creating package script '/home/vboxuser/hw5_ws/install/turtle_mover/share/turtle_mover/package.zsh'
[7.374s] Level 1:colcon.colcon_core.environment:create_file_with_runtime_dependencies(/home/vboxuser/hw5_ws/install/turtle_mover/share/colcon-core/packages/turtle_mover)
[7.381s] DEBUG:colcon.colcon_core.event_handler.log_command:Invoked command in '/home/vboxuser/hw5_ws/src/turtle_joy' returned '0': PYTHONPATH=/home/vboxuser/hw5_ws/build/turtle_joy/prefix_override:/home/vboxuser/hw5_ws/install/turtle_joy/lib/python3.10/site-packages:${PYTHONPATH} /usr/bin/python3 setup.py egg_info --egg-base ../../build/turtle_joy build --build-base /home/vboxuser/hw5_ws/build/turtle_joy/build install --record /home/vboxuser/hw5_ws/build/turtle_joy/install.log --single-version-externally-managed
[7.403s] Level 1:colcon.colcon_core.environment:checking '/home/vboxuser/hw5_ws/install/turtle_joy' for CMake module files
[7.404s] Level 1:colcon.colcon_core.environment:checking '/home/vboxuser/hw5_ws/install/turtle_joy' for CMake config files
[7.405s] Level 1:colcon.colcon_core.environment:checking '/home/vboxuser/hw5_ws/install/turtle_joy/lib'
[7.405s] Level 1:colcon.colcon_core.environment:checking '/home/vboxuser/hw5_ws/install/turtle_joy/bin'
[7.405s] Level 1:colcon.colcon_core.environment:checking '/home/vboxuser/hw5_ws/install/turtle_joy/lib/pkgconfig/turtle_joy.pc'
[7.406s] Level 1:colcon.colcon_core.environment:checking '/home/vboxuser/hw5_ws/install/turtle_joy/lib/python3.10/site-packages'
[7.406s] Level 1:colcon.colcon_core.shell:create_environment_hook('turtle_joy', 'pythonpath')
[7.430s] INFO:colcon.colcon_core.shell:Creating environment hook '/home/vboxuser/hw5_ws/install/turtle_joy/share/turtle_joy/hook/pythonpath.ps1'
[7.431s] INFO:colcon.colcon_core.shell:Creating environment descriptor '/home/vboxuser/hw5_ws/install/turtle_joy/share/turtle_joy/hook/pythonpath.dsv'
[7.432s] INFO:colcon.colcon_core.shell:Creating environment hook '/home/vboxuser/hw5_ws/install/turtle_joy/share/turtle_joy/hook/pythonpath.sh'
[7.435s] Level 1:colcon.colcon_core.environment:checking '/home/vboxuser/hw5_ws/install/turtle_joy/bin'
[7.436s] Level 1:colcon.colcon_core.environment:create_environment_scripts_only(turtle_joy)
[7.463s] INFO:colcon.colcon_core.shell:Creating package script '/home/vboxuser/hw5_ws/install/turtle_joy/share/turtle_joy/package.ps1'
[7.464s] INFO:colcon.colcon_core.shell:Creating package descriptor '/home/vboxuser/hw5_ws/install/turtle_joy/share/turtle_joy/package.dsv'
[7.465s] INFO:colcon.colcon_core.shell:Creating package script '/home/vboxuser/hw5_ws/install/turtle_joy/share/turtle_joy/package.sh'
[7.465s] INFO:colcon.colcon_core.shell:Creating package script '/home/vboxuser/hw5_ws/install/turtle_joy/share/turtle_joy/package.bash'
[7.466s] INFO:colcon.colcon_core.shell:Creating package script '/home/vboxuser/hw5_ws/install/turtle_joy/share/turtle_joy/package.zsh'
[7.466s] Level 1:colcon.colcon_core.environment:create_file_with_runtime_dependencies(/home/vboxuser/hw5_ws/install/turtle_joy/share/colcon-core/packages/turtle_joy)
[8.118s] DEBUG:colcon.colcon_core.event_handler.log_command:Invoking command in '/home/vboxuser/hw5_ws/src/turtle_run': CMAKE_PREFIX_PATH=/home/vboxuser/hw5_ws/install/my_interfaces:/home/vboxuser/hw5_ws/install/my_robot_intrfaces:/home/vboxuser/hw5_ws/src/install/my_interfaces LD_LIBRARY_PATH=/home/vboxuser/hw5_ws/install/my_interfaces/lib:/home/vboxuser/hw5_ws/install/my_robot_intrfaces/lib:/home/vboxuser/hw5_ws/src/install/my_interfaces/lib:/opt/ros/humble/opt/rviz_ogre_vendor/lib:/opt/ros/humble/lib/x86_64-linux-gnu:/opt/ros/humble/lib PYTHONPATH=/home/vboxuser/hw5_ws/build/turtle_run/prefix_override:/home/vboxuser/hw5_ws/install/turtle_run/lib/python3.10/site-packages:${PYTHONPATH} /usr/bin/python3 setup.py egg_info --egg-base ../../build/turtle_run build --build-base /home/vboxuser/hw5_ws/build/turtle_run/build install --record /home/vboxuser/hw5_ws/build/turtle_run/install.log --single-version-externally-managed
[8.769s] DEBUG:colcon.colcon_core.event_handler.log_command:Invoked command in '/home/vboxuser/hw5_ws/src/turtle_run' returned '0': CMAKE_PREFIX_PATH=/home/vboxuser/hw5_ws/install/my_interfaces:/home/vboxuser/hw5_ws/install/my_robot_intrfaces:/home/vboxuser/hw5_ws/src/install/my_interfaces LD_LIBRARY_PATH=/home/vboxuser/hw5_ws/install/my_interfaces/lib:/home/vboxuser/hw5_ws/install/my_robot_intrfaces/lib:/home/vboxuser/hw5_ws/src/install/my_interfaces/lib:/opt/ros/humble/opt/rviz_ogre_vendor/lib:/opt/ros/humble/lib/x86_64-linux-gnu:/opt/ros/humble/lib PYTHONPATH=/home/vboxuser/hw5_ws/build/turtle_run/prefix_override:/home/vboxuser/hw5_ws/install/turtle_run/lib/python3.10/site-packages:${PYTHONPATH} /usr/bin/python3 setup.py egg_info --egg-base ../../build/turtle_run build --build-base /home/vboxuser/hw5_ws/build/turtle_run/build install --record /home/vboxuser/hw5_ws/build/turtle_run/install.log --single-version-externally-managed
[8.793s] Level 1:colcon.colcon_core.environment:checking '/home/vboxuser/hw5_ws/install/turtle_run' for CMake module files
[8.793s] Level 1:colcon.colcon_core.environment:checking '/home/vboxuser/hw5_ws/install/turtle_run' for CMake config files
[8.794s] Level 1:colcon.colcon_core.environment:checking '/home/vboxuser/hw5_ws/install/turtle_run/lib'
[8.797s] Level 1:colcon.colcon_core.environment:checking '/home/vboxuser/hw5_ws/install/turtle_run/bin'
[8.797s] Level 1:colcon.colcon_core.environment:checking '/home/vboxuser/hw5_ws/install/turtle_run/lib/pkgconfig/turtle_run.pc'
[8.797s] Level 1:colcon.colcon_core.environment:checking '/home/vboxuser/hw5_ws/install/turtle_run/lib/python3.10/site-packages'
[8.797s] Level 1:colcon.colcon_core.shell:create_environment_hook('turtle_run', 'pythonpath')
[8.830s] INFO:colcon.colcon_core.shell:Creating environment hook '/home/vboxuser/hw5_ws/install/turtle_run/share/turtle_run/hook/pythonpath.ps1'
[8.831s] INFO:colcon.colcon_core.shell:Creating environment descriptor '/home/vboxuser/hw5_ws/install/turtle_run/share/turtle_run/hook/pythonpath.dsv'
[8.831s] INFO:colcon.colcon_core.shell:Creating environment hook '/home/vboxuser/hw5_ws/install/turtle_run/share/turtle_run/hook/pythonpath.sh'
[8.832s] Level 1:colcon.colcon_core.environment:checking '/home/vboxuser/hw5_ws/install/turtle_run/bin'
[8.832s] Level 1:colcon.colcon_core.environment:create_environment_scripts_only(turtle_run)
[8.856s] INFO:colcon.colcon_core.shell:Creating package script '/home/vboxuser/hw5_ws/install/turtle_run/share/turtle_run/package.ps1'
[8.857s] INFO:colcon.colcon_core.shell:Creating package descriptor '/home/vboxuser/hw5_ws/install/turtle_run/share/turtle_run/package.dsv'
[8.858s] INFO:colcon.colcon_core.shell:Creating package script '/home/vboxuser/hw5_ws/install/turtle_run/share/turtle_run/package.sh'
[8.858s] INFO:colcon.colcon_core.shell:Creating package script '/home/vboxuser/hw5_ws/install/turtle_run/share/turtle_run/package.bash'
[8.859s] INFO:colcon.colcon_core.shell:Creating package script '/home/vboxuser/hw5_ws/install/turtle_run/share/turtle_run/package.zsh'
[8.859s] Level 1:colcon.colcon_core.environment:create_file_with_runtime_dependencies(/home/vboxuser/hw5_ws/install/turtle_run/share/colcon-core/packages/turtle_run)
[8.860s] DEBUG:colcon.colcon_parallel_executor.executor.parallel:closing loop
[8.861s] DEBUG:colcon.colcon_parallel_executor.executor.parallel:loop closed
[8.861s] DEBUG:colcon.colcon_parallel_executor.executor.parallel:run_until_complete finished with '0'
[8.861s] DEBUG:colcon.colcon_core.event_reactor:joining thread
[8.894s] INFO:colcon.colcon_core.plugin_system:Skipping extension 'colcon_notification.desktop_notification.terminal_notifier': Not used on non-Darwin systems
[8.894s] INFO:colcon.colcon_core.plugin_system:Skipping extension 'colcon_notification.desktop_notification.win32': Not used on non-Windows systems
[8.898s] INFO:colcon.colcon_notification.desktop_notification:Sending desktop notification using 'notify2'
[8.926s] DEBUG:colcon.colcon_core.event_reactor:joined thread
[8.954s] INFO:colcon.colcon_core.shell:Creating prefix script '/home/vboxuser/hw5_ws/install/local_setup.ps1'
[8.955s] INFO:colcon.colcon_core.shell:Creating prefix util module '/home/vboxuser/hw5_ws/install/_local_setup_util_ps1.py'
[8.966s] INFO:colcon.colcon_core.shell:Creating prefix chain script '/home/vboxuser/hw5_ws/install/setup.ps1'
[8.991s] INFO:colcon.colcon_core.shell:Creating prefix script '/home/vboxuser/hw5_ws/install/local_setup.sh'
[8.992s] INFO:colcon.colcon_core.shell:Creating prefix util module '/home/vboxuser/hw5_ws/install/_local_setup_util_sh.py'
[8.993s] INFO:colcon.colcon_core.shell:Creating prefix chain script '/home/vboxuser/hw5_ws/install/setup.sh'
[9.019s] INFO:colcon.colcon_core.shell:Creating prefix script '/home/vboxuser/hw5_ws/install/local_setup.bash'
[9.020s] INFO:colcon.colcon_core.shell:Creating prefix chain script '/home/vboxuser/hw5_ws/install/setup.bash'
[9.047s] INFO:colcon.colcon_core.shell:Creating prefix script '/home/vboxuser/hw5_ws/install/local_setup.zsh'
[9.048s] INFO:colcon.colcon_core.shell:Creating prefix chain script '/home/vboxuser/hw5_ws/install/setup.zsh'
