[0.526s] Invoking command in '/home/vboxuser/hw5_ws/src/build/my_interfaces': CMAKE_PREFIX_PATH=${CMAKE_PREFIX_PATH}:/home/vboxuser/hw5_ws/install/turtle_run:/home/vboxuser/hw5_ws/install/turtle_mover:/home/vboxuser/hw5_ws/install/turtle_joy:/home/vboxuser/hw5_ws/install/actions_py:/opt/ros/humble /usr/bin/cmake --build /home/vboxuser/hw5_ws/src/build/my_interfaces -- -j6 -l6
[1.605s] -- Found ament_cmake: 1.3.6 (/opt/ros/humble/share/ament_cmake/cmake)
[1.605s] -- Found rosidl_default_generators: 1.2.0 (/opt/ros/humble/share/rosidl_default_generators/cmake)
[1.606s] -- Using all available rosidl_typesupport_c: rosidl_typesupport_fastrtps_c;rosidl_typesupport_introspection_c
[1.606s] -- Found rosidl_adapter: 3.1.5 (/opt/ros/humble/share/rosidl_adapter/cmake)
[1.606s] -- Using all available rosidl_typesupport_cpp: rosidl_typesupport_fastrtps_cpp;rosidl_typesupport_introspection_cpp
[1.606s] -- Found turtlesim: 1.4.2 (/opt/ros/humble/share/turtlesim/cmake)
[1.610s] -- Found ament_cmake_ros: 0.10.0 (/opt/ros/humble/share/ament_cmake_ros/cmake)
[1.903s] -- Using all available rosidl_typesupport_c: rosidl_typesupport_fastrtps_c;rosidl_typesupport_introspection_c
[2.315s] -- Using all available rosidl_typesupport_cpp: rosidl_typesupport_fastrtps_cpp;rosidl_typesupport_introspection_cpp
[2.336s] -- Found python_cmake_module: 0.10.0 (/opt/ros/humble/share/python_cmake_module/cmake)
[2.379s] -- Using PYTHON_EXECUTABLE: /usr/bin/python3
[2.379s] -- Using PYTHON_INCLUDE_DIRS: /usr/include/python3.10
[2.380s] -- Using PYTHON_LIBRARIES: /usr/lib/x86_64-linux-gnu/libpython3.10.so
[2.433s] -- Configuring done
[2.523s] -- Generating done
[2.529s] -- Build files have been written to: /home/vboxuser/hw5_ws/src/build/my_interfaces
[2.564s] [  2%] [34m[1mGenerating C code for ROS interfaces[0m
[2.622s] [  5%] [34m[1mGenerating C++ code for ROS interfaces[0m
[2.715s] [  5%] Built target ament_cmake_python_copy_my_interfaces
[3.282s] running egg_info
[3.284s] writing my_interfaces.egg-info/PKG-INFO
[3.286s] writing dependency_links to my_interfaces.egg-info/dependency_links.txt
[3.287s] writing top-level names to my_interfaces.egg-info/top_level.txt
[3.291s] reading manifest file 'my_interfaces.egg-info/SOURCES.txt'
[3.294s] writing manifest file 'my_interfaces.egg-info/SOURCES.txt'
[3.362s] [  5%] Built target ament_cmake_python_build_my_interfaces_egg
[4.388s] [  5%] Built target my_interfaces__cpp
[4.403s] [  7%] [34m[1mGenerating C++ type support for eProsima Fast-RTPS[0m
[4.404s] [ 10%] [34m[1mGenerating C++ introspection for ROS interfaces[0m
[4.407s] [ 12%] [34m[1mGenerating C++ type support dispatch for ROS interfaces[0m
[4.666s] [35m[1mConsolidate compiler generated dependencies of target my_interfaces__rosidl_generator_c[0m
[4.724s] [ 15%] [32mBuilding C object CMakeFiles/my_interfaces__rosidl_generator_c.dir/rosidl_generator_c/my_interfaces/action/detail/count_until__functions.c.o[0m
[4.736s] [ 17%] [32mBuilding C object CMakeFiles/my_interfaces__rosidl_generator_c.dir/rosidl_generator_c/my_interfaces/action/detail/turtle_run__functions.c.o[0m
[4.977s] [ 20%] [32m[1mLinking C shared library libmy_interfaces__rosidl_generator_c.so[0m
[5.093s] [ 20%] Built target my_interfaces__rosidl_generator_c
[5.117s] [ 23%] [34m[1mGenerating C introspection for ROS interfaces[0m
[5.121s] [ 25%] [34m[1mGenerating C type support for eProsima Fast-RTPS[0m
[5.135s] [ 28%] [34m[1mGenerating C type support dispatch for ROS interfaces[0m
[5.405s] [35m[1mConsolidate compiler generated dependencies of target my_interfaces__rosidl_typesupport_cpp[0m
[5.464s] [ 30%] [32mBuilding CXX object CMakeFiles/my_interfaces__rosidl_typesupport_cpp.dir/rosidl_typesupport_cpp/my_interfaces/action/count_until__type_support.cpp.o[0m
[6.046s] [35m[1mConsolidate compiler generated dependencies of target my_interfaces__rosidl_typesupport_introspection_cpp[0m
[6.099s] [ 33%] [32mBuilding CXX object CMakeFiles/my_interfaces__rosidl_typesupport_introspection_cpp.dir/rosidl_typesupport_introspection_cpp/my_interfaces/action/detail/count_until__type_support.cpp.o[0m
[6.255s] [35m[1mConsolidate compiler generated dependencies of target my_interfaces__rosidl_typesupport_c[0m
[6.277s] [ 35%] [32mBuilding CXX object CMakeFiles/my_interfaces__rosidl_typesupport_c.dir/rosidl_typesupport_c/my_interfaces/action/count_until__type_support.cpp.o[0m
[6.376s] [ 38%] [32mBuilding CXX object CMakeFiles/my_interfaces__rosidl_typesupport_cpp.dir/rosidl_typesupport_cpp/my_interfaces/action/turtle_run__type_support.cpp.o[0m
[6.385s] [ 41%] [32mBuilding CXX object CMakeFiles/my_interfaces__rosidl_typesupport_c.dir/rosidl_typesupport_c/my_interfaces/action/turtle_run__type_support.cpp.o[0m
[6.461s] [35m[1mConsolidate compiler generated dependencies of target my_interfaces__rosidl_typesupport_fastrtps_cpp[0m
[6.530s] [ 43%] [32m[1mLinking CXX shared library libmy_interfaces__rosidl_typesupport_c.so[0m
[6.539s] [ 46%] [32mBuilding CXX object CMakeFiles/my_interfaces__rosidl_typesupport_fastrtps_cpp.dir/rosidl_typesupport_fastrtps_cpp/my_interfaces/action/detail/dds_fastrtps/count_until__type_support.cpp.o[0m
[6.656s] [ 46%] Built target my_interfaces__rosidl_typesupport_c
[6.688s] [ 48%] [32mBuilding CXX object CMakeFiles/my_interfaces__rosidl_typesupport_fastrtps_cpp.dir/rosidl_typesupport_fastrtps_cpp/my_interfaces/action/detail/dds_fastrtps/turtle_run__type_support.cpp.o[0m
[7.273s] [35m[1mConsolidate compiler generated dependencies of target my_interfaces__rosidl_typesupport_introspection_c[0m
[7.384s] [ 51%] [32mBuilding C object CMakeFiles/my_interfaces__rosidl_typesupport_introspection_c.dir/rosidl_typesupport_introspection_c/my_interfaces/action/detail/count_until__type_support.c.o[0m
[7.466s] [35m[1mConsolidate compiler generated dependencies of target my_interfaces__rosidl_typesupport_fastrtps_c[0m
[7.513s] [ 53%] [32mBuilding CXX object CMakeFiles/my_interfaces__rosidl_typesupport_introspection_cpp.dir/rosidl_typesupport_introspection_cpp/my_interfaces/action/detail/turtle_run__type_support.cpp.o[0m
[7.541s] [ 56%] [32mBuilding CXX object CMakeFiles/my_interfaces__rosidl_typesupport_fastrtps_c.dir/rosidl_typesupport_fastrtps_c/my_interfaces/action/detail/count_until__type_support_c.cpp.o[0m
[7.557s] [ 58%] [32m[1mLinking CXX shared library libmy_interfaces__rosidl_typesupport_cpp.so[0m
[7.576s] [ 61%] [32mBuilding C object CMakeFiles/my_interfaces__rosidl_typesupport_introspection_c.dir/rosidl_typesupport_introspection_c/my_interfaces/action/detail/turtle_run__type_support.c.o[0m
[7.756s] [ 64%] [32m[1mLinking C shared library libmy_interfaces__rosidl_typesupport_introspection_c.so[0m
[7.756s] [ 64%] Built target my_interfaces__rosidl_typesupport_cpp
[7.792s] [ 66%] [32mBuilding CXX object CMakeFiles/my_interfaces__rosidl_typesupport_fastrtps_c.dir/rosidl_typesupport_fastrtps_c/my_interfaces/action/detail/turtle_run__type_support_c.cpp.o[0m
[7.871s] [ 66%] Built target my_interfaces__rosidl_typesupport_introspection_c
[7.928s] [ 69%] [32m[1mLinking CXX shared library libmy_interfaces__rosidl_typesupport_fastrtps_cpp.so[0m
[8.070s] [ 69%] Built target my_interfaces__rosidl_typesupport_fastrtps_cpp
[8.402s] [ 71%] [32m[1mLinking CXX shared library libmy_interfaces__rosidl_typesupport_fastrtps_c.so[0m
[8.505s] [ 74%] [32m[1mLinking CXX shared library libmy_interfaces__rosidl_typesupport_introspection_cpp.so[0m
[8.533s] [ 74%] Built target my_interfaces__rosidl_typesupport_fastrtps_c
[8.616s] [ 74%] Built target my_interfaces__rosidl_typesupport_introspection_cpp
[8.661s] [ 74%] Built target my_interfaces
[8.687s] [ 76%] [34m[1mGenerating Python code for ROS interfaces[0m
[11.478s] [ 76%] Built target my_interfaces__py
[11.490s] [35m[1mConsolidate compiler generated dependencies of target my_interfaces__rosidl_generator_py[0m
[11.506s] [ 82%] [32mBuilding C object CMakeFiles/my_interfaces__rosidl_generator_py.dir/rosidl_generator_py/my_interfaces/action/_count_until_s.c.o[0m
[11.507s] [ 82%] [32mBuilding C object CMakeFiles/my_interfaces__rosidl_generator_py.dir/rosidl_generator_py/my_interfaces/action/_turtle_run_s.c.o[0m
[11.714s] [ 84%] [32m[1mLinking C shared library rosidl_generator_py/my_interfaces/libmy_interfaces__rosidl_generator_py.so[0m
[11.774s] [ 84%] Built target my_interfaces__rosidl_generator_py
[11.785s] [35m[1mConsolidate compiler generated dependencies of target my_interfaces__rosidl_typesupport_c__pyext[0m
[11.785s] [35m[1mConsolidate compiler generated dependencies of target my_interfaces__rosidl_typesupport_fastrtps_c__pyext[0m
[11.787s] [35m[1mConsolidate compiler generated dependencies of target my_interfaces__rosidl_typesupport_introspection_c__pyext[0m
[11.802s] [ 87%] [32mBuilding C object CMakeFiles/my_interfaces__rosidl_typesupport_fastrtps_c__pyext.dir/rosidl_generator_py/my_interfaces/_my_interfaces_s.ep.rosidl_typesupport_fastrtps_c.c.o[0m
[11.804s] [ 89%] [32mBuilding C object CMakeFiles/my_interfaces__rosidl_typesupport_c__pyext.dir/rosidl_generator_py/my_interfaces/_my_interfaces_s.ep.rosidl_typesupport_c.c.o[0m
[11.804s] [ 92%] [32mBuilding C object CMakeFiles/my_interfaces__rosidl_typesupport_introspection_c__pyext.dir/rosidl_generator_py/my_interfaces/_my_interfaces_s.ep.rosidl_typesupport_introspection_c.c.o[0m
[12.010s] [ 94%] [32m[1mLinking C shared library rosidl_generator_py/my_interfaces/my_interfaces_s__rosidl_typesupport_c.cpython-310-x86_64-linux-gnu.so[0m
[12.016s] [ 97%] [32m[1mLinking C shared library rosidl_generator_py/my_interfaces/my_interfaces_s__rosidl_typesupport_introspection_c.cpython-310-x86_64-linux-gnu.so[0m
[12.018s] [100%] [32m[1mLinking C shared library rosidl_generator_py/my_interfaces/my_interfaces_s__rosidl_typesupport_fastrtps_c.cpython-310-x86_64-linux-gnu.so[0m
[12.080s] [100%] Built target my_interfaces__rosidl_typesupport_fastrtps_c__pyext
[12.080s] [100%] Built target my_interfaces__rosidl_typesupport_c__pyext
[12.088s] [100%] Built target my_interfaces__rosidl_typesupport_introspection_c__pyext
[12.105s] Invoked command in '/home/vboxuser/hw5_ws/src/build/my_interfaces' returned '0': CMAKE_PREFIX_PATH=${CMAKE_PREFIX_PATH}:/home/vboxuser/hw5_ws/install/turtle_run:/home/vboxuser/hw5_ws/install/turtle_mover:/home/vboxuser/hw5_ws/install/turtle_joy:/home/vboxuser/hw5_ws/install/actions_py:/opt/ros/humble /usr/bin/cmake --build /home/vboxuser/hw5_ws/src/build/my_interfaces -- -j6 -l6
[12.228s] Invoking command in '/home/vboxuser/hw5_ws/src/build/my_interfaces': CMAKE_PREFIX_PATH=${CMAKE_PREFIX_PATH}:/home/vboxuser/hw5_ws/install/turtle_run:/home/vboxuser/hw5_ws/install/turtle_mover:/home/vboxuser/hw5_ws/install/turtle_joy:/home/vboxuser/hw5_ws/install/actions_py:/opt/ros/humble /usr/bin/cmake --install /home/vboxuser/hw5_ws/src/build/my_interfaces
[12.229s] -- Install configuration: ""
[12.232s] -- Installing: /home/vboxuser/hw5_ws/src/install/my_interfaces/share/ament_index/resource_index/rosidl_interfaces/my_interfaces
[12.232s] -- Up-to-date: /home/vboxuser/hw5_ws/src/install/my_interfaces/include/my_interfaces/my_interfaces
[12.233s] -- Up-to-date: /home/vboxuser/hw5_ws/src/install/my_interfaces/include/my_interfaces/my_interfaces/msg
[12.233s] -- Up-to-date: /home/vboxuser/hw5_ws/src/install/my_interfaces/include/my_interfaces/my_interfaces/msg/rosidl_generator_c__visibility_control.h
[12.233s] -- Up-to-date: /home/vboxuser/hw5_ws/src/install/my_interfaces/include/my_interfaces/my_interfaces/action
[12.233s] -- Up-to-date: /home/vboxuser/hw5_ws/src/install/my_interfaces/include/my_interfaces/my_interfaces/action/detail
[12.233s] -- Installing: /home/vboxuser/hw5_ws/src/install/my_interfaces/include/my_interfaces/my_interfaces/action/detail/turtle_run__struct.h
[12.233s] -- Installing: /home/vboxuser/hw5_ws/src/install/my_interfaces/include/my_interfaces/my_interfaces/action/detail/turtle_run__functions.c
[12.233s] -- Installing: /home/vboxuser/hw5_ws/src/install/my_interfaces/include/my_interfaces/my_interfaces/action/detail/turtle_run__functions.h
[12.233s] -- Installing: /home/vboxuser/hw5_ws/src/install/my_interfaces/include/my_interfaces/my_interfaces/action/detail/count_until__functions.h
[12.233s] -- Installing: /home/vboxuser/hw5_ws/src/install/my_interfaces/include/my_interfaces/my_interfaces/action/detail/count_until__type_support.h
[12.234s] -- Installing: /home/vboxuser/hw5_ws/src/install/my_interfaces/include/my_interfaces/my_interfaces/action/detail/count_until__struct.h
[12.234s] -- Installing: /home/vboxuser/hw5_ws/src/install/my_interfaces/include/my_interfaces/my_interfaces/action/detail/count_until__functions.c
[12.234s] -- Installing: /home/vboxuser/hw5_ws/src/install/my_interfaces/include/my_interfaces/my_interfaces/action/detail/turtle_run__type_support.h
[12.234s] -- Installing: /home/vboxuser/hw5_ws/src/install/my_interfaces/include/my_interfaces/my_interfaces/action/count_until.h
[12.234s] -- Installing: /home/vboxuser/hw5_ws/src/install/my_interfaces/include/my_interfaces/my_interfaces/action/turtle_run.h
[12.234s] -- Up-to-date: /home/vboxuser/hw5_ws/src/install/my_interfaces/share/my_interfaces/environment/library_path.sh
[12.234s] -- Installing: /home/vboxuser/hw5_ws/src/install/my_interfaces/share/my_interfaces/environment/library_path.dsv
[12.234s] -- Installing: /home/vboxuser/hw5_ws/src/install/my_interfaces/lib/libmy_interfaces__rosidl_generator_c.so
[12.234s] -- Set runtime path of "/home/vboxuser/hw5_ws/src/install/my_interfaces/lib/libmy_interfaces__rosidl_generator_c.so" to ""
[12.235s] -- Up-to-date: /home/vboxuser/hw5_ws/src/install/my_interfaces/include/my_interfaces/my_interfaces
[12.235s] -- Up-to-date: /home/vboxuser/hw5_ws/src/install/my_interfaces/include/my_interfaces/my_interfaces/msg
[12.235s] -- Up-to-date: /home/vboxuser/hw5_ws/src/install/my_interfaces/include/my_interfaces/my_interfaces/msg/rosidl_typesupport_fastrtps_c__visibility_control.h
[12.235s] -- Up-to-date: /home/vboxuser/hw5_ws/src/install/my_interfaces/include/my_interfaces/my_interfaces/action
[12.235s] -- Up-to-date: /home/vboxuser/hw5_ws/src/install/my_interfaces/include/my_interfaces/my_interfaces/action/detail
[12.237s] -- Installing: /home/vboxuser/hw5_ws/src/install/my_interfaces/include/my_interfaces/my_interfaces/action/detail/turtle_run__rosidl_typesupport_fastrtps_c.h
[12.237s] -- Installing: /home/vboxuser/hw5_ws/src/install/my_interfaces/include/my_interfaces/my_interfaces/action/detail/count_until__rosidl_typesupport_fastrtps_c.h
[12.239s] -- Installing: /home/vboxuser/hw5_ws/src/install/my_interfaces/lib/libmy_interfaces__rosidl_typesupport_fastrtps_c.so
[12.239s] -- Set runtime path of "/home/vboxuser/hw5_ws/src/install/my_interfaces/lib/libmy_interfaces__rosidl_typesupport_fastrtps_c.so" to ""
[12.239s] -- Up-to-date: /home/vboxuser/hw5_ws/src/install/my_interfaces/include/my_interfaces/my_interfaces
[12.239s] -- Up-to-date: /home/vboxuser/hw5_ws/src/install/my_interfaces/include/my_interfaces/my_interfaces/msg
[12.239s] -- Up-to-date: /home/vboxuser/hw5_ws/src/install/my_interfaces/include/my_interfaces/my_interfaces/msg/rosidl_typesupport_introspection_c__visibility_control.h
[12.239s] -- Up-to-date: /home/vboxuser/hw5_ws/src/install/my_interfaces/include/my_interfaces/my_interfaces/action
[12.240s] -- Up-to-date: /home/vboxuser/hw5_ws/src/install/my_interfaces/include/my_interfaces/my_interfaces/action/detail
[12.242s] -- Installing: /home/vboxuser/hw5_ws/src/install/my_interfaces/include/my_interfaces/my_interfaces/action/detail/count_until__type_support.c
[12.242s] -- Installing: /home/vboxuser/hw5_ws/src/install/my_interfaces/include/my_interfaces/my_interfaces/action/detail/turtle_run__type_support.c
[12.242s] -- Installing: /home/vboxuser/hw5_ws/src/install/my_interfaces/include/my_interfaces/my_interfaces/action/detail/count_until__rosidl_typesupport_introspection_c.h
[12.243s] -- Installing: /home/vboxuser/hw5_ws/src/install/my_interfaces/include/my_interfaces/my_interfaces/action/detail/turtle_run__rosidl_typesupport_introspection_c.h
[12.243s] -- Installing: /home/vboxuser/hw5_ws/src/install/my_interfaces/lib/libmy_interfaces__rosidl_typesupport_introspection_c.so
[12.243s] -- Set runtime path of "/home/vboxuser/hw5_ws/src/install/my_interfaces/lib/libmy_interfaces__rosidl_typesupport_introspection_c.so" to ""
[12.243s] -- Installing: /home/vboxuser/hw5_ws/src/install/my_interfaces/lib/libmy_interfaces__rosidl_typesupport_c.so
[12.243s] -- Set runtime path of "/home/vboxuser/hw5_ws/src/install/my_interfaces/lib/libmy_interfaces__rosidl_typesupport_c.so" to ""
[12.243s] -- Up-to-date: /home/vboxuser/hw5_ws/src/install/my_interfaces/include/my_interfaces/my_interfaces
[12.243s] -- Up-to-date: /home/vboxuser/hw5_ws/src/install/my_interfaces/include/my_interfaces/my_interfaces/action
[12.243s] -- Up-to-date: /home/vboxuser/hw5_ws/src/install/my_interfaces/include/my_interfaces/my_interfaces/action/detail
[12.243s] -- Installing: /home/vboxuser/hw5_ws/src/install/my_interfaces/include/my_interfaces/my_interfaces/action/detail/count_until__struct.hpp
[12.243s] -- Installing: /home/vboxuser/hw5_ws/src/install/my_interfaces/include/my_interfaces/my_interfaces/action/detail/count_until__traits.hpp
[12.243s] -- Installing: /home/vboxuser/hw5_ws/src/install/my_interfaces/include/my_interfaces/my_interfaces/action/detail/turtle_run__builder.hpp
[12.244s] -- Installing: /home/vboxuser/hw5_ws/src/install/my_interfaces/include/my_interfaces/my_interfaces/action/detail/count_until__builder.hpp
[12.244s] -- Installing: /home/vboxuser/hw5_ws/src/install/my_interfaces/include/my_interfaces/my_interfaces/action/detail/turtle_run__struct.hpp
[12.244s] -- Installing: /home/vboxuser/hw5_ws/src/install/my_interfaces/include/my_interfaces/my_interfaces/action/detail/turtle_run__traits.hpp
[12.244s] -- Installing: /home/vboxuser/hw5_ws/src/install/my_interfaces/include/my_interfaces/my_interfaces/action/count_until.hpp
[12.244s] -- Installing: /home/vboxuser/hw5_ws/src/install/my_interfaces/include/my_interfaces/my_interfaces/action/turtle_run.hpp
[12.244s] -- Up-to-date: /home/vboxuser/hw5_ws/src/install/my_interfaces/include/my_interfaces/my_interfaces
[12.244s] -- Up-to-date: /home/vboxuser/hw5_ws/src/install/my_interfaces/include/my_interfaces/my_interfaces/msg
[12.244s] -- Up-to-date: /home/vboxuser/hw5_ws/src/install/my_interfaces/include/my_interfaces/my_interfaces/msg/rosidl_typesupport_fastrtps_cpp__visibility_control.h
[12.244s] -- Up-to-date: /home/vboxuser/hw5_ws/src/install/my_interfaces/include/my_interfaces/my_interfaces/action
[12.245s] -- Up-to-date: /home/vboxuser/hw5_ws/src/install/my_interfaces/include/my_interfaces/my_interfaces/action/detail
[12.245s] -- Installing: /home/vboxuser/hw5_ws/src/install/my_interfaces/include/my_interfaces/my_interfaces/action/detail/count_until__rosidl_typesupport_fastrtps_cpp.hpp
[12.245s] -- Installing: /home/vboxuser/hw5_ws/src/install/my_interfaces/include/my_interfaces/my_interfaces/action/detail/turtle_run__rosidl_typesupport_fastrtps_cpp.hpp
[12.245s] -- Up-to-date: /home/vboxuser/hw5_ws/src/install/my_interfaces/include/my_interfaces/my_interfaces/action/detail/dds_fastrtps
[12.245s] -- Installing: /home/vboxuser/hw5_ws/src/install/my_interfaces/lib/libmy_interfaces__rosidl_typesupport_fastrtps_cpp.so
[12.245s] -- Set runtime path of "/home/vboxuser/hw5_ws/src/install/my_interfaces/lib/libmy_interfaces__rosidl_typesupport_fastrtps_cpp.so" to ""
[12.245s] -- Up-to-date: /home/vboxuser/hw5_ws/src/install/my_interfaces/include/my_interfaces/my_interfaces
[12.245s] -- Up-to-date: /home/vboxuser/hw5_ws/src/install/my_interfaces/include/my_interfaces/my_interfaces/action
[12.245s] -- Up-to-date: /home/vboxuser/hw5_ws/src/install/my_interfaces/include/my_interfaces/my_interfaces/action/detail
[12.246s] -- Installing: /home/vboxuser/hw5_ws/src/install/my_interfaces/include/my_interfaces/my_interfaces/action/detail/count_until__type_support.cpp
[12.246s] -- Installing: /home/vboxuser/hw5_ws/src/install/my_interfaces/include/my_interfaces/my_interfaces/action/detail/count_until__rosidl_typesupport_introspection_cpp.hpp
[12.246s] -- Installing: /home/vboxuser/hw5_ws/src/install/my_interfaces/include/my_interfaces/my_interfaces/action/detail/turtle_run__type_support.cpp
[12.246s] -- Installing: /home/vboxuser/hw5_ws/src/install/my_interfaces/include/my_interfaces/my_interfaces/action/detail/turtle_run__rosidl_typesupport_introspection_cpp.hpp
[12.246s] -- Installing: /home/vboxuser/hw5_ws/src/install/my_interfaces/lib/libmy_interfaces__rosidl_typesupport_introspection_cpp.so
[12.250s] -- Set runtime path of "/home/vboxuser/hw5_ws/src/install/my_interfaces/lib/libmy_interfaces__rosidl_typesupport_introspection_cpp.so" to ""
[12.250s] -- Installing: /home/vboxuser/hw5_ws/src/install/my_interfaces/lib/libmy_interfaces__rosidl_typesupport_cpp.so
[12.250s] -- Set runtime path of "/home/vboxuser/hw5_ws/src/install/my_interfaces/lib/libmy_interfaces__rosidl_typesupport_cpp.so" to ""
[12.250s] -- Up-to-date: /home/vboxuser/hw5_ws/src/install/my_interfaces/share/my_interfaces/environment/pythonpath.sh
[12.250s] -- Installing: /home/vboxuser/hw5_ws/src/install/my_interfaces/share/my_interfaces/environment/pythonpath.dsv
[12.251s] -- Up-to-date: /home/vboxuser/hw5_ws/src/install/my_interfaces/local/lib/python3.10/dist-packages/my_interfaces-0.0.0-py3.10.egg-info
[12.251s] -- Installing: /home/vboxuser/hw5_ws/src/install/my_interfaces/local/lib/python3.10/dist-packages/my_interfaces-0.0.0-py3.10.egg-info/top_level.txt
[12.251s] -- Installing: /home/vboxuser/hw5_ws/src/install/my_interfaces/local/lib/python3.10/dist-packages/my_interfaces-0.0.0-py3.10.egg-info/dependency_links.txt
[12.251s] -- Installing: /home/vboxuser/hw5_ws/src/install/my_interfaces/local/lib/python3.10/dist-packages/my_interfaces-0.0.0-py3.10.egg-info/SOURCES.txt
[12.251s] -- Installing: /home/vboxuser/hw5_ws/src/install/my_interfaces/local/lib/python3.10/dist-packages/my_interfaces-0.0.0-py3.10.egg-info/PKG-INFO
[12.251s] -- Up-to-date: /home/vboxuser/hw5_ws/src/install/my_interfaces/local/lib/python3.10/dist-packages/my_interfaces
[12.251s] -- Installing: /home/vboxuser/hw5_ws/src/install/my_interfaces/local/lib/python3.10/dist-packages/my_interfaces/_my_interfaces_s.ep.rosidl_typesupport_fastrtps_c.c
[12.251s] -- Installing: /home/vboxuser/hw5_ws/src/install/my_interfaces/local/lib/python3.10/dist-packages/my_interfaces/my_interfaces_s__rosidl_typesupport_fastrtps_c.cpython-310-x86_64-linux-gnu.so
[12.251s] -- Installing: /home/vboxuser/hw5_ws/src/install/my_interfaces/local/lib/python3.10/dist-packages/my_interfaces/libmy_interfaces__rosidl_generator_py.so
[12.251s] -- Installing: /home/vboxuser/hw5_ws/src/install/my_interfaces/local/lib/python3.10/dist-packages/my_interfaces/__init__.py
[12.251s] -- Installing: /home/vboxuser/hw5_ws/src/install/my_interfaces/local/lib/python3.10/dist-packages/my_interfaces/my_interfaces_s__rosidl_typesupport_introspection_c.cpython-310-x86_64-linux-gnu.so
[12.252s] -- Up-to-date: /home/vboxuser/hw5_ws/src/install/my_interfaces/local/lib/python3.10/dist-packages/my_interfaces/action
[12.252s] -- Installing: /home/vboxuser/hw5_ws/src/install/my_interfaces/local/lib/python3.10/dist-packages/my_interfaces/action/_count_until.py
[12.252s] -- Installing: /home/vboxuser/hw5_ws/src/install/my_interfaces/local/lib/python3.10/dist-packages/my_interfaces/action/_turtle_run.py
[12.252s] -- Installing: /home/vboxuser/hw5_ws/src/install/my_interfaces/local/lib/python3.10/dist-packages/my_interfaces/action/__init__.py
[12.252s] -- Installing: /home/vboxuser/hw5_ws/src/install/my_interfaces/local/lib/python3.10/dist-packages/my_interfaces/action/_turtle_run_s.c
[12.252s] -- Installing: /home/vboxuser/hw5_ws/src/install/my_interfaces/local/lib/python3.10/dist-packages/my_interfaces/action/_count_until_s.c
[12.252s] -- Installing: /home/vboxuser/hw5_ws/src/install/my_interfaces/local/lib/python3.10/dist-packages/my_interfaces/_my_interfaces_s.ep.rosidl_typesupport_c.c
[12.253s] -- Installing: /home/vboxuser/hw5_ws/src/install/my_interfaces/local/lib/python3.10/dist-packages/my_interfaces/_my_interfaces_s.ep.rosidl_typesupport_introspection_c.c
[12.253s] -- Installing: /home/vboxuser/hw5_ws/src/install/my_interfaces/local/lib/python3.10/dist-packages/my_interfaces/my_interfaces_s__rosidl_typesupport_c.cpython-310-x86_64-linux-gnu.so
[12.314s] Listing '/home/vboxuser/hw5_ws/src/install/my_interfaces/local/lib/python3.10/dist-packages/my_interfaces'...
[12.314s] Compiling '/home/vboxuser/hw5_ws/src/install/my_interfaces/local/lib/python3.10/dist-packages/my_interfaces/__init__.py'...
[12.314s] Listing '/home/vboxuser/hw5_ws/src/install/my_interfaces/local/lib/python3.10/dist-packages/my_interfaces/action'...
[12.315s] Compiling '/home/vboxuser/hw5_ws/src/install/my_interfaces/local/lib/python3.10/dist-packages/my_interfaces/action/__init__.py'...
[12.315s] Compiling '/home/vboxuser/hw5_ws/src/install/my_interfaces/local/lib/python3.10/dist-packages/my_interfaces/action/_count_until.py'...
[12.315s] Compiling '/home/vboxuser/hw5_ws/src/install/my_interfaces/local/lib/python3.10/dist-packages/my_interfaces/action/_turtle_run.py'...
[12.324s] -- Installing: /home/vboxuser/hw5_ws/src/install/my_interfaces/local/lib/python3.10/dist-packages/my_interfaces/my_interfaces_s__rosidl_typesupport_fastrtps_c.cpython-310-x86_64-linux-gnu.so
[12.324s] -- Set runtime path of "/home/vboxuser/hw5_ws/src/install/my_interfaces/local/lib/python3.10/dist-packages/my_interfaces/my_interfaces_s__rosidl_typesupport_fastrtps_c.cpython-310-x86_64-linux-gnu.so" to ""
[12.324s] -- Installing: /home/vboxuser/hw5_ws/src/install/my_interfaces/local/lib/python3.10/dist-packages/my_interfaces/my_interfaces_s__rosidl_typesupport_introspection_c.cpython-310-x86_64-linux-gnu.so
[12.325s] -- Set runtime path of "/home/vboxuser/hw5_ws/src/install/my_interfaces/local/lib/python3.10/dist-packages/my_interfaces/my_interfaces_s__rosidl_typesupport_introspection_c.cpython-310-x86_64-linux-gnu.so" to ""
[12.325s] -- Installing: /home/vboxuser/hw5_ws/src/install/my_interfaces/local/lib/python3.10/dist-packages/my_interfaces/my_interfaces_s__rosidl_typesupport_c.cpython-310-x86_64-linux-gnu.so
[12.333s] -- Set runtime path of "/home/vboxuser/hw5_ws/src/install/my_interfaces/local/lib/python3.10/dist-packages/my_interfaces/my_interfaces_s__rosidl_typesupport_c.cpython-310-x86_64-linux-gnu.so" to ""
[12.333s] -- Installing: /home/vboxuser/hw5_ws/src/install/my_interfaces/lib/libmy_interfaces__rosidl_generator_py.so
[12.333s] -- Set runtime path of "/home/vboxuser/hw5_ws/src/install/my_interfaces/lib/libmy_interfaces__rosidl_generator_py.so" to ""
[12.333s] -- Up-to-date: /home/vboxuser/hw5_ws/src/install/my_interfaces/share/my_interfaces/action/CountUntil.idl
[12.333s] -- Installing: /home/vboxuser/hw5_ws/src/install/my_interfaces/share/my_interfaces/action/TurtleRun.idl
[12.333s] -- Up-to-date: /home/vboxuser/hw5_ws/src/install/my_interfaces/share/my_interfaces/action/CountUntil.action
[12.333s] -- Installing: /home/vboxuser/hw5_ws/src/install/my_interfaces/share/my_interfaces/action/TurtleRun.action
[12.333s] -- Installing: /home/vboxuser/hw5_ws/src/install/my_interfaces/share/ament_index/resource_index/package_run_dependencies/my_interfaces
[12.334s] -- Installing: /home/vboxuser/hw5_ws/src/install/my_interfaces/share/ament_index/resource_index/parent_prefix_path/my_interfaces
[12.334s] -- Up-to-date: /home/vboxuser/hw5_ws/src/install/my_interfaces/share/my_interfaces/environment/ament_prefix_path.sh
[12.334s] -- Installing: /home/vboxuser/hw5_ws/src/install/my_interfaces/share/my_interfaces/environment/ament_prefix_path.dsv
[12.334s] -- Up-to-date: /home/vboxuser/hw5_ws/src/install/my_interfaces/share/my_interfaces/environment/path.sh
[12.334s] -- Installing: /home/vboxuser/hw5_ws/src/install/my_interfaces/share/my_interfaces/environment/path.dsv
[12.334s] -- Up-to-date: /home/vboxuser/hw5_ws/src/install/my_interfaces/share/my_interfaces/local_setup.bash
[12.334s] -- Up-to-date: /home/vboxuser/hw5_ws/src/install/my_interfaces/share/my_interfaces/local_setup.sh
[12.334s] -- Up-to-date: /home/vboxuser/hw5_ws/src/install/my_interfaces/share/my_interfaces/local_setup.zsh
[12.334s] -- Installing: /home/vboxuser/hw5_ws/src/install/my_interfaces/share/my_interfaces/local_setup.dsv
[12.335s] -- Installing: /home/vboxuser/hw5_ws/src/install/my_interfaces/share/my_interfaces/package.dsv
[12.335s] -- Up-to-date: /home/vboxuser/hw5_ws/src/install/my_interfaces/share/ament_index/resource_index/packages/my_interfaces
[12.336s] -- Old export file "/home/vboxuser/hw5_ws/src/install/my_interfaces/share/my_interfaces/cmake/export_my_interfaces__rosidl_generator_cExport.cmake" will be replaced.  Removing files [/home/vboxuser/hw5_ws/src/install/my_interfaces/share/my_interfaces/cmake/export_my_interfaces__rosidl_generator_cExport-noconfig.cmake].
[12.336s] -- Installing: /home/vboxuser/hw5_ws/src/install/my_interfaces/share/my_interfaces/cmake/export_my_interfaces__rosidl_generator_cExport.cmake
[12.338s] -- Installing: /home/vboxuser/hw5_ws/src/install/my_interfaces/share/my_interfaces/cmake/export_my_interfaces__rosidl_generator_cExport-noconfig.cmake
[12.338s] -- Old export file "/home/vboxuser/hw5_ws/src/install/my_interfaces/share/my_interfaces/cmake/export_my_interfaces__rosidl_typesupport_fastrtps_cExport.cmake" will be replaced.  Removing files [/home/vboxuser/hw5_ws/src/install/my_interfaces/share/my_interfaces/cmake/export_my_interfaces__rosidl_typesupport_fastrtps_cExport-noconfig.cmake].
[12.338s] -- Installing: /home/vboxuser/hw5_ws/src/install/my_interfaces/share/my_interfaces/cmake/export_my_interfaces__rosidl_typesupport_fastrtps_cExport.cmake
[12.338s] -- Installing: /home/vboxuser/hw5_ws/src/install/my_interfaces/share/my_interfaces/cmake/export_my_interfaces__rosidl_typesupport_fastrtps_cExport-noconfig.cmake
[12.338s] -- Old export file "/home/vboxuser/hw5_ws/src/install/my_interfaces/share/my_interfaces/cmake/my_interfaces__rosidl_typesupport_introspection_cExport.cmake" will be replaced.  Removing files [/home/vboxuser/hw5_ws/src/install/my_interfaces/share/my_interfaces/cmake/my_interfaces__rosidl_typesupport_introspection_cExport-noconfig.cmake].
[12.338s] -- Installing: /home/vboxuser/hw5_ws/src/install/my_interfaces/share/my_interfaces/cmake/my_interfaces__rosidl_typesupport_introspection_cExport.cmake
[12.338s] -- Installing: /home/vboxuser/hw5_ws/src/install/my_interfaces/share/my_interfaces/cmake/my_interfaces__rosidl_typesupport_introspection_cExport-noconfig.cmake
[12.338s] -- Old export file "/home/vboxuser/hw5_ws/src/install/my_interfaces/share/my_interfaces/cmake/my_interfaces__rosidl_typesupport_cExport.cmake" will be replaced.  Removing files [/home/vboxuser/hw5_ws/src/install/my_interfaces/share/my_interfaces/cmake/my_interfaces__rosidl_typesupport_cExport-noconfig.cmake].
[12.338s] -- Installing: /home/vboxuser/hw5_ws/src/install/my_interfaces/share/my_interfaces/cmake/my_interfaces__rosidl_typesupport_cExport.cmake
[12.338s] -- Installing: /home/vboxuser/hw5_ws/src/install/my_interfaces/share/my_interfaces/cmake/my_interfaces__rosidl_typesupport_cExport-noconfig.cmake
[12.339s] -- Installing: /home/vboxuser/hw5_ws/src/install/my_interfaces/share/my_interfaces/cmake/export_my_interfaces__rosidl_generator_cppExport.cmake
[12.339s] -- Old export file "/home/vboxuser/hw5_ws/src/install/my_interfaces/share/my_interfaces/cmake/export_my_interfaces__rosidl_typesupport_fastrtps_cppExport.cmake" will be replaced.  Removing files [/home/vboxuser/hw5_ws/src/install/my_interfaces/share/my_interfaces/cmake/export_my_interfaces__rosidl_typesupport_fastrtps_cppExport-noconfig.cmake].
[12.339s] -- Installing: /home/vboxuser/hw5_ws/src/install/my_interfaces/share/my_interfaces/cmake/export_my_interfaces__rosidl_typesupport_fastrtps_cppExport.cmake
[12.339s] -- Installing: /home/vboxuser/hw5_ws/src/install/my_interfaces/share/my_interfaces/cmake/export_my_interfaces__rosidl_typesupport_fastrtps_cppExport-noconfig.cmake
[12.339s] -- Old export file "/home/vboxuser/hw5_ws/src/install/my_interfaces/share/my_interfaces/cmake/my_interfaces__rosidl_typesupport_introspection_cppExport.cmake" will be replaced.  Removing files [/home/vboxuser/hw5_ws/src/install/my_interfaces/share/my_interfaces/cmake/my_interfaces__rosidl_typesupport_introspection_cppExport-noconfig.cmake].
[12.339s] -- Installing: /home/vboxuser/hw5_ws/src/install/my_interfaces/share/my_interfaces/cmake/my_interfaces__rosidl_typesupport_introspection_cppExport.cmake
[12.339s] -- Installing: /home/vboxuser/hw5_ws/src/install/my_interfaces/share/my_interfaces/cmake/my_interfaces__rosidl_typesupport_introspection_cppExport-noconfig.cmake
[12.339s] -- Old export file "/home/vboxuser/hw5_ws/src/install/my_interfaces/share/my_interfaces/cmake/my_interfaces__rosidl_typesupport_cppExport.cmake" will be replaced.  Removing files [/home/vboxuser/hw5_ws/src/install/my_interfaces/share/my_interfaces/cmake/my_interfaces__rosidl_typesupport_cppExport-noconfig.cmake].
[12.339s] -- Installing: /home/vboxuser/hw5_ws/src/install/my_interfaces/share/my_interfaces/cmake/my_interfaces__rosidl_typesupport_cppExport.cmake
[12.339s] -- Installing: /home/vboxuser/hw5_ws/src/install/my_interfaces/share/my_interfaces/cmake/my_interfaces__rosidl_typesupport_cppExport-noconfig.cmake
[12.339s] -- Old export file "/home/vboxuser/hw5_ws/src/install/my_interfaces/share/my_interfaces/cmake/export_my_interfaces__rosidl_generator_pyExport.cmake" will be replaced.  Removing files [/home/vboxuser/hw5_ws/src/install/my_interfaces/share/my_interfaces/cmake/export_my_interfaces__rosidl_generator_pyExport-noconfig.cmake].
[12.340s] -- Installing: /home/vboxuser/hw5_ws/src/install/my_interfaces/share/my_interfaces/cmake/export_my_interfaces__rosidl_generator_pyExport.cmake
[12.340s] -- Installing: /home/vboxuser/hw5_ws/src/install/my_interfaces/share/my_interfaces/cmake/export_my_interfaces__rosidl_generator_pyExport-noconfig.cmake
[12.340s] -- Installing: /home/vboxuser/hw5_ws/src/install/my_interfaces/share/my_interfaces/cmake/rosidl_cmake-extras.cmake
[12.340s] -- Installing: /home/vboxuser/hw5_ws/src/install/my_interfaces/share/my_interfaces/cmake/ament_cmake_export_dependencies-extras.cmake
[12.340s] -- Up-to-date: /home/vboxuser/hw5_ws/src/install/my_interfaces/share/my_interfaces/cmake/ament_cmake_export_include_directories-extras.cmake
[12.340s] -- Up-to-date: /home/vboxuser/hw5_ws/src/install/my_interfaces/share/my_interfaces/cmake/ament_cmake_export_libraries-extras.cmake
[12.340s] -- Up-to-date: /home/vboxuser/hw5_ws/src/install/my_interfaces/share/my_interfaces/cmake/ament_cmake_export_targets-extras.cmake
[12.340s] -- Up-to-date: /home/vboxuser/hw5_ws/src/install/my_interfaces/share/my_interfaces/cmake/rosidl_cmake_export_typesupport_targets-extras.cmake
[12.340s] -- Up-to-date: /home/vboxuser/hw5_ws/src/install/my_interfaces/share/my_interfaces/cmake/rosidl_cmake_export_typesupport_libraries-extras.cmake
[12.340s] -- Up-to-date: /home/vboxuser/hw5_ws/src/install/my_interfaces/share/my_interfaces/cmake/my_interfacesConfig.cmake
[12.341s] -- Up-to-date: /home/vboxuser/hw5_ws/src/install/my_interfaces/share/my_interfaces/cmake/my_interfacesConfig-version.cmake
[12.341s] -- Installing: /home/vboxuser/hw5_ws/src/install/my_interfaces/share/my_interfaces/package.xml
[12.341s] Invoked command in '/home/vboxuser/hw5_ws/src/build/my_interfaces' returned '0': CMAKE_PREFIX_PATH=${CMAKE_PREFIX_PATH}:/home/vboxuser/hw5_ws/install/turtle_run:/home/vboxuser/hw5_ws/install/turtle_mover:/home/vboxuser/hw5_ws/install/turtle_joy:/home/vboxuser/hw5_ws/install/actions_py:/opt/ros/humble /usr/bin/cmake --install /home/vboxuser/hw5_ws/src/build/my_interfaces
