[0.103s] Invoking command in '/home/vboxuser/hw4_ws/build/custom_interfaces': CMAKE_PREFIX_PATH=${CMAKE_PREFIX_PATH}:/home/vboxuser/hw4_ws/install/py_srvcli:/home/vboxuser/hw4_ws/install/calculator:/opt/ros/humble /usr/bin/cmake --build /home/vboxuser/hw4_ws/build/custom_interfaces -- -j6 -l6
[0.184s] [  3%] Built target custom_interfaces__cpp
[0.203s] [ 12%] Built target custom_interfaces__rosidl_generator_c
[0.228s] [ 12%] Built target ament_cmake_python_copy_custom_interfaces
[0.228s] [ 22%] Built target custom_interfaces__rosidl_typesupport_fastrtps_cpp
[0.236s] [ 32%] Built target custom_interfaces__rosidl_typesupport_introspection_cpp
[0.256s] [ 41%] Built target custom_interfaces__rosidl_typesupport_fastrtps_c
[0.256s] [ 51%] Built target custom_interfaces__rosidl_typesupport_introspection_c
[0.256s] [ 61%] Built target custom_interfaces__rosidl_typesupport_cpp
[0.277s] [ 70%] Built target custom_interfaces__rosidl_typesupport_c
[0.302s] [ 70%] Built target custom_interfaces
[0.326s] [ 74%] Built target custom_interfaces__py
[0.378s] [ 80%] Built target custom_interfaces__rosidl_generator_py
[0.407s] [ 90%] Built target custom_interfaces__rosidl_typesupport_fastrtps_c__pyext
[0.407s] [ 93%] Built target custom_interfaces__rosidl_typesupport_introspection_c__pyext
[0.416s] [100%] Built target custom_interfaces__rosidl_typesupport_c__pyext
[0.677s] running egg_info
[0.678s] writing custom_interfaces.egg-info/PKG-INFO
[0.678s] writing dependency_links to custom_interfaces.egg-info/dependency_links.txt
[0.679s] writing top-level names to custom_interfaces.egg-info/top_level.txt
[0.683s] reading manifest file 'custom_interfaces.egg-info/SOURCES.txt'
[0.683s] writing manifest file 'custom_interfaces.egg-info/SOURCES.txt'
[0.724s] [100%] Built target ament_cmake_python_build_custom_interfaces_egg
[0.739s] Invoked command in '/home/vboxuser/hw4_ws/build/custom_interfaces' returned '0': CMAKE_PREFIX_PATH=${CMAKE_PREFIX_PATH}:/home/vboxuser/hw4_ws/install/py_srvcli:/home/vboxuser/hw4_ws/install/calculator:/opt/ros/humble /usr/bin/cmake --build /home/vboxuser/hw4_ws/build/custom_interfaces -- -j6 -l6
[0.876s] Invoking command in '/home/vboxuser/hw4_ws/build/custom_interfaces': CMAKE_PREFIX_PATH=${CMAKE_PREFIX_PATH}:/home/vboxuser/hw4_ws/install/py_srvcli:/home/vboxuser/hw4_ws/install/calculator:/opt/ros/humble /usr/bin/cmake --install /home/vboxuser/hw4_ws/build/custom_interfaces
[0.896s] -- Install configuration: ""
[0.896s] -- Up-to-date: /home/vboxuser/hw4_ws/install/custom_interfaces/share/ament_index/resource_index/rosidl_interfaces/custom_interfaces
[0.897s] -- Up-to-date: /home/vboxuser/hw4_ws/install/custom_interfaces/include/custom_interfaces/custom_interfaces
[0.897s] -- Up-to-date: /home/vboxuser/hw4_ws/install/custom_interfaces/include/custom_interfaces/custom_interfaces/msg
[0.897s] -- Up-to-date: /home/vboxuser/hw4_ws/install/custom_interfaces/include/custom_interfaces/custom_interfaces/msg/rosidl_generator_c__visibility_control.h
[0.897s] -- Up-to-date: /home/vboxuser/hw4_ws/install/custom_interfaces/include/custom_interfaces/custom_interfaces/srv
[0.898s] -- Up-to-date: /home/vboxuser/hw4_ws/install/custom_interfaces/include/custom_interfaces/custom_interfaces/srv/detail
[0.898s] -- Up-to-date: /home/vboxuser/hw4_ws/install/custom_interfaces/include/custom_interfaces/custom_interfaces/srv/detail/two_int_calc__functions.h
[0.898s] -- Up-to-date: /home/vboxuser/hw4_ws/install/custom_interfaces/include/custom_interfaces/custom_interfaces/srv/detail/two_int_calc__struct.h
[0.898s] -- Up-to-date: /home/vboxuser/hw4_ws/install/custom_interfaces/include/custom_interfaces/custom_interfaces/srv/detail/two_int_calc__type_support.h
[0.899s] -- Up-to-date: /home/vboxuser/hw4_ws/install/custom_interfaces/include/custom_interfaces/custom_interfaces/srv/detail/two_int_calc__functions.c
[0.899s] -- Up-to-date: /home/vboxuser/hw4_ws/install/custom_interfaces/include/custom_interfaces/custom_interfaces/srv/two_int_calc.h
[0.899s] -- Up-to-date: /home/vboxuser/hw4_ws/install/custom_interfaces/share/custom_interfaces/environment/library_path.sh
[0.899s] -- Up-to-date: /home/vboxuser/hw4_ws/install/custom_interfaces/share/custom_interfaces/environment/library_path.dsv
[0.900s] -- Up-to-date: /home/vboxuser/hw4_ws/install/custom_interfaces/lib/libcustom_interfaces__rosidl_generator_c.so
[0.901s] -- Up-to-date: /home/vboxuser/hw4_ws/install/custom_interfaces/include/custom_interfaces/custom_interfaces
[0.902s] -- Up-to-date: /home/vboxuser/hw4_ws/install/custom_interfaces/include/custom_interfaces/custom_interfaces/msg
[0.902s] -- Up-to-date: /home/vboxuser/hw4_ws/install/custom_interfaces/include/custom_interfaces/custom_interfaces/msg/rosidl_typesupport_fastrtps_c__visibility_control.h
[0.902s] -- Up-to-date: /home/vboxuser/hw4_ws/install/custom_interfaces/include/custom_interfaces/custom_interfaces/srv
[0.902s] -- Up-to-date: /home/vboxuser/hw4_ws/install/custom_interfaces/include/custom_interfaces/custom_interfaces/srv/detail
[0.903s] -- Up-to-date: /home/vboxuser/hw4_ws/install/custom_interfaces/include/custom_interfaces/custom_interfaces/srv/detail/two_int_calc__rosidl_typesupport_fastrtps_c.h
[0.903s] -- Up-to-date: /home/vboxuser/hw4_ws/install/custom_interfaces/lib/libcustom_interfaces__rosidl_typesupport_fastrtps_c.so
[0.905s] -- Up-to-date: /home/vboxuser/hw4_ws/install/custom_interfaces/include/custom_interfaces/custom_interfaces
[0.906s] -- Up-to-date: /home/vboxuser/hw4_ws/install/custom_interfaces/include/custom_interfaces/custom_interfaces/msg
[0.906s] -- Up-to-date: /home/vboxuser/hw4_ws/install/custom_interfaces/include/custom_interfaces/custom_interfaces/msg/rosidl_typesupport_introspection_c__visibility_control.h
[0.906s] -- Up-to-date: /home/vboxuser/hw4_ws/install/custom_interfaces/include/custom_interfaces/custom_interfaces/srv
[0.907s] -- Up-to-date: /home/vboxuser/hw4_ws/install/custom_interfaces/include/custom_interfaces/custom_interfaces/srv/detail
[0.907s] -- Up-to-date: /home/vboxuser/hw4_ws/install/custom_interfaces/include/custom_interfaces/custom_interfaces/srv/detail/two_int_calc__type_support.c
[0.908s] -- Up-to-date: /home/vboxuser/hw4_ws/install/custom_interfaces/include/custom_interfaces/custom_interfaces/srv/detail/two_int_calc__rosidl_typesupport_introspection_c.h
[0.908s] -- Up-to-date: /home/vboxuser/hw4_ws/install/custom_interfaces/lib/libcustom_interfaces__rosidl_typesupport_introspection_c.so
[0.908s] -- Up-to-date: /home/vboxuser/hw4_ws/install/custom_interfaces/lib/libcustom_interfaces__rosidl_typesupport_c.so
[0.909s] -- Up-to-date: /home/vboxuser/hw4_ws/install/custom_interfaces/include/custom_interfaces/custom_interfaces
[0.909s] -- Up-to-date: /home/vboxuser/hw4_ws/install/custom_interfaces/include/custom_interfaces/custom_interfaces/srv
[0.909s] -- Up-to-date: /home/vboxuser/hw4_ws/install/custom_interfaces/include/custom_interfaces/custom_interfaces/srv/detail
[0.909s] -- Up-to-date: /home/vboxuser/hw4_ws/install/custom_interfaces/include/custom_interfaces/custom_interfaces/srv/detail/two_int_calc__traits.hpp
[0.917s] -- Up-to-date: /home/vboxuser/hw4_ws/install/custom_interfaces/include/custom_interfaces/custom_interfaces/srv/detail/two_int_calc__struct.hpp
[0.917s] -- Up-to-date: /home/vboxuser/hw4_ws/install/custom_interfaces/include/custom_interfaces/custom_interfaces/srv/detail/two_int_calc__builder.hpp
[0.918s] -- Up-to-date: /home/vboxuser/hw4_ws/install/custom_interfaces/include/custom_interfaces/custom_interfaces/srv/two_int_calc.hpp
[0.918s] -- Up-to-date: /home/vboxuser/hw4_ws/install/custom_interfaces/include/custom_interfaces/custom_interfaces
[0.918s] -- Up-to-date: /home/vboxuser/hw4_ws/install/custom_interfaces/include/custom_interfaces/custom_interfaces/msg
[0.918s] -- Up-to-date: /home/vboxuser/hw4_ws/install/custom_interfaces/include/custom_interfaces/custom_interfaces/msg/rosidl_typesupport_fastrtps_cpp__visibility_control.h
[0.918s] -- Up-to-date: /home/vboxuser/hw4_ws/install/custom_interfaces/include/custom_interfaces/custom_interfaces/srv
[0.918s] -- Up-to-date: /home/vboxuser/hw4_ws/install/custom_interfaces/include/custom_interfaces/custom_interfaces/srv/detail
[0.918s] -- Up-to-date: /home/vboxuser/hw4_ws/install/custom_interfaces/include/custom_interfaces/custom_interfaces/srv/detail/two_int_calc__rosidl_typesupport_fastrtps_cpp.hpp
[0.918s] -- Up-to-date: /home/vboxuser/hw4_ws/install/custom_interfaces/include/custom_interfaces/custom_interfaces/srv/detail/dds_fastrtps
[0.918s] -- Up-to-date: /home/vboxuser/hw4_ws/install/custom_interfaces/lib/libcustom_interfaces__rosidl_typesupport_fastrtps_cpp.so
[0.919s] -- Up-to-date: /home/vboxuser/hw4_ws/install/custom_interfaces/include/custom_interfaces/custom_interfaces
[0.919s] -- Up-to-date: /home/vboxuser/hw4_ws/install/custom_interfaces/include/custom_interfaces/custom_interfaces/srv
[0.919s] -- Up-to-date: /home/vboxuser/hw4_ws/install/custom_interfaces/include/custom_interfaces/custom_interfaces/srv/detail
[0.919s] -- Up-to-date: /home/vboxuser/hw4_ws/install/custom_interfaces/include/custom_interfaces/custom_interfaces/srv/detail/two_int_calc__type_support.cpp
[0.919s] -- Up-to-date: /home/vboxuser/hw4_ws/install/custom_interfaces/include/custom_interfaces/custom_interfaces/srv/detail/two_int_calc__rosidl_typesupport_introspection_cpp.hpp
[0.919s] -- Up-to-date: /home/vboxuser/hw4_ws/install/custom_interfaces/lib/libcustom_interfaces__rosidl_typesupport_introspection_cpp.so
[0.920s] -- Up-to-date: /home/vboxuser/hw4_ws/install/custom_interfaces/lib/libcustom_interfaces__rosidl_typesupport_cpp.so
[0.924s] -- Up-to-date: /home/vboxuser/hw4_ws/install/custom_interfaces/share/custom_interfaces/environment/pythonpath.sh
[0.924s] -- Up-to-date: /home/vboxuser/hw4_ws/install/custom_interfaces/share/custom_interfaces/environment/pythonpath.dsv
[0.924s] -- Up-to-date: /home/vboxuser/hw4_ws/install/custom_interfaces/local/lib/python3.10/dist-packages/custom_interfaces-0.0.0-py3.10.egg-info
[0.924s] -- Installing: /home/vboxuser/hw4_ws/install/custom_interfaces/local/lib/python3.10/dist-packages/custom_interfaces-0.0.0-py3.10.egg-info/top_level.txt
[0.924s] -- Installing: /home/vboxuser/hw4_ws/install/custom_interfaces/local/lib/python3.10/dist-packages/custom_interfaces-0.0.0-py3.10.egg-info/dependency_links.txt
[0.924s] -- Installing: /home/vboxuser/hw4_ws/install/custom_interfaces/local/lib/python3.10/dist-packages/custom_interfaces-0.0.0-py3.10.egg-info/SOURCES.txt
[0.924s] -- Installing: /home/vboxuser/hw4_ws/install/custom_interfaces/local/lib/python3.10/dist-packages/custom_interfaces-0.0.0-py3.10.egg-info/PKG-INFO
[0.925s] -- Up-to-date: /home/vboxuser/hw4_ws/install/custom_interfaces/local/lib/python3.10/dist-packages/custom_interfaces
[0.925s] -- Up-to-date: /home/vboxuser/hw4_ws/install/custom_interfaces/local/lib/python3.10/dist-packages/custom_interfaces/custom_interfaces_s__rosidl_typesupport_introspection_c.cpython-310-x86_64-linux-gnu.so
[0.925s] -- Up-to-date: /home/vboxuser/hw4_ws/install/custom_interfaces/local/lib/python3.10/dist-packages/custom_interfaces/libcustom_interfaces__rosidl_generator_py.so
[0.925s] -- Up-to-date: /home/vboxuser/hw4_ws/install/custom_interfaces/local/lib/python3.10/dist-packages/custom_interfaces/__init__.py
[0.925s] -- Up-to-date: /home/vboxuser/hw4_ws/install/custom_interfaces/local/lib/python3.10/dist-packages/custom_interfaces/_custom_interfaces_s.ep.rosidl_typesupport_introspection_c.c
[0.925s] -- Up-to-date: /home/vboxuser/hw4_ws/install/custom_interfaces/local/lib/python3.10/dist-packages/custom_interfaces/custom_interfaces_s__rosidl_typesupport_c.cpython-310-x86_64-linux-gnu.so
[0.925s] -- Up-to-date: /home/vboxuser/hw4_ws/install/custom_interfaces/local/lib/python3.10/dist-packages/custom_interfaces/srv
[0.925s] -- Up-to-date: /home/vboxuser/hw4_ws/install/custom_interfaces/local/lib/python3.10/dist-packages/custom_interfaces/srv/__init__.py
[0.925s] -- Up-to-date: /home/vboxuser/hw4_ws/install/custom_interfaces/local/lib/python3.10/dist-packages/custom_interfaces/srv/_two_int_calc.py
[0.925s] -- Up-to-date: /home/vboxuser/hw4_ws/install/custom_interfaces/local/lib/python3.10/dist-packages/custom_interfaces/srv/_two_int_calc_s.c
[0.926s] -- Up-to-date: /home/vboxuser/hw4_ws/install/custom_interfaces/local/lib/python3.10/dist-packages/custom_interfaces/custom_interfaces_s__rosidl_typesupport_fastrtps_c.cpython-310-x86_64-linux-gnu.so
[0.926s] -- Up-to-date: /home/vboxuser/hw4_ws/install/custom_interfaces/local/lib/python3.10/dist-packages/custom_interfaces/_custom_interfaces_s.ep.rosidl_typesupport_fastrtps_c.c
[0.926s] -- Up-to-date: /home/vboxuser/hw4_ws/install/custom_interfaces/local/lib/python3.10/dist-packages/custom_interfaces/_custom_interfaces_s.ep.rosidl_typesupport_c.c
[0.997s] Listing '/home/vboxuser/hw4_ws/install/custom_interfaces/local/lib/python3.10/dist-packages/custom_interfaces'...
[0.997s] Listing '/home/vboxuser/hw4_ws/install/custom_interfaces/local/lib/python3.10/dist-packages/custom_interfaces/srv'...
[1.010s] -- Up-to-date: /home/vboxuser/hw4_ws/install/custom_interfaces/local/lib/python3.10/dist-packages/custom_interfaces/custom_interfaces_s__rosidl_typesupport_fastrtps_c.cpython-310-x86_64-linux-gnu.so
[1.010s] -- Up-to-date: /home/vboxuser/hw4_ws/install/custom_interfaces/local/lib/python3.10/dist-packages/custom_interfaces/custom_interfaces_s__rosidl_typesupport_introspection_c.cpython-310-x86_64-linux-gnu.so
[1.010s] -- Up-to-date: /home/vboxuser/hw4_ws/install/custom_interfaces/local/lib/python3.10/dist-packages/custom_interfaces/custom_interfaces_s__rosidl_typesupport_c.cpython-310-x86_64-linux-gnu.so
[1.010s] -- Up-to-date: /home/vboxuser/hw4_ws/install/custom_interfaces/lib/libcustom_interfaces__rosidl_generator_py.so
[1.010s] -- Up-to-date: /home/vboxuser/hw4_ws/install/custom_interfaces/share/custom_interfaces/srv/TwoIntCalc.idl
[1.011s] -- Up-to-date: /home/vboxuser/hw4_ws/install/custom_interfaces/share/custom_interfaces/srv/TwoIntCalc.srv
[1.011s] -- Up-to-date: /home/vboxuser/hw4_ws/install/custom_interfaces/share/custom_interfaces/srv/TwoIntCalc_Request.msg
[1.011s] -- Up-to-date: /home/vboxuser/hw4_ws/install/custom_interfaces/share/custom_interfaces/srv/TwoIntCalc_Response.msg
[1.011s] -- Up-to-date: /home/vboxuser/hw4_ws/install/custom_interfaces/share/ament_index/resource_index/package_run_dependencies/custom_interfaces
[1.011s] -- Up-to-date: /home/vboxuser/hw4_ws/install/custom_interfaces/share/ament_index/resource_index/parent_prefix_path/custom_interfaces
[1.011s] -- Up-to-date: /home/vboxuser/hw4_ws/install/custom_interfaces/share/custom_interfaces/environment/ament_prefix_path.sh
[1.011s] -- Up-to-date: /home/vboxuser/hw4_ws/install/custom_interfaces/share/custom_interfaces/environment/ament_prefix_path.dsv
[1.011s] -- Up-to-date: /home/vboxuser/hw4_ws/install/custom_interfaces/share/custom_interfaces/environment/path.sh
[1.012s] -- Up-to-date: /home/vboxuser/hw4_ws/install/custom_interfaces/share/custom_interfaces/environment/path.dsv
[1.012s] -- Up-to-date: /home/vboxuser/hw4_ws/install/custom_interfaces/share/custom_interfaces/local_setup.bash
[1.012s] -- Up-to-date: /home/vboxuser/hw4_ws/install/custom_interfaces/share/custom_interfaces/local_setup.sh
[1.012s] -- Up-to-date: /home/vboxuser/hw4_ws/install/custom_interfaces/share/custom_interfaces/local_setup.zsh
[1.012s] -- Up-to-date: /home/vboxuser/hw4_ws/install/custom_interfaces/share/custom_interfaces/local_setup.dsv
[1.013s] -- Installing: /home/vboxuser/hw4_ws/install/custom_interfaces/share/custom_interfaces/package.dsv
[1.013s] -- Up-to-date: /home/vboxuser/hw4_ws/install/custom_interfaces/share/ament_index/resource_index/packages/custom_interfaces
[1.013s] -- Up-to-date: /home/vboxuser/hw4_ws/install/custom_interfaces/share/custom_interfaces/cmake/export_custom_interfaces__rosidl_generator_cExport.cmake
[1.013s] -- Up-to-date: /home/vboxuser/hw4_ws/install/custom_interfaces/share/custom_interfaces/cmake/export_custom_interfaces__rosidl_generator_cExport-noconfig.cmake
[1.013s] -- Up-to-date: /home/vboxuser/hw4_ws/install/custom_interfaces/share/custom_interfaces/cmake/export_custom_interfaces__rosidl_typesupport_fastrtps_cExport.cmake
[1.020s] -- Up-to-date: /home/vboxuser/hw4_ws/install/custom_interfaces/share/custom_interfaces/cmake/export_custom_interfaces__rosidl_typesupport_fastrtps_cExport-noconfig.cmake
[1.020s] -- Up-to-date: /home/vboxuser/hw4_ws/install/custom_interfaces/share/custom_interfaces/cmake/custom_interfaces__rosidl_typesupport_introspection_cExport.cmake
[1.021s] -- Up-to-date: /home/vboxuser/hw4_ws/install/custom_interfaces/share/custom_interfaces/cmake/custom_interfaces__rosidl_typesupport_introspection_cExport-noconfig.cmake
[1.021s] -- Up-to-date: /home/vboxuser/hw4_ws/install/custom_interfaces/share/custom_interfaces/cmake/custom_interfaces__rosidl_typesupport_cExport.cmake
[1.021s] -- Up-to-date: /home/vboxuser/hw4_ws/install/custom_interfaces/share/custom_interfaces/cmake/custom_interfaces__rosidl_typesupport_cExport-noconfig.cmake
[1.021s] -- Up-to-date: /home/vboxuser/hw4_ws/install/custom_interfaces/share/custom_interfaces/cmake/export_custom_interfaces__rosidl_generator_cppExport.cmake
[1.021s] -- Up-to-date: /home/vboxuser/hw4_ws/install/custom_interfaces/share/custom_interfaces/cmake/export_custom_interfaces__rosidl_typesupport_fastrtps_cppExport.cmake
[1.021s] -- Up-to-date: /home/vboxuser/hw4_ws/install/custom_interfaces/share/custom_interfaces/cmake/export_custom_interfaces__rosidl_typesupport_fastrtps_cppExport-noconfig.cmake
[1.021s] -- Up-to-date: /home/vboxuser/hw4_ws/install/custom_interfaces/share/custom_interfaces/cmake/custom_interfaces__rosidl_typesupport_introspection_cppExport.cmake
[1.021s] -- Up-to-date: /home/vboxuser/hw4_ws/install/custom_interfaces/share/custom_interfaces/cmake/custom_interfaces__rosidl_typesupport_introspection_cppExport-noconfig.cmake
[1.021s] -- Up-to-date: /home/vboxuser/hw4_ws/install/custom_interfaces/share/custom_interfaces/cmake/custom_interfaces__rosidl_typesupport_cppExport.cmake
[1.021s] -- Up-to-date: /home/vboxuser/hw4_ws/install/custom_interfaces/share/custom_interfaces/cmake/custom_interfaces__rosidl_typesupport_cppExport-noconfig.cmake
[1.021s] -- Up-to-date: /home/vboxuser/hw4_ws/install/custom_interfaces/share/custom_interfaces/cmake/export_custom_interfaces__rosidl_generator_pyExport.cmake
[1.022s] -- Up-to-date: /home/vboxuser/hw4_ws/install/custom_interfaces/share/custom_interfaces/cmake/export_custom_interfaces__rosidl_generator_pyExport-noconfig.cmake
[1.022s] -- Up-to-date: /home/vboxuser/hw4_ws/install/custom_interfaces/share/custom_interfaces/cmake/rosidl_cmake-extras.cmake
[1.022s] -- Up-to-date: /home/vboxuser/hw4_ws/install/custom_interfaces/share/custom_interfaces/cmake/ament_cmake_export_include_directories-extras.cmake
[1.022s] -- Up-to-date: /home/vboxuser/hw4_ws/install/custom_interfaces/share/custom_interfaces/cmake/ament_cmake_export_libraries-extras.cmake
[1.022s] -- Up-to-date: /home/vboxuser/hw4_ws/install/custom_interfaces/share/custom_interfaces/cmake/ament_cmake_export_targets-extras.cmake
[1.022s] -- Up-to-date: /home/vboxuser/hw4_ws/install/custom_interfaces/share/custom_interfaces/cmake/rosidl_cmake_export_typesupport_targets-extras.cmake
[1.022s] -- Up-to-date: /home/vboxuser/hw4_ws/install/custom_interfaces/share/custom_interfaces/cmake/ament_cmake_export_dependencies-extras.cmake
[1.022s] -- Up-to-date: /home/vboxuser/hw4_ws/install/custom_interfaces/share/custom_interfaces/cmake/rosidl_cmake_export_typesupport_libraries-extras.cmake
[1.022s] -- Up-to-date: /home/vboxuser/hw4_ws/install/custom_interfaces/share/custom_interfaces/cmake/custom_interfacesConfig.cmake
[1.022s] -- Up-to-date: /home/vboxuser/hw4_ws/install/custom_interfaces/share/custom_interfaces/cmake/custom_interfacesConfig-version.cmake
[1.022s] -- Up-to-date: /home/vboxuser/hw4_ws/install/custom_interfaces/share/custom_interfaces/package.xml
[1.140s] Invoked command in '/home/vboxuser/hw4_ws/build/custom_interfaces' returned '0': CMAKE_PREFIX_PATH=${CMAKE_PREFIX_PATH}:/home/vboxuser/hw4_ws/install/py_srvcli:/home/vboxuser/hw4_ws/install/calculator:/opt/ros/humble /usr/bin/cmake --install /home/vboxuser/hw4_ws/build/custom_interfaces
