[1.550s] DEBUG:colcon:Command line arguments: ['/usr/bin/colcon', 'build']
[1.550s] DEBUG:colcon:Parsed command line arguments: Namespace(log_base=None, log_level=None, verb_name='build', build_base='build', install_base='install', merge_install=False, symlink_install=False, test_result_base=None, continue_on_error=False, executor='parallel', parallel_workers=6, event_handlers=None, ignore_user_meta=False, metas=['./colcon.meta'], base_paths=['.'], packages_ignore=None, packages_ignore_regex=None, paths=None, packages_up_to=None, packages_up_to_regex=None, packages_above=None, packages_above_and_dependencies=None, packages_above_depth=None, packages_select_by_dep=None, packages_skip_by_dep=None, packages_skip_up_to=None, packages_select_build_failed=False, packages_skip_build_finished=False, packages_select_test_failures=False, packages_skip_test_passed=False, packages_select=None, packages_skip=None, packages_select_regex=None, packages_skip_regex=None, packages_start=None, packages_end=None, allow_overriding=[], cmake_args=None, cmake_target=None, cmake_target_skip_unavailable=False, cmake_clean_cache=False, cmake_clean_first=False, cmake_force_configure=False, ament_cmake_args=None, catkin_cmake_args=None, catkin_skip_building_tests=False, verb_parser=<colcon_defaults.argument_parser.defaults.DefaultArgumentsDecorator object at 0x7f01b8903bb0>, verb_extension=<colcon_core.verb.build.BuildVerb object at 0x7f01b8918c70>, main=<bound method BuildVerb.main of <colcon_core.verb.build.BuildVerb object at 0x7f01b8918c70>>)
[1.615s] Level 1:colcon.colcon_core.package_discovery:discover_packages(colcon_meta) check parameters
[1.615s] Level 1:colcon.colcon_core.package_discovery:discover_packages(recursive) check parameters
[1.615s] Level 1:colcon.colcon_core.package_discovery:discover_packages(ignore) check parameters
[1.615s] Level 1:colcon.colcon_core.package_discovery:discover_packages(path) check parameters
[1.615s] Level 1:colcon.colcon_core.package_discovery:discover_packages(colcon_meta) discover
[1.616s] Level 1:colcon.colcon_core.package_discovery:discover_packages(recursive) discover
[1.616s] INFO:colcon.colcon_core.package_discovery:Crawling recursively for packages in '/home/vboxuser/hw4_ws'
[1.616s] Level 1:colcon.colcon_core.package_identification:_identify(.) by extensions ['ignore', 'ignore_ament_install']
[1.616s] Level 1:colcon.colcon_core.package_identification:_identify(.) by extension 'ignore'
[1.616s] Level 1:colcon.colcon_core.package_identification:_identify(.) by extension 'ignore_ament_install'
[1.616s] Level 1:colcon.colcon_core.package_identification:_identify(.) by extensions ['colcon_pkg']
[1.616s] Level 1:colcon.colcon_core.package_identification:_identify(.) by extension 'colcon_pkg'
[1.616s] Level 1:colcon.colcon_core.package_identification:_identify(.) by extensions ['colcon_meta']
[1.616s] Level 1:colcon.colcon_core.package_identification:_identify(.) by extension 'colcon_meta'
[1.616s] Level 1:colcon.colcon_core.package_identification:_identify(.) by extensions ['ros']
[1.616s] Level 1:colcon.colcon_core.package_identification:_identify(.) by extension 'ros'
[1.631s] Level 1:colcon.colcon_core.package_identification:_identify(.) by extensions ['cmake', 'python']
[1.631s] Level 1:colcon.colcon_core.package_identification:_identify(.) by extension 'cmake'
[1.632s] Level 1:colcon.colcon_core.package_identification:_identify(.) by extension 'python'
[1.632s] Level 1:colcon.colcon_core.package_identification:_identify(.) by extensions ['python_setup_py']
[1.632s] Level 1:colcon.colcon_core.package_identification:_identify(.) by extension 'python_setup_py'
[1.632s] Level 1:colcon.colcon_core.package_identification:_identify(build) by extensions ['ignore', 'ignore_ament_install']
[1.632s] Level 1:colcon.colcon_core.package_identification:_identify(build) by extension 'ignore'
[1.632s] Level 1:colcon.colcon_core.package_identification:_identify(build) ignored
[1.632s] Level 1:colcon.colcon_core.package_identification:_identify(install) by extensions ['ignore', 'ignore_ament_install']
[1.632s] Level 1:colcon.colcon_core.package_identification:_identify(install) by extension 'ignore'
[1.632s] Level 1:colcon.colcon_core.package_identification:_identify(install) ignored
[1.632s] Level 1:colcon.colcon_core.package_identification:_identify(log) by extensions ['ignore', 'ignore_ament_install']
[1.633s] Level 1:colcon.colcon_core.package_identification:_identify(log) by extension 'ignore'
[1.633s] Level 1:colcon.colcon_core.package_identification:_identify(log) ignored
[1.633s] Level 1:colcon.colcon_core.package_identification:_identify(src) by extensions ['ignore', 'ignore_ament_install']
[1.633s] Level 1:colcon.colcon_core.package_identification:_identify(src) by extension 'ignore'
[1.633s] Level 1:colcon.colcon_core.package_identification:_identify(src) by extension 'ignore_ament_install'
[1.633s] Level 1:colcon.colcon_core.package_identification:_identify(src) by extensions ['colcon_pkg']
[1.633s] Level 1:colcon.colcon_core.package_identification:_identify(src) by extension 'colcon_pkg'
[1.633s] Level 1:colcon.colcon_core.package_identification:_identify(src) by extensions ['colcon_meta']
[1.633s] Level 1:colcon.colcon_core.package_identification:_identify(src) by extension 'colcon_meta'
[1.633s] Level 1:colcon.colcon_core.package_identification:_identify(src) by extensions ['ros']
[1.633s] Level 1:colcon.colcon_core.package_identification:_identify(src) by extension 'ros'
[1.633s] Level 1:colcon.colcon_core.package_identification:_identify(src) by extensions ['cmake', 'python']
[1.633s] Level 1:colcon.colcon_core.package_identification:_identify(src) by extension 'cmake'
[1.634s] Level 1:colcon.colcon_core.package_identification:_identify(src) by extension 'python'
[1.634s] Level 1:colcon.colcon_core.package_identification:_identify(src) by extensions ['python_setup_py']
[1.634s] Level 1:colcon.colcon_core.package_identification:_identify(src) by extension 'python_setup_py'
[1.634s] Level 1:colcon.colcon_core.package_identification:_identify(src/build) by extensions ['ignore', 'ignore_ament_install']
[1.634s] Level 1:colcon.colcon_core.package_identification:_identify(src/build) by extension 'ignore'
[1.634s] Level 1:colcon.colcon_core.package_identification:_identify(src/build) ignored
[1.634s] Level 1:colcon.colcon_core.package_identification:_identify(src/calculator) by extensions ['ignore', 'ignore_ament_install']
[1.634s] Level 1:colcon.colcon_core.package_identification:_identify(src/calculator) by extension 'ignore'
[1.634s] Level 1:colcon.colcon_core.package_identification:_identify(src/calculator) by extension 'ignore_ament_install'
[1.634s] Level 1:colcon.colcon_core.package_identification:_identify(src/calculator) by extensions ['colcon_pkg']
[1.634s] Level 1:colcon.colcon_core.package_identification:_identify(src/calculator) by extension 'colcon_pkg'
[1.634s] Level 1:colcon.colcon_core.package_identification:_identify(src/calculator) by extensions ['colcon_meta']
[1.634s] Level 1:colcon.colcon_core.package_identification:_identify(src/calculator) by extension 'colcon_meta'
[1.634s] Level 1:colcon.colcon_core.package_identification:_identify(src/calculator) by extensions ['ros']
[1.634s] Level 1:colcon.colcon_core.package_identification:_identify(src/calculator) by extension 'ros'
[1.638s] DEBUG:colcon.colcon_core.package_identification:Package 'src/calculator' with type 'ros.ament_python' and name 'calculator'
[1.638s] Level 1:colcon.colcon_core.package_identification:_identify(src/custom_interfaces) by extensions ['ignore', 'ignore_ament_install']
[1.638s] Level 1:colcon.colcon_core.package_identification:_identify(src/custom_interfaces) by extension 'ignore'
[1.638s] Level 1:colcon.colcon_core.package_identification:_identify(src/custom_interfaces) by extension 'ignore_ament_install'
[1.638s] Level 1:colcon.colcon_core.package_identification:_identify(src/custom_interfaces) by extensions ['colcon_pkg']
[1.638s] Level 1:colcon.colcon_core.package_identification:_identify(src/custom_interfaces) by extension 'colcon_pkg'
[1.639s] Level 1:colcon.colcon_core.package_identification:_identify(src/custom_interfaces) by extensions ['colcon_meta']
[1.639s] Level 1:colcon.colcon_core.package_identification:_identify(src/custom_interfaces) by extension 'colcon_meta'
[1.639s] Level 1:colcon.colcon_core.package_identification:_identify(src/custom_interfaces) by extensions ['ros']
[1.639s] Level 1:colcon.colcon_core.package_identification:_identify(src/custom_interfaces) by extension 'ros'
[1.639s] DEBUG:colcon.colcon_core.package_identification:Package 'src/custom_interfaces' with type 'ros.ament_cmake' and name 'custom_interfaces'
[1.639s] Level 1:colcon.colcon_core.package_identification:_identify(src/custom_messages) by extensions ['ignore', 'ignore_ament_install']
[1.640s] Level 1:colcon.colcon_core.package_identification:_identify(src/custom_messages) by extension 'ignore'
[1.640s] Level 1:colcon.colcon_core.package_identification:_identify(src/custom_messages) ignored
[1.640s] Level 1:colcon.colcon_core.package_identification:_identify(src/install) by extensions ['ignore', 'ignore_ament_install']
[1.640s] Level 1:colcon.colcon_core.package_identification:_identify(src/install) by extension 'ignore'
[1.640s] Level 1:colcon.colcon_core.package_identification:_identify(src/install) ignored
[1.640s] Level 1:colcon.colcon_core.package_identification:_identify(src/log) by extensions ['ignore', 'ignore_ament_install']
[1.640s] Level 1:colcon.colcon_core.package_identification:_identify(src/log) by extension 'ignore'
[1.640s] Level 1:colcon.colcon_core.package_identification:_identify(src/log) ignored
[1.640s] Level 1:colcon.colcon_core.package_identification:_identify(src/py_srvcli) by extensions ['ignore', 'ignore_ament_install']
[1.640s] Level 1:colcon.colcon_core.package_identification:_identify(src/py_srvcli) by extension 'ignore'
[1.641s] Level 1:colcon.colcon_core.package_identification:_identify(src/py_srvcli) by extension 'ignore_ament_install'
[1.641s] Level 1:colcon.colcon_core.package_identification:_identify(src/py_srvcli) by extensions ['colcon_pkg']
[1.641s] Level 1:colcon.colcon_core.package_identification:_identify(src/py_srvcli) by extension 'colcon_pkg'
[1.641s] Level 1:colcon.colcon_core.package_identification:_identify(src/py_srvcli) by extensions ['colcon_meta']
[1.641s] Level 1:colcon.colcon_core.package_identification:_identify(src/py_srvcli) by extension 'colcon_meta'
[1.641s] Level 1:colcon.colcon_core.package_identification:_identify(src/py_srvcli) by extensions ['ros']
[1.641s] Level 1:colcon.colcon_core.package_identification:_identify(src/py_srvcli) by extension 'ros'
[1.642s] DEBUG:colcon.colcon_core.package_identification:Package 'src/py_srvcli' with type 'ros.ament_python' and name 'py_srvcli'
[1.642s] Level 1:colcon.colcon_core.package_identification:_identify(src/tutorial_interfaces) by extensions ['ignore', 'ignore_ament_install']
[1.642s] Level 1:colcon.colcon_core.package_identification:_identify(src/tutorial_interfaces) by extension 'ignore'
[1.642s] Level 1:colcon.colcon_core.package_identification:_identify(src/tutorial_interfaces) by extension 'ignore_ament_install'
[1.642s] Level 1:colcon.colcon_core.package_identification:_identify(src/tutorial_interfaces) by extensions ['colcon_pkg']
[1.642s] Level 1:colcon.colcon_core.package_identification:_identify(src/tutorial_interfaces) by extension 'colcon_pkg'
[1.642s] Level 1:colcon.colcon_core.package_identification:_identify(src/tutorial_interfaces) by extensions ['colcon_meta']
[1.642s] Level 1:colcon.colcon_core.package_identification:_identify(src/tutorial_interfaces) by extension 'colcon_meta'
[1.642s] Level 1:colcon.colcon_core.package_identification:_identify(src/tutorial_interfaces) by extensions ['ros']
[1.643s] Level 1:colcon.colcon_core.package_identification:_identify(src/tutorial_interfaces) by extension 'ros'
[1.643s] DEBUG:colcon.colcon_core.package_identification:Package 'src/tutorial_interfaces' with type 'ros.ament_cmake' and name 'tutorial_interfaces'
[1.643s] Level 1:colcon.colcon_core.package_discovery:discover_packages(recursive) using defaults
[1.643s] Level 1:colcon.colcon_core.package_discovery:discover_packages(ignore) discover
[1.643s] Level 1:colcon.colcon_core.package_discovery:discover_packages(ignore) using defaults
[1.643s] Level 1:colcon.colcon_core.package_discovery:discover_packages(path) discover
[1.643s] Level 1:colcon.colcon_core.package_discovery:discover_packages(path) using defaults
[1.787s] Level 1:colcon.colcon_core.package_discovery:discover_packages(prefix_path) check parameters
[1.787s] Level 1:colcon.colcon_core.package_discovery:discover_packages(prefix_path) discover
[1.833s] DEBUG:colcon.colcon_installed_package_information.package_discovery:Found 5 installed packages in /home/vboxuser/hw4_ws/install
[1.856s] DEBUG:colcon.colcon_installed_package_information.package_discovery:Found 284 installed packages in /opt/ros/humble
[1.859s] Level 1:colcon.colcon_core.package_discovery:discover_packages(prefix_path) using defaults
[2.026s] Level 5:colcon.colcon_core.verb:set package 'custom_interfaces' build argument 'cmake_args' from command line to 'None'
[2.026s] Level 5:colcon.colcon_core.verb:set package 'custom_interfaces' build argument 'cmake_target' from command line to 'None'
[2.026s] Level 5:colcon.colcon_core.verb:set package 'custom_interfaces' build argument 'cmake_target_skip_unavailable' from command line to 'False'
[2.026s] Level 5:colcon.colcon_core.verb:set package 'custom_interfaces' build argument 'cmake_clean_cache' from command line to 'False'
[2.026s] Level 5:colcon.colcon_core.verb:set package 'custom_interfaces' build argument 'cmake_clean_first' from command line to 'False'
[2.026s] Level 5:colcon.colcon_core.verb:set package 'custom_interfaces' build argument 'cmake_force_configure' from command line to 'False'
[2.027s] Level 5:colcon.colcon_core.verb:set package 'custom_interfaces' build argument 'ament_cmake_args' from command line to 'None'
[2.027s] Level 5:colcon.colcon_core.verb:set package 'custom_interfaces' build argument 'catkin_cmake_args' from command line to 'None'
[2.027s] Level 5:colcon.colcon_core.verb:set package 'custom_interfaces' build argument 'catkin_skip_building_tests' from command line to 'False'
[2.027s] DEBUG:colcon.colcon_core.verb:Building package 'custom_interfaces' with the following arguments: {'ament_cmake_args': None, 'build_base': '/home/vboxuser/hw4_ws/build/custom_interfaces', 'catkin_cmake_args': None, 'catkin_skip_building_tests': False, 'cmake_args': None, 'cmake_clean_cache': False, 'cmake_clean_first': False, 'cmake_force_configure': False, 'cmake_target': None, 'cmake_target_skip_unavailable': False, 'install_base': '/home/vboxuser/hw4_ws/install/custom_interfaces', 'merge_install': False, 'path': '/home/vboxuser/hw4_ws/src/custom_interfaces', 'symlink_install': False, 'test_result_base': None}
[2.049s] Level 5:colcon.colcon_core.verb:set package 'tutorial_interfaces' build argument 'cmake_args' from command line to 'None'
[2.049s] Level 5:colcon.colcon_core.verb:set package 'tutorial_interfaces' build argument 'cmake_target' from command line to 'None'
[2.049s] Level 5:colcon.colcon_core.verb:set package 'tutorial_interfaces' build argument 'cmake_target_skip_unavailable' from command line to 'False'
[2.049s] Level 5:colcon.colcon_core.verb:set package 'tutorial_interfaces' build argument 'cmake_clean_cache' from command line to 'False'
[2.049s] Level 5:colcon.colcon_core.verb:set package 'tutorial_interfaces' build argument 'cmake_clean_first' from command line to 'False'
[2.049s] Level 5:colcon.colcon_core.verb:set package 'tutorial_interfaces' build argument 'cmake_force_configure' from command line to 'False'
[2.049s] Level 5:colcon.colcon_core.verb:set package 'tutorial_interfaces' build argument 'ament_cmake_args' from command line to 'None'
[2.049s] Level 5:colcon.colcon_core.verb:set package 'tutorial_interfaces' build argument 'catkin_cmake_args' from command line to 'None'
[2.049s] Level 5:colcon.colcon_core.verb:set package 'tutorial_interfaces' build argument 'catkin_skip_building_tests' from command line to 'False'
[2.049s] DEBUG:colcon.colcon_core.verb:Building package 'tutorial_interfaces' with the following arguments: {'ament_cmake_args': None, 'build_base': '/home/vboxuser/hw4_ws/build/tutorial_interfaces', 'catkin_cmake_args': None, 'catkin_skip_building_tests': False, 'cmake_args': None, 'cmake_clean_cache': False, 'cmake_clean_first': False, 'cmake_force_configure': False, 'cmake_target': None, 'cmake_target_skip_unavailable': False, 'install_base': '/home/vboxuser/hw4_ws/install/tutorial_interfaces', 'merge_install': False, 'path': '/home/vboxuser/hw4_ws/src/tutorial_interfaces', 'symlink_install': False, 'test_result_base': None}
[2.072s] Level 5:colcon.colcon_core.verb:set package 'calculator' build argument 'cmake_args' from command line to 'None'
[2.072s] Level 5:colcon.colcon_core.verb:set package 'calculator' build argument 'cmake_target' from command line to 'None'
[2.072s] Level 5:colcon.colcon_core.verb:set package 'calculator' build argument 'cmake_target_skip_unavailable' from command line to 'False'
[2.072s] Level 5:colcon.colcon_core.verb:set package 'calculator' build argument 'cmake_clean_cache' from command line to 'False'
[2.072s] Level 5:colcon.colcon_core.verb:set package 'calculator' build argument 'cmake_clean_first' from command line to 'False'
[2.072s] Level 5:colcon.colcon_core.verb:set package 'calculator' build argument 'cmake_force_configure' from command line to 'False'
[2.072s] Level 5:colcon.colcon_core.verb:set package 'calculator' build argument 'ament_cmake_args' from command line to 'None'
[2.072s] Level 5:colcon.colcon_core.verb:set package 'calculator' build argument 'catkin_cmake_args' from command line to 'None'
[2.072s] Level 5:colcon.colcon_core.verb:set package 'calculator' build argument 'catkin_skip_building_tests' from command line to 'False'
[2.072s] DEBUG:colcon.colcon_core.verb:Building package 'calculator' with the following arguments: {'ament_cmake_args': None, 'build_base': '/home/vboxuser/hw4_ws/build/calculator', 'catkin_cmake_args': None, 'catkin_skip_building_tests': False, 'cmake_args': None, 'cmake_clean_cache': False, 'cmake_clean_first': False, 'cmake_force_configure': False, 'cmake_target': None, 'cmake_target_skip_unavailable': False, 'install_base': '/home/vboxuser/hw4_ws/install/calculator', 'merge_install': False, 'path': '/home/vboxuser/hw4_ws/src/calculator', 'symlink_install': False, 'test_result_base': None}
[2.095s] Level 5:colcon.colcon_core.verb:set package 'py_srvcli' build argument 'cmake_args' from command line to 'None'
[2.095s] Level 5:colcon.colcon_core.verb:set package 'py_srvcli' build argument 'cmake_target' from command line to 'None'
[2.095s] Level 5:colcon.colcon_core.verb:set package 'py_srvcli' build argument 'cmake_target_skip_unavailable' from command line to 'False'
[2.095s] Level 5:colcon.colcon_core.verb:set package 'py_srvcli' build argument 'cmake_clean_cache' from command line to 'False'
[2.095s] Level 5:colcon.colcon_core.verb:set package 'py_srvcli' build argument 'cmake_clean_first' from command line to 'False'
[2.095s] Level 5:colcon.colcon_core.verb:set package 'py_srvcli' build argument 'cmake_force_configure' from command line to 'False'
[2.095s] Level 5:colcon.colcon_core.verb:set package 'py_srvcli' build argument 'ament_cmake_args' from command line to 'None'
[2.095s] Level 5:colcon.colcon_core.verb:set package 'py_srvcli' build argument 'catkin_cmake_args' from command line to 'None'
[2.095s] Level 5:colcon.colcon_core.verb:set package 'py_srvcli' build argument 'catkin_skip_building_tests' from command line to 'False'
[2.095s] DEBUG:colcon.colcon_core.verb:Building package 'py_srvcli' with the following arguments: {'ament_cmake_args': None, 'build_base': '/home/vboxuser/hw4_ws/build/py_srvcli', 'catkin_cmake_args': None, 'catkin_skip_building_tests': False, 'cmake_args': None, 'cmake_clean_cache': False, 'cmake_clean_first': False, 'cmake_force_configure': False, 'cmake_target': None, 'cmake_target_skip_unavailable': False, 'install_base': '/home/vboxuser/hw4_ws/install/py_srvcli', 'merge_install': False, 'path': '/home/vboxuser/hw4_ws/src/py_srvcli', 'symlink_install': False, 'test_result_base': None}
[2.117s] INFO:colcon.colcon_core.executor:Executing jobs using 'parallel' executor
[2.139s] DEBUG:colcon.colcon_parallel_executor.executor.parallel:run_until_complete
[2.139s] INFO:colcon.colcon_ros.task.ament_cmake.build:Building ROS package in '/home/vboxuser/hw4_ws/src/tutorial_interfaces' with build type 'ament_cmake'
[2.139s] INFO:colcon.colcon_cmake.task.cmake.build:Building CMake package in '/home/vboxuser/hw4_ws/src/tutorial_interfaces'
[2.164s] INFO:colcon.colcon_core.plugin_system:Skipping extension 'colcon_core.shell.bat': Not used on non-Windows systems
[2.164s] INFO:colcon.colcon_core.shell:Skip shell extension 'powershell' for command environment: Not usable outside of PowerShell
[2.164s] DEBUG:colcon.colcon_core.shell:Skip shell extension 'dsv' for command environment
[2.240s] INFO:colcon.colcon_ros.task.ament_cmake.build:Building ROS package in '/home/vboxuser/hw4_ws/src/custom_interfaces' with build type 'ament_cmake'
[2.240s] INFO:colcon.colcon_cmake.task.cmake.build:Building CMake package in '/home/vboxuser/hw4_ws/src/custom_interfaces'
[2.263s] INFO:colcon.colcon_core.shell:Skip shell extension 'powershell' for command environment: Not usable outside of PowerShell
[2.263s] DEBUG:colcon.colcon_core.shell:Skip shell extension 'dsv' for command environment
[2.352s] DEBUG:colcon.colcon_core.event_handler.log_command:Invoking command in '/home/vboxuser/hw4_ws/build/tutorial_interfaces': CMAKE_PREFIX_PATH=${CMAKE_PREFIX_PATH}:/home/vboxuser/hw4_ws/install/py_srvcli:/home/vboxuser/hw4_ws/install/calculator:/opt/ros/humble /usr/bin/cmake --build /home/vboxuser/hw4_ws/build/tutorial_interfaces -- -j6 -l6
[2.367s] DEBUG:colcon.colcon_core.event_handler.log_command:Invoking command in '/home/vboxuser/hw4_ws/build/custom_interfaces': CMAKE_PREFIX_PATH=${CMAKE_PREFIX_PATH}:/home/vboxuser/hw4_ws/install/py_srvcli:/home/vboxuser/hw4_ws/install/calculator:/opt/ros/humble /usr/bin/cmake --build /home/vboxuser/hw4_ws/build/custom_interfaces -- -j6 -l6
[3.000s] DEBUG:colcon.colcon_core.event_handler.log_command:Invoked command in '/home/vboxuser/hw4_ws/build/custom_interfaces' returned '0': CMAKE_PREFIX_PATH=${CMAKE_PREFIX_PATH}:/home/vboxuser/hw4_ws/install/py_srvcli:/home/vboxuser/hw4_ws/install/calculator:/opt/ros/humble /usr/bin/cmake --build /home/vboxuser/hw4_ws/build/custom_interfaces -- -j6 -l6
[3.044s] DEBUG:colcon.colcon_core.event_handler.log_command:Invoked command in '/home/vboxuser/hw4_ws/build/tutorial_interfaces' returned '0': CMAKE_PREFIX_PATH=${CMAKE_PREFIX_PATH}:/home/vboxuser/hw4_ws/install/py_srvcli:/home/vboxuser/hw4_ws/install/calculator:/opt/ros/humble /usr/bin/cmake --build /home/vboxuser/hw4_ws/build/tutorial_interfaces -- -j6 -l6
[3.144s] DEBUG:colcon.colcon_core.event_handler.log_command:Invoking command in '/home/vboxuser/hw4_ws/build/custom_interfaces': CMAKE_PREFIX_PATH=${CMAKE_PREFIX_PATH}:/home/vboxuser/hw4_ws/install/py_srvcli:/home/vboxuser/hw4_ws/install/calculator:/opt/ros/humble /usr/bin/cmake --install /home/vboxuser/hw4_ws/build/custom_interfaces
[3.188s] DEBUG:colcon.colcon_core.event_handler.log_command:Invoking command in '/home/vboxuser/hw4_ws/build/tutorial_interfaces': CMAKE_PREFIX_PATH=${CMAKE_PREFIX_PATH}:/home/vboxuser/hw4_ws/install/py_srvcli:/home/vboxuser/hw4_ws/install/calculator:/opt/ros/humble /usr/bin/cmake --install /home/vboxuser/hw4_ws/build/tutorial_interfaces
[3.256s] Level 1:colcon.colcon_core.environment:create_environment_scripts_only(custom_interfaces)
[3.261s] DEBUG:colcon.colcon_core.event_handler.log_command:Invoked command in '/home/vboxuser/hw4_ws/build/custom_interfaces' returned '0': CMAKE_PREFIX_PATH=${CMAKE_PREFIX_PATH}:/home/vboxuser/hw4_ws/install/py_srvcli:/home/vboxuser/hw4_ws/install/calculator:/opt/ros/humble /usr/bin/cmake --install /home/vboxuser/hw4_ws/build/custom_interfaces
[3.296s] Level 1:colcon.colcon_core.environment:checking '/home/vboxuser/hw4_ws/install/custom_interfaces' for CMake module files
[3.297s] Level 1:colcon.colcon_core.environment:checking '/home/vboxuser/hw4_ws/install/custom_interfaces' for CMake config files
[3.298s] Level 1:colcon.colcon_core.shell:create_environment_hook('custom_interfaces', 'cmake_prefix_path')
[3.320s] INFO:colcon.colcon_core.shell:Creating environment hook '/home/vboxuser/hw4_ws/install/custom_interfaces/share/custom_interfaces/hook/cmake_prefix_path.ps1'
[3.321s] INFO:colcon.colcon_core.shell:Creating environment descriptor '/home/vboxuser/hw4_ws/install/custom_interfaces/share/custom_interfaces/hook/cmake_prefix_path.dsv'
[3.322s] INFO:colcon.colcon_core.shell:Creating environment hook '/home/vboxuser/hw4_ws/install/custom_interfaces/share/custom_interfaces/hook/cmake_prefix_path.sh'
[3.323s] Level 1:colcon.colcon_core.environment:checking '/home/vboxuser/hw4_ws/install/custom_interfaces/lib'
[3.324s] Level 1:colcon.colcon_core.shell:create_environment_hook('custom_interfaces', 'ld_library_path_lib')
[3.349s] INFO:colcon.colcon_core.shell:Creating environment hook '/home/vboxuser/hw4_ws/install/custom_interfaces/share/custom_interfaces/hook/ld_library_path_lib.ps1'
[3.350s] INFO:colcon.colcon_core.shell:Creating environment descriptor '/home/vboxuser/hw4_ws/install/custom_interfaces/share/custom_interfaces/hook/ld_library_path_lib.dsv'
[3.350s] INFO:colcon.colcon_core.shell:Creating environment hook '/home/vboxuser/hw4_ws/install/custom_interfaces/share/custom_interfaces/hook/ld_library_path_lib.sh'
[3.351s] Level 1:colcon.colcon_core.environment:checking '/home/vboxuser/hw4_ws/install/custom_interfaces/bin'
[3.351s] Level 1:colcon.colcon_core.environment:checking '/home/vboxuser/hw4_ws/install/custom_interfaces/lib/pkgconfig/custom_interfaces.pc'
[3.351s] Level 1:colcon.colcon_core.environment:checking '/home/vboxuser/hw4_ws/install/custom_interfaces/lib/python3.10/site-packages'
[3.351s] Level 1:colcon.colcon_core.environment:checking '/home/vboxuser/hw4_ws/install/custom_interfaces/bin'
[3.381s] INFO:colcon.colcon_core.shell:Creating package script '/home/vboxuser/hw4_ws/install/custom_interfaces/share/custom_interfaces/package.ps1'
[3.383s] INFO:colcon.colcon_core.shell:Creating package descriptor '/home/vboxuser/hw4_ws/install/custom_interfaces/share/custom_interfaces/package.dsv'
[3.384s] INFO:colcon.colcon_core.shell:Creating package script '/home/vboxuser/hw4_ws/install/custom_interfaces/share/custom_interfaces/package.sh'
[3.385s] INFO:colcon.colcon_core.shell:Creating package script '/home/vboxuser/hw4_ws/install/custom_interfaces/share/custom_interfaces/package.bash'
[3.386s] INFO:colcon.colcon_core.shell:Creating package script '/home/vboxuser/hw4_ws/install/custom_interfaces/share/custom_interfaces/package.zsh'
[3.387s] Level 1:colcon.colcon_core.environment:create_file_with_runtime_dependencies(/home/vboxuser/hw4_ws/install/custom_interfaces/share/colcon-core/packages/custom_interfaces)
[3.393s] Level 1:colcon.colcon_core.environment:create_environment_scripts_only(tutorial_interfaces)
[3.402s] DEBUG:colcon.colcon_core.event_handler.log_command:Invoked command in '/home/vboxuser/hw4_ws/build/tutorial_interfaces' returned '0': CMAKE_PREFIX_PATH=${CMAKE_PREFIX_PATH}:/home/vboxuser/hw4_ws/install/py_srvcli:/home/vboxuser/hw4_ws/install/calculator:/opt/ros/humble /usr/bin/cmake --install /home/vboxuser/hw4_ws/build/tutorial_interfaces
[3.419s] Level 1:colcon.colcon_core.environment:checking '/home/vboxuser/hw4_ws/install/tutorial_interfaces' for CMake module files
[3.420s] Level 1:colcon.colcon_core.environment:checking '/home/vboxuser/hw4_ws/install/tutorial_interfaces' for CMake config files
[3.420s] Level 1:colcon.colcon_core.shell:create_environment_hook('tutorial_interfaces', 'cmake_prefix_path')
[3.451s] INFO:colcon.colcon_core.shell:Creating environment hook '/home/vboxuser/hw4_ws/install/tutorial_interfaces/share/tutorial_interfaces/hook/cmake_prefix_path.ps1'
[3.452s] INFO:colcon.colcon_core.shell:Creating environment descriptor '/home/vboxuser/hw4_ws/install/tutorial_interfaces/share/tutorial_interfaces/hook/cmake_prefix_path.dsv'
[3.453s] INFO:colcon.colcon_core.shell:Creating environment hook '/home/vboxuser/hw4_ws/install/tutorial_interfaces/share/tutorial_interfaces/hook/cmake_prefix_path.sh'
[3.453s] Level 1:colcon.colcon_core.environment:checking '/home/vboxuser/hw4_ws/install/tutorial_interfaces/lib'
[3.454s] Level 1:colcon.colcon_core.shell:create_environment_hook('tutorial_interfaces', 'ld_library_path_lib')
[3.482s] INFO:colcon.colcon_core.shell:Creating environment hook '/home/vboxuser/hw4_ws/install/tutorial_interfaces/share/tutorial_interfaces/hook/ld_library_path_lib.ps1'
[3.482s] INFO:colcon.colcon_core.shell:Creating environment descriptor '/home/vboxuser/hw4_ws/install/tutorial_interfaces/share/tutorial_interfaces/hook/ld_library_path_lib.dsv'
[3.483s] INFO:colcon.colcon_core.shell:Creating environment hook '/home/vboxuser/hw4_ws/install/tutorial_interfaces/share/tutorial_interfaces/hook/ld_library_path_lib.sh'
[3.484s] Level 1:colcon.colcon_core.environment:checking '/home/vboxuser/hw4_ws/install/tutorial_interfaces/bin'
[3.484s] Level 1:colcon.colcon_core.environment:checking '/home/vboxuser/hw4_ws/install/tutorial_interfaces/lib/pkgconfig/tutorial_interfaces.pc'
[3.484s] Level 1:colcon.colcon_core.environment:checking '/home/vboxuser/hw4_ws/install/tutorial_interfaces/lib/python3.10/site-packages'
[3.485s] Level 1:colcon.colcon_core.environment:checking '/home/vboxuser/hw4_ws/install/tutorial_interfaces/bin'
[3.515s] INFO:colcon.colcon_core.shell:Creating package script '/home/vboxuser/hw4_ws/install/tutorial_interfaces/share/tutorial_interfaces/package.ps1'
[3.517s] INFO:colcon.colcon_core.shell:Creating package descriptor '/home/vboxuser/hw4_ws/install/tutorial_interfaces/share/tutorial_interfaces/package.dsv'
[3.520s] INFO:colcon.colcon_core.shell:Creating package script '/home/vboxuser/hw4_ws/install/tutorial_interfaces/share/tutorial_interfaces/package.sh'
[3.521s] INFO:colcon.colcon_core.shell:Creating package script '/home/vboxuser/hw4_ws/install/tutorial_interfaces/share/tutorial_interfaces/package.bash'
[3.522s] INFO:colcon.colcon_core.shell:Creating package script '/home/vboxuser/hw4_ws/install/tutorial_interfaces/share/tutorial_interfaces/package.zsh'
[3.523s] Level 1:colcon.colcon_core.environment:create_file_with_runtime_dependencies(/home/vboxuser/hw4_ws/install/tutorial_interfaces/share/colcon-core/packages/tutorial_interfaces)
[3.567s] Level 1:colcon.colcon_core.environment:create_environment_scripts_only(custom_interfaces)
[3.601s] Level 1:colcon.colcon_core.environment:checking '/home/vboxuser/hw4_ws/install/custom_interfaces' for CMake module files
[3.603s] Level 1:colcon.colcon_core.environment:checking '/home/vboxuser/hw4_ws/install/custom_interfaces' for CMake config files
[3.603s] Level 1:colcon.colcon_core.shell:create_environment_hook('custom_interfaces', 'cmake_prefix_path')
[3.626s] INFO:colcon.colcon_core.shell:Creating environment hook '/home/vboxuser/hw4_ws/install/custom_interfaces/share/custom_interfaces/hook/cmake_prefix_path.ps1'
[3.626s] INFO:colcon.colcon_core.shell:Creating environment descriptor '/home/vboxuser/hw4_ws/install/custom_interfaces/share/custom_interfaces/hook/cmake_prefix_path.dsv'
[3.627s] INFO:colcon.colcon_core.shell:Creating environment hook '/home/vboxuser/hw4_ws/install/custom_interfaces/share/custom_interfaces/hook/cmake_prefix_path.sh'
[3.628s] Level 1:colcon.colcon_core.environment:checking '/home/vboxuser/hw4_ws/install/custom_interfaces/lib'
[3.628s] Level 1:colcon.colcon_core.shell:create_environment_hook('custom_interfaces', 'ld_library_path_lib')
[3.651s] INFO:colcon.colcon_core.shell:Creating environment hook '/home/vboxuser/hw4_ws/install/custom_interfaces/share/custom_interfaces/hook/ld_library_path_lib.ps1'
[3.652s] INFO:colcon.colcon_core.shell:Creating environment descriptor '/home/vboxuser/hw4_ws/install/custom_interfaces/share/custom_interfaces/hook/ld_library_path_lib.dsv'
[3.652s] INFO:colcon.colcon_core.shell:Creating environment hook '/home/vboxuser/hw4_ws/install/custom_interfaces/share/custom_interfaces/hook/ld_library_path_lib.sh'
[3.653s] Level 1:colcon.colcon_core.environment:checking '/home/vboxuser/hw4_ws/install/custom_interfaces/bin'
[3.653s] Level 1:colcon.colcon_core.environment:checking '/home/vboxuser/hw4_ws/install/custom_interfaces/lib/pkgconfig/custom_interfaces.pc'
[3.653s] Level 1:colcon.colcon_core.environment:checking '/home/vboxuser/hw4_ws/install/custom_interfaces/lib/python3.10/site-packages'
[3.654s] Level 1:colcon.colcon_core.environment:checking '/home/vboxuser/hw4_ws/install/custom_interfaces/bin'
[3.677s] INFO:colcon.colcon_core.shell:Creating package script '/home/vboxuser/hw4_ws/install/custom_interfaces/share/custom_interfaces/package.ps1'
[3.678s] INFO:colcon.colcon_core.shell:Creating package descriptor '/home/vboxuser/hw4_ws/install/custom_interfaces/share/custom_interfaces/package.dsv'
[3.678s] INFO:colcon.colcon_core.shell:Creating package script '/home/vboxuser/hw4_ws/install/custom_interfaces/share/custom_interfaces/package.sh'
[3.679s] INFO:colcon.colcon_core.shell:Creating package script '/home/vboxuser/hw4_ws/install/custom_interfaces/share/custom_interfaces/package.bash'
[3.680s] INFO:colcon.colcon_core.shell:Creating package script '/home/vboxuser/hw4_ws/install/custom_interfaces/share/custom_interfaces/package.zsh'
[3.682s] Level 1:colcon.colcon_core.environment:create_file_with_runtime_dependencies(/home/vboxuser/hw4_ws/install/custom_interfaces/share/colcon-core/packages/custom_interfaces)
[3.715s] Level 1:colcon.colcon_core.environment:create_environment_scripts_only(tutorial_interfaces)
[3.741s] Level 1:colcon.colcon_core.environment:checking '/home/vboxuser/hw4_ws/install/tutorial_interfaces' for CMake module files
[3.742s] Level 1:colcon.colcon_core.environment:checking '/home/vboxuser/hw4_ws/install/tutorial_interfaces' for CMake config files
[3.743s] Level 1:colcon.colcon_core.shell:create_environment_hook('tutorial_interfaces', 'cmake_prefix_path')
[3.770s] INFO:colcon.colcon_core.shell:Creating environment hook '/home/vboxuser/hw4_ws/install/tutorial_interfaces/share/tutorial_interfaces/hook/cmake_prefix_path.ps1'
[3.770s] INFO:colcon.colcon_core.shell:Creating environment descriptor '/home/vboxuser/hw4_ws/install/tutorial_interfaces/share/tutorial_interfaces/hook/cmake_prefix_path.dsv'
[3.771s] INFO:colcon.colcon_core.shell:Creating environment hook '/home/vboxuser/hw4_ws/install/tutorial_interfaces/share/tutorial_interfaces/hook/cmake_prefix_path.sh'
[3.771s] Level 1:colcon.colcon_core.environment:checking '/home/vboxuser/hw4_ws/install/tutorial_interfaces/lib'
[3.771s] Level 1:colcon.colcon_core.shell:create_environment_hook('tutorial_interfaces', 'ld_library_path_lib')
[3.801s] INFO:colcon.colcon_core.shell:Creating environment hook '/home/vboxuser/hw4_ws/install/tutorial_interfaces/share/tutorial_interfaces/hook/ld_library_path_lib.ps1'
[3.802s] INFO:colcon.colcon_core.shell:Creating environment descriptor '/home/vboxuser/hw4_ws/install/tutorial_interfaces/share/tutorial_interfaces/hook/ld_library_path_lib.dsv'
[3.802s] INFO:colcon.colcon_core.shell:Creating environment hook '/home/vboxuser/hw4_ws/install/tutorial_interfaces/share/tutorial_interfaces/hook/ld_library_path_lib.sh'
[3.803s] Level 1:colcon.colcon_core.environment:checking '/home/vboxuser/hw4_ws/install/tutorial_interfaces/bin'
[3.803s] Level 1:colcon.colcon_core.environment:checking '/home/vboxuser/hw4_ws/install/tutorial_interfaces/lib/pkgconfig/tutorial_interfaces.pc'
[3.804s] Level 1:colcon.colcon_core.environment:checking '/home/vboxuser/hw4_ws/install/tutorial_interfaces/lib/python3.10/site-packages'
[3.804s] Level 1:colcon.colcon_core.environment:checking '/home/vboxuser/hw4_ws/install/tutorial_interfaces/bin'
[3.828s] INFO:colcon.colcon_core.shell:Creating package script '/home/vboxuser/hw4_ws/install/tutorial_interfaces/share/tutorial_interfaces/package.ps1'
[3.829s] INFO:colcon.colcon_core.shell:Creating package descriptor '/home/vboxuser/hw4_ws/install/tutorial_interfaces/share/tutorial_interfaces/package.dsv'
[3.831s] INFO:colcon.colcon_core.shell:Creating package script '/home/vboxuser/hw4_ws/install/tutorial_interfaces/share/tutorial_interfaces/package.sh'
[3.833s] INFO:colcon.colcon_core.shell:Creating package script '/home/vboxuser/hw4_ws/install/tutorial_interfaces/share/tutorial_interfaces/package.bash'
[3.835s] INFO:colcon.colcon_core.shell:Creating package script '/home/vboxuser/hw4_ws/install/tutorial_interfaces/share/tutorial_interfaces/package.zsh'
[3.836s] Level 1:colcon.colcon_core.environment:create_file_with_runtime_dependencies(/home/vboxuser/hw4_ws/install/tutorial_interfaces/share/colcon-core/packages/tutorial_interfaces)
[3.837s] INFO:colcon.colcon_ros.task.ament_python.build:Building ROS package in '/home/vboxuser/hw4_ws/src/calculator' with build type 'ament_python'
[3.838s] Level 1:colcon.colcon_core.shell:create_environment_hook('calculator', 'ament_prefix_path')
[3.875s] INFO:colcon.colcon_core.shell:Creating environment hook '/home/vboxuser/hw4_ws/install/calculator/share/calculator/hook/ament_prefix_path.ps1'
[3.876s] INFO:colcon.colcon_core.shell:Creating environment descriptor '/home/vboxuser/hw4_ws/install/calculator/share/calculator/hook/ament_prefix_path.dsv'
[3.877s] INFO:colcon.colcon_core.shell:Creating environment hook '/home/vboxuser/hw4_ws/install/calculator/share/calculator/hook/ament_prefix_path.sh'
[3.905s] INFO:colcon.colcon_core.shell:Skip shell extension 'powershell' for command environment: Not usable outside of PowerShell
[3.905s] DEBUG:colcon.colcon_core.shell:Skip shell extension 'dsv' for command environment
[3.985s] INFO:colcon.colcon_ros.task.ament_python.build:Building ROS package in '/home/vboxuser/hw4_ws/src/py_srvcli' with build type 'ament_python'
[3.985s] Level 1:colcon.colcon_core.shell:create_environment_hook('py_srvcli', 'ament_prefix_path')
[4.005s] INFO:colcon.colcon_core.shell:Creating environment hook '/home/vboxuser/hw4_ws/install/py_srvcli/share/py_srvcli/hook/ament_prefix_path.ps1'
[4.006s] INFO:colcon.colcon_core.shell:Creating environment descriptor '/home/vboxuser/hw4_ws/install/py_srvcli/share/py_srvcli/hook/ament_prefix_path.dsv'
[4.006s] INFO:colcon.colcon_core.shell:Creating environment hook '/home/vboxuser/hw4_ws/install/py_srvcli/share/py_srvcli/hook/ament_prefix_path.sh'
[4.027s] INFO:colcon.colcon_core.shell:Skip shell extension 'powershell' for command environment: Not usable outside of PowerShell
[4.027s] DEBUG:colcon.colcon_core.shell:Skip shell extension 'dsv' for command environment
[4.542s] INFO:colcon.colcon_core.task.python.build:Building Python package in '/home/vboxuser/hw4_ws/src/calculator'
[4.563s] INFO:colcon.colcon_core.shell:Skip shell extension 'powershell' for command environment: Not usable outside of PowerShell
[4.564s] DEBUG:colcon.colcon_core.shell:Skip shell extension 'dsv' for command environment
[5.208s] INFO:colcon.colcon_core.task.python.build:Building Python package in '/home/vboxuser/hw4_ws/src/py_srvcli'
[5.237s] INFO:colcon.colcon_core.shell:Skip shell extension 'powershell' for command environment: Not usable outside of PowerShell
[5.237s] DEBUG:colcon.colcon_core.shell:Skip shell extension 'dsv' for command environment
[5.862s] DEBUG:colcon.colcon_core.event_handler.log_command:Invoking command in '/home/vboxuser/hw4_ws/src/py_srvcli': CMAKE_PREFIX_PATH=/home/vboxuser/hw4_ws/install/tutorial_interfaces:/home/vboxuser/hw4_ws/install/custom_interfaces:/home/vboxuser/hw4_ws/install/custom_messages LD_LIBRARY_PATH=/home/vboxuser/hw4_ws/install/tutorial_interfaces/lib:/home/vboxuser/hw4_ws/install/custom_interfaces/lib:/opt/ros/humble/opt/rviz_ogre_vendor/lib:/opt/ros/humble/lib/x86_64-linux-gnu:/opt/ros/humble/lib PYTHONPATH=/home/vboxuser/hw4_ws/build/py_srvcli/prefix_override:/home/vboxuser/hw4_ws/install/py_srvcli/lib/python3.10/site-packages:${PYTHONPATH} /usr/bin/python3 setup.py egg_info --egg-base ../../build/py_srvcli build --build-base /home/vboxuser/hw4_ws/build/py_srvcli/build install --record /home/vboxuser/hw4_ws/build/py_srvcli/install.log --single-version-externally-managed
[5.866s] DEBUG:colcon.colcon_core.event_handler.log_command:Invoking command in '/home/vboxuser/hw4_ws/src/calculator': CMAKE_PREFIX_PATH=/home/vboxuser/hw4_ws/install/tutorial_interfaces:/home/vboxuser/hw4_ws/install/custom_interfaces:/home/vboxuser/hw4_ws/install/custom_messages LD_LIBRARY_PATH=/home/vboxuser/hw4_ws/install/tutorial_interfaces/lib:/home/vboxuser/hw4_ws/install/custom_interfaces/lib:/opt/ros/humble/opt/rviz_ogre_vendor/lib:/opt/ros/humble/lib/x86_64-linux-gnu:/opt/ros/humble/lib PYTHONPATH=/home/vboxuser/hw4_ws/build/calculator/prefix_override:/home/vboxuser/hw4_ws/install/calculator/lib/python3.10/site-packages:${PYTHONPATH} /usr/bin/python3 setup.py egg_info --egg-base ../../build/calculator build --build-base /home/vboxuser/hw4_ws/build/calculator/build install --record /home/vboxuser/hw4_ws/build/calculator/install.log --single-version-externally-managed
[6.353s] DEBUG:colcon.colcon_core.event_handler.log_command:Invoked command in '/home/vboxuser/hw4_ws/src/calculator' returned '0': CMAKE_PREFIX_PATH=/home/vboxuser/hw4_ws/install/tutorial_interfaces:/home/vboxuser/hw4_ws/install/custom_interfaces:/home/vboxuser/hw4_ws/install/custom_messages LD_LIBRARY_PATH=/home/vboxuser/hw4_ws/install/tutorial_interfaces/lib:/home/vboxuser/hw4_ws/install/custom_interfaces/lib:/opt/ros/humble/opt/rviz_ogre_vendor/lib:/opt/ros/humble/lib/x86_64-linux-gnu:/opt/ros/humble/lib PYTHONPATH=/home/vboxuser/hw4_ws/build/calculator/prefix_override:/home/vboxuser/hw4_ws/install/calculator/lib/python3.10/site-packages:${PYTHONPATH} /usr/bin/python3 setup.py egg_info --egg-base ../../build/calculator build --build-base /home/vboxuser/hw4_ws/build/calculator/build install --record /home/vboxuser/hw4_ws/build/calculator/install.log --single-version-externally-managed
[6.375s] Level 1:colcon.colcon_core.environment:checking '/home/vboxuser/hw4_ws/install/calculator' for CMake module files
[6.375s] Level 1:colcon.colcon_core.environment:checking '/home/vboxuser/hw4_ws/install/calculator' for CMake config files
[6.376s] Level 1:colcon.colcon_core.environment:checking '/home/vboxuser/hw4_ws/install/calculator/lib'
[6.376s] Level 1:colcon.colcon_core.environment:checking '/home/vboxuser/hw4_ws/install/calculator/bin'
[6.376s] Level 1:colcon.colcon_core.environment:checking '/home/vboxuser/hw4_ws/install/calculator/lib/pkgconfig/calculator.pc'
[6.376s] Level 1:colcon.colcon_core.environment:checking '/home/vboxuser/hw4_ws/install/calculator/lib/python3.10/site-packages'
[6.376s] Level 1:colcon.colcon_core.shell:create_environment_hook('calculator', 'pythonpath')
[6.399s] INFO:colcon.colcon_core.shell:Creating environment hook '/home/vboxuser/hw4_ws/install/calculator/share/calculator/hook/pythonpath.ps1'
[6.400s] INFO:colcon.colcon_core.shell:Creating environment descriptor '/home/vboxuser/hw4_ws/install/calculator/share/calculator/hook/pythonpath.dsv'
[6.400s] INFO:colcon.colcon_core.shell:Creating environment hook '/home/vboxuser/hw4_ws/install/calculator/share/calculator/hook/pythonpath.sh'
[6.401s] Level 1:colcon.colcon_core.environment:checking '/home/vboxuser/hw4_ws/install/calculator/bin'
[6.402s] Level 1:colcon.colcon_core.environment:create_environment_scripts_only(calculator)
[6.425s] INFO:colcon.colcon_core.shell:Creating package script '/home/vboxuser/hw4_ws/install/calculator/share/calculator/package.ps1'
[6.426s] INFO:colcon.colcon_core.shell:Creating package descriptor '/home/vboxuser/hw4_ws/install/calculator/share/calculator/package.dsv'
[6.427s] INFO:colcon.colcon_core.shell:Creating package script '/home/vboxuser/hw4_ws/install/calculator/share/calculator/package.sh'
[6.428s] INFO:colcon.colcon_core.shell:Creating package script '/home/vboxuser/hw4_ws/install/calculator/share/calculator/package.bash'
[6.428s] INFO:colcon.colcon_core.shell:Creating package script '/home/vboxuser/hw4_ws/install/calculator/share/calculator/package.zsh'
[6.429s] Level 1:colcon.colcon_core.environment:create_file_with_runtime_dependencies(/home/vboxuser/hw4_ws/install/calculator/share/colcon-core/packages/calculator)
[6.432s] DEBUG:colcon.colcon_core.event_handler.log_command:Invoked command in '/home/vboxuser/hw4_ws/src/py_srvcli' returned '0': CMAKE_PREFIX_PATH=/home/vboxuser/hw4_ws/install/tutorial_interfaces:/home/vboxuser/hw4_ws/install/custom_interfaces:/home/vboxuser/hw4_ws/install/custom_messages LD_LIBRARY_PATH=/home/vboxuser/hw4_ws/install/tutorial_interfaces/lib:/home/vboxuser/hw4_ws/install/custom_interfaces/lib:/opt/ros/humble/opt/rviz_ogre_vendor/lib:/opt/ros/humble/lib/x86_64-linux-gnu:/opt/ros/humble/lib PYTHONPATH=/home/vboxuser/hw4_ws/build/py_srvcli/prefix_override:/home/vboxuser/hw4_ws/install/py_srvcli/lib/python3.10/site-packages:${PYTHONPATH} /usr/bin/python3 setup.py egg_info --egg-base ../../build/py_srvcli build --build-base /home/vboxuser/hw4_ws/build/py_srvcli/build install --record /home/vboxuser/hw4_ws/build/py_srvcli/install.log --single-version-externally-managed
[6.454s] Level 1:colcon.colcon_core.environment:checking '/home/vboxuser/hw4_ws/install/py_srvcli' for CMake module files
[6.454s] Level 1:colcon.colcon_core.environment:checking '/home/vboxuser/hw4_ws/install/py_srvcli' for CMake config files
[6.455s] Level 1:colcon.colcon_core.environment:checking '/home/vboxuser/hw4_ws/install/py_srvcli/lib'
[6.455s] Level 1:colcon.colcon_core.environment:checking '/home/vboxuser/hw4_ws/install/py_srvcli/bin'
[6.455s] Level 1:colcon.colcon_core.environment:checking '/home/vboxuser/hw4_ws/install/py_srvcli/lib/pkgconfig/py_srvcli.pc'
[6.456s] Level 1:colcon.colcon_core.environment:checking '/home/vboxuser/hw4_ws/install/py_srvcli/lib/python3.10/site-packages'
[6.456s] Level 1:colcon.colcon_core.shell:create_environment_hook('py_srvcli', 'pythonpath')
[6.502s] INFO:colcon.colcon_core.shell:Creating environment hook '/home/vboxuser/hw4_ws/install/py_srvcli/share/py_srvcli/hook/pythonpath.ps1'
[6.503s] INFO:colcon.colcon_core.shell:Creating environment descriptor '/home/vboxuser/hw4_ws/install/py_srvcli/share/py_srvcli/hook/pythonpath.dsv'
[6.503s] INFO:colcon.colcon_core.shell:Creating environment hook '/home/vboxuser/hw4_ws/install/py_srvcli/share/py_srvcli/hook/pythonpath.sh'
[6.504s] Level 1:colcon.colcon_core.environment:checking '/home/vboxuser/hw4_ws/install/py_srvcli/bin'
[6.504s] Level 1:colcon.colcon_core.environment:create_environment_scripts_only(py_srvcli)
[6.524s] INFO:colcon.colcon_core.shell:Creating package script '/home/vboxuser/hw4_ws/install/py_srvcli/share/py_srvcli/package.ps1'
[6.525s] INFO:colcon.colcon_core.shell:Creating package descriptor '/home/vboxuser/hw4_ws/install/py_srvcli/share/py_srvcli/package.dsv'
[6.526s] INFO:colcon.colcon_core.shell:Creating package script '/home/vboxuser/hw4_ws/install/py_srvcli/share/py_srvcli/package.sh'
[6.526s] INFO:colcon.colcon_core.shell:Creating package script '/home/vboxuser/hw4_ws/install/py_srvcli/share/py_srvcli/package.bash'
[6.527s] INFO:colcon.colcon_core.shell:Creating package script '/home/vboxuser/hw4_ws/install/py_srvcli/share/py_srvcli/package.zsh'
[6.527s] Level 1:colcon.colcon_core.environment:create_file_with_runtime_dependencies(/home/vboxuser/hw4_ws/install/py_srvcli/share/colcon-core/packages/py_srvcli)
[6.527s] DEBUG:colcon.colcon_parallel_executor.executor.parallel:closing loop
[6.528s] DEBUG:colcon.colcon_parallel_executor.executor.parallel:loop closed
[6.528s] DEBUG:colcon.colcon_parallel_executor.executor.parallel:run_until_complete finished with '0'
[6.528s] DEBUG:colcon.colcon_core.event_reactor:joining thread
[6.558s] INFO:colcon.colcon_core.plugin_system:Skipping extension 'colcon_notification.desktop_notification.terminal_notifier': Not used on non-Darwin systems
[6.558s] INFO:colcon.colcon_core.plugin_system:Skipping extension 'colcon_notification.desktop_notification.win32': Not used on non-Windows systems
[6.558s] INFO:colcon.colcon_notification.desktop_notification:Sending desktop notification using 'notify2'
[6.571s] DEBUG:colcon.colcon_core.event_reactor:joined thread
[6.592s] INFO:colcon.colcon_core.shell:Creating prefix script '/home/vboxuser/hw4_ws/install/local_setup.ps1'
[6.595s] INFO:colcon.colcon_core.shell:Creating prefix util module '/home/vboxuser/hw4_ws/install/_local_setup_util_ps1.py'
[6.598s] INFO:colcon.colcon_core.shell:Creating prefix chain script '/home/vboxuser/hw4_ws/install/setup.ps1'
[6.628s] INFO:colcon.colcon_core.shell:Creating prefix script '/home/vboxuser/hw4_ws/install/local_setup.sh'
[6.630s] INFO:colcon.colcon_core.shell:Creating prefix util module '/home/vboxuser/hw4_ws/install/_local_setup_util_sh.py'
[6.631s] INFO:colcon.colcon_core.shell:Creating prefix chain script '/home/vboxuser/hw4_ws/install/setup.sh'
[6.659s] INFO:colcon.colcon_core.shell:Creating prefix script '/home/vboxuser/hw4_ws/install/local_setup.bash'
[6.660s] INFO:colcon.colcon_core.shell:Creating prefix chain script '/home/vboxuser/hw4_ws/install/setup.bash'
[6.699s] INFO:colcon.colcon_core.shell:Creating prefix script '/home/vboxuser/hw4_ws/install/local_setup.zsh'
[6.700s] INFO:colcon.colcon_core.shell:Creating prefix chain script '/home/vboxuser/hw4_ws/install/setup.zsh'
