[2.251s] Invoking command in '/home/vboxuser/ros2_ws/build/examples_rclpy_executors': PYTHONPATH=/home/vboxuser/ros2_ws/build/examples_rclpy_executors/prefix_override:/home/vboxuser/ros2_ws/install/examples_rclpy_executors/lib/python3.10/site-packages:${PYTHONPATH} /usr/bin/python3 setup.py develop --editable --build-directory /home/vboxuser/ros2_ws/build/examples_rclpy_executors/build --no-deps install_data
[2.701s] running develop
[2.703s] /usr/lib/python3/dist-packages/setuptools/command/easy_install.py:158: EasyInstallDeprecationWarning: easy_install command is deprecated. Use build and pip and other standards-based tools.
[2.703s]   warnings.warn(
[2.714s] /usr/lib/python3/dist-packages/setuptools/command/install.py:34: SetuptoolsDeprecationWarning: setup.py install is deprecated. Use build and pip and other standards-based tools.
[2.714s]   warnings.warn(
[2.989s] running egg_info
[2.989s] creating examples_rclpy_executors.egg-info
[2.989s] writing examples_rclpy_executors.egg-info/PKG-INFO
[2.990s] writing dependency_links to examples_rclpy_executors.egg-info/dependency_links.txt
[2.990s] writing entry points to examples_rclpy_executors.egg-info/entry_points.txt
[2.990s] writing requirements to examples_rclpy_executors.egg-info/requires.txt
[2.990s] writing top-level names to examples_rclpy_executors.egg-info/top_level.txt
[2.990s] writing manifest file 'examples_rclpy_executors.egg-info/SOURCES.txt'
[2.997s] reading manifest file 'examples_rclpy_executors.egg-info/SOURCES.txt'
[3.000s] writing manifest file 'examples_rclpy_executors.egg-info/SOURCES.txt'
[3.001s] running build_ext
[3.001s] Creating /home/vboxuser/ros2_ws/install/examples_rclpy_executors/lib/python3.10/site-packages/examples-rclpy-executors.egg-link (link to .)
[3.002s] Installing callback_group script to /home/vboxuser/ros2_ws/install/examples_rclpy_executors/lib/examples_rclpy_executors
[3.002s] Installing composed script to /home/vboxuser/ros2_ws/install/examples_rclpy_executors/lib/examples_rclpy_executors
[3.002s] Installing custom_callback_group script to /home/vboxuser/ros2_ws/install/examples_rclpy_executors/lib/examples_rclpy_executors
[3.003s] Installing custom_executor script to /home/vboxuser/ros2_ws/install/examples_rclpy_executors/lib/examples_rclpy_executors
[3.003s] Installing listener script to /home/vboxuser/ros2_ws/install/examples_rclpy_executors/lib/examples_rclpy_executors
[3.003s] Installing talker script to /home/vboxuser/ros2_ws/install/examples_rclpy_executors/lib/examples_rclpy_executors
[3.003s] 
[3.003s] Installed /home/vboxuser/ros2_ws/build/examples_rclpy_executors
[3.003s] running install_data
[3.003s] creating /home/vboxuser/ros2_ws/install/examples_rclpy_executors/share/ament_index
[3.004s] creating /home/vboxuser/ros2_ws/install/examples_rclpy_executors/share/ament_index/resource_index
[3.004s] creating /home/vboxuser/ros2_ws/install/examples_rclpy_executors/share/ament_index/resource_index/packages
[3.004s] copying resource/examples_rclpy_executors -> /home/vboxuser/ros2_ws/install/examples_rclpy_executors/share/ament_index/resource_index/packages
[3.004s] copying package.xml -> /home/vboxuser/ros2_ws/install/examples_rclpy_executors/share/examples_rclpy_executors
[3.054s] Invoked command in '/home/vboxuser/ros2_ws/build/examples_rclpy_executors' returned '0': PYTHONPATH=/home/vboxuser/ros2_ws/build/examples_rclpy_executors/prefix_override:/home/vboxuser/ros2_ws/install/examples_rclpy_executors/lib/python3.10/site-packages:${PYTHONPATH} /usr/bin/python3 setup.py develop --editable --build-directory /home/vboxuser/ros2_ws/build/examples_rclpy_executors/build --no-deps install_data
