[1.850s] Invoking command in '/home/vboxuser/hw4_ws/src/calculator': AMENT_PREFIX_PATH=/home/vboxuser/hw4_ws/install/tutorial_interfaces:${AMENT_PREFIX_PATH} CMAKE_PREFIX_PATH=/home/vboxuser/hw4_ws/install/tutorial_interfaces LD_LIBRARY_PATH=/home/vboxuser/hw4_ws/install/tutorial_interfaces/lib:${LD_LIBRARY_PATH} PYTHONPATH=/home/vboxuser/hw4_ws/build/calculator/prefix_override:/home/vboxuser/hw4_ws/install/calculator/lib/python3.10/site-packages:/home/vboxuser/hw4_ws/install/tutorial_interfaces/local/lib/python3.10/dist-packages:${PYTHONPATH} /usr/bin/python3 setup.py egg_info --egg-base ../../build/calculator build --build-base /home/vboxuser/hw4_ws/build/calculator/build install --record /home/vboxuser/hw4_ws/build/calculator/install.log --single-version-externally-managed
[2.226s] running egg_info
[2.227s] writing ../../build/calculator/calculator.egg-info/PKG-INFO
[2.227s] writing dependency_links to ../../build/calculator/calculator.egg-info/dependency_links.txt
[2.228s] writing entry points to ../../build/calculator/calculator.egg-info/entry_points.txt
[2.228s] writing requirements to ../../build/calculator/calculator.egg-info/requires.txt
[2.228s] writing top-level names to ../../build/calculator/calculator.egg-info/top_level.txt
[2.230s] reading manifest file '../../build/calculator/calculator.egg-info/SOURCES.txt'
[2.240s] adding license file 'LICENSE'
[2.242s] writing manifest file '../../build/calculator/calculator.egg-info/SOURCES.txt'
[2.243s] running build
[2.243s] running build_py
[2.245s] copying calculator/calc_gpt.py -> /home/vboxuser/hw4_ws/build/calculator/build/lib/calculator
[2.246s] running install
[2.246s] running install_lib
[2.249s] copying /home/vboxuser/hw4_ws/build/calculator/build/lib/calculator/calc_gpt.py -> /home/vboxuser/hw4_ws/install/calculator/lib/python3.10/site-packages/calculator
[2.250s] byte-compiling /home/vboxuser/hw4_ws/install/calculator/lib/python3.10/site-packages/calculator/calc_gpt.py to calc_gpt.cpython-310.pyc
[2.251s] running install_data
[2.254s] running install_egg_info
[2.257s] removing '/home/vboxuser/hw4_ws/install/calculator/lib/python3.10/site-packages/calculator-0.0.0-py3.10.egg-info' (and everything under it)
[2.257s] Copying ../../build/calculator/calculator.egg-info to /home/vboxuser/hw4_ws/install/calculator/lib/python3.10/site-packages/calculator-0.0.0-py3.10.egg-info
[2.271s] running install_scripts
[2.308s] Installing calc_gpt script to /home/vboxuser/hw4_ws/install/calculator/lib/calculator
[2.308s] Installing calc_node script to /home/vboxuser/hw4_ws/install/calculator/lib/calculator
[2.308s] Installing calculator script to /home/vboxuser/hw4_ws/install/calculator/lib/calculator
[2.309s] Installing client script to /home/vboxuser/hw4_ws/install/calculator/lib/calculator
[2.309s] Installing service script to /home/vboxuser/hw4_ws/install/calculator/lib/calculator
[2.309s] writing list of installed files to '/home/vboxuser/hw4_ws/build/calculator/install.log'
[2.343s] Invoked command in '/home/vboxuser/hw4_ws/src/calculator' returned '0': AMENT_PREFIX_PATH=/home/vboxuser/hw4_ws/install/tutorial_interfaces:${AMENT_PREFIX_PATH} CMAKE_PREFIX_PATH=/home/vboxuser/hw4_ws/install/tutorial_interfaces LD_LIBRARY_PATH=/home/vboxuser/hw4_ws/install/tutorial_interfaces/lib:${LD_LIBRARY_PATH} PYTHONPATH=/home/vboxuser/hw4_ws/build/calculator/prefix_override:/home/vboxuser/hw4_ws/install/calculator/lib/python3.10/site-packages:/home/vboxuser/hw4_ws/install/tutorial_interfaces/local/lib/python3.10/dist-packages:${PYTHONPATH} /usr/bin/python3 setup.py egg_info --egg-base ../../build/calculator build --build-base /home/vboxuser/hw4_ws/build/calculator/build install --record /home/vboxuser/hw4_ws/build/calculator/install.log --single-version-externally-managed
