[  6%] Built target my_robot_intrfaces__cpp
[ 12%] Built target my_robot_intrfaces__rosidl_generator_c
[ 12%] Built target ament_cmake_python_copy_my_robot_intrfaces
[ 22%] Built target my_robot_intrfaces__rosidl_typesupport_cpp
[ 32%] Built target my_robot_intrfaces__rosidl_typesupport_fastrtps_c
[ 41%] Built target my_robot_intrfaces__rosidl_typesupport_fastrtps_cpp
[ 51%] Built target my_robot_intrfaces__rosidl_typesupport_introspection_cpp
[ 61%] Built target my_robot_intrfaces__rosidl_typesupport_introspection_c
[ 70%] Built target my_robot_intrfaces__rosidl_typesupport_c
[ 70%] Built target my_robot_intrfaces
[ 74%] Built target my_robot_intrfaces__py
[ 80%] Built target my_robot_intrfaces__rosidl_generator_py
[ 93%] Built target my_robot_intrfaces__rosidl_typesupport_fastrtps_c__pyext
[ 93%] Built target my_robot_intrfaces__rosidl_typesupport_introspection_c__pyext
[100%] Built target my_robot_intrfaces__rosidl_typesupport_c__pyext
running egg_info
writing my_robot_intrfaces.egg-info/PKG-INFO
writing dependency_links to my_robot_intrfaces.egg-info/dependency_links.txt
writing top-level names to my_robot_intrfaces.egg-info/top_level.txt
reading manifest file 'my_robot_intrfaces.egg-info/SOURCES.txt'
writing manifest file 'my_robot_intrfaces.egg-info/SOURCES.txt'
[100%] Built target ament_cmake_python_build_my_robot_intrfaces_egg
-- Install configuration: ""
-- Up-to-date: /home/vboxuser/hw5_ws/install/my_robot_intrfaces/share/ament_index/resource_index/rosidl_interfaces/my_robot_intrfaces
-- Up-to-date: /home/vboxuser/hw5_ws/install/my_robot_intrfaces/include/my_robot_intrfaces/my_robot_intrfaces
-- Up-to-date: /home/vboxuser/hw5_ws/install/my_robot_intrfaces/include/my_robot_intrfaces/my_robot_intrfaces/msg
-- Up-to-date: /home/vboxuser/hw5_ws/install/my_robot_intrfaces/include/my_robot_intrfaces/my_robot_intrfaces/msg/rosidl_generator_c__visibility_control.h
-- Up-to-date: /home/vboxuser/hw5_ws/install/my_robot_intrfaces/include/my_robot_intrfaces/my_robot_intrfaces/action
-- Up-to-date: /home/vboxuser/hw5_ws/install/my_robot_intrfaces/include/my_robot_intrfaces/my_robot_intrfaces/action/detail
-- Up-to-date: /home/vboxuser/hw5_ws/install/my_robot_intrfaces/include/my_robot_intrfaces/my_robot_intrfaces/action/detail/count_until__functions.h
-- Up-to-date: /home/vboxuser/hw5_ws/install/my_robot_intrfaces/include/my_robot_intrfaces/my_robot_intrfaces/action/detail/count_until__type_support.h
-- Up-to-date: /home/vboxuser/hw5_ws/install/my_robot_intrfaces/include/my_robot_intrfaces/my_robot_intrfaces/action/detail/count_until__struct.h
-- Up-to-date: /home/vboxuser/hw5_ws/install/my_robot_intrfaces/include/my_robot_intrfaces/my_robot_intrfaces/action/detail/count_until__functions.c
-- Up-to-date: /home/vboxuser/hw5_ws/install/my_robot_intrfaces/include/my_robot_intrfaces/my_robot_intrfaces/action/count_until.h
-- Up-to-date: /home/vboxuser/hw5_ws/install/my_robot_intrfaces/share/my_robot_intrfaces/environment/library_path.sh
-- Up-to-date: /home/vboxuser/hw5_ws/install/my_robot_intrfaces/share/my_robot_intrfaces/environment/library_path.dsv
-- Up-to-date: /home/vboxuser/hw5_ws/install/my_robot_intrfaces/lib/libmy_robot_intrfaces__rosidl_generator_c.so
-- Up-to-date: /home/vboxuser/hw5_ws/install/my_robot_intrfaces/include/my_robot_intrfaces/my_robot_intrfaces
-- Up-to-date: /home/vboxuser/hw5_ws/install/my_robot_intrfaces/include/my_robot_intrfaces/my_robot_intrfaces/msg
-- Up-to-date: /home/vboxuser/hw5_ws/install/my_robot_intrfaces/include/my_robot_intrfaces/my_robot_intrfaces/msg/rosidl_typesupport_fastrtps_c__visibility_control.h
-- Up-to-date: /home/vboxuser/hw5_ws/install/my_robot_intrfaces/include/my_robot_intrfaces/my_robot_intrfaces/action
-- Up-to-date: /home/vboxuser/hw5_ws/install/my_robot_intrfaces/include/my_robot_intrfaces/my_robot_intrfaces/action/detail
-- Up-to-date: /home/vboxuser/hw5_ws/install/my_robot_intrfaces/include/my_robot_intrfaces/my_robot_intrfaces/action/detail/count_until__rosidl_typesupport_fastrtps_c.h
-- Up-to-date: /home/vboxuser/hw5_ws/install/my_robot_intrfaces/lib/libmy_robot_intrfaces__rosidl_typesupport_fastrtps_c.so
-- Up-to-date: /home/vboxuser/hw5_ws/install/my_robot_intrfaces/include/my_robot_intrfaces/my_robot_intrfaces
-- Up-to-date: /home/vboxuser/hw5_ws/install/my_robot_intrfaces/include/my_robot_intrfaces/my_robot_intrfaces/msg
-- Up-to-date: /home/vboxuser/hw5_ws/install/my_robot_intrfaces/include/my_robot_intrfaces/my_robot_intrfaces/msg/rosidl_typesupport_introspection_c__visibility_control.h
-- Up-to-date: /home/vboxuser/hw5_ws/install/my_robot_intrfaces/include/my_robot_intrfaces/my_robot_intrfaces/action
-- Up-to-date: /home/vboxuser/hw5_ws/install/my_robot_intrfaces/include/my_robot_intrfaces/my_robot_intrfaces/action/detail
-- Up-to-date: /home/vboxuser/hw5_ws/install/my_robot_intrfaces/include/my_robot_intrfaces/my_robot_intrfaces/action/detail/count_until__type_support.c
-- Up-to-date: /home/vboxuser/hw5_ws/install/my_robot_intrfaces/include/my_robot_intrfaces/my_robot_intrfaces/action/detail/count_until__rosidl_typesupport_introspection_c.h
-- Up-to-date: /home/vboxuser/hw5_ws/install/my_robot_intrfaces/lib/libmy_robot_intrfaces__rosidl_typesupport_introspection_c.so
-- Up-to-date: /home/vboxuser/hw5_ws/install/my_robot_intrfaces/lib/libmy_robot_intrfaces__rosidl_typesupport_c.so
-- Up-to-date: /home/vboxuser/hw5_ws/install/my_robot_intrfaces/include/my_robot_intrfaces/my_robot_intrfaces
-- Up-to-date: /home/vboxuser/hw5_ws/install/my_robot_intrfaces/include/my_robot_intrfaces/my_robot_intrfaces/action
-- Up-to-date: /home/vboxuser/hw5_ws/install/my_robot_intrfaces/include/my_robot_intrfaces/my_robot_intrfaces/action/detail
-- Up-to-date: /home/vboxuser/hw5_ws/install/my_robot_intrfaces/include/my_robot_intrfaces/my_robot_intrfaces/action/detail/count_until__struct.hpp
-- Up-to-date: /home/vboxuser/hw5_ws/install/my_robot_intrfaces/include/my_robot_intrfaces/my_robot_intrfaces/action/detail/count_until__traits.hpp
-- Up-to-date: /home/vboxuser/hw5_ws/install/my_robot_intrfaces/include/my_robot_intrfaces/my_robot_intrfaces/action/detail/count_until__builder.hpp
-- Up-to-date: /home/vboxuser/hw5_ws/install/my_robot_intrfaces/include/my_robot_intrfaces/my_robot_intrfaces/action/count_until.hpp
-- Up-to-date: /home/vboxuser/hw5_ws/install/my_robot_intrfaces/include/my_robot_intrfaces/my_robot_intrfaces
-- Up-to-date: /home/vboxuser/hw5_ws/install/my_robot_intrfaces/include/my_robot_intrfaces/my_robot_intrfaces/msg
-- Up-to-date: /home/vboxuser/hw5_ws/install/my_robot_intrfaces/include/my_robot_intrfaces/my_robot_intrfaces/msg/rosidl_typesupport_fastrtps_cpp__visibility_control.h
-- Up-to-date: /home/vboxuser/hw5_ws/install/my_robot_intrfaces/include/my_robot_intrfaces/my_robot_intrfaces/action
-- Up-to-date: /home/vboxuser/hw5_ws/install/my_robot_intrfaces/include/my_robot_intrfaces/my_robot_intrfaces/action/detail
-- Up-to-date: /home/vboxuser/hw5_ws/install/my_robot_intrfaces/include/my_robot_intrfaces/my_robot_intrfaces/action/detail/count_until__rosidl_typesupport_fastrtps_cpp.hpp
-- Up-to-date: /home/vboxuser/hw5_ws/install/my_robot_intrfaces/include/my_robot_intrfaces/my_robot_intrfaces/action/detail/dds_fastrtps
-- Up-to-date: /home/vboxuser/hw5_ws/install/my_robot_intrfaces/lib/libmy_robot_intrfaces__rosidl_typesupport_fastrtps_cpp.so
-- Up-to-date: /home/vboxuser/hw5_ws/install/my_robot_intrfaces/include/my_robot_intrfaces/my_robot_intrfaces
-- Up-to-date: /home/vboxuser/hw5_ws/install/my_robot_intrfaces/include/my_robot_intrfaces/my_robot_intrfaces/action
-- Up-to-date: /home/vboxuser/hw5_ws/install/my_robot_intrfaces/include/my_robot_intrfaces/my_robot_intrfaces/action/detail
-- Up-to-date: /home/vboxuser/hw5_ws/install/my_robot_intrfaces/include/my_robot_intrfaces/my_robot_intrfaces/action/detail/count_until__type_support.cpp
-- Up-to-date: /home/vboxuser/hw5_ws/install/my_robot_intrfaces/include/my_robot_intrfaces/my_robot_intrfaces/action/detail/count_until__rosidl_typesupport_introspection_cpp.hpp
-- Up-to-date: /home/vboxuser/hw5_ws/install/my_robot_intrfaces/lib/libmy_robot_intrfaces__rosidl_typesupport_introspection_cpp.so
-- Up-to-date: /home/vboxuser/hw5_ws/install/my_robot_intrfaces/lib/libmy_robot_intrfaces__rosidl_typesupport_cpp.so
-- Up-to-date: /home/vboxuser/hw5_ws/install/my_robot_intrfaces/share/my_robot_intrfaces/environment/pythonpath.sh
-- Up-to-date: /home/vboxuser/hw5_ws/install/my_robot_intrfaces/share/my_robot_intrfaces/environment/pythonpath.dsv
-- Up-to-date: /home/vboxuser/hw5_ws/install/my_robot_intrfaces/local/lib/python3.10/dist-packages/my_robot_intrfaces-0.0.0-py3.10.egg-info
-- Installing: /home/vboxuser/hw5_ws/install/my_robot_intrfaces/local/lib/python3.10/dist-packages/my_robot_intrfaces-0.0.0-py3.10.egg-info/top_level.txt
-- Installing: /home/vboxuser/hw5_ws/install/my_robot_intrfaces/local/lib/python3.10/dist-packages/my_robot_intrfaces-0.0.0-py3.10.egg-info/dependency_links.txt
-- Installing: /home/vboxuser/hw5_ws/install/my_robot_intrfaces/local/lib/python3.10/dist-packages/my_robot_intrfaces-0.0.0-py3.10.egg-info/SOURCES.txt
-- Installing: /home/vboxuser/hw5_ws/install/my_robot_intrfaces/local/lib/python3.10/dist-packages/my_robot_intrfaces-0.0.0-py3.10.egg-info/PKG-INFO
-- Up-to-date: /home/vboxuser/hw5_ws/install/my_robot_intrfaces/local/lib/python3.10/dist-packages/my_robot_intrfaces
-- Up-to-date: /home/vboxuser/hw5_ws/install/my_robot_intrfaces/local/lib/python3.10/dist-packages/my_robot_intrfaces/libmy_robot_intrfaces__rosidl_generator_py.so
-- Up-to-date: /home/vboxuser/hw5_ws/install/my_robot_intrfaces/local/lib/python3.10/dist-packages/my_robot_intrfaces/_my_robot_intrfaces_s.ep.rosidl_typesupport_fastrtps_c.c
-- Up-to-date: /home/vboxuser/hw5_ws/install/my_robot_intrfaces/local/lib/python3.10/dist-packages/my_robot_intrfaces/my_robot_intrfaces_s__rosidl_typesupport_c.cpython-310-x86_64-linux-gnu.so
-- Up-to-date: /home/vboxuser/hw5_ws/install/my_robot_intrfaces/local/lib/python3.10/dist-packages/my_robot_intrfaces/_my_robot_intrfaces_s.ep.rosidl_typesupport_c.c
-- Up-to-date: /home/vboxuser/hw5_ws/install/my_robot_intrfaces/local/lib/python3.10/dist-packages/my_robot_intrfaces/__init__.py
-- Up-to-date: /home/vboxuser/hw5_ws/install/my_robot_intrfaces/local/lib/python3.10/dist-packages/my_robot_intrfaces/_my_robot_intrfaces_s.ep.rosidl_typesupport_introspection_c.c
-- Up-to-date: /home/vboxuser/hw5_ws/install/my_robot_intrfaces/local/lib/python3.10/dist-packages/my_robot_intrfaces/my_robot_intrfaces_s__rosidl_typesupport_introspection_c.cpython-310-x86_64-linux-gnu.so
-- Up-to-date: /home/vboxuser/hw5_ws/install/my_robot_intrfaces/local/lib/python3.10/dist-packages/my_robot_intrfaces/action
-- Up-to-date: /home/vboxuser/hw5_ws/install/my_robot_intrfaces/local/lib/python3.10/dist-packages/my_robot_intrfaces/action/_count_until.py
-- Up-to-date: /home/vboxuser/hw5_ws/install/my_robot_intrfaces/local/lib/python3.10/dist-packages/my_robot_intrfaces/action/__init__.py
-- Up-to-date: /home/vboxuser/hw5_ws/install/my_robot_intrfaces/local/lib/python3.10/dist-packages/my_robot_intrfaces/action/_count_until_s.c
-- Up-to-date: /home/vboxuser/hw5_ws/install/my_robot_intrfaces/local/lib/python3.10/dist-packages/my_robot_intrfaces/my_robot_intrfaces_s__rosidl_typesupport_fastrtps_c.cpython-310-x86_64-linux-gnu.so
Listing '/home/vboxuser/hw5_ws/install/my_robot_intrfaces/local/lib/python3.10/dist-packages/my_robot_intrfaces'...
Listing '/home/vboxuser/hw5_ws/install/my_robot_intrfaces/local/lib/python3.10/dist-packages/my_robot_intrfaces/action'...
-- Up-to-date: /home/vboxuser/hw5_ws/install/my_robot_intrfaces/local/lib/python3.10/dist-packages/my_robot_intrfaces/my_robot_intrfaces_s__rosidl_typesupport_fastrtps_c.cpython-310-x86_64-linux-gnu.so
-- Up-to-date: /home/vboxuser/hw5_ws/install/my_robot_intrfaces/local/lib/python3.10/dist-packages/my_robot_intrfaces/my_robot_intrfaces_s__rosidl_typesupport_introspection_c.cpython-310-x86_64-linux-gnu.so
-- Up-to-date: /home/vboxuser/hw5_ws/install/my_robot_intrfaces/local/lib/python3.10/dist-packages/my_robot_intrfaces/my_robot_intrfaces_s__rosidl_typesupport_c.cpython-310-x86_64-linux-gnu.so
-- Up-to-date: /home/vboxuser/hw5_ws/install/my_robot_intrfaces/lib/libmy_robot_intrfaces__rosidl_generator_py.so
-- Up-to-date: /home/vboxuser/hw5_ws/install/my_robot_intrfaces/share/my_robot_intrfaces/action/CountUntil.idl
-- Up-to-date: /home/vboxuser/hw5_ws/install/my_robot_intrfaces/share/my_robot_intrfaces/action/CountUntil.action
-- Up-to-date: /home/vboxuser/hw5_ws/install/my_robot_intrfaces/share/ament_index/resource_index/package_run_dependencies/my_robot_intrfaces
-- Up-to-date: /home/vboxuser/hw5_ws/install/my_robot_intrfaces/share/ament_index/resource_index/parent_prefix_path/my_robot_intrfaces
-- Up-to-date: /home/vboxuser/hw5_ws/install/my_robot_intrfaces/share/my_robot_intrfaces/environment/ament_prefix_path.sh
-- Up-to-date: /home/vboxuser/hw5_ws/install/my_robot_intrfaces/share/my_robot_intrfaces/environment/ament_prefix_path.dsv
-- Up-to-date: /home/vboxuser/hw5_ws/install/my_robot_intrfaces/share/my_robot_intrfaces/environment/path.sh
-- Up-to-date: /home/vboxuser/hw5_ws/install/my_robot_intrfaces/share/my_robot_intrfaces/environment/path.dsv
-- Up-to-date: /home/vboxuser/hw5_ws/install/my_robot_intrfaces/share/my_robot_intrfaces/local_setup.bash
-- Up-to-date: /home/vboxuser/hw5_ws/install/my_robot_intrfaces/share/my_robot_intrfaces/local_setup.sh
-- Up-to-date: /home/vboxuser/hw5_ws/install/my_robot_intrfaces/share/my_robot_intrfaces/local_setup.zsh
-- Up-to-date: /home/vboxuser/hw5_ws/install/my_robot_intrfaces/share/my_robot_intrfaces/local_setup.dsv
-- Installing: /home/vboxuser/hw5_ws/install/my_robot_intrfaces/share/my_robot_intrfaces/package.dsv
-- Up-to-date: /home/vboxuser/hw5_ws/install/my_robot_intrfaces/share/ament_index/resource_index/packages/my_robot_intrfaces
-- Up-to-date: /home/vboxuser/hw5_ws/install/my_robot_intrfaces/share/my_robot_intrfaces/cmake/export_my_robot_intrfaces__rosidl_generator_cExport.cmake
-- Up-to-date: /home/vboxuser/hw5_ws/install/my_robot_intrfaces/share/my_robot_intrfaces/cmake/export_my_robot_intrfaces__rosidl_generator_cExport-noconfig.cmake
-- Up-to-date: /home/vboxuser/hw5_ws/install/my_robot_intrfaces/share/my_robot_intrfaces/cmake/export_my_robot_intrfaces__rosidl_typesupport_fastrtps_cExport.cmake
-- Up-to-date: /home/vboxuser/hw5_ws/install/my_robot_intrfaces/share/my_robot_intrfaces/cmake/export_my_robot_intrfaces__rosidl_typesupport_fastrtps_cExport-noconfig.cmake
-- Up-to-date: /home/vboxuser/hw5_ws/install/my_robot_intrfaces/share/my_robot_intrfaces/cmake/my_robot_intrfaces__rosidl_typesupport_introspection_cExport.cmake
-- Up-to-date: /home/vboxuser/hw5_ws/install/my_robot_intrfaces/share/my_robot_intrfaces/cmake/my_robot_intrfaces__rosidl_typesupport_introspection_cExport-noconfig.cmake
-- Up-to-date: /home/vboxuser/hw5_ws/install/my_robot_intrfaces/share/my_robot_intrfaces/cmake/my_robot_intrfaces__rosidl_typesupport_cExport.cmake
-- Up-to-date: /home/vboxuser/hw5_ws/install/my_robot_intrfaces/share/my_robot_intrfaces/cmake/my_robot_intrfaces__rosidl_typesupport_cExport-noconfig.cmake
-- Up-to-date: /home/vboxuser/hw5_ws/install/my_robot_intrfaces/share/my_robot_intrfaces/cmake/export_my_robot_intrfaces__rosidl_generator_cppExport.cmake
-- Up-to-date: /home/vboxuser/hw5_ws/install/my_robot_intrfaces/share/my_robot_intrfaces/cmake/export_my_robot_intrfaces__rosidl_typesupport_fastrtps_cppExport.cmake
-- Up-to-date: /home/vboxuser/hw5_ws/install/my_robot_intrfaces/share/my_robot_intrfaces/cmake/export_my_robot_intrfaces__rosidl_typesupport_fastrtps_cppExport-noconfig.cmake
-- Up-to-date: /home/vboxuser/hw5_ws/install/my_robot_intrfaces/share/my_robot_intrfaces/cmake/my_robot_intrfaces__rosidl_typesupport_introspection_cppExport.cmake
-- Up-to-date: /home/vboxuser/hw5_ws/install/my_robot_intrfaces/share/my_robot_intrfaces/cmake/my_robot_intrfaces__rosidl_typesupport_introspection_cppExport-noconfig.cmake
-- Up-to-date: /home/vboxuser/hw5_ws/install/my_robot_intrfaces/share/my_robot_intrfaces/cmake/my_robot_intrfaces__rosidl_typesupport_cppExport.cmake
-- Up-to-date: /home/vboxuser/hw5_ws/install/my_robot_intrfaces/share/my_robot_intrfaces/cmake/my_robot_intrfaces__rosidl_typesupport_cppExport-noconfig.cmake
-- Up-to-date: /home/vboxuser/hw5_ws/install/my_robot_intrfaces/share/my_robot_intrfaces/cmake/export_my_robot_intrfaces__rosidl_generator_pyExport.cmake
-- Up-to-date: /home/vboxuser/hw5_ws/install/my_robot_intrfaces/share/my_robot_intrfaces/cmake/export_my_robot_intrfaces__rosidl_generator_pyExport-noconfig.cmake
-- Up-to-date: /home/vboxuser/hw5_ws/install/my_robot_intrfaces/share/my_robot_intrfaces/cmake/rosidl_cmake-extras.cmake
-- Up-to-date: /home/vboxuser/hw5_ws/install/my_robot_intrfaces/share/my_robot_intrfaces/cmake/ament_cmake_export_dependencies-extras.cmake
-- Up-to-date: /home/vboxuser/hw5_ws/install/my_robot_intrfaces/share/my_robot_intrfaces/cmake/ament_cmake_export_include_directories-extras.cmake
-- Up-to-date: /home/vboxuser/hw5_ws/install/my_robot_intrfaces/share/my_robot_intrfaces/cmake/ament_cmake_export_libraries-extras.cmake
-- Up-to-date: /home/vboxuser/hw5_ws/install/my_robot_intrfaces/share/my_robot_intrfaces/cmake/ament_cmake_export_targets-extras.cmake
-- Up-to-date: /home/vboxuser/hw5_ws/install/my_robot_intrfaces/share/my_robot_intrfaces/cmake/rosidl_cmake_export_typesupport_targets-extras.cmake
-- Up-to-date: /home/vboxuser/hw5_ws/install/my_robot_intrfaces/share/my_robot_intrfaces/cmake/rosidl_cmake_export_typesupport_libraries-extras.cmake
-- Up-to-date: /home/vboxuser/hw5_ws/install/my_robot_intrfaces/share/my_robot_intrfaces/cmake/my_robot_intrfacesConfig.cmake
-- Up-to-date: /home/vboxuser/hw5_ws/install/my_robot_intrfaces/share/my_robot_intrfaces/cmake/my_robot_intrfacesConfig-version.cmake
-- Up-to-date: /home/vboxuser/hw5_ws/install/my_robot_intrfaces/share/my_robot_intrfaces/package.xml
