[0.771s] Invoking command in '/home/vboxuser/hw5_ws/build/my_robot_intrfaces': CMAKE_PREFIX_PATH=${CMAKE_PREFIX_PATH}:/home/vboxuser/hw5_ws/install/actions_py:/home/vboxuser/hw5_ws/install/turtle_joy:/opt/ros/humble /usr/bin/cmake --build /home/vboxuser/hw5_ws/build/my_robot_intrfaces -- -j6 -l6
[0.845s] [  9%] Built target my_robot_intrfaces__rosidl_generator_c
[0.846s] [ 12%] Built target my_robot_intrfaces__cpp
[0.856s] [ 12%] Built target ament_cmake_python_copy_my_robot_intrfaces
[0.873s] [ 22%] Built target my_robot_intrfaces__rosidl_typesupport_c
[0.873s] [ 32%] Built target my_robot_intrfaces__rosidl_typesupport_fastrtps_cpp
[0.876s] [ 41%] Built target my_robot_intrfaces__rosidl_typesupport_fastrtps_c
[0.880s] [ 51%] Built target my_robot_intrfaces__rosidl_typesupport_introspection_c
[0.886s] [ 61%] Built target my_robot_intrfaces__rosidl_typesupport_introspection_cpp
[0.887s] [ 70%] Built target my_robot_intrfaces__rosidl_typesupport_cpp
[0.915s] [ 70%] Built target my_robot_intrfaces
[0.942s] [ 74%] Built target my_robot_intrfaces__py
[0.965s] [ 80%] Built target my_robot_intrfaces__rosidl_generator_py
[0.998s] [ 87%] Built target my_robot_intrfaces__rosidl_typesupport_fastrtps_c__pyext
[0.998s] [ 93%] Built target my_robot_intrfaces__rosidl_typesupport_c__pyext
[1.018s] [100%] Built target my_robot_intrfaces__rosidl_typesupport_introspection_c__pyext
[1.293s] running egg_info
[1.294s] writing my_robot_intrfaces.egg-info/PKG-INFO
[1.294s] writing dependency_links to my_robot_intrfaces.egg-info/dependency_links.txt
[1.295s] writing top-level names to my_robot_intrfaces.egg-info/top_level.txt
[1.297s] reading manifest file 'my_robot_intrfaces.egg-info/SOURCES.txt'
[1.299s] writing manifest file 'my_robot_intrfaces.egg-info/SOURCES.txt'
[1.340s] [100%] Built target ament_cmake_python_build_my_robot_intrfaces_egg
[1.357s] Invoked command in '/home/vboxuser/hw5_ws/build/my_robot_intrfaces' returned '0': CMAKE_PREFIX_PATH=${CMAKE_PREFIX_PATH}:/home/vboxuser/hw5_ws/install/actions_py:/home/vboxuser/hw5_ws/install/turtle_joy:/opt/ros/humble /usr/bin/cmake --build /home/vboxuser/hw5_ws/build/my_robot_intrfaces -- -j6 -l6
[1.457s] Invoking command in '/home/vboxuser/hw5_ws/build/my_robot_intrfaces': CMAKE_PREFIX_PATH=${CMAKE_PREFIX_PATH}:/home/vboxuser/hw5_ws/install/actions_py:/home/vboxuser/hw5_ws/install/turtle_joy:/opt/ros/humble /usr/bin/cmake --install /home/vboxuser/hw5_ws/build/my_robot_intrfaces
[1.466s] -- Install configuration: ""
[1.466s] -- Up-to-date: /home/vboxuser/hw5_ws/install/my_robot_intrfaces/share/ament_index/resource_index/rosidl_interfaces/my_robot_intrfaces
[1.466s] -- Up-to-date: /home/vboxuser/hw5_ws/install/my_robot_intrfaces/include/my_robot_intrfaces/my_robot_intrfaces
[1.466s] -- Up-to-date: /home/vboxuser/hw5_ws/install/my_robot_intrfaces/include/my_robot_intrfaces/my_robot_intrfaces/msg
[1.466s] -- Up-to-date: /home/vboxuser/hw5_ws/install/my_robot_intrfaces/include/my_robot_intrfaces/my_robot_intrfaces/msg/rosidl_generator_c__visibility_control.h
[1.466s] -- Up-to-date: /home/vboxuser/hw5_ws/install/my_robot_intrfaces/include/my_robot_intrfaces/my_robot_intrfaces/action
[1.466s] -- Up-to-date: /home/vboxuser/hw5_ws/install/my_robot_intrfaces/include/my_robot_intrfaces/my_robot_intrfaces/action/detail
[1.466s] -- Up-to-date: /home/vboxuser/hw5_ws/install/my_robot_intrfaces/include/my_robot_intrfaces/my_robot_intrfaces/action/detail/count_until__functions.h
[1.466s] -- Up-to-date: /home/vboxuser/hw5_ws/install/my_robot_intrfaces/include/my_robot_intrfaces/my_robot_intrfaces/action/detail/count_until__type_support.h
[1.466s] -- Up-to-date: /home/vboxuser/hw5_ws/install/my_robot_intrfaces/include/my_robot_intrfaces/my_robot_intrfaces/action/detail/count_until__struct.h
[1.467s] -- Up-to-date: /home/vboxuser/hw5_ws/install/my_robot_intrfaces/include/my_robot_intrfaces/my_robot_intrfaces/action/detail/count_until__functions.c
[1.467s] -- Up-to-date: /home/vboxuser/hw5_ws/install/my_robot_intrfaces/include/my_robot_intrfaces/my_robot_intrfaces/action/count_until.h
[1.467s] -- Up-to-date: /home/vboxuser/hw5_ws/install/my_robot_intrfaces/share/my_robot_intrfaces/environment/library_path.sh
[1.467s] -- Up-to-date: /home/vboxuser/hw5_ws/install/my_robot_intrfaces/share/my_robot_intrfaces/environment/library_path.dsv
[1.467s] -- Up-to-date: /home/vboxuser/hw5_ws/install/my_robot_intrfaces/lib/libmy_robot_intrfaces__rosidl_generator_c.so
[1.467s] -- Up-to-date: /home/vboxuser/hw5_ws/install/my_robot_intrfaces/include/my_robot_intrfaces/my_robot_intrfaces
[1.467s] -- Up-to-date: /home/vboxuser/hw5_ws/install/my_robot_intrfaces/include/my_robot_intrfaces/my_robot_intrfaces/msg
[1.467s] -- Up-to-date: /home/vboxuser/hw5_ws/install/my_robot_intrfaces/include/my_robot_intrfaces/my_robot_intrfaces/msg/rosidl_typesupport_fastrtps_c__visibility_control.h
[1.467s] -- Up-to-date: /home/vboxuser/hw5_ws/install/my_robot_intrfaces/include/my_robot_intrfaces/my_robot_intrfaces/action
[1.467s] -- Up-to-date: /home/vboxuser/hw5_ws/install/my_robot_intrfaces/include/my_robot_intrfaces/my_robot_intrfaces/action/detail
[1.468s] -- Up-to-date: /home/vboxuser/hw5_ws/install/my_robot_intrfaces/include/my_robot_intrfaces/my_robot_intrfaces/action/detail/count_until__rosidl_typesupport_fastrtps_c.h
[1.468s] -- Up-to-date: /home/vboxuser/hw5_ws/install/my_robot_intrfaces/lib/libmy_robot_intrfaces__rosidl_typesupport_fastrtps_c.so
[1.468s] -- Up-to-date: /home/vboxuser/hw5_ws/install/my_robot_intrfaces/include/my_robot_intrfaces/my_robot_intrfaces
[1.468s] -- Up-to-date: /home/vboxuser/hw5_ws/install/my_robot_intrfaces/include/my_robot_intrfaces/my_robot_intrfaces/msg
[1.468s] -- Up-to-date: /home/vboxuser/hw5_ws/install/my_robot_intrfaces/include/my_robot_intrfaces/my_robot_intrfaces/msg/rosidl_typesupport_introspection_c__visibility_control.h
[1.468s] -- Up-to-date: /home/vboxuser/hw5_ws/install/my_robot_intrfaces/include/my_robot_intrfaces/my_robot_intrfaces/action
[1.468s] -- Up-to-date: /home/vboxuser/hw5_ws/install/my_robot_intrfaces/include/my_robot_intrfaces/my_robot_intrfaces/action/detail
[1.468s] -- Up-to-date: /home/vboxuser/hw5_ws/install/my_robot_intrfaces/include/my_robot_intrfaces/my_robot_intrfaces/action/detail/count_until__type_support.c
[1.468s] -- Up-to-date: /home/vboxuser/hw5_ws/install/my_robot_intrfaces/include/my_robot_intrfaces/my_robot_intrfaces/action/detail/count_until__rosidl_typesupport_introspection_c.h
[1.468s] -- Up-to-date: /home/vboxuser/hw5_ws/install/my_robot_intrfaces/lib/libmy_robot_intrfaces__rosidl_typesupport_introspection_c.so
[1.469s] -- Up-to-date: /home/vboxuser/hw5_ws/install/my_robot_intrfaces/lib/libmy_robot_intrfaces__rosidl_typesupport_c.so
[1.469s] -- Up-to-date: /home/vboxuser/hw5_ws/install/my_robot_intrfaces/include/my_robot_intrfaces/my_robot_intrfaces
[1.469s] -- Up-to-date: /home/vboxuser/hw5_ws/install/my_robot_intrfaces/include/my_robot_intrfaces/my_robot_intrfaces/action
[1.469s] -- Up-to-date: /home/vboxuser/hw5_ws/install/my_robot_intrfaces/include/my_robot_intrfaces/my_robot_intrfaces/action/detail
[1.469s] -- Up-to-date: /home/vboxuser/hw5_ws/install/my_robot_intrfaces/include/my_robot_intrfaces/my_robot_intrfaces/action/detail/count_until__struct.hpp
[1.469s] -- Up-to-date: /home/vboxuser/hw5_ws/install/my_robot_intrfaces/include/my_robot_intrfaces/my_robot_intrfaces/action/detail/count_until__traits.hpp
[1.469s] -- Up-to-date: /home/vboxuser/hw5_ws/install/my_robot_intrfaces/include/my_robot_intrfaces/my_robot_intrfaces/action/detail/count_until__builder.hpp
[1.469s] -- Up-to-date: /home/vboxuser/hw5_ws/install/my_robot_intrfaces/include/my_robot_intrfaces/my_robot_intrfaces/action/count_until.hpp
[1.469s] -- Up-to-date: /home/vboxuser/hw5_ws/install/my_robot_intrfaces/include/my_robot_intrfaces/my_robot_intrfaces
[1.469s] -- Up-to-date: /home/vboxuser/hw5_ws/install/my_robot_intrfaces/include/my_robot_intrfaces/my_robot_intrfaces/msg
[1.469s] -- Up-to-date: /home/vboxuser/hw5_ws/install/my_robot_intrfaces/include/my_robot_intrfaces/my_robot_intrfaces/msg/rosidl_typesupport_fastrtps_cpp__visibility_control.h
[1.469s] -- Up-to-date: /home/vboxuser/hw5_ws/install/my_robot_intrfaces/include/my_robot_intrfaces/my_robot_intrfaces/action
[1.470s] -- Up-to-date: /home/vboxuser/hw5_ws/install/my_robot_intrfaces/include/my_robot_intrfaces/my_robot_intrfaces/action/detail
[1.470s] -- Up-to-date: /home/vboxuser/hw5_ws/install/my_robot_intrfaces/include/my_robot_intrfaces/my_robot_intrfaces/action/detail/count_until__rosidl_typesupport_fastrtps_cpp.hpp
[1.470s] -- Up-to-date: /home/vboxuser/hw5_ws/install/my_robot_intrfaces/include/my_robot_intrfaces/my_robot_intrfaces/action/detail/dds_fastrtps
[1.470s] -- Up-to-date: /home/vboxuser/hw5_ws/install/my_robot_intrfaces/lib/libmy_robot_intrfaces__rosidl_typesupport_fastrtps_cpp.so
[1.471s] -- Up-to-date: /home/vboxuser/hw5_ws/install/my_robot_intrfaces/include/my_robot_intrfaces/my_robot_intrfaces
[1.471s] -- Up-to-date: /home/vboxuser/hw5_ws/install/my_robot_intrfaces/include/my_robot_intrfaces/my_robot_intrfaces/action
[1.471s] -- Up-to-date: /home/vboxuser/hw5_ws/install/my_robot_intrfaces/include/my_robot_intrfaces/my_robot_intrfaces/action/detail
[1.471s] -- Up-to-date: /home/vboxuser/hw5_ws/install/my_robot_intrfaces/include/my_robot_intrfaces/my_robot_intrfaces/action/detail/count_until__type_support.cpp
[1.471s] -- Up-to-date: /home/vboxuser/hw5_ws/install/my_robot_intrfaces/include/my_robot_intrfaces/my_robot_intrfaces/action/detail/count_until__rosidl_typesupport_introspection_cpp.hpp
[1.471s] -- Up-to-date: /home/vboxuser/hw5_ws/install/my_robot_intrfaces/lib/libmy_robot_intrfaces__rosidl_typesupport_introspection_cpp.so
[1.471s] -- Up-to-date: /home/vboxuser/hw5_ws/install/my_robot_intrfaces/lib/libmy_robot_intrfaces__rosidl_typesupport_cpp.so
[1.472s] -- Up-to-date: /home/vboxuser/hw5_ws/install/my_robot_intrfaces/share/my_robot_intrfaces/environment/pythonpath.sh
[1.472s] -- Up-to-date: /home/vboxuser/hw5_ws/install/my_robot_intrfaces/share/my_robot_intrfaces/environment/pythonpath.dsv
[1.472s] -- Up-to-date: /home/vboxuser/hw5_ws/install/my_robot_intrfaces/local/lib/python3.10/dist-packages/my_robot_intrfaces-0.0.0-py3.10.egg-info
[1.472s] -- Installing: /home/vboxuser/hw5_ws/install/my_robot_intrfaces/local/lib/python3.10/dist-packages/my_robot_intrfaces-0.0.0-py3.10.egg-info/top_level.txt
[1.472s] -- Installing: /home/vboxuser/hw5_ws/install/my_robot_intrfaces/local/lib/python3.10/dist-packages/my_robot_intrfaces-0.0.0-py3.10.egg-info/dependency_links.txt
[1.472s] -- Installing: /home/vboxuser/hw5_ws/install/my_robot_intrfaces/local/lib/python3.10/dist-packages/my_robot_intrfaces-0.0.0-py3.10.egg-info/SOURCES.txt
[1.472s] -- Installing: /home/vboxuser/hw5_ws/install/my_robot_intrfaces/local/lib/python3.10/dist-packages/my_robot_intrfaces-0.0.0-py3.10.egg-info/PKG-INFO
[1.472s] -- Up-to-date: /home/vboxuser/hw5_ws/install/my_robot_intrfaces/local/lib/python3.10/dist-packages/my_robot_intrfaces
[1.472s] -- Up-to-date: /home/vboxuser/hw5_ws/install/my_robot_intrfaces/local/lib/python3.10/dist-packages/my_robot_intrfaces/libmy_robot_intrfaces__rosidl_generator_py.so
[1.473s] -- Up-to-date: /home/vboxuser/hw5_ws/install/my_robot_intrfaces/local/lib/python3.10/dist-packages/my_robot_intrfaces/_my_robot_intrfaces_s.ep.rosidl_typesupport_fastrtps_c.c
[1.473s] -- Up-to-date: /home/vboxuser/hw5_ws/install/my_robot_intrfaces/local/lib/python3.10/dist-packages/my_robot_intrfaces/my_robot_intrfaces_s__rosidl_typesupport_c.cpython-310-x86_64-linux-gnu.so
[1.473s] -- Up-to-date: /home/vboxuser/hw5_ws/install/my_robot_intrfaces/local/lib/python3.10/dist-packages/my_robot_intrfaces/_my_robot_intrfaces_s.ep.rosidl_typesupport_c.c
[1.473s] -- Up-to-date: /home/vboxuser/hw5_ws/install/my_robot_intrfaces/local/lib/python3.10/dist-packages/my_robot_intrfaces/__init__.py
[1.473s] -- Up-to-date: /home/vboxuser/hw5_ws/install/my_robot_intrfaces/local/lib/python3.10/dist-packages/my_robot_intrfaces/_my_robot_intrfaces_s.ep.rosidl_typesupport_introspection_c.c
[1.473s] -- Up-to-date: /home/vboxuser/hw5_ws/install/my_robot_intrfaces/local/lib/python3.10/dist-packages/my_robot_intrfaces/my_robot_intrfaces_s__rosidl_typesupport_introspection_c.cpython-310-x86_64-linux-gnu.so
[1.473s] -- Up-to-date: /home/vboxuser/hw5_ws/install/my_robot_intrfaces/local/lib/python3.10/dist-packages/my_robot_intrfaces/action
[1.473s] -- Up-to-date: /home/vboxuser/hw5_ws/install/my_robot_intrfaces/local/lib/python3.10/dist-packages/my_robot_intrfaces/action/_count_until.py
[1.473s] -- Up-to-date: /home/vboxuser/hw5_ws/install/my_robot_intrfaces/local/lib/python3.10/dist-packages/my_robot_intrfaces/action/__init__.py
[1.473s] -- Up-to-date: /home/vboxuser/hw5_ws/install/my_robot_intrfaces/local/lib/python3.10/dist-packages/my_robot_intrfaces/action/_count_until_s.c
[1.474s] -- Up-to-date: /home/vboxuser/hw5_ws/install/my_robot_intrfaces/local/lib/python3.10/dist-packages/my_robot_intrfaces/my_robot_intrfaces_s__rosidl_typesupport_fastrtps_c.cpython-310-x86_64-linux-gnu.so
[1.522s] Listing '/home/vboxuser/hw5_ws/install/my_robot_intrfaces/local/lib/python3.10/dist-packages/my_robot_intrfaces'...
[1.522s] Listing '/home/vboxuser/hw5_ws/install/my_robot_intrfaces/local/lib/python3.10/dist-packages/my_robot_intrfaces/action'...
[1.533s] -- Up-to-date: /home/vboxuser/hw5_ws/install/my_robot_intrfaces/local/lib/python3.10/dist-packages/my_robot_intrfaces/my_robot_intrfaces_s__rosidl_typesupport_fastrtps_c.cpython-310-x86_64-linux-gnu.so
[1.533s] -- Up-to-date: /home/vboxuser/hw5_ws/install/my_robot_intrfaces/local/lib/python3.10/dist-packages/my_robot_intrfaces/my_robot_intrfaces_s__rosidl_typesupport_introspection_c.cpython-310-x86_64-linux-gnu.so
[1.535s] -- Up-to-date: /home/vboxuser/hw5_ws/install/my_robot_intrfaces/local/lib/python3.10/dist-packages/my_robot_intrfaces/my_robot_intrfaces_s__rosidl_typesupport_c.cpython-310-x86_64-linux-gnu.so
[1.536s] -- Up-to-date: /home/vboxuser/hw5_ws/install/my_robot_intrfaces/lib/libmy_robot_intrfaces__rosidl_generator_py.so
[1.536s] -- Up-to-date: /home/vboxuser/hw5_ws/install/my_robot_intrfaces/share/my_robot_intrfaces/action/CountUntil.idl
[1.536s] -- Up-to-date: /home/vboxuser/hw5_ws/install/my_robot_intrfaces/share/my_robot_intrfaces/action/CountUntil.action
[1.536s] -- Up-to-date: /home/vboxuser/hw5_ws/install/my_robot_intrfaces/share/ament_index/resource_index/package_run_dependencies/my_robot_intrfaces
[1.536s] -- Up-to-date: /home/vboxuser/hw5_ws/install/my_robot_intrfaces/share/ament_index/resource_index/parent_prefix_path/my_robot_intrfaces
[1.537s] -- Up-to-date: /home/vboxuser/hw5_ws/install/my_robot_intrfaces/share/my_robot_intrfaces/environment/ament_prefix_path.sh
[1.537s] -- Up-to-date: /home/vboxuser/hw5_ws/install/my_robot_intrfaces/share/my_robot_intrfaces/environment/ament_prefix_path.dsv
[1.537s] -- Up-to-date: /home/vboxuser/hw5_ws/install/my_robot_intrfaces/share/my_robot_intrfaces/environment/path.sh
[1.537s] -- Up-to-date: /home/vboxuser/hw5_ws/install/my_robot_intrfaces/share/my_robot_intrfaces/environment/path.dsv
[1.537s] -- Up-to-date: /home/vboxuser/hw5_ws/install/my_robot_intrfaces/share/my_robot_intrfaces/local_setup.bash
[1.537s] -- Up-to-date: /home/vboxuser/hw5_ws/install/my_robot_intrfaces/share/my_robot_intrfaces/local_setup.sh
[1.537s] -- Up-to-date: /home/vboxuser/hw5_ws/install/my_robot_intrfaces/share/my_robot_intrfaces/local_setup.zsh
[1.537s] -- Up-to-date: /home/vboxuser/hw5_ws/install/my_robot_intrfaces/share/my_robot_intrfaces/local_setup.dsv
[1.537s] -- Installing: /home/vboxuser/hw5_ws/install/my_robot_intrfaces/share/my_robot_intrfaces/package.dsv
[1.537s] -- Up-to-date: /home/vboxuser/hw5_ws/install/my_robot_intrfaces/share/ament_index/resource_index/packages/my_robot_intrfaces
[1.538s] -- Up-to-date: /home/vboxuser/hw5_ws/install/my_robot_intrfaces/share/my_robot_intrfaces/cmake/export_my_robot_intrfaces__rosidl_generator_cExport.cmake
[1.538s] -- Up-to-date: /home/vboxuser/hw5_ws/install/my_robot_intrfaces/share/my_robot_intrfaces/cmake/export_my_robot_intrfaces__rosidl_generator_cExport-noconfig.cmake
[1.538s] -- Up-to-date: /home/vboxuser/hw5_ws/install/my_robot_intrfaces/share/my_robot_intrfaces/cmake/export_my_robot_intrfaces__rosidl_typesupport_fastrtps_cExport.cmake
[1.539s] -- Up-to-date: /home/vboxuser/hw5_ws/install/my_robot_intrfaces/share/my_robot_intrfaces/cmake/export_my_robot_intrfaces__rosidl_typesupport_fastrtps_cExport-noconfig.cmake
[1.539s] -- Up-to-date: /home/vboxuser/hw5_ws/install/my_robot_intrfaces/share/my_robot_intrfaces/cmake/my_robot_intrfaces__rosidl_typesupport_introspection_cExport.cmake
[1.539s] -- Up-to-date: /home/vboxuser/hw5_ws/install/my_robot_intrfaces/share/my_robot_intrfaces/cmake/my_robot_intrfaces__rosidl_typesupport_introspection_cExport-noconfig.cmake
[1.539s] -- Up-to-date: /home/vboxuser/hw5_ws/install/my_robot_intrfaces/share/my_robot_intrfaces/cmake/my_robot_intrfaces__rosidl_typesupport_cExport.cmake
[1.539s] -- Up-to-date: /home/vboxuser/hw5_ws/install/my_robot_intrfaces/share/my_robot_intrfaces/cmake/my_robot_intrfaces__rosidl_typesupport_cExport-noconfig.cmake
[1.539s] -- Up-to-date: /home/vboxuser/hw5_ws/install/my_robot_intrfaces/share/my_robot_intrfaces/cmake/export_my_robot_intrfaces__rosidl_generator_cppExport.cmake
[1.539s] -- Up-to-date: /home/vboxuser/hw5_ws/install/my_robot_intrfaces/share/my_robot_intrfaces/cmake/export_my_robot_intrfaces__rosidl_typesupport_fastrtps_cppExport.cmake
[1.539s] -- Up-to-date: /home/vboxuser/hw5_ws/install/my_robot_intrfaces/share/my_robot_intrfaces/cmake/export_my_robot_intrfaces__rosidl_typesupport_fastrtps_cppExport-noconfig.cmake
[1.539s] -- Up-to-date: /home/vboxuser/hw5_ws/install/my_robot_intrfaces/share/my_robot_intrfaces/cmake/my_robot_intrfaces__rosidl_typesupport_introspection_cppExport.cmake
[1.539s] -- Up-to-date: /home/vboxuser/hw5_ws/install/my_robot_intrfaces/share/my_robot_intrfaces/cmake/my_robot_intrfaces__rosidl_typesupport_introspection_cppExport-noconfig.cmake
[1.540s] -- Up-to-date: /home/vboxuser/hw5_ws/install/my_robot_intrfaces/share/my_robot_intrfaces/cmake/my_robot_intrfaces__rosidl_typesupport_cppExport.cmake
[1.540s] -- Up-to-date: /home/vboxuser/hw5_ws/install/my_robot_intrfaces/share/my_robot_intrfaces/cmake/my_robot_intrfaces__rosidl_typesupport_cppExport-noconfig.cmake
[1.540s] -- Up-to-date: /home/vboxuser/hw5_ws/install/my_robot_intrfaces/share/my_robot_intrfaces/cmake/export_my_robot_intrfaces__rosidl_generator_pyExport.cmake
[1.540s] -- Up-to-date: /home/vboxuser/hw5_ws/install/my_robot_intrfaces/share/my_robot_intrfaces/cmake/export_my_robot_intrfaces__rosidl_generator_pyExport-noconfig.cmake
[1.540s] -- Up-to-date: /home/vboxuser/hw5_ws/install/my_robot_intrfaces/share/my_robot_intrfaces/cmake/rosidl_cmake-extras.cmake
[1.540s] -- Up-to-date: /home/vboxuser/hw5_ws/install/my_robot_intrfaces/share/my_robot_intrfaces/cmake/ament_cmake_export_dependencies-extras.cmake
[1.540s] -- Up-to-date: /home/vboxuser/hw5_ws/install/my_robot_intrfaces/share/my_robot_intrfaces/cmake/ament_cmake_export_include_directories-extras.cmake
[1.540s] -- Up-to-date: /home/vboxuser/hw5_ws/install/my_robot_intrfaces/share/my_robot_intrfaces/cmake/ament_cmake_export_libraries-extras.cmake
[1.540s] -- Up-to-date: /home/vboxuser/hw5_ws/install/my_robot_intrfaces/share/my_robot_intrfaces/cmake/ament_cmake_export_targets-extras.cmake
[1.540s] -- Up-to-date: /home/vboxuser/hw5_ws/install/my_robot_intrfaces/share/my_robot_intrfaces/cmake/rosidl_cmake_export_typesupport_targets-extras.cmake
[1.540s] -- Up-to-date: /home/vboxuser/hw5_ws/install/my_robot_intrfaces/share/my_robot_intrfaces/cmake/rosidl_cmake_export_typesupport_libraries-extras.cmake
[1.541s] -- Up-to-date: /home/vboxuser/hw5_ws/install/my_robot_intrfaces/share/my_robot_intrfaces/cmake/my_robot_intrfacesConfig.cmake
[1.541s] -- Up-to-date: /home/vboxuser/hw5_ws/install/my_robot_intrfaces/share/my_robot_intrfaces/cmake/my_robot_intrfacesConfig-version.cmake
[1.541s] -- Up-to-date: /home/vboxuser/hw5_ws/install/my_robot_intrfaces/share/my_robot_intrfaces/package.xml
[1.554s] Invoked command in '/home/vboxuser/hw5_ws/build/my_robot_intrfaces' returned '0': CMAKE_PREFIX_PATH=${CMAKE_PREFIX_PATH}:/home/vboxuser/hw5_ws/install/actions_py:/home/vboxuser/hw5_ws/install/turtle_joy:/opt/ros/humble /usr/bin/cmake --install /home/vboxuser/hw5_ws/build/my_robot_intrfaces
