[1.453s] DEBUG:colcon:Command line arguments: ['/usr/bin/colcon', 'build']
[1.453s] DEBUG:colcon:Parsed command line arguments: Namespace(log_base=None, log_level=None, verb_name='build', build_base='build', install_base='install', merge_install=False, symlink_install=False, test_result_base=None, continue_on_error=False, executor='parallel', parallel_workers=6, event_handlers=None, ignore_user_meta=False, metas=['./colcon.meta'], base_paths=['.'], packages_ignore=None, packages_ignore_regex=None, paths=None, packages_up_to=None, packages_up_to_regex=None, packages_above=None, packages_above_and_dependencies=None, packages_above_depth=None, packages_select_by_dep=None, packages_skip_by_dep=None, packages_skip_up_to=None, packages_select_build_failed=False, packages_skip_build_finished=False, packages_select_test_failures=False, packages_skip_test_passed=False, packages_select=None, packages_skip=None, packages_select_regex=None, packages_skip_regex=None, packages_start=None, packages_end=None, allow_overriding=[], cmake_args=None, cmake_target=None, cmake_target_skip_unavailable=False, cmake_clean_cache=False, cmake_clean_first=False, cmake_force_configure=False, ament_cmake_args=None, catkin_cmake_args=None, catkin_skip_building_tests=False, verb_parser=<colcon_defaults.argument_parser.defaults.DefaultArgumentsDecorator object at 0x7f5b6ff3bd60>, verb_extension=<colcon_core.verb.build.BuildVerb object at 0x7f5b6ff3a8c0>, main=<bound method BuildVerb.main of <colcon_core.verb.build.BuildVerb object at 0x7f5b6ff3a8c0>>)
[1.515s] Level 1:colcon.colcon_core.package_discovery:discover_packages(colcon_meta) check parameters
[1.515s] Level 1:colcon.colcon_core.package_discovery:discover_packages(recursive) check parameters
[1.515s] Level 1:colcon.colcon_core.package_discovery:discover_packages(ignore) check parameters
[1.515s] Level 1:colcon.colcon_core.package_discovery:discover_packages(path) check parameters
[1.515s] Level 1:colcon.colcon_core.package_discovery:discover_packages(colcon_meta) discover
[1.516s] Level 1:colcon.colcon_core.package_discovery:discover_packages(recursive) discover
[1.516s] INFO:colcon.colcon_core.package_discovery:Crawling recursively for packages in '/home/vboxuser/hw3_ws'
[1.516s] Level 1:colcon.colcon_core.package_identification:_identify(.) by extensions ['ignore', 'ignore_ament_install']
[1.516s] Level 1:colcon.colcon_core.package_identification:_identify(.) by extension 'ignore'
[1.516s] Level 1:colcon.colcon_core.package_identification:_identify(.) by extension 'ignore_ament_install'
[1.516s] Level 1:colcon.colcon_core.package_identification:_identify(.) by extensions ['colcon_pkg']
[1.516s] Level 1:colcon.colcon_core.package_identification:_identify(.) by extension 'colcon_pkg'
[1.516s] Level 1:colcon.colcon_core.package_identification:_identify(.) by extensions ['colcon_meta']
[1.516s] Level 1:colcon.colcon_core.package_identification:_identify(.) by extension 'colcon_meta'
[1.516s] Level 1:colcon.colcon_core.package_identification:_identify(.) by extensions ['ros']
[1.516s] Level 1:colcon.colcon_core.package_identification:_identify(.) by extension 'ros'
[1.531s] Level 1:colcon.colcon_core.package_identification:_identify(.) by extensions ['cmake', 'python']
[1.531s] Level 1:colcon.colcon_core.package_identification:_identify(.) by extension 'cmake'
[1.531s] Level 1:colcon.colcon_core.package_identification:_identify(.) by extension 'python'
[1.531s] Level 1:colcon.colcon_core.package_identification:_identify(.) by extensions ['python_setup_py']
[1.531s] Level 1:colcon.colcon_core.package_identification:_identify(.) by extension 'python_setup_py'
[1.531s] Level 1:colcon.colcon_core.package_identification:_identify(build) by extensions ['ignore', 'ignore_ament_install']
[1.532s] Level 1:colcon.colcon_core.package_identification:_identify(build) by extension 'ignore'
[1.532s] Level 1:colcon.colcon_core.package_identification:_identify(build) ignored
[1.532s] Level 1:colcon.colcon_core.package_identification:_identify(install) by extensions ['ignore', 'ignore_ament_install']
[1.532s] Level 1:colcon.colcon_core.package_identification:_identify(install) by extension 'ignore'
[1.532s] Level 1:colcon.colcon_core.package_identification:_identify(install) ignored
[1.532s] Level 1:colcon.colcon_core.package_identification:_identify(log) by extensions ['ignore', 'ignore_ament_install']
[1.532s] Level 1:colcon.colcon_core.package_identification:_identify(log) by extension 'ignore'
[1.532s] Level 1:colcon.colcon_core.package_identification:_identify(log) ignored
[1.532s] Level 1:colcon.colcon_core.package_identification:_identify(src) by extensions ['ignore', 'ignore_ament_install']
[1.532s] Level 1:colcon.colcon_core.package_identification:_identify(src) by extension 'ignore'
[1.532s] Level 1:colcon.colcon_core.package_identification:_identify(src) by extension 'ignore_ament_install'
[1.533s] Level 1:colcon.colcon_core.package_identification:_identify(src) by extensions ['colcon_pkg']
[1.533s] Level 1:colcon.colcon_core.package_identification:_identify(src) by extension 'colcon_pkg'
[1.533s] Level 1:colcon.colcon_core.package_identification:_identify(src) by extensions ['colcon_meta']
[1.533s] Level 1:colcon.colcon_core.package_identification:_identify(src) by extension 'colcon_meta'
[1.533s] Level 1:colcon.colcon_core.package_identification:_identify(src) by extensions ['ros']
[1.533s] Level 1:colcon.colcon_core.package_identification:_identify(src) by extension 'ros'
[1.533s] Level 1:colcon.colcon_core.package_identification:_identify(src) by extensions ['cmake', 'python']
[1.533s] Level 1:colcon.colcon_core.package_identification:_identify(src) by extension 'cmake'
[1.533s] Level 1:colcon.colcon_core.package_identification:_identify(src) by extension 'python'
[1.533s] Level 1:colcon.colcon_core.package_identification:_identify(src) by extensions ['python_setup_py']
[1.533s] Level 1:colcon.colcon_core.package_identification:_identify(src) by extension 'python_setup_py'
[1.533s] Level 1:colcon.colcon_core.package_identification:_identify(src/py_pubsub) by extensions ['ignore', 'ignore_ament_install']
[1.533s] Level 1:colcon.colcon_core.package_identification:_identify(src/py_pubsub) by extension 'ignore'
[1.533s] Level 1:colcon.colcon_core.package_identification:_identify(src/py_pubsub) by extension 'ignore_ament_install'
[1.534s] Level 1:colcon.colcon_core.package_identification:_identify(src/py_pubsub) by extensions ['colcon_pkg']
[1.534s] Level 1:colcon.colcon_core.package_identification:_identify(src/py_pubsub) by extension 'colcon_pkg'
[1.534s] Level 1:colcon.colcon_core.package_identification:_identify(src/py_pubsub) by extensions ['colcon_meta']
[1.534s] Level 1:colcon.colcon_core.package_identification:_identify(src/py_pubsub) by extension 'colcon_meta'
[1.534s] Level 1:colcon.colcon_core.package_identification:_identify(src/py_pubsub) by extensions ['ros']
[1.534s] Level 1:colcon.colcon_core.package_identification:_identify(src/py_pubsub) by extension 'ros'
[1.537s] DEBUG:colcon.colcon_core.package_identification:Package 'src/py_pubsub' with type 'ros.ament_python' and name 'py_pubsub'
[1.537s] Level 1:colcon.colcon_core.package_identification:_identify(src/q1) by extensions ['ignore', 'ignore_ament_install']
[1.538s] Level 1:colcon.colcon_core.package_identification:_identify(src/q1) by extension 'ignore'
[1.538s] Level 1:colcon.colcon_core.package_identification:_identify(src/q1) by extension 'ignore_ament_install'
[1.538s] Level 1:colcon.colcon_core.package_identification:_identify(src/q1) by extensions ['colcon_pkg']
[1.538s] Level 1:colcon.colcon_core.package_identification:_identify(src/q1) by extension 'colcon_pkg'
[1.538s] Level 1:colcon.colcon_core.package_identification:_identify(src/q1) by extensions ['colcon_meta']
[1.538s] Level 1:colcon.colcon_core.package_identification:_identify(src/q1) by extension 'colcon_meta'
[1.538s] Level 1:colcon.colcon_core.package_identification:_identify(src/q1) by extensions ['ros']
[1.538s] Level 1:colcon.colcon_core.package_identification:_identify(src/q1) by extension 'ros'
[1.539s] DEBUG:colcon.colcon_core.package_identification:Package 'src/q1' with type 'ros.ament_python' and name 'q1'
[1.539s] Level 1:colcon.colcon_core.package_identification:_identify(src/q2) by extensions ['ignore', 'ignore_ament_install']
[1.539s] Level 1:colcon.colcon_core.package_identification:_identify(src/q2) by extension 'ignore'
[1.539s] Level 1:colcon.colcon_core.package_identification:_identify(src/q2) by extension 'ignore_ament_install'
[1.539s] Level 1:colcon.colcon_core.package_identification:_identify(src/q2) by extensions ['colcon_pkg']
[1.539s] Level 1:colcon.colcon_core.package_identification:_identify(src/q2) by extension 'colcon_pkg'
[1.539s] Level 1:colcon.colcon_core.package_identification:_identify(src/q2) by extensions ['colcon_meta']
[1.539s] Level 1:colcon.colcon_core.package_identification:_identify(src/q2) by extension 'colcon_meta'
[1.539s] Level 1:colcon.colcon_core.package_identification:_identify(src/q2) by extensions ['ros']
[1.539s] Level 1:colcon.colcon_core.package_identification:_identify(src/q2) by extension 'ros'
[1.540s] DEBUG:colcon.colcon_core.package_identification:Package 'src/q2' with type 'ros.ament_python' and name 'q2'
[1.540s] Level 1:colcon.colcon_core.package_identification:_identify(src/ros_tutorials) by extensions ['ignore', 'ignore_ament_install']
[1.540s] Level 1:colcon.colcon_core.package_identification:_identify(src/ros_tutorials) by extension 'ignore'
[1.540s] Level 1:colcon.colcon_core.package_identification:_identify(src/ros_tutorials) by extension 'ignore_ament_install'
[1.540s] Level 1:colcon.colcon_core.package_identification:_identify(src/ros_tutorials) by extensions ['colcon_pkg']
[1.540s] Level 1:colcon.colcon_core.package_identification:_identify(src/ros_tutorials) by extension 'colcon_pkg'
[1.541s] Level 1:colcon.colcon_core.package_identification:_identify(src/ros_tutorials) by extensions ['colcon_meta']
[1.541s] Level 1:colcon.colcon_core.package_identification:_identify(src/ros_tutorials) by extension 'colcon_meta'
[1.541s] Level 1:colcon.colcon_core.package_identification:_identify(src/ros_tutorials) by extensions ['ros']
[1.541s] Level 1:colcon.colcon_core.package_identification:_identify(src/ros_tutorials) by extension 'ros'
[1.541s] Level 1:colcon.colcon_core.package_identification:_identify(src/ros_tutorials) by extensions ['cmake', 'python']
[1.541s] Level 1:colcon.colcon_core.package_identification:_identify(src/ros_tutorials) by extension 'cmake'
[1.541s] Level 1:colcon.colcon_core.package_identification:_identify(src/ros_tutorials) by extension 'python'
[1.541s] Level 1:colcon.colcon_core.package_identification:_identify(src/ros_tutorials) by extensions ['python_setup_py']
[1.541s] Level 1:colcon.colcon_core.package_identification:_identify(src/ros_tutorials) by extension 'python_setup_py'
[1.541s] Level 1:colcon.colcon_core.package_identification:_identify(src/ros_tutorials/ros_tutorials) by extensions ['ignore', 'ignore_ament_install']
[1.541s] Level 1:colcon.colcon_core.package_identification:_identify(src/ros_tutorials/ros_tutorials) by extension 'ignore'
[1.541s] Level 1:colcon.colcon_core.package_identification:_identify(src/ros_tutorials/ros_tutorials) ignored
[1.541s] Level 1:colcon.colcon_core.package_identification:_identify(src/ros_tutorials/roscpp_tutorials) by extensions ['ignore', 'ignore_ament_install']
[1.541s] Level 1:colcon.colcon_core.package_identification:_identify(src/ros_tutorials/roscpp_tutorials) by extension 'ignore'
[1.542s] Level 1:colcon.colcon_core.package_identification:_identify(src/ros_tutorials/roscpp_tutorials) ignored
[1.542s] Level 1:colcon.colcon_core.package_identification:_identify(src/ros_tutorials/rospy_tutorials) by extensions ['ignore', 'ignore_ament_install']
[1.542s] Level 1:colcon.colcon_core.package_identification:_identify(src/ros_tutorials/rospy_tutorials) by extension 'ignore'
[1.542s] Level 1:colcon.colcon_core.package_identification:_identify(src/ros_tutorials/rospy_tutorials) ignored
[1.542s] Level 1:colcon.colcon_core.package_identification:_identify(src/ros_tutorials/turtlesim) by extensions ['ignore', 'ignore_ament_install']
[1.542s] Level 1:colcon.colcon_core.package_identification:_identify(src/ros_tutorials/turtlesim) by extension 'ignore'
[1.542s] Level 1:colcon.colcon_core.package_identification:_identify(src/ros_tutorials/turtlesim) by extension 'ignore_ament_install'
[1.542s] Level 1:colcon.colcon_core.package_identification:_identify(src/ros_tutorials/turtlesim) by extensions ['colcon_pkg']
[1.542s] Level 1:colcon.colcon_core.package_identification:_identify(src/ros_tutorials/turtlesim) by extension 'colcon_pkg'
[1.542s] Level 1:colcon.colcon_core.package_identification:_identify(src/ros_tutorials/turtlesim) by extensions ['colcon_meta']
[1.542s] Level 1:colcon.colcon_core.package_identification:_identify(src/ros_tutorials/turtlesim) by extension 'colcon_meta'
[1.542s] Level 1:colcon.colcon_core.package_identification:_identify(src/ros_tutorials/turtlesim) by extensions ['ros']
[1.542s] Level 1:colcon.colcon_core.package_identification:_identify(src/ros_tutorials/turtlesim) by extension 'ros'
[1.544s] DEBUG:colcon.colcon_core.package_identification:Package 'src/ros_tutorials/turtlesim' with type 'ros.ament_cmake' and name 'turtlesim'
[1.544s] Level 1:colcon.colcon_core.package_discovery:discover_packages(recursive) using defaults
[1.544s] Level 1:colcon.colcon_core.package_discovery:discover_packages(ignore) discover
[1.544s] Level 1:colcon.colcon_core.package_discovery:discover_packages(ignore) using defaults
[1.544s] Level 1:colcon.colcon_core.package_discovery:discover_packages(path) discover
[1.545s] Level 1:colcon.colcon_core.package_discovery:discover_packages(path) using defaults
[1.675s] Level 1:colcon.colcon_core.package_discovery:discover_packages(prefix_path) check parameters
[1.675s] Level 1:colcon.colcon_core.package_discovery:discover_packages(prefix_path) discover
[1.719s] DEBUG:colcon.colcon_installed_package_information.package_discovery:Found 284 installed packages in /opt/ros/humble
[1.721s] Level 1:colcon.colcon_core.package_discovery:discover_packages(prefix_path) using defaults
[1.859s] WARNING:colcon.colcon_core.package_selection:Some selected packages are already built in one or more underlay workspaces:
	'turtlesim' is in: /opt/ros/humble
If a package in a merged underlay workspace is overridden and it installs headers, then all packages in the overlay must sort their include directories by workspace order. Failure to do so may result in build failures or undefined behavior at run time.
If the overridden package is used by another package in any underlay, then the overriding package in the overlay must be API and ABI compatible or undefined behavior at run time may occur.

If you understand the risks and want to override a package anyways, add the following to the command line:
	--allow-overriding turtlesim

This may be promoted to an error in a future release of colcon-override-check.
[1.881s] Level 5:colcon.colcon_core.verb:set package 'py_pubsub' build argument 'cmake_args' from command line to 'None'
[1.881s] Level 5:colcon.colcon_core.verb:set package 'py_pubsub' build argument 'cmake_target' from command line to 'None'
[1.881s] Level 5:colcon.colcon_core.verb:set package 'py_pubsub' build argument 'cmake_target_skip_unavailable' from command line to 'False'
[1.881s] Level 5:colcon.colcon_core.verb:set package 'py_pubsub' build argument 'cmake_clean_cache' from command line to 'False'
[1.881s] Level 5:colcon.colcon_core.verb:set package 'py_pubsub' build argument 'cmake_clean_first' from command line to 'False'
[1.881s] Level 5:colcon.colcon_core.verb:set package 'py_pubsub' build argument 'cmake_force_configure' from command line to 'False'
[1.881s] Level 5:colcon.colcon_core.verb:set package 'py_pubsub' build argument 'ament_cmake_args' from command line to 'None'
[1.881s] Level 5:colcon.colcon_core.verb:set package 'py_pubsub' build argument 'catkin_cmake_args' from command line to 'None'
[1.881s] Level 5:colcon.colcon_core.verb:set package 'py_pubsub' build argument 'catkin_skip_building_tests' from command line to 'False'
[1.881s] DEBUG:colcon.colcon_core.verb:Building package 'py_pubsub' with the following arguments: {'ament_cmake_args': None, 'build_base': '/home/vboxuser/hw3_ws/build/py_pubsub', 'catkin_cmake_args': None, 'catkin_skip_building_tests': False, 'cmake_args': None, 'cmake_clean_cache': False, 'cmake_clean_first': False, 'cmake_force_configure': False, 'cmake_target': None, 'cmake_target_skip_unavailable': False, 'install_base': '/home/vboxuser/hw3_ws/install/py_pubsub', 'merge_install': False, 'path': '/home/vboxuser/hw3_ws/src/py_pubsub', 'symlink_install': False, 'test_result_base': None}
[1.903s] Level 5:colcon.colcon_core.verb:set package 'q1' build argument 'cmake_args' from command line to 'None'
[1.903s] Level 5:colcon.colcon_core.verb:set package 'q1' build argument 'cmake_target' from command line to 'None'
[1.903s] Level 5:colcon.colcon_core.verb:set package 'q1' build argument 'cmake_target_skip_unavailable' from command line to 'False'
[1.903s] Level 5:colcon.colcon_core.verb:set package 'q1' build argument 'cmake_clean_cache' from command line to 'False'
[1.903s] Level 5:colcon.colcon_core.verb:set package 'q1' build argument 'cmake_clean_first' from command line to 'False'
[1.903s] Level 5:colcon.colcon_core.verb:set package 'q1' build argument 'cmake_force_configure' from command line to 'False'
[1.903s] Level 5:colcon.colcon_core.verb:set package 'q1' build argument 'ament_cmake_args' from command line to 'None'
[1.903s] Level 5:colcon.colcon_core.verb:set package 'q1' build argument 'catkin_cmake_args' from command line to 'None'
[1.903s] Level 5:colcon.colcon_core.verb:set package 'q1' build argument 'catkin_skip_building_tests' from command line to 'False'
[1.903s] DEBUG:colcon.colcon_core.verb:Building package 'q1' with the following arguments: {'ament_cmake_args': None, 'build_base': '/home/vboxuser/hw3_ws/build/q1', 'catkin_cmake_args': None, 'catkin_skip_building_tests': False, 'cmake_args': None, 'cmake_clean_cache': False, 'cmake_clean_first': False, 'cmake_force_configure': False, 'cmake_target': None, 'cmake_target_skip_unavailable': False, 'install_base': '/home/vboxuser/hw3_ws/install/q1', 'merge_install': False, 'path': '/home/vboxuser/hw3_ws/src/q1', 'symlink_install': False, 'test_result_base': None}
[1.924s] Level 5:colcon.colcon_core.verb:set package 'q2' build argument 'cmake_args' from command line to 'None'
[1.925s] Level 5:colcon.colcon_core.verb:set package 'q2' build argument 'cmake_target' from command line to 'None'
[1.925s] Level 5:colcon.colcon_core.verb:set package 'q2' build argument 'cmake_target_skip_unavailable' from command line to 'False'
[1.925s] Level 5:colcon.colcon_core.verb:set package 'q2' build argument 'cmake_clean_cache' from command line to 'False'
[1.925s] Level 5:colcon.colcon_core.verb:set package 'q2' build argument 'cmake_clean_first' from command line to 'False'
[1.925s] Level 5:colcon.colcon_core.verb:set package 'q2' build argument 'cmake_force_configure' from command line to 'False'
[1.925s] Level 5:colcon.colcon_core.verb:set package 'q2' build argument 'ament_cmake_args' from command line to 'None'
[1.925s] Level 5:colcon.colcon_core.verb:set package 'q2' build argument 'catkin_cmake_args' from command line to 'None'
[1.925s] Level 5:colcon.colcon_core.verb:set package 'q2' build argument 'catkin_skip_building_tests' from command line to 'False'
[1.925s] DEBUG:colcon.colcon_core.verb:Building package 'q2' with the following arguments: {'ament_cmake_args': None, 'build_base': '/home/vboxuser/hw3_ws/build/q2', 'catkin_cmake_args': None, 'catkin_skip_building_tests': False, 'cmake_args': None, 'cmake_clean_cache': False, 'cmake_clean_first': False, 'cmake_force_configure': False, 'cmake_target': None, 'cmake_target_skip_unavailable': False, 'install_base': '/home/vboxuser/hw3_ws/install/q2', 'merge_install': False, 'path': '/home/vboxuser/hw3_ws/src/q2', 'symlink_install': False, 'test_result_base': None}
[1.945s] Level 5:colcon.colcon_core.verb:set package 'turtlesim' build argument 'cmake_args' from command line to 'None'
[1.945s] Level 5:colcon.colcon_core.verb:set package 'turtlesim' build argument 'cmake_target' from command line to 'None'
[1.945s] Level 5:colcon.colcon_core.verb:set package 'turtlesim' build argument 'cmake_target_skip_unavailable' from command line to 'False'
[1.945s] Level 5:colcon.colcon_core.verb:set package 'turtlesim' build argument 'cmake_clean_cache' from command line to 'False'
[1.945s] Level 5:colcon.colcon_core.verb:set package 'turtlesim' build argument 'cmake_clean_first' from command line to 'False'
[1.945s] Level 5:colcon.colcon_core.verb:set package 'turtlesim' build argument 'cmake_force_configure' from command line to 'False'
[1.945s] Level 5:colcon.colcon_core.verb:set package 'turtlesim' build argument 'ament_cmake_args' from command line to 'None'
[1.945s] Level 5:colcon.colcon_core.verb:set package 'turtlesim' build argument 'catkin_cmake_args' from command line to 'None'
[1.945s] Level 5:colcon.colcon_core.verb:set package 'turtlesim' build argument 'catkin_skip_building_tests' from command line to 'False'
[1.945s] DEBUG:colcon.colcon_core.verb:Building package 'turtlesim' with the following arguments: {'ament_cmake_args': None, 'build_base': '/home/vboxuser/hw3_ws/build/turtlesim', 'catkin_cmake_args': None, 'catkin_skip_building_tests': False, 'cmake_args': None, 'cmake_clean_cache': False, 'cmake_clean_first': False, 'cmake_force_configure': False, 'cmake_target': None, 'cmake_target_skip_unavailable': False, 'install_base': '/home/vboxuser/hw3_ws/install/turtlesim', 'merge_install': False, 'path': '/home/vboxuser/hw3_ws/src/ros_tutorials/turtlesim', 'symlink_install': False, 'test_result_base': None}
[1.966s] INFO:colcon.colcon_core.executor:Executing jobs using 'parallel' executor
[1.987s] DEBUG:colcon.colcon_parallel_executor.executor.parallel:run_until_complete
[1.987s] INFO:colcon.colcon_ros.task.ament_python.build:Building ROS package in '/home/vboxuser/hw3_ws/src/py_pubsub' with build type 'ament_python'
[1.987s] Level 1:colcon.colcon_core.shell:create_environment_hook('py_pubsub', 'ament_prefix_path')
[2.009s] INFO:colcon.colcon_core.plugin_system:Skipping extension 'colcon_core.shell.bat': Not used on non-Windows systems
[2.009s] INFO:colcon.colcon_core.shell:Creating environment hook '/home/vboxuser/hw3_ws/install/py_pubsub/share/py_pubsub/hook/ament_prefix_path.ps1'
[2.010s] INFO:colcon.colcon_core.shell:Creating environment descriptor '/home/vboxuser/hw3_ws/install/py_pubsub/share/py_pubsub/hook/ament_prefix_path.dsv'
[2.012s] INFO:colcon.colcon_core.shell:Creating environment hook '/home/vboxuser/hw3_ws/install/py_pubsub/share/py_pubsub/hook/ament_prefix_path.sh'
[2.034s] INFO:colcon.colcon_core.shell:Skip shell extension 'powershell' for command environment: Not usable outside of PowerShell
[2.034s] DEBUG:colcon.colcon_core.shell:Skip shell extension 'dsv' for command environment
[2.079s] INFO:colcon.colcon_ros.task.ament_python.build:Building ROS package in '/home/vboxuser/hw3_ws/src/q1' with build type 'ament_python'
[2.079s] Level 1:colcon.colcon_core.shell:create_environment_hook('q1', 'ament_prefix_path')
[2.099s] INFO:colcon.colcon_core.shell:Creating environment hook '/home/vboxuser/hw3_ws/install/q1/share/q1/hook/ament_prefix_path.ps1'
[2.099s] INFO:colcon.colcon_core.shell:Creating environment descriptor '/home/vboxuser/hw3_ws/install/q1/share/q1/hook/ament_prefix_path.dsv'
[2.100s] INFO:colcon.colcon_core.shell:Creating environment hook '/home/vboxuser/hw3_ws/install/q1/share/q1/hook/ament_prefix_path.sh'
[2.122s] INFO:colcon.colcon_core.shell:Skip shell extension 'powershell' for command environment: Not usable outside of PowerShell
[2.122s] DEBUG:colcon.colcon_core.shell:Skip shell extension 'dsv' for command environment
[2.168s] INFO:colcon.colcon_ros.task.ament_python.build:Building ROS package in '/home/vboxuser/hw3_ws/src/q2' with build type 'ament_python'
[2.168s] Level 1:colcon.colcon_core.shell:create_environment_hook('q2', 'ament_prefix_path')
[2.189s] INFO:colcon.colcon_core.shell:Creating environment hook '/home/vboxuser/hw3_ws/install/q2/share/q2/hook/ament_prefix_path.ps1'
[2.189s] INFO:colcon.colcon_core.shell:Creating environment descriptor '/home/vboxuser/hw3_ws/install/q2/share/q2/hook/ament_prefix_path.dsv'
[2.190s] INFO:colcon.colcon_core.shell:Creating environment hook '/home/vboxuser/hw3_ws/install/q2/share/q2/hook/ament_prefix_path.sh'
[2.210s] INFO:colcon.colcon_core.shell:Skip shell extension 'powershell' for command environment: Not usable outside of PowerShell
[2.210s] DEBUG:colcon.colcon_core.shell:Skip shell extension 'dsv' for command environment
[2.257s] INFO:colcon.colcon_ros.task.ament_cmake.build:Building ROS package in '/home/vboxuser/hw3_ws/src/ros_tutorials/turtlesim' with build type 'ament_cmake'
[2.258s] INFO:colcon.colcon_cmake.task.cmake.build:Building CMake package in '/home/vboxuser/hw3_ws/src/ros_tutorials/turtlesim'
[2.279s] INFO:colcon.colcon_core.shell:Skip shell extension 'powershell' for command environment: Not usable outside of PowerShell
[2.279s] DEBUG:colcon.colcon_core.shell:Skip shell extension 'dsv' for command environment
[2.711s] INFO:colcon.colcon_core.task.python.build:Building Python package in '/home/vboxuser/hw3_ws/src/py_pubsub'
[2.732s] INFO:colcon.colcon_core.shell:Skip shell extension 'powershell' for command environment: Not usable outside of PowerShell
[2.732s] DEBUG:colcon.colcon_core.shell:Skip shell extension 'dsv' for command environment
[3.168s] INFO:colcon.colcon_core.task.python.build:Building Python package in '/home/vboxuser/hw3_ws/src/q1'
[3.187s] INFO:colcon.colcon_core.shell:Skip shell extension 'powershell' for command environment: Not usable outside of PowerShell
[3.187s] DEBUG:colcon.colcon_core.shell:Skip shell extension 'dsv' for command environment
[3.635s] INFO:colcon.colcon_core.task.python.build:Building Python package in '/home/vboxuser/hw3_ws/src/q2'
[3.656s] INFO:colcon.colcon_core.shell:Skip shell extension 'powershell' for command environment: Not usable outside of PowerShell
[3.656s] DEBUG:colcon.colcon_core.shell:Skip shell extension 'dsv' for command environment
[3.705s] DEBUG:colcon.colcon_core.event_handler.log_command:Invoking command in '/home/vboxuser/hw3_ws/build/turtlesim': CMAKE_PREFIX_PATH=/opt/ros/humble /usr/bin/cmake --build /home/vboxuser/hw3_ws/build/turtlesim -- -j6 -l6
[4.235s] DEBUG:colcon.colcon_core.event_handler.log_command:Invoking command in '/home/vboxuser/hw3_ws/src/py_pubsub': PYTHONPATH=/home/vboxuser/hw3_ws/build/py_pubsub/prefix_override:/home/vboxuser/hw3_ws/install/py_pubsub/lib/python3.10/site-packages:${PYTHONPATH} /usr/bin/python3 setup.py egg_info --egg-base ../../build/py_pubsub build --build-base /home/vboxuser/hw3_ws/build/py_pubsub/build install --record /home/vboxuser/hw3_ws/build/py_pubsub/install.log --single-version-externally-managed
[4.240s] DEBUG:colcon.colcon_core.event_handler.log_command:Invoking command in '/home/vboxuser/hw3_ws/src/q1': PYTHONPATH=/home/vboxuser/hw3_ws/build/q1/prefix_override:/home/vboxuser/hw3_ws/install/q1/lib/python3.10/site-packages:${PYTHONPATH} /usr/bin/python3 setup.py egg_info --egg-base ../../build/q1 build --build-base /home/vboxuser/hw3_ws/build/q1/build install --record /home/vboxuser/hw3_ws/build/q1/install.log --single-version-externally-managed
[4.272s] DEBUG:colcon.colcon_core.event_handler.log_command:Invoking command in '/home/vboxuser/hw3_ws/src/q2': PYTHONPATH=/home/vboxuser/hw3_ws/build/q2/prefix_override:/home/vboxuser/hw3_ws/install/q2/lib/python3.10/site-packages:${PYTHONPATH} /usr/bin/python3 setup.py egg_info --egg-base ../../build/q2 build --build-base /home/vboxuser/hw3_ws/build/q2/build install --record /home/vboxuser/hw3_ws/build/q2/install.log --single-version-externally-managed
[4.305s] DEBUG:colcon.colcon_core.event_handler.log_command:Invoked command in '/home/vboxuser/hw3_ws/build/turtlesim' returned '0': CMAKE_PREFIX_PATH=/opt/ros/humble /usr/bin/cmake --build /home/vboxuser/hw3_ws/build/turtlesim -- -j6 -l6
[4.540s] DEBUG:colcon.colcon_core.event_handler.log_command:Invoking command in '/home/vboxuser/hw3_ws/build/turtlesim': CMAKE_PREFIX_PATH=/opt/ros/humble /usr/bin/cmake --install /home/vboxuser/hw3_ws/build/turtlesim
[4.619s] Level 1:colcon.colcon_core.environment:create_environment_scripts_only(turtlesim)
[4.624s] DEBUG:colcon.colcon_core.event_handler.log_command:Invoked command in '/home/vboxuser/hw3_ws/build/turtlesim' returned '0': CMAKE_PREFIX_PATH=/opt/ros/humble /usr/bin/cmake --install /home/vboxuser/hw3_ws/build/turtlesim
[4.647s] Level 1:colcon.colcon_core.environment:checking '/home/vboxuser/hw3_ws/install/turtlesim' for CMake module files
[4.648s] Level 1:colcon.colcon_core.environment:checking '/home/vboxuser/hw3_ws/install/turtlesim' for CMake config files
[4.649s] Level 1:colcon.colcon_core.shell:create_environment_hook('turtlesim', 'cmake_prefix_path')
[4.679s] INFO:colcon.colcon_core.shell:Creating environment hook '/home/vboxuser/hw3_ws/install/turtlesim/share/turtlesim/hook/cmake_prefix_path.ps1'
[4.680s] INFO:colcon.colcon_core.shell:Creating environment descriptor '/home/vboxuser/hw3_ws/install/turtlesim/share/turtlesim/hook/cmake_prefix_path.dsv'
[4.681s] INFO:colcon.colcon_core.shell:Creating environment hook '/home/vboxuser/hw3_ws/install/turtlesim/share/turtlesim/hook/cmake_prefix_path.sh'
[4.682s] Level 1:colcon.colcon_core.environment:checking '/home/vboxuser/hw3_ws/install/turtlesim/lib'
[4.682s] Level 1:colcon.colcon_core.shell:create_environment_hook('turtlesim', 'ld_library_path_lib')
[4.702s] INFO:colcon.colcon_core.shell:Creating environment hook '/home/vboxuser/hw3_ws/install/turtlesim/share/turtlesim/hook/ld_library_path_lib.ps1'
[4.703s] INFO:colcon.colcon_core.shell:Creating environment descriptor '/home/vboxuser/hw3_ws/install/turtlesim/share/turtlesim/hook/ld_library_path_lib.dsv'
[4.703s] INFO:colcon.colcon_core.shell:Creating environment hook '/home/vboxuser/hw3_ws/install/turtlesim/share/turtlesim/hook/ld_library_path_lib.sh'
[4.704s] Level 1:colcon.colcon_core.environment:checking '/home/vboxuser/hw3_ws/install/turtlesim/bin'
[4.704s] Level 1:colcon.colcon_core.environment:checking '/home/vboxuser/hw3_ws/install/turtlesim/lib/pkgconfig/turtlesim.pc'
[4.704s] Level 1:colcon.colcon_core.environment:checking '/home/vboxuser/hw3_ws/install/turtlesim/lib/python3.10/site-packages'
[4.705s] Level 1:colcon.colcon_core.environment:checking '/home/vboxuser/hw3_ws/install/turtlesim/bin'
[4.726s] INFO:colcon.colcon_core.shell:Creating package script '/home/vboxuser/hw3_ws/install/turtlesim/share/turtlesim/package.ps1'
[4.728s] INFO:colcon.colcon_core.shell:Creating package descriptor '/home/vboxuser/hw3_ws/install/turtlesim/share/turtlesim/package.dsv'
[4.729s] INFO:colcon.colcon_core.shell:Creating package script '/home/vboxuser/hw3_ws/install/turtlesim/share/turtlesim/package.sh'
[4.730s] INFO:colcon.colcon_core.shell:Creating package script '/home/vboxuser/hw3_ws/install/turtlesim/share/turtlesim/package.bash'
[4.732s] INFO:colcon.colcon_core.shell:Creating package script '/home/vboxuser/hw3_ws/install/turtlesim/share/turtlesim/package.zsh'
[4.733s] Level 1:colcon.colcon_core.environment:create_file_with_runtime_dependencies(/home/vboxuser/hw3_ws/install/turtlesim/share/colcon-core/packages/turtlesim)
[4.736s] DEBUG:colcon.colcon_core.event_handler.log_command:Invoked command in '/home/vboxuser/hw3_ws/src/py_pubsub' returned '0': PYTHONPATH=/home/vboxuser/hw3_ws/build/py_pubsub/prefix_override:/home/vboxuser/hw3_ws/install/py_pubsub/lib/python3.10/site-packages:${PYTHONPATH} /usr/bin/python3 setup.py egg_info --egg-base ../../build/py_pubsub build --build-base /home/vboxuser/hw3_ws/build/py_pubsub/build install --record /home/vboxuser/hw3_ws/build/py_pubsub/install.log --single-version-externally-managed
[4.757s] Level 1:colcon.colcon_core.environment:checking '/home/vboxuser/hw3_ws/install/py_pubsub' for CMake module files
[4.757s] Level 1:colcon.colcon_core.environment:checking '/home/vboxuser/hw3_ws/install/py_pubsub' for CMake config files
[4.758s] Level 1:colcon.colcon_core.environment:checking '/home/vboxuser/hw3_ws/install/py_pubsub/lib'
[4.758s] Level 1:colcon.colcon_core.environment:checking '/home/vboxuser/hw3_ws/install/py_pubsub/bin'
[4.758s] Level 1:colcon.colcon_core.environment:checking '/home/vboxuser/hw3_ws/install/py_pubsub/lib/pkgconfig/py_pubsub.pc'
[4.758s] Level 1:colcon.colcon_core.environment:checking '/home/vboxuser/hw3_ws/install/py_pubsub/lib/python3.10/site-packages'
[4.758s] Level 1:colcon.colcon_core.shell:create_environment_hook('py_pubsub', 'pythonpath')
[4.780s] INFO:colcon.colcon_core.shell:Creating environment hook '/home/vboxuser/hw3_ws/install/py_pubsub/share/py_pubsub/hook/pythonpath.ps1'
[4.781s] INFO:colcon.colcon_core.shell:Creating environment descriptor '/home/vboxuser/hw3_ws/install/py_pubsub/share/py_pubsub/hook/pythonpath.dsv'
[4.781s] INFO:colcon.colcon_core.shell:Creating environment hook '/home/vboxuser/hw3_ws/install/py_pubsub/share/py_pubsub/hook/pythonpath.sh'
[4.782s] Level 1:colcon.colcon_core.environment:checking '/home/vboxuser/hw3_ws/install/py_pubsub/bin'
[4.782s] Level 1:colcon.colcon_core.environment:create_environment_scripts_only(py_pubsub)
[4.803s] INFO:colcon.colcon_core.shell:Creating package script '/home/vboxuser/hw3_ws/install/py_pubsub/share/py_pubsub/package.ps1'
[4.804s] INFO:colcon.colcon_core.shell:Creating package descriptor '/home/vboxuser/hw3_ws/install/py_pubsub/share/py_pubsub/package.dsv'
[4.804s] INFO:colcon.colcon_core.shell:Creating package script '/home/vboxuser/hw3_ws/install/py_pubsub/share/py_pubsub/package.sh'
[4.805s] INFO:colcon.colcon_core.shell:Creating package script '/home/vboxuser/hw3_ws/install/py_pubsub/share/py_pubsub/package.bash'
[4.805s] INFO:colcon.colcon_core.shell:Creating package script '/home/vboxuser/hw3_ws/install/py_pubsub/share/py_pubsub/package.zsh'
[4.805s] Level 1:colcon.colcon_core.environment:create_file_with_runtime_dependencies(/home/vboxuser/hw3_ws/install/py_pubsub/share/colcon-core/packages/py_pubsub)
[4.809s] DEBUG:colcon.colcon_core.event_handler.log_command:Invoked command in '/home/vboxuser/hw3_ws/src/q2' returned '0': PYTHONPATH=/home/vboxuser/hw3_ws/build/q2/prefix_override:/home/vboxuser/hw3_ws/install/q2/lib/python3.10/site-packages:${PYTHONPATH} /usr/bin/python3 setup.py egg_info --egg-base ../../build/q2 build --build-base /home/vboxuser/hw3_ws/build/q2/build install --record /home/vboxuser/hw3_ws/build/q2/install.log --single-version-externally-managed
[4.831s] Level 1:colcon.colcon_core.environment:checking '/home/vboxuser/hw3_ws/install/q2' for CMake module files
[4.832s] Level 1:colcon.colcon_core.environment:checking '/home/vboxuser/hw3_ws/install/q2' for CMake config files
[4.832s] Level 1:colcon.colcon_core.environment:checking '/home/vboxuser/hw3_ws/install/q2/lib'
[4.832s] Level 1:colcon.colcon_core.environment:checking '/home/vboxuser/hw3_ws/install/q2/bin'
[4.832s] Level 1:colcon.colcon_core.environment:checking '/home/vboxuser/hw3_ws/install/q2/lib/pkgconfig/q2.pc'
[4.833s] Level 1:colcon.colcon_core.environment:checking '/home/vboxuser/hw3_ws/install/q2/lib/python3.10/site-packages'
[4.833s] Level 1:colcon.colcon_core.shell:create_environment_hook('q2', 'pythonpath')
[4.853s] INFO:colcon.colcon_core.shell:Creating environment hook '/home/vboxuser/hw3_ws/install/q2/share/q2/hook/pythonpath.ps1'
[4.854s] INFO:colcon.colcon_core.shell:Creating environment descriptor '/home/vboxuser/hw3_ws/install/q2/share/q2/hook/pythonpath.dsv'
[4.854s] INFO:colcon.colcon_core.shell:Creating environment hook '/home/vboxuser/hw3_ws/install/q2/share/q2/hook/pythonpath.sh'
[4.855s] Level 1:colcon.colcon_core.environment:checking '/home/vboxuser/hw3_ws/install/q2/bin'
[4.855s] Level 1:colcon.colcon_core.environment:create_environment_scripts_only(q2)
[4.876s] INFO:colcon.colcon_core.shell:Creating package script '/home/vboxuser/hw3_ws/install/q2/share/q2/package.ps1'
[4.877s] INFO:colcon.colcon_core.shell:Creating package descriptor '/home/vboxuser/hw3_ws/install/q2/share/q2/package.dsv'
[4.877s] INFO:colcon.colcon_core.shell:Creating package script '/home/vboxuser/hw3_ws/install/q2/share/q2/package.sh'
[4.878s] INFO:colcon.colcon_core.shell:Creating package script '/home/vboxuser/hw3_ws/install/q2/share/q2/package.bash'
[4.878s] INFO:colcon.colcon_core.shell:Creating package script '/home/vboxuser/hw3_ws/install/q2/share/q2/package.zsh'
[4.878s] Level 1:colcon.colcon_core.environment:create_file_with_runtime_dependencies(/home/vboxuser/hw3_ws/install/q2/share/colcon-core/packages/q2)
[4.881s] DEBUG:colcon.colcon_core.event_handler.log_command:Invoked command in '/home/vboxuser/hw3_ws/src/q1' returned '0': PYTHONPATH=/home/vboxuser/hw3_ws/build/q1/prefix_override:/home/vboxuser/hw3_ws/install/q1/lib/python3.10/site-packages:${PYTHONPATH} /usr/bin/python3 setup.py egg_info --egg-base ../../build/q1 build --build-base /home/vboxuser/hw3_ws/build/q1/build install --record /home/vboxuser/hw3_ws/build/q1/install.log --single-version-externally-managed
[4.900s] Level 1:colcon.colcon_core.environment:checking '/home/vboxuser/hw3_ws/install/q1' for CMake module files
[4.900s] Level 1:colcon.colcon_core.environment:checking '/home/vboxuser/hw3_ws/install/q1' for CMake config files
[4.901s] Level 1:colcon.colcon_core.environment:checking '/home/vboxuser/hw3_ws/install/q1/lib'
[4.901s] Level 1:colcon.colcon_core.environment:checking '/home/vboxuser/hw3_ws/install/q1/bin'
[4.901s] Level 1:colcon.colcon_core.environment:checking '/home/vboxuser/hw3_ws/install/q1/lib/pkgconfig/q1.pc'
[4.902s] Level 1:colcon.colcon_core.environment:checking '/home/vboxuser/hw3_ws/install/q1/lib/python3.10/site-packages'
[4.902s] Level 1:colcon.colcon_core.shell:create_environment_hook('q1', 'pythonpath')
[4.924s] INFO:colcon.colcon_core.shell:Creating environment hook '/home/vboxuser/hw3_ws/install/q1/share/q1/hook/pythonpath.ps1'
[4.924s] INFO:colcon.colcon_core.shell:Creating environment descriptor '/home/vboxuser/hw3_ws/install/q1/share/q1/hook/pythonpath.dsv'
[4.925s] INFO:colcon.colcon_core.shell:Creating environment hook '/home/vboxuser/hw3_ws/install/q1/share/q1/hook/pythonpath.sh'
[4.925s] Level 1:colcon.colcon_core.environment:checking '/home/vboxuser/hw3_ws/install/q1/bin'
[4.925s] Level 1:colcon.colcon_core.environment:create_environment_scripts_only(q1)
[4.946s] INFO:colcon.colcon_core.shell:Creating package script '/home/vboxuser/hw3_ws/install/q1/share/q1/package.ps1'
[4.946s] INFO:colcon.colcon_core.shell:Creating package descriptor '/home/vboxuser/hw3_ws/install/q1/share/q1/package.dsv'
[4.947s] INFO:colcon.colcon_core.shell:Creating package script '/home/vboxuser/hw3_ws/install/q1/share/q1/package.sh'
[4.948s] INFO:colcon.colcon_core.shell:Creating package script '/home/vboxuser/hw3_ws/install/q1/share/q1/package.bash'
[4.948s] INFO:colcon.colcon_core.shell:Creating package script '/home/vboxuser/hw3_ws/install/q1/share/q1/package.zsh'
[4.948s] Level 1:colcon.colcon_core.environment:create_file_with_runtime_dependencies(/home/vboxuser/hw3_ws/install/q1/share/colcon-core/packages/q1)
[5.015s] Level 1:colcon.colcon_core.environment:create_environment_scripts_only(turtlesim)
[5.037s] Level 1:colcon.colcon_core.environment:checking '/home/vboxuser/hw3_ws/install/turtlesim' for CMake module files
[5.038s] Level 1:colcon.colcon_core.environment:checking '/home/vboxuser/hw3_ws/install/turtlesim' for CMake config files
[5.038s] Level 1:colcon.colcon_core.shell:create_environment_hook('turtlesim', 'cmake_prefix_path')
[5.063s] INFO:colcon.colcon_core.shell:Creating environment hook '/home/vboxuser/hw3_ws/install/turtlesim/share/turtlesim/hook/cmake_prefix_path.ps1'
[5.064s] INFO:colcon.colcon_core.shell:Creating environment descriptor '/home/vboxuser/hw3_ws/install/turtlesim/share/turtlesim/hook/cmake_prefix_path.dsv'
[5.064s] INFO:colcon.colcon_core.shell:Creating environment hook '/home/vboxuser/hw3_ws/install/turtlesim/share/turtlesim/hook/cmake_prefix_path.sh'
[5.065s] Level 1:colcon.colcon_core.environment:checking '/home/vboxuser/hw3_ws/install/turtlesim/lib'
[5.065s] Level 1:colcon.colcon_core.shell:create_environment_hook('turtlesim', 'ld_library_path_lib')
[5.093s] INFO:colcon.colcon_core.shell:Creating environment hook '/home/vboxuser/hw3_ws/install/turtlesim/share/turtlesim/hook/ld_library_path_lib.ps1'
[5.093s] INFO:colcon.colcon_core.shell:Creating environment descriptor '/home/vboxuser/hw3_ws/install/turtlesim/share/turtlesim/hook/ld_library_path_lib.dsv'
[5.094s] INFO:colcon.colcon_core.shell:Creating environment hook '/home/vboxuser/hw3_ws/install/turtlesim/share/turtlesim/hook/ld_library_path_lib.sh'
[5.094s] Level 1:colcon.colcon_core.environment:checking '/home/vboxuser/hw3_ws/install/turtlesim/bin'
[5.094s] Level 1:colcon.colcon_core.environment:checking '/home/vboxuser/hw3_ws/install/turtlesim/lib/pkgconfig/turtlesim.pc'
[5.095s] Level 1:colcon.colcon_core.environment:checking '/home/vboxuser/hw3_ws/install/turtlesim/lib/python3.10/site-packages'
[5.095s] Level 1:colcon.colcon_core.environment:checking '/home/vboxuser/hw3_ws/install/turtlesim/bin'
[5.116s] INFO:colcon.colcon_core.shell:Creating package script '/home/vboxuser/hw3_ws/install/turtlesim/share/turtlesim/package.ps1'
[5.116s] INFO:colcon.colcon_core.shell:Creating package descriptor '/home/vboxuser/hw3_ws/install/turtlesim/share/turtlesim/package.dsv'
[5.117s] INFO:colcon.colcon_core.shell:Creating package script '/home/vboxuser/hw3_ws/install/turtlesim/share/turtlesim/package.sh'
[5.118s] INFO:colcon.colcon_core.shell:Creating package script '/home/vboxuser/hw3_ws/install/turtlesim/share/turtlesim/package.bash'
[5.118s] INFO:colcon.colcon_core.shell:Creating package script '/home/vboxuser/hw3_ws/install/turtlesim/share/turtlesim/package.zsh'
[5.119s] Level 1:colcon.colcon_core.environment:create_file_with_runtime_dependencies(/home/vboxuser/hw3_ws/install/turtlesim/share/colcon-core/packages/turtlesim)
[5.119s] DEBUG:colcon.colcon_parallel_executor.executor.parallel:closing loop
[5.120s] DEBUG:colcon.colcon_parallel_executor.executor.parallel:loop closed
[5.120s] DEBUG:colcon.colcon_parallel_executor.executor.parallel:run_until_complete finished with '0'
[5.120s] DEBUG:colcon.colcon_core.event_reactor:joining thread
[5.148s] INFO:colcon.colcon_core.plugin_system:Skipping extension 'colcon_notification.desktop_notification.terminal_notifier': Not used on non-Darwin systems
[5.148s] INFO:colcon.colcon_core.plugin_system:Skipping extension 'colcon_notification.desktop_notification.win32': Not used on non-Windows systems
[5.148s] INFO:colcon.colcon_notification.desktop_notification:Sending desktop notification using 'notify2'
[5.168s] DEBUG:colcon.colcon_core.event_reactor:joined thread
[5.189s] INFO:colcon.colcon_core.shell:Creating prefix script '/home/vboxuser/hw3_ws/install/local_setup.ps1'
[5.190s] INFO:colcon.colcon_core.shell:Creating prefix util module '/home/vboxuser/hw3_ws/install/_local_setup_util_ps1.py'
[5.193s] INFO:colcon.colcon_core.shell:Creating prefix chain script '/home/vboxuser/hw3_ws/install/setup.ps1'
[5.215s] INFO:colcon.colcon_core.shell:Creating prefix script '/home/vboxuser/hw3_ws/install/local_setup.sh'
[5.216s] INFO:colcon.colcon_core.shell:Creating prefix util module '/home/vboxuser/hw3_ws/install/_local_setup_util_sh.py'
[5.216s] INFO:colcon.colcon_core.shell:Creating prefix chain script '/home/vboxuser/hw3_ws/install/setup.sh'
[5.238s] INFO:colcon.colcon_core.shell:Creating prefix script '/home/vboxuser/hw3_ws/install/local_setup.bash'
[5.239s] INFO:colcon.colcon_core.shell:Creating prefix chain script '/home/vboxuser/hw3_ws/install/setup.bash'
[5.260s] INFO:colcon.colcon_core.shell:Creating prefix script '/home/vboxuser/hw3_ws/install/local_setup.zsh'
[5.261s] INFO:colcon.colcon_core.shell:Creating prefix chain script '/home/vboxuser/hw3_ws/install/setup.zsh'
