[1.052s] Invoking command in '/home/vboxuser/hw3_ws/build/turtlesim': CMAKE_PREFIX_PATH=${CMAKE_PREFIX_PATH}:/home/vboxuser/hw3_ws/install/q1:/home/vboxuser/hw3_ws/install/py_pubsub:/opt/ros/humble /usr/bin/cmake --build /home/vboxuser/hw3_ws/build/turtlesim -- -j6 -l6
[1.111s] [  1%] Built target turtlesim__cpp
[1.120s] [ 11%] Built target turtlesim__rosidl_generator_c
[1.129s] [ 11%] Built target ament_cmake_python_copy_turtlesim
[1.156s] [ 21%] Built target turtlesim__rosidl_typesupport_cpp
[1.165s] [ 41%] Built target turtlesim__rosidl_typesupport_introspection_cpp
[1.166s] [ 41%] Built target turtlesim__rosidl_typesupport_fastrtps_cpp
[1.172s] [ 52%] Built target turtlesim__rosidl_typesupport_fastrtps_c
[1.172s] [ 61%] Built target turtlesim__rosidl_typesupport_introspection_c
[1.174s] [ 71%] Built target turtlesim__rosidl_typesupport_c
[1.204s] [ 73%] Built target turtle_teleop_key
[1.220s] [ 75%] Built target draw_square
[1.220s] [ 77%] Built target mimic
[1.231s] [ 83%] Built target turtlesim_node
[1.246s] [ 83%] Built target turtlesim
[1.270s] [ 84%] Built target turtlesim__py
[1.299s] [ 93%] Built target turtlesim__rosidl_generator_py
[1.324s] [ 98%] Built target turtlesim__rosidl_typesupport_c__pyext
[1.325s] [100%] Built target turtlesim__rosidl_typesupport_introspection_c__pyext
[1.325s] [100%] Built target turtlesim__rosidl_typesupport_fastrtps_c__pyext
[1.566s] running egg_info
[1.567s] writing turtlesim.egg-info/PKG-INFO
[1.567s] writing dependency_links to turtlesim.egg-info/dependency_links.txt
[1.567s] writing top-level names to turtlesim.egg-info/top_level.txt
[1.571s] reading manifest file 'turtlesim.egg-info/SOURCES.txt'
[1.573s] writing manifest file 'turtlesim.egg-info/SOURCES.txt'
[1.607s] [100%] Built target ament_cmake_python_build_turtlesim_egg
[1.620s] Invoked command in '/home/vboxuser/hw3_ws/build/turtlesim' returned '0': CMAKE_PREFIX_PATH=${CMAKE_PREFIX_PATH}:/home/vboxuser/hw3_ws/install/q1:/home/vboxuser/hw3_ws/install/py_pubsub:/opt/ros/humble /usr/bin/cmake --build /home/vboxuser/hw3_ws/build/turtlesim -- -j6 -l6
[1.887s] Invoking command in '/home/vboxuser/hw3_ws/build/turtlesim': CMAKE_PREFIX_PATH=${CMAKE_PREFIX_PATH}:/home/vboxuser/hw3_ws/install/q1:/home/vboxuser/hw3_ws/install/py_pubsub:/opt/ros/humble /usr/bin/cmake --install /home/vboxuser/hw3_ws/build/turtlesim
[1.896s] -- Install configuration: ""
[1.896s] -- Up-to-date: /home/vboxuser/hw3_ws/install/turtlesim/share/ament_index/resource_index/rosidl_interfaces/turtlesim
[1.897s] -- Up-to-date: /home/vboxuser/hw3_ws/install/turtlesim/include/turtlesim/turtlesim
[1.897s] -- Up-to-date: /home/vboxuser/hw3_ws/install/turtlesim/include/turtlesim/turtlesim/msg
[1.897s] -- Up-to-date: /home/vboxuser/hw3_ws/install/turtlesim/include/turtlesim/turtlesim/msg/rosidl_generator_c__visibility_control.h
[1.897s] -- Up-to-date: /home/vboxuser/hw3_ws/install/turtlesim/include/turtlesim/turtlesim/msg/detail
[1.897s] -- Up-to-date: /home/vboxuser/hw3_ws/install/turtlesim/include/turtlesim/turtlesim/msg/detail/pose__struct.h
[1.898s] -- Up-to-date: /home/vboxuser/hw3_ws/install/turtlesim/include/turtlesim/turtlesim/msg/detail/color__struct.h
[1.898s] -- Up-to-date: /home/vboxuser/hw3_ws/install/turtlesim/include/turtlesim/turtlesim/msg/detail/color__functions.c
[1.898s] -- Up-to-date: /home/vboxuser/hw3_ws/install/turtlesim/include/turtlesim/turtlesim/msg/detail/pose__functions.h
[1.898s] -- Up-to-date: /home/vboxuser/hw3_ws/install/turtlesim/include/turtlesim/turtlesim/msg/detail/pose__type_support.h
[1.898s] -- Up-to-date: /home/vboxuser/hw3_ws/install/turtlesim/include/turtlesim/turtlesim/msg/detail/color__functions.h
[1.898s] -- Up-to-date: /home/vboxuser/hw3_ws/install/turtlesim/include/turtlesim/turtlesim/msg/detail/color__type_support.h
[1.898s] -- Up-to-date: /home/vboxuser/hw3_ws/install/turtlesim/include/turtlesim/turtlesim/msg/detail/pose__functions.c
[1.899s] -- Up-to-date: /home/vboxuser/hw3_ws/install/turtlesim/include/turtlesim/turtlesim/msg/color.h
[1.899s] -- Up-to-date: /home/vboxuser/hw3_ws/install/turtlesim/include/turtlesim/turtlesim/msg/pose.h
[1.899s] -- Up-to-date: /home/vboxuser/hw3_ws/install/turtlesim/include/turtlesim/turtlesim/srv
[1.899s] -- Up-to-date: /home/vboxuser/hw3_ws/install/turtlesim/include/turtlesim/turtlesim/srv/kill.h
[1.899s] -- Up-to-date: /home/vboxuser/hw3_ws/install/turtlesim/include/turtlesim/turtlesim/srv/set_pen.h
[1.900s] -- Up-to-date: /home/vboxuser/hw3_ws/install/turtlesim/include/turtlesim/turtlesim/srv/spawn.h
[1.900s] -- Up-to-date: /home/vboxuser/hw3_ws/install/turtlesim/include/turtlesim/turtlesim/srv/detail
[1.900s] -- Up-to-date: /home/vboxuser/hw3_ws/install/turtlesim/include/turtlesim/turtlesim/srv/detail/set_pen__type_support.h
[1.900s] -- Up-to-date: /home/vboxuser/hw3_ws/install/turtlesim/include/turtlesim/turtlesim/srv/detail/teleport_relative__type_support.h
[1.900s] -- Up-to-date: /home/vboxuser/hw3_ws/install/turtlesim/include/turtlesim/turtlesim/srv/detail/teleport_relative__struct.h
[1.900s] -- Up-to-date: /home/vboxuser/hw3_ws/install/turtlesim/include/turtlesim/turtlesim/srv/detail/kill__functions.h
[1.900s] -- Up-to-date: /home/vboxuser/hw3_ws/install/turtlesim/include/turtlesim/turtlesim/srv/detail/set_pen__functions.c
[1.900s] -- Up-to-date: /home/vboxuser/hw3_ws/install/turtlesim/include/turtlesim/turtlesim/srv/detail/spawn__functions.c
[1.901s] -- Up-to-date: /home/vboxuser/hw3_ws/install/turtlesim/include/turtlesim/turtlesim/srv/detail/kill__type_support.h
[1.901s] -- Up-to-date: /home/vboxuser/hw3_ws/install/turtlesim/include/turtlesim/turtlesim/srv/detail/teleport_absolute__struct.h
[1.901s] -- Up-to-date: /home/vboxuser/hw3_ws/install/turtlesim/include/turtlesim/turtlesim/srv/detail/teleport_relative__functions.c
[1.901s] -- Up-to-date: /home/vboxuser/hw3_ws/install/turtlesim/include/turtlesim/turtlesim/srv/detail/spawn__struct.h
[1.902s] -- Up-to-date: /home/vboxuser/hw3_ws/install/turtlesim/include/turtlesim/turtlesim/srv/detail/teleport_absolute__type_support.h
[1.902s] -- Up-to-date: /home/vboxuser/hw3_ws/install/turtlesim/include/turtlesim/turtlesim/srv/detail/teleport_absolute__functions.h
[1.902s] -- Up-to-date: /home/vboxuser/hw3_ws/install/turtlesim/include/turtlesim/turtlesim/srv/detail/set_pen__struct.h
[1.902s] -- Up-to-date: /home/vboxuser/hw3_ws/install/turtlesim/include/turtlesim/turtlesim/srv/detail/kill__struct.h
[1.902s] -- Up-to-date: /home/vboxuser/hw3_ws/install/turtlesim/include/turtlesim/turtlesim/srv/detail/teleport_absolute__functions.c
[1.902s] -- Up-to-date: /home/vboxuser/hw3_ws/install/turtlesim/include/turtlesim/turtlesim/srv/detail/kill__functions.c
[1.902s] -- Up-to-date: /home/vboxuser/hw3_ws/install/turtlesim/include/turtlesim/turtlesim/srv/detail/spawn__type_support.h
[1.903s] -- Up-to-date: /home/vboxuser/hw3_ws/install/turtlesim/include/turtlesim/turtlesim/srv/detail/set_pen__functions.h
[1.903s] -- Up-to-date: /home/vboxuser/hw3_ws/install/turtlesim/include/turtlesim/turtlesim/srv/detail/teleport_relative__functions.h
[1.903s] -- Up-to-date: /home/vboxuser/hw3_ws/install/turtlesim/include/turtlesim/turtlesim/srv/detail/spawn__functions.h
[1.903s] -- Up-to-date: /home/vboxuser/hw3_ws/install/turtlesim/include/turtlesim/turtlesim/srv/teleport_absolute.h
[1.903s] -- Up-to-date: /home/vboxuser/hw3_ws/install/turtlesim/include/turtlesim/turtlesim/srv/teleport_relative.h
[1.903s] -- Up-to-date: /home/vboxuser/hw3_ws/install/turtlesim/include/turtlesim/turtlesim/action
[1.903s] -- Up-to-date: /home/vboxuser/hw3_ws/install/turtlesim/include/turtlesim/turtlesim/action/detail
[1.903s] -- Up-to-date: /home/vboxuser/hw3_ws/install/turtlesim/include/turtlesim/turtlesim/action/detail/rotate_absolute__struct.h
[1.904s] -- Up-to-date: /home/vboxuser/hw3_ws/install/turtlesim/include/turtlesim/turtlesim/action/detail/rotate_absolute__functions.c
[1.904s] -- Up-to-date: /home/vboxuser/hw3_ws/install/turtlesim/include/turtlesim/turtlesim/action/detail/rotate_absolute__functions.h
[1.904s] -- Up-to-date: /home/vboxuser/hw3_ws/install/turtlesim/include/turtlesim/turtlesim/action/detail/rotate_absolute__type_support.h
[1.904s] -- Up-to-date: /home/vboxuser/hw3_ws/install/turtlesim/include/turtlesim/turtlesim/action/rotate_absolute.h
[1.904s] -- Up-to-date: /home/vboxuser/hw3_ws/install/turtlesim/share/turtlesim/environment/library_path.sh
[1.904s] -- Up-to-date: /home/vboxuser/hw3_ws/install/turtlesim/share/turtlesim/environment/library_path.dsv
[1.905s] -- Up-to-date: /home/vboxuser/hw3_ws/install/turtlesim/lib/libturtlesim__rosidl_generator_c.so
[1.905s] -- Up-to-date: /home/vboxuser/hw3_ws/install/turtlesim/include/turtlesim/turtlesim
[1.905s] -- Up-to-date: /home/vboxuser/hw3_ws/install/turtlesim/include/turtlesim/turtlesim/msg
[1.905s] -- Up-to-date: /home/vboxuser/hw3_ws/install/turtlesim/include/turtlesim/turtlesim/msg/detail
[1.905s] -- Up-to-date: /home/vboxuser/hw3_ws/install/turtlesim/include/turtlesim/turtlesim/msg/detail/pose__rosidl_typesupport_fastrtps_c.h
[1.905s] -- Up-to-date: /home/vboxuser/hw3_ws/install/turtlesim/include/turtlesim/turtlesim/msg/detail/color__rosidl_typesupport_fastrtps_c.h
[1.905s] -- Up-to-date: /home/vboxuser/hw3_ws/install/turtlesim/include/turtlesim/turtlesim/msg/rosidl_typesupport_fastrtps_c__visibility_control.h
[1.905s] -- Up-to-date: /home/vboxuser/hw3_ws/install/turtlesim/include/turtlesim/turtlesim/srv
[1.905s] -- Up-to-date: /home/vboxuser/hw3_ws/install/turtlesim/include/turtlesim/turtlesim/srv/detail
[1.906s] -- Up-to-date: /home/vboxuser/hw3_ws/install/turtlesim/include/turtlesim/turtlesim/srv/detail/teleport_absolute__rosidl_typesupport_fastrtps_c.h
[1.906s] -- Up-to-date: /home/vboxuser/hw3_ws/install/turtlesim/include/turtlesim/turtlesim/srv/detail/kill__rosidl_typesupport_fastrtps_c.h
[1.906s] -- Up-to-date: /home/vboxuser/hw3_ws/install/turtlesim/include/turtlesim/turtlesim/srv/detail/teleport_relative__rosidl_typesupport_fastrtps_c.h
[1.906s] -- Up-to-date: /home/vboxuser/hw3_ws/install/turtlesim/include/turtlesim/turtlesim/srv/detail/set_pen__rosidl_typesupport_fastrtps_c.h
[1.906s] -- Up-to-date: /home/vboxuser/hw3_ws/install/turtlesim/include/turtlesim/turtlesim/srv/detail/spawn__rosidl_typesupport_fastrtps_c.h
[1.906s] -- Up-to-date: /home/vboxuser/hw3_ws/install/turtlesim/include/turtlesim/turtlesim/action
[1.906s] -- Up-to-date: /home/vboxuser/hw3_ws/install/turtlesim/include/turtlesim/turtlesim/action/detail
[1.906s] -- Up-to-date: /home/vboxuser/hw3_ws/install/turtlesim/include/turtlesim/turtlesim/action/detail/rotate_absolute__rosidl_typesupport_fastrtps_c.h
[1.906s] -- Up-to-date: /home/vboxuser/hw3_ws/install/turtlesim/lib/libturtlesim__rosidl_typesupport_fastrtps_c.so
[1.906s] -- Up-to-date: /home/vboxuser/hw3_ws/install/turtlesim/include/turtlesim/turtlesim
[1.906s] -- Up-to-date: /home/vboxuser/hw3_ws/install/turtlesim/include/turtlesim/turtlesim/msg
[1.907s] -- Up-to-date: /home/vboxuser/hw3_ws/install/turtlesim/include/turtlesim/turtlesim/msg/detail
[1.907s] -- Up-to-date: /home/vboxuser/hw3_ws/install/turtlesim/include/turtlesim/turtlesim/msg/detail/pose__traits.hpp
[1.907s] -- Up-to-date: /home/vboxuser/hw3_ws/install/turtlesim/include/turtlesim/turtlesim/msg/detail/pose__builder.hpp
[1.907s] -- Up-to-date: /home/vboxuser/hw3_ws/install/turtlesim/include/turtlesim/turtlesim/msg/detail/pose__struct.hpp
[1.907s] -- Up-to-date: /home/vboxuser/hw3_ws/install/turtlesim/include/turtlesim/turtlesim/msg/detail/color__builder.hpp
[1.907s] -- Up-to-date: /home/vboxuser/hw3_ws/install/turtlesim/include/turtlesim/turtlesim/msg/detail/color__struct.hpp
[1.907s] -- Up-to-date: /home/vboxuser/hw3_ws/install/turtlesim/include/turtlesim/turtlesim/msg/detail/color__traits.hpp
[1.907s] -- Up-to-date: /home/vboxuser/hw3_ws/install/turtlesim/include/turtlesim/turtlesim/msg/color.hpp
[1.907s] -- Up-to-date: /home/vboxuser/hw3_ws/install/turtlesim/include/turtlesim/turtlesim/msg/pose.hpp
[1.907s] -- Up-to-date: /home/vboxuser/hw3_ws/install/turtlesim/include/turtlesim/turtlesim/srv
[1.908s] -- Up-to-date: /home/vboxuser/hw3_ws/install/turtlesim/include/turtlesim/turtlesim/srv/detail
[1.908s] -- Up-to-date: /home/vboxuser/hw3_ws/install/turtlesim/include/turtlesim/turtlesim/srv/detail/teleport_relative__struct.hpp
[1.908s] -- Up-to-date: /home/vboxuser/hw3_ws/install/turtlesim/include/turtlesim/turtlesim/srv/detail/teleport_absolute__builder.hpp
[1.908s] -- Up-to-date: /home/vboxuser/hw3_ws/install/turtlesim/include/turtlesim/turtlesim/srv/detail/teleport_relative__traits.hpp
[1.908s] -- Up-to-date: /home/vboxuser/hw3_ws/install/turtlesim/include/turtlesim/turtlesim/srv/detail/kill__struct.hpp
[1.908s] -- Up-to-date: /home/vboxuser/hw3_ws/install/turtlesim/include/turtlesim/turtlesim/srv/detail/kill__traits.hpp
[1.908s] -- Up-to-date: /home/vboxuser/hw3_ws/install/turtlesim/include/turtlesim/turtlesim/srv/detail/kill__builder.hpp
[1.908s] -- Up-to-date: /home/vboxuser/hw3_ws/install/turtlesim/include/turtlesim/turtlesim/srv/detail/spawn__traits.hpp
[1.908s] -- Up-to-date: /home/vboxuser/hw3_ws/install/turtlesim/include/turtlesim/turtlesim/srv/detail/spawn__builder.hpp
[1.908s] -- Up-to-date: /home/vboxuser/hw3_ws/install/turtlesim/include/turtlesim/turtlesim/srv/detail/set_pen__builder.hpp
[1.908s] -- Up-to-date: /home/vboxuser/hw3_ws/install/turtlesim/include/turtlesim/turtlesim/srv/detail/teleport_relative__builder.hpp
[1.908s] -- Up-to-date: /home/vboxuser/hw3_ws/install/turtlesim/include/turtlesim/turtlesim/srv/detail/spawn__struct.hpp
[1.909s] -- Up-to-date: /home/vboxuser/hw3_ws/install/turtlesim/include/turtlesim/turtlesim/srv/detail/teleport_absolute__traits.hpp
[1.909s] -- Up-to-date: /home/vboxuser/hw3_ws/install/turtlesim/include/turtlesim/turtlesim/srv/detail/set_pen__traits.hpp
[1.909s] -- Up-to-date: /home/vboxuser/hw3_ws/install/turtlesim/include/turtlesim/turtlesim/srv/detail/teleport_absolute__struct.hpp
[1.909s] -- Up-to-date: /home/vboxuser/hw3_ws/install/turtlesim/include/turtlesim/turtlesim/srv/detail/set_pen__struct.hpp
[1.909s] -- Up-to-date: /home/vboxuser/hw3_ws/install/turtlesim/include/turtlesim/turtlesim/srv/kill.hpp
[1.909s] -- Up-to-date: /home/vboxuser/hw3_ws/install/turtlesim/include/turtlesim/turtlesim/srv/teleport_relative.hpp
[1.909s] -- Up-to-date: /home/vboxuser/hw3_ws/install/turtlesim/include/turtlesim/turtlesim/srv/teleport_absolute.hpp
[1.909s] -- Up-to-date: /home/vboxuser/hw3_ws/install/turtlesim/include/turtlesim/turtlesim/srv/set_pen.hpp
[1.909s] -- Up-to-date: /home/vboxuser/hw3_ws/install/turtlesim/include/turtlesim/turtlesim/srv/spawn.hpp
[1.909s] -- Up-to-date: /home/vboxuser/hw3_ws/install/turtlesim/include/turtlesim/turtlesim/action
[1.909s] -- Up-to-date: /home/vboxuser/hw3_ws/install/turtlesim/include/turtlesim/turtlesim/action/detail
[1.910s] -- Up-to-date: /home/vboxuser/hw3_ws/install/turtlesim/include/turtlesim/turtlesim/action/detail/rotate_absolute__builder.hpp
[1.910s] -- Up-to-date: /home/vboxuser/hw3_ws/install/turtlesim/include/turtlesim/turtlesim/action/detail/rotate_absolute__struct.hpp
[1.910s] -- Up-to-date: /home/vboxuser/hw3_ws/install/turtlesim/include/turtlesim/turtlesim/action/detail/rotate_absolute__traits.hpp
[1.910s] -- Up-to-date: /home/vboxuser/hw3_ws/install/turtlesim/include/turtlesim/turtlesim/action/rotate_absolute.hpp
[1.910s] -- Up-to-date: /home/vboxuser/hw3_ws/install/turtlesim/include/turtlesim/turtlesim
[1.910s] -- Up-to-date: /home/vboxuser/hw3_ws/install/turtlesim/include/turtlesim/turtlesim/msg
[1.910s] -- Up-to-date: /home/vboxuser/hw3_ws/install/turtlesim/include/turtlesim/turtlesim/msg/detail
[1.910s] -- Up-to-date: /home/vboxuser/hw3_ws/install/turtlesim/include/turtlesim/turtlesim/msg/detail/pose__rosidl_typesupport_fastrtps_cpp.hpp
[1.910s] -- Up-to-date: /home/vboxuser/hw3_ws/install/turtlesim/include/turtlesim/turtlesim/msg/detail/dds_fastrtps
[1.910s] -- Up-to-date: /home/vboxuser/hw3_ws/install/turtlesim/include/turtlesim/turtlesim/msg/detail/color__rosidl_typesupport_fastrtps_cpp.hpp
[1.911s] -- Up-to-date: /home/vboxuser/hw3_ws/install/turtlesim/include/turtlesim/turtlesim/msg/rosidl_typesupport_fastrtps_cpp__visibility_control.h
[1.911s] -- Up-to-date: /home/vboxuser/hw3_ws/install/turtlesim/include/turtlesim/turtlesim/srv
[1.911s] -- Up-to-date: /home/vboxuser/hw3_ws/install/turtlesim/include/turtlesim/turtlesim/srv/detail
[1.911s] -- Up-to-date: /home/vboxuser/hw3_ws/install/turtlesim/include/turtlesim/turtlesim/srv/detail/teleport_relative__rosidl_typesupport_fastrtps_cpp.hpp
[1.911s] -- Up-to-date: /home/vboxuser/hw3_ws/install/turtlesim/include/turtlesim/turtlesim/srv/detail/teleport_absolute__rosidl_typesupport_fastrtps_cpp.hpp
[1.911s] -- Up-to-date: /home/vboxuser/hw3_ws/install/turtlesim/include/turtlesim/turtlesim/srv/detail/set_pen__rosidl_typesupport_fastrtps_cpp.hpp
[1.911s] -- Up-to-date: /home/vboxuser/hw3_ws/install/turtlesim/include/turtlesim/turtlesim/srv/detail/kill__rosidl_typesupport_fastrtps_cpp.hpp
[1.911s] -- Up-to-date: /home/vboxuser/hw3_ws/install/turtlesim/include/turtlesim/turtlesim/srv/detail/dds_fastrtps
[1.911s] -- Up-to-date: /home/vboxuser/hw3_ws/install/turtlesim/include/turtlesim/turtlesim/srv/detail/spawn__rosidl_typesupport_fastrtps_cpp.hpp
[1.911s] -- Up-to-date: /home/vboxuser/hw3_ws/install/turtlesim/include/turtlesim/turtlesim/action
[1.912s] -- Up-to-date: /home/vboxuser/hw3_ws/install/turtlesim/include/turtlesim/turtlesim/action/detail
[1.912s] -- Up-to-date: /home/vboxuser/hw3_ws/install/turtlesim/include/turtlesim/turtlesim/action/detail/rotate_absolute__rosidl_typesupport_fastrtps_cpp.hpp
[1.912s] -- Up-to-date: /home/vboxuser/hw3_ws/install/turtlesim/include/turtlesim/turtlesim/action/detail/dds_fastrtps
[1.912s] -- Up-to-date: /home/vboxuser/hw3_ws/install/turtlesim/lib/libturtlesim__rosidl_typesupport_fastrtps_cpp.so
[1.912s] -- Up-to-date: /home/vboxuser/hw3_ws/install/turtlesim/include/turtlesim/turtlesim
[1.912s] -- Up-to-date: /home/vboxuser/hw3_ws/install/turtlesim/include/turtlesim/turtlesim/msg
[1.912s] -- Up-to-date: /home/vboxuser/hw3_ws/install/turtlesim/include/turtlesim/turtlesim/msg/detail
[1.912s] -- Up-to-date: /home/vboxuser/hw3_ws/install/turtlesim/include/turtlesim/turtlesim/msg/detail/pose__rosidl_typesupport_introspection_c.h
[1.912s] -- Up-to-date: /home/vboxuser/hw3_ws/install/turtlesim/include/turtlesim/turtlesim/msg/detail/pose__type_support.c
[1.912s] -- Up-to-date: /home/vboxuser/hw3_ws/install/turtlesim/include/turtlesim/turtlesim/msg/detail/color__type_support.c
[1.912s] -- Up-to-date: /home/vboxuser/hw3_ws/install/turtlesim/include/turtlesim/turtlesim/msg/detail/color__rosidl_typesupport_introspection_c.h
[1.913s] -- Up-to-date: /home/vboxuser/hw3_ws/install/turtlesim/include/turtlesim/turtlesim/msg/rosidl_typesupport_introspection_c__visibility_control.h
[1.913s] -- Up-to-date: /home/vboxuser/hw3_ws/install/turtlesim/include/turtlesim/turtlesim/srv
[1.913s] -- Up-to-date: /home/vboxuser/hw3_ws/install/turtlesim/include/turtlesim/turtlesim/srv/detail
[1.913s] -- Up-to-date: /home/vboxuser/hw3_ws/install/turtlesim/include/turtlesim/turtlesim/srv/detail/teleport_absolute__rosidl_typesupport_introspection_c.h
[1.913s] -- Up-to-date: /home/vboxuser/hw3_ws/install/turtlesim/include/turtlesim/turtlesim/srv/detail/teleport_relative__rosidl_typesupport_introspection_c.h
[1.913s] -- Up-to-date: /home/vboxuser/hw3_ws/install/turtlesim/include/turtlesim/turtlesim/srv/detail/spawn__type_support.c
[1.913s] -- Up-to-date: /home/vboxuser/hw3_ws/install/turtlesim/include/turtlesim/turtlesim/srv/detail/set_pen__type_support.c
[1.913s] -- Up-to-date: /home/vboxuser/hw3_ws/install/turtlesim/include/turtlesim/turtlesim/srv/detail/kill__type_support.c
[1.913s] -- Up-to-date: /home/vboxuser/hw3_ws/install/turtlesim/include/turtlesim/turtlesim/srv/detail/set_pen__rosidl_typesupport_introspection_c.h
[1.913s] -- Up-to-date: /home/vboxuser/hw3_ws/install/turtlesim/include/turtlesim/turtlesim/srv/detail/teleport_absolute__type_support.c
[1.913s] -- Up-to-date: /home/vboxuser/hw3_ws/install/turtlesim/include/turtlesim/turtlesim/srv/detail/spawn__rosidl_typesupport_introspection_c.h
[1.913s] -- Up-to-date: /home/vboxuser/hw3_ws/install/turtlesim/include/turtlesim/turtlesim/srv/detail/kill__rosidl_typesupport_introspection_c.h
[1.914s] -- Up-to-date: /home/vboxuser/hw3_ws/install/turtlesim/include/turtlesim/turtlesim/srv/detail/teleport_relative__type_support.c
[1.914s] -- Up-to-date: /home/vboxuser/hw3_ws/install/turtlesim/include/turtlesim/turtlesim/action
[1.914s] -- Up-to-date: /home/vboxuser/hw3_ws/install/turtlesim/include/turtlesim/turtlesim/action/detail
[1.914s] -- Up-to-date: /home/vboxuser/hw3_ws/install/turtlesim/include/turtlesim/turtlesim/action/detail/rotate_absolute__rosidl_typesupport_introspection_c.h
[1.914s] -- Up-to-date: /home/vboxuser/hw3_ws/install/turtlesim/include/turtlesim/turtlesim/action/detail/rotate_absolute__type_support.c
[1.914s] -- Up-to-date: /home/vboxuser/hw3_ws/install/turtlesim/lib/libturtlesim__rosidl_typesupport_introspection_c.so
[1.914s] -- Up-to-date: /home/vboxuser/hw3_ws/install/turtlesim/lib/libturtlesim__rosidl_typesupport_c.so
[1.914s] -- Up-to-date: /home/vboxuser/hw3_ws/install/turtlesim/include/turtlesim/turtlesim
[1.914s] -- Up-to-date: /home/vboxuser/hw3_ws/install/turtlesim/include/turtlesim/turtlesim/msg
[1.914s] -- Up-to-date: /home/vboxuser/hw3_ws/install/turtlesim/include/turtlesim/turtlesim/msg/detail
[1.915s] -- Up-to-date: /home/vboxuser/hw3_ws/install/turtlesim/include/turtlesim/turtlesim/msg/detail/color__rosidl_typesupport_introspection_cpp.hpp
[1.915s] -- Up-to-date: /home/vboxuser/hw3_ws/install/turtlesim/include/turtlesim/turtlesim/msg/detail/pose__rosidl_typesupport_introspection_cpp.hpp
[1.915s] -- Up-to-date: /home/vboxuser/hw3_ws/install/turtlesim/include/turtlesim/turtlesim/msg/detail/color__type_support.cpp
[1.915s] -- Up-to-date: /home/vboxuser/hw3_ws/install/turtlesim/include/turtlesim/turtlesim/msg/detail/pose__type_support.cpp
[1.915s] -- Up-to-date: /home/vboxuser/hw3_ws/install/turtlesim/include/turtlesim/turtlesim/srv
[1.915s] -- Up-to-date: /home/vboxuser/hw3_ws/install/turtlesim/include/turtlesim/turtlesim/srv/detail
[1.915s] -- Up-to-date: /home/vboxuser/hw3_ws/install/turtlesim/include/turtlesim/turtlesim/srv/detail/set_pen__type_support.cpp
[1.915s] -- Up-to-date: /home/vboxuser/hw3_ws/install/turtlesim/include/turtlesim/turtlesim/srv/detail/spawn__rosidl_typesupport_introspection_cpp.hpp
[1.915s] -- Up-to-date: /home/vboxuser/hw3_ws/install/turtlesim/include/turtlesim/turtlesim/srv/detail/teleport_relative__type_support.cpp
[1.915s] -- Up-to-date: /home/vboxuser/hw3_ws/install/turtlesim/include/turtlesim/turtlesim/srv/detail/kill__rosidl_typesupport_introspection_cpp.hpp
[1.915s] -- Up-to-date: /home/vboxuser/hw3_ws/install/turtlesim/include/turtlesim/turtlesim/srv/detail/teleport_relative__rosidl_typesupport_introspection_cpp.hpp
[1.916s] -- Up-to-date: /home/vboxuser/hw3_ws/install/turtlesim/include/turtlesim/turtlesim/srv/detail/set_pen__rosidl_typesupport_introspection_cpp.hpp
[1.916s] -- Up-to-date: /home/vboxuser/hw3_ws/install/turtlesim/include/turtlesim/turtlesim/srv/detail/teleport_absolute__type_support.cpp
[1.916s] -- Up-to-date: /home/vboxuser/hw3_ws/install/turtlesim/include/turtlesim/turtlesim/srv/detail/spawn__type_support.cpp
[1.916s] -- Up-to-date: /home/vboxuser/hw3_ws/install/turtlesim/include/turtlesim/turtlesim/srv/detail/kill__type_support.cpp
[1.916s] -- Up-to-date: /home/vboxuser/hw3_ws/install/turtlesim/include/turtlesim/turtlesim/srv/detail/teleport_absolute__rosidl_typesupport_introspection_cpp.hpp
[1.916s] -- Up-to-date: /home/vboxuser/hw3_ws/install/turtlesim/include/turtlesim/turtlesim/action
[1.916s] -- Up-to-date: /home/vboxuser/hw3_ws/install/turtlesim/include/turtlesim/turtlesim/action/detail
[1.916s] -- Up-to-date: /home/vboxuser/hw3_ws/install/turtlesim/include/turtlesim/turtlesim/action/detail/rotate_absolute__rosidl_typesupport_introspection_cpp.hpp
[1.916s] -- Up-to-date: /home/vboxuser/hw3_ws/install/turtlesim/include/turtlesim/turtlesim/action/detail/rotate_absolute__type_support.cpp
[1.916s] -- Up-to-date: /home/vboxuser/hw3_ws/install/turtlesim/lib/libturtlesim__rosidl_typesupport_introspection_cpp.so
[1.916s] -- Up-to-date: /home/vboxuser/hw3_ws/install/turtlesim/lib/libturtlesim__rosidl_typesupport_cpp.so
[1.917s] -- Up-to-date: /home/vboxuser/hw3_ws/install/turtlesim/share/turtlesim/environment/pythonpath.sh
[1.917s] -- Up-to-date: /home/vboxuser/hw3_ws/install/turtlesim/share/turtlesim/environment/pythonpath.dsv
[1.917s] -- Up-to-date: /home/vboxuser/hw3_ws/install/turtlesim/local/lib/python3.10/dist-packages/turtlesim-1.4.2-py3.10.egg-info
[1.917s] -- Installing: /home/vboxuser/hw3_ws/install/turtlesim/local/lib/python3.10/dist-packages/turtlesim-1.4.2-py3.10.egg-info/top_level.txt
[1.917s] -- Installing: /home/vboxuser/hw3_ws/install/turtlesim/local/lib/python3.10/dist-packages/turtlesim-1.4.2-py3.10.egg-info/dependency_links.txt
[1.917s] -- Installing: /home/vboxuser/hw3_ws/install/turtlesim/local/lib/python3.10/dist-packages/turtlesim-1.4.2-py3.10.egg-info/SOURCES.txt
[1.917s] -- Installing: /home/vboxuser/hw3_ws/install/turtlesim/local/lib/python3.10/dist-packages/turtlesim-1.4.2-py3.10.egg-info/PKG-INFO
[1.917s] -- Up-to-date: /home/vboxuser/hw3_ws/install/turtlesim/local/lib/python3.10/dist-packages/turtlesim
[1.917s] -- Up-to-date: /home/vboxuser/hw3_ws/install/turtlesim/local/lib/python3.10/dist-packages/turtlesim/turtlesim_s__rosidl_typesupport_fastrtps_c.cpython-310-x86_64-linux-gnu.so
[1.917s] -- Up-to-date: /home/vboxuser/hw3_ws/install/turtlesim/local/lib/python3.10/dist-packages/turtlesim/_turtlesim_s.ep.rosidl_typesupport_introspection_c.c
[1.917s] -- Up-to-date: /home/vboxuser/hw3_ws/install/turtlesim/local/lib/python3.10/dist-packages/turtlesim/_turtlesim_s.ep.rosidl_typesupport_fastrtps_c.c
[1.918s] -- Up-to-date: /home/vboxuser/hw3_ws/install/turtlesim/local/lib/python3.10/dist-packages/turtlesim/__init__.py
[1.918s] -- Up-to-date: /home/vboxuser/hw3_ws/install/turtlesim/local/lib/python3.10/dist-packages/turtlesim/_turtlesim_s.ep.rosidl_typesupport_c.c
[1.918s] -- Up-to-date: /home/vboxuser/hw3_ws/install/turtlesim/local/lib/python3.10/dist-packages/turtlesim/msg
[1.918s] -- Up-to-date: /home/vboxuser/hw3_ws/install/turtlesim/local/lib/python3.10/dist-packages/turtlesim/msg/_color.py
[1.918s] -- Up-to-date: /home/vboxuser/hw3_ws/install/turtlesim/local/lib/python3.10/dist-packages/turtlesim/msg/__init__.py
[1.918s] -- Up-to-date: /home/vboxuser/hw3_ws/install/turtlesim/local/lib/python3.10/dist-packages/turtlesim/msg/_pose.py
[1.918s] -- Up-to-date: /home/vboxuser/hw3_ws/install/turtlesim/local/lib/python3.10/dist-packages/turtlesim/msg/_color_s.c
[1.918s] -- Up-to-date: /home/vboxuser/hw3_ws/install/turtlesim/local/lib/python3.10/dist-packages/turtlesim/msg/_pose_s.c
[1.918s] -- Up-to-date: /home/vboxuser/hw3_ws/install/turtlesim/local/lib/python3.10/dist-packages/turtlesim/turtlesim_s__rosidl_typesupport_introspection_c.cpython-310-x86_64-linux-gnu.so
[1.918s] -- Up-to-date: /home/vboxuser/hw3_ws/install/turtlesim/local/lib/python3.10/dist-packages/turtlesim/libturtlesim__rosidl_generator_py.so
[1.918s] -- Up-to-date: /home/vboxuser/hw3_ws/install/turtlesim/local/lib/python3.10/dist-packages/turtlesim/srv
[1.919s] -- Up-to-date: /home/vboxuser/hw3_ws/install/turtlesim/local/lib/python3.10/dist-packages/turtlesim/srv/_teleport_relative_s.c
[1.919s] -- Up-to-date: /home/vboxuser/hw3_ws/install/turtlesim/local/lib/python3.10/dist-packages/turtlesim/srv/_set_pen.py
[1.919s] -- Up-to-date: /home/vboxuser/hw3_ws/install/turtlesim/local/lib/python3.10/dist-packages/turtlesim/srv/_kill_s.c
[1.919s] -- Up-to-date: /home/vboxuser/hw3_ws/install/turtlesim/local/lib/python3.10/dist-packages/turtlesim/srv/_teleport_relative.py
[1.919s] -- Up-to-date: /home/vboxuser/hw3_ws/install/turtlesim/local/lib/python3.10/dist-packages/turtlesim/srv/__init__.py
[1.919s] -- Up-to-date: /home/vboxuser/hw3_ws/install/turtlesim/local/lib/python3.10/dist-packages/turtlesim/srv/_teleport_absolute.py
[1.919s] -- Up-to-date: /home/vboxuser/hw3_ws/install/turtlesim/local/lib/python3.10/dist-packages/turtlesim/srv/_set_pen_s.c
[1.919s] -- Up-to-date: /home/vboxuser/hw3_ws/install/turtlesim/local/lib/python3.10/dist-packages/turtlesim/srv/_kill.py
[1.919s] -- Up-to-date: /home/vboxuser/hw3_ws/install/turtlesim/local/lib/python3.10/dist-packages/turtlesim/srv/_spawn_s.c
[1.919s] -- Up-to-date: /home/vboxuser/hw3_ws/install/turtlesim/local/lib/python3.10/dist-packages/turtlesim/srv/_teleport_absolute_s.c
[1.919s] -- Up-to-date: /home/vboxuser/hw3_ws/install/turtlesim/local/lib/python3.10/dist-packages/turtlesim/srv/_spawn.py
[1.920s] -- Up-to-date: /home/vboxuser/hw3_ws/install/turtlesim/local/lib/python3.10/dist-packages/turtlesim/action
[1.920s] -- Up-to-date: /home/vboxuser/hw3_ws/install/turtlesim/local/lib/python3.10/dist-packages/turtlesim/action/_rotate_absolute.py
[1.920s] -- Up-to-date: /home/vboxuser/hw3_ws/install/turtlesim/local/lib/python3.10/dist-packages/turtlesim/action/__init__.py
[1.920s] -- Up-to-date: /home/vboxuser/hw3_ws/install/turtlesim/local/lib/python3.10/dist-packages/turtlesim/action/_rotate_absolute_s.c
[1.920s] -- Up-to-date: /home/vboxuser/hw3_ws/install/turtlesim/local/lib/python3.10/dist-packages/turtlesim/turtlesim_s__rosidl_typesupport_c.cpython-310-x86_64-linux-gnu.so
[1.944s] Listing '/home/vboxuser/hw3_ws/install/turtlesim/local/lib/python3.10/dist-packages/turtlesim'...
[1.944s] Listing '/home/vboxuser/hw3_ws/install/turtlesim/local/lib/python3.10/dist-packages/turtlesim/action'...
[1.944s] Listing '/home/vboxuser/hw3_ws/install/turtlesim/local/lib/python3.10/dist-packages/turtlesim/msg'...
[1.944s] Listing '/home/vboxuser/hw3_ws/install/turtlesim/local/lib/python3.10/dist-packages/turtlesim/srv'...
[1.949s] -- Up-to-date: /home/vboxuser/hw3_ws/install/turtlesim/local/lib/python3.10/dist-packages/turtlesim/turtlesim_s__rosidl_typesupport_fastrtps_c.cpython-310-x86_64-linux-gnu.so
[1.949s] -- Up-to-date: /home/vboxuser/hw3_ws/install/turtlesim/local/lib/python3.10/dist-packages/turtlesim/turtlesim_s__rosidl_typesupport_introspection_c.cpython-310-x86_64-linux-gnu.so
[1.950s] -- Up-to-date: /home/vboxuser/hw3_ws/install/turtlesim/local/lib/python3.10/dist-packages/turtlesim/turtlesim_s__rosidl_typesupport_c.cpython-310-x86_64-linux-gnu.so
[1.950s] -- Up-to-date: /home/vboxuser/hw3_ws/install/turtlesim/lib/libturtlesim__rosidl_generator_py.so
[1.950s] -- Up-to-date: /home/vboxuser/hw3_ws/install/turtlesim/share/turtlesim/action/RotateAbsolute.idl
[1.950s] -- Up-to-date: /home/vboxuser/hw3_ws/install/turtlesim/share/turtlesim/msg/Color.idl
[1.951s] -- Up-to-date: /home/vboxuser/hw3_ws/install/turtlesim/share/turtlesim/msg/Pose.idl
[1.951s] -- Up-to-date: /home/vboxuser/hw3_ws/install/turtlesim/share/turtlesim/srv/Kill.idl
[1.951s] -- Up-to-date: /home/vboxuser/hw3_ws/install/turtlesim/share/turtlesim/srv/SetPen.idl
[1.951s] -- Up-to-date: /home/vboxuser/hw3_ws/install/turtlesim/share/turtlesim/srv/Spawn.idl
[1.951s] -- Up-to-date: /home/vboxuser/hw3_ws/install/turtlesim/share/turtlesim/srv/TeleportAbsolute.idl
[1.951s] -- Up-to-date: /home/vboxuser/hw3_ws/install/turtlesim/share/turtlesim/srv/TeleportRelative.idl
[1.952s] -- Up-to-date: /home/vboxuser/hw3_ws/install/turtlesim/share/turtlesim/action/RotateAbsolute.action
[1.952s] -- Up-to-date: /home/vboxuser/hw3_ws/install/turtlesim/share/turtlesim/msg/Color.msg
[1.952s] -- Up-to-date: /home/vboxuser/hw3_ws/install/turtlesim/share/turtlesim/msg/Pose.msg
[1.952s] -- Up-to-date: /home/vboxuser/hw3_ws/install/turtlesim/share/turtlesim/srv/Kill.srv
[1.952s] -- Up-to-date: /home/vboxuser/hw3_ws/install/turtlesim/share/turtlesim/srv/Kill_Request.msg
[1.952s] -- Up-to-date: /home/vboxuser/hw3_ws/install/turtlesim/share/turtlesim/srv/Kill_Response.msg
[1.952s] -- Up-to-date: /home/vboxuser/hw3_ws/install/turtlesim/share/turtlesim/srv/SetPen.srv
[1.952s] -- Up-to-date: /home/vboxuser/hw3_ws/install/turtlesim/share/turtlesim/srv/SetPen_Request.msg
[1.952s] -- Up-to-date: /home/vboxuser/hw3_ws/install/turtlesim/share/turtlesim/srv/SetPen_Response.msg
[1.953s] -- Up-to-date: /home/vboxuser/hw3_ws/install/turtlesim/share/turtlesim/srv/Spawn.srv
[1.953s] -- Up-to-date: /home/vboxuser/hw3_ws/install/turtlesim/share/turtlesim/srv/Spawn_Request.msg
[1.953s] -- Up-to-date: /home/vboxuser/hw3_ws/install/turtlesim/share/turtlesim/srv/Spawn_Response.msg
[1.953s] -- Up-to-date: /home/vboxuser/hw3_ws/install/turtlesim/share/turtlesim/srv/TeleportAbsolute.srv
[1.953s] -- Up-to-date: /home/vboxuser/hw3_ws/install/turtlesim/share/turtlesim/srv/TeleportAbsolute_Request.msg
[1.953s] -- Up-to-date: /home/vboxuser/hw3_ws/install/turtlesim/share/turtlesim/srv/TeleportAbsolute_Response.msg
[1.953s] -- Up-to-date: /home/vboxuser/hw3_ws/install/turtlesim/share/turtlesim/srv/TeleportRelative.srv
[1.953s] -- Up-to-date: /home/vboxuser/hw3_ws/install/turtlesim/share/turtlesim/srv/TeleportRelative_Request.msg
[1.954s] -- Up-to-date: /home/vboxuser/hw3_ws/install/turtlesim/share/turtlesim/srv/TeleportRelative_Response.msg
[1.954s] -- Up-to-date: /home/vboxuser/hw3_ws/install/turtlesim/lib/turtlesim/turtlesim_node
[1.954s] -- Up-to-date: /home/vboxuser/hw3_ws/install/turtlesim/lib/turtlesim/turtle_teleop_key
[1.954s] -- Up-to-date: /home/vboxuser/hw3_ws/install/turtlesim/lib/turtlesim/draw_square
[1.954s] -- Up-to-date: /home/vboxuser/hw3_ws/install/turtlesim/lib/turtlesim/mimic
[1.955s] -- Up-to-date: /home/vboxuser/hw3_ws/install/turtlesim/share/turtlesim/images
[1.955s] -- Up-to-date: /home/vboxuser/hw3_ws/install/turtlesim/share/turtlesim/images/foxy.png
[1.955s] -- Up-to-date: /home/vboxuser/hw3_ws/install/turtlesim/share/turtlesim/images/dashing.png
[1.955s] -- Up-to-date: /home/vboxuser/hw3_ws/install/turtlesim/share/turtlesim/images/bouncy.png
[1.955s] -- Up-to-date: /home/vboxuser/hw3_ws/install/turtlesim/share/turtlesim/images/ardent.png
[1.955s] -- Up-to-date: /home/vboxuser/hw3_ws/install/turtlesim/share/turtlesim/images/eloquent.png
[1.955s] -- Up-to-date: /home/vboxuser/hw3_ws/install/turtlesim/share/turtlesim/images/rolling.png
[1.956s] -- Up-to-date: /home/vboxuser/hw3_ws/install/turtlesim/share/turtlesim/images/humble.png
[1.956s] -- Up-to-date: /home/vboxuser/hw3_ws/install/turtlesim/share/turtlesim/images/crystal.png
[1.956s] -- Up-to-date: /home/vboxuser/hw3_ws/install/turtlesim/share/turtlesim/images/galactic.png
[1.958s] -- Up-to-date: /home/vboxuser/hw3_ws/install/turtlesim/share/turtlesim/launch
[1.958s] -- Up-to-date: /home/vboxuser/hw3_ws/install/turtlesim/share/turtlesim/launch/multisim.launch.py
[1.958s] -- Up-to-date: /home/vboxuser/hw3_ws/install/turtlesim/share/ament_index/resource_index/package_run_dependencies/turtlesim
[1.958s] -- Up-to-date: /home/vboxuser/hw3_ws/install/turtlesim/share/ament_index/resource_index/parent_prefix_path/turtlesim
[1.958s] -- Up-to-date: /home/vboxuser/hw3_ws/install/turtlesim/share/turtlesim/environment/ament_prefix_path.sh
[1.958s] -- Up-to-date: /home/vboxuser/hw3_ws/install/turtlesim/share/turtlesim/environment/ament_prefix_path.dsv
[1.958s] -- Up-to-date: /home/vboxuser/hw3_ws/install/turtlesim/share/turtlesim/environment/path.sh
[1.958s] -- Up-to-date: /home/vboxuser/hw3_ws/install/turtlesim/share/turtlesim/environment/path.dsv
[1.959s] -- Up-to-date: /home/vboxuser/hw3_ws/install/turtlesim/share/turtlesim/local_setup.bash
[1.959s] -- Up-to-date: /home/vboxuser/hw3_ws/install/turtlesim/share/turtlesim/local_setup.sh
[1.959s] -- Up-to-date: /home/vboxuser/hw3_ws/install/turtlesim/share/turtlesim/local_setup.zsh
[1.959s] -- Up-to-date: /home/vboxuser/hw3_ws/install/turtlesim/share/turtlesim/local_setup.dsv
[1.959s] -- Installing: /home/vboxuser/hw3_ws/install/turtlesim/share/turtlesim/package.dsv
[1.959s] -- Up-to-date: /home/vboxuser/hw3_ws/install/turtlesim/share/ament_index/resource_index/packages/turtlesim
[1.959s] -- Up-to-date: /home/vboxuser/hw3_ws/install/turtlesim/share/turtlesim/cmake/export_turtlesim__rosidl_generator_cExport.cmake
[1.959s] -- Up-to-date: /home/vboxuser/hw3_ws/install/turtlesim/share/turtlesim/cmake/export_turtlesim__rosidl_generator_cExport-noconfig.cmake
[1.962s] -- Up-to-date: /home/vboxuser/hw3_ws/install/turtlesim/share/turtlesim/cmake/export_turtlesim__rosidl_typesupport_fastrtps_cExport.cmake
[1.962s] -- Up-to-date: /home/vboxuser/hw3_ws/install/turtlesim/share/turtlesim/cmake/export_turtlesim__rosidl_typesupport_fastrtps_cExport-noconfig.cmake
[1.962s] -- Up-to-date: /home/vboxuser/hw3_ws/install/turtlesim/share/turtlesim/cmake/export_turtlesim__rosidl_generator_cppExport.cmake
[1.962s] -- Up-to-date: /home/vboxuser/hw3_ws/install/turtlesim/share/turtlesim/cmake/export_turtlesim__rosidl_typesupport_fastrtps_cppExport.cmake
[1.962s] -- Up-to-date: /home/vboxuser/hw3_ws/install/turtlesim/share/turtlesim/cmake/export_turtlesim__rosidl_typesupport_fastrtps_cppExport-noconfig.cmake
[1.963s] -- Up-to-date: /home/vboxuser/hw3_ws/install/turtlesim/share/turtlesim/cmake/turtlesim__rosidl_typesupport_introspection_cExport.cmake
[1.963s] -- Up-to-date: /home/vboxuser/hw3_ws/install/turtlesim/share/turtlesim/cmake/turtlesim__rosidl_typesupport_introspection_cExport-noconfig.cmake
[1.963s] -- Up-to-date: /home/vboxuser/hw3_ws/install/turtlesim/share/turtlesim/cmake/turtlesim__rosidl_typesupport_cExport.cmake
[1.963s] -- Up-to-date: /home/vboxuser/hw3_ws/install/turtlesim/share/turtlesim/cmake/turtlesim__rosidl_typesupport_cExport-noconfig.cmake
[1.964s] -- Up-to-date: /home/vboxuser/hw3_ws/install/turtlesim/share/turtlesim/cmake/turtlesim__rosidl_typesupport_introspection_cppExport.cmake
[1.964s] -- Up-to-date: /home/vboxuser/hw3_ws/install/turtlesim/share/turtlesim/cmake/turtlesim__rosidl_typesupport_introspection_cppExport-noconfig.cmake
[1.964s] -- Up-to-date: /home/vboxuser/hw3_ws/install/turtlesim/share/turtlesim/cmake/turtlesim__rosidl_typesupport_cppExport.cmake
[1.964s] -- Up-to-date: /home/vboxuser/hw3_ws/install/turtlesim/share/turtlesim/cmake/turtlesim__rosidl_typesupport_cppExport-noconfig.cmake
[1.965s] -- Up-to-date: /home/vboxuser/hw3_ws/install/turtlesim/share/turtlesim/cmake/export_turtlesim__rosidl_generator_pyExport.cmake
[1.965s] -- Up-to-date: /home/vboxuser/hw3_ws/install/turtlesim/share/turtlesim/cmake/export_turtlesim__rosidl_generator_pyExport-noconfig.cmake
[1.965s] -- Up-to-date: /home/vboxuser/hw3_ws/install/turtlesim/share/turtlesim/cmake/rosidl_cmake-extras.cmake
[1.965s] -- Up-to-date: /home/vboxuser/hw3_ws/install/turtlesim/share/turtlesim/cmake/ament_cmake_export_dependencies-extras.cmake
[1.965s] -- Up-to-date: /home/vboxuser/hw3_ws/install/turtlesim/share/turtlesim/cmake/ament_cmake_export_include_directories-extras.cmake
[1.966s] -- Up-to-date: /home/vboxuser/hw3_ws/install/turtlesim/share/turtlesim/cmake/ament_cmake_export_libraries-extras.cmake
[1.966s] -- Up-to-date: /home/vboxuser/hw3_ws/install/turtlesim/share/turtlesim/cmake/ament_cmake_export_targets-extras.cmake
[1.966s] -- Up-to-date: /home/vboxuser/hw3_ws/install/turtlesim/share/turtlesim/cmake/rosidl_cmake_export_typesupport_targets-extras.cmake
[1.967s] -- Up-to-date: /home/vboxuser/hw3_ws/install/turtlesim/share/turtlesim/cmake/rosidl_cmake_export_typesupport_libraries-extras.cmake
[1.967s] -- Up-to-date: /home/vboxuser/hw3_ws/install/turtlesim/share/turtlesim/cmake/turtlesimConfig.cmake
[1.967s] -- Up-to-date: /home/vboxuser/hw3_ws/install/turtlesim/share/turtlesim/cmake/turtlesimConfig-version.cmake
[1.967s] -- Up-to-date: /home/vboxuser/hw3_ws/install/turtlesim/share/turtlesim/package.xml
[1.969s] Invoked command in '/home/vboxuser/hw3_ws/build/turtlesim' returned '0': CMAKE_PREFIX_PATH=${CMAKE_PREFIX_PATH}:/home/vboxuser/hw3_ws/install/q1:/home/vboxuser/hw3_ws/install/py_pubsub:/opt/ros/humble /usr/bin/cmake --install /home/vboxuser/hw3_ws/build/turtlesim
