[1.278s] Invoking command in '/home/vboxuser/hw4_ws/src/py_srvcli': PYTHONPATH=/home/vboxuser/hw4_ws/build/py_srvcli/prefix_override:/home/vboxuser/hw4_ws/install/py_srvcli/lib/python3.10/site-packages:${PYTHONPATH} /usr/bin/python3 setup.py egg_info --egg-base ../../build/py_srvcli build --build-base /home/vboxuser/hw4_ws/build/py_srvcli/build install --record /home/vboxuser/hw4_ws/build/py_srvcli/install.log --single-version-externally-managed
[1.679s] running egg_info
[1.680s] writing ../../build/py_srvcli/py_srvcli.egg-info/PKG-INFO
[1.681s] writing dependency_links to ../../build/py_srvcli/py_srvcli.egg-info/dependency_links.txt
[1.681s] writing entry points to ../../build/py_srvcli/py_srvcli.egg-info/entry_points.txt
[1.681s] writing requirements to ../../build/py_srvcli/py_srvcli.egg-info/requires.txt
[1.681s] writing top-level names to ../../build/py_srvcli/py_srvcli.egg-info/top_level.txt
[1.683s] reading manifest file '../../build/py_srvcli/py_srvcli.egg-info/SOURCES.txt'
[1.683s] adding license file 'LICENSE'
[1.684s] writing manifest file '../../build/py_srvcli/py_srvcli.egg-info/SOURCES.txt'
[1.685s] running build
[1.685s] running build_py
[1.685s] copying py_srvcli/service_member_function.py -> /home/vboxuser/hw4_ws/build/py_srvcli/build/lib/py_srvcli
[1.685s] copying py_srvcli/client_member_function.py -> /home/vboxuser/hw4_ws/build/py_srvcli/build/lib/py_srvcli
[1.685s] running install
[1.686s] running install_lib
[1.686s] copying /home/vboxuser/hw4_ws/build/py_srvcli/build/lib/py_srvcli/service_member_function.py -> /home/vboxuser/hw4_ws/install/py_srvcli/lib/python3.10/site-packages/py_srvcli
[1.687s] copying /home/vboxuser/hw4_ws/build/py_srvcli/build/lib/py_srvcli/client_member_function.py -> /home/vboxuser/hw4_ws/install/py_srvcli/lib/python3.10/site-packages/py_srvcli
[1.687s] byte-compiling /home/vboxuser/hw4_ws/install/py_srvcli/lib/python3.10/site-packages/py_srvcli/service_member_function.py to service_member_function.cpython-310.pyc
[1.688s] byte-compiling /home/vboxuser/hw4_ws/install/py_srvcli/lib/python3.10/site-packages/py_srvcli/client_member_function.py to client_member_function.cpython-310.pyc
[1.689s] running install_data
[1.690s] running install_egg_info
[1.692s] removing '/home/vboxuser/hw4_ws/install/py_srvcli/lib/python3.10/site-packages/py_srvcli-0.0.0-py3.10.egg-info' (and everything under it)
[1.692s] Copying ../../build/py_srvcli/py_srvcli.egg-info to /home/vboxuser/hw4_ws/install/py_srvcli/lib/python3.10/site-packages/py_srvcli-0.0.0-py3.10.egg-info
[1.693s] running install_scripts
[1.721s] Installing client script to /home/vboxuser/hw4_ws/install/py_srvcli/lib/py_srvcli
[1.722s] Installing service script to /home/vboxuser/hw4_ws/install/py_srvcli/lib/py_srvcli
[1.722s] writing list of installed files to '/home/vboxuser/hw4_ws/build/py_srvcli/install.log'
[1.748s] Invoked command in '/home/vboxuser/hw4_ws/src/py_srvcli' returned '0': PYTHONPATH=/home/vboxuser/hw4_ws/build/py_srvcli/prefix_override:/home/vboxuser/hw4_ws/install/py_srvcli/lib/python3.10/site-packages:${PYTHONPATH} /usr/bin/python3 setup.py egg_info --egg-base ../../build/py_srvcli build --build-base /home/vboxuser/hw4_ws/build/py_srvcli/build install --record /home/vboxuser/hw4_ws/build/py_srvcli/install.log --single-version-externally-managed
