[1.661s] Invoking command in '/home/vboxuser/hw5_ws/src/turtle_run': AMENT_PREFIX_PATH=/home/vboxuser/hw5_ws/src/install/my_interfaces:${AMENT_PREFIX_PATH} CMAKE_PREFIX_PATH=/home/vboxuser/hw5_ws/src/install/my_interfaces:${CMAKE_PREFIX_PATH} LD_LIBRARY_PATH=/home/vboxuser/hw5_ws/src/install/my_interfaces/lib:${LD_LIBRARY_PATH} PYTHONPATH=/home/vboxuser/hw5_ws/src/build/turtle_run/prefix_override:/home/vboxuser/hw5_ws/src/install/turtle_run/lib/python3.10/site-packages:/home/vboxuser/hw5_ws/src/install/my_interfaces/local/lib/python3.10/dist-packages:${PYTHONPATH} /usr/bin/python3 setup.py egg_info --egg-base ../build/turtle_run build --build-base /home/vboxuser/hw5_ws/src/build/turtle_run/build install --record /home/vboxuser/hw5_ws/src/build/turtle_run/install.log --single-version-externally-managed
[2.136s] running egg_info
[2.141s] writing ../build/turtle_run/turtle_run.egg-info/PKG-INFO
[2.149s]   File "/home/vboxuser/hw5_ws/src/install/turtle_run/lib/python3.10/site-packages/turtle_run/turtle_run_server.py", line 94
[2.149s]     def is_pose_in_checkpoint(checkpoint, point:Pose)
[2.150s]                                                      ^
[2.150s] SyntaxError: expected ':'
[2.150s] 
[2.150s] writing dependency_links to ../build/turtle_run/turtle_run.egg-info/dependency_links.txt
[2.150s] writing entry points to ../build/turtle_run/turtle_run.egg-info/entry_points.txt
[2.150s] writing requirements to ../build/turtle_run/turtle_run.egg-info/requires.txt
[2.150s] writing top-level names to ../build/turtle_run/turtle_run.egg-info/top_level.txt
[2.150s] reading manifest file '../build/turtle_run/turtle_run.egg-info/SOURCES.txt'
[2.150s] writing manifest file '../build/turtle_run/turtle_run.egg-info/SOURCES.txt'
[2.150s] running build
[2.150s] running build_py
[2.151s] copying turtle_run/turtle_run_server.py -> /home/vboxuser/hw5_ws/src/build/turtle_run/build/lib/turtle_run
[2.151s] running install
[2.151s] running install_lib
[2.151s] copying /home/vboxuser/hw5_ws/src/build/turtle_run/build/lib/turtle_run/turtle_run_server.py -> /home/vboxuser/hw5_ws/src/install/turtle_run/lib/python3.10/site-packages/turtle_run
[2.151s] byte-compiling /home/vboxuser/hw5_ws/src/install/turtle_run/lib/python3.10/site-packages/turtle_run/turtle_run_server.py to turtle_run_server.cpython-310.pyc
[2.151s] running install_data
[2.151s] running install_egg_info
[2.161s] removing '/home/vboxuser/hw5_ws/src/install/turtle_run/lib/python3.10/site-packages/turtle_run-0.0.0-py3.10.egg-info' (and everything under it)
[2.161s] Copying ../build/turtle_run/turtle_run.egg-info to /home/vboxuser/hw5_ws/src/install/turtle_run/lib/python3.10/site-packages/turtle_run-0.0.0-py3.10.egg-info
[2.161s] running install_scripts
[2.186s] Installing turtle_run_server script to /home/vboxuser/hw5_ws/src/install/turtle_run/lib/turtle_run
[2.187s] writing list of installed files to '/home/vboxuser/hw5_ws/src/build/turtle_run/install.log'
[2.235s] Invoked command in '/home/vboxuser/hw5_ws/src/turtle_run' returned '0': AMENT_PREFIX_PATH=/home/vboxuser/hw5_ws/src/install/my_interfaces:${AMENT_PREFIX_PATH} CMAKE_PREFIX_PATH=/home/vboxuser/hw5_ws/src/install/my_interfaces:${CMAKE_PREFIX_PATH} LD_LIBRARY_PATH=/home/vboxuser/hw5_ws/src/install/my_interfaces/lib:${LD_LIBRARY_PATH} PYTHONPATH=/home/vboxuser/hw5_ws/src/build/turtle_run/prefix_override:/home/vboxuser/hw5_ws/src/install/turtle_run/lib/python3.10/site-packages:/home/vboxuser/hw5_ws/src/install/my_interfaces/local/lib/python3.10/dist-packages:${PYTHONPATH} /usr/bin/python3 setup.py egg_info --egg-base ../build/turtle_run build --build-base /home/vboxuser/hw5_ws/src/build/turtle_run/build install --record /home/vboxuser/hw5_ws/src/build/turtle_run/install.log --single-version-externally-managed
