[0.098s] Invoking command in '/home/vboxuser/hw4_ws/build/custom_interfaces': CMAKE_PREFIX_PATH=${CMAKE_PREFIX_PATH}:/home/vboxuser/hw4_ws/install/py_srvcli:/home/vboxuser/hw4_ws/install/calculator:/opt/ros/humble /usr/bin/cmake /home/vboxuser/hw4_ws/src/custom_interfaces -DCMAKE_INSTALL_PREFIX=/home/vboxuser/hw4_ws/install/custom_interfaces
[0.505s] -- The C compiler identification is GNU 11.4.0
[0.806s] -- The CXX compiler identification is GNU 11.4.0
[0.858s] -- Detecting C compiler ABI info
[0.992s] -- Detecting C compiler ABI info - done
[1.008s] -- Check for working C compiler: /usr/bin/cc - skipped
[1.009s] -- Detecting C compile features
[1.017s] -- Detecting C compile features - done
[1.021s] -- Detecting CXX compiler ABI info
[1.142s] -- Detecting CXX compiler ABI info - done
[1.156s] -- Check for working CXX compiler: /usr/bin/c++ - skipped
[1.156s] -- Detecting CXX compile features
[1.156s] -- Detecting CXX compile features - done
[1.174s] -- Found ament_cmake: 1.3.6 (/opt/ros/humble/share/ament_cmake/cmake)
[1.476s] -- Found Python3: /usr/bin/python3.10 (found version "3.10.12") found components: Interpreter 
[1.694s] -- Found ament_lint_auto: 0.12.9 (/opt/ros/humble/share/ament_lint_auto/cmake)
[1.833s] -- Added test 'lint_cmake' to check CMake code style
[1.835s] -- Added test 'xmllint' to check XML markup files
[1.839s] -- Configuring done
[1.841s] -- Generating done
[1.843s] -- Build files have been written to: /home/vboxuser/hw4_ws/build/custom_interfaces
[2.440s] Invoked command in '/home/vboxuser/hw4_ws/build/custom_interfaces' returned '0': CMAKE_PREFIX_PATH=${CMAKE_PREFIX_PATH}:/home/vboxuser/hw4_ws/install/py_srvcli:/home/vboxuser/hw4_ws/install/calculator:/opt/ros/humble /usr/bin/cmake /home/vboxuser/hw4_ws/src/custom_interfaces -DCMAKE_INSTALL_PREFIX=/home/vboxuser/hw4_ws/install/custom_interfaces
[2.441s] Invoking command in '/home/vboxuser/hw4_ws/build/custom_interfaces': CMAKE_PREFIX_PATH=${CMAKE_PREFIX_PATH}:/home/vboxuser/hw4_ws/install/py_srvcli:/home/vboxuser/hw4_ws/install/calculator:/opt/ros/humble /usr/bin/cmake --build /home/vboxuser/hw4_ws/build/custom_interfaces -- -j6 -l6
[2.499s] Invoked command in '/home/vboxuser/hw4_ws/build/custom_interfaces' returned '0': CMAKE_PREFIX_PATH=${CMAKE_PREFIX_PATH}:/home/vboxuser/hw4_ws/install/py_srvcli:/home/vboxuser/hw4_ws/install/calculator:/opt/ros/humble /usr/bin/cmake --build /home/vboxuser/hw4_ws/build/custom_interfaces -- -j6 -l6
[2.529s] Invoking command in '/home/vboxuser/hw4_ws/build/custom_interfaces': CMAKE_PREFIX_PATH=${CMAKE_PREFIX_PATH}:/home/vboxuser/hw4_ws/install/py_srvcli:/home/vboxuser/hw4_ws/install/calculator:/opt/ros/humble /usr/bin/cmake --install /home/vboxuser/hw4_ws/build/custom_interfaces
[2.537s] -- Install configuration: ""
[2.537s] -- Installing: /home/vboxuser/hw4_ws/install/custom_interfaces/share/ament_index/resource_index/package_run_dependencies/custom_interfaces
[2.538s] -- Installing: /home/vboxuser/hw4_ws/install/custom_interfaces/share/ament_index/resource_index/parent_prefix_path/custom_interfaces
[2.538s] -- Installing: /home/vboxuser/hw4_ws/install/custom_interfaces/share/custom_interfaces/environment/ament_prefix_path.sh
[2.538s] -- Installing: /home/vboxuser/hw4_ws/install/custom_interfaces/share/custom_interfaces/environment/ament_prefix_path.dsv
[2.538s] -- Installing: /home/vboxuser/hw4_ws/install/custom_interfaces/share/custom_interfaces/environment/path.sh
[2.538s] -- Installing: /home/vboxuser/hw4_ws/install/custom_interfaces/share/custom_interfaces/environment/path.dsv
[2.539s] -- Installing: /home/vboxuser/hw4_ws/install/custom_interfaces/share/custom_interfaces/local_setup.bash
[2.539s] -- Installing: /home/vboxuser/hw4_ws/install/custom_interfaces/share/custom_interfaces/local_setup.sh
[2.539s] -- Installing: /home/vboxuser/hw4_ws/install/custom_interfaces/share/custom_interfaces/local_setup.zsh
[2.539s] -- Installing: /home/vboxuser/hw4_ws/install/custom_interfaces/share/custom_interfaces/local_setup.dsv
[2.539s] -- Installing: /home/vboxuser/hw4_ws/install/custom_interfaces/share/custom_interfaces/package.dsv
[2.540s] -- Installing: /home/vboxuser/hw4_ws/install/custom_interfaces/share/ament_index/resource_index/packages/custom_interfaces
[2.540s] -- Installing: /home/vboxuser/hw4_ws/install/custom_interfaces/share/custom_interfaces/cmake/custom_interfacesConfig.cmake
[2.540s] -- Installing: /home/vboxuser/hw4_ws/install/custom_interfaces/share/custom_interfaces/cmake/custom_interfacesConfig-version.cmake
[2.540s] -- Installing: /home/vboxuser/hw4_ws/install/custom_interfaces/share/custom_interfaces/package.xml
[2.542s] Invoked command in '/home/vboxuser/hw4_ws/build/custom_interfaces' returned '0': CMAKE_PREFIX_PATH=${CMAKE_PREFIX_PATH}:/home/vboxuser/hw4_ws/install/py_srvcli:/home/vboxuser/hw4_ws/install/calculator:/opt/ros/humble /usr/bin/cmake --install /home/vboxuser/hw4_ws/build/custom_interfaces
