[0.111s] Invoking command in '/home/vboxuser/hw4_ws/build/custom_interfaces': CMAKE_PREFIX_PATH=${CMAKE_PREFIX_PATH}:/home/vboxuser/hw4_ws/install/py_srvcli:/home/vboxuser/hw4_ws/install/calculator:/opt/ros/humble /usr/bin/cmake --build /home/vboxuser/hw4_ws/build/custom_interfaces -- -j6 -l6
[0.186s] [  9%] Built target custom_interfaces__rosidl_generator_c
[0.192s] [ 12%] Built target custom_interfaces__cpp
[0.214s] [ 22%] Built target custom_interfaces__rosidl_typesupport_introspection_c
[0.228s] [ 22%] Built target ament_cmake_python_copy_custom_interfaces
[0.234s] [ 32%] Built target custom_interfaces__rosidl_typesupport_fastrtps_c
[0.248s] [ 41%] Built target custom_interfaces__rosidl_typesupport_introspection_cpp
[0.248s] [ 51%] Built target custom_interfaces__rosidl_typesupport_cpp
[0.248s] [ 61%] Built target custom_interfaces__rosidl_typesupport_c
[0.278s] [ 70%] Built target custom_interfaces__rosidl_typesupport_fastrtps_cpp
[0.300s] [ 70%] Built target custom_interfaces
[0.322s] [ 74%] Built target custom_interfaces__py
[0.369s] [ 80%] Built target custom_interfaces__rosidl_generator_py
[0.395s] [ 87%] Built target custom_interfaces__rosidl_typesupport_c__pyext
[0.395s] [100%] Built target custom_interfaces__rosidl_typesupport_fastrtps_c__pyext
[0.395s] [100%] Built target custom_interfaces__rosidl_typesupport_introspection_c__pyext
[0.664s] running egg_info
[0.665s] writing custom_interfaces.egg-info/PKG-INFO
[0.666s] writing dependency_links to custom_interfaces.egg-info/dependency_links.txt
[0.666s] writing top-level names to custom_interfaces.egg-info/top_level.txt
[0.677s] reading manifest file 'custom_interfaces.egg-info/SOURCES.txt'
[0.677s] writing manifest file 'custom_interfaces.egg-info/SOURCES.txt'
[0.715s] [100%] Built target ament_cmake_python_build_custom_interfaces_egg
[0.730s] Invoked command in '/home/vboxuser/hw4_ws/build/custom_interfaces' returned '0': CMAKE_PREFIX_PATH=${CMAKE_PREFIX_PATH}:/home/vboxuser/hw4_ws/install/py_srvcli:/home/vboxuser/hw4_ws/install/calculator:/opt/ros/humble /usr/bin/cmake --build /home/vboxuser/hw4_ws/build/custom_interfaces -- -j6 -l6
[0.827s] Invoking command in '/home/vboxuser/hw4_ws/build/custom_interfaces': CMAKE_PREFIX_PATH=${CMAKE_PREFIX_PATH}:/home/vboxuser/hw4_ws/install/py_srvcli:/home/vboxuser/hw4_ws/install/calculator:/opt/ros/humble /usr/bin/cmake --install /home/vboxuser/hw4_ws/build/custom_interfaces
[0.835s] -- Install configuration: ""
[0.836s] -- Up-to-date: /home/vboxuser/hw4_ws/install/custom_interfaces/share/ament_index/resource_index/rosidl_interfaces/custom_interfaces
[0.836s] -- Up-to-date: /home/vboxuser/hw4_ws/install/custom_interfaces/include/custom_interfaces/custom_interfaces
[0.836s] -- Up-to-date: /home/vboxuser/hw4_ws/install/custom_interfaces/include/custom_interfaces/custom_interfaces/msg
[0.836s] -- Up-to-date: /home/vboxuser/hw4_ws/install/custom_interfaces/include/custom_interfaces/custom_interfaces/msg/rosidl_generator_c__visibility_control.h
[0.836s] -- Up-to-date: /home/vboxuser/hw4_ws/install/custom_interfaces/include/custom_interfaces/custom_interfaces/srv
[0.836s] -- Up-to-date: /home/vboxuser/hw4_ws/install/custom_interfaces/include/custom_interfaces/custom_interfaces/srv/detail
[0.836s] -- Up-to-date: /home/vboxuser/hw4_ws/install/custom_interfaces/include/custom_interfaces/custom_interfaces/srv/detail/two_int_calc__functions.h
[0.837s] -- Up-to-date: /home/vboxuser/hw4_ws/install/custom_interfaces/include/custom_interfaces/custom_interfaces/srv/detail/two_int_calc__struct.h
[0.837s] -- Up-to-date: /home/vboxuser/hw4_ws/install/custom_interfaces/include/custom_interfaces/custom_interfaces/srv/detail/two_int_calc__type_support.h
[0.837s] -- Up-to-date: /home/vboxuser/hw4_ws/install/custom_interfaces/include/custom_interfaces/custom_interfaces/srv/detail/two_int_calc__functions.c
[0.837s] -- Up-to-date: /home/vboxuser/hw4_ws/install/custom_interfaces/include/custom_interfaces/custom_interfaces/srv/two_int_calc.h
[0.837s] -- Up-to-date: /home/vboxuser/hw4_ws/install/custom_interfaces/share/custom_interfaces/environment/library_path.sh
[0.837s] -- Up-to-date: /home/vboxuser/hw4_ws/install/custom_interfaces/share/custom_interfaces/environment/library_path.dsv
[0.837s] -- Up-to-date: /home/vboxuser/hw4_ws/install/custom_interfaces/lib/libcustom_interfaces__rosidl_generator_c.so
[0.837s] -- Up-to-date: /home/vboxuser/hw4_ws/install/custom_interfaces/include/custom_interfaces/custom_interfaces
[0.837s] -- Up-to-date: /home/vboxuser/hw4_ws/install/custom_interfaces/include/custom_interfaces/custom_interfaces/msg
[0.837s] -- Up-to-date: /home/vboxuser/hw4_ws/install/custom_interfaces/include/custom_interfaces/custom_interfaces/msg/rosidl_typesupport_fastrtps_c__visibility_control.h
[0.838s] -- Up-to-date: /home/vboxuser/hw4_ws/install/custom_interfaces/include/custom_interfaces/custom_interfaces/srv
[0.838s] -- Up-to-date: /home/vboxuser/hw4_ws/install/custom_interfaces/include/custom_interfaces/custom_interfaces/srv/detail
[0.838s] -- Up-to-date: /home/vboxuser/hw4_ws/install/custom_interfaces/include/custom_interfaces/custom_interfaces/srv/detail/two_int_calc__rosidl_typesupport_fastrtps_c.h
[0.838s] -- Up-to-date: /home/vboxuser/hw4_ws/install/custom_interfaces/lib/libcustom_interfaces__rosidl_typesupport_fastrtps_c.so
[0.838s] -- Up-to-date: /home/vboxuser/hw4_ws/install/custom_interfaces/include/custom_interfaces/custom_interfaces
[0.838s] -- Up-to-date: /home/vboxuser/hw4_ws/install/custom_interfaces/include/custom_interfaces/custom_interfaces/msg
[0.838s] -- Up-to-date: /home/vboxuser/hw4_ws/install/custom_interfaces/include/custom_interfaces/custom_interfaces/msg/rosidl_typesupport_introspection_c__visibility_control.h
[0.839s] -- Up-to-date: /home/vboxuser/hw4_ws/install/custom_interfaces/include/custom_interfaces/custom_interfaces/srv
[0.839s] -- Up-to-date: /home/vboxuser/hw4_ws/install/custom_interfaces/include/custom_interfaces/custom_interfaces/srv/detail
[0.839s] -- Up-to-date: /home/vboxuser/hw4_ws/install/custom_interfaces/include/custom_interfaces/custom_interfaces/srv/detail/two_int_calc__type_support.c
[0.839s] -- Up-to-date: /home/vboxuser/hw4_ws/install/custom_interfaces/include/custom_interfaces/custom_interfaces/srv/detail/two_int_calc__rosidl_typesupport_introspection_c.h
[0.839s] -- Up-to-date: /home/vboxuser/hw4_ws/install/custom_interfaces/lib/libcustom_interfaces__rosidl_typesupport_introspection_c.so
[0.839s] -- Up-to-date: /home/vboxuser/hw4_ws/install/custom_interfaces/lib/libcustom_interfaces__rosidl_typesupport_c.so
[0.839s] -- Up-to-date: /home/vboxuser/hw4_ws/install/custom_interfaces/include/custom_interfaces/custom_interfaces
[0.840s] -- Up-to-date: /home/vboxuser/hw4_ws/install/custom_interfaces/include/custom_interfaces/custom_interfaces/srv
[0.840s] -- Up-to-date: /home/vboxuser/hw4_ws/install/custom_interfaces/include/custom_interfaces/custom_interfaces/srv/detail
[0.840s] -- Up-to-date: /home/vboxuser/hw4_ws/install/custom_interfaces/include/custom_interfaces/custom_interfaces/srv/detail/two_int_calc__traits.hpp
[0.840s] -- Up-to-date: /home/vboxuser/hw4_ws/install/custom_interfaces/include/custom_interfaces/custom_interfaces/srv/detail/two_int_calc__struct.hpp
[0.840s] -- Up-to-date: /home/vboxuser/hw4_ws/install/custom_interfaces/include/custom_interfaces/custom_interfaces/srv/detail/two_int_calc__builder.hpp
[0.840s] -- Up-to-date: /home/vboxuser/hw4_ws/install/custom_interfaces/include/custom_interfaces/custom_interfaces/srv/two_int_calc.hpp
[0.841s] -- Up-to-date: /home/vboxuser/hw4_ws/install/custom_interfaces/include/custom_interfaces/custom_interfaces
[0.841s] -- Up-to-date: /home/vboxuser/hw4_ws/install/custom_interfaces/include/custom_interfaces/custom_interfaces/msg
[0.841s] -- Up-to-date: /home/vboxuser/hw4_ws/install/custom_interfaces/include/custom_interfaces/custom_interfaces/msg/rosidl_typesupport_fastrtps_cpp__visibility_control.h
[0.841s] -- Up-to-date: /home/vboxuser/hw4_ws/install/custom_interfaces/include/custom_interfaces/custom_interfaces/srv
[0.841s] -- Up-to-date: /home/vboxuser/hw4_ws/install/custom_interfaces/include/custom_interfaces/custom_interfaces/srv/detail
[0.841s] -- Up-to-date: /home/vboxuser/hw4_ws/install/custom_interfaces/include/custom_interfaces/custom_interfaces/srv/detail/two_int_calc__rosidl_typesupport_fastrtps_cpp.hpp
[0.842s] -- Up-to-date: /home/vboxuser/hw4_ws/install/custom_interfaces/include/custom_interfaces/custom_interfaces/srv/detail/dds_fastrtps
[0.842s] -- Up-to-date: /home/vboxuser/hw4_ws/install/custom_interfaces/lib/libcustom_interfaces__rosidl_typesupport_fastrtps_cpp.so
[0.842s] -- Up-to-date: /home/vboxuser/hw4_ws/install/custom_interfaces/include/custom_interfaces/custom_interfaces
[0.842s] -- Up-to-date: /home/vboxuser/hw4_ws/install/custom_interfaces/include/custom_interfaces/custom_interfaces/srv
[0.842s] -- Up-to-date: /home/vboxuser/hw4_ws/install/custom_interfaces/include/custom_interfaces/custom_interfaces/srv/detail
[0.842s] -- Up-to-date: /home/vboxuser/hw4_ws/install/custom_interfaces/include/custom_interfaces/custom_interfaces/srv/detail/two_int_calc__type_support.cpp
[0.842s] -- Up-to-date: /home/vboxuser/hw4_ws/install/custom_interfaces/include/custom_interfaces/custom_interfaces/srv/detail/two_int_calc__rosidl_typesupport_introspection_cpp.hpp
[0.843s] -- Up-to-date: /home/vboxuser/hw4_ws/install/custom_interfaces/lib/libcustom_interfaces__rosidl_typesupport_introspection_cpp.so
[0.843s] -- Up-to-date: /home/vboxuser/hw4_ws/install/custom_interfaces/lib/libcustom_interfaces__rosidl_typesupport_cpp.so
[0.843s] -- Up-to-date: /home/vboxuser/hw4_ws/install/custom_interfaces/share/custom_interfaces/environment/pythonpath.sh
[0.843s] -- Up-to-date: /home/vboxuser/hw4_ws/install/custom_interfaces/share/custom_interfaces/environment/pythonpath.dsv
[0.843s] -- Up-to-date: /home/vboxuser/hw4_ws/install/custom_interfaces/local/lib/python3.10/dist-packages/custom_interfaces-0.0.0-py3.10.egg-info
[0.843s] -- Installing: /home/vboxuser/hw4_ws/install/custom_interfaces/local/lib/python3.10/dist-packages/custom_interfaces-0.0.0-py3.10.egg-info/top_level.txt
[0.844s] -- Installing: /home/vboxuser/hw4_ws/install/custom_interfaces/local/lib/python3.10/dist-packages/custom_interfaces-0.0.0-py3.10.egg-info/dependency_links.txt
[0.844s] -- Installing: /home/vboxuser/hw4_ws/install/custom_interfaces/local/lib/python3.10/dist-packages/custom_interfaces-0.0.0-py3.10.egg-info/SOURCES.txt
[0.844s] -- Installing: /home/vboxuser/hw4_ws/install/custom_interfaces/local/lib/python3.10/dist-packages/custom_interfaces-0.0.0-py3.10.egg-info/PKG-INFO
[0.845s] -- Up-to-date: /home/vboxuser/hw4_ws/install/custom_interfaces/local/lib/python3.10/dist-packages/custom_interfaces
[0.845s] -- Up-to-date: /home/vboxuser/hw4_ws/install/custom_interfaces/local/lib/python3.10/dist-packages/custom_interfaces/custom_interfaces_s__rosidl_typesupport_introspection_c.cpython-310-x86_64-linux-gnu.so
[0.846s] -- Up-to-date: /home/vboxuser/hw4_ws/install/custom_interfaces/local/lib/python3.10/dist-packages/custom_interfaces/libcustom_interfaces__rosidl_generator_py.so
[0.846s] -- Up-to-date: /home/vboxuser/hw4_ws/install/custom_interfaces/local/lib/python3.10/dist-packages/custom_interfaces/__init__.py
[0.846s] -- Up-to-date: /home/vboxuser/hw4_ws/install/custom_interfaces/local/lib/python3.10/dist-packages/custom_interfaces/_custom_interfaces_s.ep.rosidl_typesupport_introspection_c.c
[0.846s] -- Up-to-date: /home/vboxuser/hw4_ws/install/custom_interfaces/local/lib/python3.10/dist-packages/custom_interfaces/custom_interfaces_s__rosidl_typesupport_c.cpython-310-x86_64-linux-gnu.so
[0.846s] -- Up-to-date: /home/vboxuser/hw4_ws/install/custom_interfaces/local/lib/python3.10/dist-packages/custom_interfaces/srv
[0.846s] -- Up-to-date: /home/vboxuser/hw4_ws/install/custom_interfaces/local/lib/python3.10/dist-packages/custom_interfaces/srv/__init__.py
[0.846s] -- Up-to-date: /home/vboxuser/hw4_ws/install/custom_interfaces/local/lib/python3.10/dist-packages/custom_interfaces/srv/_two_int_calc.py
[0.846s] -- Up-to-date: /home/vboxuser/hw4_ws/install/custom_interfaces/local/lib/python3.10/dist-packages/custom_interfaces/srv/_two_int_calc_s.c
[0.846s] -- Up-to-date: /home/vboxuser/hw4_ws/install/custom_interfaces/local/lib/python3.10/dist-packages/custom_interfaces/custom_interfaces_s__rosidl_typesupport_fastrtps_c.cpython-310-x86_64-linux-gnu.so
[0.847s] -- Up-to-date: /home/vboxuser/hw4_ws/install/custom_interfaces/local/lib/python3.10/dist-packages/custom_interfaces/_custom_interfaces_s.ep.rosidl_typesupport_fastrtps_c.c
[0.847s] -- Up-to-date: /home/vboxuser/hw4_ws/install/custom_interfaces/local/lib/python3.10/dist-packages/custom_interfaces/_custom_interfaces_s.ep.rosidl_typesupport_c.c
[0.896s] Listing '/home/vboxuser/hw4_ws/install/custom_interfaces/local/lib/python3.10/dist-packages/custom_interfaces'...
[0.896s] Listing '/home/vboxuser/hw4_ws/install/custom_interfaces/local/lib/python3.10/dist-packages/custom_interfaces/srv'...
[0.901s] -- Up-to-date: /home/vboxuser/hw4_ws/install/custom_interfaces/local/lib/python3.10/dist-packages/custom_interfaces/custom_interfaces_s__rosidl_typesupport_fastrtps_c.cpython-310-x86_64-linux-gnu.so
[0.901s] -- Up-to-date: /home/vboxuser/hw4_ws/install/custom_interfaces/local/lib/python3.10/dist-packages/custom_interfaces/custom_interfaces_s__rosidl_typesupport_introspection_c.cpython-310-x86_64-linux-gnu.so
[0.902s] -- Up-to-date: /home/vboxuser/hw4_ws/install/custom_interfaces/local/lib/python3.10/dist-packages/custom_interfaces/custom_interfaces_s__rosidl_typesupport_c.cpython-310-x86_64-linux-gnu.so
[0.902s] -- Up-to-date: /home/vboxuser/hw4_ws/install/custom_interfaces/lib/libcustom_interfaces__rosidl_generator_py.so
[0.902s] -- Up-to-date: /home/vboxuser/hw4_ws/install/custom_interfaces/share/custom_interfaces/srv/TwoIntCalc.idl
[0.902s] -- Up-to-date: /home/vboxuser/hw4_ws/install/custom_interfaces/share/custom_interfaces/srv/TwoIntCalc.srv
[0.903s] -- Up-to-date: /home/vboxuser/hw4_ws/install/custom_interfaces/share/custom_interfaces/srv/TwoIntCalc_Request.msg
[0.903s] -- Up-to-date: /home/vboxuser/hw4_ws/install/custom_interfaces/share/custom_interfaces/srv/TwoIntCalc_Response.msg
[0.903s] -- Up-to-date: /home/vboxuser/hw4_ws/install/custom_interfaces/share/ament_index/resource_index/package_run_dependencies/custom_interfaces
[0.903s] -- Up-to-date: /home/vboxuser/hw4_ws/install/custom_interfaces/share/ament_index/resource_index/parent_prefix_path/custom_interfaces
[0.903s] -- Up-to-date: /home/vboxuser/hw4_ws/install/custom_interfaces/share/custom_interfaces/environment/ament_prefix_path.sh
[0.903s] -- Up-to-date: /home/vboxuser/hw4_ws/install/custom_interfaces/share/custom_interfaces/environment/ament_prefix_path.dsv
[0.903s] -- Up-to-date: /home/vboxuser/hw4_ws/install/custom_interfaces/share/custom_interfaces/environment/path.sh
[0.903s] -- Up-to-date: /home/vboxuser/hw4_ws/install/custom_interfaces/share/custom_interfaces/environment/path.dsv
[0.904s] -- Up-to-date: /home/vboxuser/hw4_ws/install/custom_interfaces/share/custom_interfaces/local_setup.bash
[0.904s] -- Up-to-date: /home/vboxuser/hw4_ws/install/custom_interfaces/share/custom_interfaces/local_setup.sh
[0.904s] -- Up-to-date: /home/vboxuser/hw4_ws/install/custom_interfaces/share/custom_interfaces/local_setup.zsh
[0.904s] -- Up-to-date: /home/vboxuser/hw4_ws/install/custom_interfaces/share/custom_interfaces/local_setup.dsv
[0.904s] -- Installing: /home/vboxuser/hw4_ws/install/custom_interfaces/share/custom_interfaces/package.dsv
[0.905s] -- Up-to-date: /home/vboxuser/hw4_ws/install/custom_interfaces/share/ament_index/resource_index/packages/custom_interfaces
[0.905s] -- Up-to-date: /home/vboxuser/hw4_ws/install/custom_interfaces/share/custom_interfaces/cmake/export_custom_interfaces__rosidl_generator_cExport.cmake
[0.905s] -- Up-to-date: /home/vboxuser/hw4_ws/install/custom_interfaces/share/custom_interfaces/cmake/export_custom_interfaces__rosidl_generator_cExport-noconfig.cmake
[0.905s] -- Up-to-date: /home/vboxuser/hw4_ws/install/custom_interfaces/share/custom_interfaces/cmake/export_custom_interfaces__rosidl_typesupport_fastrtps_cExport.cmake
[0.905s] -- Up-to-date: /home/vboxuser/hw4_ws/install/custom_interfaces/share/custom_interfaces/cmake/export_custom_interfaces__rosidl_typesupport_fastrtps_cExport-noconfig.cmake
[0.906s] -- Up-to-date: /home/vboxuser/hw4_ws/install/custom_interfaces/share/custom_interfaces/cmake/custom_interfaces__rosidl_typesupport_introspection_cExport.cmake
[0.906s] -- Up-to-date: /home/vboxuser/hw4_ws/install/custom_interfaces/share/custom_interfaces/cmake/custom_interfaces__rosidl_typesupport_introspection_cExport-noconfig.cmake
[0.906s] -- Up-to-date: /home/vboxuser/hw4_ws/install/custom_interfaces/share/custom_interfaces/cmake/custom_interfaces__rosidl_typesupport_cExport.cmake
[0.906s] -- Up-to-date: /home/vboxuser/hw4_ws/install/custom_interfaces/share/custom_interfaces/cmake/custom_interfaces__rosidl_typesupport_cExport-noconfig.cmake
[0.906s] -- Up-to-date: /home/vboxuser/hw4_ws/install/custom_interfaces/share/custom_interfaces/cmake/export_custom_interfaces__rosidl_generator_cppExport.cmake
[0.907s] -- Up-to-date: /home/vboxuser/hw4_ws/install/custom_interfaces/share/custom_interfaces/cmake/export_custom_interfaces__rosidl_typesupport_fastrtps_cppExport.cmake
[0.907s] -- Up-to-date: /home/vboxuser/hw4_ws/install/custom_interfaces/share/custom_interfaces/cmake/export_custom_interfaces__rosidl_typesupport_fastrtps_cppExport-noconfig.cmake
[0.907s] -- Up-to-date: /home/vboxuser/hw4_ws/install/custom_interfaces/share/custom_interfaces/cmake/custom_interfaces__rosidl_typesupport_introspection_cppExport.cmake
[0.907s] -- Up-to-date: /home/vboxuser/hw4_ws/install/custom_interfaces/share/custom_interfaces/cmake/custom_interfaces__rosidl_typesupport_introspection_cppExport-noconfig.cmake
[0.908s] -- Up-to-date: /home/vboxuser/hw4_ws/install/custom_interfaces/share/custom_interfaces/cmake/custom_interfaces__rosidl_typesupport_cppExport.cmake
[0.908s] -- Up-to-date: /home/vboxuser/hw4_ws/install/custom_interfaces/share/custom_interfaces/cmake/custom_interfaces__rosidl_typesupport_cppExport-noconfig.cmake
[0.908s] -- Up-to-date: /home/vboxuser/hw4_ws/install/custom_interfaces/share/custom_interfaces/cmake/export_custom_interfaces__rosidl_generator_pyExport.cmake
[0.909s] -- Up-to-date: /home/vboxuser/hw4_ws/install/custom_interfaces/share/custom_interfaces/cmake/export_custom_interfaces__rosidl_generator_pyExport-noconfig.cmake
[0.909s] -- Up-to-date: /home/vboxuser/hw4_ws/install/custom_interfaces/share/custom_interfaces/cmake/rosidl_cmake-extras.cmake
[0.909s] -- Up-to-date: /home/vboxuser/hw4_ws/install/custom_interfaces/share/custom_interfaces/cmake/ament_cmake_export_include_directories-extras.cmake
[0.909s] -- Up-to-date: /home/vboxuser/hw4_ws/install/custom_interfaces/share/custom_interfaces/cmake/ament_cmake_export_libraries-extras.cmake
[0.909s] -- Up-to-date: /home/vboxuser/hw4_ws/install/custom_interfaces/share/custom_interfaces/cmake/ament_cmake_export_targets-extras.cmake
[0.909s] -- Up-to-date: /home/vboxuser/hw4_ws/install/custom_interfaces/share/custom_interfaces/cmake/rosidl_cmake_export_typesupport_targets-extras.cmake
[0.910s] -- Up-to-date: /home/vboxuser/hw4_ws/install/custom_interfaces/share/custom_interfaces/cmake/ament_cmake_export_dependencies-extras.cmake
[0.910s] -- Up-to-date: /home/vboxuser/hw4_ws/install/custom_interfaces/share/custom_interfaces/cmake/rosidl_cmake_export_typesupport_libraries-extras.cmake
[0.910s] -- Up-to-date: /home/vboxuser/hw4_ws/install/custom_interfaces/share/custom_interfaces/cmake/custom_interfacesConfig.cmake
[0.914s] -- Up-to-date: /home/vboxuser/hw4_ws/install/custom_interfaces/share/custom_interfaces/cmake/custom_interfacesConfig-version.cmake
[0.915s] -- Up-to-date: /home/vboxuser/hw4_ws/install/custom_interfaces/share/custom_interfaces/package.xml
[0.919s] Invoked command in '/home/vboxuser/hw4_ws/build/custom_interfaces' returned '0': CMAKE_PREFIX_PATH=${CMAKE_PREFIX_PATH}:/home/vboxuser/hw4_ws/install/py_srvcli:/home/vboxuser/hw4_ws/install/calculator:/opt/ros/humble /usr/bin/cmake --install /home/vboxuser/hw4_ws/build/custom_interfaces
