[0.212s] Invoking command in '/home/vboxuser/ros2_ws/build/examples_rclcpp_minimal_composition': CMAKE_PREFIX_PATH=/home/vboxuser/HW3_ws/install/py_pubsub:/home/vboxuser/HW3_ws/install/Q1:/opt/ros/humble /usr/bin/cmake /home/vboxuser/ros2_ws/src/examples/rclcpp/composition/minimal_composition -DCMAKE_INSTALL_PREFIX=/home/vboxuser/ros2_ws/install/examples_rclcpp_minimal_composition
[3.234s] -- Found ament_cmake: 1.3.6 (/opt/ros/humble/share/ament_cmake/cmake)
[3.235s] -- Override CMake install command with custom implementation using symlinks instead of copying resources
[3.235s] -- Found rclcpp: 16.0.7 (/opt/ros/humble/share/rclcpp/cmake)
[3.235s] -- Found rosidl_generator_c: 3.1.5 (/opt/ros/humble/share/rosidl_generator_c/cmake)
[3.235s] -- Found rosidl_adapter: 3.1.5 (/opt/ros/humble/share/rosidl_adapter/cmake)
[3.235s] -- Found rosidl_generator_cpp: 3.1.5 (/opt/ros/humble/share/rosidl_generator_cpp/cmake)
[3.235s] -- Using all available rosidl_typesupport_c: rosidl_typesupport_fastrtps_c;rosidl_typesupport_introspection_c
[3.235s] -- Using all available rosidl_typesupport_cpp: rosidl_typesupport_fastrtps_cpp;rosidl_typesupport_introspection_cpp
[3.235s] -- Found rmw_implementation_cmake: 6.1.1 (/opt/ros/humble/share/rmw_implementation_cmake/cmake)
[3.235s] -- Found rmw_fastrtps_cpp: 6.2.5 (/opt/ros/humble/share/rmw_fastrtps_cpp/cmake)
[3.235s] -- Using RMW implementation 'rmw_fastrtps_cpp' as default
[3.235s] -- Found rclcpp_components: 16.0.7 (/opt/ros/humble/share/rclcpp_components/cmake)
[3.235s] -- Found ament_lint_auto: 0.12.9 (/opt/ros/humble/share/ament_lint_auto/cmake)
[3.269s] -- Added test 'copyright' to check source files copyright and LICENSE
[3.279s] -- Added test 'cppcheck' to perform static code analysis on C / C++ code
[3.280s] -- Configured cppcheck include dirs: /home/vboxuser/ros2_ws/src/examples/rclcpp/composition/minimal_composition/include
[3.281s] -- Configured cppcheck exclude dirs and/or files: 
[3.284s] -- Added test 'cpplint' to check C / C++ code against the Google style
[3.284s] -- Configured cpplint exclude dirs and/or files: 
[3.284s] -- Added test 'lint_cmake' to check CMake code style
[3.284s] -- Added test 'uncrustify' to check C / C++ code style
[3.284s] -- Configured uncrustify additional arguments: 
[3.284s] -- Added test 'xmllint' to check XML markup files
[3.294s] -- Configuring done
[3.396s] -- Generating done
[3.399s] -- Build files have been written to: /home/vboxuser/ros2_ws/build/examples_rclcpp_minimal_composition
[3.424s] Invoked command in '/home/vboxuser/ros2_ws/build/examples_rclcpp_minimal_composition' returned '0': CMAKE_PREFIX_PATH=/home/vboxuser/HW3_ws/install/py_pubsub:/home/vboxuser/HW3_ws/install/Q1:/opt/ros/humble /usr/bin/cmake /home/vboxuser/ros2_ws/src/examples/rclcpp/composition/minimal_composition -DCMAKE_INSTALL_PREFIX=/home/vboxuser/ros2_ws/install/examples_rclcpp_minimal_composition
[3.425s] Invoking command in '/home/vboxuser/ros2_ws/build/examples_rclcpp_minimal_composition': CMAKE_PREFIX_PATH=/home/vboxuser/HW3_ws/install/py_pubsub:/home/vboxuser/HW3_ws/install/Q1:/opt/ros/humble /usr/bin/cmake --build /home/vboxuser/ros2_ws/build/examples_rclcpp_minimal_composition -- -j6 -l6
[3.492s] [35m[1mConsolidate compiler generated dependencies of target composition_nodes[0m
[3.522s] [ 33%] Built target composition_nodes
[3.566s] [35m[1mConsolidate compiler generated dependencies of target composition_composed[0m
[3.566s] [35m[1mConsolidate compiler generated dependencies of target composition_subscriber[0m
[3.566s] [35m[1mConsolidate compiler generated dependencies of target composition_publisher[0m
[3.586s] [ 66%] Built target composition_composed
[3.586s] [ 77%] Built target composition_publisher
[3.587s] [100%] Built target composition_subscriber
[3.757s] Invoked command in '/home/vboxuser/ros2_ws/build/examples_rclcpp_minimal_composition' returned '0': CMAKE_PREFIX_PATH=/home/vboxuser/HW3_ws/install/py_pubsub:/home/vboxuser/HW3_ws/install/Q1:/opt/ros/humble /usr/bin/cmake --build /home/vboxuser/ros2_ws/build/examples_rclcpp_minimal_composition -- -j6 -l6
[4.405s] Invoking command in '/home/vboxuser/ros2_ws/build/examples_rclcpp_minimal_composition': CMAKE_PREFIX_PATH=/home/vboxuser/HW3_ws/install/py_pubsub:/home/vboxuser/HW3_ws/install/Q1:/opt/ros/humble /usr/bin/cmake --install /home/vboxuser/ros2_ws/build/examples_rclcpp_minimal_composition
[4.588s] -- Install configuration: ""
[4.588s] -- Execute custom install script
[4.588s] -- Up-to-date symlink: /home/vboxuser/ros2_ws/install/examples_rclcpp_minimal_composition/share/examples_rclcpp_minimal_composition/environment/library_path.sh
[4.588s] -- Up-to-date symlink: /home/vboxuser/ros2_ws/install/examples_rclcpp_minimal_composition/share/examples_rclcpp_minimal_composition/environment/library_path.dsv
[4.588s] -- Up-to-date symlink: /home/vboxuser/ros2_ws/install/examples_rclcpp_minimal_composition/lib/libcomposition_nodes.so
[4.588s] -- Up-to-date symlink: /home/vboxuser/ros2_ws/install/examples_rclcpp_minimal_composition/lib/examples_rclcpp_minimal_composition/composition_publisher
[4.589s] -- Up-to-date symlink: /home/vboxuser/ros2_ws/install/examples_rclcpp_minimal_composition/lib/examples_rclcpp_minimal_composition/composition_subscriber
[4.589s] -- Up-to-date symlink: /home/vboxuser/ros2_ws/install/examples_rclcpp_minimal_composition/lib/examples_rclcpp_minimal_composition/composition_composed
[4.589s] -- Up-to-date symlink: /home/vboxuser/ros2_ws/install/examples_rclcpp_minimal_composition/share/ament_index/resource_index/package_run_dependencies/examples_rclcpp_minimal_composition
[4.589s] -- Up-to-date symlink: /home/vboxuser/ros2_ws/install/examples_rclcpp_minimal_composition/share/ament_index/resource_index/parent_prefix_path/examples_rclcpp_minimal_composition
[4.589s] -- Up-to-date symlink: /home/vboxuser/ros2_ws/install/examples_rclcpp_minimal_composition/share/examples_rclcpp_minimal_composition/environment/ament_prefix_path.sh
[4.589s] -- Up-to-date symlink: /home/vboxuser/ros2_ws/install/examples_rclcpp_minimal_composition/share/examples_rclcpp_minimal_composition/environment/ament_prefix_path.dsv
[4.590s] -- Up-to-date symlink: /home/vboxuser/ros2_ws/install/examples_rclcpp_minimal_composition/share/examples_rclcpp_minimal_composition/environment/path.sh
[4.590s] -- Up-to-date symlink: /home/vboxuser/ros2_ws/install/examples_rclcpp_minimal_composition/share/examples_rclcpp_minimal_composition/environment/path.dsv
[4.590s] -- Up-to-date symlink: /home/vboxuser/ros2_ws/install/examples_rclcpp_minimal_composition/share/examples_rclcpp_minimal_composition/local_setup.bash
[4.590s] -- Up-to-date symlink: /home/vboxuser/ros2_ws/install/examples_rclcpp_minimal_composition/share/examples_rclcpp_minimal_composition/local_setup.sh
[4.591s] -- Up-to-date symlink: /home/vboxuser/ros2_ws/install/examples_rclcpp_minimal_composition/share/examples_rclcpp_minimal_composition/local_setup.zsh
[4.591s] -- Up-to-date symlink: /home/vboxuser/ros2_ws/install/examples_rclcpp_minimal_composition/share/examples_rclcpp_minimal_composition/local_setup.dsv
[4.591s] -- Symlinking: /home/vboxuser/ros2_ws/install/examples_rclcpp_minimal_composition/share/examples_rclcpp_minimal_composition/package.dsv
[4.591s] -- Up-to-date symlink: /home/vboxuser/ros2_ws/install/examples_rclcpp_minimal_composition/share/ament_index/resource_index/packages/examples_rclcpp_minimal_composition
[4.592s] -- Up-to-date symlink: /home/vboxuser/ros2_ws/install/examples_rclcpp_minimal_composition/share/examples_rclcpp_minimal_composition/cmake/examples_rclcpp_minimal_compositionConfig.cmake
[4.592s] -- Up-to-date symlink: /home/vboxuser/ros2_ws/install/examples_rclcpp_minimal_composition/share/examples_rclcpp_minimal_composition/cmake/examples_rclcpp_minimal_compositionConfig-version.cmake
[4.592s] -- Up-to-date symlink: /home/vboxuser/ros2_ws/install/examples_rclcpp_minimal_composition/share/examples_rclcpp_minimal_composition/package.xml
[4.870s] Invoked command in '/home/vboxuser/ros2_ws/build/examples_rclcpp_minimal_composition' returned '0': CMAKE_PREFIX_PATH=/home/vboxuser/HW3_ws/install/py_pubsub:/home/vboxuser/HW3_ws/install/Q1:/opt/ros/humble /usr/bin/cmake --install /home/vboxuser/ros2_ws/build/examples_rclcpp_minimal_composition
