[1.121s] Invoking command in '/home/vboxuser/hw4_ws/src/calculator': PYTHONPATH=/home/vboxuser/hw4_ws/build/calculator/prefix_override:/home/vboxuser/hw4_ws/install/calculator/lib/python3.10/site-packages:${PYTHONPATH} /usr/bin/python3 setup.py egg_info --egg-base ../../build/calculator build --build-base /home/vboxuser/hw4_ws/build/calculator/build install --record /home/vboxuser/hw4_ws/build/calculator/install.log --single-version-externally-managed
[1.497s] running egg_info
[1.498s] writing ../../build/calculator/calculator.egg-info/PKG-INFO
[1.499s] writing dependency_links to ../../build/calculator/calculator.egg-info/dependency_links.txt
[1.499s] writing entry points to ../../build/calculator/calculator.egg-info/entry_points.txt
[1.499s] writing requirements to ../../build/calculator/calculator.egg-info/requires.txt
[1.499s] writing top-level names to ../../build/calculator/calculator.egg-info/top_level.txt
[1.502s] reading manifest file '../../build/calculator/calculator.egg-info/SOURCES.txt'
[1.502s] adding license file 'LICENSE'
[1.503s] writing manifest file '../../build/calculator/calculator.egg-info/SOURCES.txt'
[1.503s] running build
[1.503s] running build_py
[1.504s] copying calculator/calculator2.py -> /home/vboxuser/hw4_ws/build/calculator/build/lib/calculator
[1.504s] running install
[1.504s] running install_lib
[1.505s] copying /home/vboxuser/hw4_ws/build/calculator/build/lib/calculator/calculator2.py -> /home/vboxuser/hw4_ws/install/calculator/lib/python3.10/site-packages/calculator
[1.506s] byte-compiling /home/vboxuser/hw4_ws/install/calculator/lib/python3.10/site-packages/calculator/calculator2.py to calculator2.cpython-310.pyc
[1.508s] running install_data
[1.508s] running install_egg_info
[1.510s] removing '/home/vboxuser/hw4_ws/install/calculator/lib/python3.10/site-packages/calculator-0.0.0-py3.10.egg-info' (and everything under it)
[1.517s] Copying ../../build/calculator/calculator.egg-info to /home/vboxuser/hw4_ws/install/calculator/lib/python3.10/site-packages/calculator-0.0.0-py3.10.egg-info
[1.517s] running install_scripts
[1.540s] Installing client script to /home/vboxuser/hw4_ws/install/calculator/lib/calculator
[1.540s] Installing service script to /home/vboxuser/hw4_ws/install/calculator/lib/calculator
[1.540s] writing list of installed files to '/home/vboxuser/hw4_ws/build/calculator/install.log'
[1.576s] Invoked command in '/home/vboxuser/hw4_ws/src/calculator' returned '0': PYTHONPATH=/home/vboxuser/hw4_ws/build/calculator/prefix_override:/home/vboxuser/hw4_ws/install/calculator/lib/python3.10/site-packages:${PYTHONPATH} /usr/bin/python3 setup.py egg_info --egg-base ../../build/calculator build --build-base /home/vboxuser/hw4_ws/build/calculator/build install --record /home/vboxuser/hw4_ws/build/calculator/install.log --single-version-externally-managed
