[0.679s] Invoking command in '/home/vboxuser/hw5_ws/build/my_interfaces': CMAKE_PREFIX_PATH=${CMAKE_PREFIX_PATH}:/home/vboxuser/hw5_ws/install/turtle_run:/home/vboxuser/hw5_ws/install/turtle_mover:/home/vboxuser/hw5_ws/install/turtle_joy:/home/vboxuser/hw5_ws/install/actions_py:/home/vboxuser/hw5_ws/src/install/turtle_run:/home/vboxuser/hw5_ws/src/install/turtle_mover:/home/vboxuser/hw5_ws/src/install/turtle_joy:/home/vboxuser/hw5_ws/src/install/actions_py:/opt/ros/humble /usr/bin/cmake --build /home/vboxuser/hw5_ws/build/my_interfaces -- -j6 -l6
[2.228s] [  2%] Built target my_interfaces__cpp
[2.229s] [ 12%] Built target my_interfaces__rosidl_generator_c
[2.229s] [ 12%] Built target ament_cmake_python_copy_my_interfaces
[2.229s] [ 23%] Built target my_interfaces__rosidl_typesupport_cpp
[2.230s] [ 33%] Built target my_interfaces__rosidl_typesupport_introspection_c
[2.231s] [ 43%] Built target my_interfaces__rosidl_typesupport_introspection_cpp
[2.231s] [ 53%] Built target my_interfaces__rosidl_typesupport_c
[2.231s] [ 64%] Built target my_interfaces__rosidl_typesupport_fastrtps_c
[2.231s] [ 74%] Built target my_interfaces__rosidl_typesupport_fastrtps_cpp
[2.231s] [ 74%] Built target my_interfaces
[2.231s] [ 76%] Built target my_interfaces__py
[2.231s] [ 84%] Built target my_interfaces__rosidl_generator_py
[2.231s] [ 89%] Built target my_interfaces__rosidl_typesupport_introspection_c__pyext
[2.232s] [ 94%] Built target my_interfaces__rosidl_typesupport_fastrtps_c__pyext
[2.232s] [100%] Built target my_interfaces__rosidl_typesupport_c__pyext
[2.232s] running egg_info
[2.232s] writing my_interfaces.egg-info/PKG-INFO
[2.232s] writing dependency_links to my_interfaces.egg-info/dependency_links.txt
[2.233s] writing top-level names to my_interfaces.egg-info/top_level.txt
[2.233s] reading manifest file 'my_interfaces.egg-info/SOURCES.txt'
[2.233s] writing manifest file 'my_interfaces.egg-info/SOURCES.txt'
[2.233s] [100%] Built target ament_cmake_python_build_my_interfaces_egg
[2.233s] Invoked command in '/home/vboxuser/hw5_ws/build/my_interfaces' returned '0': CMAKE_PREFIX_PATH=${CMAKE_PREFIX_PATH}:/home/vboxuser/hw5_ws/install/turtle_run:/home/vboxuser/hw5_ws/install/turtle_mover:/home/vboxuser/hw5_ws/install/turtle_joy:/home/vboxuser/hw5_ws/install/actions_py:/home/vboxuser/hw5_ws/src/install/turtle_run:/home/vboxuser/hw5_ws/src/install/turtle_mover:/home/vboxuser/hw5_ws/src/install/turtle_joy:/home/vboxuser/hw5_ws/src/install/actions_py:/opt/ros/humble /usr/bin/cmake --build /home/vboxuser/hw5_ws/build/my_interfaces -- -j6 -l6
[2.900s] Invoking command in '/home/vboxuser/hw5_ws/build/my_interfaces': CMAKE_PREFIX_PATH=${CMAKE_PREFIX_PATH}:/home/vboxuser/hw5_ws/install/turtle_run:/home/vboxuser/hw5_ws/install/turtle_mover:/home/vboxuser/hw5_ws/install/turtle_joy:/home/vboxuser/hw5_ws/install/actions_py:/home/vboxuser/hw5_ws/src/install/turtle_run:/home/vboxuser/hw5_ws/src/install/turtle_mover:/home/vboxuser/hw5_ws/src/install/turtle_joy:/home/vboxuser/hw5_ws/src/install/actions_py:/opt/ros/humble /usr/bin/cmake --install /home/vboxuser/hw5_ws/build/my_interfaces
[2.930s] -- Install configuration: ""
[2.931s] -- Up-to-date: /home/vboxuser/hw5_ws/install/my_interfaces/share/ament_index/resource_index/rosidl_interfaces/my_interfaces
[2.931s] -- Up-to-date: /home/vboxuser/hw5_ws/install/my_interfaces/include/my_interfaces/my_interfaces
[2.931s] -- Up-to-date: /home/vboxuser/hw5_ws/install/my_interfaces/include/my_interfaces/my_interfaces/msg
[2.931s] -- Up-to-date: /home/vboxuser/hw5_ws/install/my_interfaces/include/my_interfaces/my_interfaces/msg/rosidl_generator_c__visibility_control.h
[2.931s] -- Up-to-date: /home/vboxuser/hw5_ws/install/my_interfaces/include/my_interfaces/my_interfaces/action
[2.931s] -- Up-to-date: /home/vboxuser/hw5_ws/install/my_interfaces/include/my_interfaces/my_interfaces/action/detail
[2.931s] -- Up-to-date: /home/vboxuser/hw5_ws/install/my_interfaces/include/my_interfaces/my_interfaces/action/detail/turtle_run__struct.h
[2.931s] -- Up-to-date: /home/vboxuser/hw5_ws/install/my_interfaces/include/my_interfaces/my_interfaces/action/detail/turtle_run__functions.c
[2.931s] -- Up-to-date: /home/vboxuser/hw5_ws/install/my_interfaces/include/my_interfaces/my_interfaces/action/detail/turtle_run__functions.h
[2.931s] -- Up-to-date: /home/vboxuser/hw5_ws/install/my_interfaces/include/my_interfaces/my_interfaces/action/detail/count_until__functions.h
[2.932s] -- Up-to-date: /home/vboxuser/hw5_ws/install/my_interfaces/include/my_interfaces/my_interfaces/action/detail/count_until__type_support.h
[2.932s] -- Up-to-date: /home/vboxuser/hw5_ws/install/my_interfaces/include/my_interfaces/my_interfaces/action/detail/count_until__struct.h
[2.932s] -- Up-to-date: /home/vboxuser/hw5_ws/install/my_interfaces/include/my_interfaces/my_interfaces/action/detail/count_until__functions.c
[2.932s] -- Up-to-date: /home/vboxuser/hw5_ws/install/my_interfaces/include/my_interfaces/my_interfaces/action/detail/turtle_run__type_support.h
[2.932s] -- Up-to-date: /home/vboxuser/hw5_ws/install/my_interfaces/include/my_interfaces/my_interfaces/action/count_until.h
[2.932s] -- Up-to-date: /home/vboxuser/hw5_ws/install/my_interfaces/include/my_interfaces/my_interfaces/action/turtle_run.h
[2.932s] -- Up-to-date: /home/vboxuser/hw5_ws/install/my_interfaces/share/my_interfaces/environment/library_path.sh
[2.932s] -- Up-to-date: /home/vboxuser/hw5_ws/install/my_interfaces/share/my_interfaces/environment/library_path.dsv
[2.932s] -- Up-to-date: /home/vboxuser/hw5_ws/install/my_interfaces/lib/libmy_interfaces__rosidl_generator_c.so
[2.932s] -- Up-to-date: /home/vboxuser/hw5_ws/install/my_interfaces/include/my_interfaces/my_interfaces
[2.933s] -- Up-to-date: /home/vboxuser/hw5_ws/install/my_interfaces/include/my_interfaces/my_interfaces/msg
[2.933s] -- Up-to-date: /home/vboxuser/hw5_ws/install/my_interfaces/include/my_interfaces/my_interfaces/msg/rosidl_typesupport_fastrtps_c__visibility_control.h
[2.933s] -- Up-to-date: /home/vboxuser/hw5_ws/install/my_interfaces/include/my_interfaces/my_interfaces/action
[2.933s] -- Up-to-date: /home/vboxuser/hw5_ws/install/my_interfaces/include/my_interfaces/my_interfaces/action/detail
[2.933s] -- Up-to-date: /home/vboxuser/hw5_ws/install/my_interfaces/include/my_interfaces/my_interfaces/action/detail/turtle_run__rosidl_typesupport_fastrtps_c.h
[2.933s] -- Up-to-date: /home/vboxuser/hw5_ws/install/my_interfaces/include/my_interfaces/my_interfaces/action/detail/count_until__rosidl_typesupport_fastrtps_c.h
[2.933s] -- Up-to-date: /home/vboxuser/hw5_ws/install/my_interfaces/lib/libmy_interfaces__rosidl_typesupport_fastrtps_c.so
[2.938s] -- Up-to-date: /home/vboxuser/hw5_ws/install/my_interfaces/include/my_interfaces/my_interfaces
[2.939s] -- Up-to-date: /home/vboxuser/hw5_ws/install/my_interfaces/include/my_interfaces/my_interfaces/msg
[2.939s] -- Up-to-date: /home/vboxuser/hw5_ws/install/my_interfaces/include/my_interfaces/my_interfaces/msg/rosidl_typesupport_introspection_c__visibility_control.h
[2.958s] -- Up-to-date: /home/vboxuser/hw5_ws/install/my_interfaces/include/my_interfaces/my_interfaces/action
[2.958s] -- Up-to-date: /home/vboxuser/hw5_ws/install/my_interfaces/include/my_interfaces/my_interfaces/action/detail
[2.959s] -- Up-to-date: /home/vboxuser/hw5_ws/install/my_interfaces/include/my_interfaces/my_interfaces/action/detail/count_until__type_support.c
[2.959s] -- Up-to-date: /home/vboxuser/hw5_ws/install/my_interfaces/include/my_interfaces/my_interfaces/action/detail/turtle_run__type_support.c
[2.959s] -- Up-to-date: /home/vboxuser/hw5_ws/install/my_interfaces/include/my_interfaces/my_interfaces/action/detail/count_until__rosidl_typesupport_introspection_c.h
[2.959s] -- Up-to-date: /home/vboxuser/hw5_ws/install/my_interfaces/include/my_interfaces/my_interfaces/action/detail/turtle_run__rosidl_typesupport_introspection_c.h
[2.960s] -- Up-to-date: /home/vboxuser/hw5_ws/install/my_interfaces/lib/libmy_interfaces__rosidl_typesupport_introspection_c.so
[2.960s] -- Up-to-date: /home/vboxuser/hw5_ws/install/my_interfaces/lib/libmy_interfaces__rosidl_typesupport_c.so
[2.960s] -- Up-to-date: /home/vboxuser/hw5_ws/install/my_interfaces/include/my_interfaces/my_interfaces
[2.960s] -- Up-to-date: /home/vboxuser/hw5_ws/install/my_interfaces/include/my_interfaces/my_interfaces/action
[2.960s] -- Up-to-date: /home/vboxuser/hw5_ws/install/my_interfaces/include/my_interfaces/my_interfaces/action/detail
[2.960s] -- Up-to-date: /home/vboxuser/hw5_ws/install/my_interfaces/include/my_interfaces/my_interfaces/action/detail/count_until__struct.hpp
[2.960s] -- Up-to-date: /home/vboxuser/hw5_ws/install/my_interfaces/include/my_interfaces/my_interfaces/action/detail/count_until__traits.hpp
[2.960s] -- Up-to-date: /home/vboxuser/hw5_ws/install/my_interfaces/include/my_interfaces/my_interfaces/action/detail/turtle_run__builder.hpp
[2.960s] -- Up-to-date: /home/vboxuser/hw5_ws/install/my_interfaces/include/my_interfaces/my_interfaces/action/detail/count_until__builder.hpp
[2.960s] -- Up-to-date: /home/vboxuser/hw5_ws/install/my_interfaces/include/my_interfaces/my_interfaces/action/detail/turtle_run__struct.hpp
[2.961s] -- Up-to-date: /home/vboxuser/hw5_ws/install/my_interfaces/include/my_interfaces/my_interfaces/action/detail/turtle_run__traits.hpp
[2.961s] -- Up-to-date: /home/vboxuser/hw5_ws/install/my_interfaces/include/my_interfaces/my_interfaces/action/count_until.hpp
[2.961s] -- Up-to-date: /home/vboxuser/hw5_ws/install/my_interfaces/include/my_interfaces/my_interfaces/action/turtle_run.hpp
[2.961s] -- Up-to-date: /home/vboxuser/hw5_ws/install/my_interfaces/include/my_interfaces/my_interfaces
[2.961s] -- Up-to-date: /home/vboxuser/hw5_ws/install/my_interfaces/include/my_interfaces/my_interfaces/msg
[2.961s] -- Up-to-date: /home/vboxuser/hw5_ws/install/my_interfaces/include/my_interfaces/my_interfaces/msg/rosidl_typesupport_fastrtps_cpp__visibility_control.h
[2.961s] -- Up-to-date: /home/vboxuser/hw5_ws/install/my_interfaces/include/my_interfaces/my_interfaces/action
[2.961s] -- Up-to-date: /home/vboxuser/hw5_ws/install/my_interfaces/include/my_interfaces/my_interfaces/action/detail
[2.961s] -- Up-to-date: /home/vboxuser/hw5_ws/install/my_interfaces/include/my_interfaces/my_interfaces/action/detail/count_until__rosidl_typesupport_fastrtps_cpp.hpp
[2.961s] -- Up-to-date: /home/vboxuser/hw5_ws/install/my_interfaces/include/my_interfaces/my_interfaces/action/detail/turtle_run__rosidl_typesupport_fastrtps_cpp.hpp
[2.961s] -- Up-to-date: /home/vboxuser/hw5_ws/install/my_interfaces/include/my_interfaces/my_interfaces/action/detail/dds_fastrtps
[2.961s] -- Up-to-date: /home/vboxuser/hw5_ws/install/my_interfaces/lib/libmy_interfaces__rosidl_typesupport_fastrtps_cpp.so
[2.962s] -- Up-to-date: /home/vboxuser/hw5_ws/install/my_interfaces/include/my_interfaces/my_interfaces
[2.962s] -- Up-to-date: /home/vboxuser/hw5_ws/install/my_interfaces/include/my_interfaces/my_interfaces/action
[2.962s] -- Up-to-date: /home/vboxuser/hw5_ws/install/my_interfaces/include/my_interfaces/my_interfaces/action/detail
[2.962s] -- Up-to-date: /home/vboxuser/hw5_ws/install/my_interfaces/include/my_interfaces/my_interfaces/action/detail/count_until__type_support.cpp
[2.962s] -- Up-to-date: /home/vboxuser/hw5_ws/install/my_interfaces/include/my_interfaces/my_interfaces/action/detail/count_until__rosidl_typesupport_introspection_cpp.hpp
[2.962s] -- Up-to-date: /home/vboxuser/hw5_ws/install/my_interfaces/include/my_interfaces/my_interfaces/action/detail/turtle_run__type_support.cpp
[2.962s] -- Up-to-date: /home/vboxuser/hw5_ws/install/my_interfaces/include/my_interfaces/my_interfaces/action/detail/turtle_run__rosidl_typesupport_introspection_cpp.hpp
[2.962s] -- Up-to-date: /home/vboxuser/hw5_ws/install/my_interfaces/lib/libmy_interfaces__rosidl_typesupport_introspection_cpp.so
[2.962s] -- Up-to-date: /home/vboxuser/hw5_ws/install/my_interfaces/lib/libmy_interfaces__rosidl_typesupport_cpp.so
[2.962s] -- Up-to-date: /home/vboxuser/hw5_ws/install/my_interfaces/share/my_interfaces/environment/pythonpath.sh
[2.962s] -- Up-to-date: /home/vboxuser/hw5_ws/install/my_interfaces/share/my_interfaces/environment/pythonpath.dsv
[2.963s] -- Up-to-date: /home/vboxuser/hw5_ws/install/my_interfaces/local/lib/python3.10/dist-packages/my_interfaces-0.0.0-py3.10.egg-info
[2.963s] -- Installing: /home/vboxuser/hw5_ws/install/my_interfaces/local/lib/python3.10/dist-packages/my_interfaces-0.0.0-py3.10.egg-info/top_level.txt
[2.963s] -- Installing: /home/vboxuser/hw5_ws/install/my_interfaces/local/lib/python3.10/dist-packages/my_interfaces-0.0.0-py3.10.egg-info/dependency_links.txt
[2.963s] -- Installing: /home/vboxuser/hw5_ws/install/my_interfaces/local/lib/python3.10/dist-packages/my_interfaces-0.0.0-py3.10.egg-info/SOURCES.txt
[2.963s] -- Installing: /home/vboxuser/hw5_ws/install/my_interfaces/local/lib/python3.10/dist-packages/my_interfaces-0.0.0-py3.10.egg-info/PKG-INFO
[2.963s] -- Up-to-date: /home/vboxuser/hw5_ws/install/my_interfaces/local/lib/python3.10/dist-packages/my_interfaces
[2.963s] -- Up-to-date: /home/vboxuser/hw5_ws/install/my_interfaces/local/lib/python3.10/dist-packages/my_interfaces/_my_interfaces_s.ep.rosidl_typesupport_fastrtps_c.c
[2.963s] -- Up-to-date: /home/vboxuser/hw5_ws/install/my_interfaces/local/lib/python3.10/dist-packages/my_interfaces/my_interfaces_s__rosidl_typesupport_fastrtps_c.cpython-310-x86_64-linux-gnu.so
[2.963s] -- Up-to-date: /home/vboxuser/hw5_ws/install/my_interfaces/local/lib/python3.10/dist-packages/my_interfaces/libmy_interfaces__rosidl_generator_py.so
[2.963s] -- Up-to-date: /home/vboxuser/hw5_ws/install/my_interfaces/local/lib/python3.10/dist-packages/my_interfaces/__init__.py
[2.963s] -- Up-to-date: /home/vboxuser/hw5_ws/install/my_interfaces/local/lib/python3.10/dist-packages/my_interfaces/my_interfaces_s__rosidl_typesupport_introspection_c.cpython-310-x86_64-linux-gnu.so
[2.964s] -- Up-to-date: /home/vboxuser/hw5_ws/install/my_interfaces/local/lib/python3.10/dist-packages/my_interfaces/action
[2.964s] -- Up-to-date: /home/vboxuser/hw5_ws/install/my_interfaces/local/lib/python3.10/dist-packages/my_interfaces/action/_count_until.py
[2.964s] -- Up-to-date: /home/vboxuser/hw5_ws/install/my_interfaces/local/lib/python3.10/dist-packages/my_interfaces/action/_turtle_run.py
[2.964s] -- Up-to-date: /home/vboxuser/hw5_ws/install/my_interfaces/local/lib/python3.10/dist-packages/my_interfaces/action/__init__.py
[2.964s] -- Up-to-date: /home/vboxuser/hw5_ws/install/my_interfaces/local/lib/python3.10/dist-packages/my_interfaces/action/_turtle_run_s.c
[2.964s] -- Up-to-date: /home/vboxuser/hw5_ws/install/my_interfaces/local/lib/python3.10/dist-packages/my_interfaces/action/_count_until_s.c
[2.964s] -- Up-to-date: /home/vboxuser/hw5_ws/install/my_interfaces/local/lib/python3.10/dist-packages/my_interfaces/_my_interfaces_s.ep.rosidl_typesupport_c.c
[2.964s] -- Up-to-date: /home/vboxuser/hw5_ws/install/my_interfaces/local/lib/python3.10/dist-packages/my_interfaces/_my_interfaces_s.ep.rosidl_typesupport_introspection_c.c
[2.964s] -- Up-to-date: /home/vboxuser/hw5_ws/install/my_interfaces/local/lib/python3.10/dist-packages/my_interfaces/my_interfaces_s__rosidl_typesupport_c.cpython-310-x86_64-linux-gnu.so
[3.120s] Listing '/home/vboxuser/hw5_ws/install/my_interfaces/local/lib/python3.10/dist-packages/my_interfaces'...
[3.120s] Listing '/home/vboxuser/hw5_ws/install/my_interfaces/local/lib/python3.10/dist-packages/my_interfaces/action'...
[3.174s] -- Up-to-date: /home/vboxuser/hw5_ws/install/my_interfaces/local/lib/python3.10/dist-packages/my_interfaces/my_interfaces_s__rosidl_typesupport_fastrtps_c.cpython-310-x86_64-linux-gnu.so
[3.174s] -- Up-to-date: /home/vboxuser/hw5_ws/install/my_interfaces/local/lib/python3.10/dist-packages/my_interfaces/my_interfaces_s__rosidl_typesupport_introspection_c.cpython-310-x86_64-linux-gnu.so
[3.182s] -- Up-to-date: /home/vboxuser/hw5_ws/install/my_interfaces/local/lib/python3.10/dist-packages/my_interfaces/my_interfaces_s__rosidl_typesupport_c.cpython-310-x86_64-linux-gnu.so
[3.190s] -- Up-to-date: /home/vboxuser/hw5_ws/install/my_interfaces/lib/libmy_interfaces__rosidl_generator_py.so
[3.190s] -- Up-to-date: /home/vboxuser/hw5_ws/install/my_interfaces/share/my_interfaces/action/CountUntil.idl
[3.190s] -- Up-to-date: /home/vboxuser/hw5_ws/install/my_interfaces/share/my_interfaces/action/TurtleRun.idl
[3.191s] -- Up-to-date: /home/vboxuser/hw5_ws/install/my_interfaces/share/my_interfaces/action/CountUntil.action
[3.191s] -- Up-to-date: /home/vboxuser/hw5_ws/install/my_interfaces/share/my_interfaces/action/TurtleRun.action
[3.191s] -- Up-to-date: /home/vboxuser/hw5_ws/install/my_interfaces/share/ament_index/resource_index/package_run_dependencies/my_interfaces
[3.191s] -- Up-to-date: /home/vboxuser/hw5_ws/install/my_interfaces/share/ament_index/resource_index/parent_prefix_path/my_interfaces
[3.191s] -- Up-to-date: /home/vboxuser/hw5_ws/install/my_interfaces/share/my_interfaces/environment/ament_prefix_path.sh
[3.191s] -- Up-to-date: /home/vboxuser/hw5_ws/install/my_interfaces/share/my_interfaces/environment/ament_prefix_path.dsv
[3.191s] -- Up-to-date: /home/vboxuser/hw5_ws/install/my_interfaces/share/my_interfaces/environment/path.sh
[3.191s] -- Up-to-date: /home/vboxuser/hw5_ws/install/my_interfaces/share/my_interfaces/environment/path.dsv
[3.191s] -- Up-to-date: /home/vboxuser/hw5_ws/install/my_interfaces/share/my_interfaces/local_setup.bash
[3.191s] -- Up-to-date: /home/vboxuser/hw5_ws/install/my_interfaces/share/my_interfaces/local_setup.sh
[3.192s] -- Up-to-date: /home/vboxuser/hw5_ws/install/my_interfaces/share/my_interfaces/local_setup.zsh
[3.192s] -- Up-to-date: /home/vboxuser/hw5_ws/install/my_interfaces/share/my_interfaces/local_setup.dsv
[3.192s] -- Installing: /home/vboxuser/hw5_ws/install/my_interfaces/share/my_interfaces/package.dsv
[3.192s] -- Up-to-date: /home/vboxuser/hw5_ws/install/my_interfaces/share/ament_index/resource_index/packages/my_interfaces
[3.192s] -- Up-to-date: /home/vboxuser/hw5_ws/install/my_interfaces/share/my_interfaces/cmake/export_my_interfaces__rosidl_generator_cExport.cmake
[3.192s] -- Up-to-date: /home/vboxuser/hw5_ws/install/my_interfaces/share/my_interfaces/cmake/export_my_interfaces__rosidl_generator_cExport-noconfig.cmake
[3.192s] -- Up-to-date: /home/vboxuser/hw5_ws/install/my_interfaces/share/my_interfaces/cmake/export_my_interfaces__rosidl_typesupport_fastrtps_cExport.cmake
[3.194s] -- Up-to-date: /home/vboxuser/hw5_ws/install/my_interfaces/share/my_interfaces/cmake/export_my_interfaces__rosidl_typesupport_fastrtps_cExport-noconfig.cmake
[3.194s] -- Up-to-date: /home/vboxuser/hw5_ws/install/my_interfaces/share/my_interfaces/cmake/my_interfaces__rosidl_typesupport_introspection_cExport.cmake
[3.194s] -- Up-to-date: /home/vboxuser/hw5_ws/install/my_interfaces/share/my_interfaces/cmake/my_interfaces__rosidl_typesupport_introspection_cExport-noconfig.cmake
[3.194s] -- Up-to-date: /home/vboxuser/hw5_ws/install/my_interfaces/share/my_interfaces/cmake/my_interfaces__rosidl_typesupport_cExport.cmake
[3.194s] -- Up-to-date: /home/vboxuser/hw5_ws/install/my_interfaces/share/my_interfaces/cmake/my_interfaces__rosidl_typesupport_cExport-noconfig.cmake
[3.194s] -- Up-to-date: /home/vboxuser/hw5_ws/install/my_interfaces/share/my_interfaces/cmake/export_my_interfaces__rosidl_generator_cppExport.cmake
[3.195s] -- Up-to-date: /home/vboxuser/hw5_ws/install/my_interfaces/share/my_interfaces/cmake/export_my_interfaces__rosidl_typesupport_fastrtps_cppExport.cmake
[3.195s] -- Up-to-date: /home/vboxuser/hw5_ws/install/my_interfaces/share/my_interfaces/cmake/export_my_interfaces__rosidl_typesupport_fastrtps_cppExport-noconfig.cmake
[3.195s] -- Up-to-date: /home/vboxuser/hw5_ws/install/my_interfaces/share/my_interfaces/cmake/my_interfaces__rosidl_typesupport_introspection_cppExport.cmake
[3.195s] -- Up-to-date: /home/vboxuser/hw5_ws/install/my_interfaces/share/my_interfaces/cmake/my_interfaces__rosidl_typesupport_introspection_cppExport-noconfig.cmake
[3.195s] -- Up-to-date: /home/vboxuser/hw5_ws/install/my_interfaces/share/my_interfaces/cmake/my_interfaces__rosidl_typesupport_cppExport.cmake
[3.195s] -- Up-to-date: /home/vboxuser/hw5_ws/install/my_interfaces/share/my_interfaces/cmake/my_interfaces__rosidl_typesupport_cppExport-noconfig.cmake
[3.210s] -- Up-to-date: /home/vboxuser/hw5_ws/install/my_interfaces/share/my_interfaces/cmake/export_my_interfaces__rosidl_generator_pyExport.cmake
[3.210s] -- Up-to-date: /home/vboxuser/hw5_ws/install/my_interfaces/share/my_interfaces/cmake/export_my_interfaces__rosidl_generator_pyExport-noconfig.cmake
[3.210s] -- Up-to-date: /home/vboxuser/hw5_ws/install/my_interfaces/share/my_interfaces/cmake/rosidl_cmake-extras.cmake
[3.210s] -- Up-to-date: /home/vboxuser/hw5_ws/install/my_interfaces/share/my_interfaces/cmake/ament_cmake_export_dependencies-extras.cmake
[3.211s] -- Up-to-date: /home/vboxuser/hw5_ws/install/my_interfaces/share/my_interfaces/cmake/ament_cmake_export_include_directories-extras.cmake
[3.211s] -- Up-to-date: /home/vboxuser/hw5_ws/install/my_interfaces/share/my_interfaces/cmake/ament_cmake_export_libraries-extras.cmake
[3.216s] -- Up-to-date: /home/vboxuser/hw5_ws/install/my_interfaces/share/my_interfaces/cmake/ament_cmake_export_targets-extras.cmake
[3.217s] -- Up-to-date: /home/vboxuser/hw5_ws/install/my_interfaces/share/my_interfaces/cmake/rosidl_cmake_export_typesupport_targets-extras.cmake
[3.218s] -- Up-to-date: /home/vboxuser/hw5_ws/install/my_interfaces/share/my_interfaces/cmake/rosidl_cmake_export_typesupport_libraries-extras.cmake
[3.218s] -- Up-to-date: /home/vboxuser/hw5_ws/install/my_interfaces/share/my_interfaces/cmake/my_interfacesConfig.cmake
[3.218s] -- Up-to-date: /home/vboxuser/hw5_ws/install/my_interfaces/share/my_interfaces/cmake/my_interfacesConfig-version.cmake
[3.218s] -- Up-to-date: /home/vboxuser/hw5_ws/install/my_interfaces/share/my_interfaces/package.xml
[3.253s] Invoked command in '/home/vboxuser/hw5_ws/build/my_interfaces' returned '0': CMAKE_PREFIX_PATH=${CMAKE_PREFIX_PATH}:/home/vboxuser/hw5_ws/install/turtle_run:/home/vboxuser/hw5_ws/install/turtle_mover:/home/vboxuser/hw5_ws/install/turtle_joy:/home/vboxuser/hw5_ws/install/actions_py:/home/vboxuser/hw5_ws/src/install/turtle_run:/home/vboxuser/hw5_ws/src/install/turtle_mover:/home/vboxuser/hw5_ws/src/install/turtle_joy:/home/vboxuser/hw5_ws/src/install/actions_py:/opt/ros/humble /usr/bin/cmake --install /home/vboxuser/hw5_ws/build/my_interfaces
