[1.537s] Invoking command in '/home/vboxuser/hw5_ws/src/turtle_run': CMAKE_PREFIX_PATH=/home/vboxuser/hw5_ws/install/my_interfaces:/home/vboxuser/hw5_ws/install/my_robot_intrfaces:/home/vboxuser/hw5_ws/src/install/my_interfaces LD_LIBRARY_PATH=/home/vboxuser/hw5_ws/install/my_interfaces/lib:/home/vboxuser/hw5_ws/install/my_robot_intrfaces/lib:/home/vboxuser/hw5_ws/src/install/my_interfaces/lib:/opt/ros/humble/opt/rviz_ogre_vendor/lib:/opt/ros/humble/lib/x86_64-linux-gnu:/opt/ros/humble/lib PYTHONPATH=/home/vboxuser/hw5_ws/build/turtle_run/prefix_override:/home/vboxuser/hw5_ws/install/turtle_run/lib/python3.10/site-packages:${PYTHONPATH} /usr/bin/python3 setup.py egg_info --egg-base ../../build/turtle_run build --build-base /home/vboxuser/hw5_ws/build/turtle_run/build install --record /home/vboxuser/hw5_ws/build/turtle_run/install.log --single-version-externally-managed
[2.022s] running egg_info
[2.022s] writing ../../build/turtle_run/turtle_run.egg-info/PKG-INFO
[2.022s] writing dependency_links to ../../build/turtle_run/turtle_run.egg-info/dependency_links.txt
[2.022s] writing entry points to ../../build/turtle_run/turtle_run.egg-info/entry_points.txt
[2.023s] writing requirements to ../../build/turtle_run/turtle_run.egg-info/requires.txt
[2.023s] writing top-level names to ../../build/turtle_run/turtle_run.egg-info/top_level.txt
[2.025s] reading manifest file '../../build/turtle_run/turtle_run.egg-info/SOURCES.txt'
[2.027s] writing manifest file '../../build/turtle_run/turtle_run.egg-info/SOURCES.txt'
[2.027s] running build
[2.027s] running build_py
[2.027s] copying turtle_run/turtle_run_server.py -> /home/vboxuser/hw5_ws/build/turtle_run/build/lib/turtle_run
[2.032s] running install
[2.032s] running install_lib
[2.033s] copying /home/vboxuser/hw5_ws/build/turtle_run/build/lib/turtle_run/turtle_run_server.py -> /home/vboxuser/hw5_ws/install/turtle_run/lib/python3.10/site-packages/turtle_run
[2.035s] byte-compiling /home/vboxuser/hw5_ws/install/turtle_run/lib/python3.10/site-packages/turtle_run/turtle_run_server.py to turtle_run_server.cpython-310.pyc
[2.038s] running install_data
[2.040s] running install_egg_info
[2.050s] removing '/home/vboxuser/hw5_ws/install/turtle_run/lib/python3.10/site-packages/turtle_run-0.0.0-py3.10.egg-info' (and everything under it)
[2.050s] Copying ../../build/turtle_run/turtle_run.egg-info to /home/vboxuser/hw5_ws/install/turtle_run/lib/python3.10/site-packages/turtle_run-0.0.0-py3.10.egg-info
[2.050s] running install_scripts
[2.078s] Installing say_hello script to /home/vboxuser/hw5_ws/install/turtle_run/lib/turtle_run
[2.078s] Installing turtle_run_client script to /home/vboxuser/hw5_ws/install/turtle_run/lib/turtle_run
[2.078s] Installing turtle_run_server script to /home/vboxuser/hw5_ws/install/turtle_run/lib/turtle_run
[2.079s] writing list of installed files to '/home/vboxuser/hw5_ws/build/turtle_run/install.log'
[2.124s] Invoked command in '/home/vboxuser/hw5_ws/src/turtle_run' returned '0': CMAKE_PREFIX_PATH=/home/vboxuser/hw5_ws/install/my_interfaces:/home/vboxuser/hw5_ws/install/my_robot_intrfaces:/home/vboxuser/hw5_ws/src/install/my_interfaces LD_LIBRARY_PATH=/home/vboxuser/hw5_ws/install/my_interfaces/lib:/home/vboxuser/hw5_ws/install/my_robot_intrfaces/lib:/home/vboxuser/hw5_ws/src/install/my_interfaces/lib:/opt/ros/humble/opt/rviz_ogre_vendor/lib:/opt/ros/humble/lib/x86_64-linux-gnu:/opt/ros/humble/lib PYTHONPATH=/home/vboxuser/hw5_ws/build/turtle_run/prefix_override:/home/vboxuser/hw5_ws/install/turtle_run/lib/python3.10/site-packages:${PYTHONPATH} /usr/bin/python3 setup.py egg_info --egg-base ../../build/turtle_run build --build-base /home/vboxuser/hw5_ws/build/turtle_run/build install --record /home/vboxuser/hw5_ws/build/turtle_run/install.log --single-version-externally-managed
