[1.528s] DEBUG:colcon:Command line arguments: ['/usr/bin/colcon', 'build']
[1.528s] DEBUG:colcon:Parsed command line arguments: Namespace(log_base=None, log_level=None, verb_name='build', build_base='build', install_base='install', merge_install=False, symlink_install=False, test_result_base=None, continue_on_error=False, executor='parallel', parallel_workers=6, event_handlers=None, ignore_user_meta=False, metas=['./colcon.meta'], base_paths=['.'], packages_ignore=None, packages_ignore_regex=None, paths=None, packages_up_to=None, packages_up_to_regex=None, packages_above=None, packages_above_and_dependencies=None, packages_above_depth=None, packages_select_by_dep=None, packages_skip_by_dep=None, packages_skip_up_to=None, packages_select_build_failed=False, packages_skip_build_finished=False, packages_select_test_failures=False, packages_skip_test_passed=False, packages_select=None, packages_skip=None, packages_select_regex=None, packages_skip_regex=None, packages_start=None, packages_end=None, allow_overriding=[], cmake_args=None, cmake_target=None, cmake_target_skip_unavailable=False, cmake_clean_cache=False, cmake_clean_first=False, cmake_force_configure=False, ament_cmake_args=None, catkin_cmake_args=None, catkin_skip_building_tests=False, verb_parser=<colcon_defaults.argument_parser.defaults.DefaultArgumentsDecorator object at 0x7f4076c9fa90>, verb_extension=<colcon_core.verb.build.BuildVerb object at 0x7f4076ca8ca0>, main=<bound method BuildVerb.main of <colcon_core.verb.build.BuildVerb object at 0x7f4076ca8ca0>>)
[1.590s] Level 1:colcon.colcon_core.package_discovery:discover_packages(colcon_meta) check parameters
[1.590s] Level 1:colcon.colcon_core.package_discovery:discover_packages(recursive) check parameters
[1.590s] Level 1:colcon.colcon_core.package_discovery:discover_packages(ignore) check parameters
[1.590s] Level 1:colcon.colcon_core.package_discovery:discover_packages(path) check parameters
[1.590s] Level 1:colcon.colcon_core.package_discovery:discover_packages(colcon_meta) discover
[1.590s] Level 1:colcon.colcon_core.package_discovery:discover_packages(recursive) discover
[1.590s] INFO:colcon.colcon_core.package_discovery:Crawling recursively for packages in '/home/vboxuser/hw4_ws'
[1.591s] Level 1:colcon.colcon_core.package_identification:_identify(.) by extensions ['ignore', 'ignore_ament_install']
[1.591s] Level 1:colcon.colcon_core.package_identification:_identify(.) by extension 'ignore'
[1.591s] Level 1:colcon.colcon_core.package_identification:_identify(.) by extension 'ignore_ament_install'
[1.591s] Level 1:colcon.colcon_core.package_identification:_identify(.) by extensions ['colcon_pkg']
[1.591s] Level 1:colcon.colcon_core.package_identification:_identify(.) by extension 'colcon_pkg'
[1.591s] Level 1:colcon.colcon_core.package_identification:_identify(.) by extensions ['colcon_meta']
[1.591s] Level 1:colcon.colcon_core.package_identification:_identify(.) by extension 'colcon_meta'
[1.591s] Level 1:colcon.colcon_core.package_identification:_identify(.) by extensions ['ros']
[1.591s] Level 1:colcon.colcon_core.package_identification:_identify(.) by extension 'ros'
[1.606s] Level 1:colcon.colcon_core.package_identification:_identify(.) by extensions ['cmake', 'python']
[1.606s] Level 1:colcon.colcon_core.package_identification:_identify(.) by extension 'cmake'
[1.606s] Level 1:colcon.colcon_core.package_identification:_identify(.) by extension 'python'
[1.606s] Level 1:colcon.colcon_core.package_identification:_identify(.) by extensions ['python_setup_py']
[1.606s] Level 1:colcon.colcon_core.package_identification:_identify(.) by extension 'python_setup_py'
[1.606s] Level 1:colcon.colcon_core.package_identification:_identify(build) by extensions ['ignore', 'ignore_ament_install']
[1.606s] Level 1:colcon.colcon_core.package_identification:_identify(build) by extension 'ignore'
[1.606s] Level 1:colcon.colcon_core.package_identification:_identify(build) ignored
[1.607s] Level 1:colcon.colcon_core.package_identification:_identify(install) by extensions ['ignore', 'ignore_ament_install']
[1.607s] Level 1:colcon.colcon_core.package_identification:_identify(install) by extension 'ignore'
[1.607s] Level 1:colcon.colcon_core.package_identification:_identify(install) ignored
[1.607s] Level 1:colcon.colcon_core.package_identification:_identify(log) by extensions ['ignore', 'ignore_ament_install']
[1.607s] Level 1:colcon.colcon_core.package_identification:_identify(log) by extension 'ignore'
[1.607s] Level 1:colcon.colcon_core.package_identification:_identify(log) ignored
[1.607s] Level 1:colcon.colcon_core.package_identification:_identify(src) by extensions ['ignore', 'ignore_ament_install']
[1.607s] Level 1:colcon.colcon_core.package_identification:_identify(src) by extension 'ignore'
[1.607s] Level 1:colcon.colcon_core.package_identification:_identify(src) by extension 'ignore_ament_install'
[1.607s] Level 1:colcon.colcon_core.package_identification:_identify(src) by extensions ['colcon_pkg']
[1.608s] Level 1:colcon.colcon_core.package_identification:_identify(src) by extension 'colcon_pkg'
[1.608s] Level 1:colcon.colcon_core.package_identification:_identify(src) by extensions ['colcon_meta']
[1.608s] Level 1:colcon.colcon_core.package_identification:_identify(src) by extension 'colcon_meta'
[1.608s] Level 1:colcon.colcon_core.package_identification:_identify(src) by extensions ['ros']
[1.608s] Level 1:colcon.colcon_core.package_identification:_identify(src) by extension 'ros'
[1.608s] Level 1:colcon.colcon_core.package_identification:_identify(src) by extensions ['cmake', 'python']
[1.608s] Level 1:colcon.colcon_core.package_identification:_identify(src) by extension 'cmake'
[1.608s] Level 1:colcon.colcon_core.package_identification:_identify(src) by extension 'python'
[1.608s] Level 1:colcon.colcon_core.package_identification:_identify(src) by extensions ['python_setup_py']
[1.608s] Level 1:colcon.colcon_core.package_identification:_identify(src) by extension 'python_setup_py'
[1.608s] Level 1:colcon.colcon_core.package_identification:_identify(src/build) by extensions ['ignore', 'ignore_ament_install']
[1.608s] Level 1:colcon.colcon_core.package_identification:_identify(src/build) by extension 'ignore'
[1.608s] Level 1:colcon.colcon_core.package_identification:_identify(src/build) ignored
[1.608s] Level 1:colcon.colcon_core.package_identification:_identify(src/calculator) by extensions ['ignore', 'ignore_ament_install']
[1.608s] Level 1:colcon.colcon_core.package_identification:_identify(src/calculator) by extension 'ignore'
[1.609s] Level 1:colcon.colcon_core.package_identification:_identify(src/calculator) by extension 'ignore_ament_install'
[1.609s] Level 1:colcon.colcon_core.package_identification:_identify(src/calculator) by extensions ['colcon_pkg']
[1.609s] Level 1:colcon.colcon_core.package_identification:_identify(src/calculator) by extension 'colcon_pkg'
[1.609s] Level 1:colcon.colcon_core.package_identification:_identify(src/calculator) by extensions ['colcon_meta']
[1.609s] Level 1:colcon.colcon_core.package_identification:_identify(src/calculator) by extension 'colcon_meta'
[1.609s] Level 1:colcon.colcon_core.package_identification:_identify(src/calculator) by extensions ['ros']
[1.609s] Level 1:colcon.colcon_core.package_identification:_identify(src/calculator) by extension 'ros'
[1.613s] DEBUG:colcon.colcon_core.package_identification:Package 'src/calculator' with type 'ros.ament_python' and name 'calculator'
[1.613s] Level 1:colcon.colcon_core.package_identification:_identify(src/custom_interfaces) by extensions ['ignore', 'ignore_ament_install']
[1.613s] Level 1:colcon.colcon_core.package_identification:_identify(src/custom_interfaces) by extension 'ignore'
[1.613s] Level 1:colcon.colcon_core.package_identification:_identify(src/custom_interfaces) by extension 'ignore_ament_install'
[1.613s] Level 1:colcon.colcon_core.package_identification:_identify(src/custom_interfaces) by extensions ['colcon_pkg']
[1.613s] Level 1:colcon.colcon_core.package_identification:_identify(src/custom_interfaces) by extension 'colcon_pkg'
[1.613s] Level 1:colcon.colcon_core.package_identification:_identify(src/custom_interfaces) by extensions ['colcon_meta']
[1.613s] Level 1:colcon.colcon_core.package_identification:_identify(src/custom_interfaces) by extension 'colcon_meta'
[1.613s] Level 1:colcon.colcon_core.package_identification:_identify(src/custom_interfaces) by extensions ['ros']
[1.613s] Level 1:colcon.colcon_core.package_identification:_identify(src/custom_interfaces) by extension 'ros'
[1.614s] DEBUG:colcon.colcon_core.package_identification:Package 'src/custom_interfaces' with type 'ros.ament_cmake' and name 'custom_interfaces'
[1.614s] Level 1:colcon.colcon_core.package_identification:_identify(src/custom_messages) by extensions ['ignore', 'ignore_ament_install']
[1.614s] Level 1:colcon.colcon_core.package_identification:_identify(src/custom_messages) by extension 'ignore'
[1.615s] Level 1:colcon.colcon_core.package_identification:_identify(src/custom_messages) ignored
[1.615s] Level 1:colcon.colcon_core.package_identification:_identify(src/install) by extensions ['ignore', 'ignore_ament_install']
[1.615s] Level 1:colcon.colcon_core.package_identification:_identify(src/install) by extension 'ignore'
[1.615s] Level 1:colcon.colcon_core.package_identification:_identify(src/install) ignored
[1.615s] Level 1:colcon.colcon_core.package_identification:_identify(src/log) by extensions ['ignore', 'ignore_ament_install']
[1.615s] Level 1:colcon.colcon_core.package_identification:_identify(src/log) by extension 'ignore'
[1.615s] Level 1:colcon.colcon_core.package_identification:_identify(src/log) ignored
[1.615s] Level 1:colcon.colcon_core.package_identification:_identify(src/py_srvcli) by extensions ['ignore', 'ignore_ament_install']
[1.615s] Level 1:colcon.colcon_core.package_identification:_identify(src/py_srvcli) by extension 'ignore'
[1.615s] Level 1:colcon.colcon_core.package_identification:_identify(src/py_srvcli) by extension 'ignore_ament_install'
[1.616s] Level 1:colcon.colcon_core.package_identification:_identify(src/py_srvcli) by extensions ['colcon_pkg']
[1.616s] Level 1:colcon.colcon_core.package_identification:_identify(src/py_srvcli) by extension 'colcon_pkg'
[1.616s] Level 1:colcon.colcon_core.package_identification:_identify(src/py_srvcli) by extensions ['colcon_meta']
[1.616s] Level 1:colcon.colcon_core.package_identification:_identify(src/py_srvcli) by extension 'colcon_meta'
[1.616s] Level 1:colcon.colcon_core.package_identification:_identify(src/py_srvcli) by extensions ['ros']
[1.616s] Level 1:colcon.colcon_core.package_identification:_identify(src/py_srvcli) by extension 'ros'
[1.617s] DEBUG:colcon.colcon_core.package_identification:Package 'src/py_srvcli' with type 'ros.ament_python' and name 'py_srvcli'
[1.617s] Level 1:colcon.colcon_core.package_identification:_identify(src/tutorial_interfaces) by extensions ['ignore', 'ignore_ament_install']
[1.617s] Level 1:colcon.colcon_core.package_identification:_identify(src/tutorial_interfaces) by extension 'ignore'
[1.617s] Level 1:colcon.colcon_core.package_identification:_identify(src/tutorial_interfaces) by extension 'ignore_ament_install'
[1.617s] Level 1:colcon.colcon_core.package_identification:_identify(src/tutorial_interfaces) by extensions ['colcon_pkg']
[1.617s] Level 1:colcon.colcon_core.package_identification:_identify(src/tutorial_interfaces) by extension 'colcon_pkg'
[1.617s] Level 1:colcon.colcon_core.package_identification:_identify(src/tutorial_interfaces) by extensions ['colcon_meta']
[1.617s] Level 1:colcon.colcon_core.package_identification:_identify(src/tutorial_interfaces) by extension 'colcon_meta'
[1.617s] Level 1:colcon.colcon_core.package_identification:_identify(src/tutorial_interfaces) by extensions ['ros']
[1.617s] Level 1:colcon.colcon_core.package_identification:_identify(src/tutorial_interfaces) by extension 'ros'
[1.618s] DEBUG:colcon.colcon_core.package_identification:Package 'src/tutorial_interfaces' with type 'ros.ament_cmake' and name 'tutorial_interfaces'
[1.618s] Level 1:colcon.colcon_core.package_discovery:discover_packages(recursive) using defaults
[1.618s] Level 1:colcon.colcon_core.package_discovery:discover_packages(ignore) discover
[1.618s] Level 1:colcon.colcon_core.package_discovery:discover_packages(ignore) using defaults
[1.618s] Level 1:colcon.colcon_core.package_discovery:discover_packages(path) discover
[1.618s] Level 1:colcon.colcon_core.package_discovery:discover_packages(path) using defaults
[1.755s] Level 1:colcon.colcon_core.package_discovery:discover_packages(prefix_path) check parameters
[1.755s] Level 1:colcon.colcon_core.package_discovery:discover_packages(prefix_path) discover
[1.798s] DEBUG:colcon.colcon_installed_package_information.package_discovery:Found 5 installed packages in /home/vboxuser/hw4_ws/install
[1.821s] DEBUG:colcon.colcon_installed_package_information.package_discovery:Found 284 installed packages in /opt/ros/humble
[1.823s] Level 1:colcon.colcon_core.package_discovery:discover_packages(prefix_path) using defaults
[1.982s] Level 5:colcon.colcon_core.verb:set package 'custom_interfaces' build argument 'cmake_args' from command line to 'None'
[1.983s] Level 5:colcon.colcon_core.verb:set package 'custom_interfaces' build argument 'cmake_target' from command line to 'None'
[1.983s] Level 5:colcon.colcon_core.verb:set package 'custom_interfaces' build argument 'cmake_target_skip_unavailable' from command line to 'False'
[1.983s] Level 5:colcon.colcon_core.verb:set package 'custom_interfaces' build argument 'cmake_clean_cache' from command line to 'False'
[1.983s] Level 5:colcon.colcon_core.verb:set package 'custom_interfaces' build argument 'cmake_clean_first' from command line to 'False'
[1.983s] Level 5:colcon.colcon_core.verb:set package 'custom_interfaces' build argument 'cmake_force_configure' from command line to 'False'
[1.983s] Level 5:colcon.colcon_core.verb:set package 'custom_interfaces' build argument 'ament_cmake_args' from command line to 'None'
[1.983s] Level 5:colcon.colcon_core.verb:set package 'custom_interfaces' build argument 'catkin_cmake_args' from command line to 'None'
[1.983s] Level 5:colcon.colcon_core.verb:set package 'custom_interfaces' build argument 'catkin_skip_building_tests' from command line to 'False'
[1.983s] DEBUG:colcon.colcon_core.verb:Building package 'custom_interfaces' with the following arguments: {'ament_cmake_args': None, 'build_base': '/home/vboxuser/hw4_ws/build/custom_interfaces', 'catkin_cmake_args': None, 'catkin_skip_building_tests': False, 'cmake_args': None, 'cmake_clean_cache': False, 'cmake_clean_first': False, 'cmake_force_configure': False, 'cmake_target': None, 'cmake_target_skip_unavailable': False, 'install_base': '/home/vboxuser/hw4_ws/install/custom_interfaces', 'merge_install': False, 'path': '/home/vboxuser/hw4_ws/src/custom_interfaces', 'symlink_install': False, 'test_result_base': None}
[2.004s] Level 5:colcon.colcon_core.verb:set package 'tutorial_interfaces' build argument 'cmake_args' from command line to 'None'
[2.004s] Level 5:colcon.colcon_core.verb:set package 'tutorial_interfaces' build argument 'cmake_target' from command line to 'None'
[2.004s] Level 5:colcon.colcon_core.verb:set package 'tutorial_interfaces' build argument 'cmake_target_skip_unavailable' from command line to 'False'
[2.004s] Level 5:colcon.colcon_core.verb:set package 'tutorial_interfaces' build argument 'cmake_clean_cache' from command line to 'False'
[2.004s] Level 5:colcon.colcon_core.verb:set package 'tutorial_interfaces' build argument 'cmake_clean_first' from command line to 'False'
[2.004s] Level 5:colcon.colcon_core.verb:set package 'tutorial_interfaces' build argument 'cmake_force_configure' from command line to 'False'
[2.004s] Level 5:colcon.colcon_core.verb:set package 'tutorial_interfaces' build argument 'ament_cmake_args' from command line to 'None'
[2.004s] Level 5:colcon.colcon_core.verb:set package 'tutorial_interfaces' build argument 'catkin_cmake_args' from command line to 'None'
[2.004s] Level 5:colcon.colcon_core.verb:set package 'tutorial_interfaces' build argument 'catkin_skip_building_tests' from command line to 'False'
[2.004s] DEBUG:colcon.colcon_core.verb:Building package 'tutorial_interfaces' with the following arguments: {'ament_cmake_args': None, 'build_base': '/home/vboxuser/hw4_ws/build/tutorial_interfaces', 'catkin_cmake_args': None, 'catkin_skip_building_tests': False, 'cmake_args': None, 'cmake_clean_cache': False, 'cmake_clean_first': False, 'cmake_force_configure': False, 'cmake_target': None, 'cmake_target_skip_unavailable': False, 'install_base': '/home/vboxuser/hw4_ws/install/tutorial_interfaces', 'merge_install': False, 'path': '/home/vboxuser/hw4_ws/src/tutorial_interfaces', 'symlink_install': False, 'test_result_base': None}
[2.026s] Level 5:colcon.colcon_core.verb:set package 'calculator' build argument 'cmake_args' from command line to 'None'
[2.026s] Level 5:colcon.colcon_core.verb:set package 'calculator' build argument 'cmake_target' from command line to 'None'
[2.026s] Level 5:colcon.colcon_core.verb:set package 'calculator' build argument 'cmake_target_skip_unavailable' from command line to 'False'
[2.026s] Level 5:colcon.colcon_core.verb:set package 'calculator' build argument 'cmake_clean_cache' from command line to 'False'
[2.026s] Level 5:colcon.colcon_core.verb:set package 'calculator' build argument 'cmake_clean_first' from command line to 'False'
[2.026s] Level 5:colcon.colcon_core.verb:set package 'calculator' build argument 'cmake_force_configure' from command line to 'False'
[2.026s] Level 5:colcon.colcon_core.verb:set package 'calculator' build argument 'ament_cmake_args' from command line to 'None'
[2.026s] Level 5:colcon.colcon_core.verb:set package 'calculator' build argument 'catkin_cmake_args' from command line to 'None'
[2.026s] Level 5:colcon.colcon_core.verb:set package 'calculator' build argument 'catkin_skip_building_tests' from command line to 'False'
[2.026s] DEBUG:colcon.colcon_core.verb:Building package 'calculator' with the following arguments: {'ament_cmake_args': None, 'build_base': '/home/vboxuser/hw4_ws/build/calculator', 'catkin_cmake_args': None, 'catkin_skip_building_tests': False, 'cmake_args': None, 'cmake_clean_cache': False, 'cmake_clean_first': False, 'cmake_force_configure': False, 'cmake_target': None, 'cmake_target_skip_unavailable': False, 'install_base': '/home/vboxuser/hw4_ws/install/calculator', 'merge_install': False, 'path': '/home/vboxuser/hw4_ws/src/calculator', 'symlink_install': False, 'test_result_base': None}
[2.047s] Level 5:colcon.colcon_core.verb:set package 'py_srvcli' build argument 'cmake_args' from command line to 'None'
[2.047s] Level 5:colcon.colcon_core.verb:set package 'py_srvcli' build argument 'cmake_target' from command line to 'None'
[2.047s] Level 5:colcon.colcon_core.verb:set package 'py_srvcli' build argument 'cmake_target_skip_unavailable' from command line to 'False'
[2.047s] Level 5:colcon.colcon_core.verb:set package 'py_srvcli' build argument 'cmake_clean_cache' from command line to 'False'
[2.048s] Level 5:colcon.colcon_core.verb:set package 'py_srvcli' build argument 'cmake_clean_first' from command line to 'False'
[2.048s] Level 5:colcon.colcon_core.verb:set package 'py_srvcli' build argument 'cmake_force_configure' from command line to 'False'
[2.048s] Level 5:colcon.colcon_core.verb:set package 'py_srvcli' build argument 'ament_cmake_args' from command line to 'None'
[2.048s] Level 5:colcon.colcon_core.verb:set package 'py_srvcli' build argument 'catkin_cmake_args' from command line to 'None'
[2.048s] Level 5:colcon.colcon_core.verb:set package 'py_srvcli' build argument 'catkin_skip_building_tests' from command line to 'False'
[2.048s] DEBUG:colcon.colcon_core.verb:Building package 'py_srvcli' with the following arguments: {'ament_cmake_args': None, 'build_base': '/home/vboxuser/hw4_ws/build/py_srvcli', 'catkin_cmake_args': None, 'catkin_skip_building_tests': False, 'cmake_args': None, 'cmake_clean_cache': False, 'cmake_clean_first': False, 'cmake_force_configure': False, 'cmake_target': None, 'cmake_target_skip_unavailable': False, 'install_base': '/home/vboxuser/hw4_ws/install/py_srvcli', 'merge_install': False, 'path': '/home/vboxuser/hw4_ws/src/py_srvcli', 'symlink_install': False, 'test_result_base': None}
[2.068s] INFO:colcon.colcon_core.executor:Executing jobs using 'parallel' executor
[2.090s] DEBUG:colcon.colcon_parallel_executor.executor.parallel:run_until_complete
[2.090s] INFO:colcon.colcon_ros.task.ament_cmake.build:Building ROS package in '/home/vboxuser/hw4_ws/src/tutorial_interfaces' with build type 'ament_cmake'
[2.090s] INFO:colcon.colcon_cmake.task.cmake.build:Building CMake package in '/home/vboxuser/hw4_ws/src/tutorial_interfaces'
[2.112s] INFO:colcon.colcon_core.plugin_system:Skipping extension 'colcon_core.shell.bat': Not used on non-Windows systems
[2.112s] INFO:colcon.colcon_core.shell:Skip shell extension 'powershell' for command environment: Not usable outside of PowerShell
[2.112s] DEBUG:colcon.colcon_core.shell:Skip shell extension 'dsv' for command environment
[2.180s] INFO:colcon.colcon_ros.task.ament_cmake.build:Building ROS package in '/home/vboxuser/hw4_ws/src/custom_interfaces' with build type 'ament_cmake'
[2.181s] INFO:colcon.colcon_cmake.task.cmake.build:Building CMake package in '/home/vboxuser/hw4_ws/src/custom_interfaces'
[2.202s] INFO:colcon.colcon_core.shell:Skip shell extension 'powershell' for command environment: Not usable outside of PowerShell
[2.202s] DEBUG:colcon.colcon_core.shell:Skip shell extension 'dsv' for command environment
[2.286s] DEBUG:colcon.colcon_core.event_handler.log_command:Invoking command in '/home/vboxuser/hw4_ws/build/tutorial_interfaces': CMAKE_PREFIX_PATH=${CMAKE_PREFIX_PATH}:/home/vboxuser/hw4_ws/install/py_srvcli:/home/vboxuser/hw4_ws/install/calculator:/opt/ros/humble /usr/bin/cmake --build /home/vboxuser/hw4_ws/build/tutorial_interfaces -- -j6 -l6
[2.289s] DEBUG:colcon.colcon_core.event_handler.log_command:Invoking command in '/home/vboxuser/hw4_ws/build/custom_interfaces': CMAKE_PREFIX_PATH=${CMAKE_PREFIX_PATH}:/home/vboxuser/hw4_ws/install/py_srvcli:/home/vboxuser/hw4_ws/install/calculator:/opt/ros/humble /usr/bin/cmake --build /home/vboxuser/hw4_ws/build/custom_interfaces -- -j6 -l6
[2.847s] DEBUG:colcon.colcon_core.event_handler.log_command:Invoked command in '/home/vboxuser/hw4_ws/build/tutorial_interfaces' returned '0': CMAKE_PREFIX_PATH=${CMAKE_PREFIX_PATH}:/home/vboxuser/hw4_ws/install/py_srvcli:/home/vboxuser/hw4_ws/install/calculator:/opt/ros/humble /usr/bin/cmake --build /home/vboxuser/hw4_ws/build/tutorial_interfaces -- -j6 -l6
[2.905s] DEBUG:colcon.colcon_core.event_handler.log_command:Invoked command in '/home/vboxuser/hw4_ws/build/custom_interfaces' returned '2': CMAKE_PREFIX_PATH=${CMAKE_PREFIX_PATH}:/home/vboxuser/hw4_ws/install/py_srvcli:/home/vboxuser/hw4_ws/install/calculator:/opt/ros/humble /usr/bin/cmake --build /home/vboxuser/hw4_ws/build/custom_interfaces -- -j6 -l6
[2.928s] DEBUG:colcon.colcon_core.event_handler.log_command:Invoking command in '/home/vboxuser/hw4_ws/build/tutorial_interfaces': CMAKE_PREFIX_PATH=${CMAKE_PREFIX_PATH}:/home/vboxuser/hw4_ws/install/py_srvcli:/home/vboxuser/hw4_ws/install/calculator:/opt/ros/humble /usr/bin/cmake --install /home/vboxuser/hw4_ws/build/tutorial_interfaces
[3.009s] Level 1:colcon.colcon_core.environment:create_environment_scripts_only(custom_interfaces)
[3.042s] Level 1:colcon.colcon_core.environment:checking '/home/vboxuser/hw4_ws/install/custom_interfaces' for CMake module files
[3.042s] Level 1:colcon.colcon_core.environment:checking '/home/vboxuser/hw4_ws/install/custom_interfaces' for CMake config files
[3.043s] Level 1:colcon.colcon_core.shell:create_environment_hook('custom_interfaces', 'cmake_prefix_path')
[3.065s] INFO:colcon.colcon_core.shell:Creating environment hook '/home/vboxuser/hw4_ws/install/custom_interfaces/share/custom_interfaces/hook/cmake_prefix_path.ps1'
[3.066s] INFO:colcon.colcon_core.shell:Creating environment descriptor '/home/vboxuser/hw4_ws/install/custom_interfaces/share/custom_interfaces/hook/cmake_prefix_path.dsv'
[3.066s] INFO:colcon.colcon_core.shell:Creating environment hook '/home/vboxuser/hw4_ws/install/custom_interfaces/share/custom_interfaces/hook/cmake_prefix_path.sh'
[3.068s] Level 1:colcon.colcon_core.environment:checking '/home/vboxuser/hw4_ws/install/custom_interfaces/lib'
[3.068s] Level 1:colcon.colcon_core.shell:create_environment_hook('custom_interfaces', 'ld_library_path_lib')
[3.088s] INFO:colcon.colcon_core.shell:Creating environment hook '/home/vboxuser/hw4_ws/install/custom_interfaces/share/custom_interfaces/hook/ld_library_path_lib.ps1'
[3.089s] INFO:colcon.colcon_core.shell:Creating environment descriptor '/home/vboxuser/hw4_ws/install/custom_interfaces/share/custom_interfaces/hook/ld_library_path_lib.dsv'
[3.089s] INFO:colcon.colcon_core.shell:Creating environment hook '/home/vboxuser/hw4_ws/install/custom_interfaces/share/custom_interfaces/hook/ld_library_path_lib.sh'
[3.090s] Level 1:colcon.colcon_core.environment:checking '/home/vboxuser/hw4_ws/install/custom_interfaces/bin'
[3.090s] Level 1:colcon.colcon_core.environment:checking '/home/vboxuser/hw4_ws/install/custom_interfaces/lib/pkgconfig/custom_interfaces.pc'
[3.090s] Level 1:colcon.colcon_core.environment:checking '/home/vboxuser/hw4_ws/install/custom_interfaces/lib/python3.10/site-packages'
[3.091s] Level 1:colcon.colcon_core.environment:checking '/home/vboxuser/hw4_ws/install/custom_interfaces/bin'
[3.112s] INFO:colcon.colcon_core.shell:Creating package script '/home/vboxuser/hw4_ws/install/custom_interfaces/share/custom_interfaces/package.ps1'
[3.113s] INFO:colcon.colcon_core.shell:Creating package descriptor '/home/vboxuser/hw4_ws/install/custom_interfaces/share/custom_interfaces/package.dsv'
[3.115s] INFO:colcon.colcon_core.shell:Creating package script '/home/vboxuser/hw4_ws/install/custom_interfaces/share/custom_interfaces/package.sh'
[3.116s] INFO:colcon.colcon_core.shell:Creating package script '/home/vboxuser/hw4_ws/install/custom_interfaces/share/custom_interfaces/package.bash'
[3.117s] INFO:colcon.colcon_core.shell:Creating package script '/home/vboxuser/hw4_ws/install/custom_interfaces/share/custom_interfaces/package.zsh'
[3.118s] Level 1:colcon.colcon_core.environment:create_file_with_runtime_dependencies(/home/vboxuser/hw4_ws/install/custom_interfaces/share/colcon-core/packages/custom_interfaces)
[3.131s] DEBUG:colcon.colcon_parallel_executor.executor.parallel:closing loop
[3.132s] DEBUG:colcon.colcon_parallel_executor.executor.parallel:loop closed
[3.132s] DEBUG:colcon.colcon_parallel_executor.executor.parallel:run_until_complete finished with '2'
[3.132s] DEBUG:colcon.colcon_core.event_reactor:joining thread
[3.181s] INFO:colcon.colcon_core.plugin_system:Skipping extension 'colcon_notification.desktop_notification.terminal_notifier': Not used on non-Darwin systems
[3.181s] INFO:colcon.colcon_core.plugin_system:Skipping extension 'colcon_notification.desktop_notification.win32': Not used on non-Windows systems
[3.181s] INFO:colcon.colcon_notification.desktop_notification:Sending desktop notification using 'notify2'
[3.199s] DEBUG:colcon.colcon_core.event_reactor:joined thread
[3.220s] INFO:colcon.colcon_core.shell:Creating prefix script '/home/vboxuser/hw4_ws/install/local_setup.ps1'
[3.222s] INFO:colcon.colcon_core.shell:Creating prefix util module '/home/vboxuser/hw4_ws/install/_local_setup_util_ps1.py'
[3.224s] INFO:colcon.colcon_core.shell:Creating prefix chain script '/home/vboxuser/hw4_ws/install/setup.ps1'
[3.251s] INFO:colcon.colcon_core.shell:Creating prefix script '/home/vboxuser/hw4_ws/install/local_setup.sh'
[3.252s] INFO:colcon.colcon_core.shell:Creating prefix util module '/home/vboxuser/hw4_ws/install/_local_setup_util_sh.py'
[3.253s] INFO:colcon.colcon_core.shell:Creating prefix chain script '/home/vboxuser/hw4_ws/install/setup.sh'
[3.275s] INFO:colcon.colcon_core.shell:Creating prefix script '/home/vboxuser/hw4_ws/install/local_setup.bash'
[3.276s] INFO:colcon.colcon_core.shell:Creating prefix chain script '/home/vboxuser/hw4_ws/install/setup.bash'
[3.300s] INFO:colcon.colcon_core.shell:Creating prefix script '/home/vboxuser/hw4_ws/install/local_setup.zsh'
[3.301s] INFO:colcon.colcon_core.shell:Creating prefix chain script '/home/vboxuser/hw4_ws/install/setup.zsh'
