[3.021s] Invoking command in '/home/vboxuser/hw5_ws/src/actions_py': PYTHONPATH=/home/vboxuser/hw5_ws/src/build/actions_py/prefix_override:/home/vboxuser/hw5_ws/src/install/actions_py/lib/python3.10/site-packages:${PYTHONPATH} /usr/bin/python3 setup.py egg_info --egg-base ../build/actions_py build --build-base /home/vboxuser/hw5_ws/src/build/actions_py/build install --record /home/vboxuser/hw5_ws/src/build/actions_py/install.log --single-version-externally-managed
[3.842s] running egg_info
[3.861s] writing ../build/actions_py/actions_py.egg-info/PKG-INFO
[3.890s] writing dependency_links to ../build/actions_py/actions_py.egg-info/dependency_links.txt
[3.890s] writing entry points to ../build/actions_py/actions_py.egg-info/entry_points.txt
[3.890s] writing requirements to ../build/actions_py/actions_py.egg-info/requires.txt
[3.890s] writing top-level names to ../build/actions_py/actions_py.egg-info/top_level.txt
[3.897s] reading manifest file '../build/actions_py/actions_py.egg-info/SOURCES.txt'
[3.897s] writing manifest file '../build/actions_py/actions_py.egg-info/SOURCES.txt'
[3.897s] running build
[3.897s] running build_py
[3.897s] running install
[3.897s] running install_lib
[3.908s] running install_data
[3.908s] running install_egg_info
[3.927s] removing '/home/vboxuser/hw5_ws/src/install/actions_py/lib/python3.10/site-packages/actions_py-0.0.0-py3.10.egg-info' (and everything under it)
[3.927s] Copying ../build/actions_py/actions_py.egg-info to /home/vboxuser/hw5_ws/src/install/actions_py/lib/python3.10/site-packages/actions_py-0.0.0-py3.10.egg-info
[3.930s] running install_scripts
[3.987s] Installing count_until_client script to /home/vboxuser/hw5_ws/src/install/actions_py/lib/actions_py
[3.989s] Installing count_until_server script to /home/vboxuser/hw5_ws/src/install/actions_py/lib/actions_py
[3.989s] writing list of installed files to '/home/vboxuser/hw5_ws/src/build/actions_py/install.log'
[5.222s] Invoked command in '/home/vboxuser/hw5_ws/src/actions_py' returned '0': PYTHONPATH=/home/vboxuser/hw5_ws/src/build/actions_py/prefix_override:/home/vboxuser/hw5_ws/src/install/actions_py/lib/python3.10/site-packages:${PYTHONPATH} /usr/bin/python3 setup.py egg_info --egg-base ../build/actions_py build --build-base /home/vboxuser/hw5_ws/src/build/actions_py/build install --record /home/vboxuser/hw5_ws/src/build/actions_py/install.log --single-version-externally-managed
