[0.266s] Invoking command in '/home/vboxuser/ros2_ws/src/build/examples_rclcpp_minimal_client': CMAKE_PREFIX_PATH=${CMAKE_PREFIX_PATH}:/home/vboxuser/ros2_ws/install/py_pubsub2:/home/vboxuser/ros2_ws/install/py_pubsub:/home/vboxuser/ros2_ws/install/launch_testing_examples:/home/vboxuser/ros2_ws/install/examples_rclpy_pointcloud_publisher:/home/vboxuser/ros2_ws/install/examples_rclpy_minimal_subscriber:/home/vboxuser/ros2_ws/install/examples_rclpy_minimal_service:/home/vboxuser/ros2_ws/install/examples_rclpy_minimal_publisher:/home/vboxuser/ros2_ws/install/examples_rclpy_minimal_client:/home/vboxuser/ros2_ws/install/examples_rclpy_minimal_action_server:/home/vboxuser/ros2_ws/install/examples_rclpy_minimal_action_client:/home/vboxuser/ros2_ws/install/examples_rclpy_guard_conditions:/home/vboxuser/ros2_ws/install/examples_rclpy_executors:/home/vboxuser/HW3_ws/install/py_pubsub:/home/vboxuser/HW3_ws/install/Q1:/opt/ros/humble /usr/bin/cmake /home/vboxuser/ros2_ws/src/examples/rclcpp/services/minimal_client -DCMAKE_INSTALL_PREFIX=/home/vboxuser/ros2_ws/src/install/examples_rclcpp_minimal_client
[0.838s] -- The C compiler identification is GNU 11.4.0
[1.131s] -- The CXX compiler identification is GNU 11.4.0
[1.141s] -- Detecting C compiler ABI info
[1.335s] -- Detecting C compiler ABI info - done
[1.361s] -- Check for working C compiler: /usr/bin/cc - skipped
[1.362s] -- Detecting C compile features
[1.362s] -- Detecting C compile features - done
[1.367s] -- Detecting CXX compiler ABI info
[1.533s] -- Detecting CXX compiler ABI info - done
[1.559s] -- Check for working CXX compiler: /usr/bin/c++ - skipped
[1.559s] -- Detecting CXX compile features
[1.560s] -- Detecting CXX compile features - done
[1.563s] -- Found ament_cmake: 1.3.6 (/opt/ros/humble/share/ament_cmake/cmake)
[1.882s] -- Found Python3: /usr/bin/python3.10 (found version "3.10.12") found components: Interpreter 
[2.103s] -- Found example_interfaces: 0.9.3 (/opt/ros/humble/share/example_interfaces/cmake)
[2.184s] -- Found rosidl_generator_c: 3.1.5 (/opt/ros/humble/share/rosidl_generator_c/cmake)
[2.201s] -- Found rosidl_adapter: 3.1.5 (/opt/ros/humble/share/rosidl_adapter/cmake)
[2.223s] -- Found rosidl_generator_cpp: 3.1.5 (/opt/ros/humble/share/rosidl_generator_cpp/cmake)
[2.261s] -- Using all available rosidl_typesupport_c: rosidl_typesupport_fastrtps_c;rosidl_typesupport_introspection_c
[2.307s] -- Using all available rosidl_typesupport_cpp: rosidl_typesupport_fastrtps_cpp;rosidl_typesupport_introspection_cpp
[2.620s] -- Found rclcpp: 16.0.7 (/opt/ros/humble/share/rclcpp/cmake)
[2.749s] -- Found rmw_implementation_cmake: 6.1.1 (/opt/ros/humble/share/rmw_implementation_cmake/cmake)
[2.757s] -- Found rmw_fastrtps_cpp: 6.2.5 (/opt/ros/humble/share/rmw_fastrtps_cpp/cmake)
[2.959s] -- Found OpenSSL: /usr/lib/x86_64-linux-gnu/libcrypto.so (found version "3.0.2")  
[3.007s] -- Found FastRTPS: /opt/ros/humble/include  
[3.104s] -- Using RMW implementation 'rmw_fastrtps_cpp' as default
[3.107s] -- Looking for pthread.h
[3.232s] -- Looking for pthread.h - found
[3.232s] -- Performing Test CMAKE_HAVE_LIBC_PTHREAD
[3.368s] -- Performing Test CMAKE_HAVE_LIBC_PTHREAD - Success
[3.369s] -- Found Threads: TRUE  
[3.766s] -- Found ament_lint_auto: 0.12.9 (/opt/ros/humble/share/ament_lint_auto/cmake)
[3.924s] -- Added test 'copyright' to check source files copyright and LICENSE
[3.932s] -- Added test 'cppcheck' to perform static code analysis on C / C++ code
[3.932s] -- Configured cppcheck include dirs: 
[3.932s] -- Configured cppcheck exclude dirs and/or files: 
[3.932s] -- Added test 'cpplint' to check C / C++ code against the Google style
[3.932s] -- Configured cpplint exclude dirs and/or files: 
[3.932s] -- Added test 'lint_cmake' to check CMake code style
[3.944s] -- Added test 'uncrustify' to check C / C++ code style
[3.944s] -- Configured uncrustify additional arguments: 
[3.946s] -- Added test 'xmllint' to check XML markup files
[3.949s] -- Configuring done
[3.979s] -- Generating done
[3.982s] -- Build files have been written to: /home/vboxuser/ros2_ws/src/build/examples_rclcpp_minimal_client
[4.021s] Invoked command in '/home/vboxuser/ros2_ws/src/build/examples_rclcpp_minimal_client' returned '0': CMAKE_PREFIX_PATH=${CMAKE_PREFIX_PATH}:/home/vboxuser/ros2_ws/install/py_pubsub2:/home/vboxuser/ros2_ws/install/py_pubsub:/home/vboxuser/ros2_ws/install/launch_testing_examples:/home/vboxuser/ros2_ws/install/examples_rclpy_pointcloud_publisher:/home/vboxuser/ros2_ws/install/examples_rclpy_minimal_subscriber:/home/vboxuser/ros2_ws/install/examples_rclpy_minimal_service:/home/vboxuser/ros2_ws/install/examples_rclpy_minimal_publisher:/home/vboxuser/ros2_ws/install/examples_rclpy_minimal_client:/home/vboxuser/ros2_ws/install/examples_rclpy_minimal_action_server:/home/vboxuser/ros2_ws/install/examples_rclpy_minimal_action_client:/home/vboxuser/ros2_ws/install/examples_rclpy_guard_conditions:/home/vboxuser/ros2_ws/install/examples_rclpy_executors:/home/vboxuser/HW3_ws/install/py_pubsub:/home/vboxuser/HW3_ws/install/Q1:/opt/ros/humble /usr/bin/cmake /home/vboxuser/ros2_ws/src/examples/rclcpp/services/minimal_client -DCMAKE_INSTALL_PREFIX=/home/vboxuser/ros2_ws/src/install/examples_rclcpp_minimal_client
[4.040s] Invoking command in '/home/vboxuser/ros2_ws/src/build/examples_rclcpp_minimal_client': CMAKE_PREFIX_PATH=${CMAKE_PREFIX_PATH}:/home/vboxuser/ros2_ws/install/py_pubsub2:/home/vboxuser/ros2_ws/install/py_pubsub:/home/vboxuser/ros2_ws/install/launch_testing_examples:/home/vboxuser/ros2_ws/install/examples_rclpy_pointcloud_publisher:/home/vboxuser/ros2_ws/install/examples_rclpy_minimal_subscriber:/home/vboxuser/ros2_ws/install/examples_rclpy_minimal_service:/home/vboxuser/ros2_ws/install/examples_rclpy_minimal_publisher:/home/vboxuser/ros2_ws/install/examples_rclpy_minimal_client:/home/vboxuser/ros2_ws/install/examples_rclpy_minimal_action_server:/home/vboxuser/ros2_ws/install/examples_rclpy_minimal_action_client:/home/vboxuser/ros2_ws/install/examples_rclpy_guard_conditions:/home/vboxuser/ros2_ws/install/examples_rclpy_executors:/home/vboxuser/HW3_ws/install/py_pubsub:/home/vboxuser/HW3_ws/install/Q1:/opt/ros/humble /usr/bin/cmake --build /home/vboxuser/ros2_ws/src/build/examples_rclcpp_minimal_client -- -j6 -l6
[4.238s] [ 50%] [32mBuilding CXX object CMakeFiles/client_main.dir/main.cpp.o[0m
[22.513s] [100%] [32m[1mLinking CXX executable client_main[0m
[23.650s] [100%] Built target client_main
[23.978s] Invoked command in '/home/vboxuser/ros2_ws/src/build/examples_rclcpp_minimal_client' returned '0': CMAKE_PREFIX_PATH=${CMAKE_PREFIX_PATH}:/home/vboxuser/ros2_ws/install/py_pubsub2:/home/vboxuser/ros2_ws/install/py_pubsub:/home/vboxuser/ros2_ws/install/launch_testing_examples:/home/vboxuser/ros2_ws/install/examples_rclpy_pointcloud_publisher:/home/vboxuser/ros2_ws/install/examples_rclpy_minimal_subscriber:/home/vboxuser/ros2_ws/install/examples_rclpy_minimal_service:/home/vboxuser/ros2_ws/install/examples_rclpy_minimal_publisher:/home/vboxuser/ros2_ws/install/examples_rclpy_minimal_client:/home/vboxuser/ros2_ws/install/examples_rclpy_minimal_action_server:/home/vboxuser/ros2_ws/install/examples_rclpy_minimal_action_client:/home/vboxuser/ros2_ws/install/examples_rclpy_guard_conditions:/home/vboxuser/ros2_ws/install/examples_rclpy_executors:/home/vboxuser/HW3_ws/install/py_pubsub:/home/vboxuser/HW3_ws/install/Q1:/opt/ros/humble /usr/bin/cmake --build /home/vboxuser/ros2_ws/src/build/examples_rclcpp_minimal_client -- -j6 -l6
[24.280s] Invoking command in '/home/vboxuser/ros2_ws/src/build/examples_rclcpp_minimal_client': CMAKE_PREFIX_PATH=${CMAKE_PREFIX_PATH}:/home/vboxuser/ros2_ws/install/py_pubsub2:/home/vboxuser/ros2_ws/install/py_pubsub:/home/vboxuser/ros2_ws/install/launch_testing_examples:/home/vboxuser/ros2_ws/install/examples_rclpy_pointcloud_publisher:/home/vboxuser/ros2_ws/install/examples_rclpy_minimal_subscriber:/home/vboxuser/ros2_ws/install/examples_rclpy_minimal_service:/home/vboxuser/ros2_ws/install/examples_rclpy_minimal_publisher:/home/vboxuser/ros2_ws/install/examples_rclpy_minimal_client:/home/vboxuser/ros2_ws/install/examples_rclpy_minimal_action_server:/home/vboxuser/ros2_ws/install/examples_rclpy_minimal_action_client:/home/vboxuser/ros2_ws/install/examples_rclpy_guard_conditions:/home/vboxuser/ros2_ws/install/examples_rclpy_executors:/home/vboxuser/HW3_ws/install/py_pubsub:/home/vboxuser/HW3_ws/install/Q1:/opt/ros/humble /usr/bin/cmake --install /home/vboxuser/ros2_ws/src/build/examples_rclcpp_minimal_client
[24.480s] -- Install configuration: ""
[24.481s] -- Installing: /home/vboxuser/ros2_ws/src/install/examples_rclcpp_minimal_client/lib/examples_rclcpp_minimal_client/client_main
[24.481s] -- Set runtime path of "/home/vboxuser/ros2_ws/src/install/examples_rclcpp_minimal_client/lib/examples_rclcpp_minimal_client/client_main" to ""
[24.481s] -- Installing: /home/vboxuser/ros2_ws/src/install/examples_rclcpp_minimal_client/share/ament_index/resource_index/package_run_dependencies/examples_rclcpp_minimal_client
[24.481s] -- Installing: /home/vboxuser/ros2_ws/src/install/examples_rclcpp_minimal_client/share/ament_index/resource_index/parent_prefix_path/examples_rclcpp_minimal_client
[24.481s] -- Installing: /home/vboxuser/ros2_ws/src/install/examples_rclcpp_minimal_client/share/examples_rclcpp_minimal_client/environment/ament_prefix_path.sh
[24.481s] -- Installing: /home/vboxuser/ros2_ws/src/install/examples_rclcpp_minimal_client/share/examples_rclcpp_minimal_client/environment/ament_prefix_path.dsv
[24.481s] -- Installing: /home/vboxuser/ros2_ws/src/install/examples_rclcpp_minimal_client/share/examples_rclcpp_minimal_client/environment/path.sh
[24.481s] -- Installing: /home/vboxuser/ros2_ws/src/install/examples_rclcpp_minimal_client/share/examples_rclcpp_minimal_client/environment/path.dsv
[24.481s] -- Installing: /home/vboxuser/ros2_ws/src/install/examples_rclcpp_minimal_client/share/examples_rclcpp_minimal_client/local_setup.bash
[24.482s] -- Installing: /home/vboxuser/ros2_ws/src/install/examples_rclcpp_minimal_client/share/examples_rclcpp_minimal_client/local_setup.sh
[24.482s] -- Installing: /home/vboxuser/ros2_ws/src/install/examples_rclcpp_minimal_client/share/examples_rclcpp_minimal_client/local_setup.zsh
[24.482s] -- Installing: /home/vboxuser/ros2_ws/src/install/examples_rclcpp_minimal_client/share/examples_rclcpp_minimal_client/local_setup.dsv
[24.482s] -- Installing: /home/vboxuser/ros2_ws/src/install/examples_rclcpp_minimal_client/share/examples_rclcpp_minimal_client/package.dsv
[24.482s] -- Installing: /home/vboxuser/ros2_ws/src/install/examples_rclcpp_minimal_client/share/ament_index/resource_index/packages/examples_rclcpp_minimal_client
[24.482s] -- Installing: /home/vboxuser/ros2_ws/src/install/examples_rclcpp_minimal_client/share/examples_rclcpp_minimal_client/cmake/examples_rclcpp_minimal_clientConfig.cmake
[24.482s] -- Installing: /home/vboxuser/ros2_ws/src/install/examples_rclcpp_minimal_client/share/examples_rclcpp_minimal_client/cmake/examples_rclcpp_minimal_clientConfig-version.cmake
[24.482s] -- Installing: /home/vboxuser/ros2_ws/src/install/examples_rclcpp_minimal_client/share/examples_rclcpp_minimal_client/package.xml
[25.875s] Invoked command in '/home/vboxuser/ros2_ws/src/build/examples_rclcpp_minimal_client' returned '0': CMAKE_PREFIX_PATH=${CMAKE_PREFIX_PATH}:/home/vboxuser/ros2_ws/install/py_pubsub2:/home/vboxuser/ros2_ws/install/py_pubsub:/home/vboxuser/ros2_ws/install/launch_testing_examples:/home/vboxuser/ros2_ws/install/examples_rclpy_pointcloud_publisher:/home/vboxuser/ros2_ws/install/examples_rclpy_minimal_subscriber:/home/vboxuser/ros2_ws/install/examples_rclpy_minimal_service:/home/vboxuser/ros2_ws/install/examples_rclpy_minimal_publisher:/home/vboxuser/ros2_ws/install/examples_rclpy_minimal_client:/home/vboxuser/ros2_ws/install/examples_rclpy_minimal_action_server:/home/vboxuser/ros2_ws/install/examples_rclpy_minimal_action_client:/home/vboxuser/ros2_ws/install/examples_rclpy_guard_conditions:/home/vboxuser/ros2_ws/install/examples_rclpy_executors:/home/vboxuser/HW3_ws/install/py_pubsub:/home/vboxuser/HW3_ws/install/Q1:/opt/ros/humble /usr/bin/cmake --install /home/vboxuser/ros2_ws/src/build/examples_rclcpp_minimal_client
