[1.474s] DEBUG:colcon:Command line arguments: ['/usr/bin/colcon', 'build']
[1.474s] DEBUG:colcon:Parsed command line arguments: Namespace(log_base=None, log_level=None, verb_name='build', build_base='build', install_base='install', merge_install=False, symlink_install=False, test_result_base=None, continue_on_error=False, executor='parallel', parallel_workers=6, event_handlers=None, ignore_user_meta=False, metas=['./colcon.meta'], base_paths=['.'], packages_ignore=None, packages_ignore_regex=None, paths=None, packages_up_to=None, packages_up_to_regex=None, packages_above=None, packages_above_and_dependencies=None, packages_above_depth=None, packages_select_by_dep=None, packages_skip_by_dep=None, packages_skip_up_to=None, packages_select_build_failed=False, packages_skip_build_finished=False, packages_select_test_failures=False, packages_skip_test_passed=False, packages_select=None, packages_skip=None, packages_select_regex=None, packages_skip_regex=None, packages_start=None, packages_end=None, allow_overriding=[], cmake_args=None, cmake_target=None, cmake_target_skip_unavailable=False, cmake_clean_cache=False, cmake_clean_first=False, cmake_force_configure=False, ament_cmake_args=None, catkin_cmake_args=None, catkin_skip_building_tests=False, verb_parser=<colcon_defaults.argument_parser.defaults.DefaultArgumentsDecorator object at 0x7eff5253e890>, verb_extension=<colcon_core.verb.build.BuildVerb object at 0x7eff5253ecb0>, main=<bound method BuildVerb.main of <colcon_core.verb.build.BuildVerb object at 0x7eff5253ecb0>>)
[1.535s] Level 1:colcon.colcon_core.package_discovery:discover_packages(colcon_meta) check parameters
[1.536s] Level 1:colcon.colcon_core.package_discovery:discover_packages(recursive) check parameters
[1.536s] Level 1:colcon.colcon_core.package_discovery:discover_packages(ignore) check parameters
[1.536s] Level 1:colcon.colcon_core.package_discovery:discover_packages(path) check parameters
[1.536s] Level 1:colcon.colcon_core.package_discovery:discover_packages(colcon_meta) discover
[1.536s] Level 1:colcon.colcon_core.package_discovery:discover_packages(recursive) discover
[1.536s] INFO:colcon.colcon_core.package_discovery:Crawling recursively for packages in '/home/vboxuser/hw3_ws'
[1.536s] Level 1:colcon.colcon_core.package_identification:_identify(.) by extensions ['ignore', 'ignore_ament_install']
[1.536s] Level 1:colcon.colcon_core.package_identification:_identify(.) by extension 'ignore'
[1.536s] Level 1:colcon.colcon_core.package_identification:_identify(.) by extension 'ignore_ament_install'
[1.536s] Level 1:colcon.colcon_core.package_identification:_identify(.) by extensions ['colcon_pkg']
[1.536s] Level 1:colcon.colcon_core.package_identification:_identify(.) by extension 'colcon_pkg'
[1.536s] Level 1:colcon.colcon_core.package_identification:_identify(.) by extensions ['colcon_meta']
[1.536s] Level 1:colcon.colcon_core.package_identification:_identify(.) by extension 'colcon_meta'
[1.536s] Level 1:colcon.colcon_core.package_identification:_identify(.) by extensions ['ros']
[1.537s] Level 1:colcon.colcon_core.package_identification:_identify(.) by extension 'ros'
[1.552s] Level 1:colcon.colcon_core.package_identification:_identify(.) by extensions ['cmake', 'python']
[1.552s] Level 1:colcon.colcon_core.package_identification:_identify(.) by extension 'cmake'
[1.552s] Level 1:colcon.colcon_core.package_identification:_identify(.) by extension 'python'
[1.552s] Level 1:colcon.colcon_core.package_identification:_identify(.) by extensions ['python_setup_py']
[1.552s] Level 1:colcon.colcon_core.package_identification:_identify(.) by extension 'python_setup_py'
[1.552s] Level 1:colcon.colcon_core.package_identification:_identify(build) by extensions ['ignore', 'ignore_ament_install']
[1.552s] Level 1:colcon.colcon_core.package_identification:_identify(build) by extension 'ignore'
[1.552s] Level 1:colcon.colcon_core.package_identification:_identify(build) ignored
[1.552s] Level 1:colcon.colcon_core.package_identification:_identify(install) by extensions ['ignore', 'ignore_ament_install']
[1.553s] Level 1:colcon.colcon_core.package_identification:_identify(install) by extension 'ignore'
[1.553s] Level 1:colcon.colcon_core.package_identification:_identify(install) ignored
[1.553s] Level 1:colcon.colcon_core.package_identification:_identify(log) by extensions ['ignore', 'ignore_ament_install']
[1.553s] Level 1:colcon.colcon_core.package_identification:_identify(log) by extension 'ignore'
[1.553s] Level 1:colcon.colcon_core.package_identification:_identify(log) ignored
[1.553s] Level 1:colcon.colcon_core.package_identification:_identify(src) by extensions ['ignore', 'ignore_ament_install']
[1.553s] Level 1:colcon.colcon_core.package_identification:_identify(src) by extension 'ignore'
[1.553s] Level 1:colcon.colcon_core.package_identification:_identify(src) by extension 'ignore_ament_install'
[1.553s] Level 1:colcon.colcon_core.package_identification:_identify(src) by extensions ['colcon_pkg']
[1.553s] Level 1:colcon.colcon_core.package_identification:_identify(src) by extension 'colcon_pkg'
[1.553s] Level 1:colcon.colcon_core.package_identification:_identify(src) by extensions ['colcon_meta']
[1.554s] Level 1:colcon.colcon_core.package_identification:_identify(src) by extension 'colcon_meta'
[1.554s] Level 1:colcon.colcon_core.package_identification:_identify(src) by extensions ['ros']
[1.554s] Level 1:colcon.colcon_core.package_identification:_identify(src) by extension 'ros'
[1.554s] Level 1:colcon.colcon_core.package_identification:_identify(src) by extensions ['cmake', 'python']
[1.554s] Level 1:colcon.colcon_core.package_identification:_identify(src) by extension 'cmake'
[1.554s] Level 1:colcon.colcon_core.package_identification:_identify(src) by extension 'python'
[1.554s] Level 1:colcon.colcon_core.package_identification:_identify(src) by extensions ['python_setup_py']
[1.554s] Level 1:colcon.colcon_core.package_identification:_identify(src) by extension 'python_setup_py'
[1.554s] Level 1:colcon.colcon_core.package_identification:_identify(src/py_pubsub) by extensions ['ignore', 'ignore_ament_install']
[1.554s] Level 1:colcon.colcon_core.package_identification:_identify(src/py_pubsub) by extension 'ignore'
[1.554s] Level 1:colcon.colcon_core.package_identification:_identify(src/py_pubsub) by extension 'ignore_ament_install'
[1.554s] Level 1:colcon.colcon_core.package_identification:_identify(src/py_pubsub) by extensions ['colcon_pkg']
[1.554s] Level 1:colcon.colcon_core.package_identification:_identify(src/py_pubsub) by extension 'colcon_pkg'
[1.554s] Level 1:colcon.colcon_core.package_identification:_identify(src/py_pubsub) by extensions ['colcon_meta']
[1.554s] Level 1:colcon.colcon_core.package_identification:_identify(src/py_pubsub) by extension 'colcon_meta'
[1.554s] Level 1:colcon.colcon_core.package_identification:_identify(src/py_pubsub) by extensions ['ros']
[1.555s] Level 1:colcon.colcon_core.package_identification:_identify(src/py_pubsub) by extension 'ros'
[1.558s] DEBUG:colcon.colcon_core.package_identification:Package 'src/py_pubsub' with type 'ros.ament_python' and name 'py_pubsub'
[1.558s] Level 1:colcon.colcon_core.package_identification:_identify(src/q1) by extensions ['ignore', 'ignore_ament_install']
[1.558s] Level 1:colcon.colcon_core.package_identification:_identify(src/q1) by extension 'ignore'
[1.558s] Level 1:colcon.colcon_core.package_identification:_identify(src/q1) by extension 'ignore_ament_install'
[1.558s] Level 1:colcon.colcon_core.package_identification:_identify(src/q1) by extensions ['colcon_pkg']
[1.558s] Level 1:colcon.colcon_core.package_identification:_identify(src/q1) by extension 'colcon_pkg'
[1.558s] Level 1:colcon.colcon_core.package_identification:_identify(src/q1) by extensions ['colcon_meta']
[1.558s] Level 1:colcon.colcon_core.package_identification:_identify(src/q1) by extension 'colcon_meta'
[1.558s] Level 1:colcon.colcon_core.package_identification:_identify(src/q1) by extensions ['ros']
[1.558s] Level 1:colcon.colcon_core.package_identification:_identify(src/q1) by extension 'ros'
[1.559s] DEBUG:colcon.colcon_core.package_identification:Package 'src/q1' with type 'ros.ament_python' and name 'q1'
[1.559s] Level 1:colcon.colcon_core.package_identification:_identify(src/q2) by extensions ['ignore', 'ignore_ament_install']
[1.559s] Level 1:colcon.colcon_core.package_identification:_identify(src/q2) by extension 'ignore'
[1.559s] Level 1:colcon.colcon_core.package_identification:_identify(src/q2) by extension 'ignore_ament_install'
[1.559s] Level 1:colcon.colcon_core.package_identification:_identify(src/q2) by extensions ['colcon_pkg']
[1.559s] Level 1:colcon.colcon_core.package_identification:_identify(src/q2) by extension 'colcon_pkg'
[1.559s] Level 1:colcon.colcon_core.package_identification:_identify(src/q2) by extensions ['colcon_meta']
[1.559s] Level 1:colcon.colcon_core.package_identification:_identify(src/q2) by extension 'colcon_meta'
[1.559s] Level 1:colcon.colcon_core.package_identification:_identify(src/q2) by extensions ['ros']
[1.560s] Level 1:colcon.colcon_core.package_identification:_identify(src/q2) by extension 'ros'
[1.560s] DEBUG:colcon.colcon_core.package_identification:Package 'src/q2' with type 'ros.ament_python' and name 'q2'
[1.560s] Level 1:colcon.colcon_core.package_identification:_identify(src/q3) by extensions ['ignore', 'ignore_ament_install']
[1.560s] Level 1:colcon.colcon_core.package_identification:_identify(src/q3) by extension 'ignore'
[1.561s] Level 1:colcon.colcon_core.package_identification:_identify(src/q3) by extension 'ignore_ament_install'
[1.561s] Level 1:colcon.colcon_core.package_identification:_identify(src/q3) by extensions ['colcon_pkg']
[1.561s] Level 1:colcon.colcon_core.package_identification:_identify(src/q3) by extension 'colcon_pkg'
[1.561s] Level 1:colcon.colcon_core.package_identification:_identify(src/q3) by extensions ['colcon_meta']
[1.561s] Level 1:colcon.colcon_core.package_identification:_identify(src/q3) by extension 'colcon_meta'
[1.561s] Level 1:colcon.colcon_core.package_identification:_identify(src/q3) by extensions ['ros']
[1.561s] Level 1:colcon.colcon_core.package_identification:_identify(src/q3) by extension 'ros'
[1.562s] DEBUG:colcon.colcon_core.package_identification:Package 'src/q3' with type 'ros.ament_python' and name 'q3'
[1.562s] Level 1:colcon.colcon_core.package_identification:_identify(src/ros_tutorials) by extensions ['ignore', 'ignore_ament_install']
[1.562s] Level 1:colcon.colcon_core.package_identification:_identify(src/ros_tutorials) by extension 'ignore'
[1.562s] Level 1:colcon.colcon_core.package_identification:_identify(src/ros_tutorials) by extension 'ignore_ament_install'
[1.562s] Level 1:colcon.colcon_core.package_identification:_identify(src/ros_tutorials) by extensions ['colcon_pkg']
[1.562s] Level 1:colcon.colcon_core.package_identification:_identify(src/ros_tutorials) by extension 'colcon_pkg'
[1.562s] Level 1:colcon.colcon_core.package_identification:_identify(src/ros_tutorials) by extensions ['colcon_meta']
[1.562s] Level 1:colcon.colcon_core.package_identification:_identify(src/ros_tutorials) by extension 'colcon_meta'
[1.562s] Level 1:colcon.colcon_core.package_identification:_identify(src/ros_tutorials) by extensions ['ros']
[1.562s] Level 1:colcon.colcon_core.package_identification:_identify(src/ros_tutorials) by extension 'ros'
[1.562s] Level 1:colcon.colcon_core.package_identification:_identify(src/ros_tutorials) ignored
[1.562s] Level 1:colcon.colcon_core.package_identification:_identify(src/turtorial_interfaces) by extensions ['ignore', 'ignore_ament_install']
[1.562s] Level 1:colcon.colcon_core.package_identification:_identify(src/turtorial_interfaces) by extension 'ignore'
[1.562s] Level 1:colcon.colcon_core.package_identification:_identify(src/turtorial_interfaces) by extension 'ignore_ament_install'
[1.563s] Level 1:colcon.colcon_core.package_identification:_identify(src/turtorial_interfaces) by extensions ['colcon_pkg']
[1.563s] Level 1:colcon.colcon_core.package_identification:_identify(src/turtorial_interfaces) by extension 'colcon_pkg'
[1.563s] Level 1:colcon.colcon_core.package_identification:_identify(src/turtorial_interfaces) by extensions ['colcon_meta']
[1.563s] Level 1:colcon.colcon_core.package_identification:_identify(src/turtorial_interfaces) by extension 'colcon_meta'
[1.563s] Level 1:colcon.colcon_core.package_identification:_identify(src/turtorial_interfaces) by extensions ['ros']
[1.563s] Level 1:colcon.colcon_core.package_identification:_identify(src/turtorial_interfaces) by extension 'ros'
[1.563s] Level 1:colcon.colcon_core.package_identification:_identify(src/turtorial_interfaces) ignored
[1.563s] Level 1:colcon.colcon_core.package_discovery:discover_packages(recursive) using defaults
[1.563s] Level 1:colcon.colcon_core.package_discovery:discover_packages(ignore) discover
[1.563s] Level 1:colcon.colcon_core.package_discovery:discover_packages(ignore) using defaults
[1.563s] Level 1:colcon.colcon_core.package_discovery:discover_packages(path) discover
[1.563s] Level 1:colcon.colcon_core.package_discovery:discover_packages(path) using defaults
[1.693s] Level 1:colcon.colcon_core.package_discovery:discover_packages(prefix_path) check parameters
[1.693s] Level 1:colcon.colcon_core.package_discovery:discover_packages(prefix_path) discover
[1.738s] DEBUG:colcon.colcon_installed_package_information.package_discovery:Found 284 installed packages in /opt/ros/humble
[1.741s] Level 1:colcon.colcon_core.package_discovery:discover_packages(prefix_path) using defaults
[1.901s] Level 5:colcon.colcon_core.verb:set package 'py_pubsub' build argument 'cmake_args' from command line to 'None'
[1.901s] Level 5:colcon.colcon_core.verb:set package 'py_pubsub' build argument 'cmake_target' from command line to 'None'
[1.901s] Level 5:colcon.colcon_core.verb:set package 'py_pubsub' build argument 'cmake_target_skip_unavailable' from command line to 'False'
[1.901s] Level 5:colcon.colcon_core.verb:set package 'py_pubsub' build argument 'cmake_clean_cache' from command line to 'False'
[1.901s] Level 5:colcon.colcon_core.verb:set package 'py_pubsub' build argument 'cmake_clean_first' from command line to 'False'
[1.901s] Level 5:colcon.colcon_core.verb:set package 'py_pubsub' build argument 'cmake_force_configure' from command line to 'False'
[1.901s] Level 5:colcon.colcon_core.verb:set package 'py_pubsub' build argument 'ament_cmake_args' from command line to 'None'
[1.901s] Level 5:colcon.colcon_core.verb:set package 'py_pubsub' build argument 'catkin_cmake_args' from command line to 'None'
[1.901s] Level 5:colcon.colcon_core.verb:set package 'py_pubsub' build argument 'catkin_skip_building_tests' from command line to 'False'
[1.901s] DEBUG:colcon.colcon_core.verb:Building package 'py_pubsub' with the following arguments: {'ament_cmake_args': None, 'build_base': '/home/vboxuser/hw3_ws/build/py_pubsub', 'catkin_cmake_args': None, 'catkin_skip_building_tests': False, 'cmake_args': None, 'cmake_clean_cache': False, 'cmake_clean_first': False, 'cmake_force_configure': False, 'cmake_target': None, 'cmake_target_skip_unavailable': False, 'install_base': '/home/vboxuser/hw3_ws/install/py_pubsub', 'merge_install': False, 'path': '/home/vboxuser/hw3_ws/src/py_pubsub', 'symlink_install': False, 'test_result_base': None}
[1.921s] Level 5:colcon.colcon_core.verb:set package 'q1' build argument 'cmake_args' from command line to 'None'
[1.921s] Level 5:colcon.colcon_core.verb:set package 'q1' build argument 'cmake_target' from command line to 'None'
[1.921s] Level 5:colcon.colcon_core.verb:set package 'q1' build argument 'cmake_target_skip_unavailable' from command line to 'False'
[1.921s] Level 5:colcon.colcon_core.verb:set package 'q1' build argument 'cmake_clean_cache' from command line to 'False'
[1.922s] Level 5:colcon.colcon_core.verb:set package 'q1' build argument 'cmake_clean_first' from command line to 'False'
[1.922s] Level 5:colcon.colcon_core.verb:set package 'q1' build argument 'cmake_force_configure' from command line to 'False'
[1.922s] Level 5:colcon.colcon_core.verb:set package 'q1' build argument 'ament_cmake_args' from command line to 'None'
[1.922s] Level 5:colcon.colcon_core.verb:set package 'q1' build argument 'catkin_cmake_args' from command line to 'None'
[1.922s] Level 5:colcon.colcon_core.verb:set package 'q1' build argument 'catkin_skip_building_tests' from command line to 'False'
[1.922s] DEBUG:colcon.colcon_core.verb:Building package 'q1' with the following arguments: {'ament_cmake_args': None, 'build_base': '/home/vboxuser/hw3_ws/build/q1', 'catkin_cmake_args': None, 'catkin_skip_building_tests': False, 'cmake_args': None, 'cmake_clean_cache': False, 'cmake_clean_first': False, 'cmake_force_configure': False, 'cmake_target': None, 'cmake_target_skip_unavailable': False, 'install_base': '/home/vboxuser/hw3_ws/install/q1', 'merge_install': False, 'path': '/home/vboxuser/hw3_ws/src/q1', 'symlink_install': False, 'test_result_base': None}
[1.942s] Level 5:colcon.colcon_core.verb:set package 'q2' build argument 'cmake_args' from command line to 'None'
[1.942s] Level 5:colcon.colcon_core.verb:set package 'q2' build argument 'cmake_target' from command line to 'None'
[1.942s] Level 5:colcon.colcon_core.verb:set package 'q2' build argument 'cmake_target_skip_unavailable' from command line to 'False'
[1.942s] Level 5:colcon.colcon_core.verb:set package 'q2' build argument 'cmake_clean_cache' from command line to 'False'
[1.942s] Level 5:colcon.colcon_core.verb:set package 'q2' build argument 'cmake_clean_first' from command line to 'False'
[1.942s] Level 5:colcon.colcon_core.verb:set package 'q2' build argument 'cmake_force_configure' from command line to 'False'
[1.942s] Level 5:colcon.colcon_core.verb:set package 'q2' build argument 'ament_cmake_args' from command line to 'None'
[1.942s] Level 5:colcon.colcon_core.verb:set package 'q2' build argument 'catkin_cmake_args' from command line to 'None'
[1.942s] Level 5:colcon.colcon_core.verb:set package 'q2' build argument 'catkin_skip_building_tests' from command line to 'False'
[1.943s] DEBUG:colcon.colcon_core.verb:Building package 'q2' with the following arguments: {'ament_cmake_args': None, 'build_base': '/home/vboxuser/hw3_ws/build/q2', 'catkin_cmake_args': None, 'catkin_skip_building_tests': False, 'cmake_args': None, 'cmake_clean_cache': False, 'cmake_clean_first': False, 'cmake_force_configure': False, 'cmake_target': None, 'cmake_target_skip_unavailable': False, 'install_base': '/home/vboxuser/hw3_ws/install/q2', 'merge_install': False, 'path': '/home/vboxuser/hw3_ws/src/q2', 'symlink_install': False, 'test_result_base': None}
[1.963s] Level 5:colcon.colcon_core.verb:set package 'q3' build argument 'cmake_args' from command line to 'None'
[1.963s] Level 5:colcon.colcon_core.verb:set package 'q3' build argument 'cmake_target' from command line to 'None'
[1.963s] Level 5:colcon.colcon_core.verb:set package 'q3' build argument 'cmake_target_skip_unavailable' from command line to 'False'
[1.963s] Level 5:colcon.colcon_core.verb:set package 'q3' build argument 'cmake_clean_cache' from command line to 'False'
[1.963s] Level 5:colcon.colcon_core.verb:set package 'q3' build argument 'cmake_clean_first' from command line to 'False'
[1.963s] Level 5:colcon.colcon_core.verb:set package 'q3' build argument 'cmake_force_configure' from command line to 'False'
[1.963s] Level 5:colcon.colcon_core.verb:set package 'q3' build argument 'ament_cmake_args' from command line to 'None'
[1.963s] Level 5:colcon.colcon_core.verb:set package 'q3' build argument 'catkin_cmake_args' from command line to 'None'
[1.963s] Level 5:colcon.colcon_core.verb:set package 'q3' build argument 'catkin_skip_building_tests' from command line to 'False'
[1.963s] DEBUG:colcon.colcon_core.verb:Building package 'q3' with the following arguments: {'ament_cmake_args': None, 'build_base': '/home/vboxuser/hw3_ws/build/q3', 'catkin_cmake_args': None, 'catkin_skip_building_tests': False, 'cmake_args': None, 'cmake_clean_cache': False, 'cmake_clean_first': False, 'cmake_force_configure': False, 'cmake_target': None, 'cmake_target_skip_unavailable': False, 'install_base': '/home/vboxuser/hw3_ws/install/q3', 'merge_install': False, 'path': '/home/vboxuser/hw3_ws/src/q3', 'symlink_install': False, 'test_result_base': None}
[1.984s] INFO:colcon.colcon_core.executor:Executing jobs using 'parallel' executor
[2.006s] DEBUG:colcon.colcon_parallel_executor.executor.parallel:run_until_complete
[2.006s] INFO:colcon.colcon_ros.task.ament_python.build:Building ROS package in '/home/vboxuser/hw3_ws/src/py_pubsub' with build type 'ament_python'
[2.006s] Level 1:colcon.colcon_core.shell:create_environment_hook('py_pubsub', 'ament_prefix_path')
[2.030s] INFO:colcon.colcon_core.plugin_system:Skipping extension 'colcon_core.shell.bat': Not used on non-Windows systems
[2.030s] INFO:colcon.colcon_core.shell:Creating environment hook '/home/vboxuser/hw3_ws/install/py_pubsub/share/py_pubsub/hook/ament_prefix_path.ps1'
[2.031s] INFO:colcon.colcon_core.shell:Creating environment descriptor '/home/vboxuser/hw3_ws/install/py_pubsub/share/py_pubsub/hook/ament_prefix_path.dsv'
[2.031s] INFO:colcon.colcon_core.shell:Creating environment hook '/home/vboxuser/hw3_ws/install/py_pubsub/share/py_pubsub/hook/ament_prefix_path.sh'
[2.054s] INFO:colcon.colcon_core.shell:Skip shell extension 'powershell' for command environment: Not usable outside of PowerShell
[2.054s] DEBUG:colcon.colcon_core.shell:Skip shell extension 'dsv' for command environment
[2.097s] INFO:colcon.colcon_ros.task.ament_python.build:Building ROS package in '/home/vboxuser/hw3_ws/src/q1' with build type 'ament_python'
[2.097s] Level 1:colcon.colcon_core.shell:create_environment_hook('q1', 'ament_prefix_path')
[2.121s] INFO:colcon.colcon_core.shell:Creating environment hook '/home/vboxuser/hw3_ws/install/q1/share/q1/hook/ament_prefix_path.ps1'
[2.121s] INFO:colcon.colcon_core.shell:Creating environment descriptor '/home/vboxuser/hw3_ws/install/q1/share/q1/hook/ament_prefix_path.dsv'
[2.122s] INFO:colcon.colcon_core.shell:Creating environment hook '/home/vboxuser/hw3_ws/install/q1/share/q1/hook/ament_prefix_path.sh'
[2.144s] INFO:colcon.colcon_core.shell:Skip shell extension 'powershell' for command environment: Not usable outside of PowerShell
[2.145s] DEBUG:colcon.colcon_core.shell:Skip shell extension 'dsv' for command environment
[2.189s] INFO:colcon.colcon_ros.task.ament_python.build:Building ROS package in '/home/vboxuser/hw3_ws/src/q2' with build type 'ament_python'
[2.189s] Level 1:colcon.colcon_core.shell:create_environment_hook('q2', 'ament_prefix_path')
[2.214s] INFO:colcon.colcon_core.shell:Creating environment hook '/home/vboxuser/hw3_ws/install/q2/share/q2/hook/ament_prefix_path.ps1'
[2.215s] INFO:colcon.colcon_core.shell:Creating environment descriptor '/home/vboxuser/hw3_ws/install/q2/share/q2/hook/ament_prefix_path.dsv'
[2.215s] INFO:colcon.colcon_core.shell:Creating environment hook '/home/vboxuser/hw3_ws/install/q2/share/q2/hook/ament_prefix_path.sh'
[2.238s] INFO:colcon.colcon_core.shell:Skip shell extension 'powershell' for command environment: Not usable outside of PowerShell
[2.238s] DEBUG:colcon.colcon_core.shell:Skip shell extension 'dsv' for command environment
[2.290s] INFO:colcon.colcon_ros.task.ament_python.build:Building ROS package in '/home/vboxuser/hw3_ws/src/q3' with build type 'ament_python'
[2.290s] Level 1:colcon.colcon_core.shell:create_environment_hook('q3', 'ament_prefix_path')
[2.313s] INFO:colcon.colcon_core.shell:Creating environment hook '/home/vboxuser/hw3_ws/install/q3/share/q3/hook/ament_prefix_path.ps1'
[2.313s] INFO:colcon.colcon_core.shell:Creating environment descriptor '/home/vboxuser/hw3_ws/install/q3/share/q3/hook/ament_prefix_path.dsv'
[2.313s] INFO:colcon.colcon_core.shell:Creating environment hook '/home/vboxuser/hw3_ws/install/q3/share/q3/hook/ament_prefix_path.sh'
[2.334s] INFO:colcon.colcon_core.shell:Skip shell extension 'powershell' for command environment: Not usable outside of PowerShell
[2.334s] DEBUG:colcon.colcon_core.shell:Skip shell extension 'dsv' for command environment
[2.752s] INFO:colcon.colcon_core.task.python.build:Building Python package in '/home/vboxuser/hw3_ws/src/py_pubsub'
[2.773s] INFO:colcon.colcon_core.shell:Skip shell extension 'powershell' for command environment: Not usable outside of PowerShell
[2.773s] DEBUG:colcon.colcon_core.shell:Skip shell extension 'dsv' for command environment
[3.185s] INFO:colcon.colcon_core.task.python.build:Building Python package in '/home/vboxuser/hw3_ws/src/q1'
[3.205s] INFO:colcon.colcon_core.shell:Skip shell extension 'powershell' for command environment: Not usable outside of PowerShell
[3.205s] DEBUG:colcon.colcon_core.shell:Skip shell extension 'dsv' for command environment
[3.630s] INFO:colcon.colcon_core.task.python.build:Building Python package in '/home/vboxuser/hw3_ws/src/q2'
[3.650s] INFO:colcon.colcon_core.shell:Skip shell extension 'powershell' for command environment: Not usable outside of PowerShell
[3.650s] DEBUG:colcon.colcon_core.shell:Skip shell extension 'dsv' for command environment
[4.070s] INFO:colcon.colcon_core.task.python.build:Building Python package in '/home/vboxuser/hw3_ws/src/q3'
[4.091s] INFO:colcon.colcon_core.shell:Skip shell extension 'powershell' for command environment: Not usable outside of PowerShell
[4.091s] DEBUG:colcon.colcon_core.shell:Skip shell extension 'dsv' for command environment
[4.638s] DEBUG:colcon.colcon_core.event_handler.log_command:Invoking command in '/home/vboxuser/hw3_ws/src/q1': PYTHONPATH=/home/vboxuser/hw3_ws/build/q1/prefix_override:/home/vboxuser/hw3_ws/install/q1/lib/python3.10/site-packages:${PYTHONPATH} /usr/bin/python3 setup.py egg_info --egg-base ../../build/q1 build --build-base /home/vboxuser/hw3_ws/build/q1/build install --record /home/vboxuser/hw3_ws/build/q1/install.log --single-version-externally-managed
[4.643s] DEBUG:colcon.colcon_core.event_handler.log_command:Invoking command in '/home/vboxuser/hw3_ws/src/q2': PYTHONPATH=/home/vboxuser/hw3_ws/build/q2/prefix_override:/home/vboxuser/hw3_ws/install/q2/lib/python3.10/site-packages:${PYTHONPATH} /usr/bin/python3 setup.py egg_info --egg-base ../../build/q2 build --build-base /home/vboxuser/hw3_ws/build/q2/build install --record /home/vboxuser/hw3_ws/build/q2/install.log --single-version-externally-managed
[4.645s] DEBUG:colcon.colcon_core.event_handler.log_command:Invoking command in '/home/vboxuser/hw3_ws/src/py_pubsub': PYTHONPATH=/home/vboxuser/hw3_ws/build/py_pubsub/prefix_override:/home/vboxuser/hw3_ws/install/py_pubsub/lib/python3.10/site-packages:${PYTHONPATH} /usr/bin/python3 setup.py egg_info --egg-base ../../build/py_pubsub build --build-base /home/vboxuser/hw3_ws/build/py_pubsub/build install --record /home/vboxuser/hw3_ws/build/py_pubsub/install.log --single-version-externally-managed
[4.648s] DEBUG:colcon.colcon_core.event_handler.log_command:Invoking command in '/home/vboxuser/hw3_ws/src/q3': PYTHONPATH=/home/vboxuser/hw3_ws/build/q3/prefix_override:/home/vboxuser/hw3_ws/install/q3/lib/python3.10/site-packages:${PYTHONPATH} /usr/bin/python3 setup.py egg_info --egg-base ../../build/q3 build --build-base /home/vboxuser/hw3_ws/build/q3/build install --record /home/vboxuser/hw3_ws/build/q3/install.log --single-version-externally-managed
[5.079s] DEBUG:colcon.colcon_core.event_handler.log_command:Invoked command in '/home/vboxuser/hw3_ws/src/q1' returned '0': PYTHONPATH=/home/vboxuser/hw3_ws/build/q1/prefix_override:/home/vboxuser/hw3_ws/install/q1/lib/python3.10/site-packages:${PYTHONPATH} /usr/bin/python3 setup.py egg_info --egg-base ../../build/q1 build --build-base /home/vboxuser/hw3_ws/build/q1/build install --record /home/vboxuser/hw3_ws/build/q1/install.log --single-version-externally-managed
[5.103s] Level 1:colcon.colcon_core.environment:checking '/home/vboxuser/hw3_ws/install/q1' for CMake module files
[5.104s] Level 1:colcon.colcon_core.environment:checking '/home/vboxuser/hw3_ws/install/q1' for CMake config files
[5.105s] Level 1:colcon.colcon_core.environment:checking '/home/vboxuser/hw3_ws/install/q1/lib'
[5.105s] Level 1:colcon.colcon_core.environment:checking '/home/vboxuser/hw3_ws/install/q1/bin'
[5.105s] Level 1:colcon.colcon_core.environment:checking '/home/vboxuser/hw3_ws/install/q1/lib/pkgconfig/q1.pc'
[5.105s] Level 1:colcon.colcon_core.environment:checking '/home/vboxuser/hw3_ws/install/q1/lib/python3.10/site-packages'
[5.106s] Level 1:colcon.colcon_core.shell:create_environment_hook('q1', 'pythonpath')
[5.125s] INFO:colcon.colcon_core.shell:Creating environment hook '/home/vboxuser/hw3_ws/install/q1/share/q1/hook/pythonpath.ps1'
[5.126s] INFO:colcon.colcon_core.shell:Creating environment descriptor '/home/vboxuser/hw3_ws/install/q1/share/q1/hook/pythonpath.dsv'
[5.126s] INFO:colcon.colcon_core.shell:Creating environment hook '/home/vboxuser/hw3_ws/install/q1/share/q1/hook/pythonpath.sh'
[5.127s] Level 1:colcon.colcon_core.environment:checking '/home/vboxuser/hw3_ws/install/q1/bin'
[5.127s] Level 1:colcon.colcon_core.environment:create_environment_scripts_only(q1)
[5.147s] INFO:colcon.colcon_core.shell:Creating package script '/home/vboxuser/hw3_ws/install/q1/share/q1/package.ps1'
[5.148s] INFO:colcon.colcon_core.shell:Creating package descriptor '/home/vboxuser/hw3_ws/install/q1/share/q1/package.dsv'
[5.149s] INFO:colcon.colcon_core.shell:Creating package script '/home/vboxuser/hw3_ws/install/q1/share/q1/package.sh'
[5.150s] INFO:colcon.colcon_core.shell:Creating package script '/home/vboxuser/hw3_ws/install/q1/share/q1/package.bash'
[5.151s] INFO:colcon.colcon_core.shell:Creating package script '/home/vboxuser/hw3_ws/install/q1/share/q1/package.zsh'
[5.152s] Level 1:colcon.colcon_core.environment:create_file_with_runtime_dependencies(/home/vboxuser/hw3_ws/install/q1/share/colcon-core/packages/q1)
[5.154s] DEBUG:colcon.colcon_core.event_handler.log_command:Invoked command in '/home/vboxuser/hw3_ws/src/q3' returned '0': PYTHONPATH=/home/vboxuser/hw3_ws/build/q3/prefix_override:/home/vboxuser/hw3_ws/install/q3/lib/python3.10/site-packages:${PYTHONPATH} /usr/bin/python3 setup.py egg_info --egg-base ../../build/q3 build --build-base /home/vboxuser/hw3_ws/build/q3/build install --record /home/vboxuser/hw3_ws/build/q3/install.log --single-version-externally-managed
[5.175s] Level 1:colcon.colcon_core.environment:checking '/home/vboxuser/hw3_ws/install/q3' for CMake module files
[5.175s] Level 1:colcon.colcon_core.environment:checking '/home/vboxuser/hw3_ws/install/q3' for CMake config files
[5.176s] Level 1:colcon.colcon_core.environment:checking '/home/vboxuser/hw3_ws/install/q3/lib'
[5.176s] Level 1:colcon.colcon_core.environment:checking '/home/vboxuser/hw3_ws/install/q3/bin'
[5.176s] Level 1:colcon.colcon_core.environment:checking '/home/vboxuser/hw3_ws/install/q3/lib/pkgconfig/q3.pc'
[5.176s] Level 1:colcon.colcon_core.environment:checking '/home/vboxuser/hw3_ws/install/q3/lib/python3.10/site-packages'
[5.176s] Level 1:colcon.colcon_core.shell:create_environment_hook('q3', 'pythonpath')
[5.198s] INFO:colcon.colcon_core.shell:Creating environment hook '/home/vboxuser/hw3_ws/install/q3/share/q3/hook/pythonpath.ps1'
[5.199s] INFO:colcon.colcon_core.shell:Creating environment descriptor '/home/vboxuser/hw3_ws/install/q3/share/q3/hook/pythonpath.dsv'
[5.199s] INFO:colcon.colcon_core.shell:Creating environment hook '/home/vboxuser/hw3_ws/install/q3/share/q3/hook/pythonpath.sh'
[5.200s] Level 1:colcon.colcon_core.environment:checking '/home/vboxuser/hw3_ws/install/q3/bin'
[5.200s] Level 1:colcon.colcon_core.environment:create_environment_scripts_only(q3)
[5.222s] INFO:colcon.colcon_core.shell:Creating package script '/home/vboxuser/hw3_ws/install/q3/share/q3/package.ps1'
[5.222s] INFO:colcon.colcon_core.shell:Creating package descriptor '/home/vboxuser/hw3_ws/install/q3/share/q3/package.dsv'
[5.223s] INFO:colcon.colcon_core.shell:Creating package script '/home/vboxuser/hw3_ws/install/q3/share/q3/package.sh'
[5.223s] INFO:colcon.colcon_core.shell:Creating package script '/home/vboxuser/hw3_ws/install/q3/share/q3/package.bash'
[5.224s] INFO:colcon.colcon_core.shell:Creating package script '/home/vboxuser/hw3_ws/install/q3/share/q3/package.zsh'
[5.224s] Level 1:colcon.colcon_core.environment:create_file_with_runtime_dependencies(/home/vboxuser/hw3_ws/install/q3/share/colcon-core/packages/q3)
[5.227s] DEBUG:colcon.colcon_core.event_handler.log_command:Invoked command in '/home/vboxuser/hw3_ws/src/py_pubsub' returned '0': PYTHONPATH=/home/vboxuser/hw3_ws/build/py_pubsub/prefix_override:/home/vboxuser/hw3_ws/install/py_pubsub/lib/python3.10/site-packages:${PYTHONPATH} /usr/bin/python3 setup.py egg_info --egg-base ../../build/py_pubsub build --build-base /home/vboxuser/hw3_ws/build/py_pubsub/build install --record /home/vboxuser/hw3_ws/build/py_pubsub/install.log --single-version-externally-managed
[5.246s] Level 1:colcon.colcon_core.environment:checking '/home/vboxuser/hw3_ws/install/py_pubsub' for CMake module files
[5.246s] Level 1:colcon.colcon_core.environment:checking '/home/vboxuser/hw3_ws/install/py_pubsub' for CMake config files
[5.247s] Level 1:colcon.colcon_core.environment:checking '/home/vboxuser/hw3_ws/install/py_pubsub/lib'
[5.247s] Level 1:colcon.colcon_core.environment:checking '/home/vboxuser/hw3_ws/install/py_pubsub/bin'
[5.247s] Level 1:colcon.colcon_core.environment:checking '/home/vboxuser/hw3_ws/install/py_pubsub/lib/pkgconfig/py_pubsub.pc'
[5.247s] Level 1:colcon.colcon_core.environment:checking '/home/vboxuser/hw3_ws/install/py_pubsub/lib/python3.10/site-packages'
[5.247s] Level 1:colcon.colcon_core.shell:create_environment_hook('py_pubsub', 'pythonpath')
[5.268s] INFO:colcon.colcon_core.shell:Creating environment hook '/home/vboxuser/hw3_ws/install/py_pubsub/share/py_pubsub/hook/pythonpath.ps1'
[5.268s] INFO:colcon.colcon_core.shell:Creating environment descriptor '/home/vboxuser/hw3_ws/install/py_pubsub/share/py_pubsub/hook/pythonpath.dsv'
[5.269s] INFO:colcon.colcon_core.shell:Creating environment hook '/home/vboxuser/hw3_ws/install/py_pubsub/share/py_pubsub/hook/pythonpath.sh'
[5.269s] Level 1:colcon.colcon_core.environment:checking '/home/vboxuser/hw3_ws/install/py_pubsub/bin'
[5.269s] Level 1:colcon.colcon_core.environment:create_environment_scripts_only(py_pubsub)
[5.290s] INFO:colcon.colcon_core.shell:Creating package script '/home/vboxuser/hw3_ws/install/py_pubsub/share/py_pubsub/package.ps1'
[5.291s] INFO:colcon.colcon_core.shell:Creating package descriptor '/home/vboxuser/hw3_ws/install/py_pubsub/share/py_pubsub/package.dsv'
[5.291s] INFO:colcon.colcon_core.shell:Creating package script '/home/vboxuser/hw3_ws/install/py_pubsub/share/py_pubsub/package.sh'
[5.292s] INFO:colcon.colcon_core.shell:Creating package script '/home/vboxuser/hw3_ws/install/py_pubsub/share/py_pubsub/package.bash'
[5.292s] INFO:colcon.colcon_core.shell:Creating package script '/home/vboxuser/hw3_ws/install/py_pubsub/share/py_pubsub/package.zsh'
[5.293s] Level 1:colcon.colcon_core.environment:create_file_with_runtime_dependencies(/home/vboxuser/hw3_ws/install/py_pubsub/share/colcon-core/packages/py_pubsub)
[5.295s] DEBUG:colcon.colcon_core.event_handler.log_command:Invoked command in '/home/vboxuser/hw3_ws/src/q2' returned '0': PYTHONPATH=/home/vboxuser/hw3_ws/build/q2/prefix_override:/home/vboxuser/hw3_ws/install/q2/lib/python3.10/site-packages:${PYTHONPATH} /usr/bin/python3 setup.py egg_info --egg-base ../../build/q2 build --build-base /home/vboxuser/hw3_ws/build/q2/build install --record /home/vboxuser/hw3_ws/build/q2/install.log --single-version-externally-managed
[5.312s] Level 1:colcon.colcon_core.environment:checking '/home/vboxuser/hw3_ws/install/q2' for CMake module files
[5.313s] Level 1:colcon.colcon_core.environment:checking '/home/vboxuser/hw3_ws/install/q2' for CMake config files
[5.313s] Level 1:colcon.colcon_core.environment:checking '/home/vboxuser/hw3_ws/install/q2/lib'
[5.313s] Level 1:colcon.colcon_core.environment:checking '/home/vboxuser/hw3_ws/install/q2/bin'
[5.313s] Level 1:colcon.colcon_core.environment:checking '/home/vboxuser/hw3_ws/install/q2/lib/pkgconfig/q2.pc'
[5.314s] Level 1:colcon.colcon_core.environment:checking '/home/vboxuser/hw3_ws/install/q2/lib/python3.10/site-packages'
[5.314s] Level 1:colcon.colcon_core.shell:create_environment_hook('q2', 'pythonpath')
[5.336s] INFO:colcon.colcon_core.shell:Creating environment hook '/home/vboxuser/hw3_ws/install/q2/share/q2/hook/pythonpath.ps1'
[5.337s] INFO:colcon.colcon_core.shell:Creating environment descriptor '/home/vboxuser/hw3_ws/install/q2/share/q2/hook/pythonpath.dsv'
[5.337s] INFO:colcon.colcon_core.shell:Creating environment hook '/home/vboxuser/hw3_ws/install/q2/share/q2/hook/pythonpath.sh'
[5.338s] Level 1:colcon.colcon_core.environment:checking '/home/vboxuser/hw3_ws/install/q2/bin'
[5.338s] Level 1:colcon.colcon_core.environment:create_environment_scripts_only(q2)
[5.359s] INFO:colcon.colcon_core.shell:Creating package script '/home/vboxuser/hw3_ws/install/q2/share/q2/package.ps1'
[5.359s] INFO:colcon.colcon_core.shell:Creating package descriptor '/home/vboxuser/hw3_ws/install/q2/share/q2/package.dsv'
[5.360s] INFO:colcon.colcon_core.shell:Creating package script '/home/vboxuser/hw3_ws/install/q2/share/q2/package.sh'
[5.360s] INFO:colcon.colcon_core.shell:Creating package script '/home/vboxuser/hw3_ws/install/q2/share/q2/package.bash'
[5.361s] INFO:colcon.colcon_core.shell:Creating package script '/home/vboxuser/hw3_ws/install/q2/share/q2/package.zsh'
[5.361s] Level 1:colcon.colcon_core.environment:create_file_with_runtime_dependencies(/home/vboxuser/hw3_ws/install/q2/share/colcon-core/packages/q2)
[5.361s] DEBUG:colcon.colcon_parallel_executor.executor.parallel:closing loop
[5.362s] DEBUG:colcon.colcon_parallel_executor.executor.parallel:loop closed
[5.362s] DEBUG:colcon.colcon_parallel_executor.executor.parallel:run_until_complete finished with '0'
[5.362s] DEBUG:colcon.colcon_core.event_reactor:joining thread
[5.388s] INFO:colcon.colcon_core.plugin_system:Skipping extension 'colcon_notification.desktop_notification.terminal_notifier': Not used on non-Darwin systems
[5.389s] INFO:colcon.colcon_core.plugin_system:Skipping extension 'colcon_notification.desktop_notification.win32': Not used on non-Windows systems
[5.389s] INFO:colcon.colcon_notification.desktop_notification:Sending desktop notification using 'notify2'
[5.403s] DEBUG:colcon.colcon_core.event_reactor:joined thread
[5.425s] INFO:colcon.colcon_core.shell:Creating prefix script '/home/vboxuser/hw3_ws/install/local_setup.ps1'
[5.426s] INFO:colcon.colcon_core.shell:Creating prefix util module '/home/vboxuser/hw3_ws/install/_local_setup_util_ps1.py'
[5.429s] INFO:colcon.colcon_core.shell:Creating prefix chain script '/home/vboxuser/hw3_ws/install/setup.ps1'
[5.451s] INFO:colcon.colcon_core.shell:Creating prefix script '/home/vboxuser/hw3_ws/install/local_setup.sh'
[5.453s] INFO:colcon.colcon_core.shell:Creating prefix util module '/home/vboxuser/hw3_ws/install/_local_setup_util_sh.py'
[5.453s] INFO:colcon.colcon_core.shell:Creating prefix chain script '/home/vboxuser/hw3_ws/install/setup.sh'
[5.474s] INFO:colcon.colcon_core.shell:Creating prefix script '/home/vboxuser/hw3_ws/install/local_setup.bash'
[5.475s] INFO:colcon.colcon_core.shell:Creating prefix chain script '/home/vboxuser/hw3_ws/install/setup.bash'
[5.496s] INFO:colcon.colcon_core.shell:Creating prefix script '/home/vboxuser/hw3_ws/install/local_setup.zsh'
[5.496s] INFO:colcon.colcon_core.shell:Creating prefix chain script '/home/vboxuser/hw3_ws/install/setup.zsh'
