[0.122s] Invoking command in '/home/vboxuser/ros2_ws/build/examples_rclcpp_wait_set': CMAKE_PREFIX_PATH=/home/vboxuser/HW3_ws/install/py_pubsub:/home/vboxuser/HW3_ws/install/Q1:/opt/ros/humble /usr/bin/cmake /home/vboxuser/ros2_ws/src/examples/rclcpp/wait_set -DCMAKE_INSTALL_PREFIX=/home/vboxuser/ros2_ws/install/examples_rclcpp_wait_set
[0.897s] -- Found ament_cmake: 1.3.6 (/opt/ros/humble/share/ament_cmake/cmake)
[0.897s] -- Override CMake install command with custom implementation using symlinks instead of copying resources
[0.897s] -- Found example_interfaces: 0.9.3 (/opt/ros/humble/share/example_interfaces/cmake)
[0.897s] -- Found rosidl_generator_c: 3.1.5 (/opt/ros/humble/share/rosidl_generator_c/cmake)
[0.897s] -- Found rosidl_adapter: 3.1.5 (/opt/ros/humble/share/rosidl_adapter/cmake)
[0.898s] -- Found rosidl_generator_cpp: 3.1.5 (/opt/ros/humble/share/rosidl_generator_cpp/cmake)
[0.898s] -- Using all available rosidl_typesupport_c: rosidl_typesupport_fastrtps_c;rosidl_typesupport_introspection_c
[0.898s] -- Using all available rosidl_typesupport_cpp: rosidl_typesupport_fastrtps_cpp;rosidl_typesupport_introspection_cpp
[0.898s] -- Found rclcpp: 16.0.7 (/opt/ros/humble/share/rclcpp/cmake)
[0.898s] -- Found rmw_implementation_cmake: 6.1.1 (/opt/ros/humble/share/rmw_implementation_cmake/cmake)
[0.898s] -- Found rmw_fastrtps_cpp: 6.2.5 (/opt/ros/humble/share/rmw_fastrtps_cpp/cmake)
[1.064s] -- Using RMW implementation 'rmw_fastrtps_cpp' as default
[1.418s] -- Found rclcpp_components: 16.0.7 (/opt/ros/humble/share/rclcpp_components/cmake)
[1.546s] -- Found ament_lint_auto: 0.12.9 (/opt/ros/humble/share/ament_lint_auto/cmake)
[1.656s] -- Added test 'copyright' to check source files copyright and LICENSE
[1.659s] -- Added test 'cppcheck' to perform static code analysis on C / C++ code
[1.659s] -- Configured cppcheck include dirs: /home/vboxuser/ros2_ws/src/examples/rclcpp/wait_set/include
[1.659s] -- Configured cppcheck exclude dirs and/or files: 
[1.660s] -- Added test 'cpplint' to check C / C++ code against the Google style
[1.660s] -- Configured cpplint exclude dirs and/or files: 
[1.661s] -- Added test 'lint_cmake' to check CMake code style
[1.662s] -- Added test 'uncrustify' to check C / C++ code style
[1.663s] -- Configured uncrustify additional arguments: 
[1.663s] -- Added test 'xmllint' to check XML markup files
[1.665s] -- Configuring done
[1.767s] -- Generating done
[1.772s] -- Build files have been written to: /home/vboxuser/ros2_ws/build/examples_rclcpp_wait_set
[2.033s] Invoked command in '/home/vboxuser/ros2_ws/build/examples_rclcpp_wait_set' returned '0': CMAKE_PREFIX_PATH=/home/vboxuser/HW3_ws/install/py_pubsub:/home/vboxuser/HW3_ws/install/Q1:/opt/ros/humble /usr/bin/cmake /home/vboxuser/ros2_ws/src/examples/rclcpp/wait_set -DCMAKE_INSTALL_PREFIX=/home/vboxuser/ros2_ws/install/examples_rclcpp_wait_set
[2.036s] Invoking command in '/home/vboxuser/ros2_ws/build/examples_rclcpp_wait_set': CMAKE_PREFIX_PATH=/home/vboxuser/HW3_ws/install/py_pubsub:/home/vboxuser/HW3_ws/install/Q1:/opt/ros/humble /usr/bin/cmake --build /home/vboxuser/ros2_ws/build/examples_rclcpp_wait_set -- -j6 -l6
[2.522s] [35m[1mConsolidate compiler generated dependencies of target wait_set_listener[0m
[2.522s] [35m[1mConsolidate compiler generated dependencies of target wait_set_talker[0m
[2.522s] [35m[1mConsolidate compiler generated dependencies of target listener[0m
[2.522s] [35m[1mConsolidate compiler generated dependencies of target talker[0m
[2.522s] [ 16%] Built target wait_set_talker
[2.522s] [ 16%] Built target wait_set_listener
[2.522s] [ 25%] Built target listener
[2.522s] [35m[1mConsolidate compiler generated dependencies of target wait_set[0m
[2.524s] [ 33%] Built target talker
[2.525s] [35m[1mConsolidate compiler generated dependencies of target static_wait_set[0m
[2.525s] [35m[1mConsolidate compiler generated dependencies of target thread_safe_wait_set[0m
[2.525s] [35m[1mConsolidate compiler generated dependencies of target wait_set_topics_and_timer[0m
[2.525s] [35m[1mConsolidate compiler generated dependencies of target executor_random_order[0m
[2.525s] [35m[1mConsolidate compiler generated dependencies of target wait_set_random_order[0m
[2.525s] [ 41%] Built target wait_set
[2.525s] [ 50%] Built target static_wait_set
[2.526s] [ 70%] Built target thread_safe_wait_set
[2.526s] [ 70%] Built target wait_set_topics_and_timer
[2.526s] [ 75%] Built target executor_random_order
[2.526s] [ 83%] Built target wait_set_random_order
[2.526s] [35m[1mConsolidate compiler generated dependencies of target wait_set_topics_with_different_rates[0m
[2.526s] [35m[1mConsolidate compiler generated dependencies of target wait_set_composed[0m
[2.526s] [ 91%] Built target wait_set_topics_with_different_rates
[2.526s] [100%] Built target wait_set_composed
[2.740s] Invoked command in '/home/vboxuser/ros2_ws/build/examples_rclcpp_wait_set' returned '0': CMAKE_PREFIX_PATH=/home/vboxuser/HW3_ws/install/py_pubsub:/home/vboxuser/HW3_ws/install/Q1:/opt/ros/humble /usr/bin/cmake --build /home/vboxuser/ros2_ws/build/examples_rclcpp_wait_set -- -j6 -l6
[3.929s] Invoking command in '/home/vboxuser/ros2_ws/build/examples_rclcpp_wait_set': CMAKE_PREFIX_PATH=/home/vboxuser/HW3_ws/install/py_pubsub:/home/vboxuser/HW3_ws/install/Q1:/opt/ros/humble /usr/bin/cmake --install /home/vboxuser/ros2_ws/build/examples_rclcpp_wait_set
[3.944s] -- Install configuration: ""
[3.944s] -- Execute custom install script
[3.944s] -- Up-to-date symlink: /home/vboxuser/ros2_ws/install/examples_rclcpp_wait_set/lib/examples_rclcpp_wait_set/wait_set_talker
[3.945s] -- Up-to-date symlink: /home/vboxuser/ros2_ws/install/examples_rclcpp_wait_set/lib/examples_rclcpp_wait_set/wait_set_listener
[3.946s] -- Up-to-date symlink: /home/vboxuser/ros2_ws/install/examples_rclcpp_wait_set/lib/libtalker.so
[3.946s] -- Up-to-date symlink: /home/vboxuser/ros2_ws/install/examples_rclcpp_wait_set/lib/liblistener.so
[3.947s] -- Up-to-date symlink: /home/vboxuser/ros2_ws/install/examples_rclcpp_wait_set/lib/examples_rclcpp_wait_set/wait_set
[3.947s] -- Up-to-date symlink: /home/vboxuser/ros2_ws/install/examples_rclcpp_wait_set/lib/examples_rclcpp_wait_set/static_wait_set
[3.948s] -- Up-to-date symlink: /home/vboxuser/ros2_ws/install/examples_rclcpp_wait_set/lib/examples_rclcpp_wait_set/thread_safe_wait_set
[3.948s] -- Up-to-date symlink: /home/vboxuser/ros2_ws/install/examples_rclcpp_wait_set/lib/examples_rclcpp_wait_set/wait_set_topics_and_timer
[3.949s] -- Up-to-date symlink: /home/vboxuser/ros2_ws/install/examples_rclcpp_wait_set/lib/examples_rclcpp_wait_set/wait_set_random_order
[3.949s] -- Up-to-date symlink: /home/vboxuser/ros2_ws/install/examples_rclcpp_wait_set/lib/examples_rclcpp_wait_set/executor_random_order
[3.950s] -- Up-to-date symlink: /home/vboxuser/ros2_ws/install/examples_rclcpp_wait_set/lib/examples_rclcpp_wait_set/wait_set_topics_with_different_rates
[3.950s] -- Up-to-date symlink: /home/vboxuser/ros2_ws/install/examples_rclcpp_wait_set/lib/examples_rclcpp_wait_set/wait_set_composed
[3.951s] -- Up-to-date symlink: /home/vboxuser/ros2_ws/install/examples_rclcpp_wait_set/share/ament_index/resource_index/package_run_dependencies/examples_rclcpp_wait_set
[3.952s] -- Up-to-date symlink: /home/vboxuser/ros2_ws/install/examples_rclcpp_wait_set/share/ament_index/resource_index/parent_prefix_path/examples_rclcpp_wait_set
[3.957s] -- Up-to-date symlink: /home/vboxuser/ros2_ws/install/examples_rclcpp_wait_set/share/examples_rclcpp_wait_set/environment/ament_prefix_path.sh
[3.958s] -- Up-to-date symlink: /home/vboxuser/ros2_ws/install/examples_rclcpp_wait_set/share/examples_rclcpp_wait_set/environment/ament_prefix_path.dsv
[3.958s] -- Up-to-date symlink: /home/vboxuser/ros2_ws/install/examples_rclcpp_wait_set/share/examples_rclcpp_wait_set/environment/path.sh
[3.959s] -- Up-to-date symlink: /home/vboxuser/ros2_ws/install/examples_rclcpp_wait_set/share/examples_rclcpp_wait_set/environment/path.dsv
[3.959s] -- Up-to-date symlink: /home/vboxuser/ros2_ws/install/examples_rclcpp_wait_set/share/examples_rclcpp_wait_set/local_setup.bash
[3.960s] -- Up-to-date symlink: /home/vboxuser/ros2_ws/install/examples_rclcpp_wait_set/share/examples_rclcpp_wait_set/local_setup.sh
[3.960s] -- Up-to-date symlink: /home/vboxuser/ros2_ws/install/examples_rclcpp_wait_set/share/examples_rclcpp_wait_set/local_setup.zsh
[3.961s] -- Up-to-date symlink: /home/vboxuser/ros2_ws/install/examples_rclcpp_wait_set/share/examples_rclcpp_wait_set/local_setup.dsv
[3.961s] -- Symlinking: /home/vboxuser/ros2_ws/install/examples_rclcpp_wait_set/share/examples_rclcpp_wait_set/package.dsv
[3.971s] -- Up-to-date symlink: /home/vboxuser/ros2_ws/install/examples_rclcpp_wait_set/share/ament_index/resource_index/packages/examples_rclcpp_wait_set
[3.972s] -- Up-to-date symlink: /home/vboxuser/ros2_ws/install/examples_rclcpp_wait_set/share/ament_index/resource_index/rclcpp_components/examples_rclcpp_wait_set
[3.973s] -- Up-to-date symlink: /home/vboxuser/ros2_ws/install/examples_rclcpp_wait_set/share/examples_rclcpp_wait_set/cmake/examples_rclcpp_wait_setConfig.cmake
[3.973s] -- Up-to-date symlink: /home/vboxuser/ros2_ws/install/examples_rclcpp_wait_set/share/examples_rclcpp_wait_set/cmake/examples_rclcpp_wait_setConfig-version.cmake
[3.975s] -- Up-to-date symlink: /home/vboxuser/ros2_ws/install/examples_rclcpp_wait_set/share/examples_rclcpp_wait_set/package.xml
[4.533s] Invoked command in '/home/vboxuser/ros2_ws/build/examples_rclcpp_wait_set' returned '0': CMAKE_PREFIX_PATH=/home/vboxuser/HW3_ws/install/py_pubsub:/home/vboxuser/HW3_ws/install/Q1:/opt/ros/humble /usr/bin/cmake --install /home/vboxuser/ros2_ws/build/examples_rclcpp_wait_set
