[1.503s] DEBUG:colcon:Command line arguments: ['/usr/bin/colcon', 'build', '--packages-select', 'turtle_mover']
[1.503s] DEBUG:colcon:Parsed command line arguments: Namespace(log_base=None, log_level=None, verb_name='build', build_base='build', install_base='install', merge_install=False, symlink_install=False, test_result_base=None, continue_on_error=False, executor='parallel', parallel_workers=6, event_handlers=None, ignore_user_meta=False, metas=['./colcon.meta'], base_paths=['.'], packages_ignore=None, packages_ignore_regex=None, paths=None, packages_up_to=None, packages_up_to_regex=None, packages_above=None, packages_above_and_dependencies=None, packages_above_depth=None, packages_select_by_dep=None, packages_skip_by_dep=None, packages_skip_up_to=None, packages_select_build_failed=False, packages_skip_build_finished=False, packages_select_test_failures=False, packages_skip_test_passed=False, packages_select=['turtle_mover'], packages_skip=None, packages_select_regex=None, packages_skip_regex=None, packages_start=None, packages_end=None, allow_overriding=[], cmake_args=None, cmake_target=None, cmake_target_skip_unavailable=False, cmake_clean_cache=False, cmake_clean_first=False, cmake_force_configure=False, ament_cmake_args=None, catkin_cmake_args=None, catkin_skip_building_tests=False, verb_parser=<colcon_defaults.argument_parser.defaults.DefaultArgumentsDecorator object at 0x7ff467ed4fa0>, verb_extension=<colcon_core.verb.build.BuildVerb object at 0x7ff467f2bac0>, main=<bound method BuildVerb.main of <colcon_core.verb.build.BuildVerb object at 0x7ff467f2bac0>>)
[1.576s] Level 1:colcon.colcon_core.package_discovery:discover_packages(colcon_meta) check parameters
[1.576s] Level 1:colcon.colcon_core.package_discovery:discover_packages(recursive) check parameters
[1.576s] Level 1:colcon.colcon_core.package_discovery:discover_packages(ignore) check parameters
[1.576s] Level 1:colcon.colcon_core.package_discovery:discover_packages(path) check parameters
[1.576s] Level 1:colcon.colcon_core.package_discovery:discover_packages(colcon_meta) discover
[1.576s] Level 1:colcon.colcon_core.package_discovery:discover_packages(recursive) discover
[1.576s] INFO:colcon.colcon_core.package_discovery:Crawling recursively for packages in '/home/vboxuser/hw5_ws'
[1.576s] Level 1:colcon.colcon_core.package_identification:_identify(.) by extensions ['ignore', 'ignore_ament_install']
[1.577s] Level 1:colcon.colcon_core.package_identification:_identify(.) by extension 'ignore'
[1.577s] Level 1:colcon.colcon_core.package_identification:_identify(.) by extension 'ignore_ament_install'
[1.577s] Level 1:colcon.colcon_core.package_identification:_identify(.) by extensions ['colcon_pkg']
[1.577s] Level 1:colcon.colcon_core.package_identification:_identify(.) by extension 'colcon_pkg'
[1.577s] Level 1:colcon.colcon_core.package_identification:_identify(.) by extensions ['colcon_meta']
[1.577s] Level 1:colcon.colcon_core.package_identification:_identify(.) by extension 'colcon_meta'
[1.577s] Level 1:colcon.colcon_core.package_identification:_identify(.) by extensions ['ros']
[1.577s] Level 1:colcon.colcon_core.package_identification:_identify(.) by extension 'ros'
[1.592s] Level 1:colcon.colcon_core.package_identification:_identify(.) by extensions ['cmake', 'python']
[1.592s] Level 1:colcon.colcon_core.package_identification:_identify(.) by extension 'cmake'
[1.592s] Level 1:colcon.colcon_core.package_identification:_identify(.) by extension 'python'
[1.592s] Level 1:colcon.colcon_core.package_identification:_identify(.) by extensions ['python_setup_py']
[1.592s] Level 1:colcon.colcon_core.package_identification:_identify(.) by extension 'python_setup_py'
[1.592s] Level 1:colcon.colcon_core.package_identification:_identify(build) by extensions ['ignore', 'ignore_ament_install']
[1.592s] Level 1:colcon.colcon_core.package_identification:_identify(build) by extension 'ignore'
[1.592s] Level 1:colcon.colcon_core.package_identification:_identify(build) ignored
[1.593s] Level 1:colcon.colcon_core.package_identification:_identify(install) by extensions ['ignore', 'ignore_ament_install']
[1.593s] Level 1:colcon.colcon_core.package_identification:_identify(install) by extension 'ignore'
[1.593s] Level 1:colcon.colcon_core.package_identification:_identify(install) ignored
[1.593s] Level 1:colcon.colcon_core.package_identification:_identify(log) by extensions ['ignore', 'ignore_ament_install']
[1.593s] Level 1:colcon.colcon_core.package_identification:_identify(log) by extension 'ignore'
[1.593s] Level 1:colcon.colcon_core.package_identification:_identify(log) ignored
[1.593s] Level 1:colcon.colcon_core.package_identification:_identify(src) by extensions ['ignore', 'ignore_ament_install']
[1.593s] Level 1:colcon.colcon_core.package_identification:_identify(src) by extension 'ignore'
[1.593s] Level 1:colcon.colcon_core.package_identification:_identify(src) by extension 'ignore_ament_install'
[1.593s] Level 1:colcon.colcon_core.package_identification:_identify(src) by extensions ['colcon_pkg']
[1.593s] Level 1:colcon.colcon_core.package_identification:_identify(src) by extension 'colcon_pkg'
[1.593s] Level 1:colcon.colcon_core.package_identification:_identify(src) by extensions ['colcon_meta']
[1.593s] Level 1:colcon.colcon_core.package_identification:_identify(src) by extension 'colcon_meta'
[1.594s] Level 1:colcon.colcon_core.package_identification:_identify(src) by extensions ['ros']
[1.594s] Level 1:colcon.colcon_core.package_identification:_identify(src) by extension 'ros'
[1.594s] Level 1:colcon.colcon_core.package_identification:_identify(src) by extensions ['cmake', 'python']
[1.594s] Level 1:colcon.colcon_core.package_identification:_identify(src) by extension 'cmake'
[1.594s] Level 1:colcon.colcon_core.package_identification:_identify(src) by extension 'python'
[1.594s] Level 1:colcon.colcon_core.package_identification:_identify(src) by extensions ['python_setup_py']
[1.594s] Level 1:colcon.colcon_core.package_identification:_identify(src) by extension 'python_setup_py'
[1.594s] Level 1:colcon.colcon_core.package_identification:_identify(src/actions_py) by extensions ['ignore', 'ignore_ament_install']
[1.594s] Level 1:colcon.colcon_core.package_identification:_identify(src/actions_py) by extension 'ignore'
[1.594s] Level 1:colcon.colcon_core.package_identification:_identify(src/actions_py) by extension 'ignore_ament_install'
[1.594s] Level 1:colcon.colcon_core.package_identification:_identify(src/actions_py) by extensions ['colcon_pkg']
[1.594s] Level 1:colcon.colcon_core.package_identification:_identify(src/actions_py) by extension 'colcon_pkg'
[1.594s] Level 1:colcon.colcon_core.package_identification:_identify(src/actions_py) by extensions ['colcon_meta']
[1.594s] Level 1:colcon.colcon_core.package_identification:_identify(src/actions_py) by extension 'colcon_meta'
[1.594s] Level 1:colcon.colcon_core.package_identification:_identify(src/actions_py) by extensions ['ros']
[1.594s] Level 1:colcon.colcon_core.package_identification:_identify(src/actions_py) by extension 'ros'
[1.598s] DEBUG:colcon.colcon_core.package_identification:Package 'src/actions_py' with type 'ros.ament_python' and name 'actions_py'
[1.598s] Level 1:colcon.colcon_core.package_identification:_identify(src/my_robot_intrfaces) by extensions ['ignore', 'ignore_ament_install']
[1.598s] Level 1:colcon.colcon_core.package_identification:_identify(src/my_robot_intrfaces) by extension 'ignore'
[1.598s] Level 1:colcon.colcon_core.package_identification:_identify(src/my_robot_intrfaces) by extension 'ignore_ament_install'
[1.598s] Level 1:colcon.colcon_core.package_identification:_identify(src/my_robot_intrfaces) by extensions ['colcon_pkg']
[1.598s] Level 1:colcon.colcon_core.package_identification:_identify(src/my_robot_intrfaces) by extension 'colcon_pkg'
[1.598s] Level 1:colcon.colcon_core.package_identification:_identify(src/my_robot_intrfaces) by extensions ['colcon_meta']
[1.598s] Level 1:colcon.colcon_core.package_identification:_identify(src/my_robot_intrfaces) by extension 'colcon_meta'
[1.598s] Level 1:colcon.colcon_core.package_identification:_identify(src/my_robot_intrfaces) by extensions ['ros']
[1.599s] Level 1:colcon.colcon_core.package_identification:_identify(src/my_robot_intrfaces) by extension 'ros'
[1.599s] DEBUG:colcon.colcon_core.package_identification:Package 'src/my_robot_intrfaces' with type 'ros.ament_cmake' and name 'my_robot_intrfaces'
[1.599s] Level 1:colcon.colcon_core.package_identification:_identify(src/turtle_joy) by extensions ['ignore', 'ignore_ament_install']
[1.599s] Level 1:colcon.colcon_core.package_identification:_identify(src/turtle_joy) by extension 'ignore'
[1.599s] Level 1:colcon.colcon_core.package_identification:_identify(src/turtle_joy) by extension 'ignore_ament_install'
[1.600s] Level 1:colcon.colcon_core.package_identification:_identify(src/turtle_joy) by extensions ['colcon_pkg']
[1.600s] Level 1:colcon.colcon_core.package_identification:_identify(src/turtle_joy) by extension 'colcon_pkg'
[1.600s] Level 1:colcon.colcon_core.package_identification:_identify(src/turtle_joy) by extensions ['colcon_meta']
[1.600s] Level 1:colcon.colcon_core.package_identification:_identify(src/turtle_joy) by extension 'colcon_meta'
[1.600s] Level 1:colcon.colcon_core.package_identification:_identify(src/turtle_joy) by extensions ['ros']
[1.600s] Level 1:colcon.colcon_core.package_identification:_identify(src/turtle_joy) by extension 'ros'
[1.601s] DEBUG:colcon.colcon_core.package_identification:Package 'src/turtle_joy' with type 'ros.ament_python' and name 'turtle_joy'
[1.601s] Level 1:colcon.colcon_core.package_identification:_identify(src/turtle_mover) by extensions ['ignore', 'ignore_ament_install']
[1.601s] Level 1:colcon.colcon_core.package_identification:_identify(src/turtle_mover) by extension 'ignore'
[1.601s] Level 1:colcon.colcon_core.package_identification:_identify(src/turtle_mover) by extension 'ignore_ament_install'
[1.601s] Level 1:colcon.colcon_core.package_identification:_identify(src/turtle_mover) by extensions ['colcon_pkg']
[1.601s] Level 1:colcon.colcon_core.package_identification:_identify(src/turtle_mover) by extension 'colcon_pkg'
[1.601s] Level 1:colcon.colcon_core.package_identification:_identify(src/turtle_mover) by extensions ['colcon_meta']
[1.601s] Level 1:colcon.colcon_core.package_identification:_identify(src/turtle_mover) by extension 'colcon_meta'
[1.601s] Level 1:colcon.colcon_core.package_identification:_identify(src/turtle_mover) by extensions ['ros']
[1.601s] Level 1:colcon.colcon_core.package_identification:_identify(src/turtle_mover) by extension 'ros'
[1.602s] DEBUG:colcon.colcon_core.package_identification:Package 'src/turtle_mover' with type 'ros.ament_python' and name 'turtle_mover'
[1.602s] Level 1:colcon.colcon_core.package_discovery:discover_packages(recursive) using defaults
[1.603s] Level 1:colcon.colcon_core.package_discovery:discover_packages(ignore) discover
[1.603s] Level 1:colcon.colcon_core.package_discovery:discover_packages(ignore) using defaults
[1.603s] Level 1:colcon.colcon_core.package_discovery:discover_packages(path) discover
[1.603s] Level 1:colcon.colcon_core.package_discovery:discover_packages(path) using defaults
[1.694s] INFO:colcon.colcon_core.package_selection:Skipping not selected package 'actions_py' in 'src/actions_py'
[1.694s] INFO:colcon.colcon_core.package_selection:Skipping not selected package 'my_robot_intrfaces' in 'src/my_robot_intrfaces'
[1.694s] INFO:colcon.colcon_core.package_selection:Skipping not selected package 'turtle_joy' in 'src/turtle_joy'
[1.737s] Level 1:colcon.colcon_core.package_discovery:discover_packages(prefix_path) check parameters
[1.737s] Level 1:colcon.colcon_core.package_discovery:discover_packages(prefix_path) discover
[1.782s] DEBUG:colcon.colcon_installed_package_information.package_discovery:Found 4 installed packages in /home/vboxuser/hw5_ws/install
[1.804s] DEBUG:colcon.colcon_installed_package_information.package_discovery:Found 284 installed packages in /opt/ros/humble
[1.806s] Level 1:colcon.colcon_core.package_discovery:discover_packages(prefix_path) using defaults
[1.967s] Level 5:colcon.colcon_core.verb:set package 'turtle_mover' build argument 'cmake_args' from command line to 'None'
[1.967s] Level 5:colcon.colcon_core.verb:set package 'turtle_mover' build argument 'cmake_target' from command line to 'None'
[1.967s] Level 5:colcon.colcon_core.verb:set package 'turtle_mover' build argument 'cmake_target_skip_unavailable' from command line to 'False'
[1.967s] Level 5:colcon.colcon_core.verb:set package 'turtle_mover' build argument 'cmake_clean_cache' from command line to 'False'
[1.967s] Level 5:colcon.colcon_core.verb:set package 'turtle_mover' build argument 'cmake_clean_first' from command line to 'False'
[1.967s] Level 5:colcon.colcon_core.verb:set package 'turtle_mover' build argument 'cmake_force_configure' from command line to 'False'
[1.967s] Level 5:colcon.colcon_core.verb:set package 'turtle_mover' build argument 'ament_cmake_args' from command line to 'None'
[1.967s] Level 5:colcon.colcon_core.verb:set package 'turtle_mover' build argument 'catkin_cmake_args' from command line to 'None'
[1.967s] Level 5:colcon.colcon_core.verb:set package 'turtle_mover' build argument 'catkin_skip_building_tests' from command line to 'False'
[1.968s] DEBUG:colcon.colcon_core.verb:Building package 'turtle_mover' with the following arguments: {'ament_cmake_args': None, 'build_base': '/home/vboxuser/hw5_ws/build/turtle_mover', 'catkin_cmake_args': None, 'catkin_skip_building_tests': False, 'cmake_args': None, 'cmake_clean_cache': False, 'cmake_clean_first': False, 'cmake_force_configure': False, 'cmake_target': None, 'cmake_target_skip_unavailable': False, 'install_base': '/home/vboxuser/hw5_ws/install/turtle_mover', 'merge_install': False, 'path': '/home/vboxuser/hw5_ws/src/turtle_mover', 'symlink_install': False, 'test_result_base': None}
[1.988s] INFO:colcon.colcon_core.executor:Executing jobs using 'parallel' executor
[2.010s] DEBUG:colcon.colcon_parallel_executor.executor.parallel:run_until_complete
[2.010s] INFO:colcon.colcon_ros.task.ament_python.build:Building ROS package in '/home/vboxuser/hw5_ws/src/turtle_mover' with build type 'ament_python'
[2.010s] Level 1:colcon.colcon_core.shell:create_environment_hook('turtle_mover', 'ament_prefix_path')
[2.032s] INFO:colcon.colcon_core.plugin_system:Skipping extension 'colcon_core.shell.bat': Not used on non-Windows systems
[2.032s] INFO:colcon.colcon_core.shell:Creating environment hook '/home/vboxuser/hw5_ws/install/turtle_mover/share/turtle_mover/hook/ament_prefix_path.ps1'
[2.033s] INFO:colcon.colcon_core.shell:Creating environment descriptor '/home/vboxuser/hw5_ws/install/turtle_mover/share/turtle_mover/hook/ament_prefix_path.dsv'
[2.033s] INFO:colcon.colcon_core.shell:Creating environment hook '/home/vboxuser/hw5_ws/install/turtle_mover/share/turtle_mover/hook/ament_prefix_path.sh'
[2.060s] INFO:colcon.colcon_core.shell:Skip shell extension 'powershell' for command environment: Not usable outside of PowerShell
[2.060s] DEBUG:colcon.colcon_core.shell:Skip shell extension 'dsv' for command environment
[2.576s] INFO:colcon.colcon_core.task.python.build:Building Python package in '/home/vboxuser/hw5_ws/src/turtle_mover'
[2.597s] INFO:colcon.colcon_core.shell:Skip shell extension 'powershell' for command environment: Not usable outside of PowerShell
[2.597s] DEBUG:colcon.colcon_core.shell:Skip shell extension 'dsv' for command environment
[3.212s] DEBUG:colcon.colcon_core.event_handler.log_command:Invoking command in '/home/vboxuser/hw5_ws/src/turtle_mover': PYTHONPATH=/home/vboxuser/hw5_ws/build/turtle_mover/prefix_override:/home/vboxuser/hw5_ws/install/turtle_mover/lib/python3.10/site-packages:${PYTHONPATH} /usr/bin/python3 setup.py egg_info --egg-base ../../build/turtle_mover build --build-base /home/vboxuser/hw5_ws/build/turtle_mover/build install --record /home/vboxuser/hw5_ws/build/turtle_mover/install.log --single-version-externally-managed
[3.687s] DEBUG:colcon.colcon_core.event_handler.log_command:Invoked command in '/home/vboxuser/hw5_ws/src/turtle_mover' returned '0': PYTHONPATH=/home/vboxuser/hw5_ws/build/turtle_mover/prefix_override:/home/vboxuser/hw5_ws/install/turtle_mover/lib/python3.10/site-packages:${PYTHONPATH} /usr/bin/python3 setup.py egg_info --egg-base ../../build/turtle_mover build --build-base /home/vboxuser/hw5_ws/build/turtle_mover/build install --record /home/vboxuser/hw5_ws/build/turtle_mover/install.log --single-version-externally-managed
[3.711s] Level 1:colcon.colcon_core.environment:checking '/home/vboxuser/hw5_ws/install/turtle_mover' for CMake module files
[3.712s] Level 1:colcon.colcon_core.environment:checking '/home/vboxuser/hw5_ws/install/turtle_mover' for CMake config files
[3.713s] Level 1:colcon.colcon_core.environment:checking '/home/vboxuser/hw5_ws/install/turtle_mover/lib'
[3.713s] Level 1:colcon.colcon_core.environment:checking '/home/vboxuser/hw5_ws/install/turtle_mover/bin'
[3.713s] Level 1:colcon.colcon_core.environment:checking '/home/vboxuser/hw5_ws/install/turtle_mover/lib/pkgconfig/turtle_mover.pc'
[3.713s] Level 1:colcon.colcon_core.environment:checking '/home/vboxuser/hw5_ws/install/turtle_mover/lib/python3.10/site-packages'
[3.713s] Level 1:colcon.colcon_core.shell:create_environment_hook('turtle_mover', 'pythonpath')
[3.735s] INFO:colcon.colcon_core.shell:Creating environment hook '/home/vboxuser/hw5_ws/install/turtle_mover/share/turtle_mover/hook/pythonpath.ps1'
[3.736s] INFO:colcon.colcon_core.shell:Creating environment descriptor '/home/vboxuser/hw5_ws/install/turtle_mover/share/turtle_mover/hook/pythonpath.dsv'
[3.738s] INFO:colcon.colcon_core.shell:Creating environment hook '/home/vboxuser/hw5_ws/install/turtle_mover/share/turtle_mover/hook/pythonpath.sh'
[3.739s] Level 1:colcon.colcon_core.environment:checking '/home/vboxuser/hw5_ws/install/turtle_mover/bin'
[3.739s] Level 1:colcon.colcon_core.environment:create_environment_scripts_only(turtle_mover)
[3.762s] INFO:colcon.colcon_core.shell:Creating package script '/home/vboxuser/hw5_ws/install/turtle_mover/share/turtle_mover/package.ps1'
[3.763s] INFO:colcon.colcon_core.shell:Creating package descriptor '/home/vboxuser/hw5_ws/install/turtle_mover/share/turtle_mover/package.dsv'
[3.764s] INFO:colcon.colcon_core.shell:Creating package script '/home/vboxuser/hw5_ws/install/turtle_mover/share/turtle_mover/package.sh'
[3.765s] INFO:colcon.colcon_core.shell:Creating package script '/home/vboxuser/hw5_ws/install/turtle_mover/share/turtle_mover/package.bash'
[3.767s] INFO:colcon.colcon_core.shell:Creating package script '/home/vboxuser/hw5_ws/install/turtle_mover/share/turtle_mover/package.zsh'
[3.768s] Level 1:colcon.colcon_core.environment:create_file_with_runtime_dependencies(/home/vboxuser/hw5_ws/install/turtle_mover/share/colcon-core/packages/turtle_mover)
[3.770s] DEBUG:colcon.colcon_parallel_executor.executor.parallel:closing loop
[3.770s] DEBUG:colcon.colcon_parallel_executor.executor.parallel:loop closed
[3.770s] DEBUG:colcon.colcon_parallel_executor.executor.parallel:run_until_complete finished with '0'
[3.770s] DEBUG:colcon.colcon_core.event_reactor:joining thread
[3.798s] INFO:colcon.colcon_core.plugin_system:Skipping extension 'colcon_notification.desktop_notification.terminal_notifier': Not used on non-Darwin systems
[3.798s] INFO:colcon.colcon_core.plugin_system:Skipping extension 'colcon_notification.desktop_notification.win32': Not used on non-Windows systems
[3.798s] INFO:colcon.colcon_notification.desktop_notification:Sending desktop notification using 'notify2'
[3.821s] DEBUG:colcon.colcon_core.event_reactor:joined thread
[3.845s] INFO:colcon.colcon_core.shell:Creating prefix script '/home/vboxuser/hw5_ws/install/local_setup.ps1'
[3.847s] INFO:colcon.colcon_core.shell:Creating prefix util module '/home/vboxuser/hw5_ws/install/_local_setup_util_ps1.py'
[3.867s] INFO:colcon.colcon_core.shell:Creating prefix chain script '/home/vboxuser/hw5_ws/install/setup.ps1'
[3.893s] INFO:colcon.colcon_core.shell:Creating prefix script '/home/vboxuser/hw5_ws/install/local_setup.sh'
[3.894s] INFO:colcon.colcon_core.shell:Creating prefix util module '/home/vboxuser/hw5_ws/install/_local_setup_util_sh.py'
[3.896s] INFO:colcon.colcon_core.shell:Creating prefix chain script '/home/vboxuser/hw5_ws/install/setup.sh'
[3.920s] INFO:colcon.colcon_core.shell:Creating prefix script '/home/vboxuser/hw5_ws/install/local_setup.bash'
[3.921s] INFO:colcon.colcon_core.shell:Creating prefix chain script '/home/vboxuser/hw5_ws/install/setup.bash'
[3.943s] INFO:colcon.colcon_core.shell:Creating prefix script '/home/vboxuser/hw5_ws/install/local_setup.zsh'
[3.944s] INFO:colcon.colcon_core.shell:Creating prefix chain script '/home/vboxuser/hw5_ws/install/setup.zsh'
