[2.905s] Invoking command in '/home/vboxuser/hw5_ws/src/turtle_joy': PYTHONPATH=/home/vboxuser/hw5_ws/src/build/turtle_joy/prefix_override:/home/vboxuser/hw5_ws/src/install/turtle_joy/lib/python3.10/site-packages:${PYTHONPATH} /usr/bin/python3 setup.py egg_info --egg-base ../build/turtle_joy build --build-base /home/vboxuser/hw5_ws/src/build/turtle_joy/build install --record /home/vboxuser/hw5_ws/src/build/turtle_joy/install.log --single-version-externally-managed
[3.375s] running egg_info
[3.376s] writing ../build/turtle_joy/turtle_joy.egg-info/PKG-INFO
[3.376s] writing dependency_links to ../build/turtle_joy/turtle_joy.egg-info/dependency_links.txt
[3.376s] writing entry points to ../build/turtle_joy/turtle_joy.egg-info/entry_points.txt
[3.376s] writing requirements to ../build/turtle_joy/turtle_joy.egg-info/requires.txt
[3.377s] writing top-level names to ../build/turtle_joy/turtle_joy.egg-info/top_level.txt
[3.379s] reading manifest file '../build/turtle_joy/turtle_joy.egg-info/SOURCES.txt'
[3.419s] writing manifest file '../build/turtle_joy/turtle_joy.egg-info/SOURCES.txt'
[3.419s] running build
[3.419s] running build_py
[3.420s] running install
[3.420s] running install_lib
[3.420s] running install_data
[3.420s] running install_egg_info
[3.420s] removing '/home/vboxuser/hw5_ws/src/install/turtle_joy/lib/python3.10/site-packages/turtle_joy-0.0.0-py3.10.egg-info' (and everything under it)
[3.420s] Copying ../build/turtle_joy/turtle_joy.egg-info to /home/vboxuser/hw5_ws/src/install/turtle_joy/lib/python3.10/site-packages/turtle_joy-0.0.0-py3.10.egg-info
[3.421s] running install_scripts
[3.443s] Installing hello_node script to /home/vboxuser/hw5_ws/src/install/turtle_joy/lib/turtle_joy
[3.445s] Installing turtle_joy script to /home/vboxuser/hw5_ws/src/install/turtle_joy/lib/turtle_joy
[3.484s] writing list of installed files to '/home/vboxuser/hw5_ws/src/build/turtle_joy/install.log'
[3.723s] Invoked command in '/home/vboxuser/hw5_ws/src/turtle_joy' returned '0': PYTHONPATH=/home/vboxuser/hw5_ws/src/build/turtle_joy/prefix_override:/home/vboxuser/hw5_ws/src/install/turtle_joy/lib/python3.10/site-packages:${PYTHONPATH} /usr/bin/python3 setup.py egg_info --egg-base ../build/turtle_joy build --build-base /home/vboxuser/hw5_ws/src/build/turtle_joy/build install --record /home/vboxuser/hw5_ws/src/build/turtle_joy/install.log --single-version-externally-managed
