[0.206s] Invoking command in '/home/vboxuser/ros2_ws/build/examples_rclcpp_wait_set': CMAKE_PREFIX_PATH=${CMAKE_PREFIX_PATH}:/home/vboxuser/ros2_ws/src/install/py_pubsub3:/home/vboxuser/ros2_ws/src/install/py_pubsub2:/home/vboxuser/ros2_ws/src/install/py_pubsub:/home/vboxuser/ros2_ws/src/install/launch_testing_examples:/home/vboxuser/ros2_ws/src/install/examples_rclpy_pointcloud_publisher:/home/vboxuser/ros2_ws/src/install/examples_rclpy_minimal_subscriber:/home/vboxuser/ros2_ws/src/install/examples_rclpy_minimal_service:/home/vboxuser/ros2_ws/src/install/examples_rclpy_minimal_publisher:/home/vboxuser/ros2_ws/src/install/examples_rclpy_minimal_client:/home/vboxuser/ros2_ws/src/install/examples_rclpy_minimal_action_server:/home/vboxuser/ros2_ws/src/install/examples_rclpy_minimal_action_client:/home/vboxuser/ros2_ws/src/install/examples_rclpy_guard_conditions:/home/vboxuser/ros2_ws/src/install/examples_rclpy_executors:/home/vboxuser/ros2_ws/install/py_pubsub2:/home/vboxuser/ros2_ws/install/py_pubsub:/home/vboxuser/ros2_ws/install/launch_testing_examples:/home/vboxuser/ros2_ws/install/examples_rclpy_pointcloud_publisher:/home/vboxuser/ros2_ws/install/examples_rclpy_minimal_subscriber:/home/vboxuser/ros2_ws/install/examples_rclpy_minimal_service:/home/vboxuser/ros2_ws/install/examples_rclpy_minimal_publisher:/home/vboxuser/ros2_ws/install/examples_rclpy_minimal_client:/home/vboxuser/ros2_ws/install/examples_rclpy_minimal_action_server:/home/vboxuser/ros2_ws/install/examples_rclpy_minimal_action_client:/home/vboxuser/ros2_ws/install/examples_rclpy_guard_conditions:/home/vboxuser/ros2_ws/install/examples_rclpy_executors:/home/vboxuser/HW3_ws/install/py_pubsub:/home/vboxuser/HW3_ws/install/Q1:/opt/ros/humble /usr/bin/cmake --build /home/vboxuser/ros2_ws/build/examples_rclcpp_wait_set -- -j6 -l6
[0.291s] [  8%] Built target talker
[0.325s] [ 16%] Built target wait_set_talker
[0.325s] [ 25%] Built target wait_set
[0.325s] [ 33%] Built target wait_set_listener
[0.325s] [ 41%] Built target listener
[0.332s] [ 50%] Built target static_wait_set
[0.359s] [ 58%] Built target thread_safe_wait_set
[0.360s] [ 66%] Built target wait_set_topics_and_timer
[0.364s] [ 75%] Built target wait_set_random_order
[0.366s] [ 83%] Built target wait_set_topics_with_different_rates
[0.377s] [ 91%] Built target executor_random_order
[0.379s] [100%] Built target wait_set_composed
[0.410s] Invoked command in '/home/vboxuser/ros2_ws/build/examples_rclcpp_wait_set' returned '0': CMAKE_PREFIX_PATH=${CMAKE_PREFIX_PATH}:/home/vboxuser/ros2_ws/src/install/py_pubsub3:/home/vboxuser/ros2_ws/src/install/py_pubsub2:/home/vboxuser/ros2_ws/src/install/py_pubsub:/home/vboxuser/ros2_ws/src/install/launch_testing_examples:/home/vboxuser/ros2_ws/src/install/examples_rclpy_pointcloud_publisher:/home/vboxuser/ros2_ws/src/install/examples_rclpy_minimal_subscriber:/home/vboxuser/ros2_ws/src/install/examples_rclpy_minimal_service:/home/vboxuser/ros2_ws/src/install/examples_rclpy_minimal_publisher:/home/vboxuser/ros2_ws/src/install/examples_rclpy_minimal_client:/home/vboxuser/ros2_ws/src/install/examples_rclpy_minimal_action_server:/home/vboxuser/ros2_ws/src/install/examples_rclpy_minimal_action_client:/home/vboxuser/ros2_ws/src/install/examples_rclpy_guard_conditions:/home/vboxuser/ros2_ws/src/install/examples_rclpy_executors:/home/vboxuser/ros2_ws/install/py_pubsub2:/home/vboxuser/ros2_ws/install/py_pubsub:/home/vboxuser/ros2_ws/install/launch_testing_examples:/home/vboxuser/ros2_ws/install/examples_rclpy_pointcloud_publisher:/home/vboxuser/ros2_ws/install/examples_rclpy_minimal_subscriber:/home/vboxuser/ros2_ws/install/examples_rclpy_minimal_service:/home/vboxuser/ros2_ws/install/examples_rclpy_minimal_publisher:/home/vboxuser/ros2_ws/install/examples_rclpy_minimal_client:/home/vboxuser/ros2_ws/install/examples_rclpy_minimal_action_server:/home/vboxuser/ros2_ws/install/examples_rclpy_minimal_action_client:/home/vboxuser/ros2_ws/install/examples_rclpy_guard_conditions:/home/vboxuser/ros2_ws/install/examples_rclpy_executors:/home/vboxuser/HW3_ws/install/py_pubsub:/home/vboxuser/HW3_ws/install/Q1:/opt/ros/humble /usr/bin/cmake --build /home/vboxuser/ros2_ws/build/examples_rclcpp_wait_set -- -j6 -l6
[1.001s] Invoking command in '/home/vboxuser/ros2_ws/build/examples_rclcpp_wait_set': CMAKE_PREFIX_PATH=${CMAKE_PREFIX_PATH}:/home/vboxuser/ros2_ws/src/install/py_pubsub3:/home/vboxuser/ros2_ws/src/install/py_pubsub2:/home/vboxuser/ros2_ws/src/install/py_pubsub:/home/vboxuser/ros2_ws/src/install/launch_testing_examples:/home/vboxuser/ros2_ws/src/install/examples_rclpy_pointcloud_publisher:/home/vboxuser/ros2_ws/src/install/examples_rclpy_minimal_subscriber:/home/vboxuser/ros2_ws/src/install/examples_rclpy_minimal_service:/home/vboxuser/ros2_ws/src/install/examples_rclpy_minimal_publisher:/home/vboxuser/ros2_ws/src/install/examples_rclpy_minimal_client:/home/vboxuser/ros2_ws/src/install/examples_rclpy_minimal_action_server:/home/vboxuser/ros2_ws/src/install/examples_rclpy_minimal_action_client:/home/vboxuser/ros2_ws/src/install/examples_rclpy_guard_conditions:/home/vboxuser/ros2_ws/src/install/examples_rclpy_executors:/home/vboxuser/ros2_ws/install/py_pubsub2:/home/vboxuser/ros2_ws/install/py_pubsub:/home/vboxuser/ros2_ws/install/launch_testing_examples:/home/vboxuser/ros2_ws/install/examples_rclpy_pointcloud_publisher:/home/vboxuser/ros2_ws/install/examples_rclpy_minimal_subscriber:/home/vboxuser/ros2_ws/install/examples_rclpy_minimal_service:/home/vboxuser/ros2_ws/install/examples_rclpy_minimal_publisher:/home/vboxuser/ros2_ws/install/examples_rclpy_minimal_client:/home/vboxuser/ros2_ws/install/examples_rclpy_minimal_action_server:/home/vboxuser/ros2_ws/install/examples_rclpy_minimal_action_client:/home/vboxuser/ros2_ws/install/examples_rclpy_guard_conditions:/home/vboxuser/ros2_ws/install/examples_rclpy_executors:/home/vboxuser/HW3_ws/install/py_pubsub:/home/vboxuser/HW3_ws/install/Q1:/opt/ros/humble /usr/bin/cmake --install /home/vboxuser/ros2_ws/build/examples_rclcpp_wait_set
[1.033s] -- Install configuration: ""
[1.033s] -- Execute custom install script
[1.033s] -- Up-to-date symlink: /home/vboxuser/ros2_ws/install/examples_rclcpp_wait_set/lib/examples_rclcpp_wait_set/wait_set_talker
[1.033s] -- Up-to-date symlink: /home/vboxuser/ros2_ws/install/examples_rclcpp_wait_set/lib/examples_rclcpp_wait_set/wait_set_listener
[1.033s] -- Up-to-date symlink: /home/vboxuser/ros2_ws/install/examples_rclcpp_wait_set/lib/libtalker.so
[1.033s] -- Up-to-date symlink: /home/vboxuser/ros2_ws/install/examples_rclcpp_wait_set/lib/liblistener.so
[1.033s] -- Up-to-date symlink: /home/vboxuser/ros2_ws/install/examples_rclcpp_wait_set/lib/examples_rclcpp_wait_set/wait_set
[1.034s] -- Up-to-date symlink: /home/vboxuser/ros2_ws/install/examples_rclcpp_wait_set/lib/examples_rclcpp_wait_set/static_wait_set
[1.034s] -- Up-to-date symlink: /home/vboxuser/ros2_ws/install/examples_rclcpp_wait_set/lib/examples_rclcpp_wait_set/thread_safe_wait_set
[1.034s] -- Up-to-date symlink: /home/vboxuser/ros2_ws/install/examples_rclcpp_wait_set/lib/examples_rclcpp_wait_set/wait_set_topics_and_timer
[1.034s] -- Up-to-date symlink: /home/vboxuser/ros2_ws/install/examples_rclcpp_wait_set/lib/examples_rclcpp_wait_set/wait_set_random_order
[1.034s] -- Up-to-date symlink: /home/vboxuser/ros2_ws/install/examples_rclcpp_wait_set/lib/examples_rclcpp_wait_set/executor_random_order
[1.034s] -- Up-to-date symlink: /home/vboxuser/ros2_ws/install/examples_rclcpp_wait_set/lib/examples_rclcpp_wait_set/wait_set_topics_with_different_rates
[1.034s] -- Up-to-date symlink: /home/vboxuser/ros2_ws/install/examples_rclcpp_wait_set/lib/examples_rclcpp_wait_set/wait_set_composed
[1.034s] -- Up-to-date symlink: /home/vboxuser/ros2_ws/install/examples_rclcpp_wait_set/share/ament_index/resource_index/package_run_dependencies/examples_rclcpp_wait_set
[1.034s] -- Up-to-date symlink: /home/vboxuser/ros2_ws/install/examples_rclcpp_wait_set/share/ament_index/resource_index/parent_prefix_path/examples_rclcpp_wait_set
[1.035s] -- Up-to-date symlink: /home/vboxuser/ros2_ws/install/examples_rclcpp_wait_set/share/examples_rclcpp_wait_set/environment/ament_prefix_path.sh
[1.035s] -- Up-to-date symlink: /home/vboxuser/ros2_ws/install/examples_rclcpp_wait_set/share/examples_rclcpp_wait_set/environment/ament_prefix_path.dsv
[1.035s] -- Up-to-date symlink: /home/vboxuser/ros2_ws/install/examples_rclcpp_wait_set/share/examples_rclcpp_wait_set/environment/path.sh
[1.035s] -- Up-to-date symlink: /home/vboxuser/ros2_ws/install/examples_rclcpp_wait_set/share/examples_rclcpp_wait_set/environment/path.dsv
[1.035s] -- Up-to-date symlink: /home/vboxuser/ros2_ws/install/examples_rclcpp_wait_set/share/examples_rclcpp_wait_set/local_setup.bash
[1.035s] -- Up-to-date symlink: /home/vboxuser/ros2_ws/install/examples_rclcpp_wait_set/share/examples_rclcpp_wait_set/local_setup.sh
[1.035s] -- Up-to-date symlink: /home/vboxuser/ros2_ws/install/examples_rclcpp_wait_set/share/examples_rclcpp_wait_set/local_setup.zsh
[1.035s] -- Up-to-date symlink: /home/vboxuser/ros2_ws/install/examples_rclcpp_wait_set/share/examples_rclcpp_wait_set/local_setup.dsv
[1.036s] -- Symlinking: /home/vboxuser/ros2_ws/install/examples_rclcpp_wait_set/share/examples_rclcpp_wait_set/package.dsv
[1.048s] -- Up-to-date symlink: /home/vboxuser/ros2_ws/install/examples_rclcpp_wait_set/share/ament_index/resource_index/packages/examples_rclcpp_wait_set
[1.049s] -- Up-to-date symlink: /home/vboxuser/ros2_ws/install/examples_rclcpp_wait_set/share/ament_index/resource_index/rclcpp_components/examples_rclcpp_wait_set
[1.049s] -- Up-to-date symlink: /home/vboxuser/ros2_ws/install/examples_rclcpp_wait_set/share/examples_rclcpp_wait_set/cmake/examples_rclcpp_wait_setConfig.cmake
[1.049s] -- Up-to-date symlink: /home/vboxuser/ros2_ws/install/examples_rclcpp_wait_set/share/examples_rclcpp_wait_set/cmake/examples_rclcpp_wait_setConfig-version.cmake
[1.049s] -- Up-to-date symlink: /home/vboxuser/ros2_ws/install/examples_rclcpp_wait_set/share/examples_rclcpp_wait_set/package.xml
[2.382s] Invoked command in '/home/vboxuser/ros2_ws/build/examples_rclcpp_wait_set' returned '0': CMAKE_PREFIX_PATH=${CMAKE_PREFIX_PATH}:/home/vboxuser/ros2_ws/src/install/py_pubsub3:/home/vboxuser/ros2_ws/src/install/py_pubsub2:/home/vboxuser/ros2_ws/src/install/py_pubsub:/home/vboxuser/ros2_ws/src/install/launch_testing_examples:/home/vboxuser/ros2_ws/src/install/examples_rclpy_pointcloud_publisher:/home/vboxuser/ros2_ws/src/install/examples_rclpy_minimal_subscriber:/home/vboxuser/ros2_ws/src/install/examples_rclpy_minimal_service:/home/vboxuser/ros2_ws/src/install/examples_rclpy_minimal_publisher:/home/vboxuser/ros2_ws/src/install/examples_rclpy_minimal_client:/home/vboxuser/ros2_ws/src/install/examples_rclpy_minimal_action_server:/home/vboxuser/ros2_ws/src/install/examples_rclpy_minimal_action_client:/home/vboxuser/ros2_ws/src/install/examples_rclpy_guard_conditions:/home/vboxuser/ros2_ws/src/install/examples_rclpy_executors:/home/vboxuser/ros2_ws/install/py_pubsub2:/home/vboxuser/ros2_ws/install/py_pubsub:/home/vboxuser/ros2_ws/install/launch_testing_examples:/home/vboxuser/ros2_ws/install/examples_rclpy_pointcloud_publisher:/home/vboxuser/ros2_ws/install/examples_rclpy_minimal_subscriber:/home/vboxuser/ros2_ws/install/examples_rclpy_minimal_service:/home/vboxuser/ros2_ws/install/examples_rclpy_minimal_publisher:/home/vboxuser/ros2_ws/install/examples_rclpy_minimal_client:/home/vboxuser/ros2_ws/install/examples_rclpy_minimal_action_server:/home/vboxuser/ros2_ws/install/examples_rclpy_minimal_action_client:/home/vboxuser/ros2_ws/install/examples_rclpy_guard_conditions:/home/vboxuser/ros2_ws/install/examples_rclpy_executors:/home/vboxuser/HW3_ws/install/py_pubsub:/home/vboxuser/HW3_ws/install/Q1:/opt/ros/humble /usr/bin/cmake --install /home/vboxuser/ros2_ws/build/examples_rclcpp_wait_set
