[1.218s] Invoking command in '/home/vboxuser/ros2_ws/build/my_cpp_pkg': CMAKE_PREFIX_PATH=${CMAKE_PREFIX_PATH}:/home/vboxuser/ros2_ws/src/install/py_pubsub3:/home/vboxuser/ros2_ws/src/install/py_pubsub2:/home/vboxuser/ros2_ws/src/install/py_pubsub:/home/vboxuser/ros2_ws/src/install/launch_testing_examples:/home/vboxuser/ros2_ws/src/install/examples_rclpy_pointcloud_publisher:/home/vboxuser/ros2_ws/src/install/examples_rclpy_minimal_subscriber:/home/vboxuser/ros2_ws/src/install/examples_rclpy_minimal_service:/home/vboxuser/ros2_ws/src/install/examples_rclpy_minimal_publisher:/home/vboxuser/ros2_ws/src/install/examples_rclpy_minimal_client:/home/vboxuser/ros2_ws/src/install/examples_rclpy_minimal_action_server:/home/vboxuser/ros2_ws/src/install/examples_rclpy_minimal_action_client:/home/vboxuser/ros2_ws/src/install/examples_rclpy_guard_conditions:/home/vboxuser/ros2_ws/src/install/examples_rclpy_executors:/home/vboxuser/ros2_ws/install/py_pubsub2:/home/vboxuser/ros2_ws/install/py_pubsub:/home/vboxuser/ros2_ws/install/launch_testing_examples:/home/vboxuser/ros2_ws/install/examples_rclpy_pointcloud_publisher:/home/vboxuser/ros2_ws/install/examples_rclpy_minimal_subscriber:/home/vboxuser/ros2_ws/install/examples_rclpy_minimal_service:/home/vboxuser/ros2_ws/install/examples_rclpy_minimal_publisher:/home/vboxuser/ros2_ws/install/examples_rclpy_minimal_client:/home/vboxuser/ros2_ws/install/examples_rclpy_minimal_action_server:/home/vboxuser/ros2_ws/install/examples_rclpy_minimal_action_client:/home/vboxuser/ros2_ws/install/examples_rclpy_guard_conditions:/home/vboxuser/ros2_ws/install/examples_rclpy_executors:/home/vboxuser/HW3_ws/install/py_pubsub:/home/vboxuser/HW3_ws/install/Q1:/opt/ros/humble /usr/bin/cmake --build /home/vboxuser/ros2_ws/build/my_cpp_pkg -- -j6 -l6
[1.262s] -- Found ament_cmake: 1.3.6 (/opt/ros/humble/share/ament_cmake/cmake)
[1.581s] -- Found rclcpp: 16.0.7 (/opt/ros/humble/share/rclcpp/cmake)
[1.635s] -- Found rosidl_generator_c: 3.1.5 (/opt/ros/humble/share/rosidl_generator_c/cmake)
[1.640s] -- Found rosidl_adapter: 3.1.5 (/opt/ros/humble/share/rosidl_adapter/cmake)
[1.651s] -- Found rosidl_generator_cpp: 3.1.5 (/opt/ros/humble/share/rosidl_generator_cpp/cmake)
[1.680s] -- Using all available rosidl_typesupport_c: rosidl_typesupport_fastrtps_c;rosidl_typesupport_introspection_c
[1.714s] -- Using all available rosidl_typesupport_cpp: rosidl_typesupport_fastrtps_cpp;rosidl_typesupport_introspection_cpp
[1.836s] -- Found rmw_implementation_cmake: 6.1.1 (/opt/ros/humble/share/rmw_implementation_cmake/cmake)
[1.843s] -- Found rmw_fastrtps_cpp: 6.2.5 (/opt/ros/humble/share/rmw_fastrtps_cpp/cmake)
[2.066s] -- Using RMW implementation 'rmw_fastrtps_cpp' as default
[2.588s] -- Configuring done
[2.588s] [31mCMake Error at CMakeLists.txt:13 (add_executable):
[2.589s]   Cannot find source file:
[2.589s] 
[2.589s]     /src/my_first_node.cpp
[2.589s] 
[2.589s]   Tried extensions .c .C .c++ .cc .cpp .cxx .cu .mpp .m .M .mm .ixx .cppm .h
[2.589s]   .hh .h++ .hm .hpp .hxx .in .txx .f .F .for .f77 .f90 .f95 .f03 .hip .ispc
[2.589s] 
[2.589s] [0m
[2.589s] [31mCMake Error at CMakeLists.txt:13 (add_executable):
[2.589s]   No SOURCES given to target: cpp_node
[2.590s] 
[2.590s] [0m
[2.590s] [0mCMake Generate step failed.  Build files cannot be regenerated correctly.[0m
[2.599s] gmake: *** [Makefile:226: cmake_check_build_system] Error 1
[3.131s] Invoked command in '/home/vboxuser/ros2_ws/build/my_cpp_pkg' returned '2': CMAKE_PREFIX_PATH=${CMAKE_PREFIX_PATH}:/home/vboxuser/ros2_ws/src/install/py_pubsub3:/home/vboxuser/ros2_ws/src/install/py_pubsub2:/home/vboxuser/ros2_ws/src/install/py_pubsub:/home/vboxuser/ros2_ws/src/install/launch_testing_examples:/home/vboxuser/ros2_ws/src/install/examples_rclpy_pointcloud_publisher:/home/vboxuser/ros2_ws/src/install/examples_rclpy_minimal_subscriber:/home/vboxuser/ros2_ws/src/install/examples_rclpy_minimal_service:/home/vboxuser/ros2_ws/src/install/examples_rclpy_minimal_publisher:/home/vboxuser/ros2_ws/src/install/examples_rclpy_minimal_client:/home/vboxuser/ros2_ws/src/install/examples_rclpy_minimal_action_server:/home/vboxuser/ros2_ws/src/install/examples_rclpy_minimal_action_client:/home/vboxuser/ros2_ws/src/install/examples_rclpy_guard_conditions:/home/vboxuser/ros2_ws/src/install/examples_rclpy_executors:/home/vboxuser/ros2_ws/install/py_pubsub2:/home/vboxuser/ros2_ws/install/py_pubsub:/home/vboxuser/ros2_ws/install/launch_testing_examples:/home/vboxuser/ros2_ws/install/examples_rclpy_pointcloud_publisher:/home/vboxuser/ros2_ws/install/examples_rclpy_minimal_subscriber:/home/vboxuser/ros2_ws/install/examples_rclpy_minimal_service:/home/vboxuser/ros2_ws/install/examples_rclpy_minimal_publisher:/home/vboxuser/ros2_ws/install/examples_rclpy_minimal_client:/home/vboxuser/ros2_ws/install/examples_rclpy_minimal_action_server:/home/vboxuser/ros2_ws/install/examples_rclpy_minimal_action_client:/home/vboxuser/ros2_ws/install/examples_rclpy_guard_conditions:/home/vboxuser/ros2_ws/install/examples_rclpy_executors:/home/vboxuser/HW3_ws/install/py_pubsub:/home/vboxuser/HW3_ws/install/Q1:/opt/ros/humble /usr/bin/cmake --build /home/vboxuser/ros2_ws/build/my_cpp_pkg -- -j6 -l6
