running egg_info
creating ../../build/q3/q3.egg-info
writing ../../build/q3/q3.egg-info/PKG-INFO
writing dependency_links to ../../build/q3/q3.egg-info/dependency_links.txt
writing entry points to ../../build/q3/q3.egg-info/entry_points.txt
writing requirements to ../../build/q3/q3.egg-info/requires.txt
writing top-level names to ../../build/q3/q3.egg-info/top_level.txt
writing manifest file '../../build/q3/q3.egg-info/SOURCES.txt'
reading manifest file '../../build/q3/q3.egg-info/SOURCES.txt'
writing manifest file '../../build/q3/q3.egg-info/SOURCES.txt'
running build
running build_py
creating /home/vboxuser/hw3_ws/build/q3/build
creating /home/vboxuser/hw3_ws/build/q3/build/lib
creating /home/vboxuser/hw3_ws/build/q3/build/lib/q3
copying q3/__init__.py -> /home/vboxuser/hw3_ws/build/q3/build/lib/q3
copying q3/node_link.py -> /home/vboxuser/hw3_ws/build/q3/build/lib/q3
running install
running install_lib
creating /home/vboxuser/hw3_ws/install/q3/lib/python3.10/site-packages/q3
copying /home/vboxuser/hw3_ws/build/q3/build/lib/q3/__init__.py -> /home/vboxuser/hw3_ws/install/q3/lib/python3.10/site-packages/q3
copying /home/vboxuser/hw3_ws/build/q3/build/lib/q3/node_link.py -> /home/vboxuser/hw3_ws/install/q3/lib/python3.10/site-packages/q3
byte-compiling /home/vboxuser/hw3_ws/install/q3/lib/python3.10/site-packages/q3/__init__.py to __init__.cpython-310.pyc
byte-compiling /home/vboxuser/hw3_ws/install/q3/lib/python3.10/site-packages/q3/node_link.py to node_link.cpython-310.pyc
running install_data
creating /home/vboxuser/hw3_ws/install/q3/share/ament_index
creating /home/vboxuser/hw3_ws/install/q3/share/ament_index/resource_index
creating /home/vboxuser/hw3_ws/install/q3/share/ament_index/resource_index/packages
copying resource/q3 -> /home/vboxuser/hw3_ws/install/q3/share/ament_index/resource_index/packages
copying package.xml -> /home/vboxuser/hw3_ws/install/q3/share/q3
running install_egg_info
Copying ../../build/q3/q3.egg-info to /home/vboxuser/hw3_ws/install/q3/lib/python3.10/site-packages/q3-0.0.0-py3.10.egg-info
running install_scripts
Installing node_link script to /home/vboxuser/hw3_ws/install/q3/lib/q3
writing list of installed files to '/home/vboxuser/hw3_ws/build/q3/install.log'
