[2.823s] Invoking command in '/home/vboxuser/hw3_ws/src/q3': PYTHONPATH=/home/vboxuser/hw3_ws/build/q3/prefix_override:/home/vboxuser/hw3_ws/install/q3/lib/python3.10/site-packages:${PYTHONPATH} /usr/bin/python3 setup.py egg_info --egg-base ../../build/q3 build --build-base /home/vboxuser/hw3_ws/build/q3/build install --record /home/vboxuser/hw3_ws/build/q3/install.log --single-version-externally-managed
[3.229s] running egg_info
[3.230s] creating ../../build/q3/q3.egg-info
[3.230s] writing ../../build/q3/q3.egg-info/PKG-INFO
[3.230s] writing dependency_links to ../../build/q3/q3.egg-info/dependency_links.txt
[3.230s] writing entry points to ../../build/q3/q3.egg-info/entry_points.txt
[3.231s] writing requirements to ../../build/q3/q3.egg-info/requires.txt
[3.231s] writing top-level names to ../../build/q3/q3.egg-info/top_level.txt
[3.231s] writing manifest file '../../build/q3/q3.egg-info/SOURCES.txt'
[3.233s] reading manifest file '../../build/q3/q3.egg-info/SOURCES.txt'
[3.234s] writing manifest file '../../build/q3/q3.egg-info/SOURCES.txt'
[3.234s] running build
[3.235s] running build_py
[3.235s] creating /home/vboxuser/hw3_ws/build/q3/build
[3.235s] creating /home/vboxuser/hw3_ws/build/q3/build/lib
[3.235s] creating /home/vboxuser/hw3_ws/build/q3/build/lib/q3
[3.235s] copying q3/__init__.py -> /home/vboxuser/hw3_ws/build/q3/build/lib/q3
[3.235s] copying q3/node_link.py -> /home/vboxuser/hw3_ws/build/q3/build/lib/q3
[3.236s] running install
[3.236s] running install_lib
[3.236s] creating /home/vboxuser/hw3_ws/install/q3/lib/python3.10/site-packages/q3
[3.237s] copying /home/vboxuser/hw3_ws/build/q3/build/lib/q3/__init__.py -> /home/vboxuser/hw3_ws/install/q3/lib/python3.10/site-packages/q3
[3.237s] copying /home/vboxuser/hw3_ws/build/q3/build/lib/q3/node_link.py -> /home/vboxuser/hw3_ws/install/q3/lib/python3.10/site-packages/q3
[3.237s] byte-compiling /home/vboxuser/hw3_ws/install/q3/lib/python3.10/site-packages/q3/__init__.py to __init__.cpython-310.pyc
[3.237s] byte-compiling /home/vboxuser/hw3_ws/install/q3/lib/python3.10/site-packages/q3/node_link.py to node_link.cpython-310.pyc
[3.238s] running install_data
[3.239s] creating /home/vboxuser/hw3_ws/install/q3/share/ament_index
[3.239s] creating /home/vboxuser/hw3_ws/install/q3/share/ament_index/resource_index
[3.239s] creating /home/vboxuser/hw3_ws/install/q3/share/ament_index/resource_index/packages
[3.239s] copying resource/q3 -> /home/vboxuser/hw3_ws/install/q3/share/ament_index/resource_index/packages
[3.239s] copying package.xml -> /home/vboxuser/hw3_ws/install/q3/share/q3
[3.240s] running install_egg_info
[3.242s] Copying ../../build/q3/q3.egg-info to /home/vboxuser/hw3_ws/install/q3/lib/python3.10/site-packages/q3-0.0.0-py3.10.egg-info
[3.244s] running install_scripts
[3.273s] Installing node_link script to /home/vboxuser/hw3_ws/install/q3/lib/q3
[3.273s] writing list of installed files to '/home/vboxuser/hw3_ws/build/q3/install.log'
[3.414s] Invoked command in '/home/vboxuser/hw3_ws/src/q3' returned '0': PYTHONPATH=/home/vboxuser/hw3_ws/build/q3/prefix_override:/home/vboxuser/hw3_ws/install/q3/lib/python3.10/site-packages:${PYTHONPATH} /usr/bin/python3 setup.py egg_info --egg-base ../../build/q3 build --build-base /home/vboxuser/hw3_ws/build/q3/build install --record /home/vboxuser/hw3_ws/build/q3/install.log --single-version-externally-managed
