[1.773s] Invoking command in '/home/vboxuser/hw4_ws/src/calculator': PYTHONPATH=/home/vboxuser/hw4_ws/build/calculator/prefix_override:/home/vboxuser/hw4_ws/install/calculator/lib/python3.10/site-packages:${PYTHONPATH} /usr/bin/python3 setup.py egg_info --egg-base ../../build/calculator build --build-base /home/vboxuser/hw4_ws/build/calculator/build install --record /home/vboxuser/hw4_ws/build/calculator/install.log --single-version-externally-managed
[2.157s] running egg_info
[2.158s] writing ../../build/calculator/calculator.egg-info/PKG-INFO
[2.158s] writing dependency_links to ../../build/calculator/calculator.egg-info/dependency_links.txt
[2.158s] writing entry points to ../../build/calculator/calculator.egg-info/entry_points.txt
[2.159s] writing requirements to ../../build/calculator/calculator.egg-info/requires.txt
[2.159s] writing top-level names to ../../build/calculator/calculator.egg-info/top_level.txt
[2.161s] reading manifest file '../../build/calculator/calculator.egg-info/SOURCES.txt'
[2.161s] adding license file 'LICENSE'
[2.162s] writing manifest file '../../build/calculator/calculator.egg-info/SOURCES.txt'
[2.162s] running build
[2.162s] running build_py
[2.163s] copying calculator/calculator.py -> /home/vboxuser/hw4_ws/build/calculator/build/lib/calculator
[2.163s] running install
[2.163s] running install_lib
[2.164s] copying /home/vboxuser/hw4_ws/build/calculator/build/lib/calculator/calculator.py -> /home/vboxuser/hw4_ws/install/calculator/lib/python3.10/site-packages/calculator
[2.165s] byte-compiling /home/vboxuser/hw4_ws/install/calculator/lib/python3.10/site-packages/calculator/calculator.py to calculator.cpython-310.pyc
[2.166s] running install_data
[2.167s] running install_egg_info
[2.169s] removing '/home/vboxuser/hw4_ws/install/calculator/lib/python3.10/site-packages/calculator-0.0.0-py3.10.egg-info' (and everything under it)
[2.169s] Copying ../../build/calculator/calculator.egg-info to /home/vboxuser/hw4_ws/install/calculator/lib/python3.10/site-packages/calculator-0.0.0-py3.10.egg-info
[2.170s] running install_scripts
[2.203s] Installing client script to /home/vboxuser/hw4_ws/install/calculator/lib/calculator
[2.203s] Installing service script to /home/vboxuser/hw4_ws/install/calculator/lib/calculator
[2.204s] writing list of installed files to '/home/vboxuser/hw4_ws/build/calculator/install.log'
[2.299s] Invoked command in '/home/vboxuser/hw4_ws/src/calculator' returned '0': PYTHONPATH=/home/vboxuser/hw4_ws/build/calculator/prefix_override:/home/vboxuser/hw4_ws/install/calculator/lib/python3.10/site-packages:${PYTHONPATH} /usr/bin/python3 setup.py egg_info --egg-base ../../build/calculator build --build-base /home/vboxuser/hw4_ws/build/calculator/build install --record /home/vboxuser/hw4_ws/build/calculator/install.log --single-version-externally-managed
