[1.085s] Invoking command in '/home/vboxuser/hw3_ws/src/py_pubsub': PYTHONPATH=/home/vboxuser/hw3_ws/build/py_pubsub/prefix_override:/home/vboxuser/hw3_ws/install/py_pubsub/lib/python3.10/site-packages:${PYTHONPATH} /usr/bin/python3 setup.py egg_info --egg-base ../../build/py_pubsub build --build-base /home/vboxuser/hw3_ws/build/py_pubsub/build install --record /home/vboxuser/hw3_ws/build/py_pubsub/install.log --single-version-externally-managed
[1.457s] running egg_info
[1.458s] creating ../../build/py_pubsub/py_pubsub.egg-info
[1.458s] writing ../../build/py_pubsub/py_pubsub.egg-info/PKG-INFO
[1.459s] writing dependency_links to ../../build/py_pubsub/py_pubsub.egg-info/dependency_links.txt
[1.459s] writing entry points to ../../build/py_pubsub/py_pubsub.egg-info/entry_points.txt
[1.459s] writing requirements to ../../build/py_pubsub/py_pubsub.egg-info/requires.txt
[1.459s] writing top-level names to ../../build/py_pubsub/py_pubsub.egg-info/top_level.txt
[1.459s] writing manifest file '../../build/py_pubsub/py_pubsub.egg-info/SOURCES.txt'
[1.461s] reading manifest file '../../build/py_pubsub/py_pubsub.egg-info/SOURCES.txt'
[1.461s] adding license file 'LICENSE'
[1.462s] writing manifest file '../../build/py_pubsub/py_pubsub.egg-info/SOURCES.txt'
[1.463s] running build
[1.463s] running build_py
[1.463s] creating /home/vboxuser/hw3_ws/build/py_pubsub/build
[1.463s] creating /home/vboxuser/hw3_ws/build/py_pubsub/build/lib
[1.463s] creating /home/vboxuser/hw3_ws/build/py_pubsub/build/lib/py_pubsub
[1.463s] copying py_pubsub/__init__.py -> /home/vboxuser/hw3_ws/build/py_pubsub/build/lib/py_pubsub
[1.463s] running install
[1.464s] running install_lib
[1.464s] creating /home/vboxuser/hw3_ws/install/py_pubsub/lib/python3.10/site-packages/py_pubsub
[1.465s] copying /home/vboxuser/hw3_ws/build/py_pubsub/build/lib/py_pubsub/__init__.py -> /home/vboxuser/hw3_ws/install/py_pubsub/lib/python3.10/site-packages/py_pubsub
[1.465s] byte-compiling /home/vboxuser/hw3_ws/install/py_pubsub/lib/python3.10/site-packages/py_pubsub/__init__.py to __init__.cpython-310.pyc
[1.466s] running install_data
[1.467s] creating /home/vboxuser/hw3_ws/install/py_pubsub/share/ament_index
[1.468s] creating /home/vboxuser/hw3_ws/install/py_pubsub/share/ament_index/resource_index
[1.468s] creating /home/vboxuser/hw3_ws/install/py_pubsub/share/ament_index/resource_index/packages
[1.468s] copying resource/py_pubsub -> /home/vboxuser/hw3_ws/install/py_pubsub/share/ament_index/resource_index/packages
[1.468s] copying package.xml -> /home/vboxuser/hw3_ws/install/py_pubsub/share/py_pubsub
[1.468s] running install_egg_info
[1.471s] Copying ../../build/py_pubsub/py_pubsub.egg-info to /home/vboxuser/hw3_ws/install/py_pubsub/lib/python3.10/site-packages/py_pubsub-0.0.0-py3.10.egg-info
[1.472s] running install_scripts
[1.499s] writing list of installed files to '/home/vboxuser/hw3_ws/build/py_pubsub/install.log'
[1.528s] Invoked command in '/home/vboxuser/hw3_ws/src/py_pubsub' returned '0': PYTHONPATH=/home/vboxuser/hw3_ws/build/py_pubsub/prefix_override:/home/vboxuser/hw3_ws/install/py_pubsub/lib/python3.10/site-packages:${PYTHONPATH} /usr/bin/python3 setup.py egg_info --egg-base ../../build/py_pubsub build --build-base /home/vboxuser/hw3_ws/build/py_pubsub/build install --record /home/vboxuser/hw3_ws/build/py_pubsub/install.log --single-version-externally-managed
