-- Found ament_cmake: 1.3.6 (/opt/ros/humble/share/ament_cmake/cmake)
-- Found rosidl_default_generators: 1.2.0 (/opt/ros/humble/share/rosidl_default_generators/cmake)
-- Using all available rosidl_typesupport_c: rosidl_typesupport_fastrtps_c;rosidl_typesupport_introspection_c
-- Found rosidl_adapter: 3.1.5 (/opt/ros/humble/share/rosidl_adapter/cmake)
-- Using all available rosidl_typesupport_cpp: rosidl_typesupport_fastrtps_cpp;rosidl_typesupport_introspection_cpp
-- Found ament_cmake_ros: 0.10.0 (/opt/ros/humble/share/ament_cmake_ros/cmake)
-- Using all available rosidl_typesupport_c: rosidl_typesupport_fastrtps_c;rosidl_typesupport_introspection_c
-- Using all available rosidl_typesupport_cpp: rosidl_typesupport_fastrtps_cpp;rosidl_typesupport_introspection_cpp
-- Found python_cmake_module: 0.10.0 (/opt/ros/humble/share/python_cmake_module/cmake)
-- Using PYTHON_EXECUTABLE: /usr/bin/python3
-- Using PYTHON_INCLUDE_DIRS: /usr/include/python3.10
-- Using PYTHON_LIBRARIES: /usr/lib/x86_64-linux-gnu/libpython3.10.so
-- Found ament_lint_auto: 0.12.9 (/opt/ros/humble/share/ament_lint_auto/cmake)
-- Added test 'lint_cmake' to check CMake code style
-- Added test 'xmllint' to check XML markup files
-- Configuring done
-- Generating done
-- Build files have been written to: /home/vboxuser/hw4_ws/build/custom_interfaces
[  3%] [34m[1mGenerating C code for ROS interfaces[0m
[  6%] [34m[1mGenerating C++ code for ROS interfaces[0m
[  6%] Built target ament_cmake_python_copy_custom_interfaces
running egg_info
writing custom_interfaces.egg-info/PKG-INFO
writing dependency_links to custom_interfaces.egg-info/dependency_links.txt
writing top-level names to custom_interfaces.egg-info/top_level.txt
reading manifest file 'custom_interfaces.egg-info/SOURCES.txt'
writing manifest file 'custom_interfaces.egg-info/SOURCES.txt'
[  6%] Built target ament_cmake_python_build_custom_interfaces_egg
[35m[1mConsolidate compiler generated dependencies of target custom_interfaces__rosidl_generator_c[0m
[  6%] Built target custom_interfaces__cpp
[  9%] [32mBuilding C object CMakeFiles/custom_interfaces__rosidl_generator_c.dir/rosidl_generator_c/custom_interfaces/srv/detail/two_int_calc__functions.c.o[0m
[ 16%] [34m[1mGenerating C++ type support dispatch for ROS interfaces[0m
[ 16%] [34m[1mGenerating C++ type support for eProsima Fast-RTPS[0m
[ 19%] [34m[1mGenerating C++ introspection for ROS interfaces[0m
[ 22%] [32m[1mLinking C shared library libcustom_interfaces__rosidl_generator_c.so[0m
[ 22%] Built target custom_interfaces__rosidl_generator_c
[ 29%] [34m[1mGenerating C introspection for ROS interfaces[0m
[ 29%] [34m[1mGenerating C type support dispatch for ROS interfaces[0m
[ 32%] [34m[1mGenerating C type support for eProsima Fast-RTPS[0m
[35m[1mConsolidate compiler generated dependencies of target custom_interfaces__rosidl_typesupport_cpp[0m
[ 35%] [32mBuilding CXX object CMakeFiles/custom_interfaces__rosidl_typesupport_cpp.dir/rosidl_typesupport_cpp/custom_interfaces/srv/two_int_calc__type_support.cpp.o[0m
[35m[1mConsolidate compiler generated dependencies of target custom_interfaces__rosidl_typesupport_introspection_cpp[0m
[ 38%] [32mBuilding CXX object CMakeFiles/custom_interfaces__rosidl_typesupport_introspection_cpp.dir/rosidl_typesupport_introspection_cpp/custom_interfaces/srv/detail/two_int_calc__type_support.cpp.o[0m
[35m[1mConsolidate compiler generated dependencies of target custom_interfaces__rosidl_typesupport_fastrtps_cpp[0m
[ 41%] [32mBuilding CXX object CMakeFiles/custom_interfaces__rosidl_typesupport_fastrtps_cpp.dir/rosidl_typesupport_fastrtps_cpp/custom_interfaces/srv/detail/dds_fastrtps/two_int_calc__type_support.cpp.o[0m
[35m[1mConsolidate compiler generated dependencies of target custom_interfaces__rosidl_typesupport_c[0m
[ 45%] [32mBuilding CXX object CMakeFiles/custom_interfaces__rosidl_typesupport_c.dir/rosidl_typesupport_c/custom_interfaces/srv/two_int_calc__type_support.cpp.o[0m
In file included from [01m[K/home/vboxuser/hw4_ws/build/custom_interfaces/rosidl_typesupport_c/custom_interfaces/srv/two_int_calc__type_support.cpp:7[m[K:
[01m[K/home/vboxuser/hw4_ws/build/custom_interfaces/rosidl_generator_c/custom_interfaces/srv/detail/two_int_calc__struct.h:29:36:[m[K [01;31m[Kerror: [m[Kexpected type-specifier before ‘[01m[K;[m[K’ token
   29 |   rosidl_runtime_c__String operator[01;31m[K;[m[K
      |                                    [01;31m[K^[m[K
gmake[2]: *** [CMakeFiles/custom_interfaces__rosidl_typesupport_c.dir/build.make:86: CMakeFiles/custom_interfaces__rosidl_typesupport_c.dir/rosidl_typesupport_c/custom_interfaces/srv/two_int_calc__type_support.cpp.o] Error 1
gmake[1]: *** [CMakeFiles/Makefile2:291: CMakeFiles/custom_interfaces__rosidl_typesupport_c.dir/all] Error 2
gmake[1]: *** Waiting for unfinished jobs....
[35m[1mConsolidate compiler generated dependencies of target custom_interfaces__rosidl_typesupport_introspection_c[0m
[ 48%] [32mBuilding C object CMakeFiles/custom_interfaces__rosidl_typesupport_introspection_c.dir/rosidl_typesupport_introspection_c/custom_interfaces/srv/detail/two_int_calc__type_support.c.o[0m
[35m[1mConsolidate compiler generated dependencies of target custom_interfaces__rosidl_typesupport_fastrtps_c[0m
[ 51%] [32mBuilding CXX object CMakeFiles/custom_interfaces__rosidl_typesupport_fastrtps_c.dir/rosidl_typesupport_fastrtps_c/custom_interfaces/srv/detail/two_int_calc__type_support_c.cpp.o[0m
In file included from [01m[K/home/vboxuser/hw4_ws/build/custom_interfaces/rosidl_typesupport_cpp/custom_interfaces/srv/two_int_calc__type_support.cpp:7[m[K:
[01m[K/home/vboxuser/hw4_ws/build/custom_interfaces/rosidl_generator_cpp/custom_interfaces/srv/detail/two_int_calc__struct.hpp:68:26:[m[K [01;31m[Kerror: [m[Kexpected type-specifier before ‘[01m[K;[m[K’ token
   68 |   _operator_type operator[01;31m[K;[m[K
      |                          [01;31m[K^[m[K
[01m[K/home/vboxuser/hw4_ws/build/custom_interfaces/rosidl_generator_cpp/custom_interfaces/srv/detail/two_int_calc__struct.hpp:[m[K In constructor ‘[01m[Kcustom_interfaces::srv::TwoIntCalc_Request_<ContainerAllocator>::TwoIntCalc_Request_(rosidl_runtime_cpp::MessageInitialization)[m[K’:
[01m[K/home/vboxuser/hw4_ws/build/custom_interfaces/rosidl_generator_cpp/custom_interfaces/srv/detail/two_int_calc__struct.hpp:43:24:[m[K [01;31m[Kerror: [m[Kexpected ‘[01m[K;[m[K’ before string constant
   43 |       this->operator = [01;31m[K""[m[K;
      |                        [01;31m[K^~[m[K
[01m[K/home/vboxuser/hw4_ws/build/custom_interfaces/rosidl_generator_cpp/custom_interfaces/srv/detail/two_int_calc__struct.hpp:[m[K In constructor ‘[01m[Kcustom_interfaces::srv::TwoIntCalc_Request_<ContainerAllocator>::TwoIntCalc_Request_(const ContainerAllocator&, rosidl_runtime_cpp::MessageInitialization)[m[K’:
[01m[K/home/vboxuser/hw4_ws/build/custom_interfaces/rosidl_generator_cpp/custom_interfaces/srv/detail/two_int_calc__struct.hpp:48:5:[m[K [01;31m[Kerror: [m[Kexpected identifier before ‘[01m[Koperator[m[K’
   48 |   : [01;31m[Koperator[m[K(_alloc)
      |     [01;31m[K^~~~~~~~[m[K
[01m[K/home/vboxuser/hw4_ws/build/custom_interfaces/rosidl_generator_cpp/custom_interfaces/srv/detail/two_int_calc__struct.hpp:48:5:[m[K [01;31m[Kerror: [m[Kexpected ‘[01m[K{[m[K’ before ‘[01m[Koperator[m[K’
[01m[K/home/vboxuser/hw4_ws/build/custom_interfaces/rosidl_generator_cpp/custom_interfaces/srv/detail/two_int_calc__struct.hpp:[m[K In member function ‘[01m[Kcustom_interfaces::srv::TwoIntCalc_Request_<ContainerAllocator>::Type& custom_interfaces::srv::TwoIntCalc_Request_<ContainerAllocator>::set__operator(const std::__cxx11::basic_string<char, std::char_traits<char>, typename std::allocator_traits<_Alloc>::rebind_alloc<char> >&)[m[K’:
[01m[K/home/vboxuser/hw4_ws/build/custom_interfaces/rosidl_generator_cpp/custom_interfaces/srv/detail/two_int_calc__struct.hpp:86:22:[m[K [01;31m[Kerror: [m[Kexpected ‘[01m[K;[m[K’ before ‘[01m[K_arg[m[K’
   86 |     this->operator = [01;31m[K_arg[m[K;
      |                      [01;31m[K^~~~[m[K
[01m[K/home/vboxuser/hw4_ws/build/custom_interfaces/rosidl_generator_cpp/custom_interfaces/srv/detail/two_int_calc__struct.hpp:[m[K In member function ‘[01m[Kbool custom_interfaces::srv::TwoIntCalc_Request_<ContainerAllocator>::operator==(const custom_interfaces::srv::TwoIntCalc_Request_<ContainerAllocator>&) const[m[K’:
[01m[K/home/vboxuser/hw4_ws/build/custom_interfaces/rosidl_generator_cpp/custom_interfaces/srv/detail/two_int_calc__struct.hpp:138:27:[m[K [01;31m[Kerror: [m[Kexpected ‘[01m[K)[m[K’ before ‘[01m[Kother[m[K’
  138 |     if (this->operator != [01;31m[Kother[m[K.operator) {
      |                           [01;31m[K^~~~~[m[K
[01m[K/home/vboxuser/hw4_ws/build/custom_interfaces/rosidl_generator_cpp/custom_interfaces/srv/detail/two_int_calc__struct.hpp:138:8:[m[K [01;36m[Knote: [m[Kto match this ‘[01m[K([m[K’
  138 |     if [01;36m[K([m[Kthis->operator != other.operator) {
      |        [01;36m[K^[m[K
[ 54%] [32m[1mLinking C shared library libcustom_interfaces__rosidl_typesupport_introspection_c.so[0m
gmake[2]: *** [CMakeFiles/custom_interfaces__rosidl_typesupport_cpp.dir/build.make:86: CMakeFiles/custom_interfaces__rosidl_typesupport_cpp.dir/rosidl_typesupport_cpp/custom_interfaces/srv/two_int_calc__type_support.cpp.o] Error 1
gmake[1]: *** [CMakeFiles/Makefile2:395: CMakeFiles/custom_interfaces__rosidl_typesupport_cpp.dir/all] Error 2
[ 54%] Built target custom_interfaces__rosidl_typesupport_introspection_c
In file included from [01m[K/home/vboxuser/hw4_ws/build/custom_interfaces/rosidl_typesupport_fastrtps_cpp/custom_interfaces/srv/detail/two_int_calc__rosidl_typesupport_fastrtps_cpp.hpp:11[m[K,
                 from [01m[K/home/vboxuser/hw4_ws/build/custom_interfaces/rosidl_typesupport_fastrtps_cpp/custom_interfaces/srv/detail/dds_fastrtps/two_int_calc__type_support.cpp:4[m[K:
[01m[K/home/vboxuser/hw4_ws/build/custom_interfaces/rosidl_generator_cpp/custom_interfaces/srv/detail/two_int_calc__struct.hpp:68:26:[m[K [01;31m[Kerror: [m[Kexpected type-specifier before ‘[01m[K;[m[K’ token
   68 |   _operator_type operator[01;31m[K;[m[K
      |                          [01;31m[K^[m[K
[01m[K/home/vboxuser/hw4_ws/build/custom_interfaces/rosidl_generator_cpp/custom_interfaces/srv/detail/two_int_calc__struct.hpp:[m[K In constructor ‘[01m[Kcustom_interfaces::srv::TwoIntCalc_Request_<ContainerAllocator>::TwoIntCalc_Request_(rosidl_runtime_cpp::MessageInitialization)[m[K’:
[01m[K/home/vboxuser/hw4_ws/build/custom_interfaces/rosidl_generator_cpp/custom_interfaces/srv/detail/two_int_calc__struct.hpp:43:24:[m[K [01;31m[Kerror: [m[Kexpected ‘[01m[K;[m[K’ before string constant
   43 |       this->operator = [01;31m[K""[m[K;
      |                        [01;31m[K^~[m[K
[01m[K/home/vboxuser/hw4_ws/build/custom_interfaces/rosidl_generator_cpp/custom_interfaces/srv/detail/two_int_calc__struct.hpp:[m[K In constructor ‘[01m[Kcustom_interfaces::srv::TwoIntCalc_Request_<ContainerAllocator>::TwoIntCalc_Request_(const ContainerAllocator&, rosidl_runtime_cpp::MessageInitialization)[m[K’:
[01m[K/home/vboxuser/hw4_ws/build/custom_interfaces/rosidl_generator_cpp/custom_interfaces/srv/detail/two_int_calc__struct.hpp:48:5:[m[K [01;31m[Kerror: [m[Kexpected identifier before ‘[01m[Koperator[m[K’
   48 |   : [01;31m[Koperator[m[K(_alloc)
      |     [01;31m[K^~~~~~~~[m[K
[01m[K/home/vboxuser/hw4_ws/build/custom_interfaces/rosidl_generator_cpp/custom_interfaces/srv/detail/two_int_calc__struct.hpp:48:5:[m[K [01;31m[Kerror: [m[Kexpected ‘[01m[K{[m[K’ before ‘[01m[Koperator[m[K’
[01m[K/home/vboxuser/hw4_ws/build/custom_interfaces/rosidl_generator_cpp/custom_interfaces/srv/detail/two_int_calc__struct.hpp:[m[K In member function ‘[01m[Kcustom_interfaces::srv::TwoIntCalc_Request_<ContainerAllocator>::Type& custom_interfaces::srv::TwoIntCalc_Request_<ContainerAllocator>::set__operator(const std::__cxx11::basic_string<char, std::char_traits<char>, typename std::allocator_traits<_Alloc>::rebind_alloc<char> >&)[m[K’:
[01m[K/home/vboxuser/hw4_ws/build/custom_interfaces/rosidl_generator_cpp/custom_interfaces/srv/detail/two_int_calc__struct.hpp:86:22:[m[K [01;31m[Kerror: [m[Kexpected ‘[01m[K;[m[K’ before ‘[01m[K_arg[m[K’
   86 |     this->operator = [01;31m[K_arg[m[K;
      |                      [01;31m[K^~~~[m[K
[01m[K/home/vboxuser/hw4_ws/build/custom_interfaces/rosidl_generator_cpp/custom_interfaces/srv/detail/two_int_calc__struct.hpp:[m[K In member function ‘[01m[Kbool custom_interfaces::srv::TwoIntCalc_Request_<ContainerAllocator>::operator==(const custom_interfaces::srv::TwoIntCalc_Request_<ContainerAllocator>&) const[m[K’:
[01m[K/home/vboxuser/hw4_ws/build/custom_interfaces/rosidl_generator_cpp/custom_interfaces/srv/detail/two_int_calc__struct.hpp:138:27:[m[K [01;31m[Kerror: [m[Kexpected ‘[01m[K)[m[K’ before ‘[01m[Kother[m[K’
  138 |     if (this->operator != [01;31m[Kother[m[K.operator) {
      |                           [01;31m[K^~~~~[m[K
[01m[K/home/vboxuser/hw4_ws/build/custom_interfaces/rosidl_generator_cpp/custom_interfaces/srv/detail/two_int_calc__struct.hpp:138:8:[m[K [01;36m[Knote: [m[Kto match this ‘[01m[K([m[K’
  138 |     if [01;36m[K([m[Kthis->operator != other.operator) {
      |        [01;36m[K^[m[K
In file included from [01m[K/home/vboxuser/hw4_ws/build/custom_interfaces/rosidl_typesupport_introspection_cpp/custom_interfaces/srv/detail/two_int_calc__type_support.cpp:12[m[K:
[01m[K/home/vboxuser/hw4_ws/build/custom_interfaces/rosidl_generator_cpp/custom_interfaces/srv/detail/two_int_calc__struct.hpp:68:26:[m[K [01;31m[Kerror: [m[Kexpected type-specifier before ‘[01m[K;[m[K’ token
   68 |   _operator_type operator[01;31m[K;[m[K
      |                          [01;31m[K^[m[K
[01m[K/home/vboxuser/hw4_ws/build/custom_interfaces/rosidl_generator_cpp/custom_interfaces/srv/detail/two_int_calc__struct.hpp:[m[K In constructor ‘[01m[Kcustom_interfaces::srv::TwoIntCalc_Request_<ContainerAllocator>::TwoIntCalc_Request_(rosidl_runtime_cpp::MessageInitialization)[m[K’:
[01m[K/home/vboxuser/hw4_ws/build/custom_interfaces/rosidl_generator_cpp/custom_interfaces/srv/detail/two_int_calc__struct.hpp:43:24:[m[K [01;31m[Kerror: [m[Kexpected ‘[01m[K;[m[K’ before string constant
   43 |       this->operator = [01;31m[K""[m[K;
      |                        [01;31m[K^~[m[K
[01m[K/home/vboxuser/hw4_ws/build/custom_interfaces/rosidl_generator_cpp/custom_interfaces/srv/detail/two_int_calc__struct.hpp:[m[K In constructor ‘[01m[Kcustom_interfaces::srv::TwoIntCalc_Request_<ContainerAllocator>::TwoIntCalc_Request_(const ContainerAllocator&, rosidl_runtime_cpp::MessageInitialization)[m[K’:
[01m[K/home/vboxuser/hw4_ws/build/custom_interfaces/rosidl_generator_cpp/custom_interfaces/srv/detail/two_int_calc__struct.hpp:48:5:[m[K [01;31m[Kerror: [m[Kexpected identifier before ‘[01m[Koperator[m[K’
   48 |   : [01;31m[Koperator[m[K(_alloc)
      |     [01;31m[K^~~~~~~~[m[K
[01m[K/home/vboxuser/hw4_ws/build/custom_interfaces/rosidl_generator_cpp/custom_interfaces/srv/detail/two_int_calc__struct.hpp:48:5:[m[K [01;31m[Kerror: [m[Kexpected ‘[01m[K{[m[K’ before ‘[01m[Koperator[m[K’
[01m[K/home/vboxuser/hw4_ws/build/custom_interfaces/rosidl_generator_cpp/custom_interfaces/srv/detail/two_int_calc__struct.hpp:[m[K In member function ‘[01m[Kcustom_interfaces::srv::TwoIntCalc_Request_<ContainerAllocator>::Type& custom_interfaces::srv::TwoIntCalc_Request_<ContainerAllocator>::set__operator(const std::__cxx11::basic_string<char, std::char_traits<char>, typename std::allocator_traits<_Alloc>::rebind_alloc<char> >&)[m[K’:
[01m[K/home/vboxuser/hw4_ws/build/custom_interfaces/rosidl_generator_cpp/custom_interfaces/srv/detail/two_int_calc__struct.hpp:86:22:[m[K [01;31m[Kerror: [m[Kexpected ‘[01m[K;[m[K’ before ‘[01m[K_arg[m[K’
   86 |     this->operator = [01;31m[K_arg[m[K;
      |                      [01;31m[K^~~~[m[K
[01m[K/home/vboxuser/hw4_ws/build/custom_interfaces/rosidl_generator_cpp/custom_interfaces/srv/detail/two_int_calc__struct.hpp:[m[K In member function ‘[01m[Kbool custom_interfaces::srv::TwoIntCalc_Request_<ContainerAllocator>::operator==(const custom_interfaces::srv::TwoIntCalc_Request_<ContainerAllocator>&) const[m[K’:
[01m[K/home/vboxuser/hw4_ws/build/custom_interfaces/rosidl_generator_cpp/custom_interfaces/srv/detail/two_int_calc__struct.hpp:138:27:[m[K [01;31m[Kerror: [m[Kexpected ‘[01m[K)[m[K’ before ‘[01m[Kother[m[K’
  138 |     if (this->operator != [01;31m[Kother[m[K.operator) {
      |                           [01;31m[K^~~~~[m[K
[01m[K/home/vboxuser/hw4_ws/build/custom_interfaces/rosidl_generator_cpp/custom_interfaces/srv/detail/two_int_calc__struct.hpp:138:8:[m[K [01;36m[Knote: [m[Kto match this ‘[01m[K([m[K’
  138 |     if [01;36m[K([m[Kthis->operator != other.operator) {
      |        [01;36m[K^[m[K
In file included from [01m[K/usr/include/stdio.h:33[m[K,
                 from [01m[K/usr/include/c++/11/cstdio:42[m[K,
                 from [01m[K/usr/include/c++/11/ext/string_conversions.h:43[m[K,
                 from [01m[K/usr/include/c++/11/bits/basic_string.h:6608[m[K,
                 from [01m[K/usr/include/c++/11/string:55[m[K,
                 from [01m[K/home/vboxuser/hw4_ws/build/custom_interfaces/rosidl_typesupport_introspection_cpp/custom_interfaces/srv/detail/two_int_calc__type_support.cpp:7[m[K:
[01m[K/home/vboxuser/hw4_ws/build/custom_interfaces/rosidl_typesupport_introspection_cpp/custom_interfaces/srv/detail/two_int_calc__type_support.cpp:[m[K At global scope:
[01m[K/home/vboxuser/hw4_ws/build/custom_interfaces/rosidl_typesupport_introspection_cpp/custom_interfaces/srv/detail/two_int_calc__type_support.cpp:83:5:[m[K [01;31m[Kerror: [m[Kexpected type-specifier before ‘[01m[K)[m[K’ token
   83 |     [01;31m[Koffsetof[m[K(custom_interfaces::srv::TwoIntCalc_Request, operator),  // bytes offset in struct
      |     [01;31m[K^~~~~~~~[m[K
In file included from [01m[K/home/vboxuser/hw4_ws/build/custom_interfaces/rosidl_typesupport_introspection_cpp/custom_interfaces/srv/detail/two_int_calc__type_support.cpp:12[m[K:
/home/vboxuser/hw4_ws/build/custom_interfaces/rosidl_generator_cpp/custom_interfaces/srv/detail/two_int_calc__struct.hpp: In instantiation of ‘[01m[Kcustom_interfaces::srv::TwoIntCalc_Request_<ContainerAllocator>::TwoIntCalc_Request_(rosidl_runtime_cpp::MessageInitialization) [with ContainerAllocator = std::allocator<void>][m[K’:
[01m[K/home/vboxuser/hw4_ws/build/custom_interfaces/rosidl_typesupport_introspection_cpp/custom_interfaces/srv/detail/two_int_calc__type_support.cpp:31:72:[m[K   required from here
[01m[K/home/vboxuser/hw4_ws/build/custom_interfaces/rosidl_generator_cpp/custom_interfaces/srv/detail/two_int_calc__struct.hpp:43:22:[m[K [01;31m[Kerror: [m[Kstatement cannot resolve address of overloaded function
   43 |       [01;31m[Kthis->operator =[m[K "";
      |       [01;31m[K~~~~~~~~~~~~~~~^[m[K
gmake[2]: *** [CMakeFiles/custom_interfaces__rosidl_typesupport_introspection_cpp.dir/build.make:91: CMakeFiles/custom_interfaces__rosidl_typesupport_introspection_cpp.dir/rosidl_typesupport_introspection_cpp/custom_interfaces/srv/detail/two_int_calc__type_support.cpp.o] Error 1
gmake[1]: *** [CMakeFiles/Makefile2:369: CMakeFiles/custom_interfaces__rosidl_typesupport_introspection_cpp.dir/all] Error 2
[01m[K/home/vboxuser/hw4_ws/build/custom_interfaces/rosidl_typesupport_fastrtps_cpp/custom_interfaces/srv/detail/dds_fastrtps/two_int_calc__type_support.cpp:[m[K In function ‘[01m[Kbool custom_interfaces::srv::typesupport_fastrtps_cpp::cdr_serialize(const TwoIntCalc_Request&, eprosima::fastcdr::Cdr&)[m[K’:
[01m[K/home/vboxuser/hw4_ws/build/custom_interfaces/rosidl_typesupport_fastrtps_cpp/custom_interfaces/srv/detail/dds_fastrtps/two_int_calc__type_support.cpp:40:30:[m[K [01;31m[Kerror: [m[Kexpected type-specifier before ‘[01m[K;[m[K’ token
   40 |   cdr << ros_message.operator[01;31m[K;[m[K
      |                              [01;31m[K^[m[K
[01m[K/home/vboxuser/hw4_ws/build/custom_interfaces/rosidl_typesupport_fastrtps_cpp/custom_interfaces/srv/detail/dds_fastrtps/two_int_calc__type_support.cpp:[m[K In function ‘[01m[Kbool custom_interfaces::srv::typesupport_fastrtps_cpp::cdr_deserialize(eprosima::fastcdr::Cdr&, custom_interfaces::srv::TwoIntCalc_Request&)[m[K’:
[01m[K/home/vboxuser/hw4_ws/build/custom_interfaces/rosidl_typesupport_fastrtps_cpp/custom_interfaces/srv/detail/dds_fastrtps/two_int_calc__type_support.cpp:57:30:[m[K [01;31m[Kerror: [m[Kexpected type-specifier before ‘[01m[K;[m[K’ token
   57 |   cdr >> ros_message.operator[01;31m[K;[m[K
      |                              [01;31m[K^[m[K
[01m[K/home/vboxuser/hw4_ws/build/custom_interfaces/rosidl_typesupport_fastrtps_cpp/custom_interfaces/srv/detail/dds_fastrtps/two_int_calc__type_support.cpp:[m[K In function ‘[01m[Ksize_t custom_interfaces::srv::typesupport_fastrtps_cpp::get_serialized_size(const TwoIntCalc_Request&, size_t)[m[K’:
[01m[K/home/vboxuser/hw4_ws/build/custom_interfaces/rosidl_typesupport_fastrtps_cpp/custom_interfaces/srv/detail/dds_fastrtps/two_int_calc__type_support.cpp:90:26:[m[K [01;31m[Kerror: [m[Kexpected type-specifier before ‘[01m[K.[m[K’ token
   90 |     (ros_message.operator[01;31m[K.[m[Ksize() + 1);
      |                          [01;31m[K^[m[K
In file included from [01m[K/usr/include/strings.h:23[m[K,
                 from [01m[K/usr/include/string.h:462[m[K,
                 from [01m[K/opt/ros/humble/include/fastcdr/fastcdr/FastBuffer.h:21[m[K,
                 from [01m[K/opt/ros/humble/include/fastcdr/fastcdr/Cdr.h:19[m[K,
                 from [01m[K/home/vboxuser/hw4_ws/build/custom_interfaces/rosidl_typesupport_fastrtps_cpp/custom_interfaces/srv/detail/two_int_calc__rosidl_typesupport_fastrtps_cpp.hpp:25[m[K,
                 from [01m[K/home/vboxuser/hw4_ws/build/custom_interfaces/rosidl_typesupport_fastrtps_cpp/custom_interfaces/srv/detail/dds_fastrtps/two_int_calc__type_support.cpp:4[m[K:
[01m[K/home/vboxuser/hw4_ws/build/custom_interfaces/rosidl_typesupport_fastrtps_cpp/custom_interfaces/srv/detail/dds_fastrtps/two_int_calc__type_support.cpp:[m[K In function ‘[01m[Ksize_t custom_interfaces::srv::typesupport_fastrtps_cpp::max_serialized_size_TwoIntCalc_Request(bool&, bool&, size_t)[m[K’:
[01m[K/home/vboxuser/hw4_ws/build/custom_interfaces/rosidl_typesupport_fastrtps_cpp/custom_interfaces/srv/detail/dds_fastrtps/two_int_calc__type_support.cpp:154:7:[m[K [01;31m[Kerror: [m[Kexpected type-specifier before ‘[01m[K)[m[K’ token
  154 |       [01;31m[Koffsetof[m[K(DataType, operator) +
      |       [01;31m[K^~~~~~~~[m[K
gmake[2]: *** [CMakeFiles/custom_interfaces__rosidl_typesupport_fastrtps_cpp.dir/build.make:91: CMakeFiles/custom_interfaces__rosidl_typesupport_fastrtps_cpp.dir/rosidl_typesupport_fastrtps_cpp/custom_interfaces/srv/detail/dds_fastrtps/two_int_calc__type_support.cpp.o] Error 1
gmake[1]: *** [CMakeFiles/Makefile2:343: CMakeFiles/custom_interfaces__rosidl_typesupport_fastrtps_cpp.dir/all] Error 2
In file included from [01m[K/home/vboxuser/hw4_ws/build/custom_interfaces/rosidl_typesupport_fastrtps_c/custom_interfaces/srv/detail/two_int_calc__type_support_c.cpp:14[m[K:
[01m[K/home/vboxuser/hw4_ws/build/custom_interfaces/rosidl_generator_c/custom_interfaces/srv/detail/two_int_calc__struct.h:29:36:[m[K [01;31m[Kerror: [m[Kexpected type-specifier before ‘[01m[K;[m[K’ token
   29 |   rosidl_runtime_c__String operator[01;31m[K;[m[K
      |                                    [01;31m[K^[m[K
[01m[K/home/vboxuser/hw4_ws/build/custom_interfaces/rosidl_typesupport_fastrtps_c/custom_interfaces/srv/detail/two_int_calc__type_support_c.cpp:[m[K In function ‘[01m[Kbool _TwoIntCalc_Request__cdr_serialize(const void*, eprosima::fastcdr::Cdr&)[m[K’:
[01m[K/home/vboxuser/hw4_ws/build/custom_interfaces/rosidl_typesupport_fastrtps_c/custom_interfaces/srv/detail/two_int_calc__type_support_c.cpp:66:66:[m[K [01;31m[Kerror: [m[Kexpected type-specifier before ‘[01m[K;[m[K’ token
   66 |     const rosidl_runtime_c__String * str = &ros_message->operator[01;31m[K;[m[K
      |                                                                  [01;31m[K^[m[K
[01m[K/home/vboxuser/hw4_ws/build/custom_interfaces/rosidl_typesupport_fastrtps_c/custom_interfaces/srv/detail/two_int_calc__type_support_c.cpp:[m[K In function ‘[01m[Kbool _TwoIntCalc_Request__cdr_deserialize(eprosima::fastcdr::Cdr&, void*)[m[K’:
[01m[K/home/vboxuser/hw4_ws/build/custom_interfaces/rosidl_typesupport_fastrtps_c/custom_interfaces/srv/detail/two_int_calc__type_support_c.cpp:104:31:[m[K [01;31m[Kerror: [m[Kexpected type-specifier before ‘[01m[K.[m[K’ token
  104 |     if (!ros_message->operator[01;31m[K.[m[Kdata) {
      |                               [01;31m[K^[m[K
[01m[K/home/vboxuser/hw4_ws/build/custom_interfaces/rosidl_typesupport_fastrtps_c/custom_interfaces/srv/detail/two_int_calc__type_support_c.cpp:105:60:[m[K [01;31m[Kerror: [m[Kexpected type-specifier before ‘[01m[K)[m[K’ token
  105 |       rosidl_runtime_c__String__init(&ros_message->operator[01;31m[K)[m[K;
      |                                                            [01;31m[K^[m[K
[01m[K/home/vboxuser/hw4_ws/build/custom_interfaces/rosidl_typesupport_fastrtps_c/custom_interfaces/srv/detail/two_int_calc__type_support_c.cpp:108:29:[m[K [01;31m[Kerror: [m[K‘[01m[Kusing _TwoIntCalc_Request__ros_msg_type = custom_interfaces__srv__TwoIntCalc_Request[m[K’ {aka ‘[01m[Kstruct custom_interfaces__srv__TwoIntCalc_Request[m[K’} has no member named ‘[01m[Koperator,[m[K’
  108 |       &ros_message->operator[01;31m[K,[m[K
      |                             [01;31m[K^[m[K
[01m[K/home/vboxuser/hw4_ws/build/custom_interfaces/rosidl_typesupport_fastrtps_c/custom_interfaces/srv/detail/two_int_calc__type_support_c.cpp:[m[K In function ‘[01m[Ksize_t get_serialized_size_custom_interfaces__srv__TwoIntCalc_Request(const void*, size_t)[m[K’:
[01m[K/home/vboxuser/hw4_ws/build/custom_interfaces/rosidl_typesupport_fastrtps_c/custom_interfaces/srv/detail/two_int_calc__type_support_c.cpp:148:27:[m[K [01;31m[Kerror: [m[Kexpected type-specifier before ‘[01m[K.[m[K’ token
  148 |     (ros_message->operator[01;31m[K.[m[Ksize + 1);
      |                           [01;31m[K^[m[K
In file included from [01m[K/usr/include/strings.h:23[m[K,
                 from [01m[K/usr/include/string.h:462[m[K,
                 from [01m[K/opt/ros/humble/include/fastcdr/fastcdr/FastBuffer.h:21[m[K,
                 from [01m[K/opt/ros/humble/include/fastcdr/fastcdr/Cdr.h:19[m[K,
                 from [01m[K/opt/ros/humble/include/rosidl_typesupport_fastrtps_cpp/rosidl_typesupport_fastrtps_cpp/message_type_support.h:20[m[K,
                 from [01m[K/home/vboxuser/hw4_ws/build/custom_interfaces/rosidl_typesupport_fastrtps_c/custom_interfaces/srv/detail/two_int_calc__type_support_c.cpp:12[m[K:
[01m[K/home/vboxuser/hw4_ws/build/custom_interfaces/rosidl_typesupport_fastrtps_c/custom_interfaces/srv/detail/two_int_calc__type_support_c.cpp:[m[K In function ‘[01m[Ksize_t max_serialized_size_custom_interfaces__srv__TwoIntCalc_Request(bool&, bool&, size_t)[m[K’:
[01m[K/home/vboxuser/hw4_ws/build/custom_interfaces/rosidl_typesupport_fastrtps_c/custom_interfaces/srv/detail/two_int_calc__type_support_c.cpp:215:7:[m[K [01;31m[Kerror: [m[Kexpected type-specifier before ‘[01m[K)[m[K’ token
  215 |       [01;31m[Koffsetof[m[K(DataType, operator) +
      |       [01;31m[K^~~~~~~~[m[K
gmake[2]: *** [CMakeFiles/custom_interfaces__rosidl_typesupport_fastrtps_c.dir/build.make:91: CMakeFiles/custom_interfaces__rosidl_typesupport_fastrtps_c.dir/rosidl_typesupport_fastrtps_c/custom_interfaces/srv/detail/two_int_calc__type_support_c.cpp.o] Error 1
gmake[1]: *** [CMakeFiles/Makefile2:239: CMakeFiles/custom_interfaces__rosidl_typesupport_fastrtps_c.dir/all] Error 2
gmake: *** [Makefile:146: all] Error 2
