[3.264s] Invoking command in '/home/vboxuser/hw5_ws/src/turtle_joy': PYTHONPATH=/home/vboxuser/hw5_ws/build/turtle_joy/prefix_override:/home/vboxuser/hw5_ws/install/turtle_joy/lib/python3.10/site-packages:${PYTHONPATH} /usr/bin/python3 setup.py egg_info --egg-base ../../build/turtle_joy build --build-base /home/vboxuser/hw5_ws/build/turtle_joy/build install --record /home/vboxuser/hw5_ws/build/turtle_joy/install.log --single-version-externally-managed
[3.797s] running egg_info
[3.797s] writing ../../build/turtle_joy/turtle_joy.egg-info/PKG-INFO
[3.817s] writing dependency_links to ../../build/turtle_joy/turtle_joy.egg-info/dependency_links.txt
[3.817s] writing entry points to ../../build/turtle_joy/turtle_joy.egg-info/entry_points.txt
[3.818s] writing requirements to ../../build/turtle_joy/turtle_joy.egg-info/requires.txt
[3.818s] writing top-level names to ../../build/turtle_joy/turtle_joy.egg-info/top_level.txt
[3.818s] reading manifest file '../../build/turtle_joy/turtle_joy.egg-info/SOURCES.txt'
[3.834s] writing manifest file '../../build/turtle_joy/turtle_joy.egg-info/SOURCES.txt'
[3.834s] running build
[3.834s] running build_py
[3.837s] running install
[3.837s] running install_lib
[3.837s] running install_data
[3.851s] running install_egg_info
[3.852s] removing '/home/vboxuser/hw5_ws/install/turtle_joy/lib/python3.10/site-packages/turtle_joy-0.0.0-py3.10.egg-info' (and everything under it)
[3.852s] Copying ../../build/turtle_joy/turtle_joy.egg-info to /home/vboxuser/hw5_ws/install/turtle_joy/lib/python3.10/site-packages/turtle_joy-0.0.0-py3.10.egg-info
[3.852s] running install_scripts
[3.864s] Installing hello_node script to /home/vboxuser/hw5_ws/install/turtle_joy/lib/turtle_joy
[3.905s] Installing turtle_joy script to /home/vboxuser/hw5_ws/install/turtle_joy/lib/turtle_joy
[3.905s] writing list of installed files to '/home/vboxuser/hw5_ws/build/turtle_joy/install.log'
[4.272s] Invoked command in '/home/vboxuser/hw5_ws/src/turtle_joy' returned '0': PYTHONPATH=/home/vboxuser/hw5_ws/build/turtle_joy/prefix_override:/home/vboxuser/hw5_ws/install/turtle_joy/lib/python3.10/site-packages:${PYTHONPATH} /usr/bin/python3 setup.py egg_info --egg-base ../../build/turtle_joy build --build-base /home/vboxuser/hw5_ws/build/turtle_joy/build install --record /home/vboxuser/hw5_ws/build/turtle_joy/install.log --single-version-externally-managed
