[1.462s] DEBUG:colcon:Command line arguments: ['/usr/bin/colcon', 'build']
[1.462s] DEBUG:colcon:Parsed command line arguments: Namespace(log_base=None, log_level=None, verb_name='build', build_base='build', install_base='install', merge_install=False, symlink_install=False, test_result_base=None, continue_on_error=False, executor='parallel', parallel_workers=6, event_handlers=None, ignore_user_meta=False, metas=['./colcon.meta'], base_paths=['.'], packages_ignore=None, packages_ignore_regex=None, paths=None, packages_up_to=None, packages_up_to_regex=None, packages_above=None, packages_above_and_dependencies=None, packages_above_depth=None, packages_select_by_dep=None, packages_skip_by_dep=None, packages_skip_up_to=None, packages_select_build_failed=False, packages_skip_build_finished=False, packages_select_test_failures=False, packages_skip_test_passed=False, packages_select=None, packages_skip=None, packages_select_regex=None, packages_skip_regex=None, packages_start=None, packages_end=None, allow_overriding=[], cmake_args=None, cmake_target=None, cmake_target_skip_unavailable=False, cmake_clean_cache=False, cmake_clean_first=False, cmake_force_configure=False, ament_cmake_args=None, catkin_cmake_args=None, catkin_skip_building_tests=False, verb_parser=<colcon_defaults.argument_parser.defaults.DefaultArgumentsDecorator object at 0x7f6890038910>, verb_extension=<colcon_core.verb.build.BuildVerb object at 0x7f6890039540>, main=<bound method BuildVerb.main of <colcon_core.verb.build.BuildVerb object at 0x7f6890039540>>)
[1.522s] Level 1:colcon.colcon_core.package_discovery:discover_packages(colcon_meta) check parameters
[1.522s] Level 1:colcon.colcon_core.package_discovery:discover_packages(recursive) check parameters
[1.522s] Level 1:colcon.colcon_core.package_discovery:discover_packages(ignore) check parameters
[1.522s] Level 1:colcon.colcon_core.package_discovery:discover_packages(path) check parameters
[1.522s] Level 1:colcon.colcon_core.package_discovery:discover_packages(colcon_meta) discover
[1.522s] Level 1:colcon.colcon_core.package_discovery:discover_packages(recursive) discover
[1.522s] INFO:colcon.colcon_core.package_discovery:Crawling recursively for packages in '/home/vboxuser/hw3_ws'
[1.522s] Level 1:colcon.colcon_core.package_identification:_identify(.) by extensions ['ignore', 'ignore_ament_install']
[1.522s] Level 1:colcon.colcon_core.package_identification:_identify(.) by extension 'ignore'
[1.522s] Level 1:colcon.colcon_core.package_identification:_identify(.) by extension 'ignore_ament_install'
[1.522s] Level 1:colcon.colcon_core.package_identification:_identify(.) by extensions ['colcon_pkg']
[1.522s] Level 1:colcon.colcon_core.package_identification:_identify(.) by extension 'colcon_pkg'
[1.523s] Level 1:colcon.colcon_core.package_identification:_identify(.) by extensions ['colcon_meta']
[1.523s] Level 1:colcon.colcon_core.package_identification:_identify(.) by extension 'colcon_meta'
[1.523s] Level 1:colcon.colcon_core.package_identification:_identify(.) by extensions ['ros']
[1.523s] Level 1:colcon.colcon_core.package_identification:_identify(.) by extension 'ros'
[1.537s] Level 1:colcon.colcon_core.package_identification:_identify(.) by extensions ['cmake', 'python']
[1.537s] Level 1:colcon.colcon_core.package_identification:_identify(.) by extension 'cmake'
[1.537s] Level 1:colcon.colcon_core.package_identification:_identify(.) by extension 'python'
[1.538s] Level 1:colcon.colcon_core.package_identification:_identify(.) by extensions ['python_setup_py']
[1.538s] Level 1:colcon.colcon_core.package_identification:_identify(.) by extension 'python_setup_py'
[1.538s] Level 1:colcon.colcon_core.package_identification:_identify(build) by extensions ['ignore', 'ignore_ament_install']
[1.538s] Level 1:colcon.colcon_core.package_identification:_identify(build) by extension 'ignore'
[1.538s] Level 1:colcon.colcon_core.package_identification:_identify(build) ignored
[1.538s] Level 1:colcon.colcon_core.package_identification:_identify(install) by extensions ['ignore', 'ignore_ament_install']
[1.538s] Level 1:colcon.colcon_core.package_identification:_identify(install) by extension 'ignore'
[1.538s] Level 1:colcon.colcon_core.package_identification:_identify(install) ignored
[1.538s] Level 1:colcon.colcon_core.package_identification:_identify(log) by extensions ['ignore', 'ignore_ament_install']
[1.538s] Level 1:colcon.colcon_core.package_identification:_identify(log) by extension 'ignore'
[1.538s] Level 1:colcon.colcon_core.package_identification:_identify(log) ignored
[1.539s] Level 1:colcon.colcon_core.package_identification:_identify(src) by extensions ['ignore', 'ignore_ament_install']
[1.539s] Level 1:colcon.colcon_core.package_identification:_identify(src) by extension 'ignore'
[1.539s] Level 1:colcon.colcon_core.package_identification:_identify(src) by extension 'ignore_ament_install'
[1.539s] Level 1:colcon.colcon_core.package_identification:_identify(src) by extensions ['colcon_pkg']
[1.539s] Level 1:colcon.colcon_core.package_identification:_identify(src) by extension 'colcon_pkg'
[1.539s] Level 1:colcon.colcon_core.package_identification:_identify(src) by extensions ['colcon_meta']
[1.539s] Level 1:colcon.colcon_core.package_identification:_identify(src) by extension 'colcon_meta'
[1.539s] Level 1:colcon.colcon_core.package_identification:_identify(src) by extensions ['ros']
[1.539s] Level 1:colcon.colcon_core.package_identification:_identify(src) by extension 'ros'
[1.539s] Level 1:colcon.colcon_core.package_identification:_identify(src) by extensions ['cmake', 'python']
[1.539s] Level 1:colcon.colcon_core.package_identification:_identify(src) by extension 'cmake'
[1.539s] Level 1:colcon.colcon_core.package_identification:_identify(src) by extension 'python'
[1.539s] Level 1:colcon.colcon_core.package_identification:_identify(src) by extensions ['python_setup_py']
[1.539s] Level 1:colcon.colcon_core.package_identification:_identify(src) by extension 'python_setup_py'
[1.539s] Level 1:colcon.colcon_core.package_identification:_identify(src/py_pubsub) by extensions ['ignore', 'ignore_ament_install']
[1.540s] Level 1:colcon.colcon_core.package_identification:_identify(src/py_pubsub) by extension 'ignore'
[1.540s] Level 1:colcon.colcon_core.package_identification:_identify(src/py_pubsub) by extension 'ignore_ament_install'
[1.540s] Level 1:colcon.colcon_core.package_identification:_identify(src/py_pubsub) by extensions ['colcon_pkg']
[1.540s] Level 1:colcon.colcon_core.package_identification:_identify(src/py_pubsub) by extension 'colcon_pkg'
[1.540s] Level 1:colcon.colcon_core.package_identification:_identify(src/py_pubsub) by extensions ['colcon_meta']
[1.540s] Level 1:colcon.colcon_core.package_identification:_identify(src/py_pubsub) by extension 'colcon_meta'
[1.540s] Level 1:colcon.colcon_core.package_identification:_identify(src/py_pubsub) by extensions ['ros']
[1.540s] Level 1:colcon.colcon_core.package_identification:_identify(src/py_pubsub) by extension 'ros'
[1.543s] DEBUG:colcon.colcon_core.package_identification:Package 'src/py_pubsub' with type 'ros.ament_python' and name 'py_pubsub'
[1.543s] Level 1:colcon.colcon_core.package_identification:_identify(src/q1) by extensions ['ignore', 'ignore_ament_install']
[1.543s] Level 1:colcon.colcon_core.package_identification:_identify(src/q1) by extension 'ignore'
[1.543s] Level 1:colcon.colcon_core.package_identification:_identify(src/q1) by extension 'ignore_ament_install'
[1.543s] Level 1:colcon.colcon_core.package_identification:_identify(src/q1) by extensions ['colcon_pkg']
[1.543s] Level 1:colcon.colcon_core.package_identification:_identify(src/q1) by extension 'colcon_pkg'
[1.543s] Level 1:colcon.colcon_core.package_identification:_identify(src/q1) by extensions ['colcon_meta']
[1.543s] Level 1:colcon.colcon_core.package_identification:_identify(src/q1) by extension 'colcon_meta'
[1.544s] Level 1:colcon.colcon_core.package_identification:_identify(src/q1) by extensions ['ros']
[1.544s] Level 1:colcon.colcon_core.package_identification:_identify(src/q1) by extension 'ros'
[1.544s] DEBUG:colcon.colcon_core.package_identification:Package 'src/q1' with type 'ros.ament_python' and name 'q1'
[1.544s] Level 1:colcon.colcon_core.package_identification:_identify(src/q2) by extensions ['ignore', 'ignore_ament_install']
[1.544s] Level 1:colcon.colcon_core.package_identification:_identify(src/q2) by extension 'ignore'
[1.545s] Level 1:colcon.colcon_core.package_identification:_identify(src/q2) by extension 'ignore_ament_install'
[1.545s] Level 1:colcon.colcon_core.package_identification:_identify(src/q2) by extensions ['colcon_pkg']
[1.545s] Level 1:colcon.colcon_core.package_identification:_identify(src/q2) by extension 'colcon_pkg'
[1.545s] Level 1:colcon.colcon_core.package_identification:_identify(src/q2) by extensions ['colcon_meta']
[1.545s] Level 1:colcon.colcon_core.package_identification:_identify(src/q2) by extension 'colcon_meta'
[1.545s] Level 1:colcon.colcon_core.package_identification:_identify(src/q2) by extensions ['ros']
[1.545s] Level 1:colcon.colcon_core.package_identification:_identify(src/q2) by extension 'ros'
[1.546s] DEBUG:colcon.colcon_core.package_identification:Package 'src/q2' with type 'ros.ament_python' and name 'q2'
[1.546s] Level 1:colcon.colcon_core.package_identification:_identify(src/q3) by extensions ['ignore', 'ignore_ament_install']
[1.546s] Level 1:colcon.colcon_core.package_identification:_identify(src/q3) by extension 'ignore'
[1.546s] Level 1:colcon.colcon_core.package_identification:_identify(src/q3) by extension 'ignore_ament_install'
[1.546s] Level 1:colcon.colcon_core.package_identification:_identify(src/q3) by extensions ['colcon_pkg']
[1.546s] Level 1:colcon.colcon_core.package_identification:_identify(src/q3) by extension 'colcon_pkg'
[1.546s] Level 1:colcon.colcon_core.package_identification:_identify(src/q3) by extensions ['colcon_meta']
[1.546s] Level 1:colcon.colcon_core.package_identification:_identify(src/q3) by extension 'colcon_meta'
[1.546s] Level 1:colcon.colcon_core.package_identification:_identify(src/q3) by extensions ['ros']
[1.546s] Level 1:colcon.colcon_core.package_identification:_identify(src/q3) by extension 'ros'
[1.547s] DEBUG:colcon.colcon_core.package_identification:Package 'src/q3' with type 'ros.ament_python' and name 'q3'
[1.547s] Level 1:colcon.colcon_core.package_identification:_identify(src/ros_tutorials) by extensions ['ignore', 'ignore_ament_install']
[1.547s] Level 1:colcon.colcon_core.package_identification:_identify(src/ros_tutorials) by extension 'ignore'
[1.547s] Level 1:colcon.colcon_core.package_identification:_identify(src/ros_tutorials) by extension 'ignore_ament_install'
[1.547s] Level 1:colcon.colcon_core.package_identification:_identify(src/ros_tutorials) by extensions ['colcon_pkg']
[1.547s] Level 1:colcon.colcon_core.package_identification:_identify(src/ros_tutorials) by extension 'colcon_pkg'
[1.547s] Level 1:colcon.colcon_core.package_identification:_identify(src/ros_tutorials) by extensions ['colcon_meta']
[1.547s] Level 1:colcon.colcon_core.package_identification:_identify(src/ros_tutorials) by extension 'colcon_meta'
[1.547s] Level 1:colcon.colcon_core.package_identification:_identify(src/ros_tutorials) by extensions ['ros']
[1.547s] Level 1:colcon.colcon_core.package_identification:_identify(src/ros_tutorials) by extension 'ros'
[1.547s] Level 1:colcon.colcon_core.package_identification:_identify(src/ros_tutorials) ignored
[1.548s] Level 1:colcon.colcon_core.package_identification:_identify(src/turtorial_interfaces) by extensions ['ignore', 'ignore_ament_install']
[1.548s] Level 1:colcon.colcon_core.package_identification:_identify(src/turtorial_interfaces) by extension 'ignore'
[1.548s] Level 1:colcon.colcon_core.package_identification:_identify(src/turtorial_interfaces) by extension 'ignore_ament_install'
[1.548s] Level 1:colcon.colcon_core.package_identification:_identify(src/turtorial_interfaces) by extensions ['colcon_pkg']
[1.548s] Level 1:colcon.colcon_core.package_identification:_identify(src/turtorial_interfaces) by extension 'colcon_pkg'
[1.548s] Level 1:colcon.colcon_core.package_identification:_identify(src/turtorial_interfaces) by extensions ['colcon_meta']
[1.548s] Level 1:colcon.colcon_core.package_identification:_identify(src/turtorial_interfaces) by extension 'colcon_meta'
[1.548s] Level 1:colcon.colcon_core.package_identification:_identify(src/turtorial_interfaces) by extensions ['ros']
[1.548s] Level 1:colcon.colcon_core.package_identification:_identify(src/turtorial_interfaces) by extension 'ros'
[1.548s] Level 1:colcon.colcon_core.package_identification:_identify(src/turtorial_interfaces) ignored
[1.548s] Level 1:colcon.colcon_core.package_discovery:discover_packages(recursive) using defaults
[1.548s] Level 1:colcon.colcon_core.package_discovery:discover_packages(ignore) discover
[1.548s] Level 1:colcon.colcon_core.package_discovery:discover_packages(ignore) using defaults
[1.548s] Level 1:colcon.colcon_core.package_discovery:discover_packages(path) discover
[1.548s] Level 1:colcon.colcon_core.package_discovery:discover_packages(path) using defaults
[1.675s] Level 1:colcon.colcon_core.package_discovery:discover_packages(prefix_path) check parameters
[1.675s] Level 1:colcon.colcon_core.package_discovery:discover_packages(prefix_path) discover
[1.718s] DEBUG:colcon.colcon_installed_package_information.package_discovery:Found 284 installed packages in /opt/ros/humble
[1.720s] Level 1:colcon.colcon_core.package_discovery:discover_packages(prefix_path) using defaults
[1.876s] Level 5:colcon.colcon_core.verb:set package 'py_pubsub' build argument 'cmake_args' from command line to 'None'
[1.876s] Level 5:colcon.colcon_core.verb:set package 'py_pubsub' build argument 'cmake_target' from command line to 'None'
[1.876s] Level 5:colcon.colcon_core.verb:set package 'py_pubsub' build argument 'cmake_target_skip_unavailable' from command line to 'False'
[1.876s] Level 5:colcon.colcon_core.verb:set package 'py_pubsub' build argument 'cmake_clean_cache' from command line to 'False'
[1.876s] Level 5:colcon.colcon_core.verb:set package 'py_pubsub' build argument 'cmake_clean_first' from command line to 'False'
[1.876s] Level 5:colcon.colcon_core.verb:set package 'py_pubsub' build argument 'cmake_force_configure' from command line to 'False'
[1.876s] Level 5:colcon.colcon_core.verb:set package 'py_pubsub' build argument 'ament_cmake_args' from command line to 'None'
[1.876s] Level 5:colcon.colcon_core.verb:set package 'py_pubsub' build argument 'catkin_cmake_args' from command line to 'None'
[1.876s] Level 5:colcon.colcon_core.verb:set package 'py_pubsub' build argument 'catkin_skip_building_tests' from command line to 'False'
[1.877s] DEBUG:colcon.colcon_core.verb:Building package 'py_pubsub' with the following arguments: {'ament_cmake_args': None, 'build_base': '/home/vboxuser/hw3_ws/build/py_pubsub', 'catkin_cmake_args': None, 'catkin_skip_building_tests': False, 'cmake_args': None, 'cmake_clean_cache': False, 'cmake_clean_first': False, 'cmake_force_configure': False, 'cmake_target': None, 'cmake_target_skip_unavailable': False, 'install_base': '/home/vboxuser/hw3_ws/install/py_pubsub', 'merge_install': False, 'path': '/home/vboxuser/hw3_ws/src/py_pubsub', 'symlink_install': False, 'test_result_base': None}
[1.896s] Level 5:colcon.colcon_core.verb:set package 'q1' build argument 'cmake_args' from command line to 'None'
[1.897s] Level 5:colcon.colcon_core.verb:set package 'q1' build argument 'cmake_target' from command line to 'None'
[1.897s] Level 5:colcon.colcon_core.verb:set package 'q1' build argument 'cmake_target_skip_unavailable' from command line to 'False'
[1.897s] Level 5:colcon.colcon_core.verb:set package 'q1' build argument 'cmake_clean_cache' from command line to 'False'
[1.897s] Level 5:colcon.colcon_core.verb:set package 'q1' build argument 'cmake_clean_first' from command line to 'False'
[1.897s] Level 5:colcon.colcon_core.verb:set package 'q1' build argument 'cmake_force_configure' from command line to 'False'
[1.897s] Level 5:colcon.colcon_core.verb:set package 'q1' build argument 'ament_cmake_args' from command line to 'None'
[1.897s] Level 5:colcon.colcon_core.verb:set package 'q1' build argument 'catkin_cmake_args' from command line to 'None'
[1.897s] Level 5:colcon.colcon_core.verb:set package 'q1' build argument 'catkin_skip_building_tests' from command line to 'False'
[1.897s] DEBUG:colcon.colcon_core.verb:Building package 'q1' with the following arguments: {'ament_cmake_args': None, 'build_base': '/home/vboxuser/hw3_ws/build/q1', 'catkin_cmake_args': None, 'catkin_skip_building_tests': False, 'cmake_args': None, 'cmake_clean_cache': False, 'cmake_clean_first': False, 'cmake_force_configure': False, 'cmake_target': None, 'cmake_target_skip_unavailable': False, 'install_base': '/home/vboxuser/hw3_ws/install/q1', 'merge_install': False, 'path': '/home/vboxuser/hw3_ws/src/q1', 'symlink_install': False, 'test_result_base': None}
[1.917s] Level 5:colcon.colcon_core.verb:set package 'q2' build argument 'cmake_args' from command line to 'None'
[1.918s] Level 5:colcon.colcon_core.verb:set package 'q2' build argument 'cmake_target' from command line to 'None'
[1.918s] Level 5:colcon.colcon_core.verb:set package 'q2' build argument 'cmake_target_skip_unavailable' from command line to 'False'
[1.918s] Level 5:colcon.colcon_core.verb:set package 'q2' build argument 'cmake_clean_cache' from command line to 'False'
[1.918s] Level 5:colcon.colcon_core.verb:set package 'q2' build argument 'cmake_clean_first' from command line to 'False'
[1.918s] Level 5:colcon.colcon_core.verb:set package 'q2' build argument 'cmake_force_configure' from command line to 'False'
[1.918s] Level 5:colcon.colcon_core.verb:set package 'q2' build argument 'ament_cmake_args' from command line to 'None'
[1.918s] Level 5:colcon.colcon_core.verb:set package 'q2' build argument 'catkin_cmake_args' from command line to 'None'
[1.918s] Level 5:colcon.colcon_core.verb:set package 'q2' build argument 'catkin_skip_building_tests' from command line to 'False'
[1.918s] DEBUG:colcon.colcon_core.verb:Building package 'q2' with the following arguments: {'ament_cmake_args': None, 'build_base': '/home/vboxuser/hw3_ws/build/q2', 'catkin_cmake_args': None, 'catkin_skip_building_tests': False, 'cmake_args': None, 'cmake_clean_cache': False, 'cmake_clean_first': False, 'cmake_force_configure': False, 'cmake_target': None, 'cmake_target_skip_unavailable': False, 'install_base': '/home/vboxuser/hw3_ws/install/q2', 'merge_install': False, 'path': '/home/vboxuser/hw3_ws/src/q2', 'symlink_install': False, 'test_result_base': None}
[1.939s] Level 5:colcon.colcon_core.verb:set package 'q3' build argument 'cmake_args' from command line to 'None'
[1.939s] Level 5:colcon.colcon_core.verb:set package 'q3' build argument 'cmake_target' from command line to 'None'
[1.939s] Level 5:colcon.colcon_core.verb:set package 'q3' build argument 'cmake_target_skip_unavailable' from command line to 'False'
[1.939s] Level 5:colcon.colcon_core.verb:set package 'q3' build argument 'cmake_clean_cache' from command line to 'False'
[1.939s] Level 5:colcon.colcon_core.verb:set package 'q3' build argument 'cmake_clean_first' from command line to 'False'
[1.939s] Level 5:colcon.colcon_core.verb:set package 'q3' build argument 'cmake_force_configure' from command line to 'False'
[1.939s] Level 5:colcon.colcon_core.verb:set package 'q3' build argument 'ament_cmake_args' from command line to 'None'
[1.939s] Level 5:colcon.colcon_core.verb:set package 'q3' build argument 'catkin_cmake_args' from command line to 'None'
[1.939s] Level 5:colcon.colcon_core.verb:set package 'q3' build argument 'catkin_skip_building_tests' from command line to 'False'
[1.939s] DEBUG:colcon.colcon_core.verb:Building package 'q3' with the following arguments: {'ament_cmake_args': None, 'build_base': '/home/vboxuser/hw3_ws/build/q3', 'catkin_cmake_args': None, 'catkin_skip_building_tests': False, 'cmake_args': None, 'cmake_clean_cache': False, 'cmake_clean_first': False, 'cmake_force_configure': False, 'cmake_target': None, 'cmake_target_skip_unavailable': False, 'install_base': '/home/vboxuser/hw3_ws/install/q3', 'merge_install': False, 'path': '/home/vboxuser/hw3_ws/src/q3', 'symlink_install': False, 'test_result_base': None}
[1.959s] INFO:colcon.colcon_core.executor:Executing jobs using 'parallel' executor
[1.980s] DEBUG:colcon.colcon_parallel_executor.executor.parallel:run_until_complete
[1.981s] INFO:colcon.colcon_ros.task.ament_python.build:Building ROS package in '/home/vboxuser/hw3_ws/src/py_pubsub' with build type 'ament_python'
[1.981s] Level 1:colcon.colcon_core.shell:create_environment_hook('py_pubsub', 'ament_prefix_path')
[2.003s] INFO:colcon.colcon_core.plugin_system:Skipping extension 'colcon_core.shell.bat': Not used on non-Windows systems
[2.004s] INFO:colcon.colcon_core.shell:Creating environment hook '/home/vboxuser/hw3_ws/install/py_pubsub/share/py_pubsub/hook/ament_prefix_path.ps1'
[2.004s] INFO:colcon.colcon_core.shell:Creating environment descriptor '/home/vboxuser/hw3_ws/install/py_pubsub/share/py_pubsub/hook/ament_prefix_path.dsv'
[2.005s] INFO:colcon.colcon_core.shell:Creating environment hook '/home/vboxuser/hw3_ws/install/py_pubsub/share/py_pubsub/hook/ament_prefix_path.sh'
[2.029s] INFO:colcon.colcon_core.shell:Skip shell extension 'powershell' for command environment: Not usable outside of PowerShell
[2.029s] DEBUG:colcon.colcon_core.shell:Skip shell extension 'dsv' for command environment
[2.072s] INFO:colcon.colcon_ros.task.ament_python.build:Building ROS package in '/home/vboxuser/hw3_ws/src/q1' with build type 'ament_python'
[2.072s] Level 1:colcon.colcon_core.shell:create_environment_hook('q1', 'ament_prefix_path')
[2.091s] INFO:colcon.colcon_core.shell:Creating environment hook '/home/vboxuser/hw3_ws/install/q1/share/q1/hook/ament_prefix_path.ps1'
[2.092s] INFO:colcon.colcon_core.shell:Creating environment descriptor '/home/vboxuser/hw3_ws/install/q1/share/q1/hook/ament_prefix_path.dsv'
[2.092s] INFO:colcon.colcon_core.shell:Creating environment hook '/home/vboxuser/hw3_ws/install/q1/share/q1/hook/ament_prefix_path.sh'
[2.115s] INFO:colcon.colcon_core.shell:Skip shell extension 'powershell' for command environment: Not usable outside of PowerShell
[2.115s] DEBUG:colcon.colcon_core.shell:Skip shell extension 'dsv' for command environment
[2.158s] INFO:colcon.colcon_ros.task.ament_python.build:Building ROS package in '/home/vboxuser/hw3_ws/src/q2' with build type 'ament_python'
[2.158s] Level 1:colcon.colcon_core.shell:create_environment_hook('q2', 'ament_prefix_path')
[2.179s] INFO:colcon.colcon_core.shell:Creating environment hook '/home/vboxuser/hw3_ws/install/q2/share/q2/hook/ament_prefix_path.ps1'
[2.180s] INFO:colcon.colcon_core.shell:Creating environment descriptor '/home/vboxuser/hw3_ws/install/q2/share/q2/hook/ament_prefix_path.dsv'
[2.180s] INFO:colcon.colcon_core.shell:Creating environment hook '/home/vboxuser/hw3_ws/install/q2/share/q2/hook/ament_prefix_path.sh'
[2.200s] INFO:colcon.colcon_core.shell:Skip shell extension 'powershell' for command environment: Not usable outside of PowerShell
[2.200s] DEBUG:colcon.colcon_core.shell:Skip shell extension 'dsv' for command environment
[2.242s] INFO:colcon.colcon_ros.task.ament_python.build:Building ROS package in '/home/vboxuser/hw3_ws/src/q3' with build type 'ament_python'
[2.242s] Level 1:colcon.colcon_core.shell:create_environment_hook('q3', 'ament_prefix_path')
[2.263s] INFO:colcon.colcon_core.shell:Creating environment hook '/home/vboxuser/hw3_ws/install/q3/share/q3/hook/ament_prefix_path.ps1'
[2.264s] INFO:colcon.colcon_core.shell:Creating environment descriptor '/home/vboxuser/hw3_ws/install/q3/share/q3/hook/ament_prefix_path.dsv'
[2.264s] INFO:colcon.colcon_core.shell:Creating environment hook '/home/vboxuser/hw3_ws/install/q3/share/q3/hook/ament_prefix_path.sh'
[2.285s] INFO:colcon.colcon_core.shell:Skip shell extension 'powershell' for command environment: Not usable outside of PowerShell
[2.285s] DEBUG:colcon.colcon_core.shell:Skip shell extension 'dsv' for command environment
[2.715s] INFO:colcon.colcon_core.task.python.build:Building Python package in '/home/vboxuser/hw3_ws/src/py_pubsub'
[2.736s] INFO:colcon.colcon_core.shell:Skip shell extension 'powershell' for command environment: Not usable outside of PowerShell
[2.736s] DEBUG:colcon.colcon_core.shell:Skip shell extension 'dsv' for command environment
[3.193s] INFO:colcon.colcon_core.task.python.build:Building Python package in '/home/vboxuser/hw3_ws/src/q1'
[3.216s] INFO:colcon.colcon_core.shell:Skip shell extension 'powershell' for command environment: Not usable outside of PowerShell
[3.216s] DEBUG:colcon.colcon_core.shell:Skip shell extension 'dsv' for command environment
[3.662s] INFO:colcon.colcon_core.task.python.build:Building Python package in '/home/vboxuser/hw3_ws/src/q2'
[3.684s] INFO:colcon.colcon_core.shell:Skip shell extension 'powershell' for command environment: Not usable outside of PowerShell
[3.684s] DEBUG:colcon.colcon_core.shell:Skip shell extension 'dsv' for command environment
[4.130s] INFO:colcon.colcon_core.task.python.build:Building Python package in '/home/vboxuser/hw3_ws/src/q3'
[4.153s] INFO:colcon.colcon_core.shell:Skip shell extension 'powershell' for command environment: Not usable outside of PowerShell
[4.153s] DEBUG:colcon.colcon_core.shell:Skip shell extension 'dsv' for command environment
[4.747s] DEBUG:colcon.colcon_core.event_handler.log_command:Invoking command in '/home/vboxuser/hw3_ws/src/py_pubsub': PYTHONPATH=/home/vboxuser/hw3_ws/build/py_pubsub/prefix_override:/home/vboxuser/hw3_ws/install/py_pubsub/lib/python3.10/site-packages:${PYTHONPATH} /usr/bin/python3 setup.py egg_info --egg-base ../../build/py_pubsub build --build-base /home/vboxuser/hw3_ws/build/py_pubsub/build install --record /home/vboxuser/hw3_ws/build/py_pubsub/install.log --single-version-externally-managed
[4.751s] DEBUG:colcon.colcon_core.event_handler.log_command:Invoking command in '/home/vboxuser/hw3_ws/src/q3': PYTHONPATH=/home/vboxuser/hw3_ws/build/q3/prefix_override:/home/vboxuser/hw3_ws/install/q3/lib/python3.10/site-packages:${PYTHONPATH} /usr/bin/python3 setup.py egg_info --egg-base ../../build/q3 build --build-base /home/vboxuser/hw3_ws/build/q3/build install --record /home/vboxuser/hw3_ws/build/q3/install.log --single-version-externally-managed
[4.764s] DEBUG:colcon.colcon_core.event_handler.log_command:Invoking command in '/home/vboxuser/hw3_ws/src/q1': PYTHONPATH=/home/vboxuser/hw3_ws/build/q1/prefix_override:/home/vboxuser/hw3_ws/install/q1/lib/python3.10/site-packages:${PYTHONPATH} /usr/bin/python3 setup.py egg_info --egg-base ../../build/q1 build --build-base /home/vboxuser/hw3_ws/build/q1/build install --record /home/vboxuser/hw3_ws/build/q1/install.log --single-version-externally-managed
[4.765s] DEBUG:colcon.colcon_core.event_handler.log_command:Invoking command in '/home/vboxuser/hw3_ws/src/q2': PYTHONPATH=/home/vboxuser/hw3_ws/build/q2/prefix_override:/home/vboxuser/hw3_ws/install/q2/lib/python3.10/site-packages:${PYTHONPATH} /usr/bin/python3 setup.py egg_info --egg-base ../../build/q2 build --build-base /home/vboxuser/hw3_ws/build/q2/build install --record /home/vboxuser/hw3_ws/build/q2/install.log --single-version-externally-managed
[5.211s] DEBUG:colcon.colcon_core.event_handler.log_command:Invoked command in '/home/vboxuser/hw3_ws/src/q3' returned '0': PYTHONPATH=/home/vboxuser/hw3_ws/build/q3/prefix_override:/home/vboxuser/hw3_ws/install/q3/lib/python3.10/site-packages:${PYTHONPATH} /usr/bin/python3 setup.py egg_info --egg-base ../../build/q3 build --build-base /home/vboxuser/hw3_ws/build/q3/build install --record /home/vboxuser/hw3_ws/build/q3/install.log --single-version-externally-managed
[5.233s] Level 1:colcon.colcon_core.environment:checking '/home/vboxuser/hw3_ws/install/q3' for CMake module files
[5.234s] Level 1:colcon.colcon_core.environment:checking '/home/vboxuser/hw3_ws/install/q3' for CMake config files
[5.235s] Level 1:colcon.colcon_core.environment:checking '/home/vboxuser/hw3_ws/install/q3/lib'
[5.235s] Level 1:colcon.colcon_core.environment:checking '/home/vboxuser/hw3_ws/install/q3/bin'
[5.235s] Level 1:colcon.colcon_core.environment:checking '/home/vboxuser/hw3_ws/install/q3/lib/pkgconfig/q3.pc'
[5.235s] Level 1:colcon.colcon_core.environment:checking '/home/vboxuser/hw3_ws/install/q3/lib/python3.10/site-packages'
[5.235s] Level 1:colcon.colcon_core.shell:create_environment_hook('q3', 'pythonpath')
[5.257s] INFO:colcon.colcon_core.shell:Creating environment hook '/home/vboxuser/hw3_ws/install/q3/share/q3/hook/pythonpath.ps1'
[5.258s] INFO:colcon.colcon_core.shell:Creating environment descriptor '/home/vboxuser/hw3_ws/install/q3/share/q3/hook/pythonpath.dsv'
[5.258s] INFO:colcon.colcon_core.shell:Creating environment hook '/home/vboxuser/hw3_ws/install/q3/share/q3/hook/pythonpath.sh'
[5.259s] Level 1:colcon.colcon_core.environment:checking '/home/vboxuser/hw3_ws/install/q3/bin'
[5.259s] Level 1:colcon.colcon_core.environment:create_environment_scripts_only(q3)
[5.279s] INFO:colcon.colcon_core.shell:Creating package script '/home/vboxuser/hw3_ws/install/q3/share/q3/package.ps1'
[5.280s] INFO:colcon.colcon_core.shell:Creating package descriptor '/home/vboxuser/hw3_ws/install/q3/share/q3/package.dsv'
[5.281s] INFO:colcon.colcon_core.shell:Creating package script '/home/vboxuser/hw3_ws/install/q3/share/q3/package.sh'
[5.282s] INFO:colcon.colcon_core.shell:Creating package script '/home/vboxuser/hw3_ws/install/q3/share/q3/package.bash'
[5.283s] INFO:colcon.colcon_core.shell:Creating package script '/home/vboxuser/hw3_ws/install/q3/share/q3/package.zsh'
[5.284s] Level 1:colcon.colcon_core.environment:create_file_with_runtime_dependencies(/home/vboxuser/hw3_ws/install/q3/share/colcon-core/packages/q3)
[5.286s] DEBUG:colcon.colcon_core.event_handler.log_command:Invoked command in '/home/vboxuser/hw3_ws/src/q2' returned '0': PYTHONPATH=/home/vboxuser/hw3_ws/build/q2/prefix_override:/home/vboxuser/hw3_ws/install/q2/lib/python3.10/site-packages:${PYTHONPATH} /usr/bin/python3 setup.py egg_info --egg-base ../../build/q2 build --build-base /home/vboxuser/hw3_ws/build/q2/build install --record /home/vboxuser/hw3_ws/build/q2/install.log --single-version-externally-managed
[5.306s] Level 1:colcon.colcon_core.environment:checking '/home/vboxuser/hw3_ws/install/q2' for CMake module files
[5.306s] Level 1:colcon.colcon_core.environment:checking '/home/vboxuser/hw3_ws/install/q2' for CMake config files
[5.307s] Level 1:colcon.colcon_core.environment:checking '/home/vboxuser/hw3_ws/install/q2/lib'
[5.307s] Level 1:colcon.colcon_core.environment:checking '/home/vboxuser/hw3_ws/install/q2/bin'
[5.307s] Level 1:colcon.colcon_core.environment:checking '/home/vboxuser/hw3_ws/install/q2/lib/pkgconfig/q2.pc'
[5.307s] Level 1:colcon.colcon_core.environment:checking '/home/vboxuser/hw3_ws/install/q2/lib/python3.10/site-packages'
[5.308s] Level 1:colcon.colcon_core.shell:create_environment_hook('q2', 'pythonpath')
[5.337s] INFO:colcon.colcon_core.shell:Creating environment hook '/home/vboxuser/hw3_ws/install/q2/share/q2/hook/pythonpath.ps1'
[5.337s] INFO:colcon.colcon_core.shell:Creating environment descriptor '/home/vboxuser/hw3_ws/install/q2/share/q2/hook/pythonpath.dsv'
[5.339s] INFO:colcon.colcon_core.shell:Creating environment hook '/home/vboxuser/hw3_ws/install/q2/share/q2/hook/pythonpath.sh'
[5.340s] Level 1:colcon.colcon_core.environment:checking '/home/vboxuser/hw3_ws/install/q2/bin'
[5.340s] Level 1:colcon.colcon_core.environment:create_environment_scripts_only(q2)
[5.361s] INFO:colcon.colcon_core.shell:Creating package script '/home/vboxuser/hw3_ws/install/q2/share/q2/package.ps1'
[5.361s] INFO:colcon.colcon_core.shell:Creating package descriptor '/home/vboxuser/hw3_ws/install/q2/share/q2/package.dsv'
[5.362s] INFO:colcon.colcon_core.shell:Creating package script '/home/vboxuser/hw3_ws/install/q2/share/q2/package.sh'
[5.362s] INFO:colcon.colcon_core.shell:Creating package script '/home/vboxuser/hw3_ws/install/q2/share/q2/package.bash'
[5.363s] INFO:colcon.colcon_core.shell:Creating package script '/home/vboxuser/hw3_ws/install/q2/share/q2/package.zsh'
[5.363s] Level 1:colcon.colcon_core.environment:create_file_with_runtime_dependencies(/home/vboxuser/hw3_ws/install/q2/share/colcon-core/packages/q2)
[5.365s] DEBUG:colcon.colcon_core.event_handler.log_command:Invoked command in '/home/vboxuser/hw3_ws/src/py_pubsub' returned '0': PYTHONPATH=/home/vboxuser/hw3_ws/build/py_pubsub/prefix_override:/home/vboxuser/hw3_ws/install/py_pubsub/lib/python3.10/site-packages:${PYTHONPATH} /usr/bin/python3 setup.py egg_info --egg-base ../../build/py_pubsub build --build-base /home/vboxuser/hw3_ws/build/py_pubsub/build install --record /home/vboxuser/hw3_ws/build/py_pubsub/install.log --single-version-externally-managed
[5.386s] Level 1:colcon.colcon_core.environment:checking '/home/vboxuser/hw3_ws/install/py_pubsub' for CMake module files
[5.386s] Level 1:colcon.colcon_core.environment:checking '/home/vboxuser/hw3_ws/install/py_pubsub' for CMake config files
[5.387s] Level 1:colcon.colcon_core.environment:checking '/home/vboxuser/hw3_ws/install/py_pubsub/lib'
[5.387s] Level 1:colcon.colcon_core.environment:checking '/home/vboxuser/hw3_ws/install/py_pubsub/bin'
[5.387s] Level 1:colcon.colcon_core.environment:checking '/home/vboxuser/hw3_ws/install/py_pubsub/lib/pkgconfig/py_pubsub.pc'
[5.387s] Level 1:colcon.colcon_core.environment:checking '/home/vboxuser/hw3_ws/install/py_pubsub/lib/python3.10/site-packages'
[5.387s] Level 1:colcon.colcon_core.shell:create_environment_hook('py_pubsub', 'pythonpath')
[5.409s] INFO:colcon.colcon_core.shell:Creating environment hook '/home/vboxuser/hw3_ws/install/py_pubsub/share/py_pubsub/hook/pythonpath.ps1'
[5.410s] INFO:colcon.colcon_core.shell:Creating environment descriptor '/home/vboxuser/hw3_ws/install/py_pubsub/share/py_pubsub/hook/pythonpath.dsv'
[5.410s] INFO:colcon.colcon_core.shell:Creating environment hook '/home/vboxuser/hw3_ws/install/py_pubsub/share/py_pubsub/hook/pythonpath.sh'
[5.411s] Level 1:colcon.colcon_core.environment:checking '/home/vboxuser/hw3_ws/install/py_pubsub/bin'
[5.411s] Level 1:colcon.colcon_core.environment:create_environment_scripts_only(py_pubsub)
[5.433s] INFO:colcon.colcon_core.shell:Creating package script '/home/vboxuser/hw3_ws/install/py_pubsub/share/py_pubsub/package.ps1'
[5.434s] INFO:colcon.colcon_core.shell:Creating package descriptor '/home/vboxuser/hw3_ws/install/py_pubsub/share/py_pubsub/package.dsv'
[5.434s] INFO:colcon.colcon_core.shell:Creating package script '/home/vboxuser/hw3_ws/install/py_pubsub/share/py_pubsub/package.sh'
[5.435s] INFO:colcon.colcon_core.shell:Creating package script '/home/vboxuser/hw3_ws/install/py_pubsub/share/py_pubsub/package.bash'
[5.435s] INFO:colcon.colcon_core.shell:Creating package script '/home/vboxuser/hw3_ws/install/py_pubsub/share/py_pubsub/package.zsh'
[5.436s] Level 1:colcon.colcon_core.environment:create_file_with_runtime_dependencies(/home/vboxuser/hw3_ws/install/py_pubsub/share/colcon-core/packages/py_pubsub)
[5.438s] DEBUG:colcon.colcon_core.event_handler.log_command:Invoked command in '/home/vboxuser/hw3_ws/src/q1' returned '0': PYTHONPATH=/home/vboxuser/hw3_ws/build/q1/prefix_override:/home/vboxuser/hw3_ws/install/q1/lib/python3.10/site-packages:${PYTHONPATH} /usr/bin/python3 setup.py egg_info --egg-base ../../build/q1 build --build-base /home/vboxuser/hw3_ws/build/q1/build install --record /home/vboxuser/hw3_ws/build/q1/install.log --single-version-externally-managed
[5.458s] Level 1:colcon.colcon_core.environment:checking '/home/vboxuser/hw3_ws/install/q1' for CMake module files
[5.458s] Level 1:colcon.colcon_core.environment:checking '/home/vboxuser/hw3_ws/install/q1' for CMake config files
[5.459s] Level 1:colcon.colcon_core.environment:checking '/home/vboxuser/hw3_ws/install/q1/lib'
[5.459s] Level 1:colcon.colcon_core.environment:checking '/home/vboxuser/hw3_ws/install/q1/bin'
[5.459s] Level 1:colcon.colcon_core.environment:checking '/home/vboxuser/hw3_ws/install/q1/lib/pkgconfig/q1.pc'
[5.461s] Level 1:colcon.colcon_core.environment:checking '/home/vboxuser/hw3_ws/install/q1/lib/python3.10/site-packages'
[5.461s] Level 1:colcon.colcon_core.shell:create_environment_hook('q1', 'pythonpath')
[5.482s] INFO:colcon.colcon_core.shell:Creating environment hook '/home/vboxuser/hw3_ws/install/q1/share/q1/hook/pythonpath.ps1'
[5.482s] INFO:colcon.colcon_core.shell:Creating environment descriptor '/home/vboxuser/hw3_ws/install/q1/share/q1/hook/pythonpath.dsv'
[5.482s] INFO:colcon.colcon_core.shell:Creating environment hook '/home/vboxuser/hw3_ws/install/q1/share/q1/hook/pythonpath.sh'
[5.483s] Level 1:colcon.colcon_core.environment:checking '/home/vboxuser/hw3_ws/install/q1/bin'
[5.483s] Level 1:colcon.colcon_core.environment:create_environment_scripts_only(q1)
[5.504s] INFO:colcon.colcon_core.shell:Creating package script '/home/vboxuser/hw3_ws/install/q1/share/q1/package.ps1'
[5.504s] INFO:colcon.colcon_core.shell:Creating package descriptor '/home/vboxuser/hw3_ws/install/q1/share/q1/package.dsv'
[5.505s] INFO:colcon.colcon_core.shell:Creating package script '/home/vboxuser/hw3_ws/install/q1/share/q1/package.sh'
[5.505s] INFO:colcon.colcon_core.shell:Creating package script '/home/vboxuser/hw3_ws/install/q1/share/q1/package.bash'
[5.506s] INFO:colcon.colcon_core.shell:Creating package script '/home/vboxuser/hw3_ws/install/q1/share/q1/package.zsh'
[5.506s] Level 1:colcon.colcon_core.environment:create_file_with_runtime_dependencies(/home/vboxuser/hw3_ws/install/q1/share/colcon-core/packages/q1)
[5.507s] DEBUG:colcon.colcon_parallel_executor.executor.parallel:closing loop
[5.507s] DEBUG:colcon.colcon_parallel_executor.executor.parallel:loop closed
[5.507s] DEBUG:colcon.colcon_parallel_executor.executor.parallel:run_until_complete finished with '0'
[5.507s] DEBUG:colcon.colcon_core.event_reactor:joining thread
[5.534s] INFO:colcon.colcon_core.plugin_system:Skipping extension 'colcon_notification.desktop_notification.terminal_notifier': Not used on non-Darwin systems
[5.534s] INFO:colcon.colcon_core.plugin_system:Skipping extension 'colcon_notification.desktop_notification.win32': Not used on non-Windows systems
[5.534s] INFO:colcon.colcon_notification.desktop_notification:Sending desktop notification using 'notify2'
[5.547s] DEBUG:colcon.colcon_core.event_reactor:joined thread
[5.567s] INFO:colcon.colcon_core.shell:Creating prefix script '/home/vboxuser/hw3_ws/install/local_setup.ps1'
[5.568s] INFO:colcon.colcon_core.shell:Creating prefix util module '/home/vboxuser/hw3_ws/install/_local_setup_util_ps1.py'
[5.571s] INFO:colcon.colcon_core.shell:Creating prefix chain script '/home/vboxuser/hw3_ws/install/setup.ps1'
[5.593s] INFO:colcon.colcon_core.shell:Creating prefix script '/home/vboxuser/hw3_ws/install/local_setup.sh'
[5.594s] INFO:colcon.colcon_core.shell:Creating prefix util module '/home/vboxuser/hw3_ws/install/_local_setup_util_sh.py'
[5.594s] INFO:colcon.colcon_core.shell:Creating prefix chain script '/home/vboxuser/hw3_ws/install/setup.sh'
[5.614s] INFO:colcon.colcon_core.shell:Creating prefix script '/home/vboxuser/hw3_ws/install/local_setup.bash'
[5.615s] INFO:colcon.colcon_core.shell:Creating prefix chain script '/home/vboxuser/hw3_ws/install/setup.bash'
[5.636s] INFO:colcon.colcon_core.shell:Creating prefix script '/home/vboxuser/hw3_ws/install/local_setup.zsh'
[5.637s] INFO:colcon.colcon_core.shell:Creating prefix chain script '/home/vboxuser/hw3_ws/install/setup.zsh'
