[0.199s] Invoking command in '/home/vboxuser/hw4_ws/build/tutorial_interfaces': CMAKE_PREFIX_PATH=${CMAKE_PREFIX_PATH}:/home/vboxuser/hw4_ws/install/py_srvcli:/home/vboxuser/hw4_ws/install/calculator:/opt/ros/humble /usr/bin/cmake --build /home/vboxuser/hw4_ws/build/tutorial_interfaces -- -j6 -l6
[0.269s] [  3%] Built target tutorial_interfaces__cpp
[0.277s] [ 12%] Built target tutorial_interfaces__rosidl_generator_c
[0.281s] [ 12%] Built target ament_cmake_python_copy_tutorial_interfaces
[0.303s] [ 22%] Built target tutorial_interfaces__rosidl_typesupport_introspection_cpp
[0.324s] [ 32%] Built target tutorial_interfaces__rosidl_typesupport_cpp
[0.328s] [ 41%] Built target tutorial_interfaces__rosidl_typesupport_fastrtps_c
[0.344s] [ 51%] Built target tutorial_interfaces__rosidl_typesupport_fastrtps_cpp
[0.344s] [ 61%] Built target tutorial_interfaces__rosidl_typesupport_introspection_c
[0.359s] [ 70%] Built target tutorial_interfaces__rosidl_typesupport_c
[0.383s] [ 70%] Built target tutorial_interfaces
[0.403s] [ 74%] Built target tutorial_interfaces__py
[0.427s] [ 80%] Built target tutorial_interfaces__rosidl_generator_py
[0.473s] [ 87%] Built target tutorial_interfaces__rosidl_typesupport_c__pyext
[0.473s] [ 93%] Built target tutorial_interfaces__rosidl_typesupport_introspection_c__pyext
[0.479s] [100%] Built target tutorial_interfaces__rosidl_typesupport_fastrtps_c__pyext
[0.714s] running egg_info
[0.715s] writing tutorial_interfaces.egg-info/PKG-INFO
[0.715s] writing dependency_links to tutorial_interfaces.egg-info/dependency_links.txt
[0.716s] writing top-level names to tutorial_interfaces.egg-info/top_level.txt
[0.719s] reading manifest file 'tutorial_interfaces.egg-info/SOURCES.txt'
[0.720s] writing manifest file 'tutorial_interfaces.egg-info/SOURCES.txt'
[0.763s] [100%] Built target ament_cmake_python_build_tutorial_interfaces_egg
[0.786s] Invoked command in '/home/vboxuser/hw4_ws/build/tutorial_interfaces' returned '0': CMAKE_PREFIX_PATH=${CMAKE_PREFIX_PATH}:/home/vboxuser/hw4_ws/install/py_srvcli:/home/vboxuser/hw4_ws/install/calculator:/opt/ros/humble /usr/bin/cmake --build /home/vboxuser/hw4_ws/build/tutorial_interfaces -- -j6 -l6
[0.879s] Invoking command in '/home/vboxuser/hw4_ws/build/tutorial_interfaces': CMAKE_PREFIX_PATH=${CMAKE_PREFIX_PATH}:/home/vboxuser/hw4_ws/install/py_srvcli:/home/vboxuser/hw4_ws/install/calculator:/opt/ros/humble /usr/bin/cmake --install /home/vboxuser/hw4_ws/build/tutorial_interfaces
[0.889s] -- Install configuration: ""
[0.889s] -- Up-to-date: /home/vboxuser/hw4_ws/install/tutorial_interfaces/share/ament_index/resource_index/rosidl_interfaces/tutorial_interfaces
[0.889s] -- Up-to-date: /home/vboxuser/hw4_ws/install/tutorial_interfaces/include/tutorial_interfaces/tutorial_interfaces
[0.890s] -- Up-to-date: /home/vboxuser/hw4_ws/install/tutorial_interfaces/include/tutorial_interfaces/tutorial_interfaces/msg
[0.890s] -- Up-to-date: /home/vboxuser/hw4_ws/install/tutorial_interfaces/include/tutorial_interfaces/tutorial_interfaces/msg/rosidl_generator_c__visibility_control.h
[0.890s] -- Up-to-date: /home/vboxuser/hw4_ws/install/tutorial_interfaces/include/tutorial_interfaces/tutorial_interfaces/srv
[0.890s] -- Up-to-date: /home/vboxuser/hw4_ws/install/tutorial_interfaces/include/tutorial_interfaces/tutorial_interfaces/srv/detail
[0.890s] -- Up-to-date: /home/vboxuser/hw4_ws/install/tutorial_interfaces/include/tutorial_interfaces/tutorial_interfaces/srv/detail/two_ints__type_support.h
[0.891s] -- Up-to-date: /home/vboxuser/hw4_ws/install/tutorial_interfaces/include/tutorial_interfaces/tutorial_interfaces/srv/detail/two_ints__struct.h
[0.891s] -- Up-to-date: /home/vboxuser/hw4_ws/install/tutorial_interfaces/include/tutorial_interfaces/tutorial_interfaces/srv/detail/two_ints__functions.c
[0.891s] -- Up-to-date: /home/vboxuser/hw4_ws/install/tutorial_interfaces/include/tutorial_interfaces/tutorial_interfaces/srv/detail/two_ints__functions.h
[0.891s] -- Up-to-date: /home/vboxuser/hw4_ws/install/tutorial_interfaces/include/tutorial_interfaces/tutorial_interfaces/srv/two_ints.h
[0.891s] -- Up-to-date: /home/vboxuser/hw4_ws/install/tutorial_interfaces/share/tutorial_interfaces/environment/library_path.sh
[0.892s] -- Up-to-date: /home/vboxuser/hw4_ws/install/tutorial_interfaces/share/tutorial_interfaces/environment/library_path.dsv
[0.892s] -- Up-to-date: /home/vboxuser/hw4_ws/install/tutorial_interfaces/lib/libtutorial_interfaces__rosidl_generator_c.so
[0.892s] -- Up-to-date: /home/vboxuser/hw4_ws/install/tutorial_interfaces/include/tutorial_interfaces/tutorial_interfaces
[0.892s] -- Up-to-date: /home/vboxuser/hw4_ws/install/tutorial_interfaces/include/tutorial_interfaces/tutorial_interfaces/msg
[0.893s] -- Up-to-date: /home/vboxuser/hw4_ws/install/tutorial_interfaces/include/tutorial_interfaces/tutorial_interfaces/msg/rosidl_typesupport_fastrtps_c__visibility_control.h
[0.893s] -- Up-to-date: /home/vboxuser/hw4_ws/install/tutorial_interfaces/include/tutorial_interfaces/tutorial_interfaces/srv
[0.893s] -- Up-to-date: /home/vboxuser/hw4_ws/install/tutorial_interfaces/include/tutorial_interfaces/tutorial_interfaces/srv/detail
[0.893s] -- Up-to-date: /home/vboxuser/hw4_ws/install/tutorial_interfaces/include/tutorial_interfaces/tutorial_interfaces/srv/detail/two_ints__rosidl_typesupport_fastrtps_c.h
[0.894s] -- Up-to-date: /home/vboxuser/hw4_ws/install/tutorial_interfaces/lib/libtutorial_interfaces__rosidl_typesupport_fastrtps_c.so
[0.894s] -- Up-to-date: /home/vboxuser/hw4_ws/install/tutorial_interfaces/include/tutorial_interfaces/tutorial_interfaces
[0.894s] -- Up-to-date: /home/vboxuser/hw4_ws/install/tutorial_interfaces/include/tutorial_interfaces/tutorial_interfaces/msg
[0.895s] -- Up-to-date: /home/vboxuser/hw4_ws/install/tutorial_interfaces/include/tutorial_interfaces/tutorial_interfaces/msg/rosidl_typesupport_introspection_c__visibility_control.h
[0.895s] -- Up-to-date: /home/vboxuser/hw4_ws/install/tutorial_interfaces/include/tutorial_interfaces/tutorial_interfaces/srv
[0.895s] -- Up-to-date: /home/vboxuser/hw4_ws/install/tutorial_interfaces/include/tutorial_interfaces/tutorial_interfaces/srv/detail
[0.895s] -- Up-to-date: /home/vboxuser/hw4_ws/install/tutorial_interfaces/include/tutorial_interfaces/tutorial_interfaces/srv/detail/two_ints__rosidl_typesupport_introspection_c.h
[0.895s] -- Up-to-date: /home/vboxuser/hw4_ws/install/tutorial_interfaces/include/tutorial_interfaces/tutorial_interfaces/srv/detail/two_ints__type_support.c
[0.896s] -- Up-to-date: /home/vboxuser/hw4_ws/install/tutorial_interfaces/lib/libtutorial_interfaces__rosidl_typesupport_introspection_c.so
[0.896s] -- Up-to-date: /home/vboxuser/hw4_ws/install/tutorial_interfaces/lib/libtutorial_interfaces__rosidl_typesupport_c.so
[0.897s] -- Up-to-date: /home/vboxuser/hw4_ws/install/tutorial_interfaces/include/tutorial_interfaces/tutorial_interfaces
[0.897s] -- Up-to-date: /home/vboxuser/hw4_ws/install/tutorial_interfaces/include/tutorial_interfaces/tutorial_interfaces/srv
[0.897s] -- Up-to-date: /home/vboxuser/hw4_ws/install/tutorial_interfaces/include/tutorial_interfaces/tutorial_interfaces/srv/two_ints.hpp
[0.897s] -- Up-to-date: /home/vboxuser/hw4_ws/install/tutorial_interfaces/include/tutorial_interfaces/tutorial_interfaces/srv/detail
[0.897s] -- Up-to-date: /home/vboxuser/hw4_ws/install/tutorial_interfaces/include/tutorial_interfaces/tutorial_interfaces/srv/detail/two_ints__traits.hpp
[0.898s] -- Up-to-date: /home/vboxuser/hw4_ws/install/tutorial_interfaces/include/tutorial_interfaces/tutorial_interfaces/srv/detail/two_ints__struct.hpp
[0.898s] -- Up-to-date: /home/vboxuser/hw4_ws/install/tutorial_interfaces/include/tutorial_interfaces/tutorial_interfaces/srv/detail/two_ints__builder.hpp
[0.898s] -- Up-to-date: /home/vboxuser/hw4_ws/install/tutorial_interfaces/include/tutorial_interfaces/tutorial_interfaces
[0.898s] -- Up-to-date: /home/vboxuser/hw4_ws/install/tutorial_interfaces/include/tutorial_interfaces/tutorial_interfaces/msg
[0.898s] -- Up-to-date: /home/vboxuser/hw4_ws/install/tutorial_interfaces/include/tutorial_interfaces/tutorial_interfaces/msg/rosidl_typesupport_fastrtps_cpp__visibility_control.h
[0.898s] -- Up-to-date: /home/vboxuser/hw4_ws/install/tutorial_interfaces/include/tutorial_interfaces/tutorial_interfaces/srv
[0.899s] -- Up-to-date: /home/vboxuser/hw4_ws/install/tutorial_interfaces/include/tutorial_interfaces/tutorial_interfaces/srv/detail
[0.899s] -- Up-to-date: /home/vboxuser/hw4_ws/install/tutorial_interfaces/include/tutorial_interfaces/tutorial_interfaces/srv/detail/two_ints__rosidl_typesupport_fastrtps_cpp.hpp
[0.899s] -- Up-to-date: /home/vboxuser/hw4_ws/install/tutorial_interfaces/include/tutorial_interfaces/tutorial_interfaces/srv/detail/dds_fastrtps
[0.899s] -- Up-to-date: /home/vboxuser/hw4_ws/install/tutorial_interfaces/lib/libtutorial_interfaces__rosidl_typesupport_fastrtps_cpp.so
[0.900s] -- Up-to-date: /home/vboxuser/hw4_ws/install/tutorial_interfaces/include/tutorial_interfaces/tutorial_interfaces
[0.900s] -- Up-to-date: /home/vboxuser/hw4_ws/install/tutorial_interfaces/include/tutorial_interfaces/tutorial_interfaces/srv
[0.900s] -- Up-to-date: /home/vboxuser/hw4_ws/install/tutorial_interfaces/include/tutorial_interfaces/tutorial_interfaces/srv/detail
[0.900s] -- Up-to-date: /home/vboxuser/hw4_ws/install/tutorial_interfaces/include/tutorial_interfaces/tutorial_interfaces/srv/detail/two_ints__rosidl_typesupport_introspection_cpp.hpp
[0.901s] -- Up-to-date: /home/vboxuser/hw4_ws/install/tutorial_interfaces/include/tutorial_interfaces/tutorial_interfaces/srv/detail/two_ints__type_support.cpp
[0.901s] -- Up-to-date: /home/vboxuser/hw4_ws/install/tutorial_interfaces/lib/libtutorial_interfaces__rosidl_typesupport_introspection_cpp.so
[0.902s] -- Up-to-date: /home/vboxuser/hw4_ws/install/tutorial_interfaces/lib/libtutorial_interfaces__rosidl_typesupport_cpp.so
[0.902s] -- Up-to-date: /home/vboxuser/hw4_ws/install/tutorial_interfaces/share/tutorial_interfaces/environment/pythonpath.sh
[0.902s] -- Up-to-date: /home/vboxuser/hw4_ws/install/tutorial_interfaces/share/tutorial_interfaces/environment/pythonpath.dsv
[0.902s] -- Up-to-date: /home/vboxuser/hw4_ws/install/tutorial_interfaces/local/lib/python3.10/dist-packages/tutorial_interfaces-0.0.0-py3.10.egg-info
[0.903s] -- Installing: /home/vboxuser/hw4_ws/install/tutorial_interfaces/local/lib/python3.10/dist-packages/tutorial_interfaces-0.0.0-py3.10.egg-info/top_level.txt
[0.903s] -- Installing: /home/vboxuser/hw4_ws/install/tutorial_interfaces/local/lib/python3.10/dist-packages/tutorial_interfaces-0.0.0-py3.10.egg-info/dependency_links.txt
[0.903s] -- Installing: /home/vboxuser/hw4_ws/install/tutorial_interfaces/local/lib/python3.10/dist-packages/tutorial_interfaces-0.0.0-py3.10.egg-info/SOURCES.txt
[0.904s] -- Installing: /home/vboxuser/hw4_ws/install/tutorial_interfaces/local/lib/python3.10/dist-packages/tutorial_interfaces-0.0.0-py3.10.egg-info/PKG-INFO
[0.904s] -- Up-to-date: /home/vboxuser/hw4_ws/install/tutorial_interfaces/local/lib/python3.10/dist-packages/tutorial_interfaces
[0.904s] -- Up-to-date: /home/vboxuser/hw4_ws/install/tutorial_interfaces/local/lib/python3.10/dist-packages/tutorial_interfaces/_tutorial_interfaces_s.ep.rosidl_typesupport_c.c
[0.905s] -- Up-to-date: /home/vboxuser/hw4_ws/install/tutorial_interfaces/local/lib/python3.10/dist-packages/tutorial_interfaces/tutorial_interfaces_s__rosidl_typesupport_c.cpython-310-x86_64-linux-gnu.so
[0.905s] -- Up-to-date: /home/vboxuser/hw4_ws/install/tutorial_interfaces/local/lib/python3.10/dist-packages/tutorial_interfaces/tutorial_interfaces_s__rosidl_typesupport_fastrtps_c.cpython-310-x86_64-linux-gnu.so
[0.905s] -- Up-to-date: /home/vboxuser/hw4_ws/install/tutorial_interfaces/local/lib/python3.10/dist-packages/tutorial_interfaces/__init__.py
[0.905s] -- Up-to-date: /home/vboxuser/hw4_ws/install/tutorial_interfaces/local/lib/python3.10/dist-packages/tutorial_interfaces/_tutorial_interfaces_s.ep.rosidl_typesupport_fastrtps_c.c
[0.905s] -- Up-to-date: /home/vboxuser/hw4_ws/install/tutorial_interfaces/local/lib/python3.10/dist-packages/tutorial_interfaces/_tutorial_interfaces_s.ep.rosidl_typesupport_introspection_c.c
[0.905s] -- Up-to-date: /home/vboxuser/hw4_ws/install/tutorial_interfaces/local/lib/python3.10/dist-packages/tutorial_interfaces/srv
[0.906s] -- Up-to-date: /home/vboxuser/hw4_ws/install/tutorial_interfaces/local/lib/python3.10/dist-packages/tutorial_interfaces/srv/_two_ints.py
[0.906s] -- Up-to-date: /home/vboxuser/hw4_ws/install/tutorial_interfaces/local/lib/python3.10/dist-packages/tutorial_interfaces/srv/__init__.py
[0.906s] -- Up-to-date: /home/vboxuser/hw4_ws/install/tutorial_interfaces/local/lib/python3.10/dist-packages/tutorial_interfaces/srv/_two_ints_s.c
[0.906s] -- Up-to-date: /home/vboxuser/hw4_ws/install/tutorial_interfaces/local/lib/python3.10/dist-packages/tutorial_interfaces/libtutorial_interfaces__rosidl_generator_py.so
[0.907s] -- Up-to-date: /home/vboxuser/hw4_ws/install/tutorial_interfaces/local/lib/python3.10/dist-packages/tutorial_interfaces/tutorial_interfaces_s__rosidl_typesupport_introspection_c.cpython-310-x86_64-linux-gnu.so
[0.953s] Listing '/home/vboxuser/hw4_ws/install/tutorial_interfaces/local/lib/python3.10/dist-packages/tutorial_interfaces'...
[0.953s] Listing '/home/vboxuser/hw4_ws/install/tutorial_interfaces/local/lib/python3.10/dist-packages/tutorial_interfaces/srv'...
[0.960s] -- Up-to-date: /home/vboxuser/hw4_ws/install/tutorial_interfaces/local/lib/python3.10/dist-packages/tutorial_interfaces/tutorial_interfaces_s__rosidl_typesupport_fastrtps_c.cpython-310-x86_64-linux-gnu.so
[0.961s] -- Up-to-date: /home/vboxuser/hw4_ws/install/tutorial_interfaces/local/lib/python3.10/dist-packages/tutorial_interfaces/tutorial_interfaces_s__rosidl_typesupport_introspection_c.cpython-310-x86_64-linux-gnu.so
[0.961s] -- Up-to-date: /home/vboxuser/hw4_ws/install/tutorial_interfaces/local/lib/python3.10/dist-packages/tutorial_interfaces/tutorial_interfaces_s__rosidl_typesupport_c.cpython-310-x86_64-linux-gnu.so
[0.962s] -- Up-to-date: /home/vboxuser/hw4_ws/install/tutorial_interfaces/lib/libtutorial_interfaces__rosidl_generator_py.so
[0.962s] -- Up-to-date: /home/vboxuser/hw4_ws/install/tutorial_interfaces/share/tutorial_interfaces/srv/TwoInts.idl
[0.962s] -- Up-to-date: /home/vboxuser/hw4_ws/install/tutorial_interfaces/share/tutorial_interfaces/srv/TwoInts.srv
[0.963s] -- Up-to-date: /home/vboxuser/hw4_ws/install/tutorial_interfaces/share/tutorial_interfaces/srv/TwoInts_Request.msg
[0.963s] -- Up-to-date: /home/vboxuser/hw4_ws/install/tutorial_interfaces/share/tutorial_interfaces/srv/TwoInts_Response.msg
[0.963s] -- Up-to-date: /home/vboxuser/hw4_ws/install/tutorial_interfaces/share/ament_index/resource_index/package_run_dependencies/tutorial_interfaces
[0.963s] -- Up-to-date: /home/vboxuser/hw4_ws/install/tutorial_interfaces/share/ament_index/resource_index/parent_prefix_path/tutorial_interfaces
[0.964s] -- Up-to-date: /home/vboxuser/hw4_ws/install/tutorial_interfaces/share/tutorial_interfaces/environment/ament_prefix_path.sh
[0.964s] -- Up-to-date: /home/vboxuser/hw4_ws/install/tutorial_interfaces/share/tutorial_interfaces/environment/ament_prefix_path.dsv
[0.964s] -- Up-to-date: /home/vboxuser/hw4_ws/install/tutorial_interfaces/share/tutorial_interfaces/environment/path.sh
[0.964s] -- Up-to-date: /home/vboxuser/hw4_ws/install/tutorial_interfaces/share/tutorial_interfaces/environment/path.dsv
[0.964s] -- Up-to-date: /home/vboxuser/hw4_ws/install/tutorial_interfaces/share/tutorial_interfaces/local_setup.bash
[0.964s] -- Up-to-date: /home/vboxuser/hw4_ws/install/tutorial_interfaces/share/tutorial_interfaces/local_setup.sh
[0.964s] -- Up-to-date: /home/vboxuser/hw4_ws/install/tutorial_interfaces/share/tutorial_interfaces/local_setup.zsh
[0.964s] -- Up-to-date: /home/vboxuser/hw4_ws/install/tutorial_interfaces/share/tutorial_interfaces/local_setup.dsv
[0.965s] -- Installing: /home/vboxuser/hw4_ws/install/tutorial_interfaces/share/tutorial_interfaces/package.dsv
[0.965s] -- Up-to-date: /home/vboxuser/hw4_ws/install/tutorial_interfaces/share/ament_index/resource_index/packages/tutorial_interfaces
[0.966s] -- Up-to-date: /home/vboxuser/hw4_ws/install/tutorial_interfaces/share/tutorial_interfaces/cmake/export_tutorial_interfaces__rosidl_generator_cExport.cmake
[0.966s] -- Up-to-date: /home/vboxuser/hw4_ws/install/tutorial_interfaces/share/tutorial_interfaces/cmake/export_tutorial_interfaces__rosidl_generator_cExport-noconfig.cmake
[0.967s] -- Up-to-date: /home/vboxuser/hw4_ws/install/tutorial_interfaces/share/tutorial_interfaces/cmake/export_tutorial_interfaces__rosidl_typesupport_fastrtps_cExport.cmake
[0.967s] -- Up-to-date: /home/vboxuser/hw4_ws/install/tutorial_interfaces/share/tutorial_interfaces/cmake/export_tutorial_interfaces__rosidl_typesupport_fastrtps_cExport-noconfig.cmake
[0.967s] -- Up-to-date: /home/vboxuser/hw4_ws/install/tutorial_interfaces/share/tutorial_interfaces/cmake/tutorial_interfaces__rosidl_typesupport_introspection_cExport.cmake
[0.968s] -- Up-to-date: /home/vboxuser/hw4_ws/install/tutorial_interfaces/share/tutorial_interfaces/cmake/tutorial_interfaces__rosidl_typesupport_introspection_cExport-noconfig.cmake
[0.968s] -- Up-to-date: /home/vboxuser/hw4_ws/install/tutorial_interfaces/share/tutorial_interfaces/cmake/tutorial_interfaces__rosidl_typesupport_cExport.cmake
[0.969s] -- Up-to-date: /home/vboxuser/hw4_ws/install/tutorial_interfaces/share/tutorial_interfaces/cmake/tutorial_interfaces__rosidl_typesupport_cExport-noconfig.cmake
[0.969s] -- Up-to-date: /home/vboxuser/hw4_ws/install/tutorial_interfaces/share/tutorial_interfaces/cmake/export_tutorial_interfaces__rosidl_generator_cppExport.cmake
[0.969s] -- Up-to-date: /home/vboxuser/hw4_ws/install/tutorial_interfaces/share/tutorial_interfaces/cmake/export_tutorial_interfaces__rosidl_typesupport_fastrtps_cppExport.cmake
[0.970s] -- Up-to-date: /home/vboxuser/hw4_ws/install/tutorial_interfaces/share/tutorial_interfaces/cmake/export_tutorial_interfaces__rosidl_typesupport_fastrtps_cppExport-noconfig.cmake
[0.970s] -- Up-to-date: /home/vboxuser/hw4_ws/install/tutorial_interfaces/share/tutorial_interfaces/cmake/tutorial_interfaces__rosidl_typesupport_introspection_cppExport.cmake
[0.971s] -- Up-to-date: /home/vboxuser/hw4_ws/install/tutorial_interfaces/share/tutorial_interfaces/cmake/tutorial_interfaces__rosidl_typesupport_introspection_cppExport-noconfig.cmake
[0.971s] -- Up-to-date: /home/vboxuser/hw4_ws/install/tutorial_interfaces/share/tutorial_interfaces/cmake/tutorial_interfaces__rosidl_typesupport_cppExport.cmake
[0.971s] -- Up-to-date: /home/vboxuser/hw4_ws/install/tutorial_interfaces/share/tutorial_interfaces/cmake/tutorial_interfaces__rosidl_typesupport_cppExport-noconfig.cmake
[0.972s] -- Up-to-date: /home/vboxuser/hw4_ws/install/tutorial_interfaces/share/tutorial_interfaces/cmake/export_tutorial_interfaces__rosidl_generator_pyExport.cmake
[0.972s] -- Up-to-date: /home/vboxuser/hw4_ws/install/tutorial_interfaces/share/tutorial_interfaces/cmake/export_tutorial_interfaces__rosidl_generator_pyExport-noconfig.cmake
[0.972s] -- Up-to-date: /home/vboxuser/hw4_ws/install/tutorial_interfaces/share/tutorial_interfaces/cmake/rosidl_cmake-extras.cmake
[0.973s] -- Up-to-date: /home/vboxuser/hw4_ws/install/tutorial_interfaces/share/tutorial_interfaces/cmake/ament_cmake_export_include_directories-extras.cmake
[0.973s] -- Up-to-date: /home/vboxuser/hw4_ws/install/tutorial_interfaces/share/tutorial_interfaces/cmake/ament_cmake_export_libraries-extras.cmake
[0.973s] -- Up-to-date: /home/vboxuser/hw4_ws/install/tutorial_interfaces/share/tutorial_interfaces/cmake/ament_cmake_export_targets-extras.cmake
[0.973s] -- Up-to-date: /home/vboxuser/hw4_ws/install/tutorial_interfaces/share/tutorial_interfaces/cmake/rosidl_cmake_export_typesupport_targets-extras.cmake
[0.973s] -- Up-to-date: /home/vboxuser/hw4_ws/install/tutorial_interfaces/share/tutorial_interfaces/cmake/ament_cmake_export_dependencies-extras.cmake
[0.974s] -- Up-to-date: /home/vboxuser/hw4_ws/install/tutorial_interfaces/share/tutorial_interfaces/cmake/rosidl_cmake_export_typesupport_libraries-extras.cmake
[0.974s] -- Up-to-date: /home/vboxuser/hw4_ws/install/tutorial_interfaces/share/tutorial_interfaces/cmake/tutorial_interfacesConfig.cmake
[0.974s] -- Up-to-date: /home/vboxuser/hw4_ws/install/tutorial_interfaces/share/tutorial_interfaces/cmake/tutorial_interfacesConfig-version.cmake
[0.974s] -- Up-to-date: /home/vboxuser/hw4_ws/install/tutorial_interfaces/share/tutorial_interfaces/package.xml
[0.977s] Invoked command in '/home/vboxuser/hw4_ws/build/tutorial_interfaces' returned '0': CMAKE_PREFIX_PATH=${CMAKE_PREFIX_PATH}:/home/vboxuser/hw4_ws/install/py_srvcli:/home/vboxuser/hw4_ws/install/calculator:/opt/ros/humble /usr/bin/cmake --install /home/vboxuser/hw4_ws/build/tutorial_interfaces
