[0.108s] Invoking command in '/home/vboxuser/hw4_ws/build/custom_interfaces': CMAKE_PREFIX_PATH=${CMAKE_PREFIX_PATH}:/home/vboxuser/hw4_ws/install/py_srvcli:/home/vboxuser/hw4_ws/install/calculator:/opt/ros/humble /usr/bin/cmake --build /home/vboxuser/hw4_ws/build/custom_interfaces -- -j6 -l6
[0.138s] -- Found ament_cmake: 1.3.6 (/opt/ros/humble/share/ament_cmake/cmake)
[0.359s] -- Found rosidl_default_generators: 1.2.0 (/opt/ros/humble/share/rosidl_default_generators/cmake)
[0.366s] -- Using all available rosidl_typesupport_c: rosidl_typesupport_fastrtps_c;rosidl_typesupport_introspection_c
[0.367s] -- Found rosidl_adapter: 3.1.5 (/opt/ros/humble/share/rosidl_adapter/cmake)
[0.417s] -- Using all available rosidl_typesupport_cpp: rosidl_typesupport_fastrtps_cpp;rosidl_typesupport_introspection_cpp
[0.714s] [31mCMake Error at /opt/ros/humble/share/rosidl_adapter/cmake/rosidl_adapt_interfaces.cmake:59 (message):
[0.715s]   execute_process(/usr/bin/python3.10 -m rosidl_adapter --package-name
[0.715s]   custom_interfaces --arguments-file
[0.715s]   /home/vboxuser/hw4_ws/build/custom_interfaces/rosidl_adapter__arguments__custom_interfaces.json
[0.715s]   --output-dir
[0.715s]   /home/vboxuser/hw4_ws/build/custom_interfaces/rosidl_adapter/custom_interfaces
[0.715s]   --output-file
[0.715s]   /home/vboxuser/hw4_ws/build/custom_interfaces/rosidl_adapter/custom_interfaces.idls)
[0.715s]   returned error code 1:
[0.715s] 
[0.716s]   Error processing 'datetime client_time' of
[0.716s]   'custom_interfaces/TwoIntCalc_Request': ''datetime' is an invalid message
[0.716s]   name.  It should have the pattern '^[A-Z][A-Za-z0-9]*$''
[0.716s] 
[0.716s]   Traceback (most recent call last):
[0.716s] 
[0.716s]     File "/usr/lib/python3.10/runpy.py", line 196, in _run_module_as_main
[0.716s]       return _run_code(code, main_globals, None,
[0.716s]     File "/usr/lib/python3.10/runpy.py", line 86, in _run_code
[0.716s]       exec(code, run_globals)
[0.716s]     File "/opt/ros/humble/local/lib/python3.10/dist-packages/rosidl_adapter/__main__.py", line 19, in <module>
[0.717s]       sys.exit(main())
[0.717s]     File "/opt/ros/humble/local/lib/python3.10/dist-packages/rosidl_adapter/main.py", line 53, in main
[0.717s]       abs_idl_file = convert_to_idl(
[0.717s]     File "/opt/ros/humble/local/lib/python3.10/dist-packages/rosidl_adapter/__init__.py", line 24, in convert_to_idl
[0.717s]       return convert_srv_to_idl(
[0.717s]     File "/opt/ros/humble/local/lib/python3.10/dist-packages/rosidl_adapter/srv/__init__.py", line 28, in convert_srv_to_idl
[0.718s]       srv = parse_service_string(package_name, input_file.stem, content)
[0.718s]     File "/opt/ros/humble/local/lib/python3.10/dist-packages/rosidl_adapter/parser.py", line 859, in parse_service_string
[0.718s]       request_message = parse_message_string(
[0.718s]     File "/opt/ros/humble/local/lib/python3.10/dist-packages/rosidl_adapter/parser.py", line 520, in parse_message_string
[0.718s]       Type(type_string, context_package_name=pkg_name),
[0.718s]     File "/opt/ros/humble/local/lib/python3.10/dist-packages/rosidl_adapter/parser.py", line 277, in __init__
[0.718s]       super(Type, self).__init__(
[0.718s]     File "/opt/ros/humble/local/lib/python3.10/dist-packages/rosidl_adapter/parser.py", line 205, in __init__
[0.719s]       raise InvalidResourceName(
[0.719s] 
[0.719s]   rosidl_adapter.parser.InvalidResourceName: 'datetime' is an invalid message
[0.719s]   name.  It should have the pattern '^[A-Z][A-Za-z0-9]*$'
[0.719s] 
[0.719s] Call Stack (most recent call first):
[0.719s]   /opt/ros/humble/share/rosidl_cmake/cmake/rosidl_generate_interfaces.cmake:130 (rosidl_adapt_interfaces)
[0.719s]   CMakeLists.txt:11 (rosidl_generate_interfaces)
[0.719s] 
[0.719s] [0m
[0.719s] -- Configuring incomplete, errors occurred!
[0.719s] See also "/home/vboxuser/hw4_ws/build/custom_interfaces/CMakeFiles/CMakeOutput.log".
[0.721s] gmake: *** [Makefile:747: cmake_check_build_system] Error 1
[0.723s] Invoked command in '/home/vboxuser/hw4_ws/build/custom_interfaces' returned '2': CMAKE_PREFIX_PATH=${CMAKE_PREFIX_PATH}:/home/vboxuser/hw4_ws/install/py_srvcli:/home/vboxuser/hw4_ws/install/calculator:/opt/ros/humble /usr/bin/cmake --build /home/vboxuser/hw4_ws/build/custom_interfaces -- -j6 -l6
