[3.933s] Invoking command in '/home/vboxuser/ros2_ws/build/examples_rclpy_minimal_action_client': PYTHONPATH=/home/vboxuser/ros2_ws/build/examples_rclpy_minimal_action_client/prefix_override:/home/vboxuser/ros2_ws/install/examples_rclpy_minimal_action_client/lib/python3.10/site-packages:${PYTHONPATH} /usr/bin/python3 setup.py develop --editable --build-directory /home/vboxuser/ros2_ws/build/examples_rclpy_minimal_action_client/build --no-deps install_data
[4.389s] running develop
[4.673s] running egg_info
[4.673s] writing examples_rclpy_minimal_action_client.egg-info/PKG-INFO
[4.674s] writing dependency_links to examples_rclpy_minimal_action_client.egg-info/dependency_links.txt
[4.674s] writing entry points to examples_rclpy_minimal_action_client.egg-info/entry_points.txt
[4.674s] writing requirements to examples_rclpy_minimal_action_client.egg-info/requires.txt
[4.674s] writing top-level names to examples_rclpy_minimal_action_client.egg-info/top_level.txt
[4.674s] reading manifest file 'examples_rclpy_minimal_action_client.egg-info/SOURCES.txt'
[4.674s] writing manifest file 'examples_rclpy_minimal_action_client.egg-info/SOURCES.txt'
[4.674s] running build_ext
[4.674s] Creating /home/vboxuser/ros2_ws/install/examples_rclpy_minimal_action_client/lib/python3.10/site-packages/examples-rclpy-minimal-action-client.egg-link (link to .)
[4.674s] Installing client script to /home/vboxuser/ros2_ws/install/examples_rclpy_minimal_action_client/lib/examples_rclpy_minimal_action_client
[4.674s] Installing client_asyncio script to /home/vboxuser/ros2_ws/install/examples_rclpy_minimal_action_client/lib/examples_rclpy_minimal_action_client
[4.675s] Installing client_cancel script to /home/vboxuser/ros2_ws/install/examples_rclpy_minimal_action_client/lib/examples_rclpy_minimal_action_client
[4.675s] Installing client_not_composable script to /home/vboxuser/ros2_ws/install/examples_rclpy_minimal_action_client/lib/examples_rclpy_minimal_action_client
[4.675s] 
[4.676s] Installed /home/vboxuser/ros2_ws/build/examples_rclpy_minimal_action_client
[4.676s] running install_data
[4.819s] Invoked command in '/home/vboxuser/ros2_ws/build/examples_rclpy_minimal_action_client' returned '0': PYTHONPATH=/home/vboxuser/ros2_ws/build/examples_rclpy_minimal_action_client/prefix_override:/home/vboxuser/ros2_ws/install/examples_rclpy_minimal_action_client/lib/python3.10/site-packages:${PYTHONPATH} /usr/bin/python3 setup.py develop --editable --build-directory /home/vboxuser/ros2_ws/build/examples_rclpy_minimal_action_client/build --no-deps install_data
