[0.186s] Invoking command in '/home/vboxuser/hw4_ws/build/tutorial_interfaces': CMAKE_PREFIX_PATH=${CMAKE_PREFIX_PATH}:/home/vboxuser/hw4_ws/install/py_srvcli:/home/vboxuser/hw4_ws/install/calculator:/opt/ros/humble /usr/bin/cmake --build /home/vboxuser/hw4_ws/build/tutorial_interfaces -- -j6 -l6
[0.252s] [  3%] Built target tutorial_interfaces__cpp
[0.253s] [ 12%] Built target tutorial_interfaces__rosidl_generator_c
[0.261s] [ 12%] Built target ament_cmake_python_copy_tutorial_interfaces
[0.277s] [ 22%] Built target tutorial_interfaces__rosidl_typesupport_cpp
[0.283s] [ 32%] Built target tutorial_interfaces__rosidl_typesupport_fastrtps_c
[0.284s] [ 41%] Built target tutorial_interfaces__rosidl_typesupport_introspection_c
[0.284s] [ 51%] Built target tutorial_interfaces__rosidl_typesupport_c
[0.292s] [ 61%] Built target tutorial_interfaces__rosidl_typesupport_fastrtps_cpp
[0.294s] [ 70%] Built target tutorial_interfaces__rosidl_typesupport_introspection_cpp
[0.326s] [ 70%] Built target tutorial_interfaces
[0.357s] [ 74%] Built target tutorial_interfaces__py
[0.381s] [ 80%] Built target tutorial_interfaces__rosidl_generator_py
[0.404s] [ 87%] Built target tutorial_interfaces__rosidl_typesupport_c__pyext
[0.405s] [ 93%] Built target tutorial_interfaces__rosidl_typesupport_fastrtps_c__pyext
[0.407s] [100%] Built target tutorial_interfaces__rosidl_typesupport_introspection_c__pyext
[0.706s] running egg_info
[0.707s] writing tutorial_interfaces.egg-info/PKG-INFO
[0.708s] writing dependency_links to tutorial_interfaces.egg-info/dependency_links.txt
[0.708s] writing top-level names to tutorial_interfaces.egg-info/top_level.txt
[0.711s] reading manifest file 'tutorial_interfaces.egg-info/SOURCES.txt'
[0.712s] writing manifest file 'tutorial_interfaces.egg-info/SOURCES.txt'
[0.745s] [100%] Built target ament_cmake_python_build_tutorial_interfaces_egg
[0.763s] Invoked command in '/home/vboxuser/hw4_ws/build/tutorial_interfaces' returned '0': CMAKE_PREFIX_PATH=${CMAKE_PREFIX_PATH}:/home/vboxuser/hw4_ws/install/py_srvcli:/home/vboxuser/hw4_ws/install/calculator:/opt/ros/humble /usr/bin/cmake --build /home/vboxuser/hw4_ws/build/tutorial_interfaces -- -j6 -l6
[0.866s] Invoking command in '/home/vboxuser/hw4_ws/build/tutorial_interfaces': CMAKE_PREFIX_PATH=${CMAKE_PREFIX_PATH}:/home/vboxuser/hw4_ws/install/py_srvcli:/home/vboxuser/hw4_ws/install/calculator:/opt/ros/humble /usr/bin/cmake --install /home/vboxuser/hw4_ws/build/tutorial_interfaces
[0.875s] -- Install configuration: ""
[0.875s] -- Up-to-date: /home/vboxuser/hw4_ws/install/tutorial_interfaces/share/ament_index/resource_index/rosidl_interfaces/tutorial_interfaces
[0.875s] -- Up-to-date: /home/vboxuser/hw4_ws/install/tutorial_interfaces/include/tutorial_interfaces/tutorial_interfaces
[0.875s] -- Up-to-date: /home/vboxuser/hw4_ws/install/tutorial_interfaces/include/tutorial_interfaces/tutorial_interfaces/msg
[0.876s] -- Up-to-date: /home/vboxuser/hw4_ws/install/tutorial_interfaces/include/tutorial_interfaces/tutorial_interfaces/msg/rosidl_generator_c__visibility_control.h
[0.876s] -- Up-to-date: /home/vboxuser/hw4_ws/install/tutorial_interfaces/include/tutorial_interfaces/tutorial_interfaces/srv
[0.876s] -- Up-to-date: /home/vboxuser/hw4_ws/install/tutorial_interfaces/include/tutorial_interfaces/tutorial_interfaces/srv/detail
[0.876s] -- Up-to-date: /home/vboxuser/hw4_ws/install/tutorial_interfaces/include/tutorial_interfaces/tutorial_interfaces/srv/detail/two_ints__type_support.h
[0.876s] -- Up-to-date: /home/vboxuser/hw4_ws/install/tutorial_interfaces/include/tutorial_interfaces/tutorial_interfaces/srv/detail/two_ints__struct.h
[0.876s] -- Up-to-date: /home/vboxuser/hw4_ws/install/tutorial_interfaces/include/tutorial_interfaces/tutorial_interfaces/srv/detail/two_ints__functions.c
[0.876s] -- Up-to-date: /home/vboxuser/hw4_ws/install/tutorial_interfaces/include/tutorial_interfaces/tutorial_interfaces/srv/detail/two_ints__functions.h
[0.876s] -- Up-to-date: /home/vboxuser/hw4_ws/install/tutorial_interfaces/include/tutorial_interfaces/tutorial_interfaces/srv/two_ints.h
[0.876s] -- Up-to-date: /home/vboxuser/hw4_ws/install/tutorial_interfaces/share/tutorial_interfaces/environment/library_path.sh
[0.876s] -- Up-to-date: /home/vboxuser/hw4_ws/install/tutorial_interfaces/share/tutorial_interfaces/environment/library_path.dsv
[0.877s] -- Up-to-date: /home/vboxuser/hw4_ws/install/tutorial_interfaces/lib/libtutorial_interfaces__rosidl_generator_c.so
[0.877s] -- Up-to-date: /home/vboxuser/hw4_ws/install/tutorial_interfaces/include/tutorial_interfaces/tutorial_interfaces
[0.877s] -- Up-to-date: /home/vboxuser/hw4_ws/install/tutorial_interfaces/include/tutorial_interfaces/tutorial_interfaces/msg
[0.877s] -- Up-to-date: /home/vboxuser/hw4_ws/install/tutorial_interfaces/include/tutorial_interfaces/tutorial_interfaces/msg/rosidl_typesupport_fastrtps_c__visibility_control.h
[0.877s] -- Up-to-date: /home/vboxuser/hw4_ws/install/tutorial_interfaces/include/tutorial_interfaces/tutorial_interfaces/srv
[0.878s] -- Up-to-date: /home/vboxuser/hw4_ws/install/tutorial_interfaces/include/tutorial_interfaces/tutorial_interfaces/srv/detail
[0.878s] -- Up-to-date: /home/vboxuser/hw4_ws/install/tutorial_interfaces/include/tutorial_interfaces/tutorial_interfaces/srv/detail/two_ints__rosidl_typesupport_fastrtps_c.h
[0.878s] -- Up-to-date: /home/vboxuser/hw4_ws/install/tutorial_interfaces/lib/libtutorial_interfaces__rosidl_typesupport_fastrtps_c.so
[0.878s] -- Up-to-date: /home/vboxuser/hw4_ws/install/tutorial_interfaces/include/tutorial_interfaces/tutorial_interfaces
[0.878s] -- Up-to-date: /home/vboxuser/hw4_ws/install/tutorial_interfaces/include/tutorial_interfaces/tutorial_interfaces/msg
[0.879s] -- Up-to-date: /home/vboxuser/hw4_ws/install/tutorial_interfaces/include/tutorial_interfaces/tutorial_interfaces/msg/rosidl_typesupport_introspection_c__visibility_control.h
[0.879s] -- Up-to-date: /home/vboxuser/hw4_ws/install/tutorial_interfaces/include/tutorial_interfaces/tutorial_interfaces/srv
[0.879s] -- Up-to-date: /home/vboxuser/hw4_ws/install/tutorial_interfaces/include/tutorial_interfaces/tutorial_interfaces/srv/detail
[0.879s] -- Up-to-date: /home/vboxuser/hw4_ws/install/tutorial_interfaces/include/tutorial_interfaces/tutorial_interfaces/srv/detail/two_ints__rosidl_typesupport_introspection_c.h
[0.879s] -- Up-to-date: /home/vboxuser/hw4_ws/install/tutorial_interfaces/include/tutorial_interfaces/tutorial_interfaces/srv/detail/two_ints__type_support.c
[0.879s] -- Up-to-date: /home/vboxuser/hw4_ws/install/tutorial_interfaces/lib/libtutorial_interfaces__rosidl_typesupport_introspection_c.so
[0.879s] -- Up-to-date: /home/vboxuser/hw4_ws/install/tutorial_interfaces/lib/libtutorial_interfaces__rosidl_typesupport_c.so
[0.880s] -- Up-to-date: /home/vboxuser/hw4_ws/install/tutorial_interfaces/include/tutorial_interfaces/tutorial_interfaces
[0.880s] -- Up-to-date: /home/vboxuser/hw4_ws/install/tutorial_interfaces/include/tutorial_interfaces/tutorial_interfaces/srv
[0.880s] -- Up-to-date: /home/vboxuser/hw4_ws/install/tutorial_interfaces/include/tutorial_interfaces/tutorial_interfaces/srv/two_ints.hpp
[0.880s] -- Up-to-date: /home/vboxuser/hw4_ws/install/tutorial_interfaces/include/tutorial_interfaces/tutorial_interfaces/srv/detail
[0.880s] -- Up-to-date: /home/vboxuser/hw4_ws/install/tutorial_interfaces/include/tutorial_interfaces/tutorial_interfaces/srv/detail/two_ints__traits.hpp
[0.880s] -- Up-to-date: /home/vboxuser/hw4_ws/install/tutorial_interfaces/include/tutorial_interfaces/tutorial_interfaces/srv/detail/two_ints__struct.hpp
[0.880s] -- Up-to-date: /home/vboxuser/hw4_ws/install/tutorial_interfaces/include/tutorial_interfaces/tutorial_interfaces/srv/detail/two_ints__builder.hpp
[0.881s] -- Up-to-date: /home/vboxuser/hw4_ws/install/tutorial_interfaces/include/tutorial_interfaces/tutorial_interfaces
[0.881s] -- Up-to-date: /home/vboxuser/hw4_ws/install/tutorial_interfaces/include/tutorial_interfaces/tutorial_interfaces/msg
[0.881s] -- Up-to-date: /home/vboxuser/hw4_ws/install/tutorial_interfaces/include/tutorial_interfaces/tutorial_interfaces/msg/rosidl_typesupport_fastrtps_cpp__visibility_control.h
[0.881s] -- Up-to-date: /home/vboxuser/hw4_ws/install/tutorial_interfaces/include/tutorial_interfaces/tutorial_interfaces/srv
[0.881s] -- Up-to-date: /home/vboxuser/hw4_ws/install/tutorial_interfaces/include/tutorial_interfaces/tutorial_interfaces/srv/detail
[0.881s] -- Up-to-date: /home/vboxuser/hw4_ws/install/tutorial_interfaces/include/tutorial_interfaces/tutorial_interfaces/srv/detail/two_ints__rosidl_typesupport_fastrtps_cpp.hpp
[0.881s] -- Up-to-date: /home/vboxuser/hw4_ws/install/tutorial_interfaces/include/tutorial_interfaces/tutorial_interfaces/srv/detail/dds_fastrtps
[0.881s] -- Up-to-date: /home/vboxuser/hw4_ws/install/tutorial_interfaces/lib/libtutorial_interfaces__rosidl_typesupport_fastrtps_cpp.so
[0.881s] -- Up-to-date: /home/vboxuser/hw4_ws/install/tutorial_interfaces/include/tutorial_interfaces/tutorial_interfaces
[0.882s] -- Up-to-date: /home/vboxuser/hw4_ws/install/tutorial_interfaces/include/tutorial_interfaces/tutorial_interfaces/srv
[0.882s] -- Up-to-date: /home/vboxuser/hw4_ws/install/tutorial_interfaces/include/tutorial_interfaces/tutorial_interfaces/srv/detail
[0.882s] -- Up-to-date: /home/vboxuser/hw4_ws/install/tutorial_interfaces/include/tutorial_interfaces/tutorial_interfaces/srv/detail/two_ints__rosidl_typesupport_introspection_cpp.hpp
[0.882s] -- Up-to-date: /home/vboxuser/hw4_ws/install/tutorial_interfaces/include/tutorial_interfaces/tutorial_interfaces/srv/detail/two_ints__type_support.cpp
[0.882s] -- Up-to-date: /home/vboxuser/hw4_ws/install/tutorial_interfaces/lib/libtutorial_interfaces__rosidl_typesupport_introspection_cpp.so
[0.883s] -- Up-to-date: /home/vboxuser/hw4_ws/install/tutorial_interfaces/lib/libtutorial_interfaces__rosidl_typesupport_cpp.so
[0.883s] -- Up-to-date: /home/vboxuser/hw4_ws/install/tutorial_interfaces/share/tutorial_interfaces/environment/pythonpath.sh
[0.883s] -- Up-to-date: /home/vboxuser/hw4_ws/install/tutorial_interfaces/share/tutorial_interfaces/environment/pythonpath.dsv
[0.883s] -- Up-to-date: /home/vboxuser/hw4_ws/install/tutorial_interfaces/local/lib/python3.10/dist-packages/tutorial_interfaces-0.0.0-py3.10.egg-info
[0.883s] -- Installing: /home/vboxuser/hw4_ws/install/tutorial_interfaces/local/lib/python3.10/dist-packages/tutorial_interfaces-0.0.0-py3.10.egg-info/top_level.txt
[0.883s] -- Installing: /home/vboxuser/hw4_ws/install/tutorial_interfaces/local/lib/python3.10/dist-packages/tutorial_interfaces-0.0.0-py3.10.egg-info/dependency_links.txt
[0.884s] -- Installing: /home/vboxuser/hw4_ws/install/tutorial_interfaces/local/lib/python3.10/dist-packages/tutorial_interfaces-0.0.0-py3.10.egg-info/SOURCES.txt
[0.884s] -- Installing: /home/vboxuser/hw4_ws/install/tutorial_interfaces/local/lib/python3.10/dist-packages/tutorial_interfaces-0.0.0-py3.10.egg-info/PKG-INFO
[0.884s] -- Up-to-date: /home/vboxuser/hw4_ws/install/tutorial_interfaces/local/lib/python3.10/dist-packages/tutorial_interfaces
[0.884s] -- Up-to-date: /home/vboxuser/hw4_ws/install/tutorial_interfaces/local/lib/python3.10/dist-packages/tutorial_interfaces/_tutorial_interfaces_s.ep.rosidl_typesupport_c.c
[0.884s] -- Up-to-date: /home/vboxuser/hw4_ws/install/tutorial_interfaces/local/lib/python3.10/dist-packages/tutorial_interfaces/tutorial_interfaces_s__rosidl_typesupport_c.cpython-310-x86_64-linux-gnu.so
[0.884s] -- Up-to-date: /home/vboxuser/hw4_ws/install/tutorial_interfaces/local/lib/python3.10/dist-packages/tutorial_interfaces/tutorial_interfaces_s__rosidl_typesupport_fastrtps_c.cpython-310-x86_64-linux-gnu.so
[0.884s] -- Up-to-date: /home/vboxuser/hw4_ws/install/tutorial_interfaces/local/lib/python3.10/dist-packages/tutorial_interfaces/__init__.py
[0.885s] -- Up-to-date: /home/vboxuser/hw4_ws/install/tutorial_interfaces/local/lib/python3.10/dist-packages/tutorial_interfaces/_tutorial_interfaces_s.ep.rosidl_typesupport_fastrtps_c.c
[0.885s] -- Up-to-date: /home/vboxuser/hw4_ws/install/tutorial_interfaces/local/lib/python3.10/dist-packages/tutorial_interfaces/_tutorial_interfaces_s.ep.rosidl_typesupport_introspection_c.c
[0.885s] -- Up-to-date: /home/vboxuser/hw4_ws/install/tutorial_interfaces/local/lib/python3.10/dist-packages/tutorial_interfaces/srv
[0.885s] -- Up-to-date: /home/vboxuser/hw4_ws/install/tutorial_interfaces/local/lib/python3.10/dist-packages/tutorial_interfaces/srv/_two_ints.py
[0.885s] -- Up-to-date: /home/vboxuser/hw4_ws/install/tutorial_interfaces/local/lib/python3.10/dist-packages/tutorial_interfaces/srv/__init__.py
[0.885s] -- Up-to-date: /home/vboxuser/hw4_ws/install/tutorial_interfaces/local/lib/python3.10/dist-packages/tutorial_interfaces/srv/_two_ints_s.c
[0.885s] -- Up-to-date: /home/vboxuser/hw4_ws/install/tutorial_interfaces/local/lib/python3.10/dist-packages/tutorial_interfaces/libtutorial_interfaces__rosidl_generator_py.so
[0.885s] -- Up-to-date: /home/vboxuser/hw4_ws/install/tutorial_interfaces/local/lib/python3.10/dist-packages/tutorial_interfaces/tutorial_interfaces_s__rosidl_typesupport_introspection_c.cpython-310-x86_64-linux-gnu.so
[0.927s] Listing '/home/vboxuser/hw4_ws/install/tutorial_interfaces/local/lib/python3.10/dist-packages/tutorial_interfaces'...
[0.927s] Listing '/home/vboxuser/hw4_ws/install/tutorial_interfaces/local/lib/python3.10/dist-packages/tutorial_interfaces/srv'...
[0.933s] -- Up-to-date: /home/vboxuser/hw4_ws/install/tutorial_interfaces/local/lib/python3.10/dist-packages/tutorial_interfaces/tutorial_interfaces_s__rosidl_typesupport_fastrtps_c.cpython-310-x86_64-linux-gnu.so
[0.933s] -- Up-to-date: /home/vboxuser/hw4_ws/install/tutorial_interfaces/local/lib/python3.10/dist-packages/tutorial_interfaces/tutorial_interfaces_s__rosidl_typesupport_introspection_c.cpython-310-x86_64-linux-gnu.so
[0.933s] -- Up-to-date: /home/vboxuser/hw4_ws/install/tutorial_interfaces/local/lib/python3.10/dist-packages/tutorial_interfaces/tutorial_interfaces_s__rosidl_typesupport_c.cpython-310-x86_64-linux-gnu.so
[0.933s] -- Up-to-date: /home/vboxuser/hw4_ws/install/tutorial_interfaces/lib/libtutorial_interfaces__rosidl_generator_py.so
[0.934s] -- Up-to-date: /home/vboxuser/hw4_ws/install/tutorial_interfaces/share/tutorial_interfaces/srv/TwoInts.idl
[0.934s] -- Up-to-date: /home/vboxuser/hw4_ws/install/tutorial_interfaces/share/tutorial_interfaces/srv/TwoInts.srv
[0.934s] -- Up-to-date: /home/vboxuser/hw4_ws/install/tutorial_interfaces/share/tutorial_interfaces/srv/TwoInts_Request.msg
[0.934s] -- Up-to-date: /home/vboxuser/hw4_ws/install/tutorial_interfaces/share/tutorial_interfaces/srv/TwoInts_Response.msg
[0.934s] -- Up-to-date: /home/vboxuser/hw4_ws/install/tutorial_interfaces/share/ament_index/resource_index/package_run_dependencies/tutorial_interfaces
[0.941s] -- Up-to-date: /home/vboxuser/hw4_ws/install/tutorial_interfaces/share/ament_index/resource_index/parent_prefix_path/tutorial_interfaces
[0.941s] -- Up-to-date: /home/vboxuser/hw4_ws/install/tutorial_interfaces/share/tutorial_interfaces/environment/ament_prefix_path.sh
[0.942s] -- Up-to-date: /home/vboxuser/hw4_ws/install/tutorial_interfaces/share/tutorial_interfaces/environment/ament_prefix_path.dsv
[0.942s] -- Up-to-date: /home/vboxuser/hw4_ws/install/tutorial_interfaces/share/tutorial_interfaces/environment/path.sh
[0.942s] -- Up-to-date: /home/vboxuser/hw4_ws/install/tutorial_interfaces/share/tutorial_interfaces/environment/path.dsv
[0.942s] -- Up-to-date: /home/vboxuser/hw4_ws/install/tutorial_interfaces/share/tutorial_interfaces/local_setup.bash
[0.942s] -- Up-to-date: /home/vboxuser/hw4_ws/install/tutorial_interfaces/share/tutorial_interfaces/local_setup.sh
[0.942s] -- Up-to-date: /home/vboxuser/hw4_ws/install/tutorial_interfaces/share/tutorial_interfaces/local_setup.zsh
[0.942s] -- Up-to-date: /home/vboxuser/hw4_ws/install/tutorial_interfaces/share/tutorial_interfaces/local_setup.dsv
[0.943s] -- Installing: /home/vboxuser/hw4_ws/install/tutorial_interfaces/share/tutorial_interfaces/package.dsv
[0.943s] -- Up-to-date: /home/vboxuser/hw4_ws/install/tutorial_interfaces/share/ament_index/resource_index/packages/tutorial_interfaces
[0.943s] -- Up-to-date: /home/vboxuser/hw4_ws/install/tutorial_interfaces/share/tutorial_interfaces/cmake/export_tutorial_interfaces__rosidl_generator_cExport.cmake
[0.943s] -- Up-to-date: /home/vboxuser/hw4_ws/install/tutorial_interfaces/share/tutorial_interfaces/cmake/export_tutorial_interfaces__rosidl_generator_cExport-noconfig.cmake
[0.943s] -- Up-to-date: /home/vboxuser/hw4_ws/install/tutorial_interfaces/share/tutorial_interfaces/cmake/export_tutorial_interfaces__rosidl_typesupport_fastrtps_cExport.cmake
[0.943s] -- Up-to-date: /home/vboxuser/hw4_ws/install/tutorial_interfaces/share/tutorial_interfaces/cmake/export_tutorial_interfaces__rosidl_typesupport_fastrtps_cExport-noconfig.cmake
[0.944s] -- Up-to-date: /home/vboxuser/hw4_ws/install/tutorial_interfaces/share/tutorial_interfaces/cmake/tutorial_interfaces__rosidl_typesupport_introspection_cExport.cmake
[0.944s] -- Up-to-date: /home/vboxuser/hw4_ws/install/tutorial_interfaces/share/tutorial_interfaces/cmake/tutorial_interfaces__rosidl_typesupport_introspection_cExport-noconfig.cmake
[0.944s] -- Up-to-date: /home/vboxuser/hw4_ws/install/tutorial_interfaces/share/tutorial_interfaces/cmake/tutorial_interfaces__rosidl_typesupport_cExport.cmake
[0.944s] -- Up-to-date: /home/vboxuser/hw4_ws/install/tutorial_interfaces/share/tutorial_interfaces/cmake/tutorial_interfaces__rosidl_typesupport_cExport-noconfig.cmake
[0.944s] -- Up-to-date: /home/vboxuser/hw4_ws/install/tutorial_interfaces/share/tutorial_interfaces/cmake/export_tutorial_interfaces__rosidl_generator_cppExport.cmake
[0.945s] -- Up-to-date: /home/vboxuser/hw4_ws/install/tutorial_interfaces/share/tutorial_interfaces/cmake/export_tutorial_interfaces__rosidl_typesupport_fastrtps_cppExport.cmake
[0.945s] -- Up-to-date: /home/vboxuser/hw4_ws/install/tutorial_interfaces/share/tutorial_interfaces/cmake/export_tutorial_interfaces__rosidl_typesupport_fastrtps_cppExport-noconfig.cmake
[0.945s] -- Up-to-date: /home/vboxuser/hw4_ws/install/tutorial_interfaces/share/tutorial_interfaces/cmake/tutorial_interfaces__rosidl_typesupport_introspection_cppExport.cmake
[0.945s] -- Up-to-date: /home/vboxuser/hw4_ws/install/tutorial_interfaces/share/tutorial_interfaces/cmake/tutorial_interfaces__rosidl_typesupport_introspection_cppExport-noconfig.cmake
[0.946s] -- Up-to-date: /home/vboxuser/hw4_ws/install/tutorial_interfaces/share/tutorial_interfaces/cmake/tutorial_interfaces__rosidl_typesupport_cppExport.cmake
[0.946s] -- Up-to-date: /home/vboxuser/hw4_ws/install/tutorial_interfaces/share/tutorial_interfaces/cmake/tutorial_interfaces__rosidl_typesupport_cppExport-noconfig.cmake
[0.946s] -- Up-to-date: /home/vboxuser/hw4_ws/install/tutorial_interfaces/share/tutorial_interfaces/cmake/export_tutorial_interfaces__rosidl_generator_pyExport.cmake
[0.946s] -- Up-to-date: /home/vboxuser/hw4_ws/install/tutorial_interfaces/share/tutorial_interfaces/cmake/export_tutorial_interfaces__rosidl_generator_pyExport-noconfig.cmake
[0.946s] -- Up-to-date: /home/vboxuser/hw4_ws/install/tutorial_interfaces/share/tutorial_interfaces/cmake/rosidl_cmake-extras.cmake
[0.946s] -- Up-to-date: /home/vboxuser/hw4_ws/install/tutorial_interfaces/share/tutorial_interfaces/cmake/ament_cmake_export_include_directories-extras.cmake
[0.946s] -- Up-to-date: /home/vboxuser/hw4_ws/install/tutorial_interfaces/share/tutorial_interfaces/cmake/ament_cmake_export_libraries-extras.cmake
[0.946s] -- Up-to-date: /home/vboxuser/hw4_ws/install/tutorial_interfaces/share/tutorial_interfaces/cmake/ament_cmake_export_targets-extras.cmake
[0.946s] -- Up-to-date: /home/vboxuser/hw4_ws/install/tutorial_interfaces/share/tutorial_interfaces/cmake/rosidl_cmake_export_typesupport_targets-extras.cmake
[0.947s] -- Up-to-date: /home/vboxuser/hw4_ws/install/tutorial_interfaces/share/tutorial_interfaces/cmake/ament_cmake_export_dependencies-extras.cmake
[0.947s] -- Up-to-date: /home/vboxuser/hw4_ws/install/tutorial_interfaces/share/tutorial_interfaces/cmake/rosidl_cmake_export_typesupport_libraries-extras.cmake
[0.947s] -- Up-to-date: /home/vboxuser/hw4_ws/install/tutorial_interfaces/share/tutorial_interfaces/cmake/tutorial_interfacesConfig.cmake
[0.947s] -- Up-to-date: /home/vboxuser/hw4_ws/install/tutorial_interfaces/share/tutorial_interfaces/cmake/tutorial_interfacesConfig-version.cmake
[0.950s] -- Up-to-date: /home/vboxuser/hw4_ws/install/tutorial_interfaces/share/tutorial_interfaces/package.xml
[0.950s] Invoked command in '/home/vboxuser/hw4_ws/build/tutorial_interfaces' returned '0': CMAKE_PREFIX_PATH=${CMAKE_PREFIX_PATH}:/home/vboxuser/hw4_ws/install/py_srvcli:/home/vboxuser/hw4_ws/install/calculator:/opt/ros/humble /usr/bin/cmake --install /home/vboxuser/hw4_ws/build/tutorial_interfaces
