[1.730s] Invoking command in '/home/vboxuser/ros2_ws/src/py_pubsub3': PYTHONPATH=/home/vboxuser/ros2_ws/build/py_pubsub3/prefix_override:/home/vboxuser/ros2_ws/install/py_pubsub3/lib/python3.10/site-packages:${PYTHONPATH} /usr/bin/python3 setup.py egg_info --egg-base ../../build/py_pubsub3 build --build-base /home/vboxuser/ros2_ws/build/py_pubsub3/build install --record /home/vboxuser/ros2_ws/build/py_pubsub3/install.log --single-version-externally-managed
[2.181s] running egg_info
[2.182s] writing ../../build/py_pubsub3/py_pubsub3.egg-info/PKG-INFO
[2.182s] writing dependency_links to ../../build/py_pubsub3/py_pubsub3.egg-info/dependency_links.txt
[2.183s] writing entry points to ../../build/py_pubsub3/py_pubsub3.egg-info/entry_points.txt
[2.183s] writing requirements to ../../build/py_pubsub3/py_pubsub3.egg-info/requires.txt
[2.183s] writing top-level names to ../../build/py_pubsub3/py_pubsub3.egg-info/top_level.txt
[2.185s] reading manifest file '../../build/py_pubsub3/py_pubsub3.egg-info/SOURCES.txt'
[2.185s] adding license file 'LICENSE'
[2.187s] writing manifest file '../../build/py_pubsub3/py_pubsub3.egg-info/SOURCES.txt'
[2.187s] running build
[2.187s] running build_py
[2.187s] running install
[2.187s] running install_lib
[2.189s] running install_data
[2.190s] running install_egg_info
[2.193s] removing '/home/vboxuser/ros2_ws/install/py_pubsub3/lib/python3.10/site-packages/py_pubsub3-0.0.0-py3.10.egg-info' (and everything under it)
[2.193s] Copying ../../build/py_pubsub3/py_pubsub3.egg-info to /home/vboxuser/ros2_ws/install/py_pubsub3/lib/python3.10/site-packages/py_pubsub3-0.0.0-py3.10.egg-info
[2.194s] running install_scripts
[2.224s] Installing my_pub script to /home/vboxuser/ros2_ws/install/py_pubsub3/lib/py_pubsub3
[2.224s] Installing my_sub script to /home/vboxuser/ros2_ws/install/py_pubsub3/lib/py_pubsub3
[2.225s] writing list of installed files to '/home/vboxuser/ros2_ws/build/py_pubsub3/install.log'
[2.251s] Invoked command in '/home/vboxuser/ros2_ws/src/py_pubsub3' returned '0': PYTHONPATH=/home/vboxuser/ros2_ws/build/py_pubsub3/prefix_override:/home/vboxuser/ros2_ws/install/py_pubsub3/lib/python3.10/site-packages:${PYTHONPATH} /usr/bin/python3 setup.py egg_info --egg-base ../../build/py_pubsub3 build --build-base /home/vboxuser/ros2_ws/build/py_pubsub3/build install --record /home/vboxuser/ros2_ws/build/py_pubsub3/install.log --single-version-externally-managed
