[2.856s] Invoking command in '/home/vboxuser/hw5_ws/src/turtle_joy': PYTHONPATH=/home/vboxuser/hw5_ws/src/build/turtle_joy/prefix_override:/home/vboxuser/hw5_ws/src/install/turtle_joy/lib/python3.10/site-packages:${PYTHONPATH} /usr/bin/python3 setup.py egg_info --egg-base ../build/turtle_joy build --build-base /home/vboxuser/hw5_ws/src/build/turtle_joy/build install --record /home/vboxuser/hw5_ws/src/build/turtle_joy/install.log --single-version-externally-managed
[3.360s] running egg_info
[3.360s] writing ../build/turtle_joy/turtle_joy.egg-info/PKG-INFO
[3.360s] writing dependency_links to ../build/turtle_joy/turtle_joy.egg-info/dependency_links.txt
[3.360s] writing entry points to ../build/turtle_joy/turtle_joy.egg-info/entry_points.txt
[3.361s] writing requirements to ../build/turtle_joy/turtle_joy.egg-info/requires.txt
[3.361s] writing top-level names to ../build/turtle_joy/turtle_joy.egg-info/top_level.txt
[3.371s] reading manifest file '../build/turtle_joy/turtle_joy.egg-info/SOURCES.txt'
[3.380s] writing manifest file '../build/turtle_joy/turtle_joy.egg-info/SOURCES.txt'
[3.380s] running build
[3.380s] running build_py
[3.380s] running install
[3.380s] running install_lib
[3.380s] running install_data
[3.380s] running install_egg_info
[3.381s] removing '/home/vboxuser/hw5_ws/src/install/turtle_joy/lib/python3.10/site-packages/turtle_joy-0.0.0-py3.10.egg-info' (and everything under it)
[3.381s] Copying ../build/turtle_joy/turtle_joy.egg-info to /home/vboxuser/hw5_ws/src/install/turtle_joy/lib/python3.10/site-packages/turtle_joy-0.0.0-py3.10.egg-info
[3.381s] running install_scripts
[3.417s] Installing hello_node script to /home/vboxuser/hw5_ws/src/install/turtle_joy/lib/turtle_joy
[3.417s] Installing turtle_joy script to /home/vboxuser/hw5_ws/src/install/turtle_joy/lib/turtle_joy
[3.417s] writing list of installed files to '/home/vboxuser/hw5_ws/src/build/turtle_joy/install.log'
[3.636s] Invoked command in '/home/vboxuser/hw5_ws/src/turtle_joy' returned '0': PYTHONPATH=/home/vboxuser/hw5_ws/src/build/turtle_joy/prefix_override:/home/vboxuser/hw5_ws/src/install/turtle_joy/lib/python3.10/site-packages:${PYTHONPATH} /usr/bin/python3 setup.py egg_info --egg-base ../build/turtle_joy build --build-base /home/vboxuser/hw5_ws/src/build/turtle_joy/build install --record /home/vboxuser/hw5_ws/src/build/turtle_joy/install.log --single-version-externally-managed
