[2.419s] Invoking command in '/home/vboxuser/ros2_ws/src/examples/rclpy/topics/minimal_publisher': PYTHONPATH=/home/vboxuser/ros2_ws/src/build/examples_rclpy_minimal_publisher/prefix_override:/home/vboxuser/ros2_ws/src/install/examples_rclpy_minimal_publisher/lib/python3.10/site-packages:${PYTHONPATH} /usr/bin/python3 setup.py egg_info --egg-base ../../../../build/examples_rclpy_minimal_publisher build --build-base /home/vboxuser/ros2_ws/src/build/examples_rclpy_minimal_publisher/build install --record /home/vboxuser/ros2_ws/src/build/examples_rclpy_minimal_publisher/install.log --single-version-externally-managed
[2.943s] running egg_info
[2.944s] creating ../../../../build/examples_rclpy_minimal_publisher/examples_rclpy_minimal_publisher.egg-info
[2.944s] writing ../../../../build/examples_rclpy_minimal_publisher/examples_rclpy_minimal_publisher.egg-info/PKG-INFO
[2.944s] writing dependency_links to ../../../../build/examples_rclpy_minimal_publisher/examples_rclpy_minimal_publisher.egg-info/dependency_links.txt
[2.951s] writing entry points to ../../../../build/examples_rclpy_minimal_publisher/examples_rclpy_minimal_publisher.egg-info/entry_points.txt
[2.951s] writing requirements to ../../../../build/examples_rclpy_minimal_publisher/examples_rclpy_minimal_publisher.egg-info/requires.txt
[2.952s] writing top-level names to ../../../../build/examples_rclpy_minimal_publisher/examples_rclpy_minimal_publisher.egg-info/top_level.txt
[2.952s] writing manifest file '../../../../build/examples_rclpy_minimal_publisher/examples_rclpy_minimal_publisher.egg-info/SOURCES.txt'
[2.952s] reading manifest file '../../../../build/examples_rclpy_minimal_publisher/examples_rclpy_minimal_publisher.egg-info/SOURCES.txt'
[2.960s] writing manifest file '../../../../build/examples_rclpy_minimal_publisher/examples_rclpy_minimal_publisher.egg-info/SOURCES.txt'
[2.962s] running build
[2.962s] running build_py
[2.962s] creating /home/vboxuser/ros2_ws/src/build/examples_rclpy_minimal_publisher/build
[2.962s] creating /home/vboxuser/ros2_ws/src/build/examples_rclpy_minimal_publisher/build/lib
[2.963s] creating /home/vboxuser/ros2_ws/src/build/examples_rclpy_minimal_publisher/build/lib/examples_rclpy_minimal_publisher
[2.963s] copying examples_rclpy_minimal_publisher/publisher_local_function.py -> /home/vboxuser/ros2_ws/src/build/examples_rclpy_minimal_publisher/build/lib/examples_rclpy_minimal_publisher
[2.966s] copying examples_rclpy_minimal_publisher/__init__.py -> /home/vboxuser/ros2_ws/src/build/examples_rclpy_minimal_publisher/build/lib/examples_rclpy_minimal_publisher
[2.966s] copying examples_rclpy_minimal_publisher/publisher_old_school.py -> /home/vboxuser/ros2_ws/src/build/examples_rclpy_minimal_publisher/build/lib/examples_rclpy_minimal_publisher
[2.966s] copying examples_rclpy_minimal_publisher/publisher_member_function.py -> /home/vboxuser/ros2_ws/src/build/examples_rclpy_minimal_publisher/build/lib/examples_rclpy_minimal_publisher
[2.966s] running install
[2.967s] running install_lib
[2.967s] creating /home/vboxuser/ros2_ws/src/install/examples_rclpy_minimal_publisher/lib/python3.10/site-packages/examples_rclpy_minimal_publisher
[2.967s] copying /home/vboxuser/ros2_ws/src/build/examples_rclpy_minimal_publisher/build/lib/examples_rclpy_minimal_publisher/publisher_local_function.py -> /home/vboxuser/ros2_ws/src/install/examples_rclpy_minimal_publisher/lib/python3.10/site-packages/examples_rclpy_minimal_publisher
[2.967s] copying /home/vboxuser/ros2_ws/src/build/examples_rclpy_minimal_publisher/build/lib/examples_rclpy_minimal_publisher/__init__.py -> /home/vboxuser/ros2_ws/src/install/examples_rclpy_minimal_publisher/lib/python3.10/site-packages/examples_rclpy_minimal_publisher
[2.967s] copying /home/vboxuser/ros2_ws/src/build/examples_rclpy_minimal_publisher/build/lib/examples_rclpy_minimal_publisher/publisher_old_school.py -> /home/vboxuser/ros2_ws/src/install/examples_rclpy_minimal_publisher/lib/python3.10/site-packages/examples_rclpy_minimal_publisher
[2.968s] copying /home/vboxuser/ros2_ws/src/build/examples_rclpy_minimal_publisher/build/lib/examples_rclpy_minimal_publisher/publisher_member_function.py -> /home/vboxuser/ros2_ws/src/install/examples_rclpy_minimal_publisher/lib/python3.10/site-packages/examples_rclpy_minimal_publisher
[2.983s] byte-compiling /home/vboxuser/ros2_ws/src/install/examples_rclpy_minimal_publisher/lib/python3.10/site-packages/examples_rclpy_minimal_publisher/publisher_local_function.py to publisher_local_function.cpython-310.pyc
[2.983s] byte-compiling /home/vboxuser/ros2_ws/src/install/examples_rclpy_minimal_publisher/lib/python3.10/site-packages/examples_rclpy_minimal_publisher/__init__.py to __init__.cpython-310.pyc
[2.983s] byte-compiling /home/vboxuser/ros2_ws/src/install/examples_rclpy_minimal_publisher/lib/python3.10/site-packages/examples_rclpy_minimal_publisher/publisher_old_school.py to publisher_old_school.cpython-310.pyc
[2.983s] byte-compiling /home/vboxuser/ros2_ws/src/install/examples_rclpy_minimal_publisher/lib/python3.10/site-packages/examples_rclpy_minimal_publisher/publisher_member_function.py to publisher_member_function.cpython-310.pyc
[2.983s] running install_data
[2.984s] creating /home/vboxuser/ros2_ws/src/install/examples_rclpy_minimal_publisher/share/ament_index
[2.984s] creating /home/vboxuser/ros2_ws/src/install/examples_rclpy_minimal_publisher/share/ament_index/resource_index
[2.984s] creating /home/vboxuser/ros2_ws/src/install/examples_rclpy_minimal_publisher/share/ament_index/resource_index/packages
[2.984s] copying resource/examples_rclpy_minimal_publisher -> /home/vboxuser/ros2_ws/src/install/examples_rclpy_minimal_publisher/share/ament_index/resource_index/packages
[2.984s] copying package.xml -> /home/vboxuser/ros2_ws/src/install/examples_rclpy_minimal_publisher/share/examples_rclpy_minimal_publisher
[2.996s] running install_egg_info
[2.999s] Copying ../../../../build/examples_rclpy_minimal_publisher/examples_rclpy_minimal_publisher.egg-info to /home/vboxuser/ros2_ws/src/install/examples_rclpy_minimal_publisher/lib/python3.10/site-packages/examples_rclpy_minimal_publisher-0.15.1-py3.10.egg-info
[3.001s] running install_scripts
[3.102s] Installing publisher_local_function script to /home/vboxuser/ros2_ws/src/install/examples_rclpy_minimal_publisher/lib/examples_rclpy_minimal_publisher
[3.103s] Installing publisher_member_function script to /home/vboxuser/ros2_ws/src/install/examples_rclpy_minimal_publisher/lib/examples_rclpy_minimal_publisher
[3.103s] Installing publisher_old_school script to /home/vboxuser/ros2_ws/src/install/examples_rclpy_minimal_publisher/lib/examples_rclpy_minimal_publisher
[3.104s] writing list of installed files to '/home/vboxuser/ros2_ws/src/build/examples_rclpy_minimal_publisher/install.log'
[3.416s] Invoked command in '/home/vboxuser/ros2_ws/src/examples/rclpy/topics/minimal_publisher' returned '0': PYTHONPATH=/home/vboxuser/ros2_ws/src/build/examples_rclpy_minimal_publisher/prefix_override:/home/vboxuser/ros2_ws/src/install/examples_rclpy_minimal_publisher/lib/python3.10/site-packages:${PYTHONPATH} /usr/bin/python3 setup.py egg_info --egg-base ../../../../build/examples_rclpy_minimal_publisher build --build-base /home/vboxuser/ros2_ws/src/build/examples_rclpy_minimal_publisher/build install --record /home/vboxuser/ros2_ws/src/build/examples_rclpy_minimal_publisher/install.log --single-version-externally-managed
