[0.075s] Invoking command in '/home/vboxuser/hw5_ws/build/my_interfaces': CMAKE_PREFIX_PATH=/opt/ros/humble /usr/bin/cmake /home/vboxuser/hw5_ws/src/my_interfaces -DCMAKE_INSTALL_PREFIX=/home/vboxuser/hw5_ws/install/my_interfaces
[0.587s] -- The C compiler identification is GNU 11.4.0
[0.960s] -- The CXX compiler identification is GNU 11.4.0
[0.975s] -- Detecting C compiler ABI info
[1.211s] -- Detecting C compiler ABI info - done
[1.229s] -- Check for working C compiler: /usr/bin/cc - skipped
[1.230s] -- Detecting C compile features
[1.250s] -- Detecting C compile features - done
[1.257s] -- Detecting CXX compiler ABI info
[1.409s] -- Detecting CXX compiler ABI info - done
[1.427s] -- Check for working CXX compiler: /usr/bin/c++ - skipped
[1.427s] -- Detecting CXX compile features
[1.428s] -- Detecting CXX compile features - done
[1.497s] -- Found ament_cmake: 1.3.6 (/opt/ros/humble/share/ament_cmake/cmake)
[1.778s] -- Found Python3: /usr/bin/python3.10 (found version "3.10.12") found components: Interpreter 
[1.989s] -- Found rosidl_default_generators: 1.2.0 (/opt/ros/humble/share/rosidl_default_generators/cmake)
[2.029s] -- Using all available rosidl_typesupport_c: rosidl_typesupport_fastrtps_c;rosidl_typesupport_introspection_c
[2.042s] -- Found rosidl_adapter: 3.1.5 (/opt/ros/humble/share/rosidl_adapter/cmake)
[2.217s] -- Using all available rosidl_typesupport_cpp: rosidl_typesupport_fastrtps_cpp;rosidl_typesupport_introspection_cpp
[2.885s] -- Found ament_cmake_ros: 0.10.0 (/opt/ros/humble/share/ament_cmake_ros/cmake)
[3.146s] -- Using all available rosidl_typesupport_c: rosidl_typesupport_fastrtps_c;rosidl_typesupport_introspection_c
[3.516s] -- Using all available rosidl_typesupport_cpp: rosidl_typesupport_fastrtps_cpp;rosidl_typesupport_introspection_cpp
[3.543s] -- Found PythonInterp: /usr/bin/python3 (found suitable version "3.10.12", minimum required is "3.6") 
[3.545s] -- Found python_cmake_module: 0.10.0 (/opt/ros/humble/share/python_cmake_module/cmake)
[3.651s] -- Found PythonLibs: /usr/lib/x86_64-linux-gnu/libpython3.10.so (found suitable version "3.10.12", minimum required is "3.5") 
[3.651s] -- Using PYTHON_EXECUTABLE: /usr/bin/python3
[3.651s] -- Using PYTHON_INCLUDE_DIRS: /usr/include/python3.10
[3.652s] -- Using PYTHON_LIBRARIES: /usr/lib/x86_64-linux-gnu/libpython3.10.so
[3.678s] -- Found PythonExtra: .so  
[3.757s] -- Configuring done
[3.819s] -- Generating done
[3.823s] -- Build files have been written to: /home/vboxuser/hw5_ws/build/my_interfaces
[3.831s] Invoked command in '/home/vboxuser/hw5_ws/build/my_interfaces' returned '0': CMAKE_PREFIX_PATH=/opt/ros/humble /usr/bin/cmake /home/vboxuser/hw5_ws/src/my_interfaces -DCMAKE_INSTALL_PREFIX=/home/vboxuser/hw5_ws/install/my_interfaces
[3.834s] Invoking command in '/home/vboxuser/hw5_ws/build/my_interfaces': CMAKE_PREFIX_PATH=/opt/ros/humble /usr/bin/cmake --build /home/vboxuser/hw5_ws/build/my_interfaces -- -j6 -l6
[3.879s] [  3%] [34m[1mGenerating C code for ROS interfaces[0m
[3.890s] [  6%] [34m[1mGenerating C++ code for ROS interfaces[0m
[3.900s] [  6%] Built target ament_cmake_python_copy_my_interfaces
[4.309s] running egg_info
[4.309s] creating my_interfaces.egg-info
[4.309s] writing my_interfaces.egg-info/PKG-INFO
[4.310s] writing dependency_links to my_interfaces.egg-info/dependency_links.txt
[4.310s] writing top-level names to my_interfaces.egg-info/top_level.txt
[4.310s] writing manifest file 'my_interfaces.egg-info/SOURCES.txt'
[4.312s] reading manifest file 'my_interfaces.egg-info/SOURCES.txt'
[4.313s] writing manifest file 'my_interfaces.egg-info/SOURCES.txt'
[4.343s] [  6%] Built target ament_cmake_python_build_my_interfaces_egg
[4.763s] [  9%] [32mBuilding C object CMakeFiles/my_interfaces__rosidl_generator_c.dir/rosidl_generator_c/my_interfaces/action/detail/count_until__functions.c.o[0m
[4.784s] [  9%] Built target my_interfaces__cpp
[4.795s] [ 16%] [34m[1mGenerating C++ introspection for ROS interfaces[0m
[4.795s] [ 16%] [34m[1mGenerating C++ type support for eProsima Fast-RTPS[0m
[4.796s] [ 19%] [34m[1mGenerating C++ type support dispatch for ROS interfaces[0m
[5.121s] [ 22%] [32m[1mLinking C shared library libmy_interfaces__rosidl_generator_c.so[0m
[5.187s] [ 22%] Built target my_interfaces__rosidl_generator_c
[5.200s] [ 25%] [34m[1mGenerating C type support for eProsima Fast-RTPS[0m
[5.200s] [ 29%] [34m[1mGenerating C type support dispatch for ROS interfaces[0m
[5.211s] [ 32%] [34m[1mGenerating C introspection for ROS interfaces[0m
[5.373s] [ 35%] [32mBuilding CXX object CMakeFiles/my_interfaces__rosidl_typesupport_cpp.dir/rosidl_typesupport_cpp/my_interfaces/action/count_until__type_support.cpp.o[0m
[5.505s] [ 38%] [32mBuilding CXX object CMakeFiles/my_interfaces__rosidl_typesupport_introspection_cpp.dir/rosidl_typesupport_introspection_cpp/my_interfaces/action/detail/count_until__type_support.cpp.o[0m
[5.680s] [ 41%] [32mBuilding CXX object CMakeFiles/my_interfaces__rosidl_typesupport_fastrtps_cpp.dir/rosidl_typesupport_fastrtps_cpp/my_interfaces/action/detail/dds_fastrtps/count_until__type_support.cpp.o[0m
[5.816s] [ 45%] [32mBuilding CXX object CMakeFiles/my_interfaces__rosidl_typesupport_c.dir/rosidl_typesupport_c/my_interfaces/action/count_until__type_support.cpp.o[0m
[6.009s] [ 48%] [32m[1mLinking CXX shared library libmy_interfaces__rosidl_typesupport_c.so[0m
[6.017s] [ 51%] [32mBuilding C object CMakeFiles/my_interfaces__rosidl_typesupport_introspection_c.dir/rosidl_typesupport_introspection_c/my_interfaces/action/detail/count_until__type_support.c.o[0m
[6.054s] [ 54%] [32mBuilding CXX object CMakeFiles/my_interfaces__rosidl_typesupport_fastrtps_c.dir/rosidl_typesupport_fastrtps_c/my_interfaces/action/detail/count_until__type_support_c.cpp.o[0m
[6.063s] [ 54%] Built target my_interfaces__rosidl_typesupport_c
[6.104s] [ 58%] [32m[1mLinking C shared library libmy_interfaces__rosidl_typesupport_introspection_c.so[0m
[6.164s] [ 58%] Built target my_interfaces__rosidl_typesupport_introspection_c
[6.587s] [ 61%] [32m[1mLinking CXX shared library libmy_interfaces__rosidl_typesupport_cpp.so[0m
[6.640s] [ 64%] [32m[1mLinking CXX shared library libmy_interfaces__rosidl_typesupport_fastrtps_c.so[0m
[6.669s] [ 64%] Built target my_interfaces__rosidl_typesupport_cpp
[6.757s] [ 67%] [32m[1mLinking CXX shared library libmy_interfaces__rosidl_typesupport_introspection_cpp.so[0m
[6.758s] [ 67%] Built target my_interfaces__rosidl_typesupport_fastrtps_c
[6.771s] [ 70%] [32m[1mLinking CXX shared library libmy_interfaces__rosidl_typesupport_fastrtps_cpp.so[0m
[6.869s] [ 70%] Built target my_interfaces__rosidl_typesupport_introspection_cpp
[6.872s] [ 70%] Built target my_interfaces__rosidl_typesupport_fastrtps_cpp
[6.895s] [ 70%] Built target my_interfaces
[6.929s] [ 74%] [34m[1mGenerating Python code for ROS interfaces[0m
[8.428s] [ 74%] Built target my_interfaces__py
[8.450s] [ 77%] [32mBuilding C object CMakeFiles/my_interfaces__rosidl_generator_py.dir/rosidl_generator_py/my_interfaces/action/_count_until_s.c.o[0m
[8.798s] [ 80%] [32m[1mLinking C shared library rosidl_generator_py/my_interfaces/libmy_interfaces__rosidl_generator_py.so[0m
[8.857s] [ 80%] Built target my_interfaces__rosidl_generator_py
[8.877s] [ 87%] [32mBuilding C object CMakeFiles/my_interfaces__rosidl_typesupport_c__pyext.dir/rosidl_generator_py/my_interfaces/_my_interfaces_s.ep.rosidl_typesupport_c.c.o[0m
[8.877s] [ 87%] [32mBuilding C object CMakeFiles/my_interfaces__rosidl_typesupport_fastrtps_c__pyext.dir/rosidl_generator_py/my_interfaces/_my_interfaces_s.ep.rosidl_typesupport_fastrtps_c.c.o[0m
[8.877s] [ 90%] [32mBuilding C object CMakeFiles/my_interfaces__rosidl_typesupport_introspection_c__pyext.dir/rosidl_generator_py/my_interfaces/_my_interfaces_s.ep.rosidl_typesupport_introspection_c.c.o[0m
[9.035s] [ 93%] [32m[1mLinking C shared library rosidl_generator_py/my_interfaces/my_interfaces_s__rosidl_typesupport_fastrtps_c.cpython-310-x86_64-linux-gnu.so[0m
[9.038s] [ 96%] [32m[1mLinking C shared library rosidl_generator_py/my_interfaces/my_interfaces_s__rosidl_typesupport_introspection_c.cpython-310-x86_64-linux-gnu.so[0m
[9.043s] [100%] [32m[1mLinking C shared library rosidl_generator_py/my_interfaces/my_interfaces_s__rosidl_typesupport_c.cpython-310-x86_64-linux-gnu.so[0m
[9.083s] [100%] Built target my_interfaces__rosidl_typesupport_fastrtps_c__pyext
[9.087s] [100%] Built target my_interfaces__rosidl_typesupport_introspection_c__pyext
[9.092s] [100%] Built target my_interfaces__rosidl_typesupport_c__pyext
[9.106s] Invoked command in '/home/vboxuser/hw5_ws/build/my_interfaces' returned '0': CMAKE_PREFIX_PATH=/opt/ros/humble /usr/bin/cmake --build /home/vboxuser/hw5_ws/build/my_interfaces -- -j6 -l6
[9.178s] Invoking command in '/home/vboxuser/hw5_ws/build/my_interfaces': CMAKE_PREFIX_PATH=/opt/ros/humble /usr/bin/cmake --install /home/vboxuser/hw5_ws/build/my_interfaces
[9.186s] -- Install configuration: ""
[9.187s] -- Installing: /home/vboxuser/hw5_ws/install/my_interfaces/share/ament_index/resource_index/rosidl_interfaces/my_interfaces
[9.187s] -- Installing: /home/vboxuser/hw5_ws/install/my_interfaces/include/my_interfaces/my_interfaces
[9.187s] -- Installing: /home/vboxuser/hw5_ws/install/my_interfaces/include/my_interfaces/my_interfaces/msg
[9.187s] -- Installing: /home/vboxuser/hw5_ws/install/my_interfaces/include/my_interfaces/my_interfaces/msg/rosidl_generator_c__visibility_control.h
[9.187s] -- Installing: /home/vboxuser/hw5_ws/install/my_interfaces/include/my_interfaces/my_interfaces/action
[9.188s] -- Installing: /home/vboxuser/hw5_ws/install/my_interfaces/include/my_interfaces/my_interfaces/action/detail
[9.188s] -- Installing: /home/vboxuser/hw5_ws/install/my_interfaces/include/my_interfaces/my_interfaces/action/detail/count_until__functions.h
[9.188s] -- Installing: /home/vboxuser/hw5_ws/install/my_interfaces/include/my_interfaces/my_interfaces/action/detail/count_until__type_support.h
[9.188s] -- Installing: /home/vboxuser/hw5_ws/install/my_interfaces/include/my_interfaces/my_interfaces/action/detail/count_until__struct.h
[9.188s] -- Installing: /home/vboxuser/hw5_ws/install/my_interfaces/include/my_interfaces/my_interfaces/action/detail/count_until__functions.c
[9.188s] -- Installing: /home/vboxuser/hw5_ws/install/my_interfaces/include/my_interfaces/my_interfaces/action/count_until.h
[9.189s] -- Installing: /home/vboxuser/hw5_ws/install/my_interfaces/share/my_interfaces/environment/library_path.sh
[9.189s] -- Installing: /home/vboxuser/hw5_ws/install/my_interfaces/share/my_interfaces/environment/library_path.dsv
[9.189s] -- Installing: /home/vboxuser/hw5_ws/install/my_interfaces/lib/libmy_interfaces__rosidl_generator_c.so
[9.190s] -- Set runtime path of "/home/vboxuser/hw5_ws/install/my_interfaces/lib/libmy_interfaces__rosidl_generator_c.so" to ""
[9.190s] -- Up-to-date: /home/vboxuser/hw5_ws/install/my_interfaces/include/my_interfaces/my_interfaces
[9.190s] -- Up-to-date: /home/vboxuser/hw5_ws/install/my_interfaces/include/my_interfaces/my_interfaces/msg
[9.190s] -- Installing: /home/vboxuser/hw5_ws/install/my_interfaces/include/my_interfaces/my_interfaces/msg/rosidl_typesupport_fastrtps_c__visibility_control.h
[9.190s] -- Up-to-date: /home/vboxuser/hw5_ws/install/my_interfaces/include/my_interfaces/my_interfaces/action
[9.190s] -- Up-to-date: /home/vboxuser/hw5_ws/install/my_interfaces/include/my_interfaces/my_interfaces/action/detail
[9.191s] -- Installing: /home/vboxuser/hw5_ws/install/my_interfaces/include/my_interfaces/my_interfaces/action/detail/count_until__rosidl_typesupport_fastrtps_c.h
[9.191s] -- Installing: /home/vboxuser/hw5_ws/install/my_interfaces/lib/libmy_interfaces__rosidl_typesupport_fastrtps_c.so
[9.191s] -- Set runtime path of "/home/vboxuser/hw5_ws/install/my_interfaces/lib/libmy_interfaces__rosidl_typesupport_fastrtps_c.so" to ""
[9.191s] -- Up-to-date: /home/vboxuser/hw5_ws/install/my_interfaces/include/my_interfaces/my_interfaces
[9.192s] -- Up-to-date: /home/vboxuser/hw5_ws/install/my_interfaces/include/my_interfaces/my_interfaces/msg
[9.192s] -- Installing: /home/vboxuser/hw5_ws/install/my_interfaces/include/my_interfaces/my_interfaces/msg/rosidl_typesupport_introspection_c__visibility_control.h
[9.192s] -- Up-to-date: /home/vboxuser/hw5_ws/install/my_interfaces/include/my_interfaces/my_interfaces/action
[9.192s] -- Up-to-date: /home/vboxuser/hw5_ws/install/my_interfaces/include/my_interfaces/my_interfaces/action/detail
[9.192s] -- Installing: /home/vboxuser/hw5_ws/install/my_interfaces/include/my_interfaces/my_interfaces/action/detail/count_until__type_support.c
[9.192s] -- Installing: /home/vboxuser/hw5_ws/install/my_interfaces/include/my_interfaces/my_interfaces/action/detail/count_until__rosidl_typesupport_introspection_c.h
[9.193s] -- Installing: /home/vboxuser/hw5_ws/install/my_interfaces/lib/libmy_interfaces__rosidl_typesupport_introspection_c.so
[9.193s] -- Set runtime path of "/home/vboxuser/hw5_ws/install/my_interfaces/lib/libmy_interfaces__rosidl_typesupport_introspection_c.so" to ""
[9.193s] -- Installing: /home/vboxuser/hw5_ws/install/my_interfaces/lib/libmy_interfaces__rosidl_typesupport_c.so
[9.194s] -- Set runtime path of "/home/vboxuser/hw5_ws/install/my_interfaces/lib/libmy_interfaces__rosidl_typesupport_c.so" to ""
[9.194s] -- Up-to-date: /home/vboxuser/hw5_ws/install/my_interfaces/include/my_interfaces/my_interfaces
[9.194s] -- Up-to-date: /home/vboxuser/hw5_ws/install/my_interfaces/include/my_interfaces/my_interfaces/action
[9.194s] -- Up-to-date: /home/vboxuser/hw5_ws/install/my_interfaces/include/my_interfaces/my_interfaces/action/detail
[9.194s] -- Installing: /home/vboxuser/hw5_ws/install/my_interfaces/include/my_interfaces/my_interfaces/action/detail/count_until__struct.hpp
[9.194s] -- Installing: /home/vboxuser/hw5_ws/install/my_interfaces/include/my_interfaces/my_interfaces/action/detail/count_until__traits.hpp
[9.194s] -- Installing: /home/vboxuser/hw5_ws/install/my_interfaces/include/my_interfaces/my_interfaces/action/detail/count_until__builder.hpp
[9.195s] -- Installing: /home/vboxuser/hw5_ws/install/my_interfaces/include/my_interfaces/my_interfaces/action/count_until.hpp
[9.195s] -- Up-to-date: /home/vboxuser/hw5_ws/install/my_interfaces/include/my_interfaces/my_interfaces
[9.195s] -- Up-to-date: /home/vboxuser/hw5_ws/install/my_interfaces/include/my_interfaces/my_interfaces/msg
[9.195s] -- Installing: /home/vboxuser/hw5_ws/install/my_interfaces/include/my_interfaces/my_interfaces/msg/rosidl_typesupport_fastrtps_cpp__visibility_control.h
[9.195s] -- Up-to-date: /home/vboxuser/hw5_ws/install/my_interfaces/include/my_interfaces/my_interfaces/action
[9.195s] -- Up-to-date: /home/vboxuser/hw5_ws/install/my_interfaces/include/my_interfaces/my_interfaces/action/detail
[9.196s] -- Installing: /home/vboxuser/hw5_ws/install/my_interfaces/include/my_interfaces/my_interfaces/action/detail/count_until__rosidl_typesupport_fastrtps_cpp.hpp
[9.196s] -- Installing: /home/vboxuser/hw5_ws/install/my_interfaces/include/my_interfaces/my_interfaces/action/detail/dds_fastrtps
[9.196s] -- Installing: /home/vboxuser/hw5_ws/install/my_interfaces/lib/libmy_interfaces__rosidl_typesupport_fastrtps_cpp.so
[9.196s] -- Set runtime path of "/home/vboxuser/hw5_ws/install/my_interfaces/lib/libmy_interfaces__rosidl_typesupport_fastrtps_cpp.so" to ""
[9.196s] -- Up-to-date: /home/vboxuser/hw5_ws/install/my_interfaces/include/my_interfaces/my_interfaces
[9.197s] -- Up-to-date: /home/vboxuser/hw5_ws/install/my_interfaces/include/my_interfaces/my_interfaces/action
[9.197s] -- Up-to-date: /home/vboxuser/hw5_ws/install/my_interfaces/include/my_interfaces/my_interfaces/action/detail
[9.197s] -- Installing: /home/vboxuser/hw5_ws/install/my_interfaces/include/my_interfaces/my_interfaces/action/detail/count_until__type_support.cpp
[9.197s] -- Installing: /home/vboxuser/hw5_ws/install/my_interfaces/include/my_interfaces/my_interfaces/action/detail/count_until__rosidl_typesupport_introspection_cpp.hpp
[9.197s] -- Installing: /home/vboxuser/hw5_ws/install/my_interfaces/lib/libmy_interfaces__rosidl_typesupport_introspection_cpp.so
[9.198s] -- Set runtime path of "/home/vboxuser/hw5_ws/install/my_interfaces/lib/libmy_interfaces__rosidl_typesupport_introspection_cpp.so" to ""
[9.198s] -- Installing: /home/vboxuser/hw5_ws/install/my_interfaces/lib/libmy_interfaces__rosidl_typesupport_cpp.so
[9.198s] -- Set runtime path of "/home/vboxuser/hw5_ws/install/my_interfaces/lib/libmy_interfaces__rosidl_typesupport_cpp.so" to ""
[9.198s] -- Installing: /home/vboxuser/hw5_ws/install/my_interfaces/share/my_interfaces/environment/pythonpath.sh
[9.199s] -- Installing: /home/vboxuser/hw5_ws/install/my_interfaces/share/my_interfaces/environment/pythonpath.dsv
[9.199s] -- Installing: /home/vboxuser/hw5_ws/install/my_interfaces/local/lib/python3.10/dist-packages/my_interfaces-0.0.0-py3.10.egg-info
[9.199s] -- Installing: /home/vboxuser/hw5_ws/install/my_interfaces/local/lib/python3.10/dist-packages/my_interfaces-0.0.0-py3.10.egg-info/top_level.txt
[9.199s] -- Installing: /home/vboxuser/hw5_ws/install/my_interfaces/local/lib/python3.10/dist-packages/my_interfaces-0.0.0-py3.10.egg-info/dependency_links.txt
[9.199s] -- Installing: /home/vboxuser/hw5_ws/install/my_interfaces/local/lib/python3.10/dist-packages/my_interfaces-0.0.0-py3.10.egg-info/SOURCES.txt
[9.199s] -- Installing: /home/vboxuser/hw5_ws/install/my_interfaces/local/lib/python3.10/dist-packages/my_interfaces-0.0.0-py3.10.egg-info/PKG-INFO
[9.200s] -- Installing: /home/vboxuser/hw5_ws/install/my_interfaces/local/lib/python3.10/dist-packages/my_interfaces
[9.200s] -- Installing: /home/vboxuser/hw5_ws/install/my_interfaces/local/lib/python3.10/dist-packages/my_interfaces/_my_interfaces_s.ep.rosidl_typesupport_fastrtps_c.c
[9.200s] -- Installing: /home/vboxuser/hw5_ws/install/my_interfaces/local/lib/python3.10/dist-packages/my_interfaces/my_interfaces_s__rosidl_typesupport_fastrtps_c.cpython-310-x86_64-linux-gnu.so
[9.200s] -- Installing: /home/vboxuser/hw5_ws/install/my_interfaces/local/lib/python3.10/dist-packages/my_interfaces/libmy_interfaces__rosidl_generator_py.so
[9.201s] -- Installing: /home/vboxuser/hw5_ws/install/my_interfaces/local/lib/python3.10/dist-packages/my_interfaces/__init__.py
[9.201s] -- Installing: /home/vboxuser/hw5_ws/install/my_interfaces/local/lib/python3.10/dist-packages/my_interfaces/my_interfaces_s__rosidl_typesupport_introspection_c.cpython-310-x86_64-linux-gnu.so
[9.201s] -- Installing: /home/vboxuser/hw5_ws/install/my_interfaces/local/lib/python3.10/dist-packages/my_interfaces/action
[9.202s] -- Installing: /home/vboxuser/hw5_ws/install/my_interfaces/local/lib/python3.10/dist-packages/my_interfaces/action/_count_until.py
[9.202s] -- Installing: /home/vboxuser/hw5_ws/install/my_interfaces/local/lib/python3.10/dist-packages/my_interfaces/action/__init__.py
[9.202s] -- Installing: /home/vboxuser/hw5_ws/install/my_interfaces/local/lib/python3.10/dist-packages/my_interfaces/action/_count_until_s.c
[9.202s] -- Installing: /home/vboxuser/hw5_ws/install/my_interfaces/local/lib/python3.10/dist-packages/my_interfaces/_my_interfaces_s.ep.rosidl_typesupport_c.c
[9.203s] -- Installing: /home/vboxuser/hw5_ws/install/my_interfaces/local/lib/python3.10/dist-packages/my_interfaces/_my_interfaces_s.ep.rosidl_typesupport_introspection_c.c
[9.203s] -- Installing: /home/vboxuser/hw5_ws/install/my_interfaces/local/lib/python3.10/dist-packages/my_interfaces/my_interfaces_s__rosidl_typesupport_c.cpython-310-x86_64-linux-gnu.so
[9.256s] Listing '/home/vboxuser/hw5_ws/install/my_interfaces/local/lib/python3.10/dist-packages/my_interfaces'...
[9.256s] Compiling '/home/vboxuser/hw5_ws/install/my_interfaces/local/lib/python3.10/dist-packages/my_interfaces/__init__.py'...
[9.256s] Listing '/home/vboxuser/hw5_ws/install/my_interfaces/local/lib/python3.10/dist-packages/my_interfaces/action'...
[9.256s] Compiling '/home/vboxuser/hw5_ws/install/my_interfaces/local/lib/python3.10/dist-packages/my_interfaces/action/__init__.py'...
[9.256s] Compiling '/home/vboxuser/hw5_ws/install/my_interfaces/local/lib/python3.10/dist-packages/my_interfaces/action/_count_until.py'...
[9.262s] -- Installing: /home/vboxuser/hw5_ws/install/my_interfaces/local/lib/python3.10/dist-packages/my_interfaces/my_interfaces_s__rosidl_typesupport_fastrtps_c.cpython-310-x86_64-linux-gnu.so
[9.262s] -- Set runtime path of "/home/vboxuser/hw5_ws/install/my_interfaces/local/lib/python3.10/dist-packages/my_interfaces/my_interfaces_s__rosidl_typesupport_fastrtps_c.cpython-310-x86_64-linux-gnu.so" to ""
[9.263s] -- Installing: /home/vboxuser/hw5_ws/install/my_interfaces/local/lib/python3.10/dist-packages/my_interfaces/my_interfaces_s__rosidl_typesupport_introspection_c.cpython-310-x86_64-linux-gnu.so
[9.263s] -- Set runtime path of "/home/vboxuser/hw5_ws/install/my_interfaces/local/lib/python3.10/dist-packages/my_interfaces/my_interfaces_s__rosidl_typesupport_introspection_c.cpython-310-x86_64-linux-gnu.so" to ""
[9.263s] -- Installing: /home/vboxuser/hw5_ws/install/my_interfaces/local/lib/python3.10/dist-packages/my_interfaces/my_interfaces_s__rosidl_typesupport_c.cpython-310-x86_64-linux-gnu.so
[9.264s] -- Set runtime path of "/home/vboxuser/hw5_ws/install/my_interfaces/local/lib/python3.10/dist-packages/my_interfaces/my_interfaces_s__rosidl_typesupport_c.cpython-310-x86_64-linux-gnu.so" to ""
[9.264s] -- Installing: /home/vboxuser/hw5_ws/install/my_interfaces/lib/libmy_interfaces__rosidl_generator_py.so
[9.264s] -- Set runtime path of "/home/vboxuser/hw5_ws/install/my_interfaces/lib/libmy_interfaces__rosidl_generator_py.so" to ""
[9.264s] -- Installing: /home/vboxuser/hw5_ws/install/my_interfaces/share/my_interfaces/action/CountUntil.idl
[9.265s] -- Installing: /home/vboxuser/hw5_ws/install/my_interfaces/share/my_interfaces/action/CountUntil.action
[9.265s] -- Installing: /home/vboxuser/hw5_ws/install/my_interfaces/share/ament_index/resource_index/package_run_dependencies/my_interfaces
[9.265s] -- Installing: /home/vboxuser/hw5_ws/install/my_interfaces/share/ament_index/resource_index/parent_prefix_path/my_interfaces
[9.265s] -- Installing: /home/vboxuser/hw5_ws/install/my_interfaces/share/my_interfaces/environment/ament_prefix_path.sh
[9.265s] -- Installing: /home/vboxuser/hw5_ws/install/my_interfaces/share/my_interfaces/environment/ament_prefix_path.dsv
[9.266s] -- Installing: /home/vboxuser/hw5_ws/install/my_interfaces/share/my_interfaces/environment/path.sh
[9.266s] -- Installing: /home/vboxuser/hw5_ws/install/my_interfaces/share/my_interfaces/environment/path.dsv
[9.266s] -- Installing: /home/vboxuser/hw5_ws/install/my_interfaces/share/my_interfaces/local_setup.bash
[9.266s] -- Installing: /home/vboxuser/hw5_ws/install/my_interfaces/share/my_interfaces/local_setup.sh
[9.266s] -- Installing: /home/vboxuser/hw5_ws/install/my_interfaces/share/my_interfaces/local_setup.zsh
[9.266s] -- Installing: /home/vboxuser/hw5_ws/install/my_interfaces/share/my_interfaces/local_setup.dsv
[9.267s] -- Installing: /home/vboxuser/hw5_ws/install/my_interfaces/share/my_interfaces/package.dsv
[9.267s] -- Installing: /home/vboxuser/hw5_ws/install/my_interfaces/share/ament_index/resource_index/packages/my_interfaces
[9.267s] -- Installing: /home/vboxuser/hw5_ws/install/my_interfaces/share/my_interfaces/cmake/export_my_interfaces__rosidl_generator_cExport.cmake
[9.267s] -- Installing: /home/vboxuser/hw5_ws/install/my_interfaces/share/my_interfaces/cmake/export_my_interfaces__rosidl_generator_cExport-noconfig.cmake
[9.267s] -- Installing: /home/vboxuser/hw5_ws/install/my_interfaces/share/my_interfaces/cmake/export_my_interfaces__rosidl_typesupport_fastrtps_cExport.cmake
[9.268s] -- Installing: /home/vboxuser/hw5_ws/install/my_interfaces/share/my_interfaces/cmake/export_my_interfaces__rosidl_typesupport_fastrtps_cExport-noconfig.cmake
[9.268s] -- Installing: /home/vboxuser/hw5_ws/install/my_interfaces/share/my_interfaces/cmake/my_interfaces__rosidl_typesupport_introspection_cExport.cmake
[9.268s] -- Installing: /home/vboxuser/hw5_ws/install/my_interfaces/share/my_interfaces/cmake/my_interfaces__rosidl_typesupport_introspection_cExport-noconfig.cmake
[9.268s] -- Installing: /home/vboxuser/hw5_ws/install/my_interfaces/share/my_interfaces/cmake/my_interfaces__rosidl_typesupport_cExport.cmake
[9.268s] -- Installing: /home/vboxuser/hw5_ws/install/my_interfaces/share/my_interfaces/cmake/my_interfaces__rosidl_typesupport_cExport-noconfig.cmake
[9.269s] -- Installing: /home/vboxuser/hw5_ws/install/my_interfaces/share/my_interfaces/cmake/export_my_interfaces__rosidl_generator_cppExport.cmake
[9.269s] -- Installing: /home/vboxuser/hw5_ws/install/my_interfaces/share/my_interfaces/cmake/export_my_interfaces__rosidl_typesupport_fastrtps_cppExport.cmake
[9.269s] -- Installing: /home/vboxuser/hw5_ws/install/my_interfaces/share/my_interfaces/cmake/export_my_interfaces__rosidl_typesupport_fastrtps_cppExport-noconfig.cmake
[9.269s] -- Installing: /home/vboxuser/hw5_ws/install/my_interfaces/share/my_interfaces/cmake/my_interfaces__rosidl_typesupport_introspection_cppExport.cmake
[9.269s] -- Installing: /home/vboxuser/hw5_ws/install/my_interfaces/share/my_interfaces/cmake/my_interfaces__rosidl_typesupport_introspection_cppExport-noconfig.cmake
[9.270s] -- Installing: /home/vboxuser/hw5_ws/install/my_interfaces/share/my_interfaces/cmake/my_interfaces__rosidl_typesupport_cppExport.cmake
[9.270s] -- Installing: /home/vboxuser/hw5_ws/install/my_interfaces/share/my_interfaces/cmake/my_interfaces__rosidl_typesupport_cppExport-noconfig.cmake
[9.270s] -- Installing: /home/vboxuser/hw5_ws/install/my_interfaces/share/my_interfaces/cmake/export_my_interfaces__rosidl_generator_pyExport.cmake
[9.270s] -- Installing: /home/vboxuser/hw5_ws/install/my_interfaces/share/my_interfaces/cmake/export_my_interfaces__rosidl_generator_pyExport-noconfig.cmake
[9.271s] -- Installing: /home/vboxuser/hw5_ws/install/my_interfaces/share/my_interfaces/cmake/rosidl_cmake-extras.cmake
[9.271s] -- Installing: /home/vboxuser/hw5_ws/install/my_interfaces/share/my_interfaces/cmake/ament_cmake_export_dependencies-extras.cmake
[9.271s] -- Installing: /home/vboxuser/hw5_ws/install/my_interfaces/share/my_interfaces/cmake/ament_cmake_export_include_directories-extras.cmake
[9.271s] -- Installing: /home/vboxuser/hw5_ws/install/my_interfaces/share/my_interfaces/cmake/ament_cmake_export_libraries-extras.cmake
[9.271s] -- Installing: /home/vboxuser/hw5_ws/install/my_interfaces/share/my_interfaces/cmake/ament_cmake_export_targets-extras.cmake
[9.271s] -- Installing: /home/vboxuser/hw5_ws/install/my_interfaces/share/my_interfaces/cmake/rosidl_cmake_export_typesupport_targets-extras.cmake
[9.272s] -- Installing: /home/vboxuser/hw5_ws/install/my_interfaces/share/my_interfaces/cmake/rosidl_cmake_export_typesupport_libraries-extras.cmake
[9.272s] -- Installing: /home/vboxuser/hw5_ws/install/my_interfaces/share/my_interfaces/cmake/my_interfacesConfig.cmake
[9.272s] -- Installing: /home/vboxuser/hw5_ws/install/my_interfaces/share/my_interfaces/cmake/my_interfacesConfig-version.cmake
[9.272s] -- Installing: /home/vboxuser/hw5_ws/install/my_interfaces/share/my_interfaces/package.xml
[9.276s] Invoked command in '/home/vboxuser/hw5_ws/build/my_interfaces' returned '0': CMAKE_PREFIX_PATH=/opt/ros/humble /usr/bin/cmake --install /home/vboxuser/hw5_ws/build/my_interfaces
