[0.202s] Invoking command in '/home/vboxuser/hw4_ws/build/tutorial_interfaces': CMAKE_PREFIX_PATH=${CMAKE_PREFIX_PATH}:/home/vboxuser/hw4_ws/install/py_srvcli:/home/vboxuser/hw4_ws/install/calculator:/opt/ros/humble /usr/bin/cmake --build /home/vboxuser/hw4_ws/build/tutorial_interfaces -- -j6 -l6
[0.269s] [  3%] Built target tutorial_interfaces__cpp
[0.278s] [ 12%] Built target tutorial_interfaces__rosidl_generator_c
[0.290s] [ 12%] Built target ament_cmake_python_copy_tutorial_interfaces
[0.306s] [ 22%] Built target tutorial_interfaces__rosidl_typesupport_cpp
[0.310s] [ 32%] Built target tutorial_interfaces__rosidl_typesupport_fastrtps_cpp
[0.317s] [ 41%] Built target tutorial_interfaces__rosidl_typesupport_introspection_c
[0.321s] [ 51%] Built target tutorial_interfaces__rosidl_typesupport_introspection_cpp
[0.325s] [ 61%] Built target tutorial_interfaces__rosidl_typesupport_fastrtps_c
[0.344s] [ 70%] Built target tutorial_interfaces__rosidl_typesupport_c
[0.370s] [ 70%] Built target tutorial_interfaces
[0.393s] [ 74%] Built target tutorial_interfaces__py
[0.418s] [ 80%] Built target tutorial_interfaces__rosidl_generator_py
[0.455s] [ 87%] Built target tutorial_interfaces__rosidl_typesupport_c__pyext
[0.456s] [ 93%] Built target tutorial_interfaces__rosidl_typesupport_fastrtps_c__pyext
[0.464s] [100%] Built target tutorial_interfaces__rosidl_typesupport_introspection_c__pyext
[0.747s] running egg_info
[0.747s] writing tutorial_interfaces.egg-info/PKG-INFO
[0.747s] writing dependency_links to tutorial_interfaces.egg-info/dependency_links.txt
[0.747s] writing top-level names to tutorial_interfaces.egg-info/top_level.txt
[0.751s] reading manifest file 'tutorial_interfaces.egg-info/SOURCES.txt'
[0.752s] writing manifest file 'tutorial_interfaces.egg-info/SOURCES.txt'
[0.790s] [100%] Built target ament_cmake_python_build_tutorial_interfaces_egg
[0.804s] Invoked command in '/home/vboxuser/hw4_ws/build/tutorial_interfaces' returned '0': CMAKE_PREFIX_PATH=${CMAKE_PREFIX_PATH}:/home/vboxuser/hw4_ws/install/py_srvcli:/home/vboxuser/hw4_ws/install/calculator:/opt/ros/humble /usr/bin/cmake --build /home/vboxuser/hw4_ws/build/tutorial_interfaces -- -j6 -l6
[0.903s] Invoking command in '/home/vboxuser/hw4_ws/build/tutorial_interfaces': CMAKE_PREFIX_PATH=${CMAKE_PREFIX_PATH}:/home/vboxuser/hw4_ws/install/py_srvcli:/home/vboxuser/hw4_ws/install/calculator:/opt/ros/humble /usr/bin/cmake --install /home/vboxuser/hw4_ws/build/tutorial_interfaces
[0.912s] -- Install configuration: ""
[0.912s] -- Up-to-date: /home/vboxuser/hw4_ws/install/tutorial_interfaces/share/ament_index/resource_index/rosidl_interfaces/tutorial_interfaces
[0.912s] -- Up-to-date: /home/vboxuser/hw4_ws/install/tutorial_interfaces/include/tutorial_interfaces/tutorial_interfaces
[0.912s] -- Up-to-date: /home/vboxuser/hw4_ws/install/tutorial_interfaces/include/tutorial_interfaces/tutorial_interfaces/msg
[0.912s] -- Up-to-date: /home/vboxuser/hw4_ws/install/tutorial_interfaces/include/tutorial_interfaces/tutorial_interfaces/msg/rosidl_generator_c__visibility_control.h
[0.912s] -- Up-to-date: /home/vboxuser/hw4_ws/install/tutorial_interfaces/include/tutorial_interfaces/tutorial_interfaces/srv
[0.913s] -- Up-to-date: /home/vboxuser/hw4_ws/install/tutorial_interfaces/include/tutorial_interfaces/tutorial_interfaces/srv/detail
[0.913s] -- Up-to-date: /home/vboxuser/hw4_ws/install/tutorial_interfaces/include/tutorial_interfaces/tutorial_interfaces/srv/detail/two_ints__type_support.h
[0.913s] -- Up-to-date: /home/vboxuser/hw4_ws/install/tutorial_interfaces/include/tutorial_interfaces/tutorial_interfaces/srv/detail/two_ints__struct.h
[0.913s] -- Up-to-date: /home/vboxuser/hw4_ws/install/tutorial_interfaces/include/tutorial_interfaces/tutorial_interfaces/srv/detail/two_ints__functions.c
[0.913s] -- Up-to-date: /home/vboxuser/hw4_ws/install/tutorial_interfaces/include/tutorial_interfaces/tutorial_interfaces/srv/detail/two_ints__functions.h
[0.913s] -- Up-to-date: /home/vboxuser/hw4_ws/install/tutorial_interfaces/include/tutorial_interfaces/tutorial_interfaces/srv/two_ints.h
[0.913s] -- Up-to-date: /home/vboxuser/hw4_ws/install/tutorial_interfaces/share/tutorial_interfaces/environment/library_path.sh
[0.914s] -- Up-to-date: /home/vboxuser/hw4_ws/install/tutorial_interfaces/share/tutorial_interfaces/environment/library_path.dsv
[0.914s] -- Up-to-date: /home/vboxuser/hw4_ws/install/tutorial_interfaces/lib/libtutorial_interfaces__rosidl_generator_c.so
[0.914s] -- Up-to-date: /home/vboxuser/hw4_ws/install/tutorial_interfaces/include/tutorial_interfaces/tutorial_interfaces
[0.914s] -- Up-to-date: /home/vboxuser/hw4_ws/install/tutorial_interfaces/include/tutorial_interfaces/tutorial_interfaces/msg
[0.914s] -- Up-to-date: /home/vboxuser/hw4_ws/install/tutorial_interfaces/include/tutorial_interfaces/tutorial_interfaces/msg/rosidl_typesupport_fastrtps_c__visibility_control.h
[0.914s] -- Up-to-date: /home/vboxuser/hw4_ws/install/tutorial_interfaces/include/tutorial_interfaces/tutorial_interfaces/srv
[0.915s] -- Up-to-date: /home/vboxuser/hw4_ws/install/tutorial_interfaces/include/tutorial_interfaces/tutorial_interfaces/srv/detail
[0.915s] -- Up-to-date: /home/vboxuser/hw4_ws/install/tutorial_interfaces/include/tutorial_interfaces/tutorial_interfaces/srv/detail/two_ints__rosidl_typesupport_fastrtps_c.h
[0.915s] -- Up-to-date: /home/vboxuser/hw4_ws/install/tutorial_interfaces/lib/libtutorial_interfaces__rosidl_typesupport_fastrtps_c.so
[0.915s] -- Up-to-date: /home/vboxuser/hw4_ws/install/tutorial_interfaces/include/tutorial_interfaces/tutorial_interfaces
[0.915s] -- Up-to-date: /home/vboxuser/hw4_ws/install/tutorial_interfaces/include/tutorial_interfaces/tutorial_interfaces/msg
[0.915s] -- Up-to-date: /home/vboxuser/hw4_ws/install/tutorial_interfaces/include/tutorial_interfaces/tutorial_interfaces/msg/rosidl_typesupport_introspection_c__visibility_control.h
[0.915s] -- Up-to-date: /home/vboxuser/hw4_ws/install/tutorial_interfaces/include/tutorial_interfaces/tutorial_interfaces/srv
[0.916s] -- Up-to-date: /home/vboxuser/hw4_ws/install/tutorial_interfaces/include/tutorial_interfaces/tutorial_interfaces/srv/detail
[0.916s] -- Up-to-date: /home/vboxuser/hw4_ws/install/tutorial_interfaces/include/tutorial_interfaces/tutorial_interfaces/srv/detail/two_ints__rosidl_typesupport_introspection_c.h
[0.916s] -- Up-to-date: /home/vboxuser/hw4_ws/install/tutorial_interfaces/include/tutorial_interfaces/tutorial_interfaces/srv/detail/two_ints__type_support.c
[0.916s] -- Up-to-date: /home/vboxuser/hw4_ws/install/tutorial_interfaces/lib/libtutorial_interfaces__rosidl_typesupport_introspection_c.so
[0.916s] -- Up-to-date: /home/vboxuser/hw4_ws/install/tutorial_interfaces/lib/libtutorial_interfaces__rosidl_typesupport_c.so
[0.916s] -- Up-to-date: /home/vboxuser/hw4_ws/install/tutorial_interfaces/include/tutorial_interfaces/tutorial_interfaces
[0.916s] -- Up-to-date: /home/vboxuser/hw4_ws/install/tutorial_interfaces/include/tutorial_interfaces/tutorial_interfaces/srv
[0.916s] -- Up-to-date: /home/vboxuser/hw4_ws/install/tutorial_interfaces/include/tutorial_interfaces/tutorial_interfaces/srv/two_ints.hpp
[0.916s] -- Up-to-date: /home/vboxuser/hw4_ws/install/tutorial_interfaces/include/tutorial_interfaces/tutorial_interfaces/srv/detail
[0.917s] -- Up-to-date: /home/vboxuser/hw4_ws/install/tutorial_interfaces/include/tutorial_interfaces/tutorial_interfaces/srv/detail/two_ints__traits.hpp
[0.917s] -- Up-to-date: /home/vboxuser/hw4_ws/install/tutorial_interfaces/include/tutorial_interfaces/tutorial_interfaces/srv/detail/two_ints__struct.hpp
[0.917s] -- Up-to-date: /home/vboxuser/hw4_ws/install/tutorial_interfaces/include/tutorial_interfaces/tutorial_interfaces/srv/detail/two_ints__builder.hpp
[0.917s] -- Up-to-date: /home/vboxuser/hw4_ws/install/tutorial_interfaces/include/tutorial_interfaces/tutorial_interfaces
[0.917s] -- Up-to-date: /home/vboxuser/hw4_ws/install/tutorial_interfaces/include/tutorial_interfaces/tutorial_interfaces/msg
[0.917s] -- Up-to-date: /home/vboxuser/hw4_ws/install/tutorial_interfaces/include/tutorial_interfaces/tutorial_interfaces/msg/rosidl_typesupport_fastrtps_cpp__visibility_control.h
[0.917s] -- Up-to-date: /home/vboxuser/hw4_ws/install/tutorial_interfaces/include/tutorial_interfaces/tutorial_interfaces/srv
[0.917s] -- Up-to-date: /home/vboxuser/hw4_ws/install/tutorial_interfaces/include/tutorial_interfaces/tutorial_interfaces/srv/detail
[0.917s] -- Up-to-date: /home/vboxuser/hw4_ws/install/tutorial_interfaces/include/tutorial_interfaces/tutorial_interfaces/srv/detail/two_ints__rosidl_typesupport_fastrtps_cpp.hpp
[0.918s] -- Up-to-date: /home/vboxuser/hw4_ws/install/tutorial_interfaces/include/tutorial_interfaces/tutorial_interfaces/srv/detail/dds_fastrtps
[0.918s] -- Up-to-date: /home/vboxuser/hw4_ws/install/tutorial_interfaces/lib/libtutorial_interfaces__rosidl_typesupport_fastrtps_cpp.so
[0.918s] -- Up-to-date: /home/vboxuser/hw4_ws/install/tutorial_interfaces/include/tutorial_interfaces/tutorial_interfaces
[0.918s] -- Up-to-date: /home/vboxuser/hw4_ws/install/tutorial_interfaces/include/tutorial_interfaces/tutorial_interfaces/srv
[0.918s] -- Up-to-date: /home/vboxuser/hw4_ws/install/tutorial_interfaces/include/tutorial_interfaces/tutorial_interfaces/srv/detail
[0.918s] -- Up-to-date: /home/vboxuser/hw4_ws/install/tutorial_interfaces/include/tutorial_interfaces/tutorial_interfaces/srv/detail/two_ints__rosidl_typesupport_introspection_cpp.hpp
[0.918s] -- Up-to-date: /home/vboxuser/hw4_ws/install/tutorial_interfaces/include/tutorial_interfaces/tutorial_interfaces/srv/detail/two_ints__type_support.cpp
[0.918s] -- Up-to-date: /home/vboxuser/hw4_ws/install/tutorial_interfaces/lib/libtutorial_interfaces__rosidl_typesupport_introspection_cpp.so
[0.918s] -- Up-to-date: /home/vboxuser/hw4_ws/install/tutorial_interfaces/lib/libtutorial_interfaces__rosidl_typesupport_cpp.so
[0.918s] -- Up-to-date: /home/vboxuser/hw4_ws/install/tutorial_interfaces/share/tutorial_interfaces/environment/pythonpath.sh
[0.918s] -- Up-to-date: /home/vboxuser/hw4_ws/install/tutorial_interfaces/share/tutorial_interfaces/environment/pythonpath.dsv
[0.919s] -- Up-to-date: /home/vboxuser/hw4_ws/install/tutorial_interfaces/local/lib/python3.10/dist-packages/tutorial_interfaces-0.0.0-py3.10.egg-info
[0.919s] -- Installing: /home/vboxuser/hw4_ws/install/tutorial_interfaces/local/lib/python3.10/dist-packages/tutorial_interfaces-0.0.0-py3.10.egg-info/top_level.txt
[0.919s] -- Installing: /home/vboxuser/hw4_ws/install/tutorial_interfaces/local/lib/python3.10/dist-packages/tutorial_interfaces-0.0.0-py3.10.egg-info/dependency_links.txt
[0.919s] -- Installing: /home/vboxuser/hw4_ws/install/tutorial_interfaces/local/lib/python3.10/dist-packages/tutorial_interfaces-0.0.0-py3.10.egg-info/SOURCES.txt
[0.919s] -- Installing: /home/vboxuser/hw4_ws/install/tutorial_interfaces/local/lib/python3.10/dist-packages/tutorial_interfaces-0.0.0-py3.10.egg-info/PKG-INFO
[0.919s] -- Up-to-date: /home/vboxuser/hw4_ws/install/tutorial_interfaces/local/lib/python3.10/dist-packages/tutorial_interfaces
[0.919s] -- Up-to-date: /home/vboxuser/hw4_ws/install/tutorial_interfaces/local/lib/python3.10/dist-packages/tutorial_interfaces/_tutorial_interfaces_s.ep.rosidl_typesupport_c.c
[0.919s] -- Up-to-date: /home/vboxuser/hw4_ws/install/tutorial_interfaces/local/lib/python3.10/dist-packages/tutorial_interfaces/tutorial_interfaces_s__rosidl_typesupport_c.cpython-310-x86_64-linux-gnu.so
[0.919s] -- Up-to-date: /home/vboxuser/hw4_ws/install/tutorial_interfaces/local/lib/python3.10/dist-packages/tutorial_interfaces/tutorial_interfaces_s__rosidl_typesupport_fastrtps_c.cpython-310-x86_64-linux-gnu.so
[0.919s] -- Up-to-date: /home/vboxuser/hw4_ws/install/tutorial_interfaces/local/lib/python3.10/dist-packages/tutorial_interfaces/__init__.py
[0.919s] -- Up-to-date: /home/vboxuser/hw4_ws/install/tutorial_interfaces/local/lib/python3.10/dist-packages/tutorial_interfaces/_tutorial_interfaces_s.ep.rosidl_typesupport_fastrtps_c.c
[0.920s] -- Up-to-date: /home/vboxuser/hw4_ws/install/tutorial_interfaces/local/lib/python3.10/dist-packages/tutorial_interfaces/_tutorial_interfaces_s.ep.rosidl_typesupport_introspection_c.c
[0.920s] -- Up-to-date: /home/vboxuser/hw4_ws/install/tutorial_interfaces/local/lib/python3.10/dist-packages/tutorial_interfaces/srv
[0.920s] -- Up-to-date: /home/vboxuser/hw4_ws/install/tutorial_interfaces/local/lib/python3.10/dist-packages/tutorial_interfaces/srv/_two_ints.py
[0.920s] -- Up-to-date: /home/vboxuser/hw4_ws/install/tutorial_interfaces/local/lib/python3.10/dist-packages/tutorial_interfaces/srv/__init__.py
[0.920s] -- Up-to-date: /home/vboxuser/hw4_ws/install/tutorial_interfaces/local/lib/python3.10/dist-packages/tutorial_interfaces/srv/_two_ints_s.c
[0.920s] -- Up-to-date: /home/vboxuser/hw4_ws/install/tutorial_interfaces/local/lib/python3.10/dist-packages/tutorial_interfaces/libtutorial_interfaces__rosidl_generator_py.so
[0.920s] -- Up-to-date: /home/vboxuser/hw4_ws/install/tutorial_interfaces/local/lib/python3.10/dist-packages/tutorial_interfaces/tutorial_interfaces_s__rosidl_typesupport_introspection_c.cpython-310-x86_64-linux-gnu.so
[0.965s] Listing '/home/vboxuser/hw4_ws/install/tutorial_interfaces/local/lib/python3.10/dist-packages/tutorial_interfaces'...
[0.965s] Listing '/home/vboxuser/hw4_ws/install/tutorial_interfaces/local/lib/python3.10/dist-packages/tutorial_interfaces/srv'...
[0.970s] -- Up-to-date: /home/vboxuser/hw4_ws/install/tutorial_interfaces/local/lib/python3.10/dist-packages/tutorial_interfaces/tutorial_interfaces_s__rosidl_typesupport_fastrtps_c.cpython-310-x86_64-linux-gnu.so
[0.971s] -- Up-to-date: /home/vboxuser/hw4_ws/install/tutorial_interfaces/local/lib/python3.10/dist-packages/tutorial_interfaces/tutorial_interfaces_s__rosidl_typesupport_introspection_c.cpython-310-x86_64-linux-gnu.so
[0.971s] -- Up-to-date: /home/vboxuser/hw4_ws/install/tutorial_interfaces/local/lib/python3.10/dist-packages/tutorial_interfaces/tutorial_interfaces_s__rosidl_typesupport_c.cpython-310-x86_64-linux-gnu.so
[0.971s] -- Up-to-date: /home/vboxuser/hw4_ws/install/tutorial_interfaces/lib/libtutorial_interfaces__rosidl_generator_py.so
[0.972s] -- Up-to-date: /home/vboxuser/hw4_ws/install/tutorial_interfaces/share/tutorial_interfaces/srv/TwoInts.idl
[0.972s] -- Up-to-date: /home/vboxuser/hw4_ws/install/tutorial_interfaces/share/tutorial_interfaces/srv/TwoInts.srv
[0.972s] -- Up-to-date: /home/vboxuser/hw4_ws/install/tutorial_interfaces/share/tutorial_interfaces/srv/TwoInts_Request.msg
[0.972s] -- Up-to-date: /home/vboxuser/hw4_ws/install/tutorial_interfaces/share/tutorial_interfaces/srv/TwoInts_Response.msg
[0.972s] -- Up-to-date: /home/vboxuser/hw4_ws/install/tutorial_interfaces/share/ament_index/resource_index/package_run_dependencies/tutorial_interfaces
[0.972s] -- Up-to-date: /home/vboxuser/hw4_ws/install/tutorial_interfaces/share/ament_index/resource_index/parent_prefix_path/tutorial_interfaces
[0.973s] -- Up-to-date: /home/vboxuser/hw4_ws/install/tutorial_interfaces/share/tutorial_interfaces/environment/ament_prefix_path.sh
[0.973s] -- Up-to-date: /home/vboxuser/hw4_ws/install/tutorial_interfaces/share/tutorial_interfaces/environment/ament_prefix_path.dsv
[0.973s] -- Up-to-date: /home/vboxuser/hw4_ws/install/tutorial_interfaces/share/tutorial_interfaces/environment/path.sh
[0.973s] -- Up-to-date: /home/vboxuser/hw4_ws/install/tutorial_interfaces/share/tutorial_interfaces/environment/path.dsv
[0.973s] -- Up-to-date: /home/vboxuser/hw4_ws/install/tutorial_interfaces/share/tutorial_interfaces/local_setup.bash
[0.973s] -- Up-to-date: /home/vboxuser/hw4_ws/install/tutorial_interfaces/share/tutorial_interfaces/local_setup.sh
[0.973s] -- Up-to-date: /home/vboxuser/hw4_ws/install/tutorial_interfaces/share/tutorial_interfaces/local_setup.zsh
[0.973s] -- Up-to-date: /home/vboxuser/hw4_ws/install/tutorial_interfaces/share/tutorial_interfaces/local_setup.dsv
[0.973s] -- Installing: /home/vboxuser/hw4_ws/install/tutorial_interfaces/share/tutorial_interfaces/package.dsv
[0.974s] -- Up-to-date: /home/vboxuser/hw4_ws/install/tutorial_interfaces/share/ament_index/resource_index/packages/tutorial_interfaces
[0.974s] -- Up-to-date: /home/vboxuser/hw4_ws/install/tutorial_interfaces/share/tutorial_interfaces/cmake/export_tutorial_interfaces__rosidl_generator_cExport.cmake
[0.974s] -- Up-to-date: /home/vboxuser/hw4_ws/install/tutorial_interfaces/share/tutorial_interfaces/cmake/export_tutorial_interfaces__rosidl_generator_cExport-noconfig.cmake
[0.974s] -- Up-to-date: /home/vboxuser/hw4_ws/install/tutorial_interfaces/share/tutorial_interfaces/cmake/export_tutorial_interfaces__rosidl_typesupport_fastrtps_cExport.cmake
[0.974s] -- Up-to-date: /home/vboxuser/hw4_ws/install/tutorial_interfaces/share/tutorial_interfaces/cmake/export_tutorial_interfaces__rosidl_typesupport_fastrtps_cExport-noconfig.cmake
[0.974s] -- Up-to-date: /home/vboxuser/hw4_ws/install/tutorial_interfaces/share/tutorial_interfaces/cmake/tutorial_interfaces__rosidl_typesupport_introspection_cExport.cmake
[0.974s] -- Up-to-date: /home/vboxuser/hw4_ws/install/tutorial_interfaces/share/tutorial_interfaces/cmake/tutorial_interfaces__rosidl_typesupport_introspection_cExport-noconfig.cmake
[0.975s] -- Up-to-date: /home/vboxuser/hw4_ws/install/tutorial_interfaces/share/tutorial_interfaces/cmake/tutorial_interfaces__rosidl_typesupport_cExport.cmake
[0.976s] -- Up-to-date: /home/vboxuser/hw4_ws/install/tutorial_interfaces/share/tutorial_interfaces/cmake/tutorial_interfaces__rosidl_typesupport_cExport-noconfig.cmake
[0.976s] -- Up-to-date: /home/vboxuser/hw4_ws/install/tutorial_interfaces/share/tutorial_interfaces/cmake/export_tutorial_interfaces__rosidl_generator_cppExport.cmake
[0.976s] -- Up-to-date: /home/vboxuser/hw4_ws/install/tutorial_interfaces/share/tutorial_interfaces/cmake/export_tutorial_interfaces__rosidl_typesupport_fastrtps_cppExport.cmake
[0.976s] -- Up-to-date: /home/vboxuser/hw4_ws/install/tutorial_interfaces/share/tutorial_interfaces/cmake/export_tutorial_interfaces__rosidl_typesupport_fastrtps_cppExport-noconfig.cmake
[0.976s] -- Up-to-date: /home/vboxuser/hw4_ws/install/tutorial_interfaces/share/tutorial_interfaces/cmake/tutorial_interfaces__rosidl_typesupport_introspection_cppExport.cmake
[0.976s] -- Up-to-date: /home/vboxuser/hw4_ws/install/tutorial_interfaces/share/tutorial_interfaces/cmake/tutorial_interfaces__rosidl_typesupport_introspection_cppExport-noconfig.cmake
[0.976s] -- Up-to-date: /home/vboxuser/hw4_ws/install/tutorial_interfaces/share/tutorial_interfaces/cmake/tutorial_interfaces__rosidl_typesupport_cppExport.cmake
[0.976s] -- Up-to-date: /home/vboxuser/hw4_ws/install/tutorial_interfaces/share/tutorial_interfaces/cmake/tutorial_interfaces__rosidl_typesupport_cppExport-noconfig.cmake
[0.976s] -- Up-to-date: /home/vboxuser/hw4_ws/install/tutorial_interfaces/share/tutorial_interfaces/cmake/export_tutorial_interfaces__rosidl_generator_pyExport.cmake
[0.977s] -- Up-to-date: /home/vboxuser/hw4_ws/install/tutorial_interfaces/share/tutorial_interfaces/cmake/export_tutorial_interfaces__rosidl_generator_pyExport-noconfig.cmake
[0.977s] -- Up-to-date: /home/vboxuser/hw4_ws/install/tutorial_interfaces/share/tutorial_interfaces/cmake/rosidl_cmake-extras.cmake
[0.977s] -- Up-to-date: /home/vboxuser/hw4_ws/install/tutorial_interfaces/share/tutorial_interfaces/cmake/ament_cmake_export_include_directories-extras.cmake
[0.977s] -- Up-to-date: /home/vboxuser/hw4_ws/install/tutorial_interfaces/share/tutorial_interfaces/cmake/ament_cmake_export_libraries-extras.cmake
[0.977s] -- Up-to-date: /home/vboxuser/hw4_ws/install/tutorial_interfaces/share/tutorial_interfaces/cmake/ament_cmake_export_targets-extras.cmake
[0.977s] -- Up-to-date: /home/vboxuser/hw4_ws/install/tutorial_interfaces/share/tutorial_interfaces/cmake/rosidl_cmake_export_typesupport_targets-extras.cmake
[0.978s] -- Up-to-date: /home/vboxuser/hw4_ws/install/tutorial_interfaces/share/tutorial_interfaces/cmake/ament_cmake_export_dependencies-extras.cmake
[0.978s] -- Up-to-date: /home/vboxuser/hw4_ws/install/tutorial_interfaces/share/tutorial_interfaces/cmake/rosidl_cmake_export_typesupport_libraries-extras.cmake
[0.979s] -- Up-to-date: /home/vboxuser/hw4_ws/install/tutorial_interfaces/share/tutorial_interfaces/cmake/tutorial_interfacesConfig.cmake
[0.979s] -- Up-to-date: /home/vboxuser/hw4_ws/install/tutorial_interfaces/share/tutorial_interfaces/cmake/tutorial_interfacesConfig-version.cmake
[0.979s] -- Up-to-date: /home/vboxuser/hw4_ws/install/tutorial_interfaces/share/tutorial_interfaces/package.xml
[0.980s] Invoked command in '/home/vboxuser/hw4_ws/build/tutorial_interfaces' returned '0': CMAKE_PREFIX_PATH=${CMAKE_PREFIX_PATH}:/home/vboxuser/hw4_ws/install/py_srvcli:/home/vboxuser/hw4_ws/install/calculator:/opt/ros/humble /usr/bin/cmake --install /home/vboxuser/hw4_ws/build/tutorial_interfaces
