[1.536s] DEBUG:colcon:Command line arguments: ['/usr/bin/colcon', 'build']
[1.536s] DEBUG:colcon:Parsed command line arguments: Namespace(log_base=None, log_level=None, verb_name='build', build_base='build', install_base='install', merge_install=False, symlink_install=False, test_result_base=None, continue_on_error=False, executor='parallel', parallel_workers=6, event_handlers=None, ignore_user_meta=False, metas=['./colcon.meta'], base_paths=['.'], packages_ignore=None, packages_ignore_regex=None, paths=None, packages_up_to=None, packages_up_to_regex=None, packages_above=None, packages_above_and_dependencies=None, packages_above_depth=None, packages_select_by_dep=None, packages_skip_by_dep=None, packages_skip_up_to=None, packages_select_build_failed=False, packages_skip_build_finished=False, packages_select_test_failures=False, packages_skip_test_passed=False, packages_select=None, packages_skip=None, packages_select_regex=None, packages_skip_regex=None, packages_start=None, packages_end=None, allow_overriding=[], cmake_args=None, cmake_target=None, cmake_target_skip_unavailable=False, cmake_clean_cache=False, cmake_clean_first=False, cmake_force_configure=False, ament_cmake_args=None, catkin_cmake_args=None, catkin_skip_building_tests=False, verb_parser=<colcon_defaults.argument_parser.defaults.DefaultArgumentsDecorator object at 0x7fb3e542ab60>, verb_extension=<colcon_core.verb.build.BuildVerb object at 0x7fb3e5429360>, main=<bound method BuildVerb.main of <colcon_core.verb.build.BuildVerb object at 0x7fb3e5429360>>)
[1.599s] Level 1:colcon.colcon_core.package_discovery:discover_packages(colcon_meta) check parameters
[1.600s] Level 1:colcon.colcon_core.package_discovery:discover_packages(recursive) check parameters
[1.600s] Level 1:colcon.colcon_core.package_discovery:discover_packages(ignore) check parameters
[1.600s] Level 1:colcon.colcon_core.package_discovery:discover_packages(path) check parameters
[1.600s] Level 1:colcon.colcon_core.package_discovery:discover_packages(colcon_meta) discover
[1.600s] Level 1:colcon.colcon_core.package_discovery:discover_packages(recursive) discover
[1.600s] INFO:colcon.colcon_core.package_discovery:Crawling recursively for packages in '/home/vboxuser/hw5_ws/src'
[1.600s] Level 1:colcon.colcon_core.package_identification:_identify(.) by extensions ['ignore', 'ignore_ament_install']
[1.600s] Level 1:colcon.colcon_core.package_identification:_identify(.) by extension 'ignore'
[1.600s] Level 1:colcon.colcon_core.package_identification:_identify(.) by extension 'ignore_ament_install'
[1.600s] Level 1:colcon.colcon_core.package_identification:_identify(.) by extensions ['colcon_pkg']
[1.600s] Level 1:colcon.colcon_core.package_identification:_identify(.) by extension 'colcon_pkg'
[1.600s] Level 1:colcon.colcon_core.package_identification:_identify(.) by extensions ['colcon_meta']
[1.600s] Level 1:colcon.colcon_core.package_identification:_identify(.) by extension 'colcon_meta'
[1.600s] Level 1:colcon.colcon_core.package_identification:_identify(.) by extensions ['ros']
[1.600s] Level 1:colcon.colcon_core.package_identification:_identify(.) by extension 'ros'
[1.617s] Level 1:colcon.colcon_core.package_identification:_identify(.) by extensions ['cmake', 'python']
[1.618s] Level 1:colcon.colcon_core.package_identification:_identify(.) by extension 'cmake'
[1.618s] Level 1:colcon.colcon_core.package_identification:_identify(.) by extension 'python'
[1.618s] Level 1:colcon.colcon_core.package_identification:_identify(.) by extensions ['python_setup_py']
[1.618s] Level 1:colcon.colcon_core.package_identification:_identify(.) by extension 'python_setup_py'
[1.618s] Level 1:colcon.colcon_core.package_identification:_identify(actions_py) by extensions ['ignore', 'ignore_ament_install']
[1.618s] Level 1:colcon.colcon_core.package_identification:_identify(actions_py) by extension 'ignore'
[1.618s] Level 1:colcon.colcon_core.package_identification:_identify(actions_py) by extension 'ignore_ament_install'
[1.618s] Level 1:colcon.colcon_core.package_identification:_identify(actions_py) by extensions ['colcon_pkg']
[1.618s] Level 1:colcon.colcon_core.package_identification:_identify(actions_py) by extension 'colcon_pkg'
[1.618s] Level 1:colcon.colcon_core.package_identification:_identify(actions_py) by extensions ['colcon_meta']
[1.618s] Level 1:colcon.colcon_core.package_identification:_identify(actions_py) by extension 'colcon_meta'
[1.618s] Level 1:colcon.colcon_core.package_identification:_identify(actions_py) by extensions ['ros']
[1.618s] Level 1:colcon.colcon_core.package_identification:_identify(actions_py) by extension 'ros'
[1.622s] DEBUG:colcon.colcon_core.package_identification:Package 'actions_py' with type 'ros.ament_python' and name 'actions_py'
[1.622s] Level 1:colcon.colcon_core.package_identification:_identify(build) by extensions ['ignore', 'ignore_ament_install']
[1.622s] Level 1:colcon.colcon_core.package_identification:_identify(build) by extension 'ignore'
[1.622s] Level 1:colcon.colcon_core.package_identification:_identify(build) ignored
[1.622s] Level 1:colcon.colcon_core.package_identification:_identify(install) by extensions ['ignore', 'ignore_ament_install']
[1.622s] Level 1:colcon.colcon_core.package_identification:_identify(install) by extension 'ignore'
[1.623s] Level 1:colcon.colcon_core.package_identification:_identify(install) ignored
[1.623s] Level 1:colcon.colcon_core.package_identification:_identify(log) by extensions ['ignore', 'ignore_ament_install']
[1.623s] Level 1:colcon.colcon_core.package_identification:_identify(log) by extension 'ignore'
[1.623s] Level 1:colcon.colcon_core.package_identification:_identify(log) ignored
[1.623s] Level 1:colcon.colcon_core.package_identification:_identify(my_interfaces) by extensions ['ignore', 'ignore_ament_install']
[1.623s] Level 1:colcon.colcon_core.package_identification:_identify(my_interfaces) by extension 'ignore'
[1.623s] Level 1:colcon.colcon_core.package_identification:_identify(my_interfaces) by extension 'ignore_ament_install'
[1.623s] Level 1:colcon.colcon_core.package_identification:_identify(my_interfaces) by extensions ['colcon_pkg']
[1.623s] Level 1:colcon.colcon_core.package_identification:_identify(my_interfaces) by extension 'colcon_pkg'
[1.623s] Level 1:colcon.colcon_core.package_identification:_identify(my_interfaces) by extensions ['colcon_meta']
[1.623s] Level 1:colcon.colcon_core.package_identification:_identify(my_interfaces) by extension 'colcon_meta'
[1.623s] Level 1:colcon.colcon_core.package_identification:_identify(my_interfaces) by extensions ['ros']
[1.623s] Level 1:colcon.colcon_core.package_identification:_identify(my_interfaces) by extension 'ros'
[1.624s] DEBUG:colcon.colcon_core.package_identification:Package 'my_interfaces' with type 'ros.ament_cmake' and name 'my_interfaces'
[1.624s] Level 1:colcon.colcon_core.package_identification:_identify(my_robot_intrfaces) by extensions ['ignore', 'ignore_ament_install']
[1.624s] Level 1:colcon.colcon_core.package_identification:_identify(my_robot_intrfaces) by extension 'ignore'
[1.624s] Level 1:colcon.colcon_core.package_identification:_identify(my_robot_intrfaces) ignored
[1.624s] Level 1:colcon.colcon_core.package_identification:_identify(turtle_joy) by extensions ['ignore', 'ignore_ament_install']
[1.624s] Level 1:colcon.colcon_core.package_identification:_identify(turtle_joy) by extension 'ignore'
[1.625s] Level 1:colcon.colcon_core.package_identification:_identify(turtle_joy) by extension 'ignore_ament_install'
[1.625s] Level 1:colcon.colcon_core.package_identification:_identify(turtle_joy) by extensions ['colcon_pkg']
[1.625s] Level 1:colcon.colcon_core.package_identification:_identify(turtle_joy) by extension 'colcon_pkg'
[1.625s] Level 1:colcon.colcon_core.package_identification:_identify(turtle_joy) by extensions ['colcon_meta']
[1.625s] Level 1:colcon.colcon_core.package_identification:_identify(turtle_joy) by extension 'colcon_meta'
[1.625s] Level 1:colcon.colcon_core.package_identification:_identify(turtle_joy) by extensions ['ros']
[1.625s] Level 1:colcon.colcon_core.package_identification:_identify(turtle_joy) by extension 'ros'
[1.626s] DEBUG:colcon.colcon_core.package_identification:Package 'turtle_joy' with type 'ros.ament_python' and name 'turtle_joy'
[1.626s] Level 1:colcon.colcon_core.package_identification:_identify(turtle_mover) by extensions ['ignore', 'ignore_ament_install']
[1.626s] Level 1:colcon.colcon_core.package_identification:_identify(turtle_mover) by extension 'ignore'
[1.626s] Level 1:colcon.colcon_core.package_identification:_identify(turtle_mover) by extension 'ignore_ament_install'
[1.626s] Level 1:colcon.colcon_core.package_identification:_identify(turtle_mover) by extensions ['colcon_pkg']
[1.626s] Level 1:colcon.colcon_core.package_identification:_identify(turtle_mover) by extension 'colcon_pkg'
[1.627s] Level 1:colcon.colcon_core.package_identification:_identify(turtle_mover) by extensions ['colcon_meta']
[1.627s] Level 1:colcon.colcon_core.package_identification:_identify(turtle_mover) by extension 'colcon_meta'
[1.627s] Level 1:colcon.colcon_core.package_identification:_identify(turtle_mover) by extensions ['ros']
[1.627s] Level 1:colcon.colcon_core.package_identification:_identify(turtle_mover) by extension 'ros'
[1.628s] DEBUG:colcon.colcon_core.package_identification:Package 'turtle_mover' with type 'ros.ament_python' and name 'turtle_mover'
[1.628s] Level 1:colcon.colcon_core.package_identification:_identify(turtle_run) by extensions ['ignore', 'ignore_ament_install']
[1.628s] Level 1:colcon.colcon_core.package_identification:_identify(turtle_run) by extension 'ignore'
[1.628s] Level 1:colcon.colcon_core.package_identification:_identify(turtle_run) by extension 'ignore_ament_install'
[1.628s] Level 1:colcon.colcon_core.package_identification:_identify(turtle_run) by extensions ['colcon_pkg']
[1.628s] Level 1:colcon.colcon_core.package_identification:_identify(turtle_run) by extension 'colcon_pkg'
[1.628s] Level 1:colcon.colcon_core.package_identification:_identify(turtle_run) by extensions ['colcon_meta']
[1.628s] Level 1:colcon.colcon_core.package_identification:_identify(turtle_run) by extension 'colcon_meta'
[1.628s] Level 1:colcon.colcon_core.package_identification:_identify(turtle_run) by extensions ['ros']
[1.628s] Level 1:colcon.colcon_core.package_identification:_identify(turtle_run) by extension 'ros'
[1.630s] DEBUG:colcon.colcon_core.package_identification:Package 'turtle_run' with type 'ros.ament_python' and name 'turtle_run'
[1.630s] Level 1:colcon.colcon_core.package_discovery:discover_packages(recursive) using defaults
[1.630s] Level 1:colcon.colcon_core.package_discovery:discover_packages(ignore) discover
[1.630s] Level 1:colcon.colcon_core.package_discovery:discover_packages(ignore) using defaults
[1.630s] Level 1:colcon.colcon_core.package_discovery:discover_packages(path) discover
[1.630s] Level 1:colcon.colcon_core.package_discovery:discover_packages(path) using defaults
[1.766s] Level 1:colcon.colcon_core.package_discovery:discover_packages(prefix_path) check parameters
[1.766s] Level 1:colcon.colcon_core.package_discovery:discover_packages(prefix_path) discover
[1.810s] DEBUG:colcon.colcon_installed_package_information.package_discovery:Found 284 installed packages in /opt/ros/humble
[1.813s] Level 1:colcon.colcon_core.package_discovery:discover_packages(prefix_path) using defaults
[1.982s] Level 5:colcon.colcon_core.verb:set package 'actions_py' build argument 'cmake_args' from command line to 'None'
[1.982s] Level 5:colcon.colcon_core.verb:set package 'actions_py' build argument 'cmake_target' from command line to 'None'
[1.982s] Level 5:colcon.colcon_core.verb:set package 'actions_py' build argument 'cmake_target_skip_unavailable' from command line to 'False'
[1.982s] Level 5:colcon.colcon_core.verb:set package 'actions_py' build argument 'cmake_clean_cache' from command line to 'False'
[1.982s] Level 5:colcon.colcon_core.verb:set package 'actions_py' build argument 'cmake_clean_first' from command line to 'False'
[1.982s] Level 5:colcon.colcon_core.verb:set package 'actions_py' build argument 'cmake_force_configure' from command line to 'False'
[1.982s] Level 5:colcon.colcon_core.verb:set package 'actions_py' build argument 'ament_cmake_args' from command line to 'None'
[1.982s] Level 5:colcon.colcon_core.verb:set package 'actions_py' build argument 'catkin_cmake_args' from command line to 'None'
[1.982s] Level 5:colcon.colcon_core.verb:set package 'actions_py' build argument 'catkin_skip_building_tests' from command line to 'False'
[1.982s] DEBUG:colcon.colcon_core.verb:Building package 'actions_py' with the following arguments: {'ament_cmake_args': None, 'build_base': '/home/vboxuser/hw5_ws/src/build/actions_py', 'catkin_cmake_args': None, 'catkin_skip_building_tests': False, 'cmake_args': None, 'cmake_clean_cache': False, 'cmake_clean_first': False, 'cmake_force_configure': False, 'cmake_target': None, 'cmake_target_skip_unavailable': False, 'install_base': '/home/vboxuser/hw5_ws/src/install/actions_py', 'merge_install': False, 'path': '/home/vboxuser/hw5_ws/src/actions_py', 'symlink_install': False, 'test_result_base': None}
[2.003s] Level 5:colcon.colcon_core.verb:set package 'my_interfaces' build argument 'cmake_args' from command line to 'None'
[2.004s] Level 5:colcon.colcon_core.verb:set package 'my_interfaces' build argument 'cmake_target' from command line to 'None'
[2.004s] Level 5:colcon.colcon_core.verb:set package 'my_interfaces' build argument 'cmake_target_skip_unavailable' from command line to 'False'
[2.004s] Level 5:colcon.colcon_core.verb:set package 'my_interfaces' build argument 'cmake_clean_cache' from command line to 'False'
[2.004s] Level 5:colcon.colcon_core.verb:set package 'my_interfaces' build argument 'cmake_clean_first' from command line to 'False'
[2.004s] Level 5:colcon.colcon_core.verb:set package 'my_interfaces' build argument 'cmake_force_configure' from command line to 'False'
[2.004s] Level 5:colcon.colcon_core.verb:set package 'my_interfaces' build argument 'ament_cmake_args' from command line to 'None'
[2.004s] Level 5:colcon.colcon_core.verb:set package 'my_interfaces' build argument 'catkin_cmake_args' from command line to 'None'
[2.004s] Level 5:colcon.colcon_core.verb:set package 'my_interfaces' build argument 'catkin_skip_building_tests' from command line to 'False'
[2.004s] DEBUG:colcon.colcon_core.verb:Building package 'my_interfaces' with the following arguments: {'ament_cmake_args': None, 'build_base': '/home/vboxuser/hw5_ws/src/build/my_interfaces', 'catkin_cmake_args': None, 'catkin_skip_building_tests': False, 'cmake_args': None, 'cmake_clean_cache': False, 'cmake_clean_first': False, 'cmake_force_configure': False, 'cmake_target': None, 'cmake_target_skip_unavailable': False, 'install_base': '/home/vboxuser/hw5_ws/src/install/my_interfaces', 'merge_install': False, 'path': '/home/vboxuser/hw5_ws/src/my_interfaces', 'symlink_install': False, 'test_result_base': None}
[2.026s] Level 5:colcon.colcon_core.verb:set package 'turtle_joy' build argument 'cmake_args' from command line to 'None'
[2.026s] Level 5:colcon.colcon_core.verb:set package 'turtle_joy' build argument 'cmake_target' from command line to 'None'
[2.026s] Level 5:colcon.colcon_core.verb:set package 'turtle_joy' build argument 'cmake_target_skip_unavailable' from command line to 'False'
[2.026s] Level 5:colcon.colcon_core.verb:set package 'turtle_joy' build argument 'cmake_clean_cache' from command line to 'False'
[2.026s] Level 5:colcon.colcon_core.verb:set package 'turtle_joy' build argument 'cmake_clean_first' from command line to 'False'
[2.026s] Level 5:colcon.colcon_core.verb:set package 'turtle_joy' build argument 'cmake_force_configure' from command line to 'False'
[2.026s] Level 5:colcon.colcon_core.verb:set package 'turtle_joy' build argument 'ament_cmake_args' from command line to 'None'
[2.026s] Level 5:colcon.colcon_core.verb:set package 'turtle_joy' build argument 'catkin_cmake_args' from command line to 'None'
[2.026s] Level 5:colcon.colcon_core.verb:set package 'turtle_joy' build argument 'catkin_skip_building_tests' from command line to 'False'
[2.026s] DEBUG:colcon.colcon_core.verb:Building package 'turtle_joy' with the following arguments: {'ament_cmake_args': None, 'build_base': '/home/vboxuser/hw5_ws/src/build/turtle_joy', 'catkin_cmake_args': None, 'catkin_skip_building_tests': False, 'cmake_args': None, 'cmake_clean_cache': False, 'cmake_clean_first': False, 'cmake_force_configure': False, 'cmake_target': None, 'cmake_target_skip_unavailable': False, 'install_base': '/home/vboxuser/hw5_ws/src/install/turtle_joy', 'merge_install': False, 'path': '/home/vboxuser/hw5_ws/src/turtle_joy', 'symlink_install': False, 'test_result_base': None}
[2.048s] Level 5:colcon.colcon_core.verb:set package 'turtle_mover' build argument 'cmake_args' from command line to 'None'
[2.048s] Level 5:colcon.colcon_core.verb:set package 'turtle_mover' build argument 'cmake_target' from command line to 'None'
[2.048s] Level 5:colcon.colcon_core.verb:set package 'turtle_mover' build argument 'cmake_target_skip_unavailable' from command line to 'False'
[2.048s] Level 5:colcon.colcon_core.verb:set package 'turtle_mover' build argument 'cmake_clean_cache' from command line to 'False'
[2.048s] Level 5:colcon.colcon_core.verb:set package 'turtle_mover' build argument 'cmake_clean_first' from command line to 'False'
[2.048s] Level 5:colcon.colcon_core.verb:set package 'turtle_mover' build argument 'cmake_force_configure' from command line to 'False'
[2.048s] Level 5:colcon.colcon_core.verb:set package 'turtle_mover' build argument 'ament_cmake_args' from command line to 'None'
[2.048s] Level 5:colcon.colcon_core.verb:set package 'turtle_mover' build argument 'catkin_cmake_args' from command line to 'None'
[2.048s] Level 5:colcon.colcon_core.verb:set package 'turtle_mover' build argument 'catkin_skip_building_tests' from command line to 'False'
[2.048s] DEBUG:colcon.colcon_core.verb:Building package 'turtle_mover' with the following arguments: {'ament_cmake_args': None, 'build_base': '/home/vboxuser/hw5_ws/src/build/turtle_mover', 'catkin_cmake_args': None, 'catkin_skip_building_tests': False, 'cmake_args': None, 'cmake_clean_cache': False, 'cmake_clean_first': False, 'cmake_force_configure': False, 'cmake_target': None, 'cmake_target_skip_unavailable': False, 'install_base': '/home/vboxuser/hw5_ws/src/install/turtle_mover', 'merge_install': False, 'path': '/home/vboxuser/hw5_ws/src/turtle_mover', 'symlink_install': False, 'test_result_base': None}
[2.070s] Level 5:colcon.colcon_core.verb:set package 'turtle_run' build argument 'cmake_args' from command line to 'None'
[2.070s] Level 5:colcon.colcon_core.verb:set package 'turtle_run' build argument 'cmake_target' from command line to 'None'
[2.070s] Level 5:colcon.colcon_core.verb:set package 'turtle_run' build argument 'cmake_target_skip_unavailable' from command line to 'False'
[2.070s] Level 5:colcon.colcon_core.verb:set package 'turtle_run' build argument 'cmake_clean_cache' from command line to 'False'
[2.070s] Level 5:colcon.colcon_core.verb:set package 'turtle_run' build argument 'cmake_clean_first' from command line to 'False'
[2.070s] Level 5:colcon.colcon_core.verb:set package 'turtle_run' build argument 'cmake_force_configure' from command line to 'False'
[2.070s] Level 5:colcon.colcon_core.verb:set package 'turtle_run' build argument 'ament_cmake_args' from command line to 'None'
[2.070s] Level 5:colcon.colcon_core.verb:set package 'turtle_run' build argument 'catkin_cmake_args' from command line to 'None'
[2.070s] Level 5:colcon.colcon_core.verb:set package 'turtle_run' build argument 'catkin_skip_building_tests' from command line to 'False'
[2.070s] DEBUG:colcon.colcon_core.verb:Building package 'turtle_run' with the following arguments: {'ament_cmake_args': None, 'build_base': '/home/vboxuser/hw5_ws/src/build/turtle_run', 'catkin_cmake_args': None, 'catkin_skip_building_tests': False, 'cmake_args': None, 'cmake_clean_cache': False, 'cmake_clean_first': False, 'cmake_force_configure': False, 'cmake_target': None, 'cmake_target_skip_unavailable': False, 'install_base': '/home/vboxuser/hw5_ws/src/install/turtle_run', 'merge_install': False, 'path': '/home/vboxuser/hw5_ws/src/turtle_run', 'symlink_install': False, 'test_result_base': None}
[2.093s] INFO:colcon.colcon_core.executor:Executing jobs using 'parallel' executor
[2.115s] DEBUG:colcon.colcon_parallel_executor.executor.parallel:run_until_complete
[2.115s] INFO:colcon.colcon_ros.task.ament_python.build:Building ROS package in '/home/vboxuser/hw5_ws/src/actions_py' with build type 'ament_python'
[2.115s] Level 1:colcon.colcon_core.shell:create_environment_hook('actions_py', 'ament_prefix_path')
[2.140s] INFO:colcon.colcon_core.plugin_system:Skipping extension 'colcon_core.shell.bat': Not used on non-Windows systems
[2.140s] INFO:colcon.colcon_core.shell:Creating environment hook '/home/vboxuser/hw5_ws/src/install/actions_py/share/actions_py/hook/ament_prefix_path.ps1'
[2.141s] INFO:colcon.colcon_core.shell:Creating environment descriptor '/home/vboxuser/hw5_ws/src/install/actions_py/share/actions_py/hook/ament_prefix_path.dsv'
[2.142s] INFO:colcon.colcon_core.shell:Creating environment hook '/home/vboxuser/hw5_ws/src/install/actions_py/share/actions_py/hook/ament_prefix_path.sh'
[2.164s] INFO:colcon.colcon_core.shell:Skip shell extension 'powershell' for command environment: Not usable outside of PowerShell
[2.164s] DEBUG:colcon.colcon_core.shell:Skip shell extension 'dsv' for command environment
[2.216s] INFO:colcon.colcon_ros.task.ament_cmake.build:Building ROS package in '/home/vboxuser/hw5_ws/src/my_interfaces' with build type 'ament_cmake'
[2.216s] INFO:colcon.colcon_cmake.task.cmake.build:Building CMake package in '/home/vboxuser/hw5_ws/src/my_interfaces'
[2.242s] INFO:colcon.colcon_core.shell:Skip shell extension 'powershell' for command environment: Not usable outside of PowerShell
[2.242s] DEBUG:colcon.colcon_core.shell:Skip shell extension 'dsv' for command environment
[2.316s] INFO:colcon.colcon_ros.task.ament_python.build:Building ROS package in '/home/vboxuser/hw5_ws/src/turtle_joy' with build type 'ament_python'
[2.316s] Level 1:colcon.colcon_core.shell:create_environment_hook('turtle_joy', 'ament_prefix_path')
[2.354s] INFO:colcon.colcon_core.shell:Creating environment hook '/home/vboxuser/hw5_ws/src/install/turtle_joy/share/turtle_joy/hook/ament_prefix_path.ps1'
[2.354s] INFO:colcon.colcon_core.shell:Creating environment descriptor '/home/vboxuser/hw5_ws/src/install/turtle_joy/share/turtle_joy/hook/ament_prefix_path.dsv'
[2.355s] INFO:colcon.colcon_core.shell:Creating environment hook '/home/vboxuser/hw5_ws/src/install/turtle_joy/share/turtle_joy/hook/ament_prefix_path.sh'
[2.379s] INFO:colcon.colcon_core.shell:Skip shell extension 'powershell' for command environment: Not usable outside of PowerShell
[2.380s] DEBUG:colcon.colcon_core.shell:Skip shell extension 'dsv' for command environment
[2.428s] INFO:colcon.colcon_ros.task.ament_python.build:Building ROS package in '/home/vboxuser/hw5_ws/src/turtle_mover' with build type 'ament_python'
[2.428s] Level 1:colcon.colcon_core.shell:create_environment_hook('turtle_mover', 'ament_prefix_path')
[2.451s] INFO:colcon.colcon_core.shell:Creating environment hook '/home/vboxuser/hw5_ws/src/install/turtle_mover/share/turtle_mover/hook/ament_prefix_path.ps1'
[2.451s] INFO:colcon.colcon_core.shell:Creating environment descriptor '/home/vboxuser/hw5_ws/src/install/turtle_mover/share/turtle_mover/hook/ament_prefix_path.dsv'
[2.452s] INFO:colcon.colcon_core.shell:Creating environment hook '/home/vboxuser/hw5_ws/src/install/turtle_mover/share/turtle_mover/hook/ament_prefix_path.sh'
[2.474s] INFO:colcon.colcon_core.shell:Skip shell extension 'powershell' for command environment: Not usable outside of PowerShell
[2.474s] DEBUG:colcon.colcon_core.shell:Skip shell extension 'dsv' for command environment
[2.520s] INFO:colcon.colcon_ros.task.ament_python.build:Building ROS package in '/home/vboxuser/hw5_ws/src/turtle_run' with build type 'ament_python'
[2.520s] Level 1:colcon.colcon_core.shell:create_environment_hook('turtle_run', 'ament_prefix_path')
[2.541s] INFO:colcon.colcon_core.shell:Creating environment hook '/home/vboxuser/hw5_ws/src/install/turtle_run/share/turtle_run/hook/ament_prefix_path.ps1'
[2.542s] INFO:colcon.colcon_core.shell:Creating environment descriptor '/home/vboxuser/hw5_ws/src/install/turtle_run/share/turtle_run/hook/ament_prefix_path.dsv'
[2.542s] INFO:colcon.colcon_core.shell:Creating environment hook '/home/vboxuser/hw5_ws/src/install/turtle_run/share/turtle_run/hook/ament_prefix_path.sh'
[2.565s] INFO:colcon.colcon_core.shell:Skip shell extension 'powershell' for command environment: Not usable outside of PowerShell
[2.565s] DEBUG:colcon.colcon_core.shell:Skip shell extension 'dsv' for command environment
[3.046s] INFO:colcon.colcon_core.task.python.build:Building Python package in '/home/vboxuser/hw5_ws/src/actions_py'
[3.067s] INFO:colcon.colcon_core.shell:Skip shell extension 'powershell' for command environment: Not usable outside of PowerShell
[3.067s] DEBUG:colcon.colcon_core.shell:Skip shell extension 'dsv' for command environment
[3.116s] DEBUG:colcon.colcon_core.event_handler.log_command:Invoking command in '/home/vboxuser/hw5_ws/src/build/my_interfaces': CMAKE_PREFIX_PATH=/opt/ros/humble /usr/bin/cmake /home/vboxuser/hw5_ws/src/my_interfaces -DCMAKE_INSTALL_PREFIX=/home/vboxuser/hw5_ws/src/install/my_interfaces
[3.570s] INFO:colcon.colcon_core.task.python.build:Building Python package in '/home/vboxuser/hw5_ws/src/turtle_joy'
[3.592s] INFO:colcon.colcon_core.shell:Skip shell extension 'powershell' for command environment: Not usable outside of PowerShell
[3.593s] DEBUG:colcon.colcon_core.shell:Skip shell extension 'dsv' for command environment
[4.040s] INFO:colcon.colcon_core.task.python.build:Building Python package in '/home/vboxuser/hw5_ws/src/turtle_mover'
[4.062s] INFO:colcon.colcon_core.shell:Skip shell extension 'powershell' for command environment: Not usable outside of PowerShell
[4.062s] DEBUG:colcon.colcon_core.shell:Skip shell extension 'dsv' for command environment
[4.534s] INFO:colcon.colcon_core.task.python.build:Building Python package in '/home/vboxuser/hw5_ws/src/turtle_run'
[4.555s] INFO:colcon.colcon_core.shell:Skip shell extension 'powershell' for command environment: Not usable outside of PowerShell
[4.555s] DEBUG:colcon.colcon_core.shell:Skip shell extension 'dsv' for command environment
[5.195s] DEBUG:colcon.colcon_core.event_handler.log_command:Invoking command in '/home/vboxuser/hw5_ws/src/actions_py': PYTHONPATH=/home/vboxuser/hw5_ws/src/build/actions_py/prefix_override:/home/vboxuser/hw5_ws/src/install/actions_py/lib/python3.10/site-packages:${PYTHONPATH} /usr/bin/python3 setup.py egg_info --egg-base ../build/actions_py build --build-base /home/vboxuser/hw5_ws/src/build/actions_py/build install --record /home/vboxuser/hw5_ws/src/build/actions_py/install.log --single-version-externally-managed
[5.271s] DEBUG:colcon.colcon_core.event_handler.log_command:Invoking command in '/home/vboxuser/hw5_ws/src/turtle_mover': PYTHONPATH=/home/vboxuser/hw5_ws/src/build/turtle_mover/prefix_override:/home/vboxuser/hw5_ws/src/install/turtle_mover/lib/python3.10/site-packages:${PYTHONPATH} /usr/bin/python3 setup.py egg_info --egg-base ../build/turtle_mover build --build-base /home/vboxuser/hw5_ws/src/build/turtle_mover/build install --record /home/vboxuser/hw5_ws/src/build/turtle_mover/install.log --single-version-externally-managed
[5.272s] DEBUG:colcon.colcon_core.event_handler.log_command:Invoking command in '/home/vboxuser/hw5_ws/src/turtle_run': PYTHONPATH=/home/vboxuser/hw5_ws/src/build/turtle_run/prefix_override:/home/vboxuser/hw5_ws/src/install/turtle_run/lib/python3.10/site-packages:${PYTHONPATH} /usr/bin/python3 setup.py egg_info --egg-base ../build/turtle_run build --build-base /home/vboxuser/hw5_ws/src/build/turtle_run/build install --record /home/vboxuser/hw5_ws/src/build/turtle_run/install.log --single-version-externally-managed
[5.281s] DEBUG:colcon.colcon_core.event_handler.log_command:Invoking command in '/home/vboxuser/hw5_ws/src/turtle_joy': PYTHONPATH=/home/vboxuser/hw5_ws/src/build/turtle_joy/prefix_override:/home/vboxuser/hw5_ws/src/install/turtle_joy/lib/python3.10/site-packages:${PYTHONPATH} /usr/bin/python3 setup.py egg_info --egg-base ../build/turtle_joy build --build-base /home/vboxuser/hw5_ws/src/build/turtle_joy/build install --record /home/vboxuser/hw5_ws/src/build/turtle_joy/install.log --single-version-externally-managed
[5.646s] DEBUG:colcon.colcon_core.event_handler.log_command:Invoked command in '/home/vboxuser/hw5_ws/src/build/my_interfaces' returned '0': CMAKE_PREFIX_PATH=/opt/ros/humble /usr/bin/cmake /home/vboxuser/hw5_ws/src/my_interfaces -DCMAKE_INSTALL_PREFIX=/home/vboxuser/hw5_ws/src/install/my_interfaces
[5.647s] DEBUG:colcon.colcon_core.event_handler.log_command:Invoking command in '/home/vboxuser/hw5_ws/src/build/my_interfaces': CMAKE_PREFIX_PATH=/opt/ros/humble /usr/bin/cmake --build /home/vboxuser/hw5_ws/src/build/my_interfaces -- -j6 -l6
[5.738s] DEBUG:colcon.colcon_core.event_handler.log_command:Invoked command in '/home/vboxuser/hw5_ws/src/actions_py' returned '0': PYTHONPATH=/home/vboxuser/hw5_ws/src/build/actions_py/prefix_override:/home/vboxuser/hw5_ws/src/install/actions_py/lib/python3.10/site-packages:${PYTHONPATH} /usr/bin/python3 setup.py egg_info --egg-base ../build/actions_py build --build-base /home/vboxuser/hw5_ws/src/build/actions_py/build install --record /home/vboxuser/hw5_ws/src/build/actions_py/install.log --single-version-externally-managed
[5.789s] Level 1:colcon.colcon_core.environment:checking '/home/vboxuser/hw5_ws/src/install/actions_py' for CMake module files
[5.790s] Level 1:colcon.colcon_core.environment:checking '/home/vboxuser/hw5_ws/src/install/actions_py' for CMake config files
[5.791s] Level 1:colcon.colcon_core.environment:checking '/home/vboxuser/hw5_ws/src/install/actions_py/lib'
[5.791s] Level 1:colcon.colcon_core.environment:checking '/home/vboxuser/hw5_ws/src/install/actions_py/bin'
[5.791s] Level 1:colcon.colcon_core.environment:checking '/home/vboxuser/hw5_ws/src/install/actions_py/lib/pkgconfig/actions_py.pc'
[5.791s] Level 1:colcon.colcon_core.environment:checking '/home/vboxuser/hw5_ws/src/install/actions_py/lib/python3.10/site-packages'
[5.791s] Level 1:colcon.colcon_core.shell:create_environment_hook('actions_py', 'pythonpath')
[5.884s] INFO:colcon.colcon_core.shell:Creating environment hook '/home/vboxuser/hw5_ws/src/install/actions_py/share/actions_py/hook/pythonpath.ps1'
[5.884s] INFO:colcon.colcon_core.shell:Creating environment descriptor '/home/vboxuser/hw5_ws/src/install/actions_py/share/actions_py/hook/pythonpath.dsv'
[5.885s] INFO:colcon.colcon_core.shell:Creating environment hook '/home/vboxuser/hw5_ws/src/install/actions_py/share/actions_py/hook/pythonpath.sh'
[5.885s] Level 1:colcon.colcon_core.environment:checking '/home/vboxuser/hw5_ws/src/install/actions_py/bin'
[5.885s] Level 1:colcon.colcon_core.environment:create_environment_scripts_only(actions_py)
[5.917s] INFO:colcon.colcon_core.shell:Creating package script '/home/vboxuser/hw5_ws/src/install/actions_py/share/actions_py/package.ps1'
[5.919s] INFO:colcon.colcon_core.shell:Creating package descriptor '/home/vboxuser/hw5_ws/src/install/actions_py/share/actions_py/package.dsv'
[5.920s] INFO:colcon.colcon_core.shell:Creating package script '/home/vboxuser/hw5_ws/src/install/actions_py/share/actions_py/package.sh'
[5.925s] INFO:colcon.colcon_core.shell:Creating package script '/home/vboxuser/hw5_ws/src/install/actions_py/share/actions_py/package.bash'
[5.926s] INFO:colcon.colcon_core.shell:Creating package script '/home/vboxuser/hw5_ws/src/install/actions_py/share/actions_py/package.zsh'
[5.927s] Level 1:colcon.colcon_core.environment:create_file_with_runtime_dependencies(/home/vboxuser/hw5_ws/src/install/actions_py/share/colcon-core/packages/actions_py)
[5.932s] DEBUG:colcon.colcon_core.event_handler.log_command:Invoked command in '/home/vboxuser/hw5_ws/src/turtle_mover' returned '0': PYTHONPATH=/home/vboxuser/hw5_ws/src/build/turtle_mover/prefix_override:/home/vboxuser/hw5_ws/src/install/turtle_mover/lib/python3.10/site-packages:${PYTHONPATH} /usr/bin/python3 setup.py egg_info --egg-base ../build/turtle_mover build --build-base /home/vboxuser/hw5_ws/src/build/turtle_mover/build install --record /home/vboxuser/hw5_ws/src/build/turtle_mover/install.log --single-version-externally-managed
[5.967s] Level 1:colcon.colcon_core.environment:checking '/home/vboxuser/hw5_ws/src/install/turtle_mover' for CMake module files
[5.968s] Level 1:colcon.colcon_core.environment:checking '/home/vboxuser/hw5_ws/src/install/turtle_mover' for CMake config files
[5.968s] Level 1:colcon.colcon_core.environment:checking '/home/vboxuser/hw5_ws/src/install/turtle_mover/lib'
[5.968s] Level 1:colcon.colcon_core.environment:checking '/home/vboxuser/hw5_ws/src/install/turtle_mover/bin'
[5.968s] Level 1:colcon.colcon_core.environment:checking '/home/vboxuser/hw5_ws/src/install/turtle_mover/lib/pkgconfig/turtle_mover.pc'
[5.969s] Level 1:colcon.colcon_core.environment:checking '/home/vboxuser/hw5_ws/src/install/turtle_mover/lib/python3.10/site-packages'
[5.969s] Level 1:colcon.colcon_core.shell:create_environment_hook('turtle_mover', 'pythonpath')
[5.997s] INFO:colcon.colcon_core.shell:Creating environment hook '/home/vboxuser/hw5_ws/src/install/turtle_mover/share/turtle_mover/hook/pythonpath.ps1'
[5.997s] INFO:colcon.colcon_core.shell:Creating environment descriptor '/home/vboxuser/hw5_ws/src/install/turtle_mover/share/turtle_mover/hook/pythonpath.dsv'
[5.998s] INFO:colcon.colcon_core.shell:Creating environment hook '/home/vboxuser/hw5_ws/src/install/turtle_mover/share/turtle_mover/hook/pythonpath.sh'
[6.000s] Level 1:colcon.colcon_core.environment:checking '/home/vboxuser/hw5_ws/src/install/turtle_mover/bin'
[6.000s] Level 1:colcon.colcon_core.environment:create_environment_scripts_only(turtle_mover)
[6.046s] INFO:colcon.colcon_core.shell:Creating package script '/home/vboxuser/hw5_ws/src/install/turtle_mover/share/turtle_mover/package.ps1'
[6.047s] INFO:colcon.colcon_core.shell:Creating package descriptor '/home/vboxuser/hw5_ws/src/install/turtle_mover/share/turtle_mover/package.dsv'
[6.047s] INFO:colcon.colcon_core.shell:Creating package script '/home/vboxuser/hw5_ws/src/install/turtle_mover/share/turtle_mover/package.sh'
[6.048s] INFO:colcon.colcon_core.shell:Creating package script '/home/vboxuser/hw5_ws/src/install/turtle_mover/share/turtle_mover/package.bash'
[6.048s] INFO:colcon.colcon_core.shell:Creating package script '/home/vboxuser/hw5_ws/src/install/turtle_mover/share/turtle_mover/package.zsh'
[6.049s] Level 1:colcon.colcon_core.environment:create_file_with_runtime_dependencies(/home/vboxuser/hw5_ws/src/install/turtle_mover/share/colcon-core/packages/turtle_mover)
[6.058s] DEBUG:colcon.colcon_core.event_handler.log_command:Invoked command in '/home/vboxuser/hw5_ws/src/turtle_run' returned '0': PYTHONPATH=/home/vboxuser/hw5_ws/src/build/turtle_run/prefix_override:/home/vboxuser/hw5_ws/src/install/turtle_run/lib/python3.10/site-packages:${PYTHONPATH} /usr/bin/python3 setup.py egg_info --egg-base ../build/turtle_run build --build-base /home/vboxuser/hw5_ws/src/build/turtle_run/build install --record /home/vboxuser/hw5_ws/src/build/turtle_run/install.log --single-version-externally-managed
[6.087s] Level 1:colcon.colcon_core.environment:checking '/home/vboxuser/hw5_ws/src/install/turtle_run' for CMake module files
[6.088s] Level 1:colcon.colcon_core.environment:checking '/home/vboxuser/hw5_ws/src/install/turtle_run' for CMake config files
[6.088s] Level 1:colcon.colcon_core.environment:checking '/home/vboxuser/hw5_ws/src/install/turtle_run/lib'
[6.088s] Level 1:colcon.colcon_core.environment:checking '/home/vboxuser/hw5_ws/src/install/turtle_run/bin'
[6.088s] Level 1:colcon.colcon_core.environment:checking '/home/vboxuser/hw5_ws/src/install/turtle_run/lib/pkgconfig/turtle_run.pc'
[6.089s] Level 1:colcon.colcon_core.environment:checking '/home/vboxuser/hw5_ws/src/install/turtle_run/lib/python3.10/site-packages'
[6.089s] Level 1:colcon.colcon_core.shell:create_environment_hook('turtle_run', 'pythonpath')
[6.110s] INFO:colcon.colcon_core.shell:Creating environment hook '/home/vboxuser/hw5_ws/src/install/turtle_run/share/turtle_run/hook/pythonpath.ps1'
[6.111s] INFO:colcon.colcon_core.shell:Creating environment descriptor '/home/vboxuser/hw5_ws/src/install/turtle_run/share/turtle_run/hook/pythonpath.dsv'
[6.111s] INFO:colcon.colcon_core.shell:Creating environment hook '/home/vboxuser/hw5_ws/src/install/turtle_run/share/turtle_run/hook/pythonpath.sh'
[6.112s] Level 1:colcon.colcon_core.environment:checking '/home/vboxuser/hw5_ws/src/install/turtle_run/bin'
[6.112s] Level 1:colcon.colcon_core.environment:create_environment_scripts_only(turtle_run)
[6.138s] INFO:colcon.colcon_core.shell:Creating package script '/home/vboxuser/hw5_ws/src/install/turtle_run/share/turtle_run/package.ps1'
[6.139s] INFO:colcon.colcon_core.shell:Creating package descriptor '/home/vboxuser/hw5_ws/src/install/turtle_run/share/turtle_run/package.dsv'
[6.139s] INFO:colcon.colcon_core.shell:Creating package script '/home/vboxuser/hw5_ws/src/install/turtle_run/share/turtle_run/package.sh'
[6.140s] INFO:colcon.colcon_core.shell:Creating package script '/home/vboxuser/hw5_ws/src/install/turtle_run/share/turtle_run/package.bash'
[6.140s] INFO:colcon.colcon_core.shell:Creating package script '/home/vboxuser/hw5_ws/src/install/turtle_run/share/turtle_run/package.zsh'
[6.140s] Level 1:colcon.colcon_core.environment:create_file_with_runtime_dependencies(/home/vboxuser/hw5_ws/src/install/turtle_run/share/colcon-core/packages/turtle_run)
[6.146s] DEBUG:colcon.colcon_core.event_handler.log_command:Invoked command in '/home/vboxuser/hw5_ws/src/turtle_joy' returned '0': PYTHONPATH=/home/vboxuser/hw5_ws/src/build/turtle_joy/prefix_override:/home/vboxuser/hw5_ws/src/install/turtle_joy/lib/python3.10/site-packages:${PYTHONPATH} /usr/bin/python3 setup.py egg_info --egg-base ../build/turtle_joy build --build-base /home/vboxuser/hw5_ws/src/build/turtle_joy/build install --record /home/vboxuser/hw5_ws/src/build/turtle_joy/install.log --single-version-externally-managed
[6.168s] Level 1:colcon.colcon_core.environment:checking '/home/vboxuser/hw5_ws/src/install/turtle_joy' for CMake module files
[6.169s] Level 1:colcon.colcon_core.environment:checking '/home/vboxuser/hw5_ws/src/install/turtle_joy' for CMake config files
[6.169s] Level 1:colcon.colcon_core.environment:checking '/home/vboxuser/hw5_ws/src/install/turtle_joy/lib'
[6.169s] Level 1:colcon.colcon_core.environment:checking '/home/vboxuser/hw5_ws/src/install/turtle_joy/bin'
[6.170s] Level 1:colcon.colcon_core.environment:checking '/home/vboxuser/hw5_ws/src/install/turtle_joy/lib/pkgconfig/turtle_joy.pc'
[6.170s] Level 1:colcon.colcon_core.environment:checking '/home/vboxuser/hw5_ws/src/install/turtle_joy/lib/python3.10/site-packages'
[6.170s] Level 1:colcon.colcon_core.shell:create_environment_hook('turtle_joy', 'pythonpath')
[6.204s] INFO:colcon.colcon_core.shell:Creating environment hook '/home/vboxuser/hw5_ws/src/install/turtle_joy/share/turtle_joy/hook/pythonpath.ps1'
[6.204s] INFO:colcon.colcon_core.shell:Creating environment descriptor '/home/vboxuser/hw5_ws/src/install/turtle_joy/share/turtle_joy/hook/pythonpath.dsv'
[6.205s] INFO:colcon.colcon_core.shell:Creating environment hook '/home/vboxuser/hw5_ws/src/install/turtle_joy/share/turtle_joy/hook/pythonpath.sh'
[6.205s] Level 1:colcon.colcon_core.environment:checking '/home/vboxuser/hw5_ws/src/install/turtle_joy/bin'
[6.205s] Level 1:colcon.colcon_core.environment:create_environment_scripts_only(turtle_joy)
[6.227s] INFO:colcon.colcon_core.shell:Creating package script '/home/vboxuser/hw5_ws/src/install/turtle_joy/share/turtle_joy/package.ps1'
[6.227s] INFO:colcon.colcon_core.shell:Creating package descriptor '/home/vboxuser/hw5_ws/src/install/turtle_joy/share/turtle_joy/package.dsv'
[6.228s] INFO:colcon.colcon_core.shell:Creating package script '/home/vboxuser/hw5_ws/src/install/turtle_joy/share/turtle_joy/package.sh'
[6.228s] INFO:colcon.colcon_core.shell:Creating package script '/home/vboxuser/hw5_ws/src/install/turtle_joy/share/turtle_joy/package.bash'
[6.228s] INFO:colcon.colcon_core.shell:Creating package script '/home/vboxuser/hw5_ws/src/install/turtle_joy/share/turtle_joy/package.zsh'
[6.229s] Level 1:colcon.colcon_core.environment:create_file_with_runtime_dependencies(/home/vboxuser/hw5_ws/src/install/turtle_joy/share/colcon-core/packages/turtle_joy)
[10.954s] DEBUG:colcon.colcon_core.event_handler.log_command:Invoked command in '/home/vboxuser/hw5_ws/src/build/my_interfaces' returned '0': CMAKE_PREFIX_PATH=/opt/ros/humble /usr/bin/cmake --build /home/vboxuser/hw5_ws/src/build/my_interfaces -- -j6 -l6
[11.032s] DEBUG:colcon.colcon_core.event_handler.log_command:Invoking command in '/home/vboxuser/hw5_ws/src/build/my_interfaces': CMAKE_PREFIX_PATH=/opt/ros/humble /usr/bin/cmake --install /home/vboxuser/hw5_ws/src/build/my_interfaces
[11.124s] Level 1:colcon.colcon_core.environment:create_environment_scripts_only(my_interfaces)
[11.126s] DEBUG:colcon.colcon_core.event_handler.log_command:Invoked command in '/home/vboxuser/hw5_ws/src/build/my_interfaces' returned '0': CMAKE_PREFIX_PATH=/opt/ros/humble /usr/bin/cmake --install /home/vboxuser/hw5_ws/src/build/my_interfaces
[11.145s] Level 1:colcon.colcon_core.environment:checking '/home/vboxuser/hw5_ws/src/install/my_interfaces' for CMake module files
[11.146s] Level 1:colcon.colcon_core.environment:checking '/home/vboxuser/hw5_ws/src/install/my_interfaces' for CMake config files
[11.146s] Level 1:colcon.colcon_core.shell:create_environment_hook('my_interfaces', 'cmake_prefix_path')
[11.171s] INFO:colcon.colcon_core.shell:Creating environment hook '/home/vboxuser/hw5_ws/src/install/my_interfaces/share/my_interfaces/hook/cmake_prefix_path.ps1'
[11.172s] INFO:colcon.colcon_core.shell:Creating environment descriptor '/home/vboxuser/hw5_ws/src/install/my_interfaces/share/my_interfaces/hook/cmake_prefix_path.dsv'
[11.172s] INFO:colcon.colcon_core.shell:Creating environment hook '/home/vboxuser/hw5_ws/src/install/my_interfaces/share/my_interfaces/hook/cmake_prefix_path.sh'
[11.173s] Level 1:colcon.colcon_core.environment:checking '/home/vboxuser/hw5_ws/src/install/my_interfaces/lib'
[11.173s] Level 1:colcon.colcon_core.shell:create_environment_hook('my_interfaces', 'ld_library_path_lib')
[11.196s] INFO:colcon.colcon_core.shell:Creating environment hook '/home/vboxuser/hw5_ws/src/install/my_interfaces/share/my_interfaces/hook/ld_library_path_lib.ps1'
[11.196s] INFO:colcon.colcon_core.shell:Creating environment descriptor '/home/vboxuser/hw5_ws/src/install/my_interfaces/share/my_interfaces/hook/ld_library_path_lib.dsv'
[11.197s] INFO:colcon.colcon_core.shell:Creating environment hook '/home/vboxuser/hw5_ws/src/install/my_interfaces/share/my_interfaces/hook/ld_library_path_lib.sh'
[11.197s] Level 1:colcon.colcon_core.environment:checking '/home/vboxuser/hw5_ws/src/install/my_interfaces/bin'
[11.197s] Level 1:colcon.colcon_core.environment:checking '/home/vboxuser/hw5_ws/src/install/my_interfaces/lib/pkgconfig/my_interfaces.pc'
[11.198s] Level 1:colcon.colcon_core.environment:checking '/home/vboxuser/hw5_ws/src/install/my_interfaces/lib/python3.10/site-packages'
[11.198s] Level 1:colcon.colcon_core.environment:checking '/home/vboxuser/hw5_ws/src/install/my_interfaces/bin'
[11.219s] INFO:colcon.colcon_core.shell:Creating package script '/home/vboxuser/hw5_ws/src/install/my_interfaces/share/my_interfaces/package.ps1'
[11.220s] INFO:colcon.colcon_core.shell:Creating package descriptor '/home/vboxuser/hw5_ws/src/install/my_interfaces/share/my_interfaces/package.dsv'
[11.220s] INFO:colcon.colcon_core.shell:Creating package script '/home/vboxuser/hw5_ws/src/install/my_interfaces/share/my_interfaces/package.sh'
[11.221s] INFO:colcon.colcon_core.shell:Creating package script '/home/vboxuser/hw5_ws/src/install/my_interfaces/share/my_interfaces/package.bash'
[11.221s] INFO:colcon.colcon_core.shell:Creating package script '/home/vboxuser/hw5_ws/src/install/my_interfaces/share/my_interfaces/package.zsh'
[11.222s] Level 1:colcon.colcon_core.environment:create_file_with_runtime_dependencies(/home/vboxuser/hw5_ws/src/install/my_interfaces/share/colcon-core/packages/my_interfaces)
[11.306s] Level 1:colcon.colcon_core.environment:create_environment_scripts_only(my_interfaces)
[11.328s] Level 1:colcon.colcon_core.environment:checking '/home/vboxuser/hw5_ws/src/install/my_interfaces' for CMake module files
[11.329s] Level 1:colcon.colcon_core.environment:checking '/home/vboxuser/hw5_ws/src/install/my_interfaces' for CMake config files
[11.329s] Level 1:colcon.colcon_core.shell:create_environment_hook('my_interfaces', 'cmake_prefix_path')
[11.352s] INFO:colcon.colcon_core.shell:Creating environment hook '/home/vboxuser/hw5_ws/src/install/my_interfaces/share/my_interfaces/hook/cmake_prefix_path.ps1'
[11.353s] INFO:colcon.colcon_core.shell:Creating environment descriptor '/home/vboxuser/hw5_ws/src/install/my_interfaces/share/my_interfaces/hook/cmake_prefix_path.dsv'
[11.353s] INFO:colcon.colcon_core.shell:Creating environment hook '/home/vboxuser/hw5_ws/src/install/my_interfaces/share/my_interfaces/hook/cmake_prefix_path.sh'
[11.354s] Level 1:colcon.colcon_core.environment:checking '/home/vboxuser/hw5_ws/src/install/my_interfaces/lib'
[11.354s] Level 1:colcon.colcon_core.shell:create_environment_hook('my_interfaces', 'ld_library_path_lib')
[11.377s] INFO:colcon.colcon_core.shell:Creating environment hook '/home/vboxuser/hw5_ws/src/install/my_interfaces/share/my_interfaces/hook/ld_library_path_lib.ps1'
[11.378s] INFO:colcon.colcon_core.shell:Creating environment descriptor '/home/vboxuser/hw5_ws/src/install/my_interfaces/share/my_interfaces/hook/ld_library_path_lib.dsv'
[11.379s] INFO:colcon.colcon_core.shell:Creating environment hook '/home/vboxuser/hw5_ws/src/install/my_interfaces/share/my_interfaces/hook/ld_library_path_lib.sh'
[11.380s] Level 1:colcon.colcon_core.environment:checking '/home/vboxuser/hw5_ws/src/install/my_interfaces/bin'
[11.380s] Level 1:colcon.colcon_core.environment:checking '/home/vboxuser/hw5_ws/src/install/my_interfaces/lib/pkgconfig/my_interfaces.pc'
[11.380s] Level 1:colcon.colcon_core.environment:checking '/home/vboxuser/hw5_ws/src/install/my_interfaces/lib/python3.10/site-packages'
[11.380s] Level 1:colcon.colcon_core.environment:checking '/home/vboxuser/hw5_ws/src/install/my_interfaces/bin'
[11.403s] INFO:colcon.colcon_core.shell:Creating package script '/home/vboxuser/hw5_ws/src/install/my_interfaces/share/my_interfaces/package.ps1'
[11.403s] INFO:colcon.colcon_core.shell:Creating package descriptor '/home/vboxuser/hw5_ws/src/install/my_interfaces/share/my_interfaces/package.dsv'
[11.404s] INFO:colcon.colcon_core.shell:Creating package script '/home/vboxuser/hw5_ws/src/install/my_interfaces/share/my_interfaces/package.sh'
[11.404s] INFO:colcon.colcon_core.shell:Creating package script '/home/vboxuser/hw5_ws/src/install/my_interfaces/share/my_interfaces/package.bash'
[11.405s] INFO:colcon.colcon_core.shell:Creating package script '/home/vboxuser/hw5_ws/src/install/my_interfaces/share/my_interfaces/package.zsh'
[11.405s] Level 1:colcon.colcon_core.environment:create_file_with_runtime_dependencies(/home/vboxuser/hw5_ws/src/install/my_interfaces/share/colcon-core/packages/my_interfaces)
[11.406s] DEBUG:colcon.colcon_parallel_executor.executor.parallel:closing loop
[11.406s] DEBUG:colcon.colcon_parallel_executor.executor.parallel:loop closed
[11.406s] DEBUG:colcon.colcon_parallel_executor.executor.parallel:run_until_complete finished with '0'
[11.406s] DEBUG:colcon.colcon_core.event_reactor:joining thread
[11.451s] INFO:colcon.colcon_core.plugin_system:Skipping extension 'colcon_notification.desktop_notification.terminal_notifier': Not used on non-Darwin systems
[11.452s] INFO:colcon.colcon_core.plugin_system:Skipping extension 'colcon_notification.desktop_notification.win32': Not used on non-Windows systems
[11.452s] INFO:colcon.colcon_notification.desktop_notification:Sending desktop notification using 'notify2'
[11.486s] DEBUG:colcon.colcon_core.event_reactor:joined thread
[11.508s] INFO:colcon.colcon_core.shell:Creating prefix script '/home/vboxuser/hw5_ws/src/install/local_setup.ps1'
[11.510s] INFO:colcon.colcon_core.shell:Creating prefix util module '/home/vboxuser/hw5_ws/src/install/_local_setup_util_ps1.py'
[11.513s] INFO:colcon.colcon_core.shell:Creating prefix chain script '/home/vboxuser/hw5_ws/src/install/setup.ps1'
[11.538s] INFO:colcon.colcon_core.shell:Creating prefix script '/home/vboxuser/hw5_ws/src/install/local_setup.sh'
[11.539s] INFO:colcon.colcon_core.shell:Creating prefix util module '/home/vboxuser/hw5_ws/src/install/_local_setup_util_sh.py'
[11.540s] INFO:colcon.colcon_core.shell:Creating prefix chain script '/home/vboxuser/hw5_ws/src/install/setup.sh'
[11.563s] INFO:colcon.colcon_core.shell:Creating prefix script '/home/vboxuser/hw5_ws/src/install/local_setup.bash'
[11.564s] INFO:colcon.colcon_core.shell:Creating prefix chain script '/home/vboxuser/hw5_ws/src/install/setup.bash'
[11.587s] INFO:colcon.colcon_core.shell:Creating prefix script '/home/vboxuser/hw5_ws/src/install/local_setup.zsh'
[11.588s] INFO:colcon.colcon_core.shell:Creating prefix chain script '/home/vboxuser/hw5_ws/src/install/setup.zsh'
