running develop
Removing /home/vboxuser/hw5_ws/install/actions_py/lib/python3.10/site-packages/actions-py.egg-link (link to .)
running egg_info
writing ../../build/actions_py/actions_py.egg-info/PKG-INFO
writing dependency_links to ../../build/actions_py/actions_py.egg-info/dependency_links.txt
writing entry points to ../../build/actions_py/actions_py.egg-info/entry_points.txt
writing requirements to ../../build/actions_py/actions_py.egg-info/requires.txt
writing top-level names to ../../build/actions_py/actions_py.egg-info/top_level.txt
reading manifest file '../../build/actions_py/actions_py.egg-info/SOURCES.txt'
writing manifest file '../../build/actions_py/actions_py.egg-info/SOURCES.txt'
running build
running build_py
running install
running install_lib
creating /home/vboxuser/hw5_ws/install/actions_py/lib/python3.10/site-packages/actions_py
copying /home/vboxuser/hw5_ws/build/actions_py/build/lib/actions_py/count_until_client.py -> /home/vboxuser/hw5_ws/install/actions_py/lib/python3.10/site-packages/actions_py
copying /home/vboxuser/hw5_ws/build/actions_py/build/lib/actions_py/count_until_server.py -> /home/vboxuser/hw5_ws/install/actions_py/lib/python3.10/site-packages/actions_py
copying /home/vboxuser/hw5_ws/build/actions_py/build/lib/actions_py/__init__.py -> /home/vboxuser/hw5_ws/install/actions_py/lib/python3.10/site-packages/actions_py
copying /home/vboxuser/hw5_ws/build/actions_py/build/lib/actions_py/TemplateNodeOPP.py -> /home/vboxuser/hw5_ws/install/actions_py/lib/python3.10/site-packages/actions_py
byte-compiling /home/vboxuser/hw5_ws/install/actions_py/lib/python3.10/site-packages/actions_py/count_until_client.py to count_until_client.cpython-310.pyc
byte-compiling /home/vboxuser/hw5_ws/install/actions_py/lib/python3.10/site-packages/actions_py/count_until_server.py to count_until_server.cpython-310.pyc
byte-compiling /home/vboxuser/hw5_ws/install/actions_py/lib/python3.10/site-packages/actions_py/__init__.py to __init__.cpython-310.pyc
byte-compiling /home/vboxuser/hw5_ws/install/actions_py/lib/python3.10/site-packages/actions_py/TemplateNodeOPP.py to TemplateNodeOPP.cpython-310.pyc
running install_data
running install_egg_info
Copying ../../build/actions_py/actions_py.egg-info to /home/vboxuser/hw5_ws/install/actions_py/lib/python3.10/site-packages/actions_py-0.0.0-py3.10.egg-info
running install_scripts
Installing count_until_client script to /home/vboxuser/hw5_ws/install/actions_py/lib/actions_py
Installing count_until_server script to /home/vboxuser/hw5_ws/install/actions_py/lib/actions_py
writing list of installed files to '/home/vboxuser/hw5_ws/build/actions_py/install.log'
