[1.347s] Invoking command in '/home/vboxuser/hw4_ws/src/calculator': PYTHONPATH=/home/vboxuser/hw4_ws/build/calculator/prefix_override:/home/vboxuser/hw4_ws/install/calculator/lib/python3.10/site-packages:${PYTHONPATH} /usr/bin/python3 setup.py egg_info --egg-base ../../build/calculator build --build-base /home/vboxuser/hw4_ws/build/calculator/build install --record /home/vboxuser/hw4_ws/build/calculator/install.log --single-version-externally-managed
[1.754s] running egg_info
[1.755s] writing ../../build/calculator/calculator.egg-info/PKG-INFO
[1.755s] writing dependency_links to ../../build/calculator/calculator.egg-info/dependency_links.txt
[1.756s] writing entry points to ../../build/calculator/calculator.egg-info/entry_points.txt
[1.756s] writing requirements to ../../build/calculator/calculator.egg-info/requires.txt
[1.756s] writing top-level names to ../../build/calculator/calculator.egg-info/top_level.txt
[1.759s] reading manifest file '../../build/calculator/calculator.egg-info/SOURCES.txt'
[1.760s] adding license file 'LICENSE'
[1.761s] writing manifest file '../../build/calculator/calculator.egg-info/SOURCES.txt'
[1.761s] running build
[1.761s] running build_py
[1.762s] running install
[1.762s] running install_lib
[1.764s] running install_data
[1.765s] copying package.xml -> /home/vboxuser/hw4_ws/install/calculator/share/calculator
[1.765s] running install_egg_info
[1.768s] removing '/home/vboxuser/hw4_ws/install/calculator/lib/python3.10/site-packages/calculator-0.0.0-py3.10.egg-info' (and everything under it)
[1.769s] Copying ../../build/calculator/calculator.egg-info to /home/vboxuser/hw4_ws/install/calculator/lib/python3.10/site-packages/calculator-0.0.0-py3.10.egg-info
[1.772s] running install_scripts
[1.800s] Installing calc_node script to /home/vboxuser/hw4_ws/install/calculator/lib/calculator
[1.801s] writing list of installed files to '/home/vboxuser/hw4_ws/build/calculator/install.log'
[1.828s] Invoked command in '/home/vboxuser/hw4_ws/src/calculator' returned '0': PYTHONPATH=/home/vboxuser/hw4_ws/build/calculator/prefix_override:/home/vboxuser/hw4_ws/install/calculator/lib/python3.10/site-packages:${PYTHONPATH} /usr/bin/python3 setup.py egg_info --egg-base ../../build/calculator build --build-base /home/vboxuser/hw4_ws/build/calculator/build install --record /home/vboxuser/hw4_ws/build/calculator/install.log --single-version-externally-managed
