[2.271s] Invoking command in '/home/vboxuser/hw5_ws/src/turtle_run': PYTHONPATH=/home/vboxuser/hw5_ws/src/build/turtle_run/prefix_override:/home/vboxuser/hw5_ws/src/install/turtle_run/lib/python3.10/site-packages:${PYTHONPATH} /usr/bin/python3 setup.py egg_info --egg-base ../build/turtle_run build --build-base /home/vboxuser/hw5_ws/src/build/turtle_run/build install --record /home/vboxuser/hw5_ws/src/build/turtle_run/install.log --single-version-externally-managed
[2.782s] running egg_info
[2.784s] writing ../build/turtle_run/turtle_run.egg-info/PKG-INFO
[2.784s] writing dependency_links to ../build/turtle_run/turtle_run.egg-info/dependency_links.txt
[2.784s] writing entry points to ../build/turtle_run/turtle_run.egg-info/entry_points.txt
[2.784s] writing requirements to ../build/turtle_run/turtle_run.egg-info/requires.txt
[2.784s] writing top-level names to ../build/turtle_run/turtle_run.egg-info/top_level.txt
[2.788s] reading manifest file '../build/turtle_run/turtle_run.egg-info/SOURCES.txt'
[2.789s] writing manifest file '../build/turtle_run/turtle_run.egg-info/SOURCES.txt'
[2.790s] running build
[2.790s] running build_py
[2.790s] copying turtle_run/turtle_run_server.py -> /home/vboxuser/hw5_ws/src/build/turtle_run/build/lib/turtle_run
[2.790s] running install
[2.790s] running install_lib
[2.791s] copying /home/vboxuser/hw5_ws/src/build/turtle_run/build/lib/turtle_run/turtle_run_server.py -> /home/vboxuser/hw5_ws/src/install/turtle_run/lib/python3.10/site-packages/turtle_run
[2.792s] byte-compiling /home/vboxuser/hw5_ws/src/install/turtle_run/lib/python3.10/site-packages/turtle_run/turtle_run_server.py to turtle_run_server.cpython-310.pyc
[2.793s] running install_data
[2.794s] running install_egg_info
[2.796s] removing '/home/vboxuser/hw5_ws/src/install/turtle_run/lib/python3.10/site-packages/turtle_run-0.0.0-py3.10.egg-info' (and everything under it)
[2.807s] Copying ../build/turtle_run/turtle_run.egg-info to /home/vboxuser/hw5_ws/src/install/turtle_run/lib/python3.10/site-packages/turtle_run-0.0.0-py3.10.egg-info
[2.807s] running install_scripts
[2.839s] Installing turtle_run_server script to /home/vboxuser/hw5_ws/src/install/turtle_run/lib/turtle_run
[2.848s] writing list of installed files to '/home/vboxuser/hw5_ws/src/build/turtle_run/install.log'
[2.895s] Invoked command in '/home/vboxuser/hw5_ws/src/turtle_run' returned '0': PYTHONPATH=/home/vboxuser/hw5_ws/src/build/turtle_run/prefix_override:/home/vboxuser/hw5_ws/src/install/turtle_run/lib/python3.10/site-packages:${PYTHONPATH} /usr/bin/python3 setup.py egg_info --egg-base ../build/turtle_run build --build-base /home/vboxuser/hw5_ws/src/build/turtle_run/build install --record /home/vboxuser/hw5_ws/src/build/turtle_run/install.log --single-version-externally-managed
