running egg_info
creating ../build/turtle_joy/turtle_joy.egg-info
writing ../build/turtle_joy/turtle_joy.egg-info/PKG-INFO
writing dependency_links to ../build/turtle_joy/turtle_joy.egg-info/dependency_links.txt
writing entry points to ../build/turtle_joy/turtle_joy.egg-info/entry_points.txt
writing requirements to ../build/turtle_joy/turtle_joy.egg-info/requires.txt
writing top-level names to ../build/turtle_joy/turtle_joy.egg-info/top_level.txt
writing manifest file '../build/turtle_joy/turtle_joy.egg-info/SOURCES.txt'
reading manifest file '../build/turtle_joy/turtle_joy.egg-info/SOURCES.txt'
writing manifest file '../build/turtle_joy/turtle_joy.egg-info/SOURCES.txt'
running build
running build_py
creating /home/vboxuser/hw5_ws/src/build/turtle_joy/build
creating /home/vboxuser/hw5_ws/src/build/turtle_joy/build/lib
creating /home/vboxuser/hw5_ws/src/build/turtle_joy/build/lib/turtle_joy
copying turtle_joy/__init__.py -> /home/vboxuser/hw5_ws/src/build/turtle_joy/build/lib/turtle_joy
copying turtle_joy/turtle_joy.py -> /home/vboxuser/hw5_ws/src/build/turtle_joy/build/lib/turtle_joy
copying turtle_joy/hello.py -> /home/vboxuser/hw5_ws/src/build/turtle_joy/build/lib/turtle_joy
running install
running install_lib
creating /home/vboxuser/hw5_ws/src/install/turtle_joy/lib/python3.10/site-packages/turtle_joy
copying /home/vboxuser/hw5_ws/src/build/turtle_joy/build/lib/turtle_joy/__init__.py -> /home/vboxuser/hw5_ws/src/install/turtle_joy/lib/python3.10/site-packages/turtle_joy
copying /home/vboxuser/hw5_ws/src/build/turtle_joy/build/lib/turtle_joy/turtle_joy.py -> /home/vboxuser/hw5_ws/src/install/turtle_joy/lib/python3.10/site-packages/turtle_joy
copying /home/vboxuser/hw5_ws/src/build/turtle_joy/build/lib/turtle_joy/hello.py -> /home/vboxuser/hw5_ws/src/install/turtle_joy/lib/python3.10/site-packages/turtle_joy
byte-compiling /home/vboxuser/hw5_ws/src/install/turtle_joy/lib/python3.10/site-packages/turtle_joy/__init__.py to __init__.cpython-310.pyc
byte-compiling /home/vboxuser/hw5_ws/src/install/turtle_joy/lib/python3.10/site-packages/turtle_joy/turtle_joy.py to turtle_joy.cpython-310.pyc
byte-compiling /home/vboxuser/hw5_ws/src/install/turtle_joy/lib/python3.10/site-packages/turtle_joy/hello.py to hello.cpython-310.pyc
running install_data
creating /home/vboxuser/hw5_ws/src/install/turtle_joy/share/ament_index
creating /home/vboxuser/hw5_ws/src/install/turtle_joy/share/ament_index/resource_index
creating /home/vboxuser/hw5_ws/src/install/turtle_joy/share/ament_index/resource_index/packages
copying resource/turtle_joy -> /home/vboxuser/hw5_ws/src/install/turtle_joy/share/ament_index/resource_index/packages
copying package.xml -> /home/vboxuser/hw5_ws/src/install/turtle_joy/share/turtle_joy
running install_egg_info
Copying ../build/turtle_joy/turtle_joy.egg-info to /home/vboxuser/hw5_ws/src/install/turtle_joy/lib/python3.10/site-packages/turtle_joy-0.0.0-py3.10.egg-info
running install_scripts
Installing hello_node script to /home/vboxuser/hw5_ws/src/install/turtle_joy/lib/turtle_joy
Installing turtle_joy script to /home/vboxuser/hw5_ws/src/install/turtle_joy/lib/turtle_joy
writing list of installed files to '/home/vboxuser/hw5_ws/src/build/turtle_joy/install.log'
