[2.965s] Invoking command in '/home/vboxuser/hw5_ws/src/turtle_joy': PYTHONPATH=/home/vboxuser/hw5_ws/src/build/turtle_joy/prefix_override:/home/vboxuser/hw5_ws/src/install/turtle_joy/lib/python3.10/site-packages:${PYTHONPATH} /usr/bin/python3 setup.py egg_info --egg-base ../build/turtle_joy build --build-base /home/vboxuser/hw5_ws/src/build/turtle_joy/build install --record /home/vboxuser/hw5_ws/src/build/turtle_joy/install.log --single-version-externally-managed
[3.511s] running egg_info
[3.513s] creating ../build/turtle_joy/turtle_joy.egg-info
[3.518s] writing ../build/turtle_joy/turtle_joy.egg-info/PKG-INFO
[3.519s] writing dependency_links to ../build/turtle_joy/turtle_joy.egg-info/dependency_links.txt
[3.530s] writing entry points to ../build/turtle_joy/turtle_joy.egg-info/entry_points.txt
[3.531s] writing requirements to ../build/turtle_joy/turtle_joy.egg-info/requires.txt
[3.531s] writing top-level names to ../build/turtle_joy/turtle_joy.egg-info/top_level.txt
[3.531s] writing manifest file '../build/turtle_joy/turtle_joy.egg-info/SOURCES.txt'
[3.531s] reading manifest file '../build/turtle_joy/turtle_joy.egg-info/SOURCES.txt'
[3.531s] writing manifest file '../build/turtle_joy/turtle_joy.egg-info/SOURCES.txt'
[3.535s] running build
[3.535s] running build_py
[3.535s] creating /home/vboxuser/hw5_ws/src/build/turtle_joy/build
[3.535s] creating /home/vboxuser/hw5_ws/src/build/turtle_joy/build/lib
[3.536s] creating /home/vboxuser/hw5_ws/src/build/turtle_joy/build/lib/turtle_joy
[3.536s] copying turtle_joy/__init__.py -> /home/vboxuser/hw5_ws/src/build/turtle_joy/build/lib/turtle_joy
[3.536s] copying turtle_joy/turtle_joy.py -> /home/vboxuser/hw5_ws/src/build/turtle_joy/build/lib/turtle_joy
[3.536s] copying turtle_joy/hello.py -> /home/vboxuser/hw5_ws/src/build/turtle_joy/build/lib/turtle_joy
[3.536s] running install
[3.537s] running install_lib
[3.537s] creating /home/vboxuser/hw5_ws/src/install/turtle_joy/lib/python3.10/site-packages/turtle_joy
[3.538s] copying /home/vboxuser/hw5_ws/src/build/turtle_joy/build/lib/turtle_joy/__init__.py -> /home/vboxuser/hw5_ws/src/install/turtle_joy/lib/python3.10/site-packages/turtle_joy
[3.538s] copying /home/vboxuser/hw5_ws/src/build/turtle_joy/build/lib/turtle_joy/turtle_joy.py -> /home/vboxuser/hw5_ws/src/install/turtle_joy/lib/python3.10/site-packages/turtle_joy
[3.538s] copying /home/vboxuser/hw5_ws/src/build/turtle_joy/build/lib/turtle_joy/hello.py -> /home/vboxuser/hw5_ws/src/install/turtle_joy/lib/python3.10/site-packages/turtle_joy
[3.540s] byte-compiling /home/vboxuser/hw5_ws/src/install/turtle_joy/lib/python3.10/site-packages/turtle_joy/__init__.py to __init__.cpython-310.pyc
[3.541s] byte-compiling /home/vboxuser/hw5_ws/src/install/turtle_joy/lib/python3.10/site-packages/turtle_joy/turtle_joy.py to turtle_joy.cpython-310.pyc
[3.541s] byte-compiling /home/vboxuser/hw5_ws/src/install/turtle_joy/lib/python3.10/site-packages/turtle_joy/hello.py to hello.cpython-310.pyc
[3.541s] running install_data
[3.541s] creating /home/vboxuser/hw5_ws/src/install/turtle_joy/share/ament_index
[3.541s] creating /home/vboxuser/hw5_ws/src/install/turtle_joy/share/ament_index/resource_index
[3.541s] creating /home/vboxuser/hw5_ws/src/install/turtle_joy/share/ament_index/resource_index/packages
[3.541s] copying resource/turtle_joy -> /home/vboxuser/hw5_ws/src/install/turtle_joy/share/ament_index/resource_index/packages
[3.541s] copying package.xml -> /home/vboxuser/hw5_ws/src/install/turtle_joy/share/turtle_joy
[3.541s] running install_egg_info
[3.570s] Copying ../build/turtle_joy/turtle_joy.egg-info to /home/vboxuser/hw5_ws/src/install/turtle_joy/lib/python3.10/site-packages/turtle_joy-0.0.0-py3.10.egg-info
[3.571s] running install_scripts
[3.583s] Installing hello_node script to /home/vboxuser/hw5_ws/src/install/turtle_joy/lib/turtle_joy
[3.583s] Installing turtle_joy script to /home/vboxuser/hw5_ws/src/install/turtle_joy/lib/turtle_joy
[3.584s] writing list of installed files to '/home/vboxuser/hw5_ws/src/build/turtle_joy/install.log'
[3.831s] Invoked command in '/home/vboxuser/hw5_ws/src/turtle_joy' returned '0': PYTHONPATH=/home/vboxuser/hw5_ws/src/build/turtle_joy/prefix_override:/home/vboxuser/hw5_ws/src/install/turtle_joy/lib/python3.10/site-packages:${PYTHONPATH} /usr/bin/python3 setup.py egg_info --egg-base ../build/turtle_joy build --build-base /home/vboxuser/hw5_ws/src/build/turtle_joy/build install --record /home/vboxuser/hw5_ws/src/build/turtle_joy/install.log --single-version-externally-managed
