[0.108s] Invoking command in '/home/vboxuser/hw4_ws/build/custom_messages': CMAKE_PREFIX_PATH=/home/vboxuser/hw4_ws/install/calculator:/opt/ros/humble /usr/bin/cmake --build /home/vboxuser/hw4_ws/build/custom_messages -- -j6 -l6
[0.134s] -- Found ament_cmake: 1.3.6 (/opt/ros/humble/share/ament_cmake/cmake)
[0.345s] [31mCMake Error at CMakeLists.txt:10 (find_package):
[0.345s]   By not providing "Findrosidl_generate_interfaces.cmake" in
[0.345s]   CMAKE_MODULE_PATH this project has asked CMake to find a package
[0.345s]   configuration file provided by "rosidl_generate_interfaces", but CMake did
[0.345s]   not find one.
[0.345s] 
[0.345s]   Could not find a package configuration file provided by
[0.345s]   "rosidl_generate_interfaces" with any of the following names:
[0.345s] 
[0.346s]     rosidl_generate_interfacesConfig.cmake
[0.346s]     rosidl_generate_interfaces-config.cmake
[0.346s] 
[0.346s]   Add the installation prefix of "rosidl_generate_interfaces" to
[0.346s]   CMAKE_PREFIX_PATH or set "rosidl_generate_interfaces_DIR" to a directory
[0.346s]   containing one of the above files.  If "rosidl_generate_interfaces"
[0.346s]   provides a separate development package or SDK, be sure it has been
[0.346s]   installed.
[0.346s] 
[0.346s] [0m
[0.346s] -- Configuring incomplete, errors occurred!
[0.346s] See also "/home/vboxuser/hw4_ws/build/custom_messages/CMakeFiles/CMakeOutput.log".
[0.348s] gmake: *** [Makefile:226: cmake_check_build_system] Error 1
[0.351s] Invoked command in '/home/vboxuser/hw4_ws/build/custom_messages' returned '2': CMAKE_PREFIX_PATH=/home/vboxuser/hw4_ws/install/calculator:/opt/ros/humble /usr/bin/cmake --build /home/vboxuser/hw4_ws/build/custom_messages -- -j6 -l6
