[2.189s] Invoking command in '/home/vboxuser/hw3_ws/build/turtlesim': CMAKE_PREFIX_PATH=${CMAKE_PREFIX_PATH}:/home/vboxuser/hw3_ws/install/q2:/home/vboxuser/hw3_ws/install/q1:/home/vboxuser/hw3_ws/install/py_pubsub:/opt/ros/humble /usr/bin/cmake --build /home/vboxuser/hw3_ws/build/turtlesim -- -j6 -l6
[2.268s] [ 10%] Built target turtlesim__rosidl_generator_c
[2.293s] [ 11%] Built target turtlesim__cpp
[2.315s] [ 11%] Built target ament_cmake_python_copy_turtlesim
[2.331s] [ 21%] Built target turtlesim__rosidl_typesupport_fastrtps_c
[2.364s] [ 31%] Built target turtlesim__rosidl_typesupport_introspection_c
[2.376s] [ 41%] Built target turtlesim__rosidl_typesupport_c
[2.389s] [ 51%] Built target turtlesim__rosidl_typesupport_fastrtps_cpp
[2.394s] [ 61%] Built target turtlesim__rosidl_typesupport_cpp
[2.404s] [ 71%] Built target turtlesim__rosidl_typesupport_introspection_cpp
[2.462s] [ 77%] Built target turtlesim_node
[2.491s] [ 79%] Built target mimic
[2.502s] [ 81%] Built target draw_square
[2.521s] [ 83%] Built target turtle_teleop_key
[2.526s] [ 83%] Built target turtlesim
[2.555s] [ 84%] Built target turtlesim__py
[2.586s] [ 93%] Built target turtlesim__rosidl_generator_py
[2.648s] [ 95%] Built target turtlesim__rosidl_typesupport_fastrtps_c__pyext
[2.659s] [ 97%] Built target turtlesim__rosidl_typesupport_introspection_c__pyext
[2.669s] [100%] Built target turtlesim__rosidl_typesupport_c__pyext
[2.810s] running egg_info
[2.811s] writing turtlesim.egg-info/PKG-INFO
[2.811s] writing dependency_links to turtlesim.egg-info/dependency_links.txt
[2.811s] writing top-level names to turtlesim.egg-info/top_level.txt
[2.818s] reading manifest file 'turtlesim.egg-info/SOURCES.txt'
[2.820s] writing manifest file 'turtlesim.egg-info/SOURCES.txt'
[2.869s] [100%] Built target ament_cmake_python_build_turtlesim_egg
[2.884s] Invoked command in '/home/vboxuser/hw3_ws/build/turtlesim' returned '0': CMAKE_PREFIX_PATH=${CMAKE_PREFIX_PATH}:/home/vboxuser/hw3_ws/install/q2:/home/vboxuser/hw3_ws/install/q1:/home/vboxuser/hw3_ws/install/py_pubsub:/opt/ros/humble /usr/bin/cmake --build /home/vboxuser/hw3_ws/build/turtlesim -- -j6 -l6
[3.163s] Invoking command in '/home/vboxuser/hw3_ws/build/turtlesim': CMAKE_PREFIX_PATH=${CMAKE_PREFIX_PATH}:/home/vboxuser/hw3_ws/install/q2:/home/vboxuser/hw3_ws/install/q1:/home/vboxuser/hw3_ws/install/py_pubsub:/opt/ros/humble /usr/bin/cmake --install /home/vboxuser/hw3_ws/build/turtlesim
[3.174s] -- Install configuration: ""
[3.174s] -- Up-to-date: /home/vboxuser/hw3_ws/install/turtlesim/share/ament_index/resource_index/rosidl_interfaces/turtlesim
[3.174s] -- Up-to-date: /home/vboxuser/hw3_ws/install/turtlesim/include/turtlesim/turtlesim
[3.174s] -- Up-to-date: /home/vboxuser/hw3_ws/install/turtlesim/include/turtlesim/turtlesim/msg
[3.174s] -- Up-to-date: /home/vboxuser/hw3_ws/install/turtlesim/include/turtlesim/turtlesim/msg/rosidl_generator_c__visibility_control.h
[3.175s] -- Up-to-date: /home/vboxuser/hw3_ws/install/turtlesim/include/turtlesim/turtlesim/msg/detail
[3.175s] -- Up-to-date: /home/vboxuser/hw3_ws/install/turtlesim/include/turtlesim/turtlesim/msg/detail/pose__struct.h
[3.175s] -- Up-to-date: /home/vboxuser/hw3_ws/install/turtlesim/include/turtlesim/turtlesim/msg/detail/color__struct.h
[3.175s] -- Up-to-date: /home/vboxuser/hw3_ws/install/turtlesim/include/turtlesim/turtlesim/msg/detail/color__functions.c
[3.175s] -- Up-to-date: /home/vboxuser/hw3_ws/install/turtlesim/include/turtlesim/turtlesim/msg/detail/pose__functions.h
[3.175s] -- Up-to-date: /home/vboxuser/hw3_ws/install/turtlesim/include/turtlesim/turtlesim/msg/detail/pose__type_support.h
[3.175s] -- Up-to-date: /home/vboxuser/hw3_ws/install/turtlesim/include/turtlesim/turtlesim/msg/detail/color__functions.h
[3.176s] -- Up-to-date: /home/vboxuser/hw3_ws/install/turtlesim/include/turtlesim/turtlesim/msg/detail/color__type_support.h
[3.176s] -- Up-to-date: /home/vboxuser/hw3_ws/install/turtlesim/include/turtlesim/turtlesim/msg/detail/pose__functions.c
[3.176s] -- Up-to-date: /home/vboxuser/hw3_ws/install/turtlesim/include/turtlesim/turtlesim/msg/color.h
[3.176s] -- Up-to-date: /home/vboxuser/hw3_ws/install/turtlesim/include/turtlesim/turtlesim/msg/pose.h
[3.177s] -- Up-to-date: /home/vboxuser/hw3_ws/install/turtlesim/include/turtlesim/turtlesim/srv
[3.177s] -- Up-to-date: /home/vboxuser/hw3_ws/install/turtlesim/include/turtlesim/turtlesim/srv/kill.h
[3.177s] -- Up-to-date: /home/vboxuser/hw3_ws/install/turtlesim/include/turtlesim/turtlesim/srv/set_pen.h
[3.177s] -- Up-to-date: /home/vboxuser/hw3_ws/install/turtlesim/include/turtlesim/turtlesim/srv/spawn.h
[3.177s] -- Up-to-date: /home/vboxuser/hw3_ws/install/turtlesim/include/turtlesim/turtlesim/srv/detail
[3.177s] -- Up-to-date: /home/vboxuser/hw3_ws/install/turtlesim/include/turtlesim/turtlesim/srv/detail/set_pen__type_support.h
[3.178s] -- Up-to-date: /home/vboxuser/hw3_ws/install/turtlesim/include/turtlesim/turtlesim/srv/detail/teleport_relative__type_support.h
[3.178s] -- Up-to-date: /home/vboxuser/hw3_ws/install/turtlesim/include/turtlesim/turtlesim/srv/detail/teleport_relative__struct.h
[3.178s] -- Up-to-date: /home/vboxuser/hw3_ws/install/turtlesim/include/turtlesim/turtlesim/srv/detail/kill__functions.h
[3.178s] -- Up-to-date: /home/vboxuser/hw3_ws/install/turtlesim/include/turtlesim/turtlesim/srv/detail/set_pen__functions.c
[3.178s] -- Up-to-date: /home/vboxuser/hw3_ws/install/turtlesim/include/turtlesim/turtlesim/srv/detail/spawn__functions.c
[3.179s] -- Up-to-date: /home/vboxuser/hw3_ws/install/turtlesim/include/turtlesim/turtlesim/srv/detail/kill__type_support.h
[3.179s] -- Up-to-date: /home/vboxuser/hw3_ws/install/turtlesim/include/turtlesim/turtlesim/srv/detail/teleport_absolute__struct.h
[3.179s] -- Up-to-date: /home/vboxuser/hw3_ws/install/turtlesim/include/turtlesim/turtlesim/srv/detail/teleport_relative__functions.c
[3.179s] -- Up-to-date: /home/vboxuser/hw3_ws/install/turtlesim/include/turtlesim/turtlesim/srv/detail/spawn__struct.h
[3.179s] -- Up-to-date: /home/vboxuser/hw3_ws/install/turtlesim/include/turtlesim/turtlesim/srv/detail/teleport_absolute__type_support.h
[3.179s] -- Up-to-date: /home/vboxuser/hw3_ws/install/turtlesim/include/turtlesim/turtlesim/srv/detail/teleport_absolute__functions.h
[3.179s] -- Up-to-date: /home/vboxuser/hw3_ws/install/turtlesim/include/turtlesim/turtlesim/srv/detail/set_pen__struct.h
[3.179s] -- Up-to-date: /home/vboxuser/hw3_ws/install/turtlesim/include/turtlesim/turtlesim/srv/detail/kill__struct.h
[3.180s] -- Up-to-date: /home/vboxuser/hw3_ws/install/turtlesim/include/turtlesim/turtlesim/srv/detail/teleport_absolute__functions.c
[3.180s] -- Up-to-date: /home/vboxuser/hw3_ws/install/turtlesim/include/turtlesim/turtlesim/srv/detail/kill__functions.c
[3.180s] -- Up-to-date: /home/vboxuser/hw3_ws/install/turtlesim/include/turtlesim/turtlesim/srv/detail/spawn__type_support.h
[3.180s] -- Up-to-date: /home/vboxuser/hw3_ws/install/turtlesim/include/turtlesim/turtlesim/srv/detail/set_pen__functions.h
[3.180s] -- Up-to-date: /home/vboxuser/hw3_ws/install/turtlesim/include/turtlesim/turtlesim/srv/detail/teleport_relative__functions.h
[3.180s] -- Up-to-date: /home/vboxuser/hw3_ws/install/turtlesim/include/turtlesim/turtlesim/srv/detail/spawn__functions.h
[3.181s] -- Up-to-date: /home/vboxuser/hw3_ws/install/turtlesim/include/turtlesim/turtlesim/srv/teleport_absolute.h
[3.181s] -- Up-to-date: /home/vboxuser/hw3_ws/install/turtlesim/include/turtlesim/turtlesim/srv/teleport_relative.h
[3.181s] -- Up-to-date: /home/vboxuser/hw3_ws/install/turtlesim/include/turtlesim/turtlesim/action
[3.181s] -- Up-to-date: /home/vboxuser/hw3_ws/install/turtlesim/include/turtlesim/turtlesim/action/detail
[3.181s] -- Up-to-date: /home/vboxuser/hw3_ws/install/turtlesim/include/turtlesim/turtlesim/action/detail/rotate_absolute__struct.h
[3.181s] -- Up-to-date: /home/vboxuser/hw3_ws/install/turtlesim/include/turtlesim/turtlesim/action/detail/rotate_absolute__functions.c
[3.181s] -- Up-to-date: /home/vboxuser/hw3_ws/install/turtlesim/include/turtlesim/turtlesim/action/detail/rotate_absolute__functions.h
[3.182s] -- Up-to-date: /home/vboxuser/hw3_ws/install/turtlesim/include/turtlesim/turtlesim/action/detail/rotate_absolute__type_support.h
[3.182s] -- Up-to-date: /home/vboxuser/hw3_ws/install/turtlesim/include/turtlesim/turtlesim/action/rotate_absolute.h
[3.182s] -- Up-to-date: /home/vboxuser/hw3_ws/install/turtlesim/share/turtlesim/environment/library_path.sh
[3.182s] -- Up-to-date: /home/vboxuser/hw3_ws/install/turtlesim/share/turtlesim/environment/library_path.dsv
[3.182s] -- Up-to-date: /home/vboxuser/hw3_ws/install/turtlesim/lib/libturtlesim__rosidl_generator_c.so
[3.182s] -- Up-to-date: /home/vboxuser/hw3_ws/install/turtlesim/include/turtlesim/turtlesim
[3.182s] -- Up-to-date: /home/vboxuser/hw3_ws/install/turtlesim/include/turtlesim/turtlesim/msg
[3.183s] -- Up-to-date: /home/vboxuser/hw3_ws/install/turtlesim/include/turtlesim/turtlesim/msg/detail
[3.183s] -- Up-to-date: /home/vboxuser/hw3_ws/install/turtlesim/include/turtlesim/turtlesim/msg/detail/pose__rosidl_typesupport_fastrtps_c.h
[3.183s] -- Up-to-date: /home/vboxuser/hw3_ws/install/turtlesim/include/turtlesim/turtlesim/msg/detail/color__rosidl_typesupport_fastrtps_c.h
[3.183s] -- Up-to-date: /home/vboxuser/hw3_ws/install/turtlesim/include/turtlesim/turtlesim/msg/rosidl_typesupport_fastrtps_c__visibility_control.h
[3.183s] -- Up-to-date: /home/vboxuser/hw3_ws/install/turtlesim/include/turtlesim/turtlesim/srv
[3.183s] -- Up-to-date: /home/vboxuser/hw3_ws/install/turtlesim/include/turtlesim/turtlesim/srv/detail
[3.183s] -- Up-to-date: /home/vboxuser/hw3_ws/install/turtlesim/include/turtlesim/turtlesim/srv/detail/teleport_absolute__rosidl_typesupport_fastrtps_c.h
[3.184s] -- Up-to-date: /home/vboxuser/hw3_ws/install/turtlesim/include/turtlesim/turtlesim/srv/detail/kill__rosidl_typesupport_fastrtps_c.h
[3.184s] -- Up-to-date: /home/vboxuser/hw3_ws/install/turtlesim/include/turtlesim/turtlesim/srv/detail/teleport_relative__rosidl_typesupport_fastrtps_c.h
[3.185s] -- Up-to-date: /home/vboxuser/hw3_ws/install/turtlesim/include/turtlesim/turtlesim/srv/detail/set_pen__rosidl_typesupport_fastrtps_c.h
[3.185s] -- Up-to-date: /home/vboxuser/hw3_ws/install/turtlesim/include/turtlesim/turtlesim/srv/detail/spawn__rosidl_typesupport_fastrtps_c.h
[3.185s] -- Up-to-date: /home/vboxuser/hw3_ws/install/turtlesim/include/turtlesim/turtlesim/action
[3.185s] -- Up-to-date: /home/vboxuser/hw3_ws/install/turtlesim/include/turtlesim/turtlesim/action/detail
[3.185s] -- Up-to-date: /home/vboxuser/hw3_ws/install/turtlesim/include/turtlesim/turtlesim/action/detail/rotate_absolute__rosidl_typesupport_fastrtps_c.h
[3.185s] -- Up-to-date: /home/vboxuser/hw3_ws/install/turtlesim/lib/libturtlesim__rosidl_typesupport_fastrtps_c.so
[3.185s] -- Up-to-date: /home/vboxuser/hw3_ws/install/turtlesim/include/turtlesim/turtlesim
[3.185s] -- Up-to-date: /home/vboxuser/hw3_ws/install/turtlesim/include/turtlesim/turtlesim/msg
[3.186s] -- Up-to-date: /home/vboxuser/hw3_ws/install/turtlesim/include/turtlesim/turtlesim/msg/detail
[3.186s] -- Up-to-date: /home/vboxuser/hw3_ws/install/turtlesim/include/turtlesim/turtlesim/msg/detail/pose__traits.hpp
[3.186s] -- Up-to-date: /home/vboxuser/hw3_ws/install/turtlesim/include/turtlesim/turtlesim/msg/detail/pose__builder.hpp
[3.186s] -- Up-to-date: /home/vboxuser/hw3_ws/install/turtlesim/include/turtlesim/turtlesim/msg/detail/pose__struct.hpp
[3.186s] -- Up-to-date: /home/vboxuser/hw3_ws/install/turtlesim/include/turtlesim/turtlesim/msg/detail/color__builder.hpp
[3.186s] -- Up-to-date: /home/vboxuser/hw3_ws/install/turtlesim/include/turtlesim/turtlesim/msg/detail/color__struct.hpp
[3.186s] -- Up-to-date: /home/vboxuser/hw3_ws/install/turtlesim/include/turtlesim/turtlesim/msg/detail/color__traits.hpp
[3.186s] -- Up-to-date: /home/vboxuser/hw3_ws/install/turtlesim/include/turtlesim/turtlesim/msg/color.hpp
[3.186s] -- Up-to-date: /home/vboxuser/hw3_ws/install/turtlesim/include/turtlesim/turtlesim/msg/pose.hpp
[3.186s] -- Up-to-date: /home/vboxuser/hw3_ws/install/turtlesim/include/turtlesim/turtlesim/srv
[3.186s] -- Up-to-date: /home/vboxuser/hw3_ws/install/turtlesim/include/turtlesim/turtlesim/srv/detail
[3.186s] -- Up-to-date: /home/vboxuser/hw3_ws/install/turtlesim/include/turtlesim/turtlesim/srv/detail/teleport_relative__struct.hpp
[3.187s] -- Up-to-date: /home/vboxuser/hw3_ws/install/turtlesim/include/turtlesim/turtlesim/srv/detail/teleport_absolute__builder.hpp
[3.187s] -- Up-to-date: /home/vboxuser/hw3_ws/install/turtlesim/include/turtlesim/turtlesim/srv/detail/teleport_relative__traits.hpp
[3.187s] -- Up-to-date: /home/vboxuser/hw3_ws/install/turtlesim/include/turtlesim/turtlesim/srv/detail/kill__struct.hpp
[3.187s] -- Up-to-date: /home/vboxuser/hw3_ws/install/turtlesim/include/turtlesim/turtlesim/srv/detail/kill__traits.hpp
[3.187s] -- Up-to-date: /home/vboxuser/hw3_ws/install/turtlesim/include/turtlesim/turtlesim/srv/detail/kill__builder.hpp
[3.187s] -- Up-to-date: /home/vboxuser/hw3_ws/install/turtlesim/include/turtlesim/turtlesim/srv/detail/spawn__traits.hpp
[3.187s] -- Up-to-date: /home/vboxuser/hw3_ws/install/turtlesim/include/turtlesim/turtlesim/srv/detail/spawn__builder.hpp
[3.187s] -- Up-to-date: /home/vboxuser/hw3_ws/install/turtlesim/include/turtlesim/turtlesim/srv/detail/set_pen__builder.hpp
[3.187s] -- Up-to-date: /home/vboxuser/hw3_ws/install/turtlesim/include/turtlesim/turtlesim/srv/detail/teleport_relative__builder.hpp
[3.187s] -- Up-to-date: /home/vboxuser/hw3_ws/install/turtlesim/include/turtlesim/turtlesim/srv/detail/spawn__struct.hpp
[3.187s] -- Up-to-date: /home/vboxuser/hw3_ws/install/turtlesim/include/turtlesim/turtlesim/srv/detail/teleport_absolute__traits.hpp
[3.187s] -- Up-to-date: /home/vboxuser/hw3_ws/install/turtlesim/include/turtlesim/turtlesim/srv/detail/set_pen__traits.hpp
[3.188s] -- Up-to-date: /home/vboxuser/hw3_ws/install/turtlesim/include/turtlesim/turtlesim/srv/detail/teleport_absolute__struct.hpp
[3.188s] -- Up-to-date: /home/vboxuser/hw3_ws/install/turtlesim/include/turtlesim/turtlesim/srv/detail/set_pen__struct.hpp
[3.188s] -- Up-to-date: /home/vboxuser/hw3_ws/install/turtlesim/include/turtlesim/turtlesim/srv/kill.hpp
[3.188s] -- Up-to-date: /home/vboxuser/hw3_ws/install/turtlesim/include/turtlesim/turtlesim/srv/teleport_relative.hpp
[3.188s] -- Up-to-date: /home/vboxuser/hw3_ws/install/turtlesim/include/turtlesim/turtlesim/srv/teleport_absolute.hpp
[3.188s] -- Up-to-date: /home/vboxuser/hw3_ws/install/turtlesim/include/turtlesim/turtlesim/srv/set_pen.hpp
[3.188s] -- Up-to-date: /home/vboxuser/hw3_ws/install/turtlesim/include/turtlesim/turtlesim/srv/spawn.hpp
[3.188s] -- Up-to-date: /home/vboxuser/hw3_ws/install/turtlesim/include/turtlesim/turtlesim/action
[3.189s] -- Up-to-date: /home/vboxuser/hw3_ws/install/turtlesim/include/turtlesim/turtlesim/action/detail
[3.189s] -- Up-to-date: /home/vboxuser/hw3_ws/install/turtlesim/include/turtlesim/turtlesim/action/detail/rotate_absolute__builder.hpp
[3.189s] -- Up-to-date: /home/vboxuser/hw3_ws/install/turtlesim/include/turtlesim/turtlesim/action/detail/rotate_absolute__struct.hpp
[3.189s] -- Up-to-date: /home/vboxuser/hw3_ws/install/turtlesim/include/turtlesim/turtlesim/action/detail/rotate_absolute__traits.hpp
[3.189s] -- Up-to-date: /home/vboxuser/hw3_ws/install/turtlesim/include/turtlesim/turtlesim/action/rotate_absolute.hpp
[3.189s] -- Up-to-date: /home/vboxuser/hw3_ws/install/turtlesim/include/turtlesim/turtlesim
[3.189s] -- Up-to-date: /home/vboxuser/hw3_ws/install/turtlesim/include/turtlesim/turtlesim/msg
[3.189s] -- Up-to-date: /home/vboxuser/hw3_ws/install/turtlesim/include/turtlesim/turtlesim/msg/detail
[3.189s] -- Up-to-date: /home/vboxuser/hw3_ws/install/turtlesim/include/turtlesim/turtlesim/msg/detail/pose__rosidl_typesupport_fastrtps_cpp.hpp
[3.189s] -- Up-to-date: /home/vboxuser/hw3_ws/install/turtlesim/include/turtlesim/turtlesim/msg/detail/dds_fastrtps
[3.190s] -- Up-to-date: /home/vboxuser/hw3_ws/install/turtlesim/include/turtlesim/turtlesim/msg/detail/color__rosidl_typesupport_fastrtps_cpp.hpp
[3.190s] -- Up-to-date: /home/vboxuser/hw3_ws/install/turtlesim/include/turtlesim/turtlesim/msg/rosidl_typesupport_fastrtps_cpp__visibility_control.h
[3.190s] -- Up-to-date: /home/vboxuser/hw3_ws/install/turtlesim/include/turtlesim/turtlesim/srv
[3.190s] -- Up-to-date: /home/vboxuser/hw3_ws/install/turtlesim/include/turtlesim/turtlesim/srv/detail
[3.190s] -- Up-to-date: /home/vboxuser/hw3_ws/install/turtlesim/include/turtlesim/turtlesim/srv/detail/teleport_relative__rosidl_typesupport_fastrtps_cpp.hpp
[3.190s] -- Up-to-date: /home/vboxuser/hw3_ws/install/turtlesim/include/turtlesim/turtlesim/srv/detail/teleport_absolute__rosidl_typesupport_fastrtps_cpp.hpp
[3.190s] -- Up-to-date: /home/vboxuser/hw3_ws/install/turtlesim/include/turtlesim/turtlesim/srv/detail/set_pen__rosidl_typesupport_fastrtps_cpp.hpp
[3.190s] -- Up-to-date: /home/vboxuser/hw3_ws/install/turtlesim/include/turtlesim/turtlesim/srv/detail/kill__rosidl_typesupport_fastrtps_cpp.hpp
[3.190s] -- Up-to-date: /home/vboxuser/hw3_ws/install/turtlesim/include/turtlesim/turtlesim/srv/detail/dds_fastrtps
[3.190s] -- Up-to-date: /home/vboxuser/hw3_ws/install/turtlesim/include/turtlesim/turtlesim/srv/detail/spawn__rosidl_typesupport_fastrtps_cpp.hpp
[3.190s] -- Up-to-date: /home/vboxuser/hw3_ws/install/turtlesim/include/turtlesim/turtlesim/action
[3.190s] -- Up-to-date: /home/vboxuser/hw3_ws/install/turtlesim/include/turtlesim/turtlesim/action/detail
[3.191s] -- Up-to-date: /home/vboxuser/hw3_ws/install/turtlesim/include/turtlesim/turtlesim/action/detail/rotate_absolute__rosidl_typesupport_fastrtps_cpp.hpp
[3.191s] -- Up-to-date: /home/vboxuser/hw3_ws/install/turtlesim/include/turtlesim/turtlesim/action/detail/dds_fastrtps
[3.191s] -- Up-to-date: /home/vboxuser/hw3_ws/install/turtlesim/lib/libturtlesim__rosidl_typesupport_fastrtps_cpp.so
[3.191s] -- Up-to-date: /home/vboxuser/hw3_ws/install/turtlesim/include/turtlesim/turtlesim
[3.191s] -- Up-to-date: /home/vboxuser/hw3_ws/install/turtlesim/include/turtlesim/turtlesim/msg
[3.191s] -- Up-to-date: /home/vboxuser/hw3_ws/install/turtlesim/include/turtlesim/turtlesim/msg/detail
[3.191s] -- Up-to-date: /home/vboxuser/hw3_ws/install/turtlesim/include/turtlesim/turtlesim/msg/detail/pose__rosidl_typesupport_introspection_c.h
[3.191s] -- Up-to-date: /home/vboxuser/hw3_ws/install/turtlesim/include/turtlesim/turtlesim/msg/detail/pose__type_support.c
[3.191s] -- Up-to-date: /home/vboxuser/hw3_ws/install/turtlesim/include/turtlesim/turtlesim/msg/detail/color__type_support.c
[3.191s] -- Up-to-date: /home/vboxuser/hw3_ws/install/turtlesim/include/turtlesim/turtlesim/msg/detail/color__rosidl_typesupport_introspection_c.h
[3.191s] -- Up-to-date: /home/vboxuser/hw3_ws/install/turtlesim/include/turtlesim/turtlesim/msg/rosidl_typesupport_introspection_c__visibility_control.h
[3.192s] -- Up-to-date: /home/vboxuser/hw3_ws/install/turtlesim/include/turtlesim/turtlesim/srv
[3.192s] -- Up-to-date: /home/vboxuser/hw3_ws/install/turtlesim/include/turtlesim/turtlesim/srv/detail
[3.192s] -- Up-to-date: /home/vboxuser/hw3_ws/install/turtlesim/include/turtlesim/turtlesim/srv/detail/teleport_absolute__rosidl_typesupport_introspection_c.h
[3.192s] -- Up-to-date: /home/vboxuser/hw3_ws/install/turtlesim/include/turtlesim/turtlesim/srv/detail/teleport_relative__rosidl_typesupport_introspection_c.h
[3.192s] -- Up-to-date: /home/vboxuser/hw3_ws/install/turtlesim/include/turtlesim/turtlesim/srv/detail/spawn__type_support.c
[3.192s] -- Up-to-date: /home/vboxuser/hw3_ws/install/turtlesim/include/turtlesim/turtlesim/srv/detail/set_pen__type_support.c
[3.192s] -- Up-to-date: /home/vboxuser/hw3_ws/install/turtlesim/include/turtlesim/turtlesim/srv/detail/kill__type_support.c
[3.192s] -- Up-to-date: /home/vboxuser/hw3_ws/install/turtlesim/include/turtlesim/turtlesim/srv/detail/set_pen__rosidl_typesupport_introspection_c.h
[3.192s] -- Up-to-date: /home/vboxuser/hw3_ws/install/turtlesim/include/turtlesim/turtlesim/srv/detail/teleport_absolute__type_support.c
[3.193s] -- Up-to-date: /home/vboxuser/hw3_ws/install/turtlesim/include/turtlesim/turtlesim/srv/detail/spawn__rosidl_typesupport_introspection_c.h
[3.193s] -- Up-to-date: /home/vboxuser/hw3_ws/install/turtlesim/include/turtlesim/turtlesim/srv/detail/kill__rosidl_typesupport_introspection_c.h
[3.193s] -- Up-to-date: /home/vboxuser/hw3_ws/install/turtlesim/include/turtlesim/turtlesim/srv/detail/teleport_relative__type_support.c
[3.193s] -- Up-to-date: /home/vboxuser/hw3_ws/install/turtlesim/include/turtlesim/turtlesim/action
[3.193s] -- Up-to-date: /home/vboxuser/hw3_ws/install/turtlesim/include/turtlesim/turtlesim/action/detail
[3.193s] -- Up-to-date: /home/vboxuser/hw3_ws/install/turtlesim/include/turtlesim/turtlesim/action/detail/rotate_absolute__rosidl_typesupport_introspection_c.h
[3.193s] -- Up-to-date: /home/vboxuser/hw3_ws/install/turtlesim/include/turtlesim/turtlesim/action/detail/rotate_absolute__type_support.c
[3.193s] -- Up-to-date: /home/vboxuser/hw3_ws/install/turtlesim/lib/libturtlesim__rosidl_typesupport_introspection_c.so
[3.193s] -- Up-to-date: /home/vboxuser/hw3_ws/install/turtlesim/lib/libturtlesim__rosidl_typesupport_c.so
[3.193s] -- Up-to-date: /home/vboxuser/hw3_ws/install/turtlesim/include/turtlesim/turtlesim
[3.194s] -- Up-to-date: /home/vboxuser/hw3_ws/install/turtlesim/include/turtlesim/turtlesim/msg
[3.194s] -- Up-to-date: /home/vboxuser/hw3_ws/install/turtlesim/include/turtlesim/turtlesim/msg/detail
[3.194s] -- Up-to-date: /home/vboxuser/hw3_ws/install/turtlesim/include/turtlesim/turtlesim/msg/detail/color__rosidl_typesupport_introspection_cpp.hpp
[3.194s] -- Up-to-date: /home/vboxuser/hw3_ws/install/turtlesim/include/turtlesim/turtlesim/msg/detail/pose__rosidl_typesupport_introspection_cpp.hpp
[3.194s] -- Up-to-date: /home/vboxuser/hw3_ws/install/turtlesim/include/turtlesim/turtlesim/msg/detail/color__type_support.cpp
[3.194s] -- Up-to-date: /home/vboxuser/hw3_ws/install/turtlesim/include/turtlesim/turtlesim/msg/detail/pose__type_support.cpp
[3.194s] -- Up-to-date: /home/vboxuser/hw3_ws/install/turtlesim/include/turtlesim/turtlesim/srv
[3.194s] -- Up-to-date: /home/vboxuser/hw3_ws/install/turtlesim/include/turtlesim/turtlesim/srv/detail
[3.194s] -- Up-to-date: /home/vboxuser/hw3_ws/install/turtlesim/include/turtlesim/turtlesim/srv/detail/set_pen__type_support.cpp
[3.194s] -- Up-to-date: /home/vboxuser/hw3_ws/install/turtlesim/include/turtlesim/turtlesim/srv/detail/spawn__rosidl_typesupport_introspection_cpp.hpp
[3.194s] -- Up-to-date: /home/vboxuser/hw3_ws/install/turtlesim/include/turtlesim/turtlesim/srv/detail/teleport_relative__type_support.cpp
[3.195s] -- Up-to-date: /home/vboxuser/hw3_ws/install/turtlesim/include/turtlesim/turtlesim/srv/detail/kill__rosidl_typesupport_introspection_cpp.hpp
[3.195s] -- Up-to-date: /home/vboxuser/hw3_ws/install/turtlesim/include/turtlesim/turtlesim/srv/detail/teleport_relative__rosidl_typesupport_introspection_cpp.hpp
[3.195s] -- Up-to-date: /home/vboxuser/hw3_ws/install/turtlesim/include/turtlesim/turtlesim/srv/detail/set_pen__rosidl_typesupport_introspection_cpp.hpp
[3.195s] -- Up-to-date: /home/vboxuser/hw3_ws/install/turtlesim/include/turtlesim/turtlesim/srv/detail/teleport_absolute__type_support.cpp
[3.195s] -- Up-to-date: /home/vboxuser/hw3_ws/install/turtlesim/include/turtlesim/turtlesim/srv/detail/spawn__type_support.cpp
[3.195s] -- Up-to-date: /home/vboxuser/hw3_ws/install/turtlesim/include/turtlesim/turtlesim/srv/detail/kill__type_support.cpp
[3.195s] -- Up-to-date: /home/vboxuser/hw3_ws/install/turtlesim/include/turtlesim/turtlesim/srv/detail/teleport_absolute__rosidl_typesupport_introspection_cpp.hpp
[3.195s] -- Up-to-date: /home/vboxuser/hw3_ws/install/turtlesim/include/turtlesim/turtlesim/action
[3.195s] -- Up-to-date: /home/vboxuser/hw3_ws/install/turtlesim/include/turtlesim/turtlesim/action/detail
[3.195s] -- Up-to-date: /home/vboxuser/hw3_ws/install/turtlesim/include/turtlesim/turtlesim/action/detail/rotate_absolute__rosidl_typesupport_introspection_cpp.hpp
[3.195s] -- Up-to-date: /home/vboxuser/hw3_ws/install/turtlesim/include/turtlesim/turtlesim/action/detail/rotate_absolute__type_support.cpp
[3.195s] -- Up-to-date: /home/vboxuser/hw3_ws/install/turtlesim/lib/libturtlesim__rosidl_typesupport_introspection_cpp.so
[3.196s] -- Up-to-date: /home/vboxuser/hw3_ws/install/turtlesim/lib/libturtlesim__rosidl_typesupport_cpp.so
[3.196s] -- Up-to-date: /home/vboxuser/hw3_ws/install/turtlesim/share/turtlesim/environment/pythonpath.sh
[3.196s] -- Up-to-date: /home/vboxuser/hw3_ws/install/turtlesim/share/turtlesim/environment/pythonpath.dsv
[3.196s] -- Up-to-date: /home/vboxuser/hw3_ws/install/turtlesim/local/lib/python3.10/dist-packages/turtlesim-1.4.2-py3.10.egg-info
[3.196s] -- Installing: /home/vboxuser/hw3_ws/install/turtlesim/local/lib/python3.10/dist-packages/turtlesim-1.4.2-py3.10.egg-info/top_level.txt
[3.196s] -- Installing: /home/vboxuser/hw3_ws/install/turtlesim/local/lib/python3.10/dist-packages/turtlesim-1.4.2-py3.10.egg-info/dependency_links.txt
[3.196s] -- Installing: /home/vboxuser/hw3_ws/install/turtlesim/local/lib/python3.10/dist-packages/turtlesim-1.4.2-py3.10.egg-info/SOURCES.txt
[3.197s] -- Installing: /home/vboxuser/hw3_ws/install/turtlesim/local/lib/python3.10/dist-packages/turtlesim-1.4.2-py3.10.egg-info/PKG-INFO
[3.197s] -- Up-to-date: /home/vboxuser/hw3_ws/install/turtlesim/local/lib/python3.10/dist-packages/turtlesim
[3.197s] -- Up-to-date: /home/vboxuser/hw3_ws/install/turtlesim/local/lib/python3.10/dist-packages/turtlesim/turtlesim_s__rosidl_typesupport_fastrtps_c.cpython-310-x86_64-linux-gnu.so
[3.197s] -- Up-to-date: /home/vboxuser/hw3_ws/install/turtlesim/local/lib/python3.10/dist-packages/turtlesim/_turtlesim_s.ep.rosidl_typesupport_introspection_c.c
[3.197s] -- Up-to-date: /home/vboxuser/hw3_ws/install/turtlesim/local/lib/python3.10/dist-packages/turtlesim/_turtlesim_s.ep.rosidl_typesupport_fastrtps_c.c
[3.197s] -- Up-to-date: /home/vboxuser/hw3_ws/install/turtlesim/local/lib/python3.10/dist-packages/turtlesim/__init__.py
[3.197s] -- Up-to-date: /home/vboxuser/hw3_ws/install/turtlesim/local/lib/python3.10/dist-packages/turtlesim/_turtlesim_s.ep.rosidl_typesupport_c.c
[3.197s] -- Up-to-date: /home/vboxuser/hw3_ws/install/turtlesim/local/lib/python3.10/dist-packages/turtlesim/msg
[3.197s] -- Up-to-date: /home/vboxuser/hw3_ws/install/turtlesim/local/lib/python3.10/dist-packages/turtlesim/msg/_color.py
[3.198s] -- Up-to-date: /home/vboxuser/hw3_ws/install/turtlesim/local/lib/python3.10/dist-packages/turtlesim/msg/__init__.py
[3.198s] -- Up-to-date: /home/vboxuser/hw3_ws/install/turtlesim/local/lib/python3.10/dist-packages/turtlesim/msg/_pose.py
[3.198s] -- Up-to-date: /home/vboxuser/hw3_ws/install/turtlesim/local/lib/python3.10/dist-packages/turtlesim/msg/_color_s.c
[3.198s] -- Up-to-date: /home/vboxuser/hw3_ws/install/turtlesim/local/lib/python3.10/dist-packages/turtlesim/msg/_pose_s.c
[3.198s] -- Up-to-date: /home/vboxuser/hw3_ws/install/turtlesim/local/lib/python3.10/dist-packages/turtlesim/turtlesim_s__rosidl_typesupport_introspection_c.cpython-310-x86_64-linux-gnu.so
[3.198s] -- Up-to-date: /home/vboxuser/hw3_ws/install/turtlesim/local/lib/python3.10/dist-packages/turtlesim/libturtlesim__rosidl_generator_py.so
[3.198s] -- Up-to-date: /home/vboxuser/hw3_ws/install/turtlesim/local/lib/python3.10/dist-packages/turtlesim/srv
[3.198s] -- Up-to-date: /home/vboxuser/hw3_ws/install/turtlesim/local/lib/python3.10/dist-packages/turtlesim/srv/_teleport_relative_s.c
[3.198s] -- Up-to-date: /home/vboxuser/hw3_ws/install/turtlesim/local/lib/python3.10/dist-packages/turtlesim/srv/_set_pen.py
[3.198s] -- Up-to-date: /home/vboxuser/hw3_ws/install/turtlesim/local/lib/python3.10/dist-packages/turtlesim/srv/_kill_s.c
[3.198s] -- Up-to-date: /home/vboxuser/hw3_ws/install/turtlesim/local/lib/python3.10/dist-packages/turtlesim/srv/_teleport_relative.py
[3.199s] -- Up-to-date: /home/vboxuser/hw3_ws/install/turtlesim/local/lib/python3.10/dist-packages/turtlesim/srv/__init__.py
[3.199s] -- Up-to-date: /home/vboxuser/hw3_ws/install/turtlesim/local/lib/python3.10/dist-packages/turtlesim/srv/_teleport_absolute.py
[3.199s] -- Up-to-date: /home/vboxuser/hw3_ws/install/turtlesim/local/lib/python3.10/dist-packages/turtlesim/srv/_set_pen_s.c
[3.199s] -- Up-to-date: /home/vboxuser/hw3_ws/install/turtlesim/local/lib/python3.10/dist-packages/turtlesim/srv/_kill.py
[3.199s] -- Up-to-date: /home/vboxuser/hw3_ws/install/turtlesim/local/lib/python3.10/dist-packages/turtlesim/srv/_spawn_s.c
[3.199s] -- Up-to-date: /home/vboxuser/hw3_ws/install/turtlesim/local/lib/python3.10/dist-packages/turtlesim/srv/_teleport_absolute_s.c
[3.199s] -- Up-to-date: /home/vboxuser/hw3_ws/install/turtlesim/local/lib/python3.10/dist-packages/turtlesim/srv/_spawn.py
[3.199s] -- Up-to-date: /home/vboxuser/hw3_ws/install/turtlesim/local/lib/python3.10/dist-packages/turtlesim/action
[3.199s] -- Up-to-date: /home/vboxuser/hw3_ws/install/turtlesim/local/lib/python3.10/dist-packages/turtlesim/action/_rotate_absolute.py
[3.199s] -- Up-to-date: /home/vboxuser/hw3_ws/install/turtlesim/local/lib/python3.10/dist-packages/turtlesim/action/__init__.py
[3.199s] -- Up-to-date: /home/vboxuser/hw3_ws/install/turtlesim/local/lib/python3.10/dist-packages/turtlesim/action/_rotate_absolute_s.c
[3.200s] -- Up-to-date: /home/vboxuser/hw3_ws/install/turtlesim/local/lib/python3.10/dist-packages/turtlesim/turtlesim_s__rosidl_typesupport_c.cpython-310-x86_64-linux-gnu.so
[3.230s] Listing '/home/vboxuser/hw3_ws/install/turtlesim/local/lib/python3.10/dist-packages/turtlesim'...
[3.230s] Listing '/home/vboxuser/hw3_ws/install/turtlesim/local/lib/python3.10/dist-packages/turtlesim/action'...
[3.230s] Listing '/home/vboxuser/hw3_ws/install/turtlesim/local/lib/python3.10/dist-packages/turtlesim/msg'...
[3.230s] Listing '/home/vboxuser/hw3_ws/install/turtlesim/local/lib/python3.10/dist-packages/turtlesim/srv'...
[3.236s] -- Up-to-date: /home/vboxuser/hw3_ws/install/turtlesim/local/lib/python3.10/dist-packages/turtlesim/turtlesim_s__rosidl_typesupport_fastrtps_c.cpython-310-x86_64-linux-gnu.so
[3.239s] -- Up-to-date: /home/vboxuser/hw3_ws/install/turtlesim/local/lib/python3.10/dist-packages/turtlesim/turtlesim_s__rosidl_typesupport_introspection_c.cpython-310-x86_64-linux-gnu.so
[3.239s] -- Up-to-date: /home/vboxuser/hw3_ws/install/turtlesim/local/lib/python3.10/dist-packages/turtlesim/turtlesim_s__rosidl_typesupport_c.cpython-310-x86_64-linux-gnu.so
[3.239s] -- Up-to-date: /home/vboxuser/hw3_ws/install/turtlesim/lib/libturtlesim__rosidl_generator_py.so
[3.240s] -- Up-to-date: /home/vboxuser/hw3_ws/install/turtlesim/share/turtlesim/action/RotateAbsolute.idl
[3.240s] -- Up-to-date: /home/vboxuser/hw3_ws/install/turtlesim/share/turtlesim/msg/Color.idl
[3.240s] -- Up-to-date: /home/vboxuser/hw3_ws/install/turtlesim/share/turtlesim/msg/Pose.idl
[3.240s] -- Up-to-date: /home/vboxuser/hw3_ws/install/turtlesim/share/turtlesim/srv/Kill.idl
[3.240s] -- Up-to-date: /home/vboxuser/hw3_ws/install/turtlesim/share/turtlesim/srv/SetPen.idl
[3.241s] -- Up-to-date: /home/vboxuser/hw3_ws/install/turtlesim/share/turtlesim/srv/Spawn.idl
[3.241s] -- Up-to-date: /home/vboxuser/hw3_ws/install/turtlesim/share/turtlesim/srv/TeleportAbsolute.idl
[3.241s] -- Up-to-date: /home/vboxuser/hw3_ws/install/turtlesim/share/turtlesim/srv/TeleportRelative.idl
[3.241s] -- Up-to-date: /home/vboxuser/hw3_ws/install/turtlesim/share/turtlesim/action/RotateAbsolute.action
[3.241s] -- Up-to-date: /home/vboxuser/hw3_ws/install/turtlesim/share/turtlesim/msg/Color.msg
[3.241s] -- Up-to-date: /home/vboxuser/hw3_ws/install/turtlesim/share/turtlesim/msg/Pose.msg
[3.241s] -- Up-to-date: /home/vboxuser/hw3_ws/install/turtlesim/share/turtlesim/srv/Kill.srv
[3.241s] -- Up-to-date: /home/vboxuser/hw3_ws/install/turtlesim/share/turtlesim/srv/Kill_Request.msg
[3.242s] -- Up-to-date: /home/vboxuser/hw3_ws/install/turtlesim/share/turtlesim/srv/Kill_Response.msg
[3.242s] -- Up-to-date: /home/vboxuser/hw3_ws/install/turtlesim/share/turtlesim/srv/SetPen.srv
[3.242s] -- Up-to-date: /home/vboxuser/hw3_ws/install/turtlesim/share/turtlesim/srv/SetPen_Request.msg
[3.242s] -- Up-to-date: /home/vboxuser/hw3_ws/install/turtlesim/share/turtlesim/srv/SetPen_Response.msg
[3.243s] -- Up-to-date: /home/vboxuser/hw3_ws/install/turtlesim/share/turtlesim/srv/Spawn.srv
[3.243s] -- Up-to-date: /home/vboxuser/hw3_ws/install/turtlesim/share/turtlesim/srv/Spawn_Request.msg
[3.243s] -- Up-to-date: /home/vboxuser/hw3_ws/install/turtlesim/share/turtlesim/srv/Spawn_Response.msg
[3.243s] -- Up-to-date: /home/vboxuser/hw3_ws/install/turtlesim/share/turtlesim/srv/TeleportAbsolute.srv
[3.243s] -- Up-to-date: /home/vboxuser/hw3_ws/install/turtlesim/share/turtlesim/srv/TeleportAbsolute_Request.msg
[3.243s] -- Up-to-date: /home/vboxuser/hw3_ws/install/turtlesim/share/turtlesim/srv/TeleportAbsolute_Response.msg
[3.243s] -- Up-to-date: /home/vboxuser/hw3_ws/install/turtlesim/share/turtlesim/srv/TeleportRelative.srv
[3.243s] -- Up-to-date: /home/vboxuser/hw3_ws/install/turtlesim/share/turtlesim/srv/TeleportRelative_Request.msg
[3.243s] -- Up-to-date: /home/vboxuser/hw3_ws/install/turtlesim/share/turtlesim/srv/TeleportRelative_Response.msg
[3.243s] -- Up-to-date: /home/vboxuser/hw3_ws/install/turtlesim/lib/turtlesim/turtlesim_node
[3.244s] -- Up-to-date: /home/vboxuser/hw3_ws/install/turtlesim/lib/turtlesim/turtle_teleop_key
[3.244s] -- Up-to-date: /home/vboxuser/hw3_ws/install/turtlesim/lib/turtlesim/draw_square
[3.244s] -- Up-to-date: /home/vboxuser/hw3_ws/install/turtlesim/lib/turtlesim/mimic
[3.245s] -- Up-to-date: /home/vboxuser/hw3_ws/install/turtlesim/share/turtlesim/images
[3.245s] -- Up-to-date: /home/vboxuser/hw3_ws/install/turtlesim/share/turtlesim/images/foxy.png
[3.246s] -- Up-to-date: /home/vboxuser/hw3_ws/install/turtlesim/share/turtlesim/images/dashing.png
[3.246s] -- Up-to-date: /home/vboxuser/hw3_ws/install/turtlesim/share/turtlesim/images/bouncy.png
[3.246s] -- Up-to-date: /home/vboxuser/hw3_ws/install/turtlesim/share/turtlesim/images/ardent.png
[3.246s] -- Up-to-date: /home/vboxuser/hw3_ws/install/turtlesim/share/turtlesim/images/eloquent.png
[3.246s] -- Up-to-date: /home/vboxuser/hw3_ws/install/turtlesim/share/turtlesim/images/rolling.png
[3.246s] -- Up-to-date: /home/vboxuser/hw3_ws/install/turtlesim/share/turtlesim/images/humble.png
[3.247s] -- Up-to-date: /home/vboxuser/hw3_ws/install/turtlesim/share/turtlesim/images/crystal.png
[3.247s] -- Up-to-date: /home/vboxuser/hw3_ws/install/turtlesim/share/turtlesim/images/galactic.png
[3.247s] -- Up-to-date: /home/vboxuser/hw3_ws/install/turtlesim/share/turtlesim/launch
[3.247s] -- Up-to-date: /home/vboxuser/hw3_ws/install/turtlesim/share/turtlesim/launch/multisim.launch.py
[3.247s] -- Up-to-date: /home/vboxuser/hw3_ws/install/turtlesim/share/ament_index/resource_index/package_run_dependencies/turtlesim
[3.247s] -- Up-to-date: /home/vboxuser/hw3_ws/install/turtlesim/share/ament_index/resource_index/parent_prefix_path/turtlesim
[3.248s] -- Up-to-date: /home/vboxuser/hw3_ws/install/turtlesim/share/turtlesim/environment/ament_prefix_path.sh
[3.250s] -- Up-to-date: /home/vboxuser/hw3_ws/install/turtlesim/share/turtlesim/environment/ament_prefix_path.dsv
[3.250s] -- Up-to-date: /home/vboxuser/hw3_ws/install/turtlesim/share/turtlesim/environment/path.sh
[3.250s] -- Up-to-date: /home/vboxuser/hw3_ws/install/turtlesim/share/turtlesim/environment/path.dsv
[3.250s] -- Up-to-date: /home/vboxuser/hw3_ws/install/turtlesim/share/turtlesim/local_setup.bash
[3.250s] -- Up-to-date: /home/vboxuser/hw3_ws/install/turtlesim/share/turtlesim/local_setup.sh
[3.251s] -- Up-to-date: /home/vboxuser/hw3_ws/install/turtlesim/share/turtlesim/local_setup.zsh
[3.251s] -- Up-to-date: /home/vboxuser/hw3_ws/install/turtlesim/share/turtlesim/local_setup.dsv
[3.251s] -- Installing: /home/vboxuser/hw3_ws/install/turtlesim/share/turtlesim/package.dsv
[3.265s] -- Up-to-date: /home/vboxuser/hw3_ws/install/turtlesim/share/ament_index/resource_index/packages/turtlesim
[3.265s] -- Up-to-date: /home/vboxuser/hw3_ws/install/turtlesim/share/turtlesim/cmake/export_turtlesim__rosidl_generator_cExport.cmake
[3.265s] -- Up-to-date: /home/vboxuser/hw3_ws/install/turtlesim/share/turtlesim/cmake/export_turtlesim__rosidl_generator_cExport-noconfig.cmake
[3.265s] -- Up-to-date: /home/vboxuser/hw3_ws/install/turtlesim/share/turtlesim/cmake/export_turtlesim__rosidl_typesupport_fastrtps_cExport.cmake
[3.265s] -- Up-to-date: /home/vboxuser/hw3_ws/install/turtlesim/share/turtlesim/cmake/export_turtlesim__rosidl_typesupport_fastrtps_cExport-noconfig.cmake
[3.265s] -- Up-to-date: /home/vboxuser/hw3_ws/install/turtlesim/share/turtlesim/cmake/export_turtlesim__rosidl_generator_cppExport.cmake
[3.266s] -- Up-to-date: /home/vboxuser/hw3_ws/install/turtlesim/share/turtlesim/cmake/export_turtlesim__rosidl_typesupport_fastrtps_cppExport.cmake
[3.266s] -- Up-to-date: /home/vboxuser/hw3_ws/install/turtlesim/share/turtlesim/cmake/export_turtlesim__rosidl_typesupport_fastrtps_cppExport-noconfig.cmake
[3.266s] -- Up-to-date: /home/vboxuser/hw3_ws/install/turtlesim/share/turtlesim/cmake/turtlesim__rosidl_typesupport_introspection_cExport.cmake
[3.266s] -- Up-to-date: /home/vboxuser/hw3_ws/install/turtlesim/share/turtlesim/cmake/turtlesim__rosidl_typesupport_introspection_cExport-noconfig.cmake
[3.266s] -- Up-to-date: /home/vboxuser/hw3_ws/install/turtlesim/share/turtlesim/cmake/turtlesim__rosidl_typesupport_cExport.cmake
[3.266s] -- Up-to-date: /home/vboxuser/hw3_ws/install/turtlesim/share/turtlesim/cmake/turtlesim__rosidl_typesupport_cExport-noconfig.cmake
[3.266s] -- Up-to-date: /home/vboxuser/hw3_ws/install/turtlesim/share/turtlesim/cmake/turtlesim__rosidl_typesupport_introspection_cppExport.cmake
[3.274s] -- Up-to-date: /home/vboxuser/hw3_ws/install/turtlesim/share/turtlesim/cmake/turtlesim__rosidl_typesupport_introspection_cppExport-noconfig.cmake
[3.274s] -- Up-to-date: /home/vboxuser/hw3_ws/install/turtlesim/share/turtlesim/cmake/turtlesim__rosidl_typesupport_cppExport.cmake
[3.274s] -- Up-to-date: /home/vboxuser/hw3_ws/install/turtlesim/share/turtlesim/cmake/turtlesim__rosidl_typesupport_cppExport-noconfig.cmake
[3.274s] -- Up-to-date: /home/vboxuser/hw3_ws/install/turtlesim/share/turtlesim/cmake/export_turtlesim__rosidl_generator_pyExport.cmake
[3.274s] -- Up-to-date: /home/vboxuser/hw3_ws/install/turtlesim/share/turtlesim/cmake/export_turtlesim__rosidl_generator_pyExport-noconfig.cmake
[3.274s] -- Up-to-date: /home/vboxuser/hw3_ws/install/turtlesim/share/turtlesim/cmake/rosidl_cmake-extras.cmake
[3.274s] -- Up-to-date: /home/vboxuser/hw3_ws/install/turtlesim/share/turtlesim/cmake/ament_cmake_export_dependencies-extras.cmake
[3.274s] -- Up-to-date: /home/vboxuser/hw3_ws/install/turtlesim/share/turtlesim/cmake/ament_cmake_export_include_directories-extras.cmake
[3.275s] -- Up-to-date: /home/vboxuser/hw3_ws/install/turtlesim/share/turtlesim/cmake/ament_cmake_export_libraries-extras.cmake
[3.275s] -- Up-to-date: /home/vboxuser/hw3_ws/install/turtlesim/share/turtlesim/cmake/ament_cmake_export_targets-extras.cmake
[3.275s] -- Up-to-date: /home/vboxuser/hw3_ws/install/turtlesim/share/turtlesim/cmake/rosidl_cmake_export_typesupport_targets-extras.cmake
[3.275s] -- Up-to-date: /home/vboxuser/hw3_ws/install/turtlesim/share/turtlesim/cmake/rosidl_cmake_export_typesupport_libraries-extras.cmake
[3.275s] -- Up-to-date: /home/vboxuser/hw3_ws/install/turtlesim/share/turtlesim/cmake/turtlesimConfig.cmake
[3.275s] -- Up-to-date: /home/vboxuser/hw3_ws/install/turtlesim/share/turtlesim/cmake/turtlesimConfig-version.cmake
[3.275s] -- Up-to-date: /home/vboxuser/hw3_ws/install/turtlesim/share/turtlesim/package.xml
[3.276s] Invoked command in '/home/vboxuser/hw3_ws/build/turtlesim' returned '0': CMAKE_PREFIX_PATH=${CMAKE_PREFIX_PATH}:/home/vboxuser/hw3_ws/install/q2:/home/vboxuser/hw3_ws/install/q1:/home/vboxuser/hw3_ws/install/py_pubsub:/opt/ros/humble /usr/bin/cmake --install /home/vboxuser/hw3_ws/build/turtlesim
