-- Found ament_cmake: 1.3.6 (/opt/ros/humble/share/ament_cmake/cmake)
-- Found geometry_msgs: 4.2.3 (/opt/ros/humble/share/geometry_msgs/cmake)
-- Found rosidl_generator_c: 3.1.5 (/opt/ros/humble/share/rosidl_generator_c/cmake)
-- Found rosidl_adapter: 3.1.5 (/opt/ros/humble/share/rosidl_adapter/cmake)
-- Found rosidl_generator_cpp: 3.1.5 (/opt/ros/humble/share/rosidl_generator_cpp/cmake)
-- Using all available rosidl_typesupport_c: rosidl_typesupport_fastrtps_c;rosidl_typesupport_introspection_c
-- Using all available rosidl_typesupport_cpp: rosidl_typesupport_fastrtps_cpp;rosidl_typesupport_introspection_cpp
-- Found rosidl_default_generators: 1.2.0 (/opt/ros/humble/share/rosidl_default_generators/cmake)
-- Found ament_cmake_ros: 0.10.0 (/opt/ros/humble/share/ament_cmake_ros/cmake)
-- Using all available rosidl_typesupport_c: rosidl_typesupport_fastrtps_c;rosidl_typesupport_introspection_c
-- Using all available rosidl_typesupport_cpp: rosidl_typesupport_fastrtps_cpp;rosidl_typesupport_introspection_cpp
-- Found PythonInterp: /usr/bin/python3 (found suitable version "3.10.12", minimum required is "3.6") 
-- Found python_cmake_module: 0.10.0 (/opt/ros/humble/share/python_cmake_module/cmake)
-- Found PythonLibs: /usr/lib/x86_64-linux-gnu/libpython3.10.so (found suitable version "3.10.12", minimum required is "3.5") 
-- Using PYTHON_EXECUTABLE: /usr/bin/python3
-- Using PYTHON_INCLUDE_DIRS: /usr/include/python3.10
-- Using PYTHON_LIBRARIES: /usr/lib/x86_64-linux-gnu/libpython3.10.so
-- Found PythonExtra: .so  
-- Found ament_lint_auto: 0.12.9 (/opt/ros/humble/share/ament_lint_auto/cmake)
-- Added test 'lint_cmake' to check CMake code style
-- Added test 'xmllint' to check XML markup files
-- Configuring done
-- Generating done
-- Build files have been written to: /home/vboxuser/ros2_ws/build/turtorial_interfaces
[  2%] [34m[1mGenerating C code for ROS interfaces[0m
[  4%] [34m[1mGenerating C++ code for ROS interfaces[0m
[  4%] Built target ament_cmake_python_copy_turtorial_interfaces
running egg_info
creating turtorial_interfaces.egg-info
writing turtorial_interfaces.egg-info/PKG-INFO
writing dependency_links to turtorial_interfaces.egg-info/dependency_links.txt
writing top-level names to turtorial_interfaces.egg-info/top_level.txt
writing manifest file 'turtorial_interfaces.egg-info/SOURCES.txt'
reading manifest file 'turtorial_interfaces.egg-info/SOURCES.txt'
writing manifest file 'turtorial_interfaces.egg-info/SOURCES.txt'
[  4%] Built target ament_cmake_python_build_turtorial_interfaces_egg
[  8%] [32mBuilding C object CMakeFiles/turtorial_interfaces__rosidl_generator_c.dir/rosidl_generator_c/turtorial_interfaces/msg/detail/num__functions.c.o[0m
[  8%] [32mBuilding C object CMakeFiles/turtorial_interfaces__rosidl_generator_c.dir/rosidl_generator_c/turtorial_interfaces/msg/detail/sphere__functions.c.o[0m
[ 10%] [32mBuilding C object CMakeFiles/turtorial_interfaces__rosidl_generator_c.dir/rosidl_generator_c/turtorial_interfaces/srv/detail/add_three_ints__functions.c.o[0m
[ 10%] Built target turtorial_interfaces__cpp
[ 14%] [34m[1mGenerating C++ type support for eProsima Fast-RTPS[0m
[ 14%] [34m[1mGenerating C++ type support dispatch for ROS interfaces[0m
[ 17%] [34m[1mGenerating C++ introspection for ROS interfaces[0m
[ 19%] [32m[1mLinking C shared library libturtorial_interfaces__rosidl_generator_c.so[0m
[ 19%] Built target turtorial_interfaces__rosidl_generator_c
[ 21%] [34m[1mGenerating C introspection for ROS interfaces[0m
[ 23%] [34m[1mGenerating C type support for eProsima Fast-RTPS[0m
[ 25%] [34m[1mGenerating C type support dispatch for ROS interfaces[0m
[ 27%] [32mBuilding CXX object CMakeFiles/turtorial_interfaces__rosidl_typesupport_cpp.dir/rosidl_typesupport_cpp/turtorial_interfaces/msg/num__type_support.cpp.o[0m
[ 29%] [32mBuilding CXX object CMakeFiles/turtorial_interfaces__rosidl_typesupport_introspection_cpp.dir/rosidl_typesupport_introspection_cpp/turtorial_interfaces/msg/detail/num__type_support.cpp.o[0m
[ 31%] [32mBuilding CXX object CMakeFiles/turtorial_interfaces__rosidl_typesupport_c.dir/rosidl_typesupport_c/turtorial_interfaces/msg/num__type_support.cpp.o[0m
[ 34%] [32mBuilding CXX object CMakeFiles/turtorial_interfaces__rosidl_typesupport_fastrtps_cpp.dir/rosidl_typesupport_fastrtps_cpp/turtorial_interfaces/msg/detail/dds_fastrtps/num__type_support.cpp.o[0m
[ 36%] [32mBuilding CXX object CMakeFiles/turtorial_interfaces__rosidl_typesupport_c.dir/rosidl_typesupport_c/turtorial_interfaces/msg/sphere__type_support.cpp.o[0m
[ 38%] [32mBuilding CXX object CMakeFiles/turtorial_interfaces__rosidl_typesupport_c.dir/rosidl_typesupport_c/turtorial_interfaces/srv/add_three_ints__type_support.cpp.o[0m
[ 40%] [32mBuilding C object CMakeFiles/turtorial_interfaces__rosidl_typesupport_introspection_c.dir/rosidl_typesupport_introspection_c/turtorial_interfaces/msg/detail/num__type_support.c.o[0m
[ 42%] [32m[1mLinking CXX shared library libturtorial_interfaces__rosidl_typesupport_c.so[0m
[ 44%] [32mBuilding C object CMakeFiles/turtorial_interfaces__rosidl_typesupport_introspection_c.dir/rosidl_typesupport_introspection_c/turtorial_interfaces/msg/detail/sphere__type_support.c.o[0m
[ 46%] [32mBuilding CXX object CMakeFiles/turtorial_interfaces__rosidl_typesupport_fastrtps_c.dir/rosidl_typesupport_fastrtps_c/turtorial_interfaces/msg/detail/num__type_support_c.cpp.o[0m
[ 48%] [32mBuilding CXX object CMakeFiles/turtorial_interfaces__rosidl_typesupport_cpp.dir/rosidl_typesupport_cpp/turtorial_interfaces/msg/sphere__type_support.cpp.o[0m
[ 48%] Built target turtorial_interfaces__rosidl_typesupport_c
[ 51%] [32mBuilding CXX object CMakeFiles/turtorial_interfaces__rosidl_typesupport_cpp.dir/rosidl_typesupport_cpp/turtorial_interfaces/srv/add_three_ints__type_support.cpp.o[0m
[ 53%] [32mBuilding C object CMakeFiles/turtorial_interfaces__rosidl_typesupport_introspection_c.dir/rosidl_typesupport_introspection_c/turtorial_interfaces/srv/detail/add_three_ints__type_support.c.o[0m
[ 55%] [32m[1mLinking C shared library libturtorial_interfaces__rosidl_typesupport_introspection_c.so[0m
[ 55%] Built target turtorial_interfaces__rosidl_typesupport_introspection_c
[ 57%] [32mBuilding CXX object CMakeFiles/turtorial_interfaces__rosidl_typesupport_fastrtps_c.dir/rosidl_typesupport_fastrtps_c/turtorial_interfaces/msg/detail/sphere__type_support_c.cpp.o[0m
[ 59%] [32mBuilding CXX object CMakeFiles/turtorial_interfaces__rosidl_typesupport_introspection_cpp.dir/rosidl_typesupport_introspection_cpp/turtorial_interfaces/msg/detail/sphere__type_support.cpp.o[0m
[ 61%] [32mBuilding CXX object CMakeFiles/turtorial_interfaces__rosidl_typesupport_fastrtps_cpp.dir/rosidl_typesupport_fastrtps_cpp/turtorial_interfaces/msg/detail/dds_fastrtps/sphere__type_support.cpp.o[0m
[ 63%] [32mBuilding CXX object CMakeFiles/turtorial_interfaces__rosidl_typesupport_fastrtps_cpp.dir/rosidl_typesupport_fastrtps_cpp/turtorial_interfaces/srv/detail/dds_fastrtps/add_three_ints__type_support.cpp.o[0m
[ 65%] [32m[1mLinking CXX shared library libturtorial_interfaces__rosidl_typesupport_cpp.so[0m
[ 68%] [32mBuilding CXX object CMakeFiles/turtorial_interfaces__rosidl_typesupport_fastrtps_c.dir/rosidl_typesupport_fastrtps_c/turtorial_interfaces/srv/detail/add_three_ints__type_support_c.cpp.o[0m
[ 68%] Built target turtorial_interfaces__rosidl_typesupport_cpp
[ 70%] [32mBuilding CXX object CMakeFiles/turtorial_interfaces__rosidl_typesupport_introspection_cpp.dir/rosidl_typesupport_introspection_cpp/turtorial_interfaces/srv/detail/add_three_ints__type_support.cpp.o[0m
[ 72%] [32m[1mLinking CXX shared library libturtorial_interfaces__rosidl_typesupport_fastrtps_c.so[0m
[ 74%] [32m[1mLinking CXX shared library libturtorial_interfaces__rosidl_typesupport_fastrtps_cpp.so[0m
[ 76%] [32m[1mLinking CXX shared library libturtorial_interfaces__rosidl_typesupport_introspection_cpp.so[0m
[ 76%] Built target turtorial_interfaces__rosidl_typesupport_fastrtps_c
[ 76%] Built target turtorial_interfaces__rosidl_typesupport_fastrtps_cpp
[ 76%] Built target turtorial_interfaces__rosidl_typesupport_introspection_cpp
[ 76%] Built target turtorial_interfaces
[ 78%] [34m[1mGenerating Python code for ROS interfaces[0m
[ 78%] Built target turtorial_interfaces__py
[ 85%] [32mBuilding C object CMakeFiles/turtorial_interfaces__rosidl_generator_py.dir/rosidl_generator_py/turtorial_interfaces/srv/_add_three_ints_s.c.o[0m
[ 85%] [32mBuilding C object CMakeFiles/turtorial_interfaces__rosidl_generator_py.dir/rosidl_generator_py/turtorial_interfaces/msg/_num_s.c.o[0m
[ 85%] [32mBuilding C object CMakeFiles/turtorial_interfaces__rosidl_generator_py.dir/rosidl_generator_py/turtorial_interfaces/msg/_sphere_s.c.o[0m
[ 87%] [32m[1mLinking C shared library rosidl_generator_py/turtorial_interfaces/libturtorial_interfaces__rosidl_generator_py.so[0m
[ 87%] Built target turtorial_interfaces__rosidl_generator_py
[ 89%] [32mBuilding C object CMakeFiles/turtorial_interfaces__rosidl_typesupport_fastrtps_c__pyext.dir/rosidl_generator_py/turtorial_interfaces/_turtorial_interfaces_s.ep.rosidl_typesupport_fastrtps_c.c.o[0m
[ 91%] [32mBuilding C object CMakeFiles/turtorial_interfaces__rosidl_typesupport_introspection_c__pyext.dir/rosidl_generator_py/turtorial_interfaces/_turtorial_interfaces_s.ep.rosidl_typesupport_introspection_c.c.o[0m
[ 93%] [32mBuilding C object CMakeFiles/turtorial_interfaces__rosidl_typesupport_c__pyext.dir/rosidl_generator_py/turtorial_interfaces/_turtorial_interfaces_s.ep.rosidl_typesupport_c.c.o[0m
[ 95%] [32m[1mLinking C shared library rosidl_generator_py/turtorial_interfaces/turtorial_interfaces_s__rosidl_typesupport_fastrtps_c.cpython-310-x86_64-linux-gnu.so[0m
[ 97%] [32m[1mLinking C shared library rosidl_generator_py/turtorial_interfaces/turtorial_interfaces_s__rosidl_typesupport_c.cpython-310-x86_64-linux-gnu.so[0m
[100%] [32m[1mLinking C shared library rosidl_generator_py/turtorial_interfaces/turtorial_interfaces_s__rosidl_typesupport_introspection_c.cpython-310-x86_64-linux-gnu.so[0m
[100%] Built target turtorial_interfaces__rosidl_typesupport_fastrtps_c__pyext
[100%] Built target turtorial_interfaces__rosidl_typesupport_c__pyext
[100%] Built target turtorial_interfaces__rosidl_typesupport_introspection_c__pyext
-- Install configuration: ""
-- Installing: /home/vboxuser/ros2_ws/install/turtorial_interfaces/share/ament_index/resource_index/rosidl_interfaces/turtorial_interfaces
-- Installing: /home/vboxuser/ros2_ws/install/turtorial_interfaces/include/turtorial_interfaces/turtorial_interfaces
-- Installing: /home/vboxuser/ros2_ws/install/turtorial_interfaces/include/turtorial_interfaces/turtorial_interfaces/msg
-- Installing: /home/vboxuser/ros2_ws/install/turtorial_interfaces/include/turtorial_interfaces/turtorial_interfaces/msg/rosidl_generator_c__visibility_control.h
-- Installing: /home/vboxuser/ros2_ws/install/turtorial_interfaces/include/turtorial_interfaces/turtorial_interfaces/msg/detail
-- Installing: /home/vboxuser/ros2_ws/install/turtorial_interfaces/include/turtorial_interfaces/turtorial_interfaces/msg/detail/num__type_support.h
-- Installing: /home/vboxuser/ros2_ws/install/turtorial_interfaces/include/turtorial_interfaces/turtorial_interfaces/msg/detail/num__struct.h
-- Installing: /home/vboxuser/ros2_ws/install/turtorial_interfaces/include/turtorial_interfaces/turtorial_interfaces/msg/detail/num__functions.h
-- Installing: /home/vboxuser/ros2_ws/install/turtorial_interfaces/include/turtorial_interfaces/turtorial_interfaces/msg/detail/sphere__functions.c
-- Installing: /home/vboxuser/ros2_ws/install/turtorial_interfaces/include/turtorial_interfaces/turtorial_interfaces/msg/detail/sphere__struct.h
-- Installing: /home/vboxuser/ros2_ws/install/turtorial_interfaces/include/turtorial_interfaces/turtorial_interfaces/msg/detail/num__functions.c
-- Installing: /home/vboxuser/ros2_ws/install/turtorial_interfaces/include/turtorial_interfaces/turtorial_interfaces/msg/detail/sphere__type_support.h
-- Installing: /home/vboxuser/ros2_ws/install/turtorial_interfaces/include/turtorial_interfaces/turtorial_interfaces/msg/detail/sphere__functions.h
-- Installing: /home/vboxuser/ros2_ws/install/turtorial_interfaces/include/turtorial_interfaces/turtorial_interfaces/msg/sphere.h
-- Installing: /home/vboxuser/ros2_ws/install/turtorial_interfaces/include/turtorial_interfaces/turtorial_interfaces/msg/num.h
-- Installing: /home/vboxuser/ros2_ws/install/turtorial_interfaces/include/turtorial_interfaces/turtorial_interfaces/srv
-- Installing: /home/vboxuser/ros2_ws/install/turtorial_interfaces/include/turtorial_interfaces/turtorial_interfaces/srv/add_three_ints.h
-- Installing: /home/vboxuser/ros2_ws/install/turtorial_interfaces/include/turtorial_interfaces/turtorial_interfaces/srv/detail
-- Installing: /home/vboxuser/ros2_ws/install/turtorial_interfaces/include/turtorial_interfaces/turtorial_interfaces/srv/detail/add_three_ints__functions.c
-- Installing: /home/vboxuser/ros2_ws/install/turtorial_interfaces/include/turtorial_interfaces/turtorial_interfaces/srv/detail/add_three_ints__type_support.h
-- Installing: /home/vboxuser/ros2_ws/install/turtorial_interfaces/include/turtorial_interfaces/turtorial_interfaces/srv/detail/add_three_ints__functions.h
-- Installing: /home/vboxuser/ros2_ws/install/turtorial_interfaces/include/turtorial_interfaces/turtorial_interfaces/srv/detail/add_three_ints__struct.h
-- Installing: /home/vboxuser/ros2_ws/install/turtorial_interfaces/share/turtorial_interfaces/environment/library_path.sh
-- Installing: /home/vboxuser/ros2_ws/install/turtorial_interfaces/share/turtorial_interfaces/environment/library_path.dsv
-- Installing: /home/vboxuser/ros2_ws/install/turtorial_interfaces/lib/libturtorial_interfaces__rosidl_generator_c.so
-- Set runtime path of "/home/vboxuser/ros2_ws/install/turtorial_interfaces/lib/libturtorial_interfaces__rosidl_generator_c.so" to ""
-- Up-to-date: /home/vboxuser/ros2_ws/install/turtorial_interfaces/include/turtorial_interfaces/turtorial_interfaces
-- Up-to-date: /home/vboxuser/ros2_ws/install/turtorial_interfaces/include/turtorial_interfaces/turtorial_interfaces/msg
-- Up-to-date: /home/vboxuser/ros2_ws/install/turtorial_interfaces/include/turtorial_interfaces/turtorial_interfaces/msg/detail
-- Installing: /home/vboxuser/ros2_ws/install/turtorial_interfaces/include/turtorial_interfaces/turtorial_interfaces/msg/detail/sphere__rosidl_typesupport_fastrtps_c.h
-- Installing: /home/vboxuser/ros2_ws/install/turtorial_interfaces/include/turtorial_interfaces/turtorial_interfaces/msg/detail/num__rosidl_typesupport_fastrtps_c.h
-- Installing: /home/vboxuser/ros2_ws/install/turtorial_interfaces/include/turtorial_interfaces/turtorial_interfaces/msg/rosidl_typesupport_fastrtps_c__visibility_control.h
-- Up-to-date: /home/vboxuser/ros2_ws/install/turtorial_interfaces/include/turtorial_interfaces/turtorial_interfaces/srv
-- Up-to-date: /home/vboxuser/ros2_ws/install/turtorial_interfaces/include/turtorial_interfaces/turtorial_interfaces/srv/detail
-- Installing: /home/vboxuser/ros2_ws/install/turtorial_interfaces/include/turtorial_interfaces/turtorial_interfaces/srv/detail/add_three_ints__rosidl_typesupport_fastrtps_c.h
-- Installing: /home/vboxuser/ros2_ws/install/turtorial_interfaces/lib/libturtorial_interfaces__rosidl_typesupport_fastrtps_c.so
-- Set runtime path of "/home/vboxuser/ros2_ws/install/turtorial_interfaces/lib/libturtorial_interfaces__rosidl_typesupport_fastrtps_c.so" to ""
-- Up-to-date: /home/vboxuser/ros2_ws/install/turtorial_interfaces/include/turtorial_interfaces/turtorial_interfaces
-- Up-to-date: /home/vboxuser/ros2_ws/install/turtorial_interfaces/include/turtorial_interfaces/turtorial_interfaces/msg
-- Up-to-date: /home/vboxuser/ros2_ws/install/turtorial_interfaces/include/turtorial_interfaces/turtorial_interfaces/msg/detail
-- Installing: /home/vboxuser/ros2_ws/install/turtorial_interfaces/include/turtorial_interfaces/turtorial_interfaces/msg/detail/sphere__traits.hpp
-- Installing: /home/vboxuser/ros2_ws/install/turtorial_interfaces/include/turtorial_interfaces/turtorial_interfaces/msg/detail/num__traits.hpp
-- Installing: /home/vboxuser/ros2_ws/install/turtorial_interfaces/include/turtorial_interfaces/turtorial_interfaces/msg/detail/num__struct.hpp
-- Installing: /home/vboxuser/ros2_ws/install/turtorial_interfaces/include/turtorial_interfaces/turtorial_interfaces/msg/detail/num__builder.hpp
-- Installing: /home/vboxuser/ros2_ws/install/turtorial_interfaces/include/turtorial_interfaces/turtorial_interfaces/msg/detail/sphere__builder.hpp
-- Installing: /home/vboxuser/ros2_ws/install/turtorial_interfaces/include/turtorial_interfaces/turtorial_interfaces/msg/detail/sphere__struct.hpp
-- Installing: /home/vboxuser/ros2_ws/install/turtorial_interfaces/include/turtorial_interfaces/turtorial_interfaces/msg/num.hpp
-- Installing: /home/vboxuser/ros2_ws/install/turtorial_interfaces/include/turtorial_interfaces/turtorial_interfaces/msg/sphere.hpp
-- Up-to-date: /home/vboxuser/ros2_ws/install/turtorial_interfaces/include/turtorial_interfaces/turtorial_interfaces/srv
-- Up-to-date: /home/vboxuser/ros2_ws/install/turtorial_interfaces/include/turtorial_interfaces/turtorial_interfaces/srv/detail
-- Installing: /home/vboxuser/ros2_ws/install/turtorial_interfaces/include/turtorial_interfaces/turtorial_interfaces/srv/detail/add_three_ints__struct.hpp
-- Installing: /home/vboxuser/ros2_ws/install/turtorial_interfaces/include/turtorial_interfaces/turtorial_interfaces/srv/detail/add_three_ints__traits.hpp
-- Installing: /home/vboxuser/ros2_ws/install/turtorial_interfaces/include/turtorial_interfaces/turtorial_interfaces/srv/detail/add_three_ints__builder.hpp
-- Installing: /home/vboxuser/ros2_ws/install/turtorial_interfaces/include/turtorial_interfaces/turtorial_interfaces/srv/add_three_ints.hpp
-- Up-to-date: /home/vboxuser/ros2_ws/install/turtorial_interfaces/include/turtorial_interfaces/turtorial_interfaces
-- Up-to-date: /home/vboxuser/ros2_ws/install/turtorial_interfaces/include/turtorial_interfaces/turtorial_interfaces/msg
-- Up-to-date: /home/vboxuser/ros2_ws/install/turtorial_interfaces/include/turtorial_interfaces/turtorial_interfaces/msg/detail
-- Installing: /home/vboxuser/ros2_ws/install/turtorial_interfaces/include/turtorial_interfaces/turtorial_interfaces/msg/detail/sphere__rosidl_typesupport_fastrtps_cpp.hpp
-- Installing: /home/vboxuser/ros2_ws/install/turtorial_interfaces/include/turtorial_interfaces/turtorial_interfaces/msg/detail/dds_fastrtps
-- Installing: /home/vboxuser/ros2_ws/install/turtorial_interfaces/include/turtorial_interfaces/turtorial_interfaces/msg/detail/num__rosidl_typesupport_fastrtps_cpp.hpp
-- Installing: /home/vboxuser/ros2_ws/install/turtorial_interfaces/include/turtorial_interfaces/turtorial_interfaces/msg/rosidl_typesupport_fastrtps_cpp__visibility_control.h
-- Up-to-date: /home/vboxuser/ros2_ws/install/turtorial_interfaces/include/turtorial_interfaces/turtorial_interfaces/srv
-- Up-to-date: /home/vboxuser/ros2_ws/install/turtorial_interfaces/include/turtorial_interfaces/turtorial_interfaces/srv/detail
-- Installing: /home/vboxuser/ros2_ws/install/turtorial_interfaces/include/turtorial_interfaces/turtorial_interfaces/srv/detail/add_three_ints__rosidl_typesupport_fastrtps_cpp.hpp
-- Installing: /home/vboxuser/ros2_ws/install/turtorial_interfaces/include/turtorial_interfaces/turtorial_interfaces/srv/detail/dds_fastrtps
-- Installing: /home/vboxuser/ros2_ws/install/turtorial_interfaces/lib/libturtorial_interfaces__rosidl_typesupport_fastrtps_cpp.so
-- Set runtime path of "/home/vboxuser/ros2_ws/install/turtorial_interfaces/lib/libturtorial_interfaces__rosidl_typesupport_fastrtps_cpp.so" to ""
-- Up-to-date: /home/vboxuser/ros2_ws/install/turtorial_interfaces/include/turtorial_interfaces/turtorial_interfaces
-- Up-to-date: /home/vboxuser/ros2_ws/install/turtorial_interfaces/include/turtorial_interfaces/turtorial_interfaces/msg
-- Up-to-date: /home/vboxuser/ros2_ws/install/turtorial_interfaces/include/turtorial_interfaces/turtorial_interfaces/msg/detail
-- Installing: /home/vboxuser/ros2_ws/install/turtorial_interfaces/include/turtorial_interfaces/turtorial_interfaces/msg/detail/num__type_support.c
-- Installing: /home/vboxuser/ros2_ws/install/turtorial_interfaces/include/turtorial_interfaces/turtorial_interfaces/msg/detail/sphere__type_support.c
-- Installing: /home/vboxuser/ros2_ws/install/turtorial_interfaces/include/turtorial_interfaces/turtorial_interfaces/msg/detail/num__rosidl_typesupport_introspection_c.h
-- Installing: /home/vboxuser/ros2_ws/install/turtorial_interfaces/include/turtorial_interfaces/turtorial_interfaces/msg/detail/sphere__rosidl_typesupport_introspection_c.h
-- Installing: /home/vboxuser/ros2_ws/install/turtorial_interfaces/include/turtorial_interfaces/turtorial_interfaces/msg/rosidl_typesupport_introspection_c__visibility_control.h
-- Up-to-date: /home/vboxuser/ros2_ws/install/turtorial_interfaces/include/turtorial_interfaces/turtorial_interfaces/srv
-- Up-to-date: /home/vboxuser/ros2_ws/install/turtorial_interfaces/include/turtorial_interfaces/turtorial_interfaces/srv/detail
-- Installing: /home/vboxuser/ros2_ws/install/turtorial_interfaces/include/turtorial_interfaces/turtorial_interfaces/srv/detail/add_three_ints__rosidl_typesupport_introspection_c.h
-- Installing: /home/vboxuser/ros2_ws/install/turtorial_interfaces/include/turtorial_interfaces/turtorial_interfaces/srv/detail/add_three_ints__type_support.c
-- Installing: /home/vboxuser/ros2_ws/install/turtorial_interfaces/lib/libturtorial_interfaces__rosidl_typesupport_introspection_c.so
-- Set runtime path of "/home/vboxuser/ros2_ws/install/turtorial_interfaces/lib/libturtorial_interfaces__rosidl_typesupport_introspection_c.so" to ""
-- Installing: /home/vboxuser/ros2_ws/install/turtorial_interfaces/lib/libturtorial_interfaces__rosidl_typesupport_c.so
-- Set runtime path of "/home/vboxuser/ros2_ws/install/turtorial_interfaces/lib/libturtorial_interfaces__rosidl_typesupport_c.so" to ""
-- Up-to-date: /home/vboxuser/ros2_ws/install/turtorial_interfaces/include/turtorial_interfaces/turtorial_interfaces
-- Up-to-date: /home/vboxuser/ros2_ws/install/turtorial_interfaces/include/turtorial_interfaces/turtorial_interfaces/msg
-- Up-to-date: /home/vboxuser/ros2_ws/install/turtorial_interfaces/include/turtorial_interfaces/turtorial_interfaces/msg/detail
-- Installing: /home/vboxuser/ros2_ws/install/turtorial_interfaces/include/turtorial_interfaces/turtorial_interfaces/msg/detail/sphere__type_support.cpp
-- Installing: /home/vboxuser/ros2_ws/install/turtorial_interfaces/include/turtorial_interfaces/turtorial_interfaces/msg/detail/num__type_support.cpp
-- Installing: /home/vboxuser/ros2_ws/install/turtorial_interfaces/include/turtorial_interfaces/turtorial_interfaces/msg/detail/num__rosidl_typesupport_introspection_cpp.hpp
-- Installing: /home/vboxuser/ros2_ws/install/turtorial_interfaces/include/turtorial_interfaces/turtorial_interfaces/msg/detail/sphere__rosidl_typesupport_introspection_cpp.hpp
-- Up-to-date: /home/vboxuser/ros2_ws/install/turtorial_interfaces/include/turtorial_interfaces/turtorial_interfaces/srv
-- Up-to-date: /home/vboxuser/ros2_ws/install/turtorial_interfaces/include/turtorial_interfaces/turtorial_interfaces/srv/detail
-- Installing: /home/vboxuser/ros2_ws/install/turtorial_interfaces/include/turtorial_interfaces/turtorial_interfaces/srv/detail/add_three_ints__type_support.cpp
-- Installing: /home/vboxuser/ros2_ws/install/turtorial_interfaces/include/turtorial_interfaces/turtorial_interfaces/srv/detail/add_three_ints__rosidl_typesupport_introspection_cpp.hpp
-- Installing: /home/vboxuser/ros2_ws/install/turtorial_interfaces/lib/libturtorial_interfaces__rosidl_typesupport_introspection_cpp.so
-- Set runtime path of "/home/vboxuser/ros2_ws/install/turtorial_interfaces/lib/libturtorial_interfaces__rosidl_typesupport_introspection_cpp.so" to ""
-- Installing: /home/vboxuser/ros2_ws/install/turtorial_interfaces/lib/libturtorial_interfaces__rosidl_typesupport_cpp.so
-- Set runtime path of "/home/vboxuser/ros2_ws/install/turtorial_interfaces/lib/libturtorial_interfaces__rosidl_typesupport_cpp.so" to ""
-- Installing: /home/vboxuser/ros2_ws/install/turtorial_interfaces/share/turtorial_interfaces/environment/pythonpath.sh
-- Installing: /home/vboxuser/ros2_ws/install/turtorial_interfaces/share/turtorial_interfaces/environment/pythonpath.dsv
-- Installing: /home/vboxuser/ros2_ws/install/turtorial_interfaces/local/lib/python3.10/dist-packages/turtorial_interfaces-0.0.0-py3.10.egg-info
-- Installing: /home/vboxuser/ros2_ws/install/turtorial_interfaces/local/lib/python3.10/dist-packages/turtorial_interfaces-0.0.0-py3.10.egg-info/top_level.txt
-- Installing: /home/vboxuser/ros2_ws/install/turtorial_interfaces/local/lib/python3.10/dist-packages/turtorial_interfaces-0.0.0-py3.10.egg-info/dependency_links.txt
-- Installing: /home/vboxuser/ros2_ws/install/turtorial_interfaces/local/lib/python3.10/dist-packages/turtorial_interfaces-0.0.0-py3.10.egg-info/SOURCES.txt
-- Installing: /home/vboxuser/ros2_ws/install/turtorial_interfaces/local/lib/python3.10/dist-packages/turtorial_interfaces-0.0.0-py3.10.egg-info/PKG-INFO
-- Installing: /home/vboxuser/ros2_ws/install/turtorial_interfaces/local/lib/python3.10/dist-packages/turtorial_interfaces
-- Installing: /home/vboxuser/ros2_ws/install/turtorial_interfaces/local/lib/python3.10/dist-packages/turtorial_interfaces/turtorial_interfaces_s__rosidl_typesupport_introspection_c.cpython-310-x86_64-linux-gnu.so
-- Installing: /home/vboxuser/ros2_ws/install/turtorial_interfaces/local/lib/python3.10/dist-packages/turtorial_interfaces/_turtorial_interfaces_s.ep.rosidl_typesupport_introspection_c.c
-- Installing: /home/vboxuser/ros2_ws/install/turtorial_interfaces/local/lib/python3.10/dist-packages/turtorial_interfaces/turtorial_interfaces_s__rosidl_typesupport_c.cpython-310-x86_64-linux-gnu.so
-- Installing: /home/vboxuser/ros2_ws/install/turtorial_interfaces/local/lib/python3.10/dist-packages/turtorial_interfaces/__init__.py
-- Installing: /home/vboxuser/ros2_ws/install/turtorial_interfaces/local/lib/python3.10/dist-packages/turtorial_interfaces/msg
-- Installing: /home/vboxuser/ros2_ws/install/turtorial_interfaces/local/lib/python3.10/dist-packages/turtorial_interfaces/msg/_num_s.c
-- Installing: /home/vboxuser/ros2_ws/install/turtorial_interfaces/local/lib/python3.10/dist-packages/turtorial_interfaces/msg/_sphere_s.c
-- Installing: /home/vboxuser/ros2_ws/install/turtorial_interfaces/local/lib/python3.10/dist-packages/turtorial_interfaces/msg/_sphere.py
-- Installing: /home/vboxuser/ros2_ws/install/turtorial_interfaces/local/lib/python3.10/dist-packages/turtorial_interfaces/msg/__init__.py
-- Installing: /home/vboxuser/ros2_ws/install/turtorial_interfaces/local/lib/python3.10/dist-packages/turtorial_interfaces/msg/_num.py
-- Installing: /home/vboxuser/ros2_ws/install/turtorial_interfaces/local/lib/python3.10/dist-packages/turtorial_interfaces/turtorial_interfaces_s__rosidl_typesupport_fastrtps_c.cpython-310-x86_64-linux-gnu.so
-- Installing: /home/vboxuser/ros2_ws/install/turtorial_interfaces/local/lib/python3.10/dist-packages/turtorial_interfaces/srv
-- Installing: /home/vboxuser/ros2_ws/install/turtorial_interfaces/local/lib/python3.10/dist-packages/turtorial_interfaces/srv/_add_three_ints_s.c
-- Installing: /home/vboxuser/ros2_ws/install/turtorial_interfaces/local/lib/python3.10/dist-packages/turtorial_interfaces/srv/_add_three_ints.py
-- Installing: /home/vboxuser/ros2_ws/install/turtorial_interfaces/local/lib/python3.10/dist-packages/turtorial_interfaces/srv/__init__.py
-- Installing: /home/vboxuser/ros2_ws/install/turtorial_interfaces/local/lib/python3.10/dist-packages/turtorial_interfaces/_turtorial_interfaces_s.ep.rosidl_typesupport_c.c
-- Installing: /home/vboxuser/ros2_ws/install/turtorial_interfaces/local/lib/python3.10/dist-packages/turtorial_interfaces/libturtorial_interfaces__rosidl_generator_py.so
-- Installing: /home/vboxuser/ros2_ws/install/turtorial_interfaces/local/lib/python3.10/dist-packages/turtorial_interfaces/_turtorial_interfaces_s.ep.rosidl_typesupport_fastrtps_c.c
Listing '/home/vboxuser/ros2_ws/install/turtorial_interfaces/local/lib/python3.10/dist-packages/turtorial_interfaces'...
Compiling '/home/vboxuser/ros2_ws/install/turtorial_interfaces/local/lib/python3.10/dist-packages/turtorial_interfaces/__init__.py'...
Listing '/home/vboxuser/ros2_ws/install/turtorial_interfaces/local/lib/python3.10/dist-packages/turtorial_interfaces/msg'...
Compiling '/home/vboxuser/ros2_ws/install/turtorial_interfaces/local/lib/python3.10/dist-packages/turtorial_interfaces/msg/__init__.py'...
Compiling '/home/vboxuser/ros2_ws/install/turtorial_interfaces/local/lib/python3.10/dist-packages/turtorial_interfaces/msg/_num.py'...
Compiling '/home/vboxuser/ros2_ws/install/turtorial_interfaces/local/lib/python3.10/dist-packages/turtorial_interfaces/msg/_sphere.py'...
Listing '/home/vboxuser/ros2_ws/install/turtorial_interfaces/local/lib/python3.10/dist-packages/turtorial_interfaces/srv'...
Compiling '/home/vboxuser/ros2_ws/install/turtorial_interfaces/local/lib/python3.10/dist-packages/turtorial_interfaces/srv/__init__.py'...
Compiling '/home/vboxuser/ros2_ws/install/turtorial_interfaces/local/lib/python3.10/dist-packages/turtorial_interfaces/srv/_add_three_ints.py'...
-- Installing: /home/vboxuser/ros2_ws/install/turtorial_interfaces/local/lib/python3.10/dist-packages/turtorial_interfaces/turtorial_interfaces_s__rosidl_typesupport_fastrtps_c.cpython-310-x86_64-linux-gnu.so
-- Set runtime path of "/home/vboxuser/ros2_ws/install/turtorial_interfaces/local/lib/python3.10/dist-packages/turtorial_interfaces/turtorial_interfaces_s__rosidl_typesupport_fastrtps_c.cpython-310-x86_64-linux-gnu.so" to ""
-- Installing: /home/vboxuser/ros2_ws/install/turtorial_interfaces/local/lib/python3.10/dist-packages/turtorial_interfaces/turtorial_interfaces_s__rosidl_typesupport_introspection_c.cpython-310-x86_64-linux-gnu.so
-- Set runtime path of "/home/vboxuser/ros2_ws/install/turtorial_interfaces/local/lib/python3.10/dist-packages/turtorial_interfaces/turtorial_interfaces_s__rosidl_typesupport_introspection_c.cpython-310-x86_64-linux-gnu.so" to ""
-- Installing: /home/vboxuser/ros2_ws/install/turtorial_interfaces/local/lib/python3.10/dist-packages/turtorial_interfaces/turtorial_interfaces_s__rosidl_typesupport_c.cpython-310-x86_64-linux-gnu.so
-- Set runtime path of "/home/vboxuser/ros2_ws/install/turtorial_interfaces/local/lib/python3.10/dist-packages/turtorial_interfaces/turtorial_interfaces_s__rosidl_typesupport_c.cpython-310-x86_64-linux-gnu.so" to ""
-- Installing: /home/vboxuser/ros2_ws/install/turtorial_interfaces/lib/libturtorial_interfaces__rosidl_generator_py.so
-- Set runtime path of "/home/vboxuser/ros2_ws/install/turtorial_interfaces/lib/libturtorial_interfaces__rosidl_generator_py.so" to ""
-- Installing: /home/vboxuser/ros2_ws/install/turtorial_interfaces/share/turtorial_interfaces/msg/Num.idl
-- Installing: /home/vboxuser/ros2_ws/install/turtorial_interfaces/share/turtorial_interfaces/msg/Sphere.idl
-- Installing: /home/vboxuser/ros2_ws/install/turtorial_interfaces/share/turtorial_interfaces/srv/AddThreeInts.idl
-- Installing: /home/vboxuser/ros2_ws/install/turtorial_interfaces/share/turtorial_interfaces/msg/Num.msg
-- Installing: /home/vboxuser/ros2_ws/install/turtorial_interfaces/share/turtorial_interfaces/msg/Sphere.msg
-- Installing: /home/vboxuser/ros2_ws/install/turtorial_interfaces/share/turtorial_interfaces/srv/AddThreeInts.srv
-- Installing: /home/vboxuser/ros2_ws/install/turtorial_interfaces/share/turtorial_interfaces/srv/AddThreeInts_Request.msg
-- Installing: /home/vboxuser/ros2_ws/install/turtorial_interfaces/share/turtorial_interfaces/srv/AddThreeInts_Response.msg
-- Installing: /home/vboxuser/ros2_ws/install/turtorial_interfaces/share/ament_index/resource_index/package_run_dependencies/turtorial_interfaces
-- Up-to-date: /home/vboxuser/ros2_ws/install/turtorial_interfaces/share/ament_index/resource_index/parent_prefix_path/turtorial_interfaces
-- Up-to-date: /home/vboxuser/ros2_ws/install/turtorial_interfaces/share/turtorial_interfaces/environment/ament_prefix_path.sh
-- Installing: /home/vboxuser/ros2_ws/install/turtorial_interfaces/share/turtorial_interfaces/environment/ament_prefix_path.dsv
-- Up-to-date: /home/vboxuser/ros2_ws/install/turtorial_interfaces/share/turtorial_interfaces/environment/path.sh
-- Installing: /home/vboxuser/ros2_ws/install/turtorial_interfaces/share/turtorial_interfaces/environment/path.dsv
-- Up-to-date: /home/vboxuser/ros2_ws/install/turtorial_interfaces/share/turtorial_interfaces/local_setup.bash
-- Installing: /home/vboxuser/ros2_ws/install/turtorial_interfaces/share/turtorial_interfaces/local_setup.sh
-- Up-to-date: /home/vboxuser/ros2_ws/install/turtorial_interfaces/share/turtorial_interfaces/local_setup.zsh
-- Installing: /home/vboxuser/ros2_ws/install/turtorial_interfaces/share/turtorial_interfaces/local_setup.dsv
-- Installing: /home/vboxuser/ros2_ws/install/turtorial_interfaces/share/turtorial_interfaces/package.dsv
-- Up-to-date: /home/vboxuser/ros2_ws/install/turtorial_interfaces/share/ament_index/resource_index/packages/turtorial_interfaces
-- Installing: /home/vboxuser/ros2_ws/install/turtorial_interfaces/share/turtorial_interfaces/cmake/export_turtorial_interfaces__rosidl_generator_cExport.cmake
-- Installing: /home/vboxuser/ros2_ws/install/turtorial_interfaces/share/turtorial_interfaces/cmake/export_turtorial_interfaces__rosidl_generator_cExport-noconfig.cmake
-- Installing: /home/vboxuser/ros2_ws/install/turtorial_interfaces/share/turtorial_interfaces/cmake/export_turtorial_interfaces__rosidl_typesupport_fastrtps_cExport.cmake
-- Installing: /home/vboxuser/ros2_ws/install/turtorial_interfaces/share/turtorial_interfaces/cmake/export_turtorial_interfaces__rosidl_typesupport_fastrtps_cExport-noconfig.cmake
-- Installing: /home/vboxuser/ros2_ws/install/turtorial_interfaces/share/turtorial_interfaces/cmake/export_turtorial_interfaces__rosidl_generator_cppExport.cmake
-- Installing: /home/vboxuser/ros2_ws/install/turtorial_interfaces/share/turtorial_interfaces/cmake/export_turtorial_interfaces__rosidl_typesupport_fastrtps_cppExport.cmake
-- Installing: /home/vboxuser/ros2_ws/install/turtorial_interfaces/share/turtorial_interfaces/cmake/export_turtorial_interfaces__rosidl_typesupport_fastrtps_cppExport-noconfig.cmake
-- Installing: /home/vboxuser/ros2_ws/install/turtorial_interfaces/share/turtorial_interfaces/cmake/turtorial_interfaces__rosidl_typesupport_introspection_cExport.cmake
-- Installing: /home/vboxuser/ros2_ws/install/turtorial_interfaces/share/turtorial_interfaces/cmake/turtorial_interfaces__rosidl_typesupport_introspection_cExport-noconfig.cmake
-- Installing: /home/vboxuser/ros2_ws/install/turtorial_interfaces/share/turtorial_interfaces/cmake/turtorial_interfaces__rosidl_typesupport_cExport.cmake
-- Installing: /home/vboxuser/ros2_ws/install/turtorial_interfaces/share/turtorial_interfaces/cmake/turtorial_interfaces__rosidl_typesupport_cExport-noconfig.cmake
-- Installing: /home/vboxuser/ros2_ws/install/turtorial_interfaces/share/turtorial_interfaces/cmake/turtorial_interfaces__rosidl_typesupport_introspection_cppExport.cmake
-- Installing: /home/vboxuser/ros2_ws/install/turtorial_interfaces/share/turtorial_interfaces/cmake/turtorial_interfaces__rosidl_typesupport_introspection_cppExport-noconfig.cmake
-- Installing: /home/vboxuser/ros2_ws/install/turtorial_interfaces/share/turtorial_interfaces/cmake/turtorial_interfaces__rosidl_typesupport_cppExport.cmake
-- Installing: /home/vboxuser/ros2_ws/install/turtorial_interfaces/share/turtorial_interfaces/cmake/turtorial_interfaces__rosidl_typesupport_cppExport-noconfig.cmake
-- Installing: /home/vboxuser/ros2_ws/install/turtorial_interfaces/share/turtorial_interfaces/cmake/export_turtorial_interfaces__rosidl_generator_pyExport.cmake
-- Installing: /home/vboxuser/ros2_ws/install/turtorial_interfaces/share/turtorial_interfaces/cmake/export_turtorial_interfaces__rosidl_generator_pyExport-noconfig.cmake
-- Installing: /home/vboxuser/ros2_ws/install/turtorial_interfaces/share/turtorial_interfaces/cmake/rosidl_cmake-extras.cmake
-- Installing: /home/vboxuser/ros2_ws/install/turtorial_interfaces/share/turtorial_interfaces/cmake/ament_cmake_export_dependencies-extras.cmake
-- Installing: /home/vboxuser/ros2_ws/install/turtorial_interfaces/share/turtorial_interfaces/cmake/ament_cmake_export_include_directories-extras.cmake
-- Installing: /home/vboxuser/ros2_ws/install/turtorial_interfaces/share/turtorial_interfaces/cmake/ament_cmake_export_libraries-extras.cmake
-- Installing: /home/vboxuser/ros2_ws/install/turtorial_interfaces/share/turtorial_interfaces/cmake/ament_cmake_export_targets-extras.cmake
-- Installing: /home/vboxuser/ros2_ws/install/turtorial_interfaces/share/turtorial_interfaces/cmake/rosidl_cmake_export_typesupport_targets-extras.cmake
-- Installing: /home/vboxuser/ros2_ws/install/turtorial_interfaces/share/turtorial_interfaces/cmake/rosidl_cmake_export_typesupport_libraries-extras.cmake
-- Installing: /home/vboxuser/ros2_ws/install/turtorial_interfaces/share/turtorial_interfaces/cmake/turtorial_interfacesConfig.cmake
-- Up-to-date: /home/vboxuser/ros2_ws/install/turtorial_interfaces/share/turtorial_interfaces/cmake/turtorial_interfacesConfig-version.cmake
-- Installing: /home/vboxuser/ros2_ws/install/turtorial_interfaces/share/turtorial_interfaces/package.xml
