[0.149s] Invoking command in '/home/vboxuser/ros2_ws/build/turtorial_interfaces': CMAKE_PREFIX_PATH=${CMAKE_PREFIX_PATH}:/home/vboxuser/ros2_ws/src/install/py_pubsub3:/home/vboxuser/ros2_ws/src/install/py_pubsub2:/home/vboxuser/ros2_ws/src/install/py_pubsub:/home/vboxuser/ros2_ws/src/install/launch_testing_examples:/home/vboxuser/ros2_ws/src/install/examples_rclpy_pointcloud_publisher:/home/vboxuser/ros2_ws/src/install/examples_rclpy_minimal_subscriber:/home/vboxuser/ros2_ws/src/install/examples_rclpy_minimal_service:/home/vboxuser/ros2_ws/src/install/examples_rclpy_minimal_publisher:/home/vboxuser/ros2_ws/src/install/examples_rclpy_minimal_client:/home/vboxuser/ros2_ws/src/install/examples_rclpy_minimal_action_server:/home/vboxuser/ros2_ws/src/install/examples_rclpy_minimal_action_client:/home/vboxuser/ros2_ws/src/install/examples_rclpy_guard_conditions:/home/vboxuser/ros2_ws/src/install/examples_rclpy_executors:/home/vboxuser/ros2_ws/install/py_pubsub3:/home/vboxuser/ros2_ws/install/py_pubsub2:/home/vboxuser/ros2_ws/install/py_pubsub:/home/vboxuser/ros2_ws/install/my_py_pkg:/home/vboxuser/ros2_ws/install/launch_testing_examples:/home/vboxuser/ros2_ws/install/examples_rclpy_pointcloud_publisher:/home/vboxuser/ros2_ws/install/examples_rclpy_minimal_subscriber:/home/vboxuser/ros2_ws/install/examples_rclpy_minimal_service:/home/vboxuser/ros2_ws/install/examples_rclpy_minimal_publisher:/home/vboxuser/ros2_ws/install/examples_rclpy_minimal_client:/home/vboxuser/ros2_ws/install/examples_rclpy_minimal_action_server:/home/vboxuser/ros2_ws/install/examples_rclpy_minimal_action_client:/home/vboxuser/ros2_ws/install/examples_rclpy_guard_conditions:/home/vboxuser/ros2_ws/install/examples_rclpy_executors:/home/vboxuser/HW3_ws/install/py_pubsub:/home/vboxuser/HW3_ws/install/Q1:/opt/ros/humble /usr/bin/cmake --build /home/vboxuser/ros2_ws/build/turtorial_interfaces -- -j6 -l6
[0.177s] -- Found ament_cmake: 1.3.6 (/opt/ros/humble/share/ament_cmake/cmake)
[0.446s] -- Found geometry_msgs: 4.2.3 (/opt/ros/humble/share/geometry_msgs/cmake)
[0.486s] -- Found rosidl_generator_c: 3.1.5 (/opt/ros/humble/share/rosidl_generator_c/cmake)
[0.491s] -- Found rosidl_adapter: 3.1.5 (/opt/ros/humble/share/rosidl_adapter/cmake)
[0.500s] -- Found rosidl_generator_cpp: 3.1.5 (/opt/ros/humble/share/rosidl_generator_cpp/cmake)
[0.524s] -- Using all available rosidl_typesupport_c: rosidl_typesupport_fastrtps_c;rosidl_typesupport_introspection_c
[0.557s] -- Using all available rosidl_typesupport_cpp: rosidl_typesupport_fastrtps_cpp;rosidl_typesupport_introspection_cpp
[0.778s] -- Found rosidl_default_generators: 1.2.0 (/opt/ros/humble/share/rosidl_default_generators/cmake)
[1.371s] -- Found ament_cmake_ros: 0.10.0 (/opt/ros/humble/share/ament_cmake_ros/cmake)
[2.175s] -- Using all available rosidl_typesupport_c: rosidl_typesupport_fastrtps_c;rosidl_typesupport_introspection_c
[2.497s] -- Using all available rosidl_typesupport_cpp: rosidl_typesupport_fastrtps_cpp;rosidl_typesupport_introspection_cpp
[2.538s] -- Found PythonInterp: /usr/bin/python3 (found suitable version "3.10.12", minimum required is "3.6") 
[2.545s] -- Found python_cmake_module: 0.10.0 (/opt/ros/humble/share/python_cmake_module/cmake)
[2.601s] -- Found PythonLibs: /usr/lib/x86_64-linux-gnu/libpython3.10.so (found suitable version "3.10.12", minimum required is "3.5") 
[2.601s] -- Using PYTHON_EXECUTABLE: /usr/bin/python3
[2.601s] -- Using PYTHON_INCLUDE_DIRS: /usr/include/python3.10
[2.601s] -- Using PYTHON_LIBRARIES: /usr/lib/x86_64-linux-gnu/libpython3.10.so
[2.641s] -- Found PythonExtra: .so  
[2.812s] -- Found ament_lint_auto: 0.12.9 (/opt/ros/humble/share/ament_lint_auto/cmake)
[2.825s] -- Added test 'lint_cmake' to check CMake code style
[2.826s] -- Added test 'xmllint' to check XML markup files
[2.829s] -- Configuring done
[2.882s] -- Generating done
[2.885s] -- Build files have been written to: /home/vboxuser/ros2_ws/build/turtorial_interfaces
[2.913s] [  2%] [34m[1mGenerating C code for ROS interfaces[0m
[2.924s] [  4%] [34m[1mGenerating C++ code for ROS interfaces[0m
[2.932s] [  4%] Built target ament_cmake_python_copy_turtorial_interfaces
[3.395s] running egg_info
[3.396s] creating turtorial_interfaces.egg-info
[3.396s] writing turtorial_interfaces.egg-info/PKG-INFO
[3.397s] writing dependency_links to turtorial_interfaces.egg-info/dependency_links.txt
[3.397s] writing top-level names to turtorial_interfaces.egg-info/top_level.txt
[3.398s] writing manifest file 'turtorial_interfaces.egg-info/SOURCES.txt'
[3.400s] reading manifest file 'turtorial_interfaces.egg-info/SOURCES.txt'
[3.401s] writing manifest file 'turtorial_interfaces.egg-info/SOURCES.txt'
[3.430s] [  4%] Built target ament_cmake_python_build_turtorial_interfaces_egg
[3.629s] [  8%] [32mBuilding C object CMakeFiles/turtorial_interfaces__rosidl_generator_c.dir/rosidl_generator_c/turtorial_interfaces/msg/detail/num__functions.c.o[0m
[3.630s] [  8%] [32mBuilding C object CMakeFiles/turtorial_interfaces__rosidl_generator_c.dir/rosidl_generator_c/turtorial_interfaces/msg/detail/sphere__functions.c.o[0m
[3.630s] [ 10%] [32mBuilding C object CMakeFiles/turtorial_interfaces__rosidl_generator_c.dir/rosidl_generator_c/turtorial_interfaces/srv/detail/add_three_ints__functions.c.o[0m
[3.630s] [ 10%] Built target turtorial_interfaces__cpp
[3.641s] [ 14%] [34m[1mGenerating C++ type support for eProsima Fast-RTPS[0m
[3.641s] [ 14%] [34m[1mGenerating C++ type support dispatch for ROS interfaces[0m
[3.642s] [ 17%] [34m[1mGenerating C++ introspection for ROS interfaces[0m
[3.707s] [ 19%] [32m[1mLinking C shared library libturtorial_interfaces__rosidl_generator_c.so[0m
[3.774s] [ 19%] Built target turtorial_interfaces__rosidl_generator_c
[3.788s] [ 21%] [34m[1mGenerating C introspection for ROS interfaces[0m
[3.797s] [ 23%] [34m[1mGenerating C type support for eProsima Fast-RTPS[0m
[3.808s] [ 25%] [34m[1mGenerating C type support dispatch for ROS interfaces[0m
[4.179s] [ 27%] [32mBuilding CXX object CMakeFiles/turtorial_interfaces__rosidl_typesupport_cpp.dir/rosidl_typesupport_cpp/turtorial_interfaces/msg/num__type_support.cpp.o[0m
[4.286s] [ 29%] [32mBuilding CXX object CMakeFiles/turtorial_interfaces__rosidl_typesupport_introspection_cpp.dir/rosidl_typesupport_introspection_cpp/turtorial_interfaces/msg/detail/num__type_support.cpp.o[0m
[4.347s] [ 31%] [32mBuilding CXX object CMakeFiles/turtorial_interfaces__rosidl_typesupport_c.dir/rosidl_typesupport_c/turtorial_interfaces/msg/num__type_support.cpp.o[0m
[4.370s] [ 34%] [32mBuilding CXX object CMakeFiles/turtorial_interfaces__rosidl_typesupport_fastrtps_cpp.dir/rosidl_typesupport_fastrtps_cpp/turtorial_interfaces/msg/detail/dds_fastrtps/num__type_support.cpp.o[0m
[4.392s] [ 36%] [32mBuilding CXX object CMakeFiles/turtorial_interfaces__rosidl_typesupport_c.dir/rosidl_typesupport_c/turtorial_interfaces/msg/sphere__type_support.cpp.o[0m
[4.435s] [ 38%] [32mBuilding CXX object CMakeFiles/turtorial_interfaces__rosidl_typesupport_c.dir/rosidl_typesupport_c/turtorial_interfaces/srv/add_three_ints__type_support.cpp.o[0m
[4.484s] [ 40%] [32mBuilding C object CMakeFiles/turtorial_interfaces__rosidl_typesupport_introspection_c.dir/rosidl_typesupport_introspection_c/turtorial_interfaces/msg/detail/num__type_support.c.o[0m
[4.488s] [ 42%] [32m[1mLinking CXX shared library libturtorial_interfaces__rosidl_typesupport_c.so[0m
[4.530s] [ 44%] [32mBuilding C object CMakeFiles/turtorial_interfaces__rosidl_typesupport_introspection_c.dir/rosidl_typesupport_introspection_c/turtorial_interfaces/msg/detail/sphere__type_support.c.o[0m
[4.540s] [ 46%] [32mBuilding CXX object CMakeFiles/turtorial_interfaces__rosidl_typesupport_fastrtps_c.dir/rosidl_typesupport_fastrtps_c/turtorial_interfaces/msg/detail/num__type_support_c.cpp.o[0m
[4.547s] [ 48%] [32mBuilding CXX object CMakeFiles/turtorial_interfaces__rosidl_typesupport_cpp.dir/rosidl_typesupport_cpp/turtorial_interfaces/msg/sphere__type_support.cpp.o[0m
[4.581s] [ 48%] Built target turtorial_interfaces__rosidl_typesupport_c
[4.597s] [ 51%] [32mBuilding CXX object CMakeFiles/turtorial_interfaces__rosidl_typesupport_cpp.dir/rosidl_typesupport_cpp/turtorial_interfaces/srv/add_three_ints__type_support.cpp.o[0m
[4.601s] [ 53%] [32mBuilding C object CMakeFiles/turtorial_interfaces__rosidl_typesupport_introspection_c.dir/rosidl_typesupport_introspection_c/turtorial_interfaces/srv/detail/add_three_ints__type_support.c.o[0m
[4.645s] [ 55%] [32m[1mLinking C shared library libturtorial_interfaces__rosidl_typesupport_introspection_c.so[0m
[4.702s] [ 55%] Built target turtorial_interfaces__rosidl_typesupport_introspection_c
[4.720s] [ 57%] [32mBuilding CXX object CMakeFiles/turtorial_interfaces__rosidl_typesupport_fastrtps_c.dir/rosidl_typesupport_fastrtps_c/turtorial_interfaces/msg/detail/sphere__type_support_c.cpp.o[0m
[4.792s] [ 59%] [32mBuilding CXX object CMakeFiles/turtorial_interfaces__rosidl_typesupport_introspection_cpp.dir/rosidl_typesupport_introspection_cpp/turtorial_interfaces/msg/detail/sphere__type_support.cpp.o[0m
[4.918s] [ 61%] [32mBuilding CXX object CMakeFiles/turtorial_interfaces__rosidl_typesupport_fastrtps_cpp.dir/rosidl_typesupport_fastrtps_cpp/turtorial_interfaces/msg/detail/dds_fastrtps/sphere__type_support.cpp.o[0m
[4.939s] [ 63%] [32mBuilding CXX object CMakeFiles/turtorial_interfaces__rosidl_typesupport_fastrtps_cpp.dir/rosidl_typesupport_fastrtps_cpp/turtorial_interfaces/srv/detail/dds_fastrtps/add_three_ints__type_support.cpp.o[0m
[4.984s] [ 65%] [32m[1mLinking CXX shared library libturtorial_interfaces__rosidl_typesupport_cpp.so[0m
[5.024s] [ 68%] [32mBuilding CXX object CMakeFiles/turtorial_interfaces__rosidl_typesupport_fastrtps_c.dir/rosidl_typesupport_fastrtps_c/turtorial_interfaces/srv/detail/add_three_ints__type_support_c.cpp.o[0m
[5.074s] [ 68%] Built target turtorial_interfaces__rosidl_typesupport_cpp
[5.086s] [ 70%] [32mBuilding CXX object CMakeFiles/turtorial_interfaces__rosidl_typesupport_introspection_cpp.dir/rosidl_typesupport_introspection_cpp/turtorial_interfaces/srv/detail/add_three_ints__type_support.cpp.o[0m
[5.465s] [ 72%] [32m[1mLinking CXX shared library libturtorial_interfaces__rosidl_typesupport_fastrtps_c.so[0m
[5.485s] [ 74%] [32m[1mLinking CXX shared library libturtorial_interfaces__rosidl_typesupport_fastrtps_cpp.so[0m
[5.589s] [ 76%] [32m[1mLinking CXX shared library libturtorial_interfaces__rosidl_typesupport_introspection_cpp.so[0m
[5.589s] [ 76%] Built target turtorial_interfaces__rosidl_typesupport_fastrtps_c
[5.589s] [ 76%] Built target turtorial_interfaces__rosidl_typesupport_fastrtps_cpp
[5.663s] [ 76%] Built target turtorial_interfaces__rosidl_typesupport_introspection_cpp
[5.695s] [ 76%] Built target turtorial_interfaces
[5.717s] [ 78%] [34m[1mGenerating Python code for ROS interfaces[0m
[6.714s] [ 78%] Built target turtorial_interfaces__py
[6.736s] [ 85%] [32mBuilding C object CMakeFiles/turtorial_interfaces__rosidl_generator_py.dir/rosidl_generator_py/turtorial_interfaces/srv/_add_three_ints_s.c.o[0m
[6.736s] [ 85%] [32mBuilding C object CMakeFiles/turtorial_interfaces__rosidl_generator_py.dir/rosidl_generator_py/turtorial_interfaces/msg/_num_s.c.o[0m
[6.736s] [ 85%] [32mBuilding C object CMakeFiles/turtorial_interfaces__rosidl_generator_py.dir/rosidl_generator_py/turtorial_interfaces/msg/_sphere_s.c.o[0m
[6.882s] [ 87%] [32m[1mLinking C shared library rosidl_generator_py/turtorial_interfaces/libturtorial_interfaces__rosidl_generator_py.so[0m
[6.937s] [ 87%] Built target turtorial_interfaces__rosidl_generator_py
[6.958s] [ 89%] [32mBuilding C object CMakeFiles/turtorial_interfaces__rosidl_typesupport_fastrtps_c__pyext.dir/rosidl_generator_py/turtorial_interfaces/_turtorial_interfaces_s.ep.rosidl_typesupport_fastrtps_c.c.o[0m
[6.958s] [ 91%] [32mBuilding C object CMakeFiles/turtorial_interfaces__rosidl_typesupport_introspection_c__pyext.dir/rosidl_generator_py/turtorial_interfaces/_turtorial_interfaces_s.ep.rosidl_typesupport_introspection_c.c.o[0m
[6.958s] [ 93%] [32mBuilding C object CMakeFiles/turtorial_interfaces__rosidl_typesupport_c__pyext.dir/rosidl_generator_py/turtorial_interfaces/_turtorial_interfaces_s.ep.rosidl_typesupport_c.c.o[0m
[7.090s] [ 95%] [32m[1mLinking C shared library rosidl_generator_py/turtorial_interfaces/turtorial_interfaces_s__rosidl_typesupport_fastrtps_c.cpython-310-x86_64-linux-gnu.so[0m
[7.097s] [ 97%] [32m[1mLinking C shared library rosidl_generator_py/turtorial_interfaces/turtorial_interfaces_s__rosidl_typesupport_c.cpython-310-x86_64-linux-gnu.so[0m
[7.115s] [100%] [32m[1mLinking C shared library rosidl_generator_py/turtorial_interfaces/turtorial_interfaces_s__rosidl_typesupport_introspection_c.cpython-310-x86_64-linux-gnu.so[0m
[7.150s] [100%] Built target turtorial_interfaces__rosidl_typesupport_fastrtps_c__pyext
[7.150s] [100%] Built target turtorial_interfaces__rosidl_typesupport_c__pyext
[7.172s] [100%] Built target turtorial_interfaces__rosidl_typesupport_introspection_c__pyext
[7.191s] Invoked command in '/home/vboxuser/ros2_ws/build/turtorial_interfaces' returned '0': CMAKE_PREFIX_PATH=${CMAKE_PREFIX_PATH}:/home/vboxuser/ros2_ws/src/install/py_pubsub3:/home/vboxuser/ros2_ws/src/install/py_pubsub2:/home/vboxuser/ros2_ws/src/install/py_pubsub:/home/vboxuser/ros2_ws/src/install/launch_testing_examples:/home/vboxuser/ros2_ws/src/install/examples_rclpy_pointcloud_publisher:/home/vboxuser/ros2_ws/src/install/examples_rclpy_minimal_subscriber:/home/vboxuser/ros2_ws/src/install/examples_rclpy_minimal_service:/home/vboxuser/ros2_ws/src/install/examples_rclpy_minimal_publisher:/home/vboxuser/ros2_ws/src/install/examples_rclpy_minimal_client:/home/vboxuser/ros2_ws/src/install/examples_rclpy_minimal_action_server:/home/vboxuser/ros2_ws/src/install/examples_rclpy_minimal_action_client:/home/vboxuser/ros2_ws/src/install/examples_rclpy_guard_conditions:/home/vboxuser/ros2_ws/src/install/examples_rclpy_executors:/home/vboxuser/ros2_ws/install/py_pubsub3:/home/vboxuser/ros2_ws/install/py_pubsub2:/home/vboxuser/ros2_ws/install/py_pubsub:/home/vboxuser/ros2_ws/install/my_py_pkg:/home/vboxuser/ros2_ws/install/launch_testing_examples:/home/vboxuser/ros2_ws/install/examples_rclpy_pointcloud_publisher:/home/vboxuser/ros2_ws/install/examples_rclpy_minimal_subscriber:/home/vboxuser/ros2_ws/install/examples_rclpy_minimal_service:/home/vboxuser/ros2_ws/install/examples_rclpy_minimal_publisher:/home/vboxuser/ros2_ws/install/examples_rclpy_minimal_client:/home/vboxuser/ros2_ws/install/examples_rclpy_minimal_action_server:/home/vboxuser/ros2_ws/install/examples_rclpy_minimal_action_client:/home/vboxuser/ros2_ws/install/examples_rclpy_guard_conditions:/home/vboxuser/ros2_ws/install/examples_rclpy_executors:/home/vboxuser/HW3_ws/install/py_pubsub:/home/vboxuser/HW3_ws/install/Q1:/opt/ros/humble /usr/bin/cmake --build /home/vboxuser/ros2_ws/build/turtorial_interfaces -- -j6 -l6
[7.325s] Invoking command in '/home/vboxuser/ros2_ws/build/turtorial_interfaces': CMAKE_PREFIX_PATH=${CMAKE_PREFIX_PATH}:/home/vboxuser/ros2_ws/src/install/py_pubsub3:/home/vboxuser/ros2_ws/src/install/py_pubsub2:/home/vboxuser/ros2_ws/src/install/py_pubsub:/home/vboxuser/ros2_ws/src/install/launch_testing_examples:/home/vboxuser/ros2_ws/src/install/examples_rclpy_pointcloud_publisher:/home/vboxuser/ros2_ws/src/install/examples_rclpy_minimal_subscriber:/home/vboxuser/ros2_ws/src/install/examples_rclpy_minimal_service:/home/vboxuser/ros2_ws/src/install/examples_rclpy_minimal_publisher:/home/vboxuser/ros2_ws/src/install/examples_rclpy_minimal_client:/home/vboxuser/ros2_ws/src/install/examples_rclpy_minimal_action_server:/home/vboxuser/ros2_ws/src/install/examples_rclpy_minimal_action_client:/home/vboxuser/ros2_ws/src/install/examples_rclpy_guard_conditions:/home/vboxuser/ros2_ws/src/install/examples_rclpy_executors:/home/vboxuser/ros2_ws/install/py_pubsub3:/home/vboxuser/ros2_ws/install/py_pubsub2:/home/vboxuser/ros2_ws/install/py_pubsub:/home/vboxuser/ros2_ws/install/my_py_pkg:/home/vboxuser/ros2_ws/install/launch_testing_examples:/home/vboxuser/ros2_ws/install/examples_rclpy_pointcloud_publisher:/home/vboxuser/ros2_ws/install/examples_rclpy_minimal_subscriber:/home/vboxuser/ros2_ws/install/examples_rclpy_minimal_service:/home/vboxuser/ros2_ws/install/examples_rclpy_minimal_publisher:/home/vboxuser/ros2_ws/install/examples_rclpy_minimal_client:/home/vboxuser/ros2_ws/install/examples_rclpy_minimal_action_server:/home/vboxuser/ros2_ws/install/examples_rclpy_minimal_action_client:/home/vboxuser/ros2_ws/install/examples_rclpy_guard_conditions:/home/vboxuser/ros2_ws/install/examples_rclpy_executors:/home/vboxuser/HW3_ws/install/py_pubsub:/home/vboxuser/HW3_ws/install/Q1:/opt/ros/humble /usr/bin/cmake --install /home/vboxuser/ros2_ws/build/turtorial_interfaces
[7.334s] -- Install configuration: ""
[7.334s] -- Installing: /home/vboxuser/ros2_ws/install/turtorial_interfaces/share/ament_index/resource_index/rosidl_interfaces/turtorial_interfaces
[7.334s] -- Installing: /home/vboxuser/ros2_ws/install/turtorial_interfaces/include/turtorial_interfaces/turtorial_interfaces
[7.335s] -- Installing: /home/vboxuser/ros2_ws/install/turtorial_interfaces/include/turtorial_interfaces/turtorial_interfaces/msg
[7.335s] -- Installing: /home/vboxuser/ros2_ws/install/turtorial_interfaces/include/turtorial_interfaces/turtorial_interfaces/msg/rosidl_generator_c__visibility_control.h
[7.335s] -- Installing: /home/vboxuser/ros2_ws/install/turtorial_interfaces/include/turtorial_interfaces/turtorial_interfaces/msg/detail
[7.335s] -- Installing: /home/vboxuser/ros2_ws/install/turtorial_interfaces/include/turtorial_interfaces/turtorial_interfaces/msg/detail/num__type_support.h
[7.335s] -- Installing: /home/vboxuser/ros2_ws/install/turtorial_interfaces/include/turtorial_interfaces/turtorial_interfaces/msg/detail/num__struct.h
[7.336s] -- Installing: /home/vboxuser/ros2_ws/install/turtorial_interfaces/include/turtorial_interfaces/turtorial_interfaces/msg/detail/num__functions.h
[7.336s] -- Installing: /home/vboxuser/ros2_ws/install/turtorial_interfaces/include/turtorial_interfaces/turtorial_interfaces/msg/detail/sphere__functions.c
[7.336s] -- Installing: /home/vboxuser/ros2_ws/install/turtorial_interfaces/include/turtorial_interfaces/turtorial_interfaces/msg/detail/sphere__struct.h
[7.336s] -- Installing: /home/vboxuser/ros2_ws/install/turtorial_interfaces/include/turtorial_interfaces/turtorial_interfaces/msg/detail/num__functions.c
[7.336s] -- Installing: /home/vboxuser/ros2_ws/install/turtorial_interfaces/include/turtorial_interfaces/turtorial_interfaces/msg/detail/sphere__type_support.h
[7.336s] -- Installing: /home/vboxuser/ros2_ws/install/turtorial_interfaces/include/turtorial_interfaces/turtorial_interfaces/msg/detail/sphere__functions.h
[7.337s] -- Installing: /home/vboxuser/ros2_ws/install/turtorial_interfaces/include/turtorial_interfaces/turtorial_interfaces/msg/sphere.h
[7.337s] -- Installing: /home/vboxuser/ros2_ws/install/turtorial_interfaces/include/turtorial_interfaces/turtorial_interfaces/msg/num.h
[7.337s] -- Installing: /home/vboxuser/ros2_ws/install/turtorial_interfaces/include/turtorial_interfaces/turtorial_interfaces/srv
[7.337s] -- Installing: /home/vboxuser/ros2_ws/install/turtorial_interfaces/include/turtorial_interfaces/turtorial_interfaces/srv/add_three_ints.h
[7.337s] -- Installing: /home/vboxuser/ros2_ws/install/turtorial_interfaces/include/turtorial_interfaces/turtorial_interfaces/srv/detail
[7.338s] -- Installing: /home/vboxuser/ros2_ws/install/turtorial_interfaces/include/turtorial_interfaces/turtorial_interfaces/srv/detail/add_three_ints__functions.c
[7.338s] -- Installing: /home/vboxuser/ros2_ws/install/turtorial_interfaces/include/turtorial_interfaces/turtorial_interfaces/srv/detail/add_three_ints__type_support.h
[7.338s] -- Installing: /home/vboxuser/ros2_ws/install/turtorial_interfaces/include/turtorial_interfaces/turtorial_interfaces/srv/detail/add_three_ints__functions.h
[7.338s] -- Installing: /home/vboxuser/ros2_ws/install/turtorial_interfaces/include/turtorial_interfaces/turtorial_interfaces/srv/detail/add_three_ints__struct.h
[7.338s] -- Installing: /home/vboxuser/ros2_ws/install/turtorial_interfaces/share/turtorial_interfaces/environment/library_path.sh
[7.338s] -- Installing: /home/vboxuser/ros2_ws/install/turtorial_interfaces/share/turtorial_interfaces/environment/library_path.dsv
[7.339s] -- Installing: /home/vboxuser/ros2_ws/install/turtorial_interfaces/lib/libturtorial_interfaces__rosidl_generator_c.so
[7.339s] -- Set runtime path of "/home/vboxuser/ros2_ws/install/turtorial_interfaces/lib/libturtorial_interfaces__rosidl_generator_c.so" to ""
[7.339s] -- Up-to-date: /home/vboxuser/ros2_ws/install/turtorial_interfaces/include/turtorial_interfaces/turtorial_interfaces
[7.339s] -- Up-to-date: /home/vboxuser/ros2_ws/install/turtorial_interfaces/include/turtorial_interfaces/turtorial_interfaces/msg
[7.340s] -- Up-to-date: /home/vboxuser/ros2_ws/install/turtorial_interfaces/include/turtorial_interfaces/turtorial_interfaces/msg/detail
[7.340s] -- Installing: /home/vboxuser/ros2_ws/install/turtorial_interfaces/include/turtorial_interfaces/turtorial_interfaces/msg/detail/sphere__rosidl_typesupport_fastrtps_c.h
[7.340s] -- Installing: /home/vboxuser/ros2_ws/install/turtorial_interfaces/include/turtorial_interfaces/turtorial_interfaces/msg/detail/num__rosidl_typesupport_fastrtps_c.h
[7.340s] -- Installing: /home/vboxuser/ros2_ws/install/turtorial_interfaces/include/turtorial_interfaces/turtorial_interfaces/msg/rosidl_typesupport_fastrtps_c__visibility_control.h
[7.340s] -- Up-to-date: /home/vboxuser/ros2_ws/install/turtorial_interfaces/include/turtorial_interfaces/turtorial_interfaces/srv
[7.340s] -- Up-to-date: /home/vboxuser/ros2_ws/install/turtorial_interfaces/include/turtorial_interfaces/turtorial_interfaces/srv/detail
[7.341s] -- Installing: /home/vboxuser/ros2_ws/install/turtorial_interfaces/include/turtorial_interfaces/turtorial_interfaces/srv/detail/add_three_ints__rosidl_typesupport_fastrtps_c.h
[7.341s] -- Installing: /home/vboxuser/ros2_ws/install/turtorial_interfaces/lib/libturtorial_interfaces__rosidl_typesupport_fastrtps_c.so
[7.341s] -- Set runtime path of "/home/vboxuser/ros2_ws/install/turtorial_interfaces/lib/libturtorial_interfaces__rosidl_typesupport_fastrtps_c.so" to ""
[7.341s] -- Up-to-date: /home/vboxuser/ros2_ws/install/turtorial_interfaces/include/turtorial_interfaces/turtorial_interfaces
[7.341s] -- Up-to-date: /home/vboxuser/ros2_ws/install/turtorial_interfaces/include/turtorial_interfaces/turtorial_interfaces/msg
[7.341s] -- Up-to-date: /home/vboxuser/ros2_ws/install/turtorial_interfaces/include/turtorial_interfaces/turtorial_interfaces/msg/detail
[7.342s] -- Installing: /home/vboxuser/ros2_ws/install/turtorial_interfaces/include/turtorial_interfaces/turtorial_interfaces/msg/detail/sphere__traits.hpp
[7.342s] -- Installing: /home/vboxuser/ros2_ws/install/turtorial_interfaces/include/turtorial_interfaces/turtorial_interfaces/msg/detail/num__traits.hpp
[7.342s] -- Installing: /home/vboxuser/ros2_ws/install/turtorial_interfaces/include/turtorial_interfaces/turtorial_interfaces/msg/detail/num__struct.hpp
[7.342s] -- Installing: /home/vboxuser/ros2_ws/install/turtorial_interfaces/include/turtorial_interfaces/turtorial_interfaces/msg/detail/num__builder.hpp
[7.342s] -- Installing: /home/vboxuser/ros2_ws/install/turtorial_interfaces/include/turtorial_interfaces/turtorial_interfaces/msg/detail/sphere__builder.hpp
[7.342s] -- Installing: /home/vboxuser/ros2_ws/install/turtorial_interfaces/include/turtorial_interfaces/turtorial_interfaces/msg/detail/sphere__struct.hpp
[7.342s] -- Installing: /home/vboxuser/ros2_ws/install/turtorial_interfaces/include/turtorial_interfaces/turtorial_interfaces/msg/num.hpp
[7.343s] -- Installing: /home/vboxuser/ros2_ws/install/turtorial_interfaces/include/turtorial_interfaces/turtorial_interfaces/msg/sphere.hpp
[7.343s] -- Up-to-date: /home/vboxuser/ros2_ws/install/turtorial_interfaces/include/turtorial_interfaces/turtorial_interfaces/srv
[7.343s] -- Up-to-date: /home/vboxuser/ros2_ws/install/turtorial_interfaces/include/turtorial_interfaces/turtorial_interfaces/srv/detail
[7.343s] -- Installing: /home/vboxuser/ros2_ws/install/turtorial_interfaces/include/turtorial_interfaces/turtorial_interfaces/srv/detail/add_three_ints__struct.hpp
[7.344s] -- Installing: /home/vboxuser/ros2_ws/install/turtorial_interfaces/include/turtorial_interfaces/turtorial_interfaces/srv/detail/add_three_ints__traits.hpp
[7.344s] -- Installing: /home/vboxuser/ros2_ws/install/turtorial_interfaces/include/turtorial_interfaces/turtorial_interfaces/srv/detail/add_three_ints__builder.hpp
[7.344s] -- Installing: /home/vboxuser/ros2_ws/install/turtorial_interfaces/include/turtorial_interfaces/turtorial_interfaces/srv/add_three_ints.hpp
[7.344s] -- Up-to-date: /home/vboxuser/ros2_ws/install/turtorial_interfaces/include/turtorial_interfaces/turtorial_interfaces
[7.344s] -- Up-to-date: /home/vboxuser/ros2_ws/install/turtorial_interfaces/include/turtorial_interfaces/turtorial_interfaces/msg
[7.344s] -- Up-to-date: /home/vboxuser/ros2_ws/install/turtorial_interfaces/include/turtorial_interfaces/turtorial_interfaces/msg/detail
[7.344s] -- Installing: /home/vboxuser/ros2_ws/install/turtorial_interfaces/include/turtorial_interfaces/turtorial_interfaces/msg/detail/sphere__rosidl_typesupport_fastrtps_cpp.hpp
[7.344s] -- Installing: /home/vboxuser/ros2_ws/install/turtorial_interfaces/include/turtorial_interfaces/turtorial_interfaces/msg/detail/dds_fastrtps
[7.345s] -- Installing: /home/vboxuser/ros2_ws/install/turtorial_interfaces/include/turtorial_interfaces/turtorial_interfaces/msg/detail/num__rosidl_typesupport_fastrtps_cpp.hpp
[7.345s] -- Installing: /home/vboxuser/ros2_ws/install/turtorial_interfaces/include/turtorial_interfaces/turtorial_interfaces/msg/rosidl_typesupport_fastrtps_cpp__visibility_control.h
[7.345s] -- Up-to-date: /home/vboxuser/ros2_ws/install/turtorial_interfaces/include/turtorial_interfaces/turtorial_interfaces/srv
[7.345s] -- Up-to-date: /home/vboxuser/ros2_ws/install/turtorial_interfaces/include/turtorial_interfaces/turtorial_interfaces/srv/detail
[7.345s] -- Installing: /home/vboxuser/ros2_ws/install/turtorial_interfaces/include/turtorial_interfaces/turtorial_interfaces/srv/detail/add_three_ints__rosidl_typesupport_fastrtps_cpp.hpp
[7.345s] -- Installing: /home/vboxuser/ros2_ws/install/turtorial_interfaces/include/turtorial_interfaces/turtorial_interfaces/srv/detail/dds_fastrtps
[7.345s] -- Installing: /home/vboxuser/ros2_ws/install/turtorial_interfaces/lib/libturtorial_interfaces__rosidl_typesupport_fastrtps_cpp.so
[7.346s] -- Set runtime path of "/home/vboxuser/ros2_ws/install/turtorial_interfaces/lib/libturtorial_interfaces__rosidl_typesupport_fastrtps_cpp.so" to ""
[7.346s] -- Up-to-date: /home/vboxuser/ros2_ws/install/turtorial_interfaces/include/turtorial_interfaces/turtorial_interfaces
[7.346s] -- Up-to-date: /home/vboxuser/ros2_ws/install/turtorial_interfaces/include/turtorial_interfaces/turtorial_interfaces/msg
[7.346s] -- Up-to-date: /home/vboxuser/ros2_ws/install/turtorial_interfaces/include/turtorial_interfaces/turtorial_interfaces/msg/detail
[7.346s] -- Installing: /home/vboxuser/ros2_ws/install/turtorial_interfaces/include/turtorial_interfaces/turtorial_interfaces/msg/detail/num__type_support.c
[7.347s] -- Installing: /home/vboxuser/ros2_ws/install/turtorial_interfaces/include/turtorial_interfaces/turtorial_interfaces/msg/detail/sphere__type_support.c
[7.347s] -- Installing: /home/vboxuser/ros2_ws/install/turtorial_interfaces/include/turtorial_interfaces/turtorial_interfaces/msg/detail/num__rosidl_typesupport_introspection_c.h
[7.347s] -- Installing: /home/vboxuser/ros2_ws/install/turtorial_interfaces/include/turtorial_interfaces/turtorial_interfaces/msg/detail/sphere__rosidl_typesupport_introspection_c.h
[7.347s] -- Installing: /home/vboxuser/ros2_ws/install/turtorial_interfaces/include/turtorial_interfaces/turtorial_interfaces/msg/rosidl_typesupport_introspection_c__visibility_control.h
[7.347s] -- Up-to-date: /home/vboxuser/ros2_ws/install/turtorial_interfaces/include/turtorial_interfaces/turtorial_interfaces/srv
[7.347s] -- Up-to-date: /home/vboxuser/ros2_ws/install/turtorial_interfaces/include/turtorial_interfaces/turtorial_interfaces/srv/detail
[7.348s] -- Installing: /home/vboxuser/ros2_ws/install/turtorial_interfaces/include/turtorial_interfaces/turtorial_interfaces/srv/detail/add_three_ints__rosidl_typesupport_introspection_c.h
[7.348s] -- Installing: /home/vboxuser/ros2_ws/install/turtorial_interfaces/include/turtorial_interfaces/turtorial_interfaces/srv/detail/add_three_ints__type_support.c
[7.348s] -- Installing: /home/vboxuser/ros2_ws/install/turtorial_interfaces/lib/libturtorial_interfaces__rosidl_typesupport_introspection_c.so
[7.348s] -- Set runtime path of "/home/vboxuser/ros2_ws/install/turtorial_interfaces/lib/libturtorial_interfaces__rosidl_typesupport_introspection_c.so" to ""
[7.348s] -- Installing: /home/vboxuser/ros2_ws/install/turtorial_interfaces/lib/libturtorial_interfaces__rosidl_typesupport_c.so
[7.349s] -- Set runtime path of "/home/vboxuser/ros2_ws/install/turtorial_interfaces/lib/libturtorial_interfaces__rosidl_typesupport_c.so" to ""
[7.349s] -- Up-to-date: /home/vboxuser/ros2_ws/install/turtorial_interfaces/include/turtorial_interfaces/turtorial_interfaces
[7.349s] -- Up-to-date: /home/vboxuser/ros2_ws/install/turtorial_interfaces/include/turtorial_interfaces/turtorial_interfaces/msg
[7.349s] -- Up-to-date: /home/vboxuser/ros2_ws/install/turtorial_interfaces/include/turtorial_interfaces/turtorial_interfaces/msg/detail
[7.349s] -- Installing: /home/vboxuser/ros2_ws/install/turtorial_interfaces/include/turtorial_interfaces/turtorial_interfaces/msg/detail/sphere__type_support.cpp
[7.349s] -- Installing: /home/vboxuser/ros2_ws/install/turtorial_interfaces/include/turtorial_interfaces/turtorial_interfaces/msg/detail/num__type_support.cpp
[7.350s] -- Installing: /home/vboxuser/ros2_ws/install/turtorial_interfaces/include/turtorial_interfaces/turtorial_interfaces/msg/detail/num__rosidl_typesupport_introspection_cpp.hpp
[7.350s] -- Installing: /home/vboxuser/ros2_ws/install/turtorial_interfaces/include/turtorial_interfaces/turtorial_interfaces/msg/detail/sphere__rosidl_typesupport_introspection_cpp.hpp
[7.350s] -- Up-to-date: /home/vboxuser/ros2_ws/install/turtorial_interfaces/include/turtorial_interfaces/turtorial_interfaces/srv
[7.350s] -- Up-to-date: /home/vboxuser/ros2_ws/install/turtorial_interfaces/include/turtorial_interfaces/turtorial_interfaces/srv/detail
[7.350s] -- Installing: /home/vboxuser/ros2_ws/install/turtorial_interfaces/include/turtorial_interfaces/turtorial_interfaces/srv/detail/add_three_ints__type_support.cpp
[7.350s] -- Installing: /home/vboxuser/ros2_ws/install/turtorial_interfaces/include/turtorial_interfaces/turtorial_interfaces/srv/detail/add_three_ints__rosidl_typesupport_introspection_cpp.hpp
[7.351s] -- Installing: /home/vboxuser/ros2_ws/install/turtorial_interfaces/lib/libturtorial_interfaces__rosidl_typesupport_introspection_cpp.so
[7.351s] -- Set runtime path of "/home/vboxuser/ros2_ws/install/turtorial_interfaces/lib/libturtorial_interfaces__rosidl_typesupport_introspection_cpp.so" to ""
[7.351s] -- Installing: /home/vboxuser/ros2_ws/install/turtorial_interfaces/lib/libturtorial_interfaces__rosidl_typesupport_cpp.so
[7.352s] -- Set runtime path of "/home/vboxuser/ros2_ws/install/turtorial_interfaces/lib/libturtorial_interfaces__rosidl_typesupport_cpp.so" to ""
[7.352s] -- Installing: /home/vboxuser/ros2_ws/install/turtorial_interfaces/share/turtorial_interfaces/environment/pythonpath.sh
[7.352s] -- Installing: /home/vboxuser/ros2_ws/install/turtorial_interfaces/share/turtorial_interfaces/environment/pythonpath.dsv
[7.352s] -- Installing: /home/vboxuser/ros2_ws/install/turtorial_interfaces/local/lib/python3.10/dist-packages/turtorial_interfaces-0.0.0-py3.10.egg-info
[7.352s] -- Installing: /home/vboxuser/ros2_ws/install/turtorial_interfaces/local/lib/python3.10/dist-packages/turtorial_interfaces-0.0.0-py3.10.egg-info/top_level.txt
[7.352s] -- Installing: /home/vboxuser/ros2_ws/install/turtorial_interfaces/local/lib/python3.10/dist-packages/turtorial_interfaces-0.0.0-py3.10.egg-info/dependency_links.txt
[7.352s] -- Installing: /home/vboxuser/ros2_ws/install/turtorial_interfaces/local/lib/python3.10/dist-packages/turtorial_interfaces-0.0.0-py3.10.egg-info/SOURCES.txt
[7.353s] -- Installing: /home/vboxuser/ros2_ws/install/turtorial_interfaces/local/lib/python3.10/dist-packages/turtorial_interfaces-0.0.0-py3.10.egg-info/PKG-INFO
[7.353s] -- Installing: /home/vboxuser/ros2_ws/install/turtorial_interfaces/local/lib/python3.10/dist-packages/turtorial_interfaces
[7.353s] -- Installing: /home/vboxuser/ros2_ws/install/turtorial_interfaces/local/lib/python3.10/dist-packages/turtorial_interfaces/turtorial_interfaces_s__rosidl_typesupport_introspection_c.cpython-310-x86_64-linux-gnu.so
[7.353s] -- Installing: /home/vboxuser/ros2_ws/install/turtorial_interfaces/local/lib/python3.10/dist-packages/turtorial_interfaces/_turtorial_interfaces_s.ep.rosidl_typesupport_introspection_c.c
[7.353s] -- Installing: /home/vboxuser/ros2_ws/install/turtorial_interfaces/local/lib/python3.10/dist-packages/turtorial_interfaces/turtorial_interfaces_s__rosidl_typesupport_c.cpython-310-x86_64-linux-gnu.so
[7.353s] -- Installing: /home/vboxuser/ros2_ws/install/turtorial_interfaces/local/lib/python3.10/dist-packages/turtorial_interfaces/__init__.py
[7.353s] -- Installing: /home/vboxuser/ros2_ws/install/turtorial_interfaces/local/lib/python3.10/dist-packages/turtorial_interfaces/msg
[7.354s] -- Installing: /home/vboxuser/ros2_ws/install/turtorial_interfaces/local/lib/python3.10/dist-packages/turtorial_interfaces/msg/_num_s.c
[7.354s] -- Installing: /home/vboxuser/ros2_ws/install/turtorial_interfaces/local/lib/python3.10/dist-packages/turtorial_interfaces/msg/_sphere_s.c
[7.354s] -- Installing: /home/vboxuser/ros2_ws/install/turtorial_interfaces/local/lib/python3.10/dist-packages/turtorial_interfaces/msg/_sphere.py
[7.354s] -- Installing: /home/vboxuser/ros2_ws/install/turtorial_interfaces/local/lib/python3.10/dist-packages/turtorial_interfaces/msg/__init__.py
[7.354s] -- Installing: /home/vboxuser/ros2_ws/install/turtorial_interfaces/local/lib/python3.10/dist-packages/turtorial_interfaces/msg/_num.py
[7.354s] -- Installing: /home/vboxuser/ros2_ws/install/turtorial_interfaces/local/lib/python3.10/dist-packages/turtorial_interfaces/turtorial_interfaces_s__rosidl_typesupport_fastrtps_c.cpython-310-x86_64-linux-gnu.so
[7.354s] -- Installing: /home/vboxuser/ros2_ws/install/turtorial_interfaces/local/lib/python3.10/dist-packages/turtorial_interfaces/srv
[7.355s] -- Installing: /home/vboxuser/ros2_ws/install/turtorial_interfaces/local/lib/python3.10/dist-packages/turtorial_interfaces/srv/_add_three_ints_s.c
[7.355s] -- Installing: /home/vboxuser/ros2_ws/install/turtorial_interfaces/local/lib/python3.10/dist-packages/turtorial_interfaces/srv/_add_three_ints.py
[7.355s] -- Installing: /home/vboxuser/ros2_ws/install/turtorial_interfaces/local/lib/python3.10/dist-packages/turtorial_interfaces/srv/__init__.py
[7.355s] -- Installing: /home/vboxuser/ros2_ws/install/turtorial_interfaces/local/lib/python3.10/dist-packages/turtorial_interfaces/_turtorial_interfaces_s.ep.rosidl_typesupport_c.c
[7.355s] -- Installing: /home/vboxuser/ros2_ws/install/turtorial_interfaces/local/lib/python3.10/dist-packages/turtorial_interfaces/libturtorial_interfaces__rosidl_generator_py.so
[7.356s] -- Installing: /home/vboxuser/ros2_ws/install/turtorial_interfaces/local/lib/python3.10/dist-packages/turtorial_interfaces/_turtorial_interfaces_s.ep.rosidl_typesupport_fastrtps_c.c
[7.434s] Listing '/home/vboxuser/ros2_ws/install/turtorial_interfaces/local/lib/python3.10/dist-packages/turtorial_interfaces'...
[7.434s] Compiling '/home/vboxuser/ros2_ws/install/turtorial_interfaces/local/lib/python3.10/dist-packages/turtorial_interfaces/__init__.py'...
[7.434s] Listing '/home/vboxuser/ros2_ws/install/turtorial_interfaces/local/lib/python3.10/dist-packages/turtorial_interfaces/msg'...
[7.434s] Compiling '/home/vboxuser/ros2_ws/install/turtorial_interfaces/local/lib/python3.10/dist-packages/turtorial_interfaces/msg/__init__.py'...
[7.434s] Compiling '/home/vboxuser/ros2_ws/install/turtorial_interfaces/local/lib/python3.10/dist-packages/turtorial_interfaces/msg/_num.py'...
[7.434s] Compiling '/home/vboxuser/ros2_ws/install/turtorial_interfaces/local/lib/python3.10/dist-packages/turtorial_interfaces/msg/_sphere.py'...
[7.434s] Listing '/home/vboxuser/ros2_ws/install/turtorial_interfaces/local/lib/python3.10/dist-packages/turtorial_interfaces/srv'...
[7.435s] Compiling '/home/vboxuser/ros2_ws/install/turtorial_interfaces/local/lib/python3.10/dist-packages/turtorial_interfaces/srv/__init__.py'...
[7.435s] Compiling '/home/vboxuser/ros2_ws/install/turtorial_interfaces/local/lib/python3.10/dist-packages/turtorial_interfaces/srv/_add_three_ints.py'...
[7.439s] -- Installing: /home/vboxuser/ros2_ws/install/turtorial_interfaces/local/lib/python3.10/dist-packages/turtorial_interfaces/turtorial_interfaces_s__rosidl_typesupport_fastrtps_c.cpython-310-x86_64-linux-gnu.so
[7.439s] -- Set runtime path of "/home/vboxuser/ros2_ws/install/turtorial_interfaces/local/lib/python3.10/dist-packages/turtorial_interfaces/turtorial_interfaces_s__rosidl_typesupport_fastrtps_c.cpython-310-x86_64-linux-gnu.so" to ""
[7.440s] -- Installing: /home/vboxuser/ros2_ws/install/turtorial_interfaces/local/lib/python3.10/dist-packages/turtorial_interfaces/turtorial_interfaces_s__rosidl_typesupport_introspection_c.cpython-310-x86_64-linux-gnu.so
[7.440s] -- Set runtime path of "/home/vboxuser/ros2_ws/install/turtorial_interfaces/local/lib/python3.10/dist-packages/turtorial_interfaces/turtorial_interfaces_s__rosidl_typesupport_introspection_c.cpython-310-x86_64-linux-gnu.so" to ""
[7.440s] -- Installing: /home/vboxuser/ros2_ws/install/turtorial_interfaces/local/lib/python3.10/dist-packages/turtorial_interfaces/turtorial_interfaces_s__rosidl_typesupport_c.cpython-310-x86_64-linux-gnu.so
[7.441s] -- Set runtime path of "/home/vboxuser/ros2_ws/install/turtorial_interfaces/local/lib/python3.10/dist-packages/turtorial_interfaces/turtorial_interfaces_s__rosidl_typesupport_c.cpython-310-x86_64-linux-gnu.so" to ""
[7.441s] -- Installing: /home/vboxuser/ros2_ws/install/turtorial_interfaces/lib/libturtorial_interfaces__rosidl_generator_py.so
[7.441s] -- Set runtime path of "/home/vboxuser/ros2_ws/install/turtorial_interfaces/lib/libturtorial_interfaces__rosidl_generator_py.so" to ""
[7.442s] -- Installing: /home/vboxuser/ros2_ws/install/turtorial_interfaces/share/turtorial_interfaces/msg/Num.idl
[7.442s] -- Installing: /home/vboxuser/ros2_ws/install/turtorial_interfaces/share/turtorial_interfaces/msg/Sphere.idl
[7.442s] -- Installing: /home/vboxuser/ros2_ws/install/turtorial_interfaces/share/turtorial_interfaces/srv/AddThreeInts.idl
[7.442s] -- Installing: /home/vboxuser/ros2_ws/install/turtorial_interfaces/share/turtorial_interfaces/msg/Num.msg
[7.442s] -- Installing: /home/vboxuser/ros2_ws/install/turtorial_interfaces/share/turtorial_interfaces/msg/Sphere.msg
[7.442s] -- Installing: /home/vboxuser/ros2_ws/install/turtorial_interfaces/share/turtorial_interfaces/srv/AddThreeInts.srv
[7.443s] -- Installing: /home/vboxuser/ros2_ws/install/turtorial_interfaces/share/turtorial_interfaces/srv/AddThreeInts_Request.msg
[7.443s] -- Installing: /home/vboxuser/ros2_ws/install/turtorial_interfaces/share/turtorial_interfaces/srv/AddThreeInts_Response.msg
[7.443s] -- Installing: /home/vboxuser/ros2_ws/install/turtorial_interfaces/share/ament_index/resource_index/package_run_dependencies/turtorial_interfaces
[7.443s] -- Up-to-date: /home/vboxuser/ros2_ws/install/turtorial_interfaces/share/ament_index/resource_index/parent_prefix_path/turtorial_interfaces
[7.443s] -- Up-to-date: /home/vboxuser/ros2_ws/install/turtorial_interfaces/share/turtorial_interfaces/environment/ament_prefix_path.sh
[7.443s] -- Installing: /home/vboxuser/ros2_ws/install/turtorial_interfaces/share/turtorial_interfaces/environment/ament_prefix_path.dsv
[7.444s] -- Up-to-date: /home/vboxuser/ros2_ws/install/turtorial_interfaces/share/turtorial_interfaces/environment/path.sh
[7.444s] -- Installing: /home/vboxuser/ros2_ws/install/turtorial_interfaces/share/turtorial_interfaces/environment/path.dsv
[7.444s] -- Up-to-date: /home/vboxuser/ros2_ws/install/turtorial_interfaces/share/turtorial_interfaces/local_setup.bash
[7.444s] -- Installing: /home/vboxuser/ros2_ws/install/turtorial_interfaces/share/turtorial_interfaces/local_setup.sh
[7.444s] -- Up-to-date: /home/vboxuser/ros2_ws/install/turtorial_interfaces/share/turtorial_interfaces/local_setup.zsh
[7.445s] -- Installing: /home/vboxuser/ros2_ws/install/turtorial_interfaces/share/turtorial_interfaces/local_setup.dsv
[7.445s] -- Installing: /home/vboxuser/ros2_ws/install/turtorial_interfaces/share/turtorial_interfaces/package.dsv
[7.445s] -- Up-to-date: /home/vboxuser/ros2_ws/install/turtorial_interfaces/share/ament_index/resource_index/packages/turtorial_interfaces
[7.445s] -- Installing: /home/vboxuser/ros2_ws/install/turtorial_interfaces/share/turtorial_interfaces/cmake/export_turtorial_interfaces__rosidl_generator_cExport.cmake
[7.445s] -- Installing: /home/vboxuser/ros2_ws/install/turtorial_interfaces/share/turtorial_interfaces/cmake/export_turtorial_interfaces__rosidl_generator_cExport-noconfig.cmake
[7.445s] -- Installing: /home/vboxuser/ros2_ws/install/turtorial_interfaces/share/turtorial_interfaces/cmake/export_turtorial_interfaces__rosidl_typesupport_fastrtps_cExport.cmake
[7.446s] -- Installing: /home/vboxuser/ros2_ws/install/turtorial_interfaces/share/turtorial_interfaces/cmake/export_turtorial_interfaces__rosidl_typesupport_fastrtps_cExport-noconfig.cmake
[7.446s] -- Installing: /home/vboxuser/ros2_ws/install/turtorial_interfaces/share/turtorial_interfaces/cmake/export_turtorial_interfaces__rosidl_generator_cppExport.cmake
[7.446s] -- Installing: /home/vboxuser/ros2_ws/install/turtorial_interfaces/share/turtorial_interfaces/cmake/export_turtorial_interfaces__rosidl_typesupport_fastrtps_cppExport.cmake
[7.446s] -- Installing: /home/vboxuser/ros2_ws/install/turtorial_interfaces/share/turtorial_interfaces/cmake/export_turtorial_interfaces__rosidl_typesupport_fastrtps_cppExport-noconfig.cmake
[7.446s] -- Installing: /home/vboxuser/ros2_ws/install/turtorial_interfaces/share/turtorial_interfaces/cmake/turtorial_interfaces__rosidl_typesupport_introspection_cExport.cmake
[7.447s] -- Installing: /home/vboxuser/ros2_ws/install/turtorial_interfaces/share/turtorial_interfaces/cmake/turtorial_interfaces__rosidl_typesupport_introspection_cExport-noconfig.cmake
[7.447s] -- Installing: /home/vboxuser/ros2_ws/install/turtorial_interfaces/share/turtorial_interfaces/cmake/turtorial_interfaces__rosidl_typesupport_cExport.cmake
[7.447s] -- Installing: /home/vboxuser/ros2_ws/install/turtorial_interfaces/share/turtorial_interfaces/cmake/turtorial_interfaces__rosidl_typesupport_cExport-noconfig.cmake
[7.447s] -- Installing: /home/vboxuser/ros2_ws/install/turtorial_interfaces/share/turtorial_interfaces/cmake/turtorial_interfaces__rosidl_typesupport_introspection_cppExport.cmake
[7.448s] -- Installing: /home/vboxuser/ros2_ws/install/turtorial_interfaces/share/turtorial_interfaces/cmake/turtorial_interfaces__rosidl_typesupport_introspection_cppExport-noconfig.cmake
[7.448s] -- Installing: /home/vboxuser/ros2_ws/install/turtorial_interfaces/share/turtorial_interfaces/cmake/turtorial_interfaces__rosidl_typesupport_cppExport.cmake
[7.448s] -- Installing: /home/vboxuser/ros2_ws/install/turtorial_interfaces/share/turtorial_interfaces/cmake/turtorial_interfaces__rosidl_typesupport_cppExport-noconfig.cmake
[7.448s] -- Installing: /home/vboxuser/ros2_ws/install/turtorial_interfaces/share/turtorial_interfaces/cmake/export_turtorial_interfaces__rosidl_generator_pyExport.cmake
[7.448s] -- Installing: /home/vboxuser/ros2_ws/install/turtorial_interfaces/share/turtorial_interfaces/cmake/export_turtorial_interfaces__rosidl_generator_pyExport-noconfig.cmake
[7.449s] -- Installing: /home/vboxuser/ros2_ws/install/turtorial_interfaces/share/turtorial_interfaces/cmake/rosidl_cmake-extras.cmake
[7.449s] -- Installing: /home/vboxuser/ros2_ws/install/turtorial_interfaces/share/turtorial_interfaces/cmake/ament_cmake_export_dependencies-extras.cmake
[7.449s] -- Installing: /home/vboxuser/ros2_ws/install/turtorial_interfaces/share/turtorial_interfaces/cmake/ament_cmake_export_include_directories-extras.cmake
[7.449s] -- Installing: /home/vboxuser/ros2_ws/install/turtorial_interfaces/share/turtorial_interfaces/cmake/ament_cmake_export_libraries-extras.cmake
[7.449s] -- Installing: /home/vboxuser/ros2_ws/install/turtorial_interfaces/share/turtorial_interfaces/cmake/ament_cmake_export_targets-extras.cmake
[7.449s] -- Installing: /home/vboxuser/ros2_ws/install/turtorial_interfaces/share/turtorial_interfaces/cmake/rosidl_cmake_export_typesupport_targets-extras.cmake
[7.450s] -- Installing: /home/vboxuser/ros2_ws/install/turtorial_interfaces/share/turtorial_interfaces/cmake/rosidl_cmake_export_typesupport_libraries-extras.cmake
[7.450s] -- Installing: /home/vboxuser/ros2_ws/install/turtorial_interfaces/share/turtorial_interfaces/cmake/turtorial_interfacesConfig.cmake
[7.450s] -- Up-to-date: /home/vboxuser/ros2_ws/install/turtorial_interfaces/share/turtorial_interfaces/cmake/turtorial_interfacesConfig-version.cmake
[7.450s] -- Installing: /home/vboxuser/ros2_ws/install/turtorial_interfaces/share/turtorial_interfaces/package.xml
[7.453s] Invoked command in '/home/vboxuser/ros2_ws/build/turtorial_interfaces' returned '0': CMAKE_PREFIX_PATH=${CMAKE_PREFIX_PATH}:/home/vboxuser/ros2_ws/src/install/py_pubsub3:/home/vboxuser/ros2_ws/src/install/py_pubsub2:/home/vboxuser/ros2_ws/src/install/py_pubsub:/home/vboxuser/ros2_ws/src/install/launch_testing_examples:/home/vboxuser/ros2_ws/src/install/examples_rclpy_pointcloud_publisher:/home/vboxuser/ros2_ws/src/install/examples_rclpy_minimal_subscriber:/home/vboxuser/ros2_ws/src/install/examples_rclpy_minimal_service:/home/vboxuser/ros2_ws/src/install/examples_rclpy_minimal_publisher:/home/vboxuser/ros2_ws/src/install/examples_rclpy_minimal_client:/home/vboxuser/ros2_ws/src/install/examples_rclpy_minimal_action_server:/home/vboxuser/ros2_ws/src/install/examples_rclpy_minimal_action_client:/home/vboxuser/ros2_ws/src/install/examples_rclpy_guard_conditions:/home/vboxuser/ros2_ws/src/install/examples_rclpy_executors:/home/vboxuser/ros2_ws/install/py_pubsub3:/home/vboxuser/ros2_ws/install/py_pubsub2:/home/vboxuser/ros2_ws/install/py_pubsub:/home/vboxuser/ros2_ws/install/my_py_pkg:/home/vboxuser/ros2_ws/install/launch_testing_examples:/home/vboxuser/ros2_ws/install/examples_rclpy_pointcloud_publisher:/home/vboxuser/ros2_ws/install/examples_rclpy_minimal_subscriber:/home/vboxuser/ros2_ws/install/examples_rclpy_minimal_service:/home/vboxuser/ros2_ws/install/examples_rclpy_minimal_publisher:/home/vboxuser/ros2_ws/install/examples_rclpy_minimal_client:/home/vboxuser/ros2_ws/install/examples_rclpy_minimal_action_server:/home/vboxuser/ros2_ws/install/examples_rclpy_minimal_action_client:/home/vboxuser/ros2_ws/install/examples_rclpy_guard_conditions:/home/vboxuser/ros2_ws/install/examples_rclpy_executors:/home/vboxuser/HW3_ws/install/py_pubsub:/home/vboxuser/HW3_ws/install/Q1:/opt/ros/humble /usr/bin/cmake --install /home/vboxuser/ros2_ws/build/turtorial_interfaces
