[1.967s] Invoking command in '/home/vboxuser/hw4_ws/src/py_srvcli': PYTHONPATH=/home/vboxuser/hw4_ws/build/py_srvcli/prefix_override:/home/vboxuser/hw4_ws/install/py_srvcli/lib/python3.10/site-packages:${PYTHONPATH} /usr/bin/python3 setup.py egg_info --egg-base ../../build/py_srvcli build --build-base /home/vboxuser/hw4_ws/build/py_srvcli/build install --record /home/vboxuser/hw4_ws/build/py_srvcli/install.log --single-version-externally-managed
[2.543s] running egg_info
[2.543s] writing ../../build/py_srvcli/py_srvcli.egg-info/PKG-INFO
[2.545s] writing dependency_links to ../../build/py_srvcli/py_srvcli.egg-info/dependency_links.txt
[2.545s] writing entry points to ../../build/py_srvcli/py_srvcli.egg-info/entry_points.txt
[2.545s] writing requirements to ../../build/py_srvcli/py_srvcli.egg-info/requires.txt
[2.545s] writing top-level names to ../../build/py_srvcli/py_srvcli.egg-info/top_level.txt
[2.551s] reading manifest file '../../build/py_srvcli/py_srvcli.egg-info/SOURCES.txt'
[2.551s] adding license file 'LICENSE'
[2.562s] writing manifest file '../../build/py_srvcli/py_srvcli.egg-info/SOURCES.txt'
[2.562s] running build
[2.563s] running build_py
[2.563s] running install
[2.563s] running install_lib
[2.563s] running install_data
[2.563s] running install_egg_info
[2.569s] removing '/home/vboxuser/hw4_ws/install/py_srvcli/lib/python3.10/site-packages/py_srvcli-0.0.0-py3.10.egg-info' (and everything under it)
[2.569s] Copying ../../build/py_srvcli/py_srvcli.egg-info to /home/vboxuser/hw4_ws/install/py_srvcli/lib/python3.10/site-packages/py_srvcli-0.0.0-py3.10.egg-info
[2.569s] running install_scripts
[2.614s] Installing client script to /home/vboxuser/hw4_ws/install/py_srvcli/lib/py_srvcli
[2.615s] Installing service script to /home/vboxuser/hw4_ws/install/py_srvcli/lib/py_srvcli
[2.616s] writing list of installed files to '/home/vboxuser/hw4_ws/build/py_srvcli/install.log'
[2.732s] Invoked command in '/home/vboxuser/hw4_ws/src/py_srvcli' returned '0': PYTHONPATH=/home/vboxuser/hw4_ws/build/py_srvcli/prefix_override:/home/vboxuser/hw4_ws/install/py_srvcli/lib/python3.10/site-packages:${PYTHONPATH} /usr/bin/python3 setup.py egg_info --egg-base ../../build/py_srvcli build --build-base /home/vboxuser/hw4_ws/build/py_srvcli/build install --record /home/vboxuser/hw4_ws/build/py_srvcli/install.log --single-version-externally-managed
