[3.144s] Invoking command in '/home/vboxuser/hw3_ws/src/py_pubsub': PYTHONPATH=/home/vboxuser/hw3_ws/build/py_pubsub/prefix_override:/home/vboxuser/hw3_ws/install/py_pubsub/lib/python3.10/site-packages:${PYTHONPATH} /usr/bin/python3 setup.py egg_info --egg-base ../../build/py_pubsub build --build-base /home/vboxuser/hw3_ws/build/py_pubsub/build install --record /home/vboxuser/hw3_ws/build/py_pubsub/install.log --single-version-externally-managed
[3.550s] running egg_info
[3.551s] writing ../../build/py_pubsub/py_pubsub.egg-info/PKG-INFO
[3.551s] writing dependency_links to ../../build/py_pubsub/py_pubsub.egg-info/dependency_links.txt
[3.551s] writing entry points to ../../build/py_pubsub/py_pubsub.egg-info/entry_points.txt
[3.552s] writing requirements to ../../build/py_pubsub/py_pubsub.egg-info/requires.txt
[3.552s] writing top-level names to ../../build/py_pubsub/py_pubsub.egg-info/top_level.txt
[3.554s] reading manifest file '../../build/py_pubsub/py_pubsub.egg-info/SOURCES.txt'
[3.555s] adding license file 'LICENSE'
[3.556s] writing manifest file '../../build/py_pubsub/py_pubsub.egg-info/SOURCES.txt'
[3.556s] running build
[3.556s] running build_py
[3.557s] running install
[3.557s] running install_lib
[3.562s] running install_data
[3.562s] running install_egg_info
[3.563s] removing '/home/vboxuser/hw3_ws/install/py_pubsub/lib/python3.10/site-packages/py_pubsub-0.0.0-py3.10.egg-info' (and everything under it)
[3.564s] Copying ../../build/py_pubsub/py_pubsub.egg-info to /home/vboxuser/hw3_ws/install/py_pubsub/lib/python3.10/site-packages/py_pubsub-0.0.0-py3.10.egg-info
[3.565s] running install_scripts
[3.618s] Installing listener script to /home/vboxuser/hw3_ws/install/py_pubsub/lib/py_pubsub
[3.619s] Installing talker script to /home/vboxuser/hw3_ws/install/py_pubsub/lib/py_pubsub
[3.619s] writing list of installed files to '/home/vboxuser/hw3_ws/build/py_pubsub/install.log'
[3.938s] Invoked command in '/home/vboxuser/hw3_ws/src/py_pubsub' returned '0': PYTHONPATH=/home/vboxuser/hw3_ws/build/py_pubsub/prefix_override:/home/vboxuser/hw3_ws/install/py_pubsub/lib/python3.10/site-packages:${PYTHONPATH} /usr/bin/python3 setup.py egg_info --egg-base ../../build/py_pubsub build --build-base /home/vboxuser/hw3_ws/build/py_pubsub/build install --record /home/vboxuser/hw3_ws/build/py_pubsub/install.log --single-version-externally-managed
