[1.136s] Invoking command in '/home/vboxuser/ros2_ws/build/my_py_pkg': PYTHONPATH=/home/vboxuser/ros2_ws/build/my_py_pkg/prefix_override:/home/vboxuser/ros2_ws/install/my_py_pkg/lib/python3.10/site-packages:${PYTHONPATH} /usr/bin/python3 setup.py develop --editable --build-directory /home/vboxuser/ros2_ws/build/my_py_pkg/build --no-deps install_data
[1.554s] running develop
[1.823s] running egg_info
[1.823s] writing my_py_pkg.egg-info/PKG-INFO
[1.823s] writing dependency_links to my_py_pkg.egg-info/dependency_links.txt
[1.823s] writing entry points to my_py_pkg.egg-info/entry_points.txt
[1.823s] writing requirements to my_py_pkg.egg-info/requires.txt
[1.824s] writing top-level names to my_py_pkg.egg-info/top_level.txt
[1.826s] reading manifest file 'my_py_pkg.egg-info/SOURCES.txt'
[1.827s] writing manifest file 'my_py_pkg.egg-info/SOURCES.txt'
[1.829s] running build_ext
[1.830s] Creating /home/vboxuser/ros2_ws/install/my_py_pkg/lib/python3.10/site-packages/my-py-pkg.egg-link (link to .)
[1.831s] Installing add_two_ints_client script to /home/vboxuser/ros2_ws/install/my_py_pkg/lib/my_py_pkg
[1.831s] Installing add_two_ints_client_no_oop script to /home/vboxuser/ros2_ws/install/my_py_pkg/lib/my_py_pkg
[1.831s] Installing add_two_ints_server script to /home/vboxuser/ros2_ws/install/my_py_pkg/lib/my_py_pkg
[1.831s] Installing my_first_node script to /home/vboxuser/ros2_ws/install/my_py_pkg/lib/my_py_pkg
[1.831s] Installing robot_news_station script to /home/vboxuser/ros2_ws/install/my_py_pkg/lib/my_py_pkg
[1.831s] Installing smart_phone script to /home/vboxuser/ros2_ws/install/my_py_pkg/lib/my_py_pkg
[1.831s] 
[1.832s] Installed /home/vboxuser/ros2_ws/build/my_py_pkg
[1.832s] running install_data
[1.869s] Invoked command in '/home/vboxuser/ros2_ws/build/my_py_pkg' returned '0': PYTHONPATH=/home/vboxuser/ros2_ws/build/my_py_pkg/prefix_override:/home/vboxuser/ros2_ws/install/my_py_pkg/lib/python3.10/site-packages:${PYTHONPATH} /usr/bin/python3 setup.py develop --editable --build-directory /home/vboxuser/ros2_ws/build/my_py_pkg/build --no-deps install_data
