[0.222s] Invoking command in '/home/vboxuser/ros2_ws/build/examples_rclcpp_minimal_client': CMAKE_PREFIX_PATH=/opt/ros/humble /usr/bin/cmake /home/vboxuser/ros2_ws/src/examples/rclcpp/services/minimal_client -DAMENT_CMAKE_SYMLINK_INSTALL=1 -DCMAKE_INSTALL_PREFIX=/home/vboxuser/ros2_ws/install/examples_rclcpp_minimal_client
[2.069s] -- The C compiler identification is GNU 11.4.0
[2.804s] -- The CXX compiler identification is GNU 11.4.0
[2.905s] -- Detecting C compiler ABI info
[3.139s] -- Detecting C compiler ABI info - done
[3.161s] -- Check for working C compiler: /usr/bin/cc - skipped
[3.162s] -- Detecting C compile features
[3.172s] -- Detecting C compile features - done
[3.180s] -- Detecting CXX compiler ABI info
[3.352s] -- Detecting CXX compiler ABI info - done
[3.369s] -- Check for working CXX compiler: /usr/bin/c++ - skipped
[3.369s] -- Detecting CXX compile features
[3.371s] -- Detecting CXX compile features - done
[3.394s] -- Found ament_cmake: 1.3.6 (/opt/ros/humble/share/ament_cmake/cmake)
[3.981s] -- Found Python3: /usr/bin/python3.10 (found version "3.10.12") found components: Interpreter 
[4.242s] -- Override CMake install command with custom implementation using symlinks instead of copying resources
[4.644s] -- Found example_interfaces: 0.9.3 (/opt/ros/humble/share/example_interfaces/cmake)
[5.109s] -- Found rosidl_generator_c: 3.1.5 (/opt/ros/humble/share/rosidl_generator_c/cmake)
[5.142s] -- Found rosidl_adapter: 3.1.5 (/opt/ros/humble/share/rosidl_adapter/cmake)
[5.217s] -- Found rosidl_generator_cpp: 3.1.5 (/opt/ros/humble/share/rosidl_generator_cpp/cmake)
[5.667s] -- Using all available rosidl_typesupport_c: rosidl_typesupport_fastrtps_c;rosidl_typesupport_introspection_c
[5.839s] -- Using all available rosidl_typesupport_cpp: rosidl_typesupport_fastrtps_cpp;rosidl_typesupport_introspection_cpp
[7.109s] -- Found rclcpp: 16.0.7 (/opt/ros/humble/share/rclcpp/cmake)
[7.490s] -- Found rmw_implementation_cmake: 6.1.1 (/opt/ros/humble/share/rmw_implementation_cmake/cmake)
[7.495s] -- Found rmw_fastrtps_cpp: 6.2.5 (/opt/ros/humble/share/rmw_fastrtps_cpp/cmake)
[8.119s] -- Found OpenSSL: /usr/lib/x86_64-linux-gnu/libcrypto.so (found version "3.0.2")  
[8.263s] -- Found FastRTPS: /opt/ros/humble/include  
[8.519s] -- Using RMW implementation 'rmw_fastrtps_cpp' as default
[8.587s] -- Looking for pthread.h
[9.050s] -- Looking for pthread.h - found
[9.051s] -- Performing Test CMAKE_HAVE_LIBC_PTHREAD
[9.564s] -- Performing Test CMAKE_HAVE_LIBC_PTHREAD - Success
[9.566s] -- Found Threads: TRUE  
[10.637s] -- Found ament_lint_auto: 0.12.9 (/opt/ros/humble/share/ament_lint_auto/cmake)
[11.229s] -- Added test 'copyright' to check source files copyright and LICENSE
[11.235s] -- Added test 'cppcheck' to perform static code analysis on C / C++ code
[11.235s] -- Configured cppcheck include dirs: 
[11.235s] -- Configured cppcheck exclude dirs and/or files: 
[11.239s] -- Added test 'cpplint' to check C / C++ code against the Google style
[11.239s] -- Configured cpplint exclude dirs and/or files: 
[11.242s] -- Added test 'lint_cmake' to check CMake code style
[11.250s] -- Added test 'uncrustify' to check C / C++ code style
[11.250s] -- Configured uncrustify additional arguments: 
[11.251s] -- Added test 'xmllint' to check XML markup files
[11.266s] -- Configuring done
[11.317s] -- Generating done
[11.322s] -- Build files have been written to: /home/vboxuser/ros2_ws/build/examples_rclcpp_minimal_client
[11.362s] Invoked command in '/home/vboxuser/ros2_ws/build/examples_rclcpp_minimal_client' returned '0': CMAKE_PREFIX_PATH=/opt/ros/humble /usr/bin/cmake /home/vboxuser/ros2_ws/src/examples/rclcpp/services/minimal_client -DAMENT_CMAKE_SYMLINK_INSTALL=1 -DCMAKE_INSTALL_PREFIX=/home/vboxuser/ros2_ws/install/examples_rclcpp_minimal_client
[11.362s] Invoking command in '/home/vboxuser/ros2_ws/build/examples_rclcpp_minimal_client': CMAKE_PREFIX_PATH=/opt/ros/humble /usr/bin/cmake --build /home/vboxuser/ros2_ws/build/examples_rclcpp_minimal_client -- -j6 -l6
[11.692s] [ 50%] [32mBuilding CXX object CMakeFiles/client_main.dir/main.cpp.o[0m
[29.597s] [100%] [32m[1mLinking CXX executable client_main[0m
[29.874s] [100%] Built target client_main
[30.038s] Invoked command in '/home/vboxuser/ros2_ws/build/examples_rclcpp_minimal_client' returned '0': CMAKE_PREFIX_PATH=/opt/ros/humble /usr/bin/cmake --build /home/vboxuser/ros2_ws/build/examples_rclcpp_minimal_client -- -j6 -l6
[30.325s] Invoking command in '/home/vboxuser/ros2_ws/build/examples_rclcpp_minimal_client': CMAKE_PREFIX_PATH=/opt/ros/humble /usr/bin/cmake --install /home/vboxuser/ros2_ws/build/examples_rclcpp_minimal_client
[30.338s] -- Install configuration: ""
[30.338s] -- Execute custom install script
[30.338s] -- Symlinking: /home/vboxuser/ros2_ws/install/examples_rclcpp_minimal_client/lib/examples_rclcpp_minimal_client/client_main
[30.355s] -- Symlinking: /home/vboxuser/ros2_ws/install/examples_rclcpp_minimal_client/share/ament_index/resource_index/package_run_dependencies/examples_rclcpp_minimal_client
[30.383s] -- Symlinking: /home/vboxuser/ros2_ws/install/examples_rclcpp_minimal_client/share/ament_index/resource_index/parent_prefix_path/examples_rclcpp_minimal_client
[30.408s] -- Symlinking: /home/vboxuser/ros2_ws/install/examples_rclcpp_minimal_client/share/examples_rclcpp_minimal_client/environment/ament_prefix_path.sh
[30.435s] -- Symlinking: /home/vboxuser/ros2_ws/install/examples_rclcpp_minimal_client/share/examples_rclcpp_minimal_client/environment/ament_prefix_path.dsv
[30.459s] -- Symlinking: /home/vboxuser/ros2_ws/install/examples_rclcpp_minimal_client/share/examples_rclcpp_minimal_client/environment/path.sh
[30.504s] -- Symlinking: /home/vboxuser/ros2_ws/install/examples_rclcpp_minimal_client/share/examples_rclcpp_minimal_client/environment/path.dsv
[30.530s] -- Symlinking: /home/vboxuser/ros2_ws/install/examples_rclcpp_minimal_client/share/examples_rclcpp_minimal_client/local_setup.bash
[30.556s] -- Symlinking: /home/vboxuser/ros2_ws/install/examples_rclcpp_minimal_client/share/examples_rclcpp_minimal_client/local_setup.sh
[30.581s] -- Symlinking: /home/vboxuser/ros2_ws/install/examples_rclcpp_minimal_client/share/examples_rclcpp_minimal_client/local_setup.zsh
[30.659s] -- Symlinking: /home/vboxuser/ros2_ws/install/examples_rclcpp_minimal_client/share/examples_rclcpp_minimal_client/local_setup.dsv
[30.663s] -- Symlinking: /home/vboxuser/ros2_ws/install/examples_rclcpp_minimal_client/share/examples_rclcpp_minimal_client/package.dsv
[30.688s] -- Symlinking: /home/vboxuser/ros2_ws/install/examples_rclcpp_minimal_client/share/ament_index/resource_index/packages/examples_rclcpp_minimal_client
[30.707s] -- Symlinking: /home/vboxuser/ros2_ws/install/examples_rclcpp_minimal_client/share/examples_rclcpp_minimal_client/cmake/examples_rclcpp_minimal_clientConfig.cmake
[30.733s] -- Symlinking: /home/vboxuser/ros2_ws/install/examples_rclcpp_minimal_client/share/examples_rclcpp_minimal_client/cmake/examples_rclcpp_minimal_clientConfig-version.cmake
[30.760s] -- Symlinking: /home/vboxuser/ros2_ws/install/examples_rclcpp_minimal_client/share/examples_rclcpp_minimal_client/package.xml
[31.106s] Invoked command in '/home/vboxuser/ros2_ws/build/examples_rclcpp_minimal_client' returned '0': CMAKE_PREFIX_PATH=/opt/ros/humble /usr/bin/cmake --install /home/vboxuser/ros2_ws/build/examples_rclcpp_minimal_client
