[1.112s] Invoking command in '/home/vboxuser/ros2_ws/build/my_py_pkg': PYTHONPATH=/home/vboxuser/ros2_ws/build/my_py_pkg/prefix_override:/home/vboxuser/ros2_ws/install/my_py_pkg/lib/python3.10/site-packages:${PYTHONPATH} /usr/bin/python3 setup.py develop --editable --build-directory /home/vboxuser/ros2_ws/build/my_py_pkg/build --no-deps install_data
[1.517s] running develop
[1.770s] running egg_info
[1.770s] writing my_py_pkg.egg-info/PKG-INFO
[1.771s] writing dependency_links to my_py_pkg.egg-info/dependency_links.txt
[1.772s] writing entry points to my_py_pkg.egg-info/entry_points.txt
[1.774s] writing requirements to my_py_pkg.egg-info/requires.txt
[1.777s] writing top-level names to my_py_pkg.egg-info/top_level.txt
[1.780s] reading manifest file 'my_py_pkg.egg-info/SOURCES.txt'
[1.782s] writing manifest file 'my_py_pkg.egg-info/SOURCES.txt'
[1.783s] running build_ext
[1.783s] Creating /home/vboxuser/ros2_ws/install/my_py_pkg/lib/python3.10/site-packages/my-py-pkg.egg-link (link to .)
[1.784s] Installing add_two_ints_client_no_oop script to /home/vboxuser/ros2_ws/install/my_py_pkg/lib/my_py_pkg
[1.785s] Installing add_two_ints_server script to /home/vboxuser/ros2_ws/install/my_py_pkg/lib/my_py_pkg
[1.785s] Installing my_first_node script to /home/vboxuser/ros2_ws/install/my_py_pkg/lib/my_py_pkg
[1.785s] Installing robot_news_station script to /home/vboxuser/ros2_ws/install/my_py_pkg/lib/my_py_pkg
[1.785s] Installing smart_phone script to /home/vboxuser/ros2_ws/install/my_py_pkg/lib/my_py_pkg
[1.785s] 
[1.785s] Installed /home/vboxuser/ros2_ws/build/my_py_pkg
[1.786s] running install_data
[1.817s] Invoked command in '/home/vboxuser/ros2_ws/build/my_py_pkg' returned '0': PYTHONPATH=/home/vboxuser/ros2_ws/build/my_py_pkg/prefix_override:/home/vboxuser/ros2_ws/install/my_py_pkg/lib/python3.10/site-packages:${PYTHONPATH} /usr/bin/python3 setup.py develop --editable --build-directory /home/vboxuser/ros2_ws/build/my_py_pkg/build --no-deps install_data
