[0.501s] Invoking command in '/home/vboxuser/hw5_ws/build/my_interfaces': CMAKE_PREFIX_PATH=${CMAKE_PREFIX_PATH}:/home/vboxuser/hw5_ws/install/turtle_run:/home/vboxuser/hw5_ws/install/turtle_mover:/home/vboxuser/hw5_ws/install/turtle_joy:/home/vboxuser/hw5_ws/install/actions_py:/opt/ros/humble /usr/bin/cmake --build /home/vboxuser/hw5_ws/build/my_interfaces -- -j6 -l6
[1.592s] [  3%] Built target my_interfaces__cpp
[1.592s] [ 12%] Built target my_interfaces__rosidl_generator_c
[1.592s] [ 12%] Built target ament_cmake_python_copy_my_interfaces
[1.592s] [ 32%] Built target my_interfaces__rosidl_typesupport_cpp
[1.592s] [ 32%] Built target my_interfaces__rosidl_typesupport_fastrtps_cpp
[1.592s] [ 41%] Built target my_interfaces__rosidl_typesupport_fastrtps_c
[1.592s] [ 51%] Built target my_interfaces__rosidl_typesupport_introspection_cpp
[1.592s] [ 61%] Built target my_interfaces__rosidl_typesupport_c
[1.592s] [ 70%] Built target my_interfaces__rosidl_typesupport_introspection_c
[1.592s] [ 70%] Built target my_interfaces
[1.593s] [ 74%] Built target my_interfaces__py
[1.593s] [ 80%] Built target my_interfaces__rosidl_generator_py
[1.593s] [ 90%] Built target my_interfaces__rosidl_typesupport_introspection_c__pyext
[1.593s] [ 93%] Built target my_interfaces__rosidl_typesupport_fastrtps_c__pyext
[1.593s] [100%] Built target my_interfaces__rosidl_typesupport_c__pyext
[1.593s] running egg_info
[1.593s] writing my_interfaces.egg-info/PKG-INFO
[1.594s] writing dependency_links to my_interfaces.egg-info/dependency_links.txt
[1.594s] writing top-level names to my_interfaces.egg-info/top_level.txt
[1.594s] reading manifest file 'my_interfaces.egg-info/SOURCES.txt'
[1.594s] writing manifest file 'my_interfaces.egg-info/SOURCES.txt'
[1.594s] [100%] Built target ament_cmake_python_build_my_interfaces_egg
[2.111s] Invoked command in '/home/vboxuser/hw5_ws/build/my_interfaces' returned '0': CMAKE_PREFIX_PATH=${CMAKE_PREFIX_PATH}:/home/vboxuser/hw5_ws/install/turtle_run:/home/vboxuser/hw5_ws/install/turtle_mover:/home/vboxuser/hw5_ws/install/turtle_joy:/home/vboxuser/hw5_ws/install/actions_py:/opt/ros/humble /usr/bin/cmake --build /home/vboxuser/hw5_ws/build/my_interfaces -- -j6 -l6
[2.212s] Invoking command in '/home/vboxuser/hw5_ws/build/my_interfaces': CMAKE_PREFIX_PATH=${CMAKE_PREFIX_PATH}:/home/vboxuser/hw5_ws/install/turtle_run:/home/vboxuser/hw5_ws/install/turtle_mover:/home/vboxuser/hw5_ws/install/turtle_joy:/home/vboxuser/hw5_ws/install/actions_py:/opt/ros/humble /usr/bin/cmake --install /home/vboxuser/hw5_ws/build/my_interfaces
[2.221s] -- Install configuration: ""
[2.221s] -- Up-to-date: /home/vboxuser/hw5_ws/install/my_interfaces/share/ament_index/resource_index/rosidl_interfaces/my_interfaces
[2.222s] -- Up-to-date: /home/vboxuser/hw5_ws/install/my_interfaces/include/my_interfaces/my_interfaces
[2.222s] -- Up-to-date: /home/vboxuser/hw5_ws/install/my_interfaces/include/my_interfaces/my_interfaces/msg
[2.222s] -- Up-to-date: /home/vboxuser/hw5_ws/install/my_interfaces/include/my_interfaces/my_interfaces/msg/rosidl_generator_c__visibility_control.h
[2.222s] -- Up-to-date: /home/vboxuser/hw5_ws/install/my_interfaces/include/my_interfaces/my_interfaces/action
[2.222s] -- Up-to-date: /home/vboxuser/hw5_ws/install/my_interfaces/include/my_interfaces/my_interfaces/action/detail
[2.222s] -- Up-to-date: /home/vboxuser/hw5_ws/install/my_interfaces/include/my_interfaces/my_interfaces/action/detail/count_until__functions.h
[2.223s] -- Up-to-date: /home/vboxuser/hw5_ws/install/my_interfaces/include/my_interfaces/my_interfaces/action/detail/count_until__type_support.h
[2.223s] -- Up-to-date: /home/vboxuser/hw5_ws/install/my_interfaces/include/my_interfaces/my_interfaces/action/detail/count_until__struct.h
[2.223s] -- Up-to-date: /home/vboxuser/hw5_ws/install/my_interfaces/include/my_interfaces/my_interfaces/action/detail/count_until__functions.c
[2.223s] -- Up-to-date: /home/vboxuser/hw5_ws/install/my_interfaces/include/my_interfaces/my_interfaces/action/count_until.h
[2.223s] -- Up-to-date: /home/vboxuser/hw5_ws/install/my_interfaces/share/my_interfaces/environment/library_path.sh
[2.223s] -- Up-to-date: /home/vboxuser/hw5_ws/install/my_interfaces/share/my_interfaces/environment/library_path.dsv
[2.223s] -- Up-to-date: /home/vboxuser/hw5_ws/install/my_interfaces/lib/libmy_interfaces__rosidl_generator_c.so
[2.223s] -- Up-to-date: /home/vboxuser/hw5_ws/install/my_interfaces/include/my_interfaces/my_interfaces
[2.224s] -- Up-to-date: /home/vboxuser/hw5_ws/install/my_interfaces/include/my_interfaces/my_interfaces/msg
[2.224s] -- Up-to-date: /home/vboxuser/hw5_ws/install/my_interfaces/include/my_interfaces/my_interfaces/msg/rosidl_typesupport_fastrtps_c__visibility_control.h
[2.224s] -- Up-to-date: /home/vboxuser/hw5_ws/install/my_interfaces/include/my_interfaces/my_interfaces/action
[2.224s] -- Up-to-date: /home/vboxuser/hw5_ws/install/my_interfaces/include/my_interfaces/my_interfaces/action/detail
[2.224s] -- Up-to-date: /home/vboxuser/hw5_ws/install/my_interfaces/include/my_interfaces/my_interfaces/action/detail/count_until__rosidl_typesupport_fastrtps_c.h
[2.224s] -- Up-to-date: /home/vboxuser/hw5_ws/install/my_interfaces/lib/libmy_interfaces__rosidl_typesupport_fastrtps_c.so
[2.224s] -- Up-to-date: /home/vboxuser/hw5_ws/install/my_interfaces/include/my_interfaces/my_interfaces
[2.225s] -- Up-to-date: /home/vboxuser/hw5_ws/install/my_interfaces/include/my_interfaces/my_interfaces/msg
[2.225s] -- Up-to-date: /home/vboxuser/hw5_ws/install/my_interfaces/include/my_interfaces/my_interfaces/msg/rosidl_typesupport_introspection_c__visibility_control.h
[2.225s] -- Up-to-date: /home/vboxuser/hw5_ws/install/my_interfaces/include/my_interfaces/my_interfaces/action
[2.225s] -- Up-to-date: /home/vboxuser/hw5_ws/install/my_interfaces/include/my_interfaces/my_interfaces/action/detail
[2.225s] -- Up-to-date: /home/vboxuser/hw5_ws/install/my_interfaces/include/my_interfaces/my_interfaces/action/detail/count_until__type_support.c
[2.225s] -- Up-to-date: /home/vboxuser/hw5_ws/install/my_interfaces/include/my_interfaces/my_interfaces/action/detail/count_until__rosidl_typesupport_introspection_c.h
[2.225s] -- Up-to-date: /home/vboxuser/hw5_ws/install/my_interfaces/lib/libmy_interfaces__rosidl_typesupport_introspection_c.so
[2.225s] -- Up-to-date: /home/vboxuser/hw5_ws/install/my_interfaces/lib/libmy_interfaces__rosidl_typesupport_c.so
[2.226s] -- Up-to-date: /home/vboxuser/hw5_ws/install/my_interfaces/include/my_interfaces/my_interfaces
[2.226s] -- Up-to-date: /home/vboxuser/hw5_ws/install/my_interfaces/include/my_interfaces/my_interfaces/action
[2.226s] -- Up-to-date: /home/vboxuser/hw5_ws/install/my_interfaces/include/my_interfaces/my_interfaces/action/detail
[2.226s] -- Up-to-date: /home/vboxuser/hw5_ws/install/my_interfaces/include/my_interfaces/my_interfaces/action/detail/count_until__struct.hpp
[2.226s] -- Up-to-date: /home/vboxuser/hw5_ws/install/my_interfaces/include/my_interfaces/my_interfaces/action/detail/count_until__traits.hpp
[2.226s] -- Up-to-date: /home/vboxuser/hw5_ws/install/my_interfaces/include/my_interfaces/my_interfaces/action/detail/count_until__builder.hpp
[2.226s] -- Up-to-date: /home/vboxuser/hw5_ws/install/my_interfaces/include/my_interfaces/my_interfaces/action/count_until.hpp
[2.226s] -- Up-to-date: /home/vboxuser/hw5_ws/install/my_interfaces/include/my_interfaces/my_interfaces
[2.226s] -- Up-to-date: /home/vboxuser/hw5_ws/install/my_interfaces/include/my_interfaces/my_interfaces/msg
[2.227s] -- Up-to-date: /home/vboxuser/hw5_ws/install/my_interfaces/include/my_interfaces/my_interfaces/msg/rosidl_typesupport_fastrtps_cpp__visibility_control.h
[2.227s] -- Up-to-date: /home/vboxuser/hw5_ws/install/my_interfaces/include/my_interfaces/my_interfaces/action
[2.227s] -- Up-to-date: /home/vboxuser/hw5_ws/install/my_interfaces/include/my_interfaces/my_interfaces/action/detail
[2.227s] -- Up-to-date: /home/vboxuser/hw5_ws/install/my_interfaces/include/my_interfaces/my_interfaces/action/detail/count_until__rosidl_typesupport_fastrtps_cpp.hpp
[2.227s] -- Up-to-date: /home/vboxuser/hw5_ws/install/my_interfaces/include/my_interfaces/my_interfaces/action/detail/dds_fastrtps
[2.227s] -- Up-to-date: /home/vboxuser/hw5_ws/install/my_interfaces/lib/libmy_interfaces__rosidl_typesupport_fastrtps_cpp.so
[2.227s] -- Up-to-date: /home/vboxuser/hw5_ws/install/my_interfaces/include/my_interfaces/my_interfaces
[2.227s] -- Up-to-date: /home/vboxuser/hw5_ws/install/my_interfaces/include/my_interfaces/my_interfaces/action
[2.227s] -- Up-to-date: /home/vboxuser/hw5_ws/install/my_interfaces/include/my_interfaces/my_interfaces/action/detail
[2.228s] -- Up-to-date: /home/vboxuser/hw5_ws/install/my_interfaces/include/my_interfaces/my_interfaces/action/detail/count_until__type_support.cpp
[2.228s] -- Up-to-date: /home/vboxuser/hw5_ws/install/my_interfaces/include/my_interfaces/my_interfaces/action/detail/count_until__rosidl_typesupport_introspection_cpp.hpp
[2.228s] -- Up-to-date: /home/vboxuser/hw5_ws/install/my_interfaces/lib/libmy_interfaces__rosidl_typesupport_introspection_cpp.so
[2.228s] -- Up-to-date: /home/vboxuser/hw5_ws/install/my_interfaces/lib/libmy_interfaces__rosidl_typesupport_cpp.so
[2.228s] -- Up-to-date: /home/vboxuser/hw5_ws/install/my_interfaces/share/my_interfaces/environment/pythonpath.sh
[2.228s] -- Up-to-date: /home/vboxuser/hw5_ws/install/my_interfaces/share/my_interfaces/environment/pythonpath.dsv
[2.228s] -- Up-to-date: /home/vboxuser/hw5_ws/install/my_interfaces/local/lib/python3.10/dist-packages/my_interfaces-0.0.0-py3.10.egg-info
[2.228s] -- Installing: /home/vboxuser/hw5_ws/install/my_interfaces/local/lib/python3.10/dist-packages/my_interfaces-0.0.0-py3.10.egg-info/top_level.txt
[2.228s] -- Installing: /home/vboxuser/hw5_ws/install/my_interfaces/local/lib/python3.10/dist-packages/my_interfaces-0.0.0-py3.10.egg-info/dependency_links.txt
[2.228s] -- Installing: /home/vboxuser/hw5_ws/install/my_interfaces/local/lib/python3.10/dist-packages/my_interfaces-0.0.0-py3.10.egg-info/SOURCES.txt
[2.228s] -- Installing: /home/vboxuser/hw5_ws/install/my_interfaces/local/lib/python3.10/dist-packages/my_interfaces-0.0.0-py3.10.egg-info/PKG-INFO
[2.229s] -- Up-to-date: /home/vboxuser/hw5_ws/install/my_interfaces/local/lib/python3.10/dist-packages/my_interfaces
[2.229s] -- Up-to-date: /home/vboxuser/hw5_ws/install/my_interfaces/local/lib/python3.10/dist-packages/my_interfaces/_my_interfaces_s.ep.rosidl_typesupport_fastrtps_c.c
[2.229s] -- Up-to-date: /home/vboxuser/hw5_ws/install/my_interfaces/local/lib/python3.10/dist-packages/my_interfaces/my_interfaces_s__rosidl_typesupport_fastrtps_c.cpython-310-x86_64-linux-gnu.so
[2.229s] -- Up-to-date: /home/vboxuser/hw5_ws/install/my_interfaces/local/lib/python3.10/dist-packages/my_interfaces/libmy_interfaces__rosidl_generator_py.so
[2.229s] -- Up-to-date: /home/vboxuser/hw5_ws/install/my_interfaces/local/lib/python3.10/dist-packages/my_interfaces/__init__.py
[2.229s] -- Up-to-date: /home/vboxuser/hw5_ws/install/my_interfaces/local/lib/python3.10/dist-packages/my_interfaces/my_interfaces_s__rosidl_typesupport_introspection_c.cpython-310-x86_64-linux-gnu.so
[2.229s] -- Up-to-date: /home/vboxuser/hw5_ws/install/my_interfaces/local/lib/python3.10/dist-packages/my_interfaces/action
[2.229s] -- Up-to-date: /home/vboxuser/hw5_ws/install/my_interfaces/local/lib/python3.10/dist-packages/my_interfaces/action/_count_until.py
[2.229s] -- Up-to-date: /home/vboxuser/hw5_ws/install/my_interfaces/local/lib/python3.10/dist-packages/my_interfaces/action/__init__.py
[2.229s] -- Up-to-date: /home/vboxuser/hw5_ws/install/my_interfaces/local/lib/python3.10/dist-packages/my_interfaces/action/_count_until_s.c
[2.229s] -- Up-to-date: /home/vboxuser/hw5_ws/install/my_interfaces/local/lib/python3.10/dist-packages/my_interfaces/_my_interfaces_s.ep.rosidl_typesupport_c.c
[2.230s] -- Up-to-date: /home/vboxuser/hw5_ws/install/my_interfaces/local/lib/python3.10/dist-packages/my_interfaces/_my_interfaces_s.ep.rosidl_typesupport_introspection_c.c
[2.230s] -- Up-to-date: /home/vboxuser/hw5_ws/install/my_interfaces/local/lib/python3.10/dist-packages/my_interfaces/my_interfaces_s__rosidl_typesupport_c.cpython-310-x86_64-linux-gnu.so
[2.283s] Listing '/home/vboxuser/hw5_ws/install/my_interfaces/local/lib/python3.10/dist-packages/my_interfaces'...
[2.284s] Listing '/home/vboxuser/hw5_ws/install/my_interfaces/local/lib/python3.10/dist-packages/my_interfaces/action'...
[2.290s] -- Up-to-date: /home/vboxuser/hw5_ws/install/my_interfaces/local/lib/python3.10/dist-packages/my_interfaces/my_interfaces_s__rosidl_typesupport_fastrtps_c.cpython-310-x86_64-linux-gnu.so
[2.290s] -- Up-to-date: /home/vboxuser/hw5_ws/install/my_interfaces/local/lib/python3.10/dist-packages/my_interfaces/my_interfaces_s__rosidl_typesupport_introspection_c.cpython-310-x86_64-linux-gnu.so
[2.290s] -- Up-to-date: /home/vboxuser/hw5_ws/install/my_interfaces/local/lib/python3.10/dist-packages/my_interfaces/my_interfaces_s__rosidl_typesupport_c.cpython-310-x86_64-linux-gnu.so
[2.290s] -- Up-to-date: /home/vboxuser/hw5_ws/install/my_interfaces/lib/libmy_interfaces__rosidl_generator_py.so
[2.290s] -- Up-to-date: /home/vboxuser/hw5_ws/install/my_interfaces/share/my_interfaces/action/CountUntil.idl
[2.291s] -- Up-to-date: /home/vboxuser/hw5_ws/install/my_interfaces/share/my_interfaces/action/CountUntil.action
[2.291s] -- Up-to-date: /home/vboxuser/hw5_ws/install/my_interfaces/share/ament_index/resource_index/package_run_dependencies/my_interfaces
[2.291s] -- Up-to-date: /home/vboxuser/hw5_ws/install/my_interfaces/share/ament_index/resource_index/parent_prefix_path/my_interfaces
[2.291s] -- Up-to-date: /home/vboxuser/hw5_ws/install/my_interfaces/share/my_interfaces/environment/ament_prefix_path.sh
[2.291s] -- Up-to-date: /home/vboxuser/hw5_ws/install/my_interfaces/share/my_interfaces/environment/ament_prefix_path.dsv
[2.291s] -- Up-to-date: /home/vboxuser/hw5_ws/install/my_interfaces/share/my_interfaces/environment/path.sh
[2.292s] -- Up-to-date: /home/vboxuser/hw5_ws/install/my_interfaces/share/my_interfaces/environment/path.dsv
[2.292s] -- Up-to-date: /home/vboxuser/hw5_ws/install/my_interfaces/share/my_interfaces/local_setup.bash
[2.292s] -- Up-to-date: /home/vboxuser/hw5_ws/install/my_interfaces/share/my_interfaces/local_setup.sh
[2.292s] -- Up-to-date: /home/vboxuser/hw5_ws/install/my_interfaces/share/my_interfaces/local_setup.zsh
[2.292s] -- Up-to-date: /home/vboxuser/hw5_ws/install/my_interfaces/share/my_interfaces/local_setup.dsv
[2.292s] -- Installing: /home/vboxuser/hw5_ws/install/my_interfaces/share/my_interfaces/package.dsv
[2.292s] -- Up-to-date: /home/vboxuser/hw5_ws/install/my_interfaces/share/ament_index/resource_index/packages/my_interfaces
[2.293s] -- Up-to-date: /home/vboxuser/hw5_ws/install/my_interfaces/share/my_interfaces/cmake/export_my_interfaces__rosidl_generator_cExport.cmake
[2.293s] -- Up-to-date: /home/vboxuser/hw5_ws/install/my_interfaces/share/my_interfaces/cmake/export_my_interfaces__rosidl_generator_cExport-noconfig.cmake
[2.293s] -- Up-to-date: /home/vboxuser/hw5_ws/install/my_interfaces/share/my_interfaces/cmake/export_my_interfaces__rosidl_typesupport_fastrtps_cExport.cmake
[2.293s] -- Up-to-date: /home/vboxuser/hw5_ws/install/my_interfaces/share/my_interfaces/cmake/export_my_interfaces__rosidl_typesupport_fastrtps_cExport-noconfig.cmake
[2.293s] -- Up-to-date: /home/vboxuser/hw5_ws/install/my_interfaces/share/my_interfaces/cmake/my_interfaces__rosidl_typesupport_introspection_cExport.cmake
[2.293s] -- Up-to-date: /home/vboxuser/hw5_ws/install/my_interfaces/share/my_interfaces/cmake/my_interfaces__rosidl_typesupport_introspection_cExport-noconfig.cmake
[2.293s] -- Up-to-date: /home/vboxuser/hw5_ws/install/my_interfaces/share/my_interfaces/cmake/my_interfaces__rosidl_typesupport_cExport.cmake
[2.293s] -- Up-to-date: /home/vboxuser/hw5_ws/install/my_interfaces/share/my_interfaces/cmake/my_interfaces__rosidl_typesupport_cExport-noconfig.cmake
[2.293s] -- Up-to-date: /home/vboxuser/hw5_ws/install/my_interfaces/share/my_interfaces/cmake/export_my_interfaces__rosidl_generator_cppExport.cmake
[2.294s] -- Up-to-date: /home/vboxuser/hw5_ws/install/my_interfaces/share/my_interfaces/cmake/export_my_interfaces__rosidl_typesupport_fastrtps_cppExport.cmake
[2.294s] -- Up-to-date: /home/vboxuser/hw5_ws/install/my_interfaces/share/my_interfaces/cmake/export_my_interfaces__rosidl_typesupport_fastrtps_cppExport-noconfig.cmake
[2.294s] -- Up-to-date: /home/vboxuser/hw5_ws/install/my_interfaces/share/my_interfaces/cmake/my_interfaces__rosidl_typesupport_introspection_cppExport.cmake
[2.294s] -- Up-to-date: /home/vboxuser/hw5_ws/install/my_interfaces/share/my_interfaces/cmake/my_interfaces__rosidl_typesupport_introspection_cppExport-noconfig.cmake
[2.294s] -- Up-to-date: /home/vboxuser/hw5_ws/install/my_interfaces/share/my_interfaces/cmake/my_interfaces__rosidl_typesupport_cppExport.cmake
[2.294s] -- Up-to-date: /home/vboxuser/hw5_ws/install/my_interfaces/share/my_interfaces/cmake/my_interfaces__rosidl_typesupport_cppExport-noconfig.cmake
[2.294s] -- Up-to-date: /home/vboxuser/hw5_ws/install/my_interfaces/share/my_interfaces/cmake/export_my_interfaces__rosidl_generator_pyExport.cmake
[2.294s] -- Up-to-date: /home/vboxuser/hw5_ws/install/my_interfaces/share/my_interfaces/cmake/export_my_interfaces__rosidl_generator_pyExport-noconfig.cmake
[2.294s] -- Up-to-date: /home/vboxuser/hw5_ws/install/my_interfaces/share/my_interfaces/cmake/rosidl_cmake-extras.cmake
[2.294s] -- Up-to-date: /home/vboxuser/hw5_ws/install/my_interfaces/share/my_interfaces/cmake/ament_cmake_export_dependencies-extras.cmake
[2.294s] -- Up-to-date: /home/vboxuser/hw5_ws/install/my_interfaces/share/my_interfaces/cmake/ament_cmake_export_include_directories-extras.cmake
[2.295s] -- Up-to-date: /home/vboxuser/hw5_ws/install/my_interfaces/share/my_interfaces/cmake/ament_cmake_export_libraries-extras.cmake
[2.295s] -- Up-to-date: /home/vboxuser/hw5_ws/install/my_interfaces/share/my_interfaces/cmake/ament_cmake_export_targets-extras.cmake
[2.295s] -- Up-to-date: /home/vboxuser/hw5_ws/install/my_interfaces/share/my_interfaces/cmake/rosidl_cmake_export_typesupport_targets-extras.cmake
[2.295s] -- Up-to-date: /home/vboxuser/hw5_ws/install/my_interfaces/share/my_interfaces/cmake/rosidl_cmake_export_typesupport_libraries-extras.cmake
[2.295s] -- Up-to-date: /home/vboxuser/hw5_ws/install/my_interfaces/share/my_interfaces/cmake/my_interfacesConfig.cmake
[2.295s] -- Up-to-date: /home/vboxuser/hw5_ws/install/my_interfaces/share/my_interfaces/cmake/my_interfacesConfig-version.cmake
[2.295s] -- Up-to-date: /home/vboxuser/hw5_ws/install/my_interfaces/share/my_interfaces/package.xml
[2.297s] Invoked command in '/home/vboxuser/hw5_ws/build/my_interfaces' returned '0': CMAKE_PREFIX_PATH=${CMAKE_PREFIX_PATH}:/home/vboxuser/hw5_ws/install/turtle_run:/home/vboxuser/hw5_ws/install/turtle_mover:/home/vboxuser/hw5_ws/install/turtle_joy:/home/vboxuser/hw5_ws/install/actions_py:/opt/ros/humble /usr/bin/cmake --install /home/vboxuser/hw5_ws/build/my_interfaces
