[1.558s] DEBUG:colcon:Command line arguments: ['/usr/bin/colcon', 'build']
[1.558s] DEBUG:colcon:Parsed command line arguments: Namespace(log_base=None, log_level=None, verb_name='build', build_base='build', install_base='install', merge_install=False, symlink_install=False, test_result_base=None, continue_on_error=False, executor='parallel', parallel_workers=6, event_handlers=None, ignore_user_meta=False, metas=['./colcon.meta'], base_paths=['.'], packages_ignore=None, packages_ignore_regex=None, paths=None, packages_up_to=None, packages_up_to_regex=None, packages_above=None, packages_above_and_dependencies=None, packages_above_depth=None, packages_select_by_dep=None, packages_skip_by_dep=None, packages_skip_up_to=None, packages_select_build_failed=False, packages_skip_build_finished=False, packages_select_test_failures=False, packages_skip_test_passed=False, packages_select=None, packages_skip=None, packages_select_regex=None, packages_skip_regex=None, packages_start=None, packages_end=None, allow_overriding=[], cmake_args=None, cmake_target=None, cmake_target_skip_unavailable=False, cmake_clean_cache=False, cmake_clean_first=False, cmake_force_configure=False, ament_cmake_args=None, catkin_cmake_args=None, catkin_skip_building_tests=False, verb_parser=<colcon_defaults.argument_parser.defaults.DefaultArgumentsDecorator object at 0x7f96f5dc2c50>, verb_extension=<colcon_core.verb.build.BuildVerb object at 0x7f96f5dc2bf0>, main=<bound method BuildVerb.main of <colcon_core.verb.build.BuildVerb object at 0x7f96f5dc2bf0>>)
[1.624s] Level 1:colcon.colcon_core.package_discovery:discover_packages(colcon_meta) check parameters
[1.625s] Level 1:colcon.colcon_core.package_discovery:discover_packages(recursive) check parameters
[1.625s] Level 1:colcon.colcon_core.package_discovery:discover_packages(ignore) check parameters
[1.625s] Level 1:colcon.colcon_core.package_discovery:discover_packages(path) check parameters
[1.625s] Level 1:colcon.colcon_core.package_discovery:discover_packages(colcon_meta) discover
[1.625s] Level 1:colcon.colcon_core.package_discovery:discover_packages(recursive) discover
[1.625s] INFO:colcon.colcon_core.package_discovery:Crawling recursively for packages in '/home/vboxuser/hw5_ws/src'
[1.625s] Level 1:colcon.colcon_core.package_identification:_identify(.) by extensions ['ignore', 'ignore_ament_install']
[1.625s] Level 1:colcon.colcon_core.package_identification:_identify(.) by extension 'ignore'
[1.626s] Level 1:colcon.colcon_core.package_identification:_identify(.) by extension 'ignore_ament_install'
[1.626s] Level 1:colcon.colcon_core.package_identification:_identify(.) by extensions ['colcon_pkg']
[1.626s] Level 1:colcon.colcon_core.package_identification:_identify(.) by extension 'colcon_pkg'
[1.626s] Level 1:colcon.colcon_core.package_identification:_identify(.) by extensions ['colcon_meta']
[1.626s] Level 1:colcon.colcon_core.package_identification:_identify(.) by extension 'colcon_meta'
[1.626s] Level 1:colcon.colcon_core.package_identification:_identify(.) by extensions ['ros']
[1.626s] Level 1:colcon.colcon_core.package_identification:_identify(.) by extension 'ros'
[1.641s] Level 1:colcon.colcon_core.package_identification:_identify(.) by extensions ['cmake', 'python']
[1.641s] Level 1:colcon.colcon_core.package_identification:_identify(.) by extension 'cmake'
[1.641s] Level 1:colcon.colcon_core.package_identification:_identify(.) by extension 'python'
[1.641s] Level 1:colcon.colcon_core.package_identification:_identify(.) by extensions ['python_setup_py']
[1.641s] Level 1:colcon.colcon_core.package_identification:_identify(.) by extension 'python_setup_py'
[1.642s] Level 1:colcon.colcon_core.package_identification:_identify(actions_py) by extensions ['ignore', 'ignore_ament_install']
[1.642s] Level 1:colcon.colcon_core.package_identification:_identify(actions_py) by extension 'ignore'
[1.642s] Level 1:colcon.colcon_core.package_identification:_identify(actions_py) by extension 'ignore_ament_install'
[1.642s] Level 1:colcon.colcon_core.package_identification:_identify(actions_py) by extensions ['colcon_pkg']
[1.642s] Level 1:colcon.colcon_core.package_identification:_identify(actions_py) by extension 'colcon_pkg'
[1.642s] Level 1:colcon.colcon_core.package_identification:_identify(actions_py) by extensions ['colcon_meta']
[1.642s] Level 1:colcon.colcon_core.package_identification:_identify(actions_py) by extension 'colcon_meta'
[1.642s] Level 1:colcon.colcon_core.package_identification:_identify(actions_py) by extensions ['ros']
[1.642s] Level 1:colcon.colcon_core.package_identification:_identify(actions_py) by extension 'ros'
[1.645s] DEBUG:colcon.colcon_core.package_identification:Package 'actions_py' with type 'ros.ament_python' and name 'actions_py'
[1.646s] Level 1:colcon.colcon_core.package_identification:_identify(build) by extensions ['ignore', 'ignore_ament_install']
[1.646s] Level 1:colcon.colcon_core.package_identification:_identify(build) by extension 'ignore'
[1.646s] Level 1:colcon.colcon_core.package_identification:_identify(build) ignored
[1.646s] Level 1:colcon.colcon_core.package_identification:_identify(install) by extensions ['ignore', 'ignore_ament_install']
[1.646s] Level 1:colcon.colcon_core.package_identification:_identify(install) by extension 'ignore'
[1.646s] Level 1:colcon.colcon_core.package_identification:_identify(install) ignored
[1.646s] Level 1:colcon.colcon_core.package_identification:_identify(log) by extensions ['ignore', 'ignore_ament_install']
[1.646s] Level 1:colcon.colcon_core.package_identification:_identify(log) by extension 'ignore'
[1.646s] Level 1:colcon.colcon_core.package_identification:_identify(log) ignored
[1.646s] Level 1:colcon.colcon_core.package_identification:_identify(my_interfaces) by extensions ['ignore', 'ignore_ament_install']
[1.646s] Level 1:colcon.colcon_core.package_identification:_identify(my_interfaces) by extension 'ignore'
[1.647s] Level 1:colcon.colcon_core.package_identification:_identify(my_interfaces) by extension 'ignore_ament_install'
[1.647s] Level 1:colcon.colcon_core.package_identification:_identify(my_interfaces) by extensions ['colcon_pkg']
[1.647s] Level 1:colcon.colcon_core.package_identification:_identify(my_interfaces) by extension 'colcon_pkg'
[1.647s] Level 1:colcon.colcon_core.package_identification:_identify(my_interfaces) by extensions ['colcon_meta']
[1.647s] Level 1:colcon.colcon_core.package_identification:_identify(my_interfaces) by extension 'colcon_meta'
[1.647s] Level 1:colcon.colcon_core.package_identification:_identify(my_interfaces) by extensions ['ros']
[1.647s] Level 1:colcon.colcon_core.package_identification:_identify(my_interfaces) by extension 'ros'
[1.648s] DEBUG:colcon.colcon_core.package_identification:Package 'my_interfaces' with type 'ros.ament_cmake' and name 'my_interfaces'
[1.648s] Level 1:colcon.colcon_core.package_identification:_identify(my_robot_intrfaces) by extensions ['ignore', 'ignore_ament_install']
[1.648s] Level 1:colcon.colcon_core.package_identification:_identify(my_robot_intrfaces) by extension 'ignore'
[1.648s] Level 1:colcon.colcon_core.package_identification:_identify(my_robot_intrfaces) ignored
[1.648s] Level 1:colcon.colcon_core.package_identification:_identify(turtle_joy) by extensions ['ignore', 'ignore_ament_install']
[1.648s] Level 1:colcon.colcon_core.package_identification:_identify(turtle_joy) by extension 'ignore'
[1.648s] Level 1:colcon.colcon_core.package_identification:_identify(turtle_joy) by extension 'ignore_ament_install'
[1.648s] Level 1:colcon.colcon_core.package_identification:_identify(turtle_joy) by extensions ['colcon_pkg']
[1.648s] Level 1:colcon.colcon_core.package_identification:_identify(turtle_joy) by extension 'colcon_pkg'
[1.648s] Level 1:colcon.colcon_core.package_identification:_identify(turtle_joy) by extensions ['colcon_meta']
[1.648s] Level 1:colcon.colcon_core.package_identification:_identify(turtle_joy) by extension 'colcon_meta'
[1.649s] Level 1:colcon.colcon_core.package_identification:_identify(turtle_joy) by extensions ['ros']
[1.649s] Level 1:colcon.colcon_core.package_identification:_identify(turtle_joy) by extension 'ros'
[1.650s] DEBUG:colcon.colcon_core.package_identification:Package 'turtle_joy' with type 'ros.ament_python' and name 'turtle_joy'
[1.650s] Level 1:colcon.colcon_core.package_identification:_identify(turtle_mover) by extensions ['ignore', 'ignore_ament_install']
[1.650s] Level 1:colcon.colcon_core.package_identification:_identify(turtle_mover) by extension 'ignore'
[1.650s] Level 1:colcon.colcon_core.package_identification:_identify(turtle_mover) by extension 'ignore_ament_install'
[1.650s] Level 1:colcon.colcon_core.package_identification:_identify(turtle_mover) by extensions ['colcon_pkg']
[1.650s] Level 1:colcon.colcon_core.package_identification:_identify(turtle_mover) by extension 'colcon_pkg'
[1.650s] Level 1:colcon.colcon_core.package_identification:_identify(turtle_mover) by extensions ['colcon_meta']
[1.650s] Level 1:colcon.colcon_core.package_identification:_identify(turtle_mover) by extension 'colcon_meta'
[1.650s] Level 1:colcon.colcon_core.package_identification:_identify(turtle_mover) by extensions ['ros']
[1.650s] Level 1:colcon.colcon_core.package_identification:_identify(turtle_mover) by extension 'ros'
[1.651s] DEBUG:colcon.colcon_core.package_identification:Package 'turtle_mover' with type 'ros.ament_python' and name 'turtle_mover'
[1.651s] Level 1:colcon.colcon_core.package_identification:_identify(turtle_run) by extensions ['ignore', 'ignore_ament_install']
[1.651s] Level 1:colcon.colcon_core.package_identification:_identify(turtle_run) by extension 'ignore'
[1.652s] Level 1:colcon.colcon_core.package_identification:_identify(turtle_run) by extension 'ignore_ament_install'
[1.652s] Level 1:colcon.colcon_core.package_identification:_identify(turtle_run) by extensions ['colcon_pkg']
[1.652s] Level 1:colcon.colcon_core.package_identification:_identify(turtle_run) by extension 'colcon_pkg'
[1.652s] Level 1:colcon.colcon_core.package_identification:_identify(turtle_run) by extensions ['colcon_meta']
[1.652s] Level 1:colcon.colcon_core.package_identification:_identify(turtle_run) by extension 'colcon_meta'
[1.652s] Level 1:colcon.colcon_core.package_identification:_identify(turtle_run) by extensions ['ros']
[1.652s] Level 1:colcon.colcon_core.package_identification:_identify(turtle_run) by extension 'ros'
[1.653s] DEBUG:colcon.colcon_core.package_identification:Package 'turtle_run' with type 'ros.ament_python' and name 'turtle_run'
[1.653s] Level 1:colcon.colcon_core.package_discovery:discover_packages(recursive) using defaults
[1.654s] Level 1:colcon.colcon_core.package_discovery:discover_packages(ignore) discover
[1.654s] Level 1:colcon.colcon_core.package_discovery:discover_packages(ignore) using defaults
[1.654s] Level 1:colcon.colcon_core.package_discovery:discover_packages(path) discover
[1.654s] Level 1:colcon.colcon_core.package_discovery:discover_packages(path) using defaults
[1.798s] Level 1:colcon.colcon_core.package_discovery:discover_packages(prefix_path) check parameters
[1.798s] Level 1:colcon.colcon_core.package_discovery:discover_packages(prefix_path) discover
[1.842s] DEBUG:colcon.colcon_installed_package_information.package_discovery:Found 5 installed packages in /home/vboxuser/hw5_ws/src/install
[1.865s] DEBUG:colcon.colcon_installed_package_information.package_discovery:Found 6 installed packages in /home/vboxuser/hw5_ws/install
[1.888s] DEBUG:colcon.colcon_installed_package_information.package_discovery:Found 284 installed packages in /opt/ros/humble
[1.901s] Level 1:colcon.colcon_core.package_discovery:discover_packages(prefix_path) using defaults
[2.050s] Level 5:colcon.colcon_core.verb:set package 'actions_py' build argument 'cmake_args' from command line to 'None'
[2.050s] Level 5:colcon.colcon_core.verb:set package 'actions_py' build argument 'cmake_target' from command line to 'None'
[2.050s] Level 5:colcon.colcon_core.verb:set package 'actions_py' build argument 'cmake_target_skip_unavailable' from command line to 'False'
[2.050s] Level 5:colcon.colcon_core.verb:set package 'actions_py' build argument 'cmake_clean_cache' from command line to 'False'
[2.050s] Level 5:colcon.colcon_core.verb:set package 'actions_py' build argument 'cmake_clean_first' from command line to 'False'
[2.050s] Level 5:colcon.colcon_core.verb:set package 'actions_py' build argument 'cmake_force_configure' from command line to 'False'
[2.050s] Level 5:colcon.colcon_core.verb:set package 'actions_py' build argument 'ament_cmake_args' from command line to 'None'
[2.051s] Level 5:colcon.colcon_core.verb:set package 'actions_py' build argument 'catkin_cmake_args' from command line to 'None'
[2.051s] Level 5:colcon.colcon_core.verb:set package 'actions_py' build argument 'catkin_skip_building_tests' from command line to 'False'
[2.051s] DEBUG:colcon.colcon_core.verb:Building package 'actions_py' with the following arguments: {'ament_cmake_args': None, 'build_base': '/home/vboxuser/hw5_ws/src/build/actions_py', 'catkin_cmake_args': None, 'catkin_skip_building_tests': False, 'cmake_args': None, 'cmake_clean_cache': False, 'cmake_clean_first': False, 'cmake_force_configure': False, 'cmake_target': None, 'cmake_target_skip_unavailable': False, 'install_base': '/home/vboxuser/hw5_ws/src/install/actions_py', 'merge_install': False, 'path': '/home/vboxuser/hw5_ws/src/actions_py', 'symlink_install': False, 'test_result_base': None}
[2.072s] Level 5:colcon.colcon_core.verb:set package 'my_interfaces' build argument 'cmake_args' from command line to 'None'
[2.072s] Level 5:colcon.colcon_core.verb:set package 'my_interfaces' build argument 'cmake_target' from command line to 'None'
[2.072s] Level 5:colcon.colcon_core.verb:set package 'my_interfaces' build argument 'cmake_target_skip_unavailable' from command line to 'False'
[2.073s] Level 5:colcon.colcon_core.verb:set package 'my_interfaces' build argument 'cmake_clean_cache' from command line to 'False'
[2.073s] Level 5:colcon.colcon_core.verb:set package 'my_interfaces' build argument 'cmake_clean_first' from command line to 'False'
[2.073s] Level 5:colcon.colcon_core.verb:set package 'my_interfaces' build argument 'cmake_force_configure' from command line to 'False'
[2.073s] Level 5:colcon.colcon_core.verb:set package 'my_interfaces' build argument 'ament_cmake_args' from command line to 'None'
[2.073s] Level 5:colcon.colcon_core.verb:set package 'my_interfaces' build argument 'catkin_cmake_args' from command line to 'None'
[2.073s] Level 5:colcon.colcon_core.verb:set package 'my_interfaces' build argument 'catkin_skip_building_tests' from command line to 'False'
[2.073s] DEBUG:colcon.colcon_core.verb:Building package 'my_interfaces' with the following arguments: {'ament_cmake_args': None, 'build_base': '/home/vboxuser/hw5_ws/src/build/my_interfaces', 'catkin_cmake_args': None, 'catkin_skip_building_tests': False, 'cmake_args': None, 'cmake_clean_cache': False, 'cmake_clean_first': False, 'cmake_force_configure': False, 'cmake_target': None, 'cmake_target_skip_unavailable': False, 'install_base': '/home/vboxuser/hw5_ws/src/install/my_interfaces', 'merge_install': False, 'path': '/home/vboxuser/hw5_ws/src/my_interfaces', 'symlink_install': False, 'test_result_base': None}
[2.094s] Level 5:colcon.colcon_core.verb:set package 'turtle_joy' build argument 'cmake_args' from command line to 'None'
[2.094s] Level 5:colcon.colcon_core.verb:set package 'turtle_joy' build argument 'cmake_target' from command line to 'None'
[2.094s] Level 5:colcon.colcon_core.verb:set package 'turtle_joy' build argument 'cmake_target_skip_unavailable' from command line to 'False'
[2.094s] Level 5:colcon.colcon_core.verb:set package 'turtle_joy' build argument 'cmake_clean_cache' from command line to 'False'
[2.094s] Level 5:colcon.colcon_core.verb:set package 'turtle_joy' build argument 'cmake_clean_first' from command line to 'False'
[2.094s] Level 5:colcon.colcon_core.verb:set package 'turtle_joy' build argument 'cmake_force_configure' from command line to 'False'
[2.094s] Level 5:colcon.colcon_core.verb:set package 'turtle_joy' build argument 'ament_cmake_args' from command line to 'None'
[2.095s] Level 5:colcon.colcon_core.verb:set package 'turtle_joy' build argument 'catkin_cmake_args' from command line to 'None'
[2.095s] Level 5:colcon.colcon_core.verb:set package 'turtle_joy' build argument 'catkin_skip_building_tests' from command line to 'False'
[2.095s] DEBUG:colcon.colcon_core.verb:Building package 'turtle_joy' with the following arguments: {'ament_cmake_args': None, 'build_base': '/home/vboxuser/hw5_ws/src/build/turtle_joy', 'catkin_cmake_args': None, 'catkin_skip_building_tests': False, 'cmake_args': None, 'cmake_clean_cache': False, 'cmake_clean_first': False, 'cmake_force_configure': False, 'cmake_target': None, 'cmake_target_skip_unavailable': False, 'install_base': '/home/vboxuser/hw5_ws/src/install/turtle_joy', 'merge_install': False, 'path': '/home/vboxuser/hw5_ws/src/turtle_joy', 'symlink_install': False, 'test_result_base': None}
[2.116s] Level 5:colcon.colcon_core.verb:set package 'turtle_mover' build argument 'cmake_args' from command line to 'None'
[2.116s] Level 5:colcon.colcon_core.verb:set package 'turtle_mover' build argument 'cmake_target' from command line to 'None'
[2.116s] Level 5:colcon.colcon_core.verb:set package 'turtle_mover' build argument 'cmake_target_skip_unavailable' from command line to 'False'
[2.116s] Level 5:colcon.colcon_core.verb:set package 'turtle_mover' build argument 'cmake_clean_cache' from command line to 'False'
[2.117s] Level 5:colcon.colcon_core.verb:set package 'turtle_mover' build argument 'cmake_clean_first' from command line to 'False'
[2.117s] Level 5:colcon.colcon_core.verb:set package 'turtle_mover' build argument 'cmake_force_configure' from command line to 'False'
[2.117s] Level 5:colcon.colcon_core.verb:set package 'turtle_mover' build argument 'ament_cmake_args' from command line to 'None'
[2.117s] Level 5:colcon.colcon_core.verb:set package 'turtle_mover' build argument 'catkin_cmake_args' from command line to 'None'
[2.117s] Level 5:colcon.colcon_core.verb:set package 'turtle_mover' build argument 'catkin_skip_building_tests' from command line to 'False'
[2.117s] DEBUG:colcon.colcon_core.verb:Building package 'turtle_mover' with the following arguments: {'ament_cmake_args': None, 'build_base': '/home/vboxuser/hw5_ws/src/build/turtle_mover', 'catkin_cmake_args': None, 'catkin_skip_building_tests': False, 'cmake_args': None, 'cmake_clean_cache': False, 'cmake_clean_first': False, 'cmake_force_configure': False, 'cmake_target': None, 'cmake_target_skip_unavailable': False, 'install_base': '/home/vboxuser/hw5_ws/src/install/turtle_mover', 'merge_install': False, 'path': '/home/vboxuser/hw5_ws/src/turtle_mover', 'symlink_install': False, 'test_result_base': None}
[2.139s] Level 5:colcon.colcon_core.verb:set package 'turtle_run' build argument 'cmake_args' from command line to 'None'
[2.140s] Level 5:colcon.colcon_core.verb:set package 'turtle_run' build argument 'cmake_target' from command line to 'None'
[2.140s] Level 5:colcon.colcon_core.verb:set package 'turtle_run' build argument 'cmake_target_skip_unavailable' from command line to 'False'
[2.140s] Level 5:colcon.colcon_core.verb:set package 'turtle_run' build argument 'cmake_clean_cache' from command line to 'False'
[2.140s] Level 5:colcon.colcon_core.verb:set package 'turtle_run' build argument 'cmake_clean_first' from command line to 'False'
[2.140s] Level 5:colcon.colcon_core.verb:set package 'turtle_run' build argument 'cmake_force_configure' from command line to 'False'
[2.140s] Level 5:colcon.colcon_core.verb:set package 'turtle_run' build argument 'ament_cmake_args' from command line to 'None'
[2.140s] Level 5:colcon.colcon_core.verb:set package 'turtle_run' build argument 'catkin_cmake_args' from command line to 'None'
[2.140s] Level 5:colcon.colcon_core.verb:set package 'turtle_run' build argument 'catkin_skip_building_tests' from command line to 'False'
[2.140s] DEBUG:colcon.colcon_core.verb:Building package 'turtle_run' with the following arguments: {'ament_cmake_args': None, 'build_base': '/home/vboxuser/hw5_ws/src/build/turtle_run', 'catkin_cmake_args': None, 'catkin_skip_building_tests': False, 'cmake_args': None, 'cmake_clean_cache': False, 'cmake_clean_first': False, 'cmake_force_configure': False, 'cmake_target': None, 'cmake_target_skip_unavailable': False, 'install_base': '/home/vboxuser/hw5_ws/src/install/turtle_run', 'merge_install': False, 'path': '/home/vboxuser/hw5_ws/src/turtle_run', 'symlink_install': False, 'test_result_base': None}
[2.165s] INFO:colcon.colcon_core.executor:Executing jobs using 'parallel' executor
[2.188s] DEBUG:colcon.colcon_parallel_executor.executor.parallel:run_until_complete
[2.188s] INFO:colcon.colcon_ros.task.ament_cmake.build:Building ROS package in '/home/vboxuser/hw5_ws/src/my_interfaces' with build type 'ament_cmake'
[2.189s] INFO:colcon.colcon_cmake.task.cmake.build:Building CMake package in '/home/vboxuser/hw5_ws/src/my_interfaces'
[2.215s] INFO:colcon.colcon_core.plugin_system:Skipping extension 'colcon_core.shell.bat': Not used on non-Windows systems
[2.215s] INFO:colcon.colcon_core.shell:Skip shell extension 'powershell' for command environment: Not usable outside of PowerShell
[2.215s] DEBUG:colcon.colcon_core.shell:Skip shell extension 'dsv' for command environment
[2.346s] INFO:colcon.colcon_ros.task.ament_python.build:Building ROS package in '/home/vboxuser/hw5_ws/src/actions_py' with build type 'ament_python'
[2.347s] Level 1:colcon.colcon_core.shell:create_environment_hook('actions_py', 'ament_prefix_path')
[2.372s] INFO:colcon.colcon_core.shell:Creating environment hook '/home/vboxuser/hw5_ws/src/install/actions_py/share/actions_py/hook/ament_prefix_path.ps1'
[2.373s] INFO:colcon.colcon_core.shell:Creating environment descriptor '/home/vboxuser/hw5_ws/src/install/actions_py/share/actions_py/hook/ament_prefix_path.dsv'
[2.374s] INFO:colcon.colcon_core.shell:Creating environment hook '/home/vboxuser/hw5_ws/src/install/actions_py/share/actions_py/hook/ament_prefix_path.sh'
[2.398s] INFO:colcon.colcon_core.shell:Skip shell extension 'powershell' for command environment: Not usable outside of PowerShell
[2.398s] DEBUG:colcon.colcon_core.shell:Skip shell extension 'dsv' for command environment
[2.521s] INFO:colcon.colcon_ros.task.ament_python.build:Building ROS package in '/home/vboxuser/hw5_ws/src/turtle_joy' with build type 'ament_python'
[2.521s] Level 1:colcon.colcon_core.shell:create_environment_hook('turtle_joy', 'ament_prefix_path')
[2.544s] INFO:colcon.colcon_core.shell:Creating environment hook '/home/vboxuser/hw5_ws/src/install/turtle_joy/share/turtle_joy/hook/ament_prefix_path.ps1'
[2.545s] INFO:colcon.colcon_core.shell:Creating environment descriptor '/home/vboxuser/hw5_ws/src/install/turtle_joy/share/turtle_joy/hook/ament_prefix_path.dsv'
[2.546s] INFO:colcon.colcon_core.shell:Creating environment hook '/home/vboxuser/hw5_ws/src/install/turtle_joy/share/turtle_joy/hook/ament_prefix_path.sh'
[2.570s] INFO:colcon.colcon_core.shell:Skip shell extension 'powershell' for command environment: Not usable outside of PowerShell
[2.570s] DEBUG:colcon.colcon_core.shell:Skip shell extension 'dsv' for command environment
[2.668s] INFO:colcon.colcon_ros.task.ament_python.build:Building ROS package in '/home/vboxuser/hw5_ws/src/turtle_mover' with build type 'ament_python'
[2.670s] Level 1:colcon.colcon_core.shell:create_environment_hook('turtle_mover', 'ament_prefix_path')
[2.693s] INFO:colcon.colcon_core.shell:Creating environment hook '/home/vboxuser/hw5_ws/src/install/turtle_mover/share/turtle_mover/hook/ament_prefix_path.ps1'
[2.694s] INFO:colcon.colcon_core.shell:Creating environment descriptor '/home/vboxuser/hw5_ws/src/install/turtle_mover/share/turtle_mover/hook/ament_prefix_path.dsv'
[2.694s] INFO:colcon.colcon_core.shell:Creating environment hook '/home/vboxuser/hw5_ws/src/install/turtle_mover/share/turtle_mover/hook/ament_prefix_path.sh'
[2.716s] INFO:colcon.colcon_core.shell:Skip shell extension 'powershell' for command environment: Not usable outside of PowerShell
[2.716s] DEBUG:colcon.colcon_core.shell:Skip shell extension 'dsv' for command environment
[2.819s] DEBUG:colcon.colcon_core.event_handler.log_command:Invoking command in '/home/vboxuser/hw5_ws/src/build/my_interfaces': CMAKE_PREFIX_PATH=${CMAKE_PREFIX_PATH}:/home/vboxuser/hw5_ws/src/install/turtle_run:/home/vboxuser/hw5_ws/src/install/turtle_mover:/home/vboxuser/hw5_ws/src/install/turtle_joy:/home/vboxuser/hw5_ws/src/install/actions_py:/home/vboxuser/hw5_ws/install/turtle_run:/home/vboxuser/hw5_ws/install/turtle_mover:/home/vboxuser/hw5_ws/install/turtle_joy:/home/vboxuser/hw5_ws/install/actions_py:/opt/ros/humble /usr/bin/cmake --build /home/vboxuser/hw5_ws/src/build/my_interfaces -- -j6 -l6
[3.329s] INFO:colcon.colcon_core.task.python.build:Building Python package in '/home/vboxuser/hw5_ws/src/actions_py'
[3.352s] INFO:colcon.colcon_core.shell:Skip shell extension 'powershell' for command environment: Not usable outside of PowerShell
[3.352s] DEBUG:colcon.colcon_core.shell:Skip shell extension 'dsv' for command environment
[3.930s] INFO:colcon.colcon_core.task.python.build:Building Python package in '/home/vboxuser/hw5_ws/src/turtle_joy'
[3.956s] INFO:colcon.colcon_core.shell:Skip shell extension 'powershell' for command environment: Not usable outside of PowerShell
[3.956s] DEBUG:colcon.colcon_core.shell:Skip shell extension 'dsv' for command environment
[4.500s] INFO:colcon.colcon_core.task.python.build:Building Python package in '/home/vboxuser/hw5_ws/src/turtle_mover'
[4.523s] INFO:colcon.colcon_core.shell:Skip shell extension 'powershell' for command environment: Not usable outside of PowerShell
[4.524s] DEBUG:colcon.colcon_core.shell:Skip shell extension 'dsv' for command environment
[4.616s] DEBUG:colcon.colcon_core.event_handler.log_command:Invoked command in '/home/vboxuser/hw5_ws/src/build/my_interfaces' returned '0': CMAKE_PREFIX_PATH=${CMAKE_PREFIX_PATH}:/home/vboxuser/hw5_ws/src/install/turtle_run:/home/vboxuser/hw5_ws/src/install/turtle_mover:/home/vboxuser/hw5_ws/src/install/turtle_joy:/home/vboxuser/hw5_ws/src/install/actions_py:/home/vboxuser/hw5_ws/install/turtle_run:/home/vboxuser/hw5_ws/install/turtle_mover:/home/vboxuser/hw5_ws/install/turtle_joy:/home/vboxuser/hw5_ws/install/actions_py:/opt/ros/humble /usr/bin/cmake --build /home/vboxuser/hw5_ws/src/build/my_interfaces -- -j6 -l6
[4.868s] DEBUG:colcon.colcon_core.event_handler.log_command:Invoking command in '/home/vboxuser/hw5_ws/src/build/my_interfaces': CMAKE_PREFIX_PATH=${CMAKE_PREFIX_PATH}:/home/vboxuser/hw5_ws/src/install/turtle_run:/home/vboxuser/hw5_ws/src/install/turtle_mover:/home/vboxuser/hw5_ws/src/install/turtle_joy:/home/vboxuser/hw5_ws/src/install/actions_py:/home/vboxuser/hw5_ws/install/turtle_run:/home/vboxuser/hw5_ws/install/turtle_mover:/home/vboxuser/hw5_ws/install/turtle_joy:/home/vboxuser/hw5_ws/install/actions_py:/opt/ros/humble /usr/bin/cmake --install /home/vboxuser/hw5_ws/src/build/my_interfaces
[4.981s] Level 1:colcon.colcon_core.environment:create_environment_scripts_only(my_interfaces)
[5.011s] DEBUG:colcon.colcon_core.event_handler.log_command:Invoked command in '/home/vboxuser/hw5_ws/src/build/my_interfaces' returned '0': CMAKE_PREFIX_PATH=${CMAKE_PREFIX_PATH}:/home/vboxuser/hw5_ws/src/install/turtle_run:/home/vboxuser/hw5_ws/src/install/turtle_mover:/home/vboxuser/hw5_ws/src/install/turtle_joy:/home/vboxuser/hw5_ws/src/install/actions_py:/home/vboxuser/hw5_ws/install/turtle_run:/home/vboxuser/hw5_ws/install/turtle_mover:/home/vboxuser/hw5_ws/install/turtle_joy:/home/vboxuser/hw5_ws/install/actions_py:/opt/ros/humble /usr/bin/cmake --install /home/vboxuser/hw5_ws/src/build/my_interfaces
[5.052s] Level 1:colcon.colcon_core.environment:checking '/home/vboxuser/hw5_ws/src/install/my_interfaces' for CMake module files
[5.053s] Level 1:colcon.colcon_core.environment:checking '/home/vboxuser/hw5_ws/src/install/my_interfaces' for CMake config files
[5.053s] Level 1:colcon.colcon_core.shell:create_environment_hook('my_interfaces', 'cmake_prefix_path')
[5.079s] INFO:colcon.colcon_core.shell:Creating environment hook '/home/vboxuser/hw5_ws/src/install/my_interfaces/share/my_interfaces/hook/cmake_prefix_path.ps1'
[5.100s] INFO:colcon.colcon_core.shell:Creating environment descriptor '/home/vboxuser/hw5_ws/src/install/my_interfaces/share/my_interfaces/hook/cmake_prefix_path.dsv'
[5.109s] INFO:colcon.colcon_core.shell:Creating environment hook '/home/vboxuser/hw5_ws/src/install/my_interfaces/share/my_interfaces/hook/cmake_prefix_path.sh'
[5.133s] Level 1:colcon.colcon_core.environment:checking '/home/vboxuser/hw5_ws/src/install/my_interfaces/lib'
[5.133s] Level 1:colcon.colcon_core.shell:create_environment_hook('my_interfaces', 'ld_library_path_lib')
[5.156s] INFO:colcon.colcon_core.shell:Creating environment hook '/home/vboxuser/hw5_ws/src/install/my_interfaces/share/my_interfaces/hook/ld_library_path_lib.ps1'
[5.181s] INFO:colcon.colcon_core.shell:Creating environment descriptor '/home/vboxuser/hw5_ws/src/install/my_interfaces/share/my_interfaces/hook/ld_library_path_lib.dsv'
[5.186s] INFO:colcon.colcon_core.shell:Creating environment hook '/home/vboxuser/hw5_ws/src/install/my_interfaces/share/my_interfaces/hook/ld_library_path_lib.sh'
[5.187s] Level 1:colcon.colcon_core.environment:checking '/home/vboxuser/hw5_ws/src/install/my_interfaces/bin'
[5.187s] Level 1:colcon.colcon_core.environment:checking '/home/vboxuser/hw5_ws/src/install/my_interfaces/lib/pkgconfig/my_interfaces.pc'
[5.188s] Level 1:colcon.colcon_core.environment:checking '/home/vboxuser/hw5_ws/src/install/my_interfaces/lib/python3.10/site-packages'
[5.188s] Level 1:colcon.colcon_core.environment:checking '/home/vboxuser/hw5_ws/src/install/my_interfaces/bin'
[5.239s] INFO:colcon.colcon_core.shell:Creating package script '/home/vboxuser/hw5_ws/src/install/my_interfaces/share/my_interfaces/package.ps1'
[5.250s] INFO:colcon.colcon_core.shell:Creating package descriptor '/home/vboxuser/hw5_ws/src/install/my_interfaces/share/my_interfaces/package.dsv'
[5.252s] INFO:colcon.colcon_core.shell:Creating package script '/home/vboxuser/hw5_ws/src/install/my_interfaces/share/my_interfaces/package.sh'
[5.253s] INFO:colcon.colcon_core.shell:Creating package script '/home/vboxuser/hw5_ws/src/install/my_interfaces/share/my_interfaces/package.bash'
[5.254s] INFO:colcon.colcon_core.shell:Creating package script '/home/vboxuser/hw5_ws/src/install/my_interfaces/share/my_interfaces/package.zsh'
[5.255s] Level 1:colcon.colcon_core.environment:create_file_with_runtime_dependencies(/home/vboxuser/hw5_ws/src/install/my_interfaces/share/colcon-core/packages/my_interfaces)
[5.271s] DEBUG:colcon.colcon_core.event_handler.log_command:Invoking command in '/home/vboxuser/hw5_ws/src/actions_py': PYTHONPATH=/home/vboxuser/hw5_ws/src/build/actions_py/prefix_override:/home/vboxuser/hw5_ws/src/install/actions_py/lib/python3.10/site-packages:${PYTHONPATH} /usr/bin/python3 setup.py egg_info --egg-base ../build/actions_py build --build-base /home/vboxuser/hw5_ws/src/build/actions_py/build install --record /home/vboxuser/hw5_ws/src/build/actions_py/install.log --single-version-externally-managed
[5.426s] DEBUG:colcon.colcon_core.event_handler.log_command:Invoking command in '/home/vboxuser/hw5_ws/src/turtle_joy': PYTHONPATH=/home/vboxuser/hw5_ws/src/build/turtle_joy/prefix_override:/home/vboxuser/hw5_ws/src/install/turtle_joy/lib/python3.10/site-packages:${PYTHONPATH} /usr/bin/python3 setup.py egg_info --egg-base ../build/turtle_joy build --build-base /home/vboxuser/hw5_ws/src/build/turtle_joy/build install --record /home/vboxuser/hw5_ws/src/build/turtle_joy/install.log --single-version-externally-managed
[5.442s] DEBUG:colcon.colcon_core.event_handler.log_command:Invoking command in '/home/vboxuser/hw5_ws/src/turtle_mover': PYTHONPATH=/home/vboxuser/hw5_ws/src/build/turtle_mover/prefix_override:/home/vboxuser/hw5_ws/src/install/turtle_mover/lib/python3.10/site-packages:${PYTHONPATH} /usr/bin/python3 setup.py egg_info --egg-base ../build/turtle_mover build --build-base /home/vboxuser/hw5_ws/src/build/turtle_mover/build install --record /home/vboxuser/hw5_ws/src/build/turtle_mover/install.log --single-version-externally-managed
[5.587s] Level 1:colcon.colcon_core.environment:create_environment_scripts_only(my_interfaces)
[5.633s] Level 1:colcon.colcon_core.environment:checking '/home/vboxuser/hw5_ws/src/install/my_interfaces' for CMake module files
[5.634s] Level 1:colcon.colcon_core.environment:checking '/home/vboxuser/hw5_ws/src/install/my_interfaces' for CMake config files
[5.634s] Level 1:colcon.colcon_core.shell:create_environment_hook('my_interfaces', 'cmake_prefix_path')
[5.671s] INFO:colcon.colcon_core.shell:Creating environment hook '/home/vboxuser/hw5_ws/src/install/my_interfaces/share/my_interfaces/hook/cmake_prefix_path.ps1'
[5.672s] INFO:colcon.colcon_core.shell:Creating environment descriptor '/home/vboxuser/hw5_ws/src/install/my_interfaces/share/my_interfaces/hook/cmake_prefix_path.dsv'
[5.673s] INFO:colcon.colcon_core.shell:Creating environment hook '/home/vboxuser/hw5_ws/src/install/my_interfaces/share/my_interfaces/hook/cmake_prefix_path.sh'
[5.673s] Level 1:colcon.colcon_core.environment:checking '/home/vboxuser/hw5_ws/src/install/my_interfaces/lib'
[5.673s] Level 1:colcon.colcon_core.shell:create_environment_hook('my_interfaces', 'ld_library_path_lib')
[5.731s] INFO:colcon.colcon_core.shell:Creating environment hook '/home/vboxuser/hw5_ws/src/install/my_interfaces/share/my_interfaces/hook/ld_library_path_lib.ps1'
[5.732s] INFO:colcon.colcon_core.shell:Creating environment descriptor '/home/vboxuser/hw5_ws/src/install/my_interfaces/share/my_interfaces/hook/ld_library_path_lib.dsv'
[5.739s] INFO:colcon.colcon_core.shell:Creating environment hook '/home/vboxuser/hw5_ws/src/install/my_interfaces/share/my_interfaces/hook/ld_library_path_lib.sh'
[5.739s] Level 1:colcon.colcon_core.environment:checking '/home/vboxuser/hw5_ws/src/install/my_interfaces/bin'
[5.740s] Level 1:colcon.colcon_core.environment:checking '/home/vboxuser/hw5_ws/src/install/my_interfaces/lib/pkgconfig/my_interfaces.pc'
[5.740s] Level 1:colcon.colcon_core.environment:checking '/home/vboxuser/hw5_ws/src/install/my_interfaces/lib/python3.10/site-packages'
[5.740s] Level 1:colcon.colcon_core.environment:checking '/home/vboxuser/hw5_ws/src/install/my_interfaces/bin'
[5.769s] INFO:colcon.colcon_core.shell:Creating package script '/home/vboxuser/hw5_ws/src/install/my_interfaces/share/my_interfaces/package.ps1'
[5.774s] INFO:colcon.colcon_core.shell:Creating package descriptor '/home/vboxuser/hw5_ws/src/install/my_interfaces/share/my_interfaces/package.dsv'
[5.775s] INFO:colcon.colcon_core.shell:Creating package script '/home/vboxuser/hw5_ws/src/install/my_interfaces/share/my_interfaces/package.sh'
[5.776s] INFO:colcon.colcon_core.shell:Creating package script '/home/vboxuser/hw5_ws/src/install/my_interfaces/share/my_interfaces/package.bash'
[5.776s] INFO:colcon.colcon_core.shell:Creating package script '/home/vboxuser/hw5_ws/src/install/my_interfaces/share/my_interfaces/package.zsh'
[5.776s] Level 1:colcon.colcon_core.environment:create_file_with_runtime_dependencies(/home/vboxuser/hw5_ws/src/install/my_interfaces/share/colcon-core/packages/my_interfaces)
[5.777s] INFO:colcon.colcon_ros.task.ament_python.build:Building ROS package in '/home/vboxuser/hw5_ws/src/turtle_run' with build type 'ament_python'
[5.777s] Level 1:colcon.colcon_core.shell:create_environment_hook('turtle_run', 'ament_prefix_path')
[5.822s] INFO:colcon.colcon_core.shell:Creating environment hook '/home/vboxuser/hw5_ws/src/install/turtle_run/share/turtle_run/hook/ament_prefix_path.ps1'
[5.834s] INFO:colcon.colcon_core.shell:Creating environment descriptor '/home/vboxuser/hw5_ws/src/install/turtle_run/share/turtle_run/hook/ament_prefix_path.dsv'
[5.837s] INFO:colcon.colcon_core.shell:Creating environment hook '/home/vboxuser/hw5_ws/src/install/turtle_run/share/turtle_run/hook/ament_prefix_path.sh'
[5.866s] INFO:colcon.colcon_core.shell:Skip shell extension 'powershell' for command environment: Not usable outside of PowerShell
[5.866s] DEBUG:colcon.colcon_core.shell:Skip shell extension 'dsv' for command environment
[6.244s] DEBUG:colcon.colcon_core.event_handler.log_command:Invoked command in '/home/vboxuser/hw5_ws/src/turtle_joy' returned '0': PYTHONPATH=/home/vboxuser/hw5_ws/src/build/turtle_joy/prefix_override:/home/vboxuser/hw5_ws/src/install/turtle_joy/lib/python3.10/site-packages:${PYTHONPATH} /usr/bin/python3 setup.py egg_info --egg-base ../build/turtle_joy build --build-base /home/vboxuser/hw5_ws/src/build/turtle_joy/build install --record /home/vboxuser/hw5_ws/src/build/turtle_joy/install.log --single-version-externally-managed
[6.272s] Level 1:colcon.colcon_core.environment:checking '/home/vboxuser/hw5_ws/src/install/turtle_joy' for CMake module files
[6.272s] Level 1:colcon.colcon_core.environment:checking '/home/vboxuser/hw5_ws/src/install/turtle_joy' for CMake config files
[6.273s] Level 1:colcon.colcon_core.environment:checking '/home/vboxuser/hw5_ws/src/install/turtle_joy/lib'
[6.274s] Level 1:colcon.colcon_core.environment:checking '/home/vboxuser/hw5_ws/src/install/turtle_joy/bin'
[6.274s] Level 1:colcon.colcon_core.environment:checking '/home/vboxuser/hw5_ws/src/install/turtle_joy/lib/pkgconfig/turtle_joy.pc'
[6.274s] Level 1:colcon.colcon_core.environment:checking '/home/vboxuser/hw5_ws/src/install/turtle_joy/lib/python3.10/site-packages'
[6.274s] Level 1:colcon.colcon_core.shell:create_environment_hook('turtle_joy', 'pythonpath')
[6.298s] INFO:colcon.colcon_core.shell:Creating environment hook '/home/vboxuser/hw5_ws/src/install/turtle_joy/share/turtle_joy/hook/pythonpath.ps1'
[6.299s] INFO:colcon.colcon_core.shell:Creating environment descriptor '/home/vboxuser/hw5_ws/src/install/turtle_joy/share/turtle_joy/hook/pythonpath.dsv'
[6.299s] INFO:colcon.colcon_core.shell:Creating environment hook '/home/vboxuser/hw5_ws/src/install/turtle_joy/share/turtle_joy/hook/pythonpath.sh'
[6.300s] Level 1:colcon.colcon_core.environment:checking '/home/vboxuser/hw5_ws/src/install/turtle_joy/bin'
[6.300s] Level 1:colcon.colcon_core.environment:create_environment_scripts_only(turtle_joy)
[6.323s] INFO:colcon.colcon_core.shell:Creating package script '/home/vboxuser/hw5_ws/src/install/turtle_joy/share/turtle_joy/package.ps1'
[6.329s] INFO:colcon.colcon_core.shell:Creating package descriptor '/home/vboxuser/hw5_ws/src/install/turtle_joy/share/turtle_joy/package.dsv'
[6.330s] INFO:colcon.colcon_core.shell:Creating package script '/home/vboxuser/hw5_ws/src/install/turtle_joy/share/turtle_joy/package.sh'
[6.330s] INFO:colcon.colcon_core.shell:Creating package script '/home/vboxuser/hw5_ws/src/install/turtle_joy/share/turtle_joy/package.bash'
[6.331s] INFO:colcon.colcon_core.shell:Creating package script '/home/vboxuser/hw5_ws/src/install/turtle_joy/share/turtle_joy/package.zsh'
[6.331s] Level 1:colcon.colcon_core.environment:create_file_with_runtime_dependencies(/home/vboxuser/hw5_ws/src/install/turtle_joy/share/colcon-core/packages/turtle_joy)
[6.333s] DEBUG:colcon.colcon_core.event_handler.log_command:Invoked command in '/home/vboxuser/hw5_ws/src/turtle_mover' returned '0': PYTHONPATH=/home/vboxuser/hw5_ws/src/build/turtle_mover/prefix_override:/home/vboxuser/hw5_ws/src/install/turtle_mover/lib/python3.10/site-packages:${PYTHONPATH} /usr/bin/python3 setup.py egg_info --egg-base ../build/turtle_mover build --build-base /home/vboxuser/hw5_ws/src/build/turtle_mover/build install --record /home/vboxuser/hw5_ws/src/build/turtle_mover/install.log --single-version-externally-managed
[6.359s] Level 1:colcon.colcon_core.environment:checking '/home/vboxuser/hw5_ws/src/install/turtle_mover' for CMake module files
[6.360s] Level 1:colcon.colcon_core.environment:checking '/home/vboxuser/hw5_ws/src/install/turtle_mover' for CMake config files
[6.361s] Level 1:colcon.colcon_core.environment:checking '/home/vboxuser/hw5_ws/src/install/turtle_mover/lib'
[6.361s] Level 1:colcon.colcon_core.environment:checking '/home/vboxuser/hw5_ws/src/install/turtle_mover/bin'
[6.361s] Level 1:colcon.colcon_core.environment:checking '/home/vboxuser/hw5_ws/src/install/turtle_mover/lib/pkgconfig/turtle_mover.pc'
[6.362s] Level 1:colcon.colcon_core.environment:checking '/home/vboxuser/hw5_ws/src/install/turtle_mover/lib/python3.10/site-packages'
[6.362s] Level 1:colcon.colcon_core.shell:create_environment_hook('turtle_mover', 'pythonpath')
[6.388s] INFO:colcon.colcon_core.shell:Creating environment hook '/home/vboxuser/hw5_ws/src/install/turtle_mover/share/turtle_mover/hook/pythonpath.ps1'
[6.389s] INFO:colcon.colcon_core.shell:Creating environment descriptor '/home/vboxuser/hw5_ws/src/install/turtle_mover/share/turtle_mover/hook/pythonpath.dsv'
[6.390s] INFO:colcon.colcon_core.shell:Creating environment hook '/home/vboxuser/hw5_ws/src/install/turtle_mover/share/turtle_mover/hook/pythonpath.sh'
[6.391s] Level 1:colcon.colcon_core.environment:checking '/home/vboxuser/hw5_ws/src/install/turtle_mover/bin'
[6.392s] Level 1:colcon.colcon_core.environment:create_environment_scripts_only(turtle_mover)
[6.414s] INFO:colcon.colcon_core.shell:Creating package script '/home/vboxuser/hw5_ws/src/install/turtle_mover/share/turtle_mover/package.ps1'
[6.415s] INFO:colcon.colcon_core.shell:Creating package descriptor '/home/vboxuser/hw5_ws/src/install/turtle_mover/share/turtle_mover/package.dsv'
[6.416s] INFO:colcon.colcon_core.shell:Creating package script '/home/vboxuser/hw5_ws/src/install/turtle_mover/share/turtle_mover/package.sh'
[6.416s] INFO:colcon.colcon_core.shell:Creating package script '/home/vboxuser/hw5_ws/src/install/turtle_mover/share/turtle_mover/package.bash'
[6.417s] INFO:colcon.colcon_core.shell:Creating package script '/home/vboxuser/hw5_ws/src/install/turtle_mover/share/turtle_mover/package.zsh'
[6.417s] Level 1:colcon.colcon_core.environment:create_file_with_runtime_dependencies(/home/vboxuser/hw5_ws/src/install/turtle_mover/share/colcon-core/packages/turtle_mover)
[6.422s] DEBUG:colcon.colcon_core.event_handler.log_command:Invoked command in '/home/vboxuser/hw5_ws/src/actions_py' returned '0': PYTHONPATH=/home/vboxuser/hw5_ws/src/build/actions_py/prefix_override:/home/vboxuser/hw5_ws/src/install/actions_py/lib/python3.10/site-packages:${PYTHONPATH} /usr/bin/python3 setup.py egg_info --egg-base ../build/actions_py build --build-base /home/vboxuser/hw5_ws/src/build/actions_py/build install --record /home/vboxuser/hw5_ws/src/build/actions_py/install.log --single-version-externally-managed
[6.444s] Level 1:colcon.colcon_core.environment:checking '/home/vboxuser/hw5_ws/src/install/actions_py' for CMake module files
[6.446s] Level 1:colcon.colcon_core.environment:checking '/home/vboxuser/hw5_ws/src/install/actions_py' for CMake config files
[6.448s] Level 1:colcon.colcon_core.environment:checking '/home/vboxuser/hw5_ws/src/install/actions_py/lib'
[6.448s] Level 1:colcon.colcon_core.environment:checking '/home/vboxuser/hw5_ws/src/install/actions_py/bin'
[6.448s] Level 1:colcon.colcon_core.environment:checking '/home/vboxuser/hw5_ws/src/install/actions_py/lib/pkgconfig/actions_py.pc'
[6.449s] Level 1:colcon.colcon_core.environment:checking '/home/vboxuser/hw5_ws/src/install/actions_py/lib/python3.10/site-packages'
[6.449s] Level 1:colcon.colcon_core.shell:create_environment_hook('actions_py', 'pythonpath')
[6.496s] INFO:colcon.colcon_core.shell:Creating environment hook '/home/vboxuser/hw5_ws/src/install/actions_py/share/actions_py/hook/pythonpath.ps1'
[6.509s] INFO:colcon.colcon_core.shell:Creating environment descriptor '/home/vboxuser/hw5_ws/src/install/actions_py/share/actions_py/hook/pythonpath.dsv'
[6.509s] INFO:colcon.colcon_core.shell:Creating environment hook '/home/vboxuser/hw5_ws/src/install/actions_py/share/actions_py/hook/pythonpath.sh'
[6.510s] Level 1:colcon.colcon_core.environment:checking '/home/vboxuser/hw5_ws/src/install/actions_py/bin'
[6.510s] Level 1:colcon.colcon_core.environment:create_environment_scripts_only(actions_py)
[6.547s] INFO:colcon.colcon_core.shell:Creating package script '/home/vboxuser/hw5_ws/src/install/actions_py/share/actions_py/package.ps1'
[6.552s] INFO:colcon.colcon_core.shell:Creating package descriptor '/home/vboxuser/hw5_ws/src/install/actions_py/share/actions_py/package.dsv'
[6.554s] INFO:colcon.colcon_core.shell:Creating package script '/home/vboxuser/hw5_ws/src/install/actions_py/share/actions_py/package.sh'
[6.579s] INFO:colcon.colcon_core.shell:Creating package script '/home/vboxuser/hw5_ws/src/install/actions_py/share/actions_py/package.bash'
[6.580s] INFO:colcon.colcon_core.shell:Creating package script '/home/vboxuser/hw5_ws/src/install/actions_py/share/actions_py/package.zsh'
[6.581s] Level 1:colcon.colcon_core.environment:create_file_with_runtime_dependencies(/home/vboxuser/hw5_ws/src/install/actions_py/share/colcon-core/packages/actions_py)
[7.143s] INFO:colcon.colcon_core.task.python.build:Building Python package in '/home/vboxuser/hw5_ws/src/turtle_run'
[7.178s] INFO:colcon.colcon_core.shell:Skip shell extension 'powershell' for command environment: Not usable outside of PowerShell
[7.178s] DEBUG:colcon.colcon_core.shell:Skip shell extension 'dsv' for command environment
[8.067s] DEBUG:colcon.colcon_core.event_handler.log_command:Invoking command in '/home/vboxuser/hw5_ws/src/turtle_run': PYTHONPATH=/home/vboxuser/hw5_ws/src/build/turtle_run/prefix_override:/home/vboxuser/hw5_ws/src/install/turtle_run/lib/python3.10/site-packages:${PYTHONPATH} /usr/bin/python3 setup.py egg_info --egg-base ../build/turtle_run build --build-base /home/vboxuser/hw5_ws/src/build/turtle_run/build install --record /home/vboxuser/hw5_ws/src/build/turtle_run/install.log --single-version-externally-managed
[8.646s] DEBUG:colcon.colcon_core.event_handler.log_command:Invoked command in '/home/vboxuser/hw5_ws/src/turtle_run' returned '0': PYTHONPATH=/home/vboxuser/hw5_ws/src/build/turtle_run/prefix_override:/home/vboxuser/hw5_ws/src/install/turtle_run/lib/python3.10/site-packages:${PYTHONPATH} /usr/bin/python3 setup.py egg_info --egg-base ../build/turtle_run build --build-base /home/vboxuser/hw5_ws/src/build/turtle_run/build install --record /home/vboxuser/hw5_ws/src/build/turtle_run/install.log --single-version-externally-managed
[8.669s] Level 1:colcon.colcon_core.environment:checking '/home/vboxuser/hw5_ws/src/install/turtle_run' for CMake module files
[8.669s] Level 1:colcon.colcon_core.environment:checking '/home/vboxuser/hw5_ws/src/install/turtle_run' for CMake config files
[8.670s] Level 1:colcon.colcon_core.environment:checking '/home/vboxuser/hw5_ws/src/install/turtle_run/lib'
[8.670s] Level 1:colcon.colcon_core.environment:checking '/home/vboxuser/hw5_ws/src/install/turtle_run/bin'
[8.670s] Level 1:colcon.colcon_core.environment:checking '/home/vboxuser/hw5_ws/src/install/turtle_run/lib/pkgconfig/turtle_run.pc'
[8.671s] Level 1:colcon.colcon_core.environment:checking '/home/vboxuser/hw5_ws/src/install/turtle_run/lib/python3.10/site-packages'
[8.671s] Level 1:colcon.colcon_core.shell:create_environment_hook('turtle_run', 'pythonpath')
[8.694s] INFO:colcon.colcon_core.shell:Creating environment hook '/home/vboxuser/hw5_ws/src/install/turtle_run/share/turtle_run/hook/pythonpath.ps1'
[8.694s] INFO:colcon.colcon_core.shell:Creating environment descriptor '/home/vboxuser/hw5_ws/src/install/turtle_run/share/turtle_run/hook/pythonpath.dsv'
[8.695s] INFO:colcon.colcon_core.shell:Creating environment hook '/home/vboxuser/hw5_ws/src/install/turtle_run/share/turtle_run/hook/pythonpath.sh'
[8.695s] Level 1:colcon.colcon_core.environment:checking '/home/vboxuser/hw5_ws/src/install/turtle_run/bin'
[8.695s] Level 1:colcon.colcon_core.environment:create_environment_scripts_only(turtle_run)
[8.723s] INFO:colcon.colcon_core.shell:Creating package script '/home/vboxuser/hw5_ws/src/install/turtle_run/share/turtle_run/package.ps1'
[8.724s] INFO:colcon.colcon_core.shell:Creating package descriptor '/home/vboxuser/hw5_ws/src/install/turtle_run/share/turtle_run/package.dsv'
[8.725s] INFO:colcon.colcon_core.shell:Creating package script '/home/vboxuser/hw5_ws/src/install/turtle_run/share/turtle_run/package.sh'
[8.726s] INFO:colcon.colcon_core.shell:Creating package script '/home/vboxuser/hw5_ws/src/install/turtle_run/share/turtle_run/package.bash'
[8.726s] INFO:colcon.colcon_core.shell:Creating package script '/home/vboxuser/hw5_ws/src/install/turtle_run/share/turtle_run/package.zsh'
[8.726s] Level 1:colcon.colcon_core.environment:create_file_with_runtime_dependencies(/home/vboxuser/hw5_ws/src/install/turtle_run/share/colcon-core/packages/turtle_run)
[8.727s] DEBUG:colcon.colcon_parallel_executor.executor.parallel:closing loop
[8.727s] DEBUG:colcon.colcon_parallel_executor.executor.parallel:loop closed
[8.727s] DEBUG:colcon.colcon_parallel_executor.executor.parallel:run_until_complete finished with '0'
[8.728s] DEBUG:colcon.colcon_core.event_reactor:joining thread
[8.783s] INFO:colcon.colcon_core.plugin_system:Skipping extension 'colcon_notification.desktop_notification.terminal_notifier': Not used on non-Darwin systems
[8.784s] INFO:colcon.colcon_core.plugin_system:Skipping extension 'colcon_notification.desktop_notification.win32': Not used on non-Windows systems
[8.784s] INFO:colcon.colcon_notification.desktop_notification:Sending desktop notification using 'notify2'
[8.816s] DEBUG:colcon.colcon_core.event_reactor:joined thread
[8.848s] INFO:colcon.colcon_core.shell:Creating prefix script '/home/vboxuser/hw5_ws/src/install/local_setup.ps1'
[8.854s] INFO:colcon.colcon_core.shell:Creating prefix util module '/home/vboxuser/hw5_ws/src/install/_local_setup_util_ps1.py'
[8.857s] INFO:colcon.colcon_core.shell:Creating prefix chain script '/home/vboxuser/hw5_ws/src/install/setup.ps1'
[8.887s] INFO:colcon.colcon_core.shell:Creating prefix script '/home/vboxuser/hw5_ws/src/install/local_setup.sh'
[8.888s] INFO:colcon.colcon_core.shell:Creating prefix util module '/home/vboxuser/hw5_ws/src/install/_local_setup_util_sh.py'
[8.888s] INFO:colcon.colcon_core.shell:Creating prefix chain script '/home/vboxuser/hw5_ws/src/install/setup.sh'
[8.919s] INFO:colcon.colcon_core.shell:Creating prefix script '/home/vboxuser/hw5_ws/src/install/local_setup.bash'
[8.920s] INFO:colcon.colcon_core.shell:Creating prefix chain script '/home/vboxuser/hw5_ws/src/install/setup.bash'
[8.958s] INFO:colcon.colcon_core.shell:Creating prefix script '/home/vboxuser/hw5_ws/src/install/local_setup.zsh'
[8.961s] INFO:colcon.colcon_core.shell:Creating prefix chain script '/home/vboxuser/hw5_ws/src/install/setup.zsh'
