[0.507s] Invoking command in '/home/vboxuser/hw5_ws/src/build/my_interfaces': CMAKE_PREFIX_PATH=${CMAKE_PREFIX_PATH}:/home/vboxuser/hw5_ws/install/turtle_run:/home/vboxuser/hw5_ws/install/turtle_mover:/home/vboxuser/hw5_ws/install/turtle_joy:/home/vboxuser/hw5_ws/install/actions_py:/opt/ros/humble /usr/bin/cmake --build /home/vboxuser/hw5_ws/src/build/my_interfaces -- -j6 -l6
[1.580s] -- Found ament_cmake: 1.3.6 (/opt/ros/humble/share/ament_cmake/cmake)
[1.580s] -- Found rosidl_default_generators: 1.2.0 (/opt/ros/humble/share/rosidl_default_generators/cmake)
[1.580s] -- Using all available rosidl_typesupport_c: rosidl_typesupport_fastrtps_c;rosidl_typesupport_introspection_c
[1.581s] -- Found rosidl_adapter: 3.1.5 (/opt/ros/humble/share/rosidl_adapter/cmake)
[1.581s] -- Using all available rosidl_typesupport_cpp: rosidl_typesupport_fastrtps_cpp;rosidl_typesupport_introspection_cpp
[1.581s] -- Configuring incomplete, errors occurred!
[1.581s] See also "/home/vboxuser/hw5_ws/src/build/my_interfaces/CMakeFiles/CMakeOutput.log".
[1.582s] [31mCMake Error at /opt/ros/humble/share/rosidl_adapter/cmake/rosidl_adapt_interfaces.cmake:59 (message):
[1.582s]   execute_process(/usr/bin/python3.10 -m rosidl_adapter --package-name
[1.583s]   my_interfaces --arguments-file
[1.583s]   /home/vboxuser/hw5_ws/src/build/my_interfaces/rosidl_adapter__arguments__my_interfaces.json
[1.583s]   --output-dir
[1.584s]   /home/vboxuser/hw5_ws/src/build/my_interfaces/rosidl_adapter/my_interfaces
[1.584s]   --output-file
[1.584s]   /home/vboxuser/hw5_ws/src/build/my_interfaces/rosidl_adapter/my_interfaces.idls)
[1.584s]   returned error code 1:
[1.584s] 
[1.584s]   Error processing 'string StartFlag' of 'my_interfaces/TurtleRun_Goal':
[1.585s]   ''StartFlag' is an invalid field name.  It should have the pattern
[1.585s]   '^(?!.*__)(?!.*_$)[a-z][a-z0-9_]*$''
[1.585s] 
[1.585s]   Traceback (most recent call last):
[1.585s] 
[1.585s]     File "/usr/lib/python3.10/runpy.py", line 196, in _run_module_as_main
[1.585s]       return _run_code(code, main_globals, None,
[1.585s]     File "/usr/lib/python3.10/runpy.py", line 86, in _run_code
[1.585s]       exec(code, run_globals)
[1.585s]     File "/opt/ros/humble/local/lib/python3.10/dist-packages/rosidl_adapter/__main__.py", line 19, in <module>
[1.585s]       sys.exit(main())
[1.585s]     File "/opt/ros/humble/local/lib/python3.10/dist-packages/rosidl_adapter/main.py", line 53, in main
[1.585s]       abs_idl_file = convert_to_idl(
[1.585s]     File "/opt/ros/humble/local/lib/python3.10/dist-packages/rosidl_adapter/__init__.py", line 29, in convert_to_idl
[1.585s]       return convert_action_to_idl(
[1.585s]     File "/opt/ros/humble/local/lib/python3.10/dist-packages/rosidl_adapter/action/__init__.py", line 28, in convert_action_to_idl
[1.586s]       action = parse_action_string(package_name, input_file.stem, content)
[1.586s]     File "/opt/ros/humble/local/lib/python3.10/dist-packages/rosidl_adapter/parser.py", line 902, in parse_action_string
[1.586s]       goal_message = parse_message_string(
[1.586s]     File "/opt/ros/humble/local/lib/python3.10/dist-packages/rosidl_adapter/parser.py", line 519, in parse_message_string
[1.586s]       fields.append(Field(
[1.586s]     File "/opt/ros/humble/local/lib/python3.10/dist-packages/rosidl_adapter/parser.py", line 354, in __init__
[1.586s]       raise NameError(
[1.586s] 
[1.586s]   NameError: 'StartFlag' is an invalid field name.  It should have the
[1.586s]   pattern '^(?!.*__)(?!.*_$)[a-z][a-z0-9_]*$'
[1.586s] 
[1.586s] Call Stack (most recent call first):
[1.586s]   /opt/ros/humble/share/rosidl_cmake/cmake/rosidl_generate_interfaces.cmake:130 (rosidl_adapt_interfaces)
[1.586s]   CMakeLists.txt:13 (rosidl_generate_interfaces)
[1.586s] 
[1.587s] [0m
[1.587s] gmake: *** [Makefile:747: cmake_check_build_system] Error 1
[2.097s] Invoked command in '/home/vboxuser/hw5_ws/src/build/my_interfaces' returned '2': CMAKE_PREFIX_PATH=${CMAKE_PREFIX_PATH}:/home/vboxuser/hw5_ws/install/turtle_run:/home/vboxuser/hw5_ws/install/turtle_mover:/home/vboxuser/hw5_ws/install/turtle_joy:/home/vboxuser/hw5_ws/install/actions_py:/opt/ros/humble /usr/bin/cmake --build /home/vboxuser/hw5_ws/src/build/my_interfaces -- -j6 -l6
