[2.542s] Invoking command in '/home/vboxuser/hw3_ws/src/q2': PYTHONPATH=/home/vboxuser/hw3_ws/build/q2/prefix_override:/home/vboxuser/hw3_ws/install/q2/lib/python3.10/site-packages:${PYTHONPATH} /usr/bin/python3 setup.py egg_info --egg-base ../../build/q2 build --build-base /home/vboxuser/hw3_ws/build/q2/build install --record /home/vboxuser/hw3_ws/build/q2/install.log --single-version-externally-managed
[2.915s] running egg_info
[2.916s] writing ../../build/q2/q2.egg-info/PKG-INFO
[2.916s] writing dependency_links to ../../build/q2/q2.egg-info/dependency_links.txt
[2.916s] writing entry points to ../../build/q2/q2.egg-info/entry_points.txt
[2.916s] writing requirements to ../../build/q2/q2.egg-info/requires.txt
[2.917s] writing top-level names to ../../build/q2/q2.egg-info/top_level.txt
[2.919s] reading manifest file '../../build/q2/q2.egg-info/SOURCES.txt'
[2.919s] adding license file 'LICENSE'
[2.920s] writing manifest file '../../build/q2/q2.egg-info/SOURCES.txt'
[2.920s] running build
[2.920s] running build_py
[2.920s] running install
[2.921s] running install_lib
[2.922s] running install_data
[2.924s] running install_egg_info
[2.925s] removing '/home/vboxuser/hw3_ws/install/q2/lib/python3.10/site-packages/q2-0.0.0-py3.10.egg-info' (and everything under it)
[2.926s] Copying ../../build/q2/q2.egg-info to /home/vboxuser/hw3_ws/install/q2/lib/python3.10/site-packages/q2-0.0.0-py3.10.egg-info
[2.926s] running install_scripts
[2.952s] Installing node_link script to /home/vboxuser/hw3_ws/install/q2/lib/q2
[2.952s] Installing node_link2 script to /home/vboxuser/hw3_ws/install/q2/lib/q2
[2.953s] writing list of installed files to '/home/vboxuser/hw3_ws/build/q2/install.log'
[2.994s] Invoked command in '/home/vboxuser/hw3_ws/src/q2' returned '0': PYTHONPATH=/home/vboxuser/hw3_ws/build/q2/prefix_override:/home/vboxuser/hw3_ws/install/q2/lib/python3.10/site-packages:${PYTHONPATH} /usr/bin/python3 setup.py egg_info --egg-base ../../build/q2 build --build-base /home/vboxuser/hw3_ws/build/q2/build install --record /home/vboxuser/hw3_ws/build/q2/install.log --single-version-externally-managed
